[2025-04-30T18:19:30.689+0000] {local_task_job_runner.py:123} INFO - ::group::Pre task execution logs
[2025-04-30T18:19:30.697+0000] {taskinstance.py:2613} INFO - Dependencies all met for dep_context=non-requeueable deps ti=<TaskInstance: retrain_on_drift.branch_drift manual__2025-04-30T18:19:23.725091+00:00 [queued]>
[2025-04-30T18:19:30.700+0000] {taskinstance.py:2613} INFO - Dependencies all met for dep_context=requeueable deps ti=<TaskInstance: retrain_on_drift.branch_drift manual__2025-04-30T18:19:23.725091+00:00 [queued]>
[2025-04-30T18:19:30.700+0000] {taskinstance.py:2866} INFO - Starting attempt 1 of 1
[2025-04-30T18:19:30.705+0000] {taskinstance.py:2889} INFO - Executing <Task(_BranchPythonDecoratedOperator): branch_drift> on 2025-04-30 18:19:23.725091+00:00
[2025-04-30T18:19:30.729+0000] {standard_task_runner.py:72} INFO - Started process 145 to run task
[2025-04-30T18:19:30.732+0000] {standard_task_runner.py:104} INFO - Running: ['***', 'tasks', 'run', 'retrain_on_drift', 'branch_drift', 'manual__2025-04-30T18:19:23.725091+00:00', '--job-id', '230', '--raw', '--subdir', 'DAGS_FOLDER/drift_retrain_dag.py', '--cfg-path', '/tmp/tmpu6l_lsv8']
[2025-04-30T18:19:30.733+0000] {standard_task_runner.py:105} INFO - Job 230: Subtask branch_drift
[2025-04-30T18:19:30.763+0000] {task_command.py:467} INFO - Running <TaskInstance: retrain_on_drift.branch_drift manual__2025-04-30T18:19:23.725091+00:00 [running]> on host 9ba56f2b6828
[2025-04-30T18:19:30.803+0000] {taskinstance.py:3132} INFO - Exporting env vars: AIRFLOW_CTX_DAG_OWNER='***' AIRFLOW_CTX_DAG_ID='retrain_on_drift' AIRFLOW_CTX_TASK_ID='branch_drift' AIRFLOW_CTX_EXECUTION_DATE='2025-04-30T18:19:23.725091+00:00' AIRFLOW_CTX_TRY_NUMBER='1' AIRFLOW_CTX_DAG_RUN_ID='manual__2025-04-30T18:19:23.725091+00:00'
[2025-04-30T18:19:30.804+0000] {logging_mixin.py:190} INFO - Task instance is in running state
[2025-04-30T18:19:30.804+0000] {logging_mixin.py:190} INFO -  Previous state of the Task instance: queued
[2025-04-30T18:19:30.804+0000] {logging_mixin.py:190} INFO - Current task name:branch_drift state:running start_date:2025-04-30 18:19:30.697316+00:00
[2025-04-30T18:19:30.805+0000] {logging_mixin.py:190} INFO - Dag name:retrain_on_drift and current dag run status:running
[2025-04-30T18:19:30.805+0000] {taskinstance.py:731} INFO - ::endgroup::
[2025-04-30T18:19:30.805+0000] {drift_retrain_dag.py:64} INFO - Starting drift check for version: v2
[2025-04-30T18:19:30.805+0000] {drift_retrain_dag.py:71} INFO - Baseline file: /opt/***/data/raw/v1/baseline.csv
[2025-04-30T18:19:30.805+0000] {drift_retrain_dag.py:72} INFO - New file:      /opt/***/data/raw/v2/latest.csv
[2025-04-30T18:19:33.071+0000] {drift_retrain_dag.py:77} INFO - Loaded baseline.csv: (259335, 23) in 2.27s
[2025-04-30T18:19:34.934+0000] {drift_retrain_dag.py:80} INFO - Loaded latest.csv:   (259335, 23) in 1.86s
[2025-04-30T18:19:35.060+0000] {drift_retrain_dag.py:86} INFO - Running DataDriftTable report…
[2025-04-30T18:19:35.163+0000] {warnings.py:110} WARNING - /home/***/.local/lib/python3.11/site-packages/scipy/stats/_stats_py.py:7335: RuntimeWarning: divide by zero encountered in divide
  terms = (f_obs - f_exp)**2 / f_exp

[2025-04-30T18:19:35.228+0000] {warnings.py:110} WARNING - /home/***/.local/lib/python3.11/site-packages/scipy/stats/_stats_py.py:7335: RuntimeWarning: divide by zero encountered in divide
  terms = (f_obs - f_exp)**2 / f_exp

[2025-04-30T18:19:35.287+0000] {warnings.py:110} WARNING - /home/***/.local/lib/python3.11/site-packages/scipy/stats/_stats_py.py:7335: RuntimeWarning: divide by zero encountered in divide
  terms = (f_obs - f_exp)**2 / f_exp

[2025-04-30T18:19:35.304+0000] {warnings.py:110} WARNING - /home/***/.local/lib/python3.11/site-packages/scipy/stats/_stats_py.py:7335: RuntimeWarning: divide by zero encountered in divide
  terms = (f_obs - f_exp)**2 / f_exp

[2025-04-30T18:19:35.329+0000] {warnings.py:110} WARNING - /home/***/.local/lib/python3.11/site-packages/scipy/stats/_stats_py.py:7335: RuntimeWarning: divide by zero encountered in divide
  terms = (f_obs - f_exp)**2 / f_exp

[2025-04-30T18:19:35.355+0000] {warnings.py:110} WARNING - /home/***/.local/lib/python3.11/site-packages/scipy/stats/_stats_py.py:7335: RuntimeWarning: divide by zero encountered in divide
  terms = (f_obs - f_exp)**2 / f_exp

[2025-04-30T18:19:35.401+0000] {warnings.py:110} WARNING - /home/***/.local/lib/python3.11/site-packages/scipy/stats/_stats_py.py:7335: RuntimeWarning: divide by zero encountered in divide
  terms = (f_obs - f_exp)**2 / f_exp

[2025-04-30T18:19:35.465+0000] {warnings.py:110} WARNING - /home/***/.local/lib/python3.11/site-packages/scipy/stats/_stats_py.py:7335: RuntimeWarning: divide by zero encountered in divide
  terms = (f_obs - f_exp)**2 / f_exp

[2025-04-30T18:19:35.847+0000] {warnings.py:110} WARNING - /home/***/.local/lib/python3.11/site-packages/scipy/stats/_stats_py.py:7335: RuntimeWarning: divide by zero encountered in divide
  terms = (f_obs - f_exp)**2 / f_exp

[2025-04-30T18:19:36.203+0000] {drift_retrain_dag.py:90} INFO - DataDriftTable computation took 1.14s
[2025-04-30T18:19:36.205+0000] {drift_retrain_dag.py:95} INFO - Drift detected; branching to merge_datasets
[2025-04-30T18:19:36.207+0000] {python.py:240} INFO - Done. Returned value was: merge_datasets
[2025-04-30T18:19:36.208+0000] {branch.py:38} INFO - Branch into merge_datasets
[2025-04-30T18:19:36.208+0000] {skipmixin.py:230} INFO - Following branch ('merge_datasets',)
[2025-04-30T18:19:36.216+0000] {skipmixin.py:278} INFO - Skipping tasks [('no_drift', -1)]
[2025-04-30T18:19:36.229+0000] {taskinstance.py:340} INFO - ::group::Post task execution logs
[2025-04-30T18:19:36.230+0000] {taskinstance.py:352} INFO - Marking task as SUCCESS. dag_id=retrain_on_drift, task_id=branch_drift, run_id=manual__2025-04-30T18:19:23.725091+00:00, execution_date=20250430T181923, start_date=20250430T181930, end_date=20250430T181936
[2025-04-30T18:19:36.234+0000] {logging_mixin.py:190} INFO - Task instance in success state
[2025-04-30T18:19:36.234+0000] {logging_mixin.py:190} INFO -  Previous state of the Task instance: running
[2025-04-30T18:19:36.234+0000] {logging_mixin.py:190} INFO - Dag name:retrain_on_drift queued_at:2025-04-30 18:19:23.749978+00:00
[2025-04-30T18:19:36.235+0000] {logging_mixin.py:190} INFO - Task hostname:9ba56f2b6828 operator:_BranchPythonDecoratedOperator
[2025-04-30T18:19:36.247+0000] {local_task_job_runner.py:266} INFO - Task exited with return code 0
[2025-04-30T18:19:36.266+0000] {taskinstance.py:3895} INFO - 1 downstream tasks scheduled from follow-on schedule check
[2025-04-30T18:19:36.267+0000] {local_task_job_runner.py:245} INFO - ::endgroup::
