[2025-04-30T20:04:03.372+0000] {local_task_job_runner.py:123} INFO - ::group::Pre task execution logs
[2025-04-30T20:04:03.387+0000] {taskinstance.py:2613} INFO - Dependencies all met for dep_context=non-requeueable deps ti=<TaskInstance: retrain_on_drift.featurize manual__2025-04-30T20:03:33.245974+00:00 [queued]>
[2025-04-30T20:04:03.391+0000] {taskinstance.py:2613} INFO - Dependencies all met for dep_context=requeueable deps ti=<TaskInstance: retrain_on_drift.featurize manual__2025-04-30T20:03:33.245974+00:00 [queued]>
[2025-04-30T20:04:03.391+0000] {taskinstance.py:2866} INFO - Starting attempt 1 of 1
[2025-04-30T20:04:03.399+0000] {taskinstance.py:2889} INFO - Executing <Task(BashOperator): featurize> on 2025-04-30 20:03:33.245974+00:00
[2025-04-30T20:04:03.427+0000] {standard_task_runner.py:72} INFO - Started process 879 to run task
[2025-04-30T20:04:03.432+0000] {standard_task_runner.py:104} INFO - Running: ['***', 'tasks', 'run', 'retrain_on_drift', 'featurize', 'manual__2025-04-30T20:03:33.245974+00:00', '--job-id', '249', '--raw', '--subdir', 'DAGS_FOLDER/drift_retrain_dag.py', '--cfg-path', '/tmp/tmpdeoq03v1']
[2025-04-30T20:04:03.433+0000] {standard_task_runner.py:105} INFO - Job 249: Subtask featurize
[2025-04-30T20:04:03.469+0000] {task_command.py:467} INFO - Running <TaskInstance: retrain_on_drift.featurize manual__2025-04-30T20:03:33.245974+00:00 [running]> on host 3ca66a66642a
[2025-04-30T20:04:03.521+0000] {taskinstance.py:3132} INFO - Exporting env vars: AIRFLOW_CTX_DAG_OWNER='***' AIRFLOW_CTX_DAG_ID='retrain_on_drift' AIRFLOW_CTX_TASK_ID='featurize' AIRFLOW_CTX_EXECUTION_DATE='2025-04-30T20:03:33.245974+00:00' AIRFLOW_CTX_TRY_NUMBER='1' AIRFLOW_CTX_DAG_RUN_ID='manual__2025-04-30T20:03:33.245974+00:00'
[2025-04-30T20:04:03.524+0000] {logging_mixin.py:190} INFO - Task instance is in running state
[2025-04-30T20:04:03.525+0000] {logging_mixin.py:190} INFO -  Previous state of the Task instance: queued
[2025-04-30T20:04:03.527+0000] {logging_mixin.py:190} INFO - Current task name:featurize state:running start_date:2025-04-30 20:04:03.387773+00:00
[2025-04-30T20:04:03.528+0000] {logging_mixin.py:190} INFO - Dag name:retrain_on_drift and current dag run status:running
[2025-04-30T20:04:03.529+0000] {taskinstance.py:731} INFO - ::endgroup::
[2025-04-30T20:04:03.531+0000] {subprocess.py:78} INFO - Tmp dir root location: /tmp
[2025-04-30T20:04:03.534+0000] {subprocess.py:88} INFO - Running command: ['/usr/bin/bash', '-c', 'python /opt/***/scripts/featurize.py /opt/***/data/merged/current.csv /opt/***/data/processed/train.parquet']
[2025-04-30T20:04:03.546+0000] {subprocess.py:99} INFO - Output:
[2025-04-30T20:04:07.656+0000] {subprocess.py:106} INFO - Featurization complete: 518,670 rows, 45 columns – saved → /opt/***/data/processed/train.parquet
[2025-04-30T20:04:07.766+0000] {subprocess.py:110} INFO - Command exited with return code 0
[2025-04-30T20:04:07.808+0000] {taskinstance.py:340} INFO - ::group::Post task execution logs
[2025-04-30T20:04:07.808+0000] {taskinstance.py:352} INFO - Marking task as SUCCESS. dag_id=retrain_on_drift, task_id=featurize, run_id=manual__2025-04-30T20:03:33.245974+00:00, execution_date=20250430T200333, start_date=20250430T200403, end_date=20250430T200407
[2025-04-30T20:04:07.816+0000] {logging_mixin.py:190} INFO - Task instance in success state
[2025-04-30T20:04:07.816+0000] {logging_mixin.py:190} INFO -  Previous state of the Task instance: running
[2025-04-30T20:04:07.816+0000] {logging_mixin.py:190} INFO - Dag name:retrain_on_drift queued_at:2025-04-30 20:03:33.283814+00:00
[2025-04-30T20:04:07.816+0000] {logging_mixin.py:190} INFO - Task hostname:3ca66a66642a operator:BashOperator
[2025-04-30T20:04:07.869+0000] {local_task_job_runner.py:266} INFO - Task exited with return code 0
[2025-04-30T20:04:07.905+0000] {taskinstance.py:3895} INFO - 1 downstream tasks scheduled from follow-on schedule check
[2025-04-30T20:04:07.906+0000] {local_task_job_runner.py:245} INFO - ::endgroup::
