[2025-04-30T20:00:22.841+0000] {local_task_job_runner.py:123} INFO - ::group::Pre task execution logs
[2025-04-30T20:00:22.852+0000] {taskinstance.py:2613} INFO - Dependencies all met for dep_context=non-requeueable deps ti=<TaskInstance: retrain_on_drift.featurize manual__2025-04-30T19:59:44.652608+00:00 [queued]>
[2025-04-30T20:00:22.857+0000] {taskinstance.py:2613} INFO - Dependencies all met for dep_context=requeueable deps ti=<TaskInstance: retrain_on_drift.featurize manual__2025-04-30T19:59:44.652608+00:00 [queued]>
[2025-04-30T20:00:22.857+0000] {taskinstance.py:2866} INFO - Starting attempt 1 of 1
[2025-04-30T20:00:22.864+0000] {taskinstance.py:2889} INFO - Executing <Task(BashOperator): featurize> on 2025-04-30 19:59:44.652608+00:00
[2025-04-30T20:00:22.902+0000] {standard_task_runner.py:104} INFO - Running: ['***', 'tasks', 'run', 'retrain_on_drift', 'featurize', 'manual__2025-04-30T19:59:44.652608+00:00', '--job-id', '244', '--raw', '--subdir', 'DAGS_FOLDER/drift_retrain_dag.py', '--cfg-path', '/tmp/tmp54bledhj']
[2025-04-30T20:00:22.898+0000] {standard_task_runner.py:72} INFO - Started process 708 to run task
[2025-04-30T20:00:22.903+0000] {standard_task_runner.py:105} INFO - Job 244: Subtask featurize
[2025-04-30T20:00:22.942+0000] {task_command.py:467} INFO - Running <TaskInstance: retrain_on_drift.featurize manual__2025-04-30T19:59:44.652608+00:00 [running]> on host 3ca66a66642a
[2025-04-30T20:00:23.036+0000] {taskinstance.py:3132} INFO - Exporting env vars: AIRFLOW_CTX_DAG_OWNER='***' AIRFLOW_CTX_DAG_ID='retrain_on_drift' AIRFLOW_CTX_TASK_ID='featurize' AIRFLOW_CTX_EXECUTION_DATE='2025-04-30T19:59:44.652608+00:00' AIRFLOW_CTX_TRY_NUMBER='1' AIRFLOW_CTX_DAG_RUN_ID='manual__2025-04-30T19:59:44.652608+00:00'
[2025-04-30T20:00:23.037+0000] {logging_mixin.py:190} INFO - Task instance is in running state
[2025-04-30T20:00:23.037+0000] {logging_mixin.py:190} INFO -  Previous state of the Task instance: queued
[2025-04-30T20:00:23.038+0000] {logging_mixin.py:190} INFO - Current task name:featurize state:running start_date:2025-04-30 20:00:22.853349+00:00
[2025-04-30T20:00:23.038+0000] {logging_mixin.py:190} INFO - Dag name:retrain_on_drift and current dag run status:running
[2025-04-30T20:00:23.038+0000] {taskinstance.py:731} INFO - ::endgroup::
[2025-04-30T20:00:23.039+0000] {subprocess.py:78} INFO - Tmp dir root location: /tmp
[2025-04-30T20:00:23.040+0000] {subprocess.py:88} INFO - Running command: ['/usr/bin/bash', '-c', 'python /opt/***/scripts/featurize.py /opt/***/data/merged/current.csv /opt/***/data/processed/train.parquet']
[2025-04-30T20:00:23.058+0000] {subprocess.py:99} INFO - Output:
[2025-04-30T20:00:28.394+0000] {subprocess.py:106} INFO - Featurization complete: 518,670 rows, 45 columns – saved → /opt/***/data/processed/train.parquet
[2025-04-30T20:00:28.473+0000] {subprocess.py:110} INFO - Command exited with return code 0
[2025-04-30T20:00:28.522+0000] {taskinstance.py:340} INFO - ::group::Post task execution logs
[2025-04-30T20:00:28.523+0000] {taskinstance.py:352} INFO - Marking task as SUCCESS. dag_id=retrain_on_drift, task_id=featurize, run_id=manual__2025-04-30T19:59:44.652608+00:00, execution_date=20250430T195944, start_date=20250430T200022, end_date=20250430T200028
[2025-04-30T20:00:28.532+0000] {logging_mixin.py:190} INFO - Task instance in success state
[2025-04-30T20:00:28.533+0000] {logging_mixin.py:190} INFO -  Previous state of the Task instance: running
[2025-04-30T20:00:28.533+0000] {logging_mixin.py:190} INFO - Dag name:retrain_on_drift queued_at:2025-04-30 19:59:44.677474+00:00
[2025-04-30T20:00:28.533+0000] {logging_mixin.py:190} INFO - Task hostname:3ca66a66642a operator:BashOperator
[2025-04-30T20:00:28.593+0000] {local_task_job_runner.py:266} INFO - Task exited with return code 0
[2025-04-30T20:00:28.619+0000] {taskinstance.py:3895} INFO - 1 downstream tasks scheduled from follow-on schedule check
[2025-04-30T20:00:28.619+0000] {local_task_job_runner.py:245} INFO - ::endgroup::
