[2025-05-01T10:02:40.141+0000] {processor.py:186} INFO - Started process (PID=80) to work on /opt/airflow/dags/ingestion_dag.py
[2025-05-01T10:02:40.142+0000] {processor.py:914} INFO - Processing file /opt/airflow/dags/ingestion_dag.py for tasks to queue
[2025-05-01T10:02:40.146+0000] {logging_mixin.py:190} INFO - [2025-05-01T10:02:40.145+0000] {dagbag.py:588} INFO - Filling up the DagBag from /opt/airflow/dags/ingestion_dag.py
[2025-05-01T10:02:40.158+0000] {processor.py:925} INFO - DAG(s) 'ingestion' retrieved from /opt/airflow/dags/ingestion_dag.py
[2025-05-01T10:02:40.211+0000] {logging_mixin.py:190} INFO - [2025-05-01T10:02:40.211+0000] {dag.py:3239} INFO - Sync 1 DAGs
[2025-05-01T10:02:40.242+0000] {logging_mixin.py:190} INFO - [2025-05-01T10:02:40.242+0000] {dag.py:4180} INFO - Setting next_dagrun for ingestion to 2025-05-01 00:00:00+00:00, run_after=2025-05-01 06:00:00+00:00
[2025-05-01T10:02:40.263+0000] {processor.py:208} INFO - Processing /opt/airflow/dags/ingestion_dag.py took 0.130 seconds
[2025-05-01T10:03:10.427+0000] {processor.py:186} INFO - Started process (PID=152) to work on /opt/airflow/dags/ingestion_dag.py
[2025-05-01T10:03:10.430+0000] {processor.py:914} INFO - Processing file /opt/airflow/dags/ingestion_dag.py for tasks to queue
[2025-05-01T10:03:10.439+0000] {logging_mixin.py:190} INFO - [2025-05-01T10:03:10.438+0000] {dagbag.py:588} INFO - Filling up the DagBag from /opt/airflow/dags/ingestion_dag.py
[2025-05-01T10:03:10.461+0000] {processor.py:925} INFO - DAG(s) 'ingestion' retrieved from /opt/airflow/dags/ingestion_dag.py
[2025-05-01T10:03:10.496+0000] {logging_mixin.py:190} INFO - [2025-05-01T10:03:10.496+0000] {dag.py:3239} INFO - Sync 1 DAGs
[2025-05-01T10:03:10.528+0000] {logging_mixin.py:190} INFO - [2025-05-01T10:03:10.528+0000] {dag.py:4180} INFO - Setting next_dagrun for ingestion to 2025-05-01 00:00:00+00:00, run_after=2025-05-01 06:00:00+00:00
[2025-05-01T10:03:10.543+0000] {processor.py:208} INFO - Processing /opt/airflow/dags/ingestion_dag.py took 0.129 seconds
[2025-05-01T10:03:41.351+0000] {processor.py:186} INFO - Started process (PID=225) to work on /opt/airflow/dags/ingestion_dag.py
[2025-05-01T10:03:41.354+0000] {processor.py:914} INFO - Processing file /opt/airflow/dags/ingestion_dag.py for tasks to queue
[2025-05-01T10:03:41.359+0000] {logging_mixin.py:190} INFO - [2025-05-01T10:03:41.359+0000] {dagbag.py:588} INFO - Filling up the DagBag from /opt/airflow/dags/ingestion_dag.py
[2025-05-01T10:03:41.378+0000] {processor.py:925} INFO - DAG(s) 'ingestion' retrieved from /opt/airflow/dags/ingestion_dag.py
[2025-05-01T10:03:41.398+0000] {logging_mixin.py:190} INFO - [2025-05-01T10:03:41.398+0000] {dag.py:3239} INFO - Sync 1 DAGs
[2025-05-01T10:03:41.412+0000] {logging_mixin.py:190} INFO - [2025-05-01T10:03:41.412+0000] {dag.py:4180} INFO - Setting next_dagrun for ingestion to 2025-05-01 00:00:00+00:00, run_after=2025-05-01 06:00:00+00:00
[2025-05-01T10:03:41.424+0000] {processor.py:208} INFO - Processing /opt/airflow/dags/ingestion_dag.py took 0.083 seconds
[2025-05-01T10:04:11.991+0000] {processor.py:186} INFO - Started process (PID=298) to work on /opt/airflow/dags/ingestion_dag.py
[2025-05-01T10:04:12.001+0000] {processor.py:914} INFO - Processing file /opt/airflow/dags/ingestion_dag.py for tasks to queue
[2025-05-01T10:04:12.018+0000] {logging_mixin.py:190} INFO - [2025-05-01T10:04:12.018+0000] {dagbag.py:588} INFO - Filling up the DagBag from /opt/airflow/dags/ingestion_dag.py
[2025-05-01T10:04:12.065+0000] {processor.py:925} INFO - DAG(s) 'ingestion' retrieved from /opt/airflow/dags/ingestion_dag.py
[2025-05-01T10:04:12.138+0000] {logging_mixin.py:190} INFO - [2025-05-01T10:04:12.138+0000] {dag.py:3239} INFO - Sync 1 DAGs
[2025-05-01T10:04:12.271+0000] {logging_mixin.py:190} INFO - [2025-05-01T10:04:12.271+0000] {dag.py:4180} INFO - Setting next_dagrun for ingestion to 2025-05-01 00:00:00+00:00, run_after=2025-05-01 06:00:00+00:00
[2025-05-01T10:04:12.294+0000] {processor.py:208} INFO - Processing /opt/airflow/dags/ingestion_dag.py took 0.365 seconds
[2025-05-01T10:04:42.436+0000] {processor.py:186} INFO - Started process (PID=370) to work on /opt/airflow/dags/ingestion_dag.py
[2025-05-01T10:04:42.438+0000] {processor.py:914} INFO - Processing file /opt/airflow/dags/ingestion_dag.py for tasks to queue
[2025-05-01T10:04:42.455+0000] {logging_mixin.py:190} INFO - [2025-05-01T10:04:42.454+0000] {dagbag.py:588} INFO - Filling up the DagBag from /opt/airflow/dags/ingestion_dag.py
[2025-05-01T10:04:42.549+0000] {processor.py:925} INFO - DAG(s) 'ingestion' retrieved from /opt/airflow/dags/ingestion_dag.py
[2025-05-01T10:04:42.678+0000] {logging_mixin.py:190} INFO - [2025-05-01T10:04:42.678+0000] {dag.py:3239} INFO - Sync 1 DAGs
[2025-05-01T10:04:42.883+0000] {logging_mixin.py:190} INFO - [2025-05-01T10:04:42.883+0000] {dag.py:4180} INFO - Setting next_dagrun for ingestion to 2025-05-01 00:00:00+00:00, run_after=2025-05-01 06:00:00+00:00
[2025-05-01T10:04:42.975+0000] {processor.py:208} INFO - Processing /opt/airflow/dags/ingestion_dag.py took 0.571 seconds
[2025-05-01T10:05:13.431+0000] {processor.py:186} INFO - Started process (PID=444) to work on /opt/airflow/dags/ingestion_dag.py
[2025-05-01T10:05:13.434+0000] {processor.py:914} INFO - Processing file /opt/airflow/dags/ingestion_dag.py for tasks to queue
[2025-05-01T10:05:13.438+0000] {logging_mixin.py:190} INFO - [2025-05-01T10:05:13.438+0000] {dagbag.py:588} INFO - Filling up the DagBag from /opt/airflow/dags/ingestion_dag.py
[2025-05-01T10:05:13.455+0000] {processor.py:925} INFO - DAG(s) 'ingestion' retrieved from /opt/airflow/dags/ingestion_dag.py
[2025-05-01T10:05:13.491+0000] {logging_mixin.py:190} INFO - [2025-05-01T10:05:13.491+0000] {dag.py:3239} INFO - Sync 1 DAGs
[2025-05-01T10:05:13.521+0000] {logging_mixin.py:190} INFO - [2025-05-01T10:05:13.521+0000] {dag.py:4180} INFO - Setting next_dagrun for ingestion to 2025-05-01 00:00:00+00:00, run_after=2025-05-01 06:00:00+00:00
[2025-05-01T10:05:13.543+0000] {processor.py:208} INFO - Processing /opt/airflow/dags/ingestion_dag.py took 0.126 seconds
[2025-05-01T10:05:44.162+0000] {processor.py:186} INFO - Started process (PID=523) to work on /opt/airflow/dags/ingestion_dag.py
[2025-05-01T10:05:44.170+0000] {processor.py:914} INFO - Processing file /opt/airflow/dags/ingestion_dag.py for tasks to queue
[2025-05-01T10:05:44.206+0000] {logging_mixin.py:190} INFO - [2025-05-01T10:05:44.201+0000] {dagbag.py:588} INFO - Filling up the DagBag from /opt/airflow/dags/ingestion_dag.py
[2025-05-01T10:05:44.249+0000] {processor.py:925} INFO - DAG(s) 'ingestion' retrieved from /opt/airflow/dags/ingestion_dag.py
[2025-05-01T10:05:44.362+0000] {logging_mixin.py:190} INFO - [2025-05-01T10:05:44.361+0000] {dag.py:3239} INFO - Sync 1 DAGs
[2025-05-01T10:05:44.458+0000] {logging_mixin.py:190} INFO - [2025-05-01T10:05:44.457+0000] {dag.py:4180} INFO - Setting next_dagrun for ingestion to 2025-05-01 00:00:00+00:00, run_after=2025-05-01 06:00:00+00:00
[2025-05-01T10:05:44.510+0000] {processor.py:208} INFO - Processing /opt/airflow/dags/ingestion_dag.py took 0.382 seconds
[2025-05-01T10:06:14.632+0000] {processor.py:186} INFO - Started process (PID=596) to work on /opt/airflow/dags/ingestion_dag.py
[2025-05-01T10:06:14.634+0000] {processor.py:914} INFO - Processing file /opt/airflow/dags/ingestion_dag.py for tasks to queue
[2025-05-01T10:06:14.647+0000] {logging_mixin.py:190} INFO - [2025-05-01T10:06:14.646+0000] {dagbag.py:588} INFO - Filling up the DagBag from /opt/airflow/dags/ingestion_dag.py
[2025-05-01T10:06:14.689+0000] {processor.py:925} INFO - DAG(s) 'ingestion' retrieved from /opt/airflow/dags/ingestion_dag.py
[2025-05-01T10:06:14.728+0000] {logging_mixin.py:190} INFO - [2025-05-01T10:06:14.728+0000] {dag.py:3239} INFO - Sync 1 DAGs
[2025-05-01T10:06:14.769+0000] {logging_mixin.py:190} INFO - [2025-05-01T10:06:14.769+0000] {dag.py:4180} INFO - Setting next_dagrun for ingestion to 2025-05-01 00:00:00+00:00, run_after=2025-05-01 06:00:00+00:00
[2025-05-01T10:06:14.825+0000] {processor.py:208} INFO - Processing /opt/airflow/dags/ingestion_dag.py took 0.207 seconds
[2025-05-01T10:06:45.229+0000] {processor.py:186} INFO - Started process (PID=669) to work on /opt/airflow/dags/ingestion_dag.py
[2025-05-01T10:06:45.234+0000] {processor.py:914} INFO - Processing file /opt/airflow/dags/ingestion_dag.py for tasks to queue
[2025-05-01T10:06:45.241+0000] {logging_mixin.py:190} INFO - [2025-05-01T10:06:45.240+0000] {dagbag.py:588} INFO - Filling up the DagBag from /opt/airflow/dags/ingestion_dag.py
[2025-05-01T10:06:45.304+0000] {processor.py:925} INFO - DAG(s) 'ingestion' retrieved from /opt/airflow/dags/ingestion_dag.py
[2025-05-01T10:06:45.365+0000] {logging_mixin.py:190} INFO - [2025-05-01T10:06:45.365+0000] {dag.py:3239} INFO - Sync 1 DAGs
[2025-05-01T10:06:45.427+0000] {logging_mixin.py:190} INFO - [2025-05-01T10:06:45.427+0000] {dag.py:4180} INFO - Setting next_dagrun for ingestion to 2025-05-01 00:00:00+00:00, run_after=2025-05-01 06:00:00+00:00
[2025-05-01T10:06:45.452+0000] {processor.py:208} INFO - Processing /opt/airflow/dags/ingestion_dag.py took 0.251 seconds
[2025-05-01T10:07:15.765+0000] {processor.py:186} INFO - Started process (PID=742) to work on /opt/airflow/dags/ingestion_dag.py
[2025-05-01T10:07:15.766+0000] {processor.py:914} INFO - Processing file /opt/airflow/dags/ingestion_dag.py for tasks to queue
[2025-05-01T10:07:15.774+0000] {logging_mixin.py:190} INFO - [2025-05-01T10:07:15.773+0000] {dagbag.py:588} INFO - Filling up the DagBag from /opt/airflow/dags/ingestion_dag.py
[2025-05-01T10:07:15.799+0000] {processor.py:925} INFO - DAG(s) 'ingestion' retrieved from /opt/airflow/dags/ingestion_dag.py
[2025-05-01T10:07:15.844+0000] {logging_mixin.py:190} INFO - [2025-05-01T10:07:15.844+0000] {dag.py:3239} INFO - Sync 1 DAGs
[2025-05-01T10:07:15.871+0000] {logging_mixin.py:190} INFO - [2025-05-01T10:07:15.871+0000] {dag.py:4180} INFO - Setting next_dagrun for ingestion to 2025-05-01 00:00:00+00:00, run_after=2025-05-01 06:00:00+00:00
[2025-05-01T10:07:15.889+0000] {processor.py:208} INFO - Processing /opt/airflow/dags/ingestion_dag.py took 0.139 seconds
[2025-05-01T10:07:46.135+0000] {processor.py:186} INFO - Started process (PID=815) to work on /opt/airflow/dags/ingestion_dag.py
[2025-05-01T10:07:46.137+0000] {processor.py:914} INFO - Processing file /opt/airflow/dags/ingestion_dag.py for tasks to queue
[2025-05-01T10:07:46.142+0000] {logging_mixin.py:190} INFO - [2025-05-01T10:07:46.142+0000] {dagbag.py:588} INFO - Filling up the DagBag from /opt/airflow/dags/ingestion_dag.py
[2025-05-01T10:07:46.157+0000] {processor.py:925} INFO - DAG(s) 'ingestion' retrieved from /opt/airflow/dags/ingestion_dag.py
[2025-05-01T10:07:46.180+0000] {logging_mixin.py:190} INFO - [2025-05-01T10:07:46.180+0000] {dag.py:3239} INFO - Sync 1 DAGs
[2025-05-01T10:07:46.198+0000] {logging_mixin.py:190} INFO - [2025-05-01T10:07:46.198+0000] {dag.py:4180} INFO - Setting next_dagrun for ingestion to 2025-05-01 00:00:00+00:00, run_after=2025-05-01 06:00:00+00:00
[2025-05-01T10:07:46.210+0000] {processor.py:208} INFO - Processing /opt/airflow/dags/ingestion_dag.py took 0.086 seconds
[2025-05-01T10:08:16.531+0000] {processor.py:186} INFO - Started process (PID=888) to work on /opt/airflow/dags/ingestion_dag.py
[2025-05-01T10:08:16.534+0000] {processor.py:914} INFO - Processing file /opt/airflow/dags/ingestion_dag.py for tasks to queue
[2025-05-01T10:08:16.543+0000] {logging_mixin.py:190} INFO - [2025-05-01T10:08:16.542+0000] {dagbag.py:588} INFO - Filling up the DagBag from /opt/airflow/dags/ingestion_dag.py
[2025-05-01T10:08:16.574+0000] {processor.py:925} INFO - DAG(s) 'ingestion' retrieved from /opt/airflow/dags/ingestion_dag.py
[2025-05-01T10:08:16.613+0000] {logging_mixin.py:190} INFO - [2025-05-01T10:08:16.612+0000] {dag.py:3239} INFO - Sync 1 DAGs
[2025-05-01T10:08:16.646+0000] {logging_mixin.py:190} INFO - [2025-05-01T10:08:16.646+0000] {dag.py:4180} INFO - Setting next_dagrun for ingestion to 2025-05-01 00:00:00+00:00, run_after=2025-05-01 06:00:00+00:00
[2025-05-01T10:08:16.663+0000] {processor.py:208} INFO - Processing /opt/airflow/dags/ingestion_dag.py took 0.152 seconds
[2025-05-01T10:08:47.631+0000] {processor.py:186} INFO - Started process (PID=960) to work on /opt/airflow/dags/ingestion_dag.py
[2025-05-01T10:08:47.637+0000] {processor.py:914} INFO - Processing file /opt/airflow/dags/ingestion_dag.py for tasks to queue
[2025-05-01T10:08:47.642+0000] {logging_mixin.py:190} INFO - [2025-05-01T10:08:47.641+0000] {dagbag.py:588} INFO - Filling up the DagBag from /opt/airflow/dags/ingestion_dag.py
[2025-05-01T10:08:47.669+0000] {processor.py:925} INFO - DAG(s) 'ingestion' retrieved from /opt/airflow/dags/ingestion_dag.py
[2025-05-01T10:08:47.709+0000] {logging_mixin.py:190} INFO - [2025-05-01T10:08:47.709+0000] {dag.py:3239} INFO - Sync 1 DAGs
[2025-05-01T10:08:47.734+0000] {logging_mixin.py:190} INFO - [2025-05-01T10:08:47.733+0000] {dag.py:4180} INFO - Setting next_dagrun for ingestion to 2025-05-01 00:00:00+00:00, run_after=2025-05-01 06:00:00+00:00
[2025-05-01T10:08:47.749+0000] {processor.py:208} INFO - Processing /opt/airflow/dags/ingestion_dag.py took 0.129 seconds
[2025-05-01T10:09:18.009+0000] {processor.py:186} INFO - Started process (PID=1033) to work on /opt/airflow/dags/ingestion_dag.py
[2025-05-01T10:09:18.010+0000] {processor.py:914} INFO - Processing file /opt/airflow/dags/ingestion_dag.py for tasks to queue
[2025-05-01T10:09:18.012+0000] {logging_mixin.py:190} INFO - [2025-05-01T10:09:18.012+0000] {dagbag.py:588} INFO - Filling up the DagBag from /opt/airflow/dags/ingestion_dag.py
[2025-05-01T10:09:18.028+0000] {processor.py:925} INFO - DAG(s) 'ingestion' retrieved from /opt/airflow/dags/ingestion_dag.py
[2025-05-01T10:09:18.042+0000] {logging_mixin.py:190} INFO - [2025-05-01T10:09:18.042+0000] {dag.py:3239} INFO - Sync 1 DAGs
[2025-05-01T10:09:18.054+0000] {logging_mixin.py:190} INFO - [2025-05-01T10:09:18.054+0000] {dag.py:4180} INFO - Setting next_dagrun for ingestion to 2025-05-01 00:00:00+00:00, run_after=2025-05-01 06:00:00+00:00
[2025-05-01T10:09:18.066+0000] {processor.py:208} INFO - Processing /opt/airflow/dags/ingestion_dag.py took 0.062 seconds
[2025-05-01T10:09:49.092+0000] {processor.py:186} INFO - Started process (PID=1106) to work on /opt/airflow/dags/ingestion_dag.py
[2025-05-01T10:09:49.093+0000] {processor.py:914} INFO - Processing file /opt/airflow/dags/ingestion_dag.py for tasks to queue
[2025-05-01T10:09:49.094+0000] {logging_mixin.py:190} INFO - [2025-05-01T10:09:49.094+0000] {dagbag.py:588} INFO - Filling up the DagBag from /opt/airflow/dags/ingestion_dag.py
[2025-05-01T10:09:49.099+0000] {processor.py:925} INFO - DAG(s) 'ingestion' retrieved from /opt/airflow/dags/ingestion_dag.py
[2025-05-01T10:09:49.109+0000] {logging_mixin.py:190} INFO - [2025-05-01T10:09:49.109+0000] {dag.py:3239} INFO - Sync 1 DAGs
[2025-05-01T10:09:49.119+0000] {logging_mixin.py:190} INFO - [2025-05-01T10:09:49.119+0000] {dag.py:4180} INFO - Setting next_dagrun for ingestion to 2025-05-01 00:00:00+00:00, run_after=2025-05-01 06:00:00+00:00
[2025-05-01T10:09:49.126+0000] {processor.py:208} INFO - Processing /opt/airflow/dags/ingestion_dag.py took 0.039 seconds
[2025-05-01T10:10:19.277+0000] {processor.py:186} INFO - Started process (PID=1171) to work on /opt/airflow/dags/ingestion_dag.py
[2025-05-01T10:10:19.279+0000] {processor.py:914} INFO - Processing file /opt/airflow/dags/ingestion_dag.py for tasks to queue
[2025-05-01T10:10:19.284+0000] {logging_mixin.py:190} INFO - [2025-05-01T10:10:19.283+0000] {dagbag.py:588} INFO - Filling up the DagBag from /opt/airflow/dags/ingestion_dag.py
[2025-05-01T10:10:19.302+0000] {processor.py:925} INFO - DAG(s) 'ingestion' retrieved from /opt/airflow/dags/ingestion_dag.py
[2025-05-01T10:10:19.325+0000] {logging_mixin.py:190} INFO - [2025-05-01T10:10:19.325+0000] {dag.py:3239} INFO - Sync 1 DAGs
[2025-05-01T10:10:19.345+0000] {logging_mixin.py:190} INFO - [2025-05-01T10:10:19.345+0000] {dag.py:4180} INFO - Setting next_dagrun for ingestion to 2025-05-01 00:00:00+00:00, run_after=2025-05-01 06:00:00+00:00
[2025-05-01T10:10:19.361+0000] {processor.py:208} INFO - Processing /opt/airflow/dags/ingestion_dag.py took 0.099 seconds
[2025-05-01T10:10:49.620+0000] {processor.py:186} INFO - Started process (PID=1244) to work on /opt/airflow/dags/ingestion_dag.py
[2025-05-01T10:10:49.624+0000] {processor.py:914} INFO - Processing file /opt/airflow/dags/ingestion_dag.py for tasks to queue
[2025-05-01T10:10:49.627+0000] {logging_mixin.py:190} INFO - [2025-05-01T10:10:49.627+0000] {dagbag.py:588} INFO - Filling up the DagBag from /opt/airflow/dags/ingestion_dag.py
[2025-05-01T10:10:49.649+0000] {processor.py:925} INFO - DAG(s) 'ingestion' retrieved from /opt/airflow/dags/ingestion_dag.py
[2025-05-01T10:10:49.677+0000] {logging_mixin.py:190} INFO - [2025-05-01T10:10:49.677+0000] {dag.py:3239} INFO - Sync 1 DAGs
[2025-05-01T10:10:49.702+0000] {logging_mixin.py:190} INFO - [2025-05-01T10:10:49.702+0000] {dag.py:4180} INFO - Setting next_dagrun for ingestion to 2025-05-01 00:00:00+00:00, run_after=2025-05-01 06:00:00+00:00
[2025-05-01T10:10:49.716+0000] {processor.py:208} INFO - Processing /opt/airflow/dags/ingestion_dag.py took 0.105 seconds
[2025-05-01T10:21:36.886+0000] {processor.py:186} INFO - Started process (PID=1312) to work on /opt/airflow/dags/ingestion_dag.py
[2025-05-01T10:21:36.895+0000] {processor.py:914} INFO - Processing file /opt/airflow/dags/ingestion_dag.py for tasks to queue
[2025-05-01T10:21:36.897+0000] {logging_mixin.py:190} INFO - [2025-05-01T10:21:36.897+0000] {dagbag.py:588} INFO - Filling up the DagBag from /opt/airflow/dags/ingestion_dag.py
[2025-05-01T10:21:36.908+0000] {processor.py:925} INFO - DAG(s) 'ingestion' retrieved from /opt/airflow/dags/ingestion_dag.py
[2025-05-01T10:21:36.966+0000] {logging_mixin.py:190} INFO - [2025-05-01T10:21:36.965+0000] {dag.py:3239} INFO - Sync 1 DAGs
[2025-05-01T10:21:37.004+0000] {logging_mixin.py:190} INFO - [2025-05-01T10:21:37.004+0000] {dag.py:4180} INFO - Setting next_dagrun for ingestion to 2025-05-01 00:00:00+00:00, run_after=2025-05-01 06:00:00+00:00
[2025-05-01T10:21:37.017+0000] {processor.py:208} INFO - Processing /opt/airflow/dags/ingestion_dag.py took 0.166 seconds
