[2025-05-01T10:02:39.926+0000] {processor.py:186} INFO - Started process (PID=79) to work on /opt/airflow/dags/train_dag.py
[2025-05-01T10:02:39.927+0000] {processor.py:914} INFO - Processing file /opt/airflow/dags/train_dag.py for tasks to queue
[2025-05-01T10:02:39.932+0000] {logging_mixin.py:190} INFO - [2025-05-01T10:02:39.931+0000] {dagbag.py:588} INFO - Filling up the DagBag from /opt/airflow/dags/train_dag.py
[2025-05-01T10:02:39.965+0000] {processor.py:925} INFO - DAG(s) 'training' retrieved from /opt/airflow/dags/train_dag.py
[2025-05-01T10:02:40.036+0000] {logging_mixin.py:190} INFO - [2025-05-01T10:02:40.035+0000] {dag.py:3239} INFO - Sync 1 DAGs
[2025-05-01T10:02:40.069+0000] {logging_mixin.py:190} INFO - [2025-05-01T10:02:40.069+0000] {dag.py:4180} INFO - Setting next_dagrun for training to 2025-04-30 00:00:00+00:00, run_after=2025-05-01 00:00:00+00:00
[2025-05-01T10:02:40.093+0000] {processor.py:208} INFO - Processing /opt/airflow/dags/train_dag.py took 0.176 seconds
[2025-05-01T10:03:10.426+0000] {processor.py:186} INFO - Started process (PID=151) to work on /opt/airflow/dags/train_dag.py
[2025-05-01T10:03:10.430+0000] {processor.py:914} INFO - Processing file /opt/airflow/dags/train_dag.py for tasks to queue
[2025-05-01T10:03:10.440+0000] {logging_mixin.py:190} INFO - [2025-05-01T10:03:10.439+0000] {dagbag.py:588} INFO - Filling up the DagBag from /opt/airflow/dags/train_dag.py
[2025-05-01T10:03:10.462+0000] {processor.py:925} INFO - DAG(s) 'training' retrieved from /opt/airflow/dags/train_dag.py
[2025-05-01T10:03:10.496+0000] {logging_mixin.py:190} INFO - [2025-05-01T10:03:10.496+0000] {dag.py:3239} INFO - Sync 1 DAGs
[2025-05-01T10:03:10.529+0000] {logging_mixin.py:190} INFO - [2025-05-01T10:03:10.529+0000] {dag.py:4180} INFO - Setting next_dagrun for training to 2025-04-30 00:00:00+00:00, run_after=2025-05-01 00:00:00+00:00
[2025-05-01T10:03:10.544+0000] {processor.py:208} INFO - Processing /opt/airflow/dags/train_dag.py took 0.133 seconds
[2025-05-01T10:03:41.348+0000] {processor.py:186} INFO - Started process (PID=224) to work on /opt/airflow/dags/train_dag.py
[2025-05-01T10:03:41.352+0000] {processor.py:914} INFO - Processing file /opt/airflow/dags/train_dag.py for tasks to queue
[2025-05-01T10:03:41.360+0000] {logging_mixin.py:190} INFO - [2025-05-01T10:03:41.360+0000] {dagbag.py:588} INFO - Filling up the DagBag from /opt/airflow/dags/train_dag.py
[2025-05-01T10:03:41.378+0000] {processor.py:925} INFO - DAG(s) 'training' retrieved from /opt/airflow/dags/train_dag.py
[2025-05-01T10:03:41.396+0000] {logging_mixin.py:190} INFO - [2025-05-01T10:03:41.396+0000] {dag.py:3239} INFO - Sync 1 DAGs
[2025-05-01T10:03:41.411+0000] {logging_mixin.py:190} INFO - [2025-05-01T10:03:41.411+0000] {dag.py:4180} INFO - Setting next_dagrun for training to 2025-04-30 00:00:00+00:00, run_after=2025-05-01 00:00:00+00:00
[2025-05-01T10:03:41.424+0000] {processor.py:208} INFO - Processing /opt/airflow/dags/train_dag.py took 0.091 seconds
[2025-05-01T10:04:11.993+0000] {processor.py:186} INFO - Started process (PID=297) to work on /opt/airflow/dags/train_dag.py
[2025-05-01T10:04:11.998+0000] {processor.py:914} INFO - Processing file /opt/airflow/dags/train_dag.py for tasks to queue
[2025-05-01T10:04:12.018+0000] {logging_mixin.py:190} INFO - [2025-05-01T10:04:12.016+0000] {dagbag.py:588} INFO - Filling up the DagBag from /opt/airflow/dags/train_dag.py
[2025-05-01T10:04:12.074+0000] {processor.py:925} INFO - DAG(s) 'training' retrieved from /opt/airflow/dags/train_dag.py
[2025-05-01T10:04:12.140+0000] {logging_mixin.py:190} INFO - [2025-05-01T10:04:12.140+0000] {dag.py:3239} INFO - Sync 1 DAGs
[2025-05-01T10:04:12.271+0000] {logging_mixin.py:190} INFO - [2025-05-01T10:04:12.271+0000] {dag.py:4180} INFO - Setting next_dagrun for training to 2025-04-30 00:00:00+00:00, run_after=2025-05-01 00:00:00+00:00
[2025-05-01T10:04:12.293+0000] {processor.py:208} INFO - Processing /opt/airflow/dags/train_dag.py took 0.371 seconds
[2025-05-01T10:04:43.129+0000] {processor.py:186} INFO - Started process (PID=371) to work on /opt/airflow/dags/train_dag.py
[2025-05-01T10:04:43.135+0000] {processor.py:914} INFO - Processing file /opt/airflow/dags/train_dag.py for tasks to queue
[2025-05-01T10:04:43.142+0000] {logging_mixin.py:190} INFO - [2025-05-01T10:04:43.142+0000] {dagbag.py:588} INFO - Filling up the DagBag from /opt/airflow/dags/train_dag.py
[2025-05-01T10:04:43.203+0000] {processor.py:925} INFO - DAG(s) 'training' retrieved from /opt/airflow/dags/train_dag.py
[2025-05-01T10:04:43.257+0000] {logging_mixin.py:190} INFO - [2025-05-01T10:04:43.257+0000] {dag.py:3239} INFO - Sync 1 DAGs
[2025-05-01T10:04:43.290+0000] {logging_mixin.py:190} INFO - [2025-05-01T10:04:43.290+0000] {dag.py:4180} INFO - Setting next_dagrun for training to 2025-04-30 00:00:00+00:00, run_after=2025-05-01 00:00:00+00:00
[2025-05-01T10:04:43.319+0000] {processor.py:208} INFO - Processing /opt/airflow/dags/train_dag.py took 0.213 seconds
[2025-05-01T10:05:13.431+0000] {processor.py:186} INFO - Started process (PID=443) to work on /opt/airflow/dags/train_dag.py
[2025-05-01T10:05:13.432+0000] {processor.py:914} INFO - Processing file /opt/airflow/dags/train_dag.py for tasks to queue
[2025-05-01T10:05:13.436+0000] {logging_mixin.py:190} INFO - [2025-05-01T10:05:13.436+0000] {dagbag.py:588} INFO - Filling up the DagBag from /opt/airflow/dags/train_dag.py
[2025-05-01T10:05:13.457+0000] {processor.py:925} INFO - DAG(s) 'training' retrieved from /opt/airflow/dags/train_dag.py
[2025-05-01T10:05:13.492+0000] {logging_mixin.py:190} INFO - [2025-05-01T10:05:13.491+0000] {dag.py:3239} INFO - Sync 1 DAGs
[2025-05-01T10:05:13.521+0000] {logging_mixin.py:190} INFO - [2025-05-01T10:05:13.521+0000] {dag.py:4180} INFO - Setting next_dagrun for training to 2025-04-30 00:00:00+00:00, run_after=2025-05-01 00:00:00+00:00
[2025-05-01T10:05:13.545+0000] {processor.py:208} INFO - Processing /opt/airflow/dags/train_dag.py took 0.131 seconds
[2025-05-01T10:05:44.154+0000] {processor.py:186} INFO - Started process (PID=522) to work on /opt/airflow/dags/train_dag.py
[2025-05-01T10:05:44.169+0000] {processor.py:914} INFO - Processing file /opt/airflow/dags/train_dag.py for tasks to queue
[2025-05-01T10:05:44.208+0000] {logging_mixin.py:190} INFO - [2025-05-01T10:05:44.206+0000] {dagbag.py:588} INFO - Filling up the DagBag from /opt/airflow/dags/train_dag.py
[2025-05-01T10:05:44.247+0000] {processor.py:925} INFO - DAG(s) 'training' retrieved from /opt/airflow/dags/train_dag.py
[2025-05-01T10:05:44.406+0000] {logging_mixin.py:190} INFO - [2025-05-01T10:05:44.406+0000] {dag.py:3239} INFO - Sync 1 DAGs
[2025-05-01T10:05:44.483+0000] {logging_mixin.py:190} INFO - [2025-05-01T10:05:44.482+0000] {dag.py:4180} INFO - Setting next_dagrun for training to 2025-04-30 00:00:00+00:00, run_after=2025-05-01 00:00:00+00:00
[2025-05-01T10:05:44.534+0000] {processor.py:208} INFO - Processing /opt/airflow/dags/train_dag.py took 0.446 seconds
[2025-05-01T10:06:14.632+0000] {processor.py:186} INFO - Started process (PID=595) to work on /opt/airflow/dags/train_dag.py
[2025-05-01T10:06:14.634+0000] {processor.py:914} INFO - Processing file /opt/airflow/dags/train_dag.py for tasks to queue
[2025-05-01T10:06:14.647+0000] {logging_mixin.py:190} INFO - [2025-05-01T10:06:14.646+0000] {dagbag.py:588} INFO - Filling up the DagBag from /opt/airflow/dags/train_dag.py
[2025-05-01T10:06:14.689+0000] {processor.py:925} INFO - DAG(s) 'training' retrieved from /opt/airflow/dags/train_dag.py
[2025-05-01T10:06:14.728+0000] {logging_mixin.py:190} INFO - [2025-05-01T10:06:14.728+0000] {dag.py:3239} INFO - Sync 1 DAGs
[2025-05-01T10:06:14.770+0000] {logging_mixin.py:190} INFO - [2025-05-01T10:06:14.770+0000] {dag.py:4180} INFO - Setting next_dagrun for training to 2025-04-30 00:00:00+00:00, run_after=2025-05-01 00:00:00+00:00
[2025-05-01T10:06:14.825+0000] {processor.py:208} INFO - Processing /opt/airflow/dags/train_dag.py took 0.223 seconds
[2025-05-01T10:06:45.229+0000] {processor.py:186} INFO - Started process (PID=668) to work on /opt/airflow/dags/train_dag.py
[2025-05-01T10:06:45.233+0000] {processor.py:914} INFO - Processing file /opt/airflow/dags/train_dag.py for tasks to queue
[2025-05-01T10:06:45.243+0000] {logging_mixin.py:190} INFO - [2025-05-01T10:06:45.243+0000] {dagbag.py:588} INFO - Filling up the DagBag from /opt/airflow/dags/train_dag.py
[2025-05-01T10:06:45.304+0000] {processor.py:925} INFO - DAG(s) 'training' retrieved from /opt/airflow/dags/train_dag.py
[2025-05-01T10:06:45.365+0000] {logging_mixin.py:190} INFO - [2025-05-01T10:06:45.365+0000] {dag.py:3239} INFO - Sync 1 DAGs
[2025-05-01T10:06:45.426+0000] {logging_mixin.py:190} INFO - [2025-05-01T10:06:45.426+0000] {dag.py:4180} INFO - Setting next_dagrun for training to 2025-04-30 00:00:00+00:00, run_after=2025-05-01 00:00:00+00:00
[2025-05-01T10:06:45.452+0000] {processor.py:208} INFO - Processing /opt/airflow/dags/train_dag.py took 0.259 seconds
[2025-05-01T10:07:15.764+0000] {processor.py:186} INFO - Started process (PID=741) to work on /opt/airflow/dags/train_dag.py
[2025-05-01T10:07:15.771+0000] {processor.py:914} INFO - Processing file /opt/airflow/dags/train_dag.py for tasks to queue
[2025-05-01T10:07:15.775+0000] {logging_mixin.py:190} INFO - [2025-05-01T10:07:15.774+0000] {dagbag.py:588} INFO - Filling up the DagBag from /opt/airflow/dags/train_dag.py
[2025-05-01T10:07:15.799+0000] {processor.py:925} INFO - DAG(s) 'training' retrieved from /opt/airflow/dags/train_dag.py
[2025-05-01T10:07:15.843+0000] {logging_mixin.py:190} INFO - [2025-05-01T10:07:15.843+0000] {dag.py:3239} INFO - Sync 1 DAGs
[2025-05-01T10:07:15.871+0000] {logging_mixin.py:190} INFO - [2025-05-01T10:07:15.870+0000] {dag.py:4180} INFO - Setting next_dagrun for training to 2025-04-30 00:00:00+00:00, run_after=2025-05-01 00:00:00+00:00
[2025-05-01T10:07:15.889+0000] {processor.py:208} INFO - Processing /opt/airflow/dags/train_dag.py took 0.141 seconds
[2025-05-01T10:07:46.135+0000] {processor.py:186} INFO - Started process (PID=814) to work on /opt/airflow/dags/train_dag.py
[2025-05-01T10:07:46.137+0000] {processor.py:914} INFO - Processing file /opt/airflow/dags/train_dag.py for tasks to queue
[2025-05-01T10:07:46.141+0000] {logging_mixin.py:190} INFO - [2025-05-01T10:07:46.141+0000] {dagbag.py:588} INFO - Filling up the DagBag from /opt/airflow/dags/train_dag.py
[2025-05-01T10:07:46.160+0000] {processor.py:925} INFO - DAG(s) 'training' retrieved from /opt/airflow/dags/train_dag.py
[2025-05-01T10:07:46.181+0000] {logging_mixin.py:190} INFO - [2025-05-01T10:07:46.181+0000] {dag.py:3239} INFO - Sync 1 DAGs
[2025-05-01T10:07:46.199+0000] {logging_mixin.py:190} INFO - [2025-05-01T10:07:46.198+0000] {dag.py:4180} INFO - Setting next_dagrun for training to 2025-04-30 00:00:00+00:00, run_after=2025-05-01 00:00:00+00:00
[2025-05-01T10:07:46.211+0000] {processor.py:208} INFO - Processing /opt/airflow/dags/train_dag.py took 0.087 seconds
[2025-05-01T10:08:16.527+0000] {processor.py:186} INFO - Started process (PID=887) to work on /opt/airflow/dags/train_dag.py
[2025-05-01T10:08:16.529+0000] {processor.py:914} INFO - Processing file /opt/airflow/dags/train_dag.py for tasks to queue
[2025-05-01T10:08:16.538+0000] {logging_mixin.py:190} INFO - [2025-05-01T10:08:16.537+0000] {dagbag.py:588} INFO - Filling up the DagBag from /opt/airflow/dags/train_dag.py
[2025-05-01T10:08:16.574+0000] {processor.py:925} INFO - DAG(s) 'training' retrieved from /opt/airflow/dags/train_dag.py
[2025-05-01T10:08:16.612+0000] {logging_mixin.py:190} INFO - [2025-05-01T10:08:16.612+0000] {dag.py:3239} INFO - Sync 1 DAGs
[2025-05-01T10:08:16.646+0000] {logging_mixin.py:190} INFO - [2025-05-01T10:08:16.645+0000] {dag.py:4180} INFO - Setting next_dagrun for training to 2025-04-30 00:00:00+00:00, run_after=2025-05-01 00:00:00+00:00
[2025-05-01T10:08:16.661+0000] {processor.py:208} INFO - Processing /opt/airflow/dags/train_dag.py took 0.158 seconds
[2025-05-01T10:08:47.630+0000] {processor.py:186} INFO - Started process (PID=959) to work on /opt/airflow/dags/train_dag.py
[2025-05-01T10:08:47.632+0000] {processor.py:914} INFO - Processing file /opt/airflow/dags/train_dag.py for tasks to queue
[2025-05-01T10:08:47.641+0000] {logging_mixin.py:190} INFO - [2025-05-01T10:08:47.641+0000] {dagbag.py:588} INFO - Filling up the DagBag from /opt/airflow/dags/train_dag.py
[2025-05-01T10:08:47.669+0000] {processor.py:925} INFO - DAG(s) 'training' retrieved from /opt/airflow/dags/train_dag.py
[2025-05-01T10:08:47.708+0000] {logging_mixin.py:190} INFO - [2025-05-01T10:08:47.708+0000] {dag.py:3239} INFO - Sync 1 DAGs
[2025-05-01T10:08:47.734+0000] {logging_mixin.py:190} INFO - [2025-05-01T10:08:47.734+0000] {dag.py:4180} INFO - Setting next_dagrun for training to 2025-04-30 00:00:00+00:00, run_after=2025-05-01 00:00:00+00:00
[2025-05-01T10:08:47.753+0000] {processor.py:208} INFO - Processing /opt/airflow/dags/train_dag.py took 0.139 seconds
[2025-05-01T10:09:18.006+0000] {processor.py:186} INFO - Started process (PID=1032) to work on /opt/airflow/dags/train_dag.py
[2025-05-01T10:09:18.007+0000] {processor.py:914} INFO - Processing file /opt/airflow/dags/train_dag.py for tasks to queue
[2025-05-01T10:09:18.009+0000] {logging_mixin.py:190} INFO - [2025-05-01T10:09:18.009+0000] {dagbag.py:588} INFO - Filling up the DagBag from /opt/airflow/dags/train_dag.py
[2025-05-01T10:09:18.021+0000] {processor.py:925} INFO - DAG(s) 'training' retrieved from /opt/airflow/dags/train_dag.py
[2025-05-01T10:09:18.038+0000] {logging_mixin.py:190} INFO - [2025-05-01T10:09:18.037+0000] {dag.py:3239} INFO - Sync 1 DAGs
[2025-05-01T10:09:18.054+0000] {logging_mixin.py:190} INFO - [2025-05-01T10:09:18.054+0000] {dag.py:4180} INFO - Setting next_dagrun for training to 2025-04-30 00:00:00+00:00, run_after=2025-05-01 00:00:00+00:00
[2025-05-01T10:09:18.064+0000] {processor.py:208} INFO - Processing /opt/airflow/dags/train_dag.py took 0.066 seconds
[2025-05-01T10:09:49.012+0000] {processor.py:186} INFO - Started process (PID=1105) to work on /opt/airflow/dags/train_dag.py
[2025-05-01T10:09:49.013+0000] {processor.py:914} INFO - Processing file /opt/airflow/dags/train_dag.py for tasks to queue
[2025-05-01T10:09:49.016+0000] {logging_mixin.py:190} INFO - [2025-05-01T10:09:49.015+0000] {dagbag.py:588} INFO - Filling up the DagBag from /opt/airflow/dags/train_dag.py
[2025-05-01T10:09:49.025+0000] {processor.py:925} INFO - DAG(s) 'training' retrieved from /opt/airflow/dags/train_dag.py
[2025-05-01T10:09:49.052+0000] {logging_mixin.py:190} INFO - [2025-05-01T10:09:49.052+0000] {dag.py:3239} INFO - Sync 1 DAGs
[2025-05-01T10:09:49.067+0000] {logging_mixin.py:190} INFO - [2025-05-01T10:09:49.067+0000] {dag.py:4180} INFO - Setting next_dagrun for training to 2025-04-30 00:00:00+00:00, run_after=2025-05-01 00:00:00+00:00
[2025-05-01T10:09:49.075+0000] {processor.py:208} INFO - Processing /opt/airflow/dags/train_dag.py took 0.068 seconds
[2025-05-01T10:10:19.277+0000] {processor.py:186} INFO - Started process (PID=1170) to work on /opt/airflow/dags/train_dag.py
[2025-05-01T10:10:19.279+0000] {processor.py:914} INFO - Processing file /opt/airflow/dags/train_dag.py for tasks to queue
[2025-05-01T10:10:19.284+0000] {logging_mixin.py:190} INFO - [2025-05-01T10:10:19.283+0000] {dagbag.py:588} INFO - Filling up the DagBag from /opt/airflow/dags/train_dag.py
[2025-05-01T10:10:19.302+0000] {processor.py:925} INFO - DAG(s) 'training' retrieved from /opt/airflow/dags/train_dag.py
[2025-05-01T10:10:19.324+0000] {logging_mixin.py:190} INFO - [2025-05-01T10:10:19.324+0000] {dag.py:3239} INFO - Sync 1 DAGs
[2025-05-01T10:10:19.345+0000] {logging_mixin.py:190} INFO - [2025-05-01T10:10:19.345+0000] {dag.py:4180} INFO - Setting next_dagrun for training to 2025-04-30 00:00:00+00:00, run_after=2025-05-01 00:00:00+00:00
[2025-05-01T10:10:19.361+0000] {processor.py:208} INFO - Processing /opt/airflow/dags/train_dag.py took 0.106 seconds
[2025-05-01T10:10:49.619+0000] {processor.py:186} INFO - Started process (PID=1243) to work on /opt/airflow/dags/train_dag.py
[2025-05-01T10:10:49.620+0000] {processor.py:914} INFO - Processing file /opt/airflow/dags/train_dag.py for tasks to queue
[2025-05-01T10:10:49.624+0000] {logging_mixin.py:190} INFO - [2025-05-01T10:10:49.623+0000] {dagbag.py:588} INFO - Filling up the DagBag from /opt/airflow/dags/train_dag.py
[2025-05-01T10:10:49.650+0000] {processor.py:925} INFO - DAG(s) 'training' retrieved from /opt/airflow/dags/train_dag.py
[2025-05-01T10:10:49.677+0000] {logging_mixin.py:190} INFO - [2025-05-01T10:10:49.677+0000] {dag.py:3239} INFO - Sync 1 DAGs
[2025-05-01T10:10:49.702+0000] {logging_mixin.py:190} INFO - [2025-05-01T10:10:49.702+0000] {dag.py:4180} INFO - Setting next_dagrun for training to 2025-04-30 00:00:00+00:00, run_after=2025-05-01 00:00:00+00:00
[2025-05-01T10:10:49.716+0000] {processor.py:208} INFO - Processing /opt/airflow/dags/train_dag.py took 0.111 seconds
[2025-05-01T10:21:36.178+0000] {processor.py:186} INFO - Started process (PID=1311) to work on /opt/airflow/dags/train_dag.py
[2025-05-01T10:21:36.185+0000] {processor.py:914} INFO - Processing file /opt/airflow/dags/train_dag.py for tasks to queue
[2025-05-01T10:21:36.192+0000] {logging_mixin.py:190} INFO - [2025-05-01T10:21:36.191+0000] {dagbag.py:588} INFO - Filling up the DagBag from /opt/airflow/dags/train_dag.py
[2025-05-01T10:21:36.327+0000] {processor.py:925} INFO - DAG(s) 'training' retrieved from /opt/airflow/dags/train_dag.py
[2025-05-01T10:21:36.591+0000] {logging_mixin.py:190} INFO - [2025-05-01T10:21:36.590+0000] {dag.py:3239} INFO - Sync 1 DAGs
[2025-05-01T10:21:36.686+0000] {logging_mixin.py:190} INFO - [2025-05-01T10:21:36.686+0000] {dag.py:4180} INFO - Setting next_dagrun for training to 2025-04-30 00:00:00+00:00, run_after=2025-05-01 00:00:00+00:00
[2025-05-01T10:21:36.757+0000] {processor.py:208} INFO - Processing /opt/airflow/dags/train_dag.py took 0.603 seconds
