[2025-04-29T17:09:47.005+0000] {local_task_job_runner.py:123} INFO - ::group::Pre task execution logs
[2025-04-29T17:09:47.044+0000] {taskinstance.py:2613} INFO - Dependencies all met for dep_context=non-requeueable deps ti=<TaskInstance: retrain_on_drift.branch_drift manual__2025-04-29T17:09:37.899896+00:00 [queued]>
[2025-04-29T17:09:47.049+0000] {taskinstance.py:2613} INFO - Dependencies all met for dep_context=requeueable deps ti=<TaskInstance: retrain_on_drift.branch_drift manual__2025-04-29T17:09:37.899896+00:00 [queued]>
[2025-04-29T17:09:47.050+0000] {taskinstance.py:2866} INFO - Starting attempt 1 of 1
[2025-04-29T17:09:47.061+0000] {taskinstance.py:2889} INFO - Executing <Task(_BranchPythonDecoratedOperator): branch_drift> on 2025-04-29 17:09:37.899896+00:00
[2025-04-29T17:09:47.078+0000] {standard_task_runner.py:72} INFO - Started process 102 to run task
[2025-04-29T17:09:47.108+0000] {standard_task_runner.py:104} INFO - Running: ['***', 'tasks', 'run', 'retrain_on_drift', 'branch_drift', 'manual__2025-04-29T17:09:37.899896+00:00', '--job-id', '221', '--raw', '--subdir', 'DAGS_FOLDER/drift_retrain_dag.py', '--cfg-path', '/tmp/tmp0gr2mzba']
[2025-04-29T17:09:47.110+0000] {standard_task_runner.py:105} INFO - Job 221: Subtask branch_drift
[2025-04-29T17:09:47.210+0000] {task_command.py:467} INFO - Running <TaskInstance: retrain_on_drift.branch_drift manual__2025-04-29T17:09:37.899896+00:00 [running]> on host fca622891bf8
[2025-04-29T17:09:47.294+0000] {taskinstance.py:3132} INFO - Exporting env vars: AIRFLOW_CTX_DAG_OWNER='***' AIRFLOW_CTX_DAG_ID='retrain_on_drift' AIRFLOW_CTX_TASK_ID='branch_drift' AIRFLOW_CTX_EXECUTION_DATE='2025-04-29T17:09:37.899896+00:00' AIRFLOW_CTX_TRY_NUMBER='1' AIRFLOW_CTX_DAG_RUN_ID='manual__2025-04-29T17:09:37.899896+00:00'
[2025-04-29T17:09:47.297+0000] {logging_mixin.py:190} INFO - Task instance is in running state
[2025-04-29T17:09:47.297+0000] {logging_mixin.py:190} INFO -  Previous state of the Task instance: queued
[2025-04-29T17:09:47.297+0000] {logging_mixin.py:190} INFO - Current task name:branch_drift state:running start_date:2025-04-29 17:09:47.044805+00:00
[2025-04-29T17:09:47.297+0000] {logging_mixin.py:190} INFO - Dag name:retrain_on_drift and current dag run status:running
[2025-04-29T17:09:47.297+0000] {taskinstance.py:731} INFO - ::endgroup::
[2025-04-29T17:09:47.298+0000] {drift_retrain_dag.py:64} INFO - Starting drift check for version: v2
[2025-04-29T17:09:47.299+0000] {drift_retrain_dag.py:71} INFO - Baseline file: /opt/***/data/raw/v1/baseline.csv
[2025-04-29T17:09:47.299+0000] {drift_retrain_dag.py:72} INFO - New file:      /opt/***/data/raw/v2/latest.csv
[2025-04-29T17:09:49.040+0000] {drift_retrain_dag.py:77} INFO - Loaded baseline.csv: (259335, 23) in 1.74s
[2025-04-29T17:09:50.285+0000] {drift_retrain_dag.py:80} INFO - Loaded latest.csv:   (259335, 23) in 1.24s
[2025-04-29T17:09:50.369+0000] {drift_retrain_dag.py:86} INFO - Running DataDriftTable report…
[2025-04-29T17:09:50.468+0000] {warnings.py:110} WARNING - /home/***/.local/lib/python3.11/site-packages/scipy/stats/_stats_py.py:7335: RuntimeWarning: divide by zero encountered in divide
  terms = (f_obs - f_exp)**2 / f_exp

[2025-04-29T17:09:50.532+0000] {warnings.py:110} WARNING - /home/***/.local/lib/python3.11/site-packages/scipy/stats/_stats_py.py:7335: RuntimeWarning: divide by zero encountered in divide
  terms = (f_obs - f_exp)**2 / f_exp

[2025-04-29T17:09:50.612+0000] {warnings.py:110} WARNING - /home/***/.local/lib/python3.11/site-packages/scipy/stats/_stats_py.py:7335: RuntimeWarning: divide by zero encountered in divide
  terms = (f_obs - f_exp)**2 / f_exp

[2025-04-29T17:09:50.719+0000] {warnings.py:110} WARNING - /home/***/.local/lib/python3.11/site-packages/scipy/stats/_stats_py.py:7335: RuntimeWarning: divide by zero encountered in divide
  terms = (f_obs - f_exp)**2 / f_exp

[2025-04-29T17:09:50.787+0000] {warnings.py:110} WARNING - /home/***/.local/lib/python3.11/site-packages/scipy/stats/_stats_py.py:7335: RuntimeWarning: divide by zero encountered in divide
  terms = (f_obs - f_exp)**2 / f_exp

[2025-04-29T17:09:50.820+0000] {warnings.py:110} WARNING - /home/***/.local/lib/python3.11/site-packages/scipy/stats/_stats_py.py:7335: RuntimeWarning: divide by zero encountered in divide
  terms = (f_obs - f_exp)**2 / f_exp

[2025-04-29T17:09:50.865+0000] {warnings.py:110} WARNING - /home/***/.local/lib/python3.11/site-packages/scipy/stats/_stats_py.py:7335: RuntimeWarning: divide by zero encountered in divide
  terms = (f_obs - f_exp)**2 / f_exp

[2025-04-29T17:09:50.956+0000] {warnings.py:110} WARNING - /home/***/.local/lib/python3.11/site-packages/scipy/stats/_stats_py.py:7335: RuntimeWarning: divide by zero encountered in divide
  terms = (f_obs - f_exp)**2 / f_exp

[2025-04-29T17:09:51.411+0000] {warnings.py:110} WARNING - /home/***/.local/lib/python3.11/site-packages/scipy/stats/_stats_py.py:7335: RuntimeWarning: divide by zero encountered in divide
  terms = (f_obs - f_exp)**2 / f_exp

[2025-04-29T17:09:51.802+0000] {drift_retrain_dag.py:90} INFO - DataDriftTable computation took 1.43s
[2025-04-29T17:09:51.809+0000] {drift_retrain_dag.py:95} INFO - Drift detected; branching to merge_datasets
[2025-04-29T17:09:51.821+0000] {python.py:240} INFO - Done. Returned value was: merge_datasets
[2025-04-29T17:09:51.821+0000] {branch.py:38} INFO - Branch into merge_datasets
[2025-04-29T17:09:51.822+0000] {skipmixin.py:230} INFO - Following branch ('merge_datasets',)
[2025-04-29T17:09:51.842+0000] {skipmixin.py:278} INFO - Skipping tasks [('no_drift', -1)]
[2025-04-29T17:09:51.869+0000] {taskinstance.py:340} INFO - ::group::Post task execution logs
[2025-04-29T17:09:51.869+0000] {taskinstance.py:352} INFO - Marking task as SUCCESS. dag_id=retrain_on_drift, task_id=branch_drift, run_id=manual__2025-04-29T17:09:37.899896+00:00, execution_date=20250429T170937, start_date=20250429T170947, end_date=20250429T170951
[2025-04-29T17:09:51.875+0000] {logging_mixin.py:190} INFO - Task instance in success state
[2025-04-29T17:09:51.875+0000] {logging_mixin.py:190} INFO -  Previous state of the Task instance: running
[2025-04-29T17:09:51.875+0000] {logging_mixin.py:190} INFO - Dag name:retrain_on_drift queued_at:2025-04-29 17:09:37.921130+00:00
[2025-04-29T17:09:51.876+0000] {logging_mixin.py:190} INFO - Task hostname:fca622891bf8 operator:_BranchPythonDecoratedOperator
[2025-04-29T17:09:51.923+0000] {local_task_job_runner.py:266} INFO - Task exited with return code 0
[2025-04-29T17:09:51.973+0000] {taskinstance.py:3895} INFO - 1 downstream tasks scheduled from follow-on schedule check
[2025-04-29T17:09:51.974+0000] {local_task_job_runner.py:245} INFO - ::endgroup::
