[2025-05-01T10:02:46.903+0000] {processor.py:186} INFO - Started process (PID=113) to work on /home/airflow/.local/lib/python3.11/site-packages/airflow/example_dags/example_dataset_alias_with_no_taskflow.py
[2025-05-01T10:02:46.904+0000] {processor.py:914} INFO - Processing file /home/airflow/.local/lib/python3.11/site-packages/airflow/example_dags/example_dataset_alias_with_no_taskflow.py for tasks to queue
[2025-05-01T10:02:46.908+0000] {logging_mixin.py:190} INFO - [2025-05-01T10:02:46.908+0000] {dagbag.py:588} INFO - Filling up the DagBag from /home/airflow/.local/lib/python3.11/site-packages/airflow/example_dags/example_dataset_alias_with_no_taskflow.py
[2025-05-01T10:02:47.586+0000] {processor.py:925} INFO - DAG(s) 'dataset_alias_example_alias_consumer_with_no_taskflow', 'dataset_s3_bucket_consumer_with_no_taskflow', 'dataset_alias_example_alias_producer_with_no_taskflow', 'dataset_s3_bucket_producer_with_no_taskflow' retrieved from /home/airflow/.local/lib/python3.11/site-packages/airflow/example_dags/example_dataset_alias_with_no_taskflow.py
[2025-05-01T10:02:47.619+0000] {logging_mixin.py:190} INFO - [2025-05-01T10:02:47.619+0000] {dag.py:3239} INFO - Sync 4 DAGs
[2025-05-01T10:02:47.652+0000] {logging_mixin.py:190} INFO - [2025-05-01T10:02:47.652+0000] {dag.py:4180} INFO - Setting next_dagrun for dataset_alias_example_alias_consumer_with_no_taskflow to None, run_after=None
[2025-05-01T10:02:47.656+0000] {logging_mixin.py:190} INFO - [2025-05-01T10:02:47.656+0000] {dag.py:4180} INFO - Setting next_dagrun for dataset_alias_example_alias_producer_with_no_taskflow to None, run_after=None
[2025-05-01T10:02:47.657+0000] {logging_mixin.py:190} INFO - [2025-05-01T10:02:47.656+0000] {dag.py:4180} INFO - Setting next_dagrun for dataset_s3_bucket_consumer_with_no_taskflow to None, run_after=None
[2025-05-01T10:02:47.658+0000] {logging_mixin.py:190} INFO - [2025-05-01T10:02:47.657+0000] {dag.py:4180} INFO - Setting next_dagrun for dataset_s3_bucket_producer_with_no_taskflow to None, run_after=None
[2025-05-01T10:02:47.688+0000] {processor.py:208} INFO - Processing /home/airflow/.local/lib/python3.11/site-packages/airflow/example_dags/example_dataset_alias_with_no_taskflow.py took 0.793 seconds
[2025-05-01T10:03:17.866+0000] {processor.py:186} INFO - Started process (PID=186) to work on /home/airflow/.local/lib/python3.11/site-packages/airflow/example_dags/example_dataset_alias_with_no_taskflow.py
[2025-05-01T10:03:17.867+0000] {processor.py:914} INFO - Processing file /home/airflow/.local/lib/python3.11/site-packages/airflow/example_dags/example_dataset_alias_with_no_taskflow.py for tasks to queue
[2025-05-01T10:03:17.869+0000] {logging_mixin.py:190} INFO - [2025-05-01T10:03:17.869+0000] {dagbag.py:588} INFO - Filling up the DagBag from /home/airflow/.local/lib/python3.11/site-packages/airflow/example_dags/example_dataset_alias_with_no_taskflow.py
[2025-05-01T10:03:18.153+0000] {processor.py:925} INFO - DAG(s) 'dataset_alias_example_alias_producer_with_no_taskflow', 'dataset_s3_bucket_consumer_with_no_taskflow', 'dataset_alias_example_alias_consumer_with_no_taskflow', 'dataset_s3_bucket_producer_with_no_taskflow' retrieved from /home/airflow/.local/lib/python3.11/site-packages/airflow/example_dags/example_dataset_alias_with_no_taskflow.py
[2025-05-01T10:03:18.165+0000] {logging_mixin.py:190} INFO - [2025-05-01T10:03:18.164+0000] {dag.py:3239} INFO - Sync 4 DAGs
[2025-05-01T10:03:18.202+0000] {logging_mixin.py:190} INFO - [2025-05-01T10:03:18.202+0000] {dag.py:4180} INFO - Setting next_dagrun for dataset_alias_example_alias_consumer_with_no_taskflow to None, run_after=None
[2025-05-01T10:03:18.204+0000] {logging_mixin.py:190} INFO - [2025-05-01T10:03:18.204+0000] {dag.py:4180} INFO - Setting next_dagrun for dataset_alias_example_alias_producer_with_no_taskflow to None, run_after=None
[2025-05-01T10:03:18.205+0000] {logging_mixin.py:190} INFO - [2025-05-01T10:03:18.205+0000] {dag.py:4180} INFO - Setting next_dagrun for dataset_s3_bucket_consumer_with_no_taskflow to None, run_after=None
[2025-05-01T10:03:18.206+0000] {logging_mixin.py:190} INFO - [2025-05-01T10:03:18.206+0000] {dag.py:4180} INFO - Setting next_dagrun for dataset_s3_bucket_producer_with_no_taskflow to None, run_after=None
[2025-05-01T10:03:18.223+0000] {processor.py:208} INFO - Processing /home/airflow/.local/lib/python3.11/site-packages/airflow/example_dags/example_dataset_alias_with_no_taskflow.py took 0.361 seconds
[2025-05-01T10:03:48.879+0000] {processor.py:186} INFO - Started process (PID=260) to work on /home/airflow/.local/lib/python3.11/site-packages/airflow/example_dags/example_dataset_alias_with_no_taskflow.py
[2025-05-01T10:03:48.879+0000] {processor.py:914} INFO - Processing file /home/airflow/.local/lib/python3.11/site-packages/airflow/example_dags/example_dataset_alias_with_no_taskflow.py for tasks to queue
[2025-05-01T10:03:48.881+0000] {logging_mixin.py:190} INFO - [2025-05-01T10:03:48.880+0000] {dagbag.py:588} INFO - Filling up the DagBag from /home/airflow/.local/lib/python3.11/site-packages/airflow/example_dags/example_dataset_alias_with_no_taskflow.py
[2025-05-01T10:03:49.072+0000] {processor.py:925} INFO - DAG(s) 'dataset_alias_example_alias_consumer_with_no_taskflow', 'dataset_s3_bucket_producer_with_no_taskflow', 'dataset_alias_example_alias_producer_with_no_taskflow', 'dataset_s3_bucket_consumer_with_no_taskflow' retrieved from /home/airflow/.local/lib/python3.11/site-packages/airflow/example_dags/example_dataset_alias_with_no_taskflow.py
[2025-05-01T10:03:49.081+0000] {logging_mixin.py:190} INFO - [2025-05-01T10:03:49.081+0000] {dag.py:3239} INFO - Sync 4 DAGs
[2025-05-01T10:03:49.092+0000] {logging_mixin.py:190} INFO - [2025-05-01T10:03:49.092+0000] {dag.py:4180} INFO - Setting next_dagrun for dataset_alias_example_alias_consumer_with_no_taskflow to None, run_after=None
[2025-05-01T10:03:49.093+0000] {logging_mixin.py:190} INFO - [2025-05-01T10:03:49.093+0000] {dag.py:4180} INFO - Setting next_dagrun for dataset_alias_example_alias_producer_with_no_taskflow to None, run_after=None
[2025-05-01T10:03:49.094+0000] {logging_mixin.py:190} INFO - [2025-05-01T10:03:49.094+0000] {dag.py:4180} INFO - Setting next_dagrun for dataset_s3_bucket_consumer_with_no_taskflow to None, run_after=None
[2025-05-01T10:03:49.095+0000] {logging_mixin.py:190} INFO - [2025-05-01T10:03:49.095+0000] {dag.py:4180} INFO - Setting next_dagrun for dataset_s3_bucket_producer_with_no_taskflow to None, run_after=None
[2025-05-01T10:03:49.106+0000] {processor.py:208} INFO - Processing /home/airflow/.local/lib/python3.11/site-packages/airflow/example_dags/example_dataset_alias_with_no_taskflow.py took 0.230 seconds
[2025-05-01T10:04:19.851+0000] {processor.py:186} INFO - Started process (PID=324) to work on /home/airflow/.local/lib/python3.11/site-packages/airflow/example_dags/example_dataset_alias_with_no_taskflow.py
[2025-05-01T10:04:19.853+0000] {processor.py:914} INFO - Processing file /home/airflow/.local/lib/python3.11/site-packages/airflow/example_dags/example_dataset_alias_with_no_taskflow.py for tasks to queue
[2025-05-01T10:04:19.855+0000] {logging_mixin.py:190} INFO - [2025-05-01T10:04:19.855+0000] {dagbag.py:588} INFO - Filling up the DagBag from /home/airflow/.local/lib/python3.11/site-packages/airflow/example_dags/example_dataset_alias_with_no_taskflow.py
[2025-05-01T10:04:20.050+0000] {processor.py:925} INFO - DAG(s) 'dataset_s3_bucket_consumer_with_no_taskflow', 'dataset_alias_example_alias_consumer_with_no_taskflow', 'dataset_s3_bucket_producer_with_no_taskflow', 'dataset_alias_example_alias_producer_with_no_taskflow' retrieved from /home/airflow/.local/lib/python3.11/site-packages/airflow/example_dags/example_dataset_alias_with_no_taskflow.py
[2025-05-01T10:04:20.060+0000] {logging_mixin.py:190} INFO - [2025-05-01T10:04:20.059+0000] {dag.py:3239} INFO - Sync 4 DAGs
[2025-05-01T10:04:20.069+0000] {logging_mixin.py:190} INFO - [2025-05-01T10:04:20.069+0000] {dag.py:4180} INFO - Setting next_dagrun for dataset_alias_example_alias_consumer_with_no_taskflow to None, run_after=None
[2025-05-01T10:04:20.071+0000] {logging_mixin.py:190} INFO - [2025-05-01T10:04:20.071+0000] {dag.py:4180} INFO - Setting next_dagrun for dataset_alias_example_alias_producer_with_no_taskflow to None, run_after=None
[2025-05-01T10:04:20.072+0000] {logging_mixin.py:190} INFO - [2025-05-01T10:04:20.072+0000] {dag.py:4180} INFO - Setting next_dagrun for dataset_s3_bucket_consumer_with_no_taskflow to None, run_after=None
[2025-05-01T10:04:20.073+0000] {logging_mixin.py:190} INFO - [2025-05-01T10:04:20.073+0000] {dag.py:4180} INFO - Setting next_dagrun for dataset_s3_bucket_producer_with_no_taskflow to None, run_after=None
[2025-05-01T10:04:20.087+0000] {processor.py:208} INFO - Processing /home/airflow/.local/lib/python3.11/site-packages/airflow/example_dags/example_dataset_alias_with_no_taskflow.py took 0.240 seconds
[2025-05-01T10:04:50.980+0000] {processor.py:186} INFO - Started process (PID=397) to work on /home/airflow/.local/lib/python3.11/site-packages/airflow/example_dags/example_dataset_alias_with_no_taskflow.py
[2025-05-01T10:04:50.984+0000] {processor.py:914} INFO - Processing file /home/airflow/.local/lib/python3.11/site-packages/airflow/example_dags/example_dataset_alias_with_no_taskflow.py for tasks to queue
[2025-05-01T10:04:50.986+0000] {logging_mixin.py:190} INFO - [2025-05-01T10:04:50.986+0000] {dagbag.py:588} INFO - Filling up the DagBag from /home/airflow/.local/lib/python3.11/site-packages/airflow/example_dags/example_dataset_alias_with_no_taskflow.py
[2025-05-01T10:04:51.243+0000] {processor.py:925} INFO - DAG(s) 'dataset_alias_example_alias_consumer_with_no_taskflow', 'dataset_alias_example_alias_producer_with_no_taskflow', 'dataset_s3_bucket_consumer_with_no_taskflow', 'dataset_s3_bucket_producer_with_no_taskflow' retrieved from /home/airflow/.local/lib/python3.11/site-packages/airflow/example_dags/example_dataset_alias_with_no_taskflow.py
[2025-05-01T10:04:51.258+0000] {logging_mixin.py:190} INFO - [2025-05-01T10:04:51.258+0000] {dag.py:3239} INFO - Sync 4 DAGs
[2025-05-01T10:04:51.272+0000] {logging_mixin.py:190} INFO - [2025-05-01T10:04:51.272+0000] {dag.py:4180} INFO - Setting next_dagrun for dataset_alias_example_alias_consumer_with_no_taskflow to None, run_after=None
[2025-05-01T10:04:51.273+0000] {logging_mixin.py:190} INFO - [2025-05-01T10:04:51.273+0000] {dag.py:4180} INFO - Setting next_dagrun for dataset_alias_example_alias_producer_with_no_taskflow to None, run_after=None
[2025-05-01T10:04:51.274+0000] {logging_mixin.py:190} INFO - [2025-05-01T10:04:51.274+0000] {dag.py:4180} INFO - Setting next_dagrun for dataset_s3_bucket_consumer_with_no_taskflow to None, run_after=None
[2025-05-01T10:04:51.275+0000] {logging_mixin.py:190} INFO - [2025-05-01T10:04:51.275+0000] {dag.py:4180} INFO - Setting next_dagrun for dataset_s3_bucket_producer_with_no_taskflow to None, run_after=None
[2025-05-01T10:04:51.283+0000] {processor.py:208} INFO - Processing /home/airflow/.local/lib/python3.11/site-packages/airflow/example_dags/example_dataset_alias_with_no_taskflow.py took 0.307 seconds
[2025-05-01T10:05:23.149+0000] {processor.py:186} INFO - Started process (PID=470) to work on /home/airflow/.local/lib/python3.11/site-packages/airflow/example_dags/example_dataset_alias_with_no_taskflow.py
[2025-05-01T10:05:23.151+0000] {processor.py:914} INFO - Processing file /home/airflow/.local/lib/python3.11/site-packages/airflow/example_dags/example_dataset_alias_with_no_taskflow.py for tasks to queue
[2025-05-01T10:05:23.154+0000] {logging_mixin.py:190} INFO - [2025-05-01T10:05:23.153+0000] {dagbag.py:588} INFO - Filling up the DagBag from /home/airflow/.local/lib/python3.11/site-packages/airflow/example_dags/example_dataset_alias_with_no_taskflow.py
[2025-05-01T10:05:23.504+0000] {processor.py:925} INFO - DAG(s) 'dataset_alias_example_alias_consumer_with_no_taskflow', 'dataset_s3_bucket_producer_with_no_taskflow', 'dataset_alias_example_alias_producer_with_no_taskflow', 'dataset_s3_bucket_consumer_with_no_taskflow' retrieved from /home/airflow/.local/lib/python3.11/site-packages/airflow/example_dags/example_dataset_alias_with_no_taskflow.py
[2025-05-01T10:05:23.557+0000] {logging_mixin.py:190} INFO - [2025-05-01T10:05:23.556+0000] {dag.py:3239} INFO - Sync 4 DAGs
[2025-05-01T10:05:23.650+0000] {logging_mixin.py:190} INFO - [2025-05-01T10:05:23.650+0000] {dag.py:4180} INFO - Setting next_dagrun for dataset_alias_example_alias_consumer_with_no_taskflow to None, run_after=None
[2025-05-01T10:05:23.653+0000] {logging_mixin.py:190} INFO - [2025-05-01T10:05:23.653+0000] {dag.py:4180} INFO - Setting next_dagrun for dataset_alias_example_alias_producer_with_no_taskflow to None, run_after=None
[2025-05-01T10:05:23.655+0000] {logging_mixin.py:190} INFO - [2025-05-01T10:05:23.655+0000] {dag.py:4180} INFO - Setting next_dagrun for dataset_s3_bucket_consumer_with_no_taskflow to None, run_after=None
[2025-05-01T10:05:23.660+0000] {logging_mixin.py:190} INFO - [2025-05-01T10:05:23.660+0000] {dag.py:4180} INFO - Setting next_dagrun for dataset_s3_bucket_producer_with_no_taskflow to None, run_after=None
[2025-05-01T10:05:23.690+0000] {processor.py:208} INFO - Processing /home/airflow/.local/lib/python3.11/site-packages/airflow/example_dags/example_dataset_alias_with_no_taskflow.py took 0.547 seconds
[2025-05-01T10:05:54.364+0000] {processor.py:186} INFO - Started process (PID=544) to work on /home/airflow/.local/lib/python3.11/site-packages/airflow/example_dags/example_dataset_alias_with_no_taskflow.py
[2025-05-01T10:05:54.366+0000] {processor.py:914} INFO - Processing file /home/airflow/.local/lib/python3.11/site-packages/airflow/example_dags/example_dataset_alias_with_no_taskflow.py for tasks to queue
[2025-05-01T10:05:54.371+0000] {logging_mixin.py:190} INFO - [2025-05-01T10:05:54.371+0000] {dagbag.py:588} INFO - Filling up the DagBag from /home/airflow/.local/lib/python3.11/site-packages/airflow/example_dags/example_dataset_alias_with_no_taskflow.py
[2025-05-01T10:05:55.139+0000] {processor.py:925} INFO - DAG(s) 'dataset_s3_bucket_producer_with_no_taskflow', 'dataset_alias_example_alias_producer_with_no_taskflow', 'dataset_alias_example_alias_consumer_with_no_taskflow', 'dataset_s3_bucket_consumer_with_no_taskflow' retrieved from /home/airflow/.local/lib/python3.11/site-packages/airflow/example_dags/example_dataset_alias_with_no_taskflow.py
[2025-05-01T10:05:55.166+0000] {logging_mixin.py:190} INFO - [2025-05-01T10:05:55.165+0000] {dag.py:3239} INFO - Sync 4 DAGs
[2025-05-01T10:05:55.282+0000] {logging_mixin.py:190} INFO - [2025-05-01T10:05:55.276+0000] {dag.py:4180} INFO - Setting next_dagrun for dataset_alias_example_alias_consumer_with_no_taskflow to None, run_after=None
[2025-05-01T10:05:55.299+0000] {logging_mixin.py:190} INFO - [2025-05-01T10:05:55.298+0000] {dag.py:4180} INFO - Setting next_dagrun for dataset_alias_example_alias_producer_with_no_taskflow to None, run_after=None
[2025-05-01T10:05:55.302+0000] {logging_mixin.py:190} INFO - [2025-05-01T10:05:55.301+0000] {dag.py:4180} INFO - Setting next_dagrun for dataset_s3_bucket_consumer_with_no_taskflow to None, run_after=None
[2025-05-01T10:05:55.304+0000] {logging_mixin.py:190} INFO - [2025-05-01T10:05:55.304+0000] {dag.py:4180} INFO - Setting next_dagrun for dataset_s3_bucket_producer_with_no_taskflow to None, run_after=None
[2025-05-01T10:05:55.338+0000] {processor.py:208} INFO - Processing /home/airflow/.local/lib/python3.11/site-packages/airflow/example_dags/example_dataset_alias_with_no_taskflow.py took 0.986 seconds
[2025-05-01T10:06:25.444+0000] {processor.py:186} INFO - Started process (PID=619) to work on /home/airflow/.local/lib/python3.11/site-packages/airflow/example_dags/example_dataset_alias_with_no_taskflow.py
[2025-05-01T10:06:25.446+0000] {processor.py:914} INFO - Processing file /home/airflow/.local/lib/python3.11/site-packages/airflow/example_dags/example_dataset_alias_with_no_taskflow.py for tasks to queue
[2025-05-01T10:06:25.449+0000] {logging_mixin.py:190} INFO - [2025-05-01T10:06:25.449+0000] {dagbag.py:588} INFO - Filling up the DagBag from /home/airflow/.local/lib/python3.11/site-packages/airflow/example_dags/example_dataset_alias_with_no_taskflow.py
[2025-05-01T10:06:25.847+0000] {processor.py:925} INFO - DAG(s) 'dataset_alias_example_alias_producer_with_no_taskflow', 'dataset_s3_bucket_consumer_with_no_taskflow', 'dataset_s3_bucket_producer_with_no_taskflow', 'dataset_alias_example_alias_consumer_with_no_taskflow' retrieved from /home/airflow/.local/lib/python3.11/site-packages/airflow/example_dags/example_dataset_alias_with_no_taskflow.py
[2025-05-01T10:06:25.870+0000] {logging_mixin.py:190} INFO - [2025-05-01T10:06:25.870+0000] {dag.py:3239} INFO - Sync 4 DAGs
[2025-05-01T10:06:25.895+0000] {logging_mixin.py:190} INFO - [2025-05-01T10:06:25.895+0000] {dag.py:4180} INFO - Setting next_dagrun for dataset_alias_example_alias_consumer_with_no_taskflow to None, run_after=None
[2025-05-01T10:06:25.898+0000] {logging_mixin.py:190} INFO - [2025-05-01T10:06:25.898+0000] {dag.py:4180} INFO - Setting next_dagrun for dataset_alias_example_alias_producer_with_no_taskflow to None, run_after=None
[2025-05-01T10:06:25.899+0000] {logging_mixin.py:190} INFO - [2025-05-01T10:06:25.899+0000] {dag.py:4180} INFO - Setting next_dagrun for dataset_s3_bucket_consumer_with_no_taskflow to None, run_after=None
[2025-05-01T10:06:25.900+0000] {logging_mixin.py:190} INFO - [2025-05-01T10:06:25.899+0000] {dag.py:4180} INFO - Setting next_dagrun for dataset_s3_bucket_producer_with_no_taskflow to None, run_after=None
[2025-05-01T10:06:25.919+0000] {processor.py:208} INFO - Processing /home/airflow/.local/lib/python3.11/site-packages/airflow/example_dags/example_dataset_alias_with_no_taskflow.py took 0.479 seconds
[2025-05-01T10:06:56.653+0000] {processor.py:186} INFO - Started process (PID=689) to work on /home/airflow/.local/lib/python3.11/site-packages/airflow/example_dags/example_dataset_alias_with_no_taskflow.py
[2025-05-01T10:06:56.657+0000] {processor.py:914} INFO - Processing file /home/airflow/.local/lib/python3.11/site-packages/airflow/example_dags/example_dataset_alias_with_no_taskflow.py for tasks to queue
[2025-05-01T10:06:56.662+0000] {logging_mixin.py:190} INFO - [2025-05-01T10:06:56.661+0000] {dagbag.py:588} INFO - Filling up the DagBag from /home/airflow/.local/lib/python3.11/site-packages/airflow/example_dags/example_dataset_alias_with_no_taskflow.py
[2025-05-01T10:06:58.281+0000] {processor.py:925} INFO - DAG(s) 'dataset_alias_example_alias_producer_with_no_taskflow', 'dataset_alias_example_alias_consumer_with_no_taskflow', 'dataset_s3_bucket_producer_with_no_taskflow', 'dataset_s3_bucket_consumer_with_no_taskflow' retrieved from /home/airflow/.local/lib/python3.11/site-packages/airflow/example_dags/example_dataset_alias_with_no_taskflow.py
[2025-05-01T10:06:58.479+0000] {logging_mixin.py:190} INFO - [2025-05-01T10:06:58.468+0000] {dag.py:3239} INFO - Sync 4 DAGs
[2025-05-01T10:06:58.574+0000] {logging_mixin.py:190} INFO - [2025-05-01T10:06:58.574+0000] {dag.py:4180} INFO - Setting next_dagrun for dataset_alias_example_alias_consumer_with_no_taskflow to None, run_after=None
[2025-05-01T10:06:58.589+0000] {logging_mixin.py:190} INFO - [2025-05-01T10:06:58.587+0000] {dag.py:4180} INFO - Setting next_dagrun for dataset_alias_example_alias_producer_with_no_taskflow to None, run_after=None
[2025-05-01T10:06:58.592+0000] {logging_mixin.py:190} INFO - [2025-05-01T10:06:58.592+0000] {dag.py:4180} INFO - Setting next_dagrun for dataset_s3_bucket_consumer_with_no_taskflow to None, run_after=None
[2025-05-01T10:06:58.594+0000] {logging_mixin.py:190} INFO - [2025-05-01T10:06:58.594+0000] {dag.py:4180} INFO - Setting next_dagrun for dataset_s3_bucket_producer_with_no_taskflow to None, run_after=None
[2025-05-01T10:06:58.655+0000] {processor.py:208} INFO - Processing /home/airflow/.local/lib/python3.11/site-packages/airflow/example_dags/example_dataset_alias_with_no_taskflow.py took 2.015 seconds
[2025-05-01T10:07:29.198+0000] {processor.py:186} INFO - Started process (PID=763) to work on /home/airflow/.local/lib/python3.11/site-packages/airflow/example_dags/example_dataset_alias_with_no_taskflow.py
[2025-05-01T10:07:29.201+0000] {processor.py:914} INFO - Processing file /home/airflow/.local/lib/python3.11/site-packages/airflow/example_dags/example_dataset_alias_with_no_taskflow.py for tasks to queue
[2025-05-01T10:07:29.207+0000] {logging_mixin.py:190} INFO - [2025-05-01T10:07:29.207+0000] {dagbag.py:588} INFO - Filling up the DagBag from /home/airflow/.local/lib/python3.11/site-packages/airflow/example_dags/example_dataset_alias_with_no_taskflow.py
[2025-05-01T10:07:29.608+0000] {processor.py:925} INFO - DAG(s) 'dataset_alias_example_alias_producer_with_no_taskflow', 'dataset_alias_example_alias_consumer_with_no_taskflow', 'dataset_s3_bucket_producer_with_no_taskflow', 'dataset_s3_bucket_consumer_with_no_taskflow' retrieved from /home/airflow/.local/lib/python3.11/site-packages/airflow/example_dags/example_dataset_alias_with_no_taskflow.py
[2025-05-01T10:07:29.622+0000] {logging_mixin.py:190} INFO - [2025-05-01T10:07:29.622+0000] {dag.py:3239} INFO - Sync 4 DAGs
[2025-05-01T10:07:29.636+0000] {logging_mixin.py:190} INFO - [2025-05-01T10:07:29.636+0000] {dag.py:4180} INFO - Setting next_dagrun for dataset_alias_example_alias_consumer_with_no_taskflow to None, run_after=None
[2025-05-01T10:07:29.639+0000] {logging_mixin.py:190} INFO - [2025-05-01T10:07:29.638+0000] {dag.py:4180} INFO - Setting next_dagrun for dataset_alias_example_alias_producer_with_no_taskflow to None, run_after=None
[2025-05-01T10:07:29.639+0000] {logging_mixin.py:190} INFO - [2025-05-01T10:07:29.639+0000] {dag.py:4180} INFO - Setting next_dagrun for dataset_s3_bucket_consumer_with_no_taskflow to None, run_after=None
[2025-05-01T10:07:29.639+0000] {logging_mixin.py:190} INFO - [2025-05-01T10:07:29.639+0000] {dag.py:4180} INFO - Setting next_dagrun for dataset_s3_bucket_producer_with_no_taskflow to None, run_after=None
[2025-05-01T10:07:29.651+0000] {processor.py:208} INFO - Processing /home/airflow/.local/lib/python3.11/site-packages/airflow/example_dags/example_dataset_alias_with_no_taskflow.py took 0.463 seconds
[2025-05-01T10:08:00.606+0000] {processor.py:186} INFO - Started process (PID=839) to work on /home/airflow/.local/lib/python3.11/site-packages/airflow/example_dags/example_dataset_alias_with_no_taskflow.py
[2025-05-01T10:08:00.609+0000] {processor.py:914} INFO - Processing file /home/airflow/.local/lib/python3.11/site-packages/airflow/example_dags/example_dataset_alias_with_no_taskflow.py for tasks to queue
[2025-05-01T10:08:00.610+0000] {logging_mixin.py:190} INFO - [2025-05-01T10:08:00.610+0000] {dagbag.py:588} INFO - Filling up the DagBag from /home/airflow/.local/lib/python3.11/site-packages/airflow/example_dags/example_dataset_alias_with_no_taskflow.py
[2025-05-01T10:08:00.868+0000] {processor.py:925} INFO - DAG(s) 'dataset_s3_bucket_producer_with_no_taskflow', 'dataset_alias_example_alias_producer_with_no_taskflow', 'dataset_s3_bucket_consumer_with_no_taskflow', 'dataset_alias_example_alias_consumer_with_no_taskflow' retrieved from /home/airflow/.local/lib/python3.11/site-packages/airflow/example_dags/example_dataset_alias_with_no_taskflow.py
[2025-05-01T10:08:00.881+0000] {logging_mixin.py:190} INFO - [2025-05-01T10:08:00.881+0000] {dag.py:3239} INFO - Sync 4 DAGs
[2025-05-01T10:08:00.893+0000] {logging_mixin.py:190} INFO - [2025-05-01T10:08:00.892+0000] {dag.py:4180} INFO - Setting next_dagrun for dataset_alias_example_alias_consumer_with_no_taskflow to None, run_after=None
[2025-05-01T10:08:00.894+0000] {logging_mixin.py:190} INFO - [2025-05-01T10:08:00.894+0000] {dag.py:4180} INFO - Setting next_dagrun for dataset_alias_example_alias_producer_with_no_taskflow to None, run_after=None
[2025-05-01T10:08:00.894+0000] {logging_mixin.py:190} INFO - [2025-05-01T10:08:00.894+0000] {dag.py:4180} INFO - Setting next_dagrun for dataset_s3_bucket_consumer_with_no_taskflow to None, run_after=None
[2025-05-01T10:08:00.895+0000] {logging_mixin.py:190} INFO - [2025-05-01T10:08:00.895+0000] {dag.py:4180} INFO - Setting next_dagrun for dataset_s3_bucket_producer_with_no_taskflow to None, run_after=None
[2025-05-01T10:08:00.903+0000] {processor.py:208} INFO - Processing /home/airflow/.local/lib/python3.11/site-packages/airflow/example_dags/example_dataset_alias_with_no_taskflow.py took 0.311 seconds
[2025-05-01T10:08:31.837+0000] {processor.py:186} INFO - Started process (PID=913) to work on /home/airflow/.local/lib/python3.11/site-packages/airflow/example_dags/example_dataset_alias_with_no_taskflow.py
[2025-05-01T10:08:31.840+0000] {processor.py:914} INFO - Processing file /home/airflow/.local/lib/python3.11/site-packages/airflow/example_dags/example_dataset_alias_with_no_taskflow.py for tasks to queue
[2025-05-01T10:08:31.843+0000] {logging_mixin.py:190} INFO - [2025-05-01T10:08:31.843+0000] {dagbag.py:588} INFO - Filling up the DagBag from /home/airflow/.local/lib/python3.11/site-packages/airflow/example_dags/example_dataset_alias_with_no_taskflow.py
[2025-05-01T10:08:32.146+0000] {processor.py:925} INFO - DAG(s) 'dataset_alias_example_alias_producer_with_no_taskflow', 'dataset_s3_bucket_consumer_with_no_taskflow', 'dataset_s3_bucket_producer_with_no_taskflow', 'dataset_alias_example_alias_consumer_with_no_taskflow' retrieved from /home/airflow/.local/lib/python3.11/site-packages/airflow/example_dags/example_dataset_alias_with_no_taskflow.py
[2025-05-01T10:08:32.169+0000] {logging_mixin.py:190} INFO - [2025-05-01T10:08:32.169+0000] {dag.py:3239} INFO - Sync 4 DAGs
[2025-05-01T10:08:32.182+0000] {logging_mixin.py:190} INFO - [2025-05-01T10:08:32.182+0000] {dag.py:4180} INFO - Setting next_dagrun for dataset_alias_example_alias_consumer_with_no_taskflow to None, run_after=None
[2025-05-01T10:08:32.184+0000] {logging_mixin.py:190} INFO - [2025-05-01T10:08:32.184+0000] {dag.py:4180} INFO - Setting next_dagrun for dataset_alias_example_alias_producer_with_no_taskflow to None, run_after=None
[2025-05-01T10:08:32.184+0000] {logging_mixin.py:190} INFO - [2025-05-01T10:08:32.184+0000] {dag.py:4180} INFO - Setting next_dagrun for dataset_s3_bucket_consumer_with_no_taskflow to None, run_after=None
[2025-05-01T10:08:32.185+0000] {logging_mixin.py:190} INFO - [2025-05-01T10:08:32.185+0000] {dag.py:4180} INFO - Setting next_dagrun for dataset_s3_bucket_producer_with_no_taskflow to None, run_after=None
[2025-05-01T10:08:32.196+0000] {processor.py:208} INFO - Processing /home/airflow/.local/lib/python3.11/site-packages/airflow/example_dags/example_dataset_alias_with_no_taskflow.py took 0.373 seconds
[2025-05-01T10:09:02.255+0000] {processor.py:186} INFO - Started process (PID=988) to work on /home/airflow/.local/lib/python3.11/site-packages/airflow/example_dags/example_dataset_alias_with_no_taskflow.py
[2025-05-01T10:09:02.257+0000] {processor.py:914} INFO - Processing file /home/airflow/.local/lib/python3.11/site-packages/airflow/example_dags/example_dataset_alias_with_no_taskflow.py for tasks to queue
[2025-05-01T10:09:02.259+0000] {logging_mixin.py:190} INFO - [2025-05-01T10:09:02.259+0000] {dagbag.py:588} INFO - Filling up the DagBag from /home/airflow/.local/lib/python3.11/site-packages/airflow/example_dags/example_dataset_alias_with_no_taskflow.py
[2025-05-01T10:09:02.499+0000] {processor.py:925} INFO - DAG(s) 'dataset_s3_bucket_producer_with_no_taskflow', 'dataset_s3_bucket_consumer_with_no_taskflow', 'dataset_alias_example_alias_producer_with_no_taskflow', 'dataset_alias_example_alias_consumer_with_no_taskflow' retrieved from /home/airflow/.local/lib/python3.11/site-packages/airflow/example_dags/example_dataset_alias_with_no_taskflow.py
[2025-05-01T10:09:02.510+0000] {logging_mixin.py:190} INFO - [2025-05-01T10:09:02.510+0000] {dag.py:3239} INFO - Sync 4 DAGs
[2025-05-01T10:09:02.519+0000] {logging_mixin.py:190} INFO - [2025-05-01T10:09:02.519+0000] {dag.py:4180} INFO - Setting next_dagrun for dataset_alias_example_alias_consumer_with_no_taskflow to None, run_after=None
[2025-05-01T10:09:02.522+0000] {logging_mixin.py:190} INFO - [2025-05-01T10:09:02.521+0000] {dag.py:4180} INFO - Setting next_dagrun for dataset_alias_example_alias_producer_with_no_taskflow to None, run_after=None
[2025-05-01T10:09:02.523+0000] {logging_mixin.py:190} INFO - [2025-05-01T10:09:02.523+0000] {dag.py:4180} INFO - Setting next_dagrun for dataset_s3_bucket_consumer_with_no_taskflow to None, run_after=None
[2025-05-01T10:09:02.524+0000] {logging_mixin.py:190} INFO - [2025-05-01T10:09:02.524+0000] {dag.py:4180} INFO - Setting next_dagrun for dataset_s3_bucket_producer_with_no_taskflow to None, run_after=None
[2025-05-01T10:09:02.533+0000] {processor.py:208} INFO - Processing /home/airflow/.local/lib/python3.11/site-packages/airflow/example_dags/example_dataset_alias_with_no_taskflow.py took 0.282 seconds
[2025-05-01T10:09:32.598+0000] {processor.py:186} INFO - Started process (PID=1065) to work on /home/airflow/.local/lib/python3.11/site-packages/airflow/example_dags/example_dataset_alias_with_no_taskflow.py
[2025-05-01T10:09:32.601+0000] {processor.py:914} INFO - Processing file /home/airflow/.local/lib/python3.11/site-packages/airflow/example_dags/example_dataset_alias_with_no_taskflow.py for tasks to queue
[2025-05-01T10:09:32.603+0000] {logging_mixin.py:190} INFO - [2025-05-01T10:09:32.603+0000] {dagbag.py:588} INFO - Filling up the DagBag from /home/airflow/.local/lib/python3.11/site-packages/airflow/example_dags/example_dataset_alias_with_no_taskflow.py
[2025-05-01T10:09:32.813+0000] {processor.py:925} INFO - DAG(s) 'dataset_s3_bucket_producer_with_no_taskflow', 'dataset_s3_bucket_consumer_with_no_taskflow', 'dataset_alias_example_alias_producer_with_no_taskflow', 'dataset_alias_example_alias_consumer_with_no_taskflow' retrieved from /home/airflow/.local/lib/python3.11/site-packages/airflow/example_dags/example_dataset_alias_with_no_taskflow.py
[2025-05-01T10:09:32.821+0000] {logging_mixin.py:190} INFO - [2025-05-01T10:09:32.821+0000] {dag.py:3239} INFO - Sync 4 DAGs
[2025-05-01T10:09:32.833+0000] {logging_mixin.py:190} INFO - [2025-05-01T10:09:32.833+0000] {dag.py:4180} INFO - Setting next_dagrun for dataset_alias_example_alias_consumer_with_no_taskflow to None, run_after=None
[2025-05-01T10:09:32.834+0000] {logging_mixin.py:190} INFO - [2025-05-01T10:09:32.834+0000] {dag.py:4180} INFO - Setting next_dagrun for dataset_alias_example_alias_producer_with_no_taskflow to None, run_after=None
[2025-05-01T10:09:32.835+0000] {logging_mixin.py:190} INFO - [2025-05-01T10:09:32.835+0000] {dag.py:4180} INFO - Setting next_dagrun for dataset_s3_bucket_consumer_with_no_taskflow to None, run_after=None
[2025-05-01T10:09:32.836+0000] {logging_mixin.py:190} INFO - [2025-05-01T10:09:32.836+0000] {dag.py:4180} INFO - Setting next_dagrun for dataset_s3_bucket_producer_with_no_taskflow to None, run_after=None
[2025-05-01T10:09:32.845+0000] {processor.py:208} INFO - Processing /home/airflow/.local/lib/python3.11/site-packages/airflow/example_dags/example_dataset_alias_with_no_taskflow.py took 0.251 seconds
[2025-05-01T10:10:02.874+0000] {processor.py:186} INFO - Started process (PID=1140) to work on /home/airflow/.local/lib/python3.11/site-packages/airflow/example_dags/example_dataset_alias_with_no_taskflow.py
[2025-05-01T10:10:02.875+0000] {processor.py:914} INFO - Processing file /home/airflow/.local/lib/python3.11/site-packages/airflow/example_dags/example_dataset_alias_with_no_taskflow.py for tasks to queue
[2025-05-01T10:10:02.877+0000] {logging_mixin.py:190} INFO - [2025-05-01T10:10:02.877+0000] {dagbag.py:588} INFO - Filling up the DagBag from /home/airflow/.local/lib/python3.11/site-packages/airflow/example_dags/example_dataset_alias_with_no_taskflow.py
[2025-05-01T10:10:03.082+0000] {processor.py:925} INFO - DAG(s) 'dataset_alias_example_alias_consumer_with_no_taskflow', 'dataset_s3_bucket_producer_with_no_taskflow', 'dataset_s3_bucket_consumer_with_no_taskflow', 'dataset_alias_example_alias_producer_with_no_taskflow' retrieved from /home/airflow/.local/lib/python3.11/site-packages/airflow/example_dags/example_dataset_alias_with_no_taskflow.py
[2025-05-01T10:10:03.093+0000] {logging_mixin.py:190} INFO - [2025-05-01T10:10:03.093+0000] {dag.py:3239} INFO - Sync 4 DAGs
[2025-05-01T10:10:03.108+0000] {logging_mixin.py:190} INFO - [2025-05-01T10:10:03.108+0000] {dag.py:4180} INFO - Setting next_dagrun for dataset_alias_example_alias_consumer_with_no_taskflow to None, run_after=None
[2025-05-01T10:10:03.112+0000] {logging_mixin.py:190} INFO - [2025-05-01T10:10:03.111+0000] {dag.py:4180} INFO - Setting next_dagrun for dataset_alias_example_alias_producer_with_no_taskflow to None, run_after=None
[2025-05-01T10:10:03.115+0000] {logging_mixin.py:190} INFO - [2025-05-01T10:10:03.115+0000] {dag.py:4180} INFO - Setting next_dagrun for dataset_s3_bucket_consumer_with_no_taskflow to None, run_after=None
[2025-05-01T10:10:03.116+0000] {logging_mixin.py:190} INFO - [2025-05-01T10:10:03.116+0000] {dag.py:4180} INFO - Setting next_dagrun for dataset_s3_bucket_producer_with_no_taskflow to None, run_after=None
[2025-05-01T10:10:03.129+0000] {processor.py:208} INFO - Processing /home/airflow/.local/lib/python3.11/site-packages/airflow/example_dags/example_dataset_alias_with_no_taskflow.py took 0.258 seconds
[2025-05-01T10:10:33.267+0000] {processor.py:186} INFO - Started process (PID=1216) to work on /home/airflow/.local/lib/python3.11/site-packages/airflow/example_dags/example_dataset_alias_with_no_taskflow.py
[2025-05-01T10:10:33.268+0000] {processor.py:914} INFO - Processing file /home/airflow/.local/lib/python3.11/site-packages/airflow/example_dags/example_dataset_alias_with_no_taskflow.py for tasks to queue
[2025-05-01T10:10:33.269+0000] {logging_mixin.py:190} INFO - [2025-05-01T10:10:33.269+0000] {dagbag.py:588} INFO - Filling up the DagBag from /home/airflow/.local/lib/python3.11/site-packages/airflow/example_dags/example_dataset_alias_with_no_taskflow.py
[2025-05-01T10:10:33.517+0000] {processor.py:925} INFO - DAG(s) 'dataset_alias_example_alias_consumer_with_no_taskflow', 'dataset_s3_bucket_producer_with_no_taskflow', 'dataset_s3_bucket_consumer_with_no_taskflow', 'dataset_alias_example_alias_producer_with_no_taskflow' retrieved from /home/airflow/.local/lib/python3.11/site-packages/airflow/example_dags/example_dataset_alias_with_no_taskflow.py
[2025-05-01T10:10:33.529+0000] {logging_mixin.py:190} INFO - [2025-05-01T10:10:33.529+0000] {dag.py:3239} INFO - Sync 4 DAGs
[2025-05-01T10:10:33.541+0000] {logging_mixin.py:190} INFO - [2025-05-01T10:10:33.541+0000] {dag.py:4180} INFO - Setting next_dagrun for dataset_alias_example_alias_consumer_with_no_taskflow to None, run_after=None
[2025-05-01T10:10:33.544+0000] {logging_mixin.py:190} INFO - [2025-05-01T10:10:33.544+0000] {dag.py:4180} INFO - Setting next_dagrun for dataset_alias_example_alias_producer_with_no_taskflow to None, run_after=None
[2025-05-01T10:10:33.544+0000] {logging_mixin.py:190} INFO - [2025-05-01T10:10:33.544+0000] {dag.py:4180} INFO - Setting next_dagrun for dataset_s3_bucket_consumer_with_no_taskflow to None, run_after=None
[2025-05-01T10:10:33.546+0000] {logging_mixin.py:190} INFO - [2025-05-01T10:10:33.546+0000] {dag.py:4180} INFO - Setting next_dagrun for dataset_s3_bucket_producer_with_no_taskflow to None, run_after=None
[2025-05-01T10:10:33.556+0000] {processor.py:208} INFO - Processing /home/airflow/.local/lib/python3.11/site-packages/airflow/example_dags/example_dataset_alias_with_no_taskflow.py took 0.293 seconds
[2025-05-01T10:11:03.833+0000] {processor.py:186} INFO - Started process (PID=1291) to work on /home/airflow/.local/lib/python3.11/site-packages/airflow/example_dags/example_dataset_alias_with_no_taskflow.py
[2025-05-01T10:11:03.835+0000] {processor.py:914} INFO - Processing file /home/airflow/.local/lib/python3.11/site-packages/airflow/example_dags/example_dataset_alias_with_no_taskflow.py for tasks to queue
[2025-05-01T10:11:03.837+0000] {logging_mixin.py:190} INFO - [2025-05-01T10:11:03.837+0000] {dagbag.py:588} INFO - Filling up the DagBag from /home/airflow/.local/lib/python3.11/site-packages/airflow/example_dags/example_dataset_alias_with_no_taskflow.py
[2025-05-01T10:11:04.025+0000] {processor.py:925} INFO - DAG(s) 'dataset_s3_bucket_producer_with_no_taskflow', 'dataset_s3_bucket_consumer_with_no_taskflow', 'dataset_alias_example_alias_consumer_with_no_taskflow', 'dataset_alias_example_alias_producer_with_no_taskflow' retrieved from /home/airflow/.local/lib/python3.11/site-packages/airflow/example_dags/example_dataset_alias_with_no_taskflow.py
[2025-05-01T10:11:04.038+0000] {logging_mixin.py:190} INFO - [2025-05-01T10:11:04.038+0000] {dag.py:3239} INFO - Sync 4 DAGs
[2025-05-01T10:11:04.050+0000] {logging_mixin.py:190} INFO - [2025-05-01T10:11:04.050+0000] {dag.py:4180} INFO - Setting next_dagrun for dataset_alias_example_alias_consumer_with_no_taskflow to None, run_after=None
[2025-05-01T10:11:04.052+0000] {logging_mixin.py:190} INFO - [2025-05-01T10:11:04.051+0000] {dag.py:4180} INFO - Setting next_dagrun for dataset_alias_example_alias_producer_with_no_taskflow to None, run_after=None
[2025-05-01T10:11:04.052+0000] {logging_mixin.py:190} INFO - [2025-05-01T10:11:04.052+0000] {dag.py:4180} INFO - Setting next_dagrun for dataset_s3_bucket_consumer_with_no_taskflow to None, run_after=None
[2025-05-01T10:11:04.053+0000] {logging_mixin.py:190} INFO - [2025-05-01T10:11:04.052+0000] {dag.py:4180} INFO - Setting next_dagrun for dataset_s3_bucket_producer_with_no_taskflow to None, run_after=None
[2025-05-01T10:11:04.061+0000] {processor.py:208} INFO - Processing /home/airflow/.local/lib/python3.11/site-packages/airflow/example_dags/example_dataset_alias_with_no_taskflow.py took 0.236 seconds
[2025-05-01T10:21:40.279+0000] {processor.py:186} INFO - Started process (PID=1345) to work on /home/airflow/.local/lib/python3.11/site-packages/airflow/example_dags/example_dataset_alias_with_no_taskflow.py
[2025-05-01T10:21:40.281+0000] {processor.py:914} INFO - Processing file /home/airflow/.local/lib/python3.11/site-packages/airflow/example_dags/example_dataset_alias_with_no_taskflow.py for tasks to queue
[2025-05-01T10:21:40.282+0000] {logging_mixin.py:190} INFO - [2025-05-01T10:21:40.282+0000] {dagbag.py:588} INFO - Filling up the DagBag from /home/airflow/.local/lib/python3.11/site-packages/airflow/example_dags/example_dataset_alias_with_no_taskflow.py
[2025-05-01T10:21:40.536+0000] {processor.py:925} INFO - DAG(s) 'dataset_s3_bucket_consumer_with_no_taskflow', 'dataset_alias_example_alias_producer_with_no_taskflow', 'dataset_s3_bucket_producer_with_no_taskflow', 'dataset_alias_example_alias_consumer_with_no_taskflow' retrieved from /home/airflow/.local/lib/python3.11/site-packages/airflow/example_dags/example_dataset_alias_with_no_taskflow.py
[2025-05-01T10:21:40.547+0000] {logging_mixin.py:190} INFO - [2025-05-01T10:21:40.547+0000] {dag.py:3239} INFO - Sync 4 DAGs
[2025-05-01T10:21:40.560+0000] {logging_mixin.py:190} INFO - [2025-05-01T10:21:40.560+0000] {dag.py:4180} INFO - Setting next_dagrun for dataset_alias_example_alias_consumer_with_no_taskflow to None, run_after=None
[2025-05-01T10:21:40.753+0000] {logging_mixin.py:190} INFO - [2025-05-01T10:21:40.753+0000] {dag.py:4180} INFO - Setting next_dagrun for dataset_alias_example_alias_producer_with_no_taskflow to None, run_after=None
[2025-05-01T10:21:40.756+0000] {logging_mixin.py:190} INFO - [2025-05-01T10:21:40.756+0000] {dag.py:4180} INFO - Setting next_dagrun for dataset_s3_bucket_consumer_with_no_taskflow to None, run_after=None
[2025-05-01T10:21:40.757+0000] {logging_mixin.py:190} INFO - [2025-05-01T10:21:40.757+0000] {dag.py:4180} INFO - Setting next_dagrun for dataset_s3_bucket_producer_with_no_taskflow to None, run_after=None
[2025-05-01T10:21:40.771+0000] {processor.py:208} INFO - Processing /home/airflow/.local/lib/python3.11/site-packages/airflow/example_dags/example_dataset_alias_with_no_taskflow.py took 0.495 seconds
