[2025-05-01T10:02:45.139+0000] {processor.py:186} INFO - Started process (PID=104) to work on /home/airflow/.local/lib/python3.11/site-packages/airflow/example_dags/example_latest_only_with_trigger.py
[2025-05-01T10:02:45.144+0000] {processor.py:914} INFO - Processing file /home/airflow/.local/lib/python3.11/site-packages/airflow/example_dags/example_latest_only_with_trigger.py for tasks to queue
[2025-05-01T10:02:45.154+0000] {logging_mixin.py:190} INFO - [2025-05-01T10:02:45.154+0000] {dagbag.py:588} INFO - Filling up the DagBag from /home/airflow/.local/lib/python3.11/site-packages/airflow/example_dags/example_latest_only_with_trigger.py
[2025-05-01T10:02:45.189+0000] {processor.py:925} INFO - DAG(s) 'latest_only_with_trigger' retrieved from /home/airflow/.local/lib/python3.11/site-packages/airflow/example_dags/example_latest_only_with_trigger.py
[2025-05-01T10:02:45.239+0000] {logging_mixin.py:190} INFO - [2025-05-01T10:02:45.239+0000] {dag.py:3239} INFO - Sync 1 DAGs
[2025-05-01T10:02:45.267+0000] {logging_mixin.py:190} INFO - [2025-05-01T10:02:45.266+0000] {dag.py:4180} INFO - Setting next_dagrun for latest_only_with_trigger to 2025-05-01 04:00:00+00:00, run_after=2025-05-01 08:00:00+00:00
[2025-05-01T10:02:45.297+0000] {processor.py:208} INFO - Processing /home/airflow/.local/lib/python3.11/site-packages/airflow/example_dags/example_latest_only_with_trigger.py took 0.178 seconds
[2025-05-01T10:03:16.168+0000] {processor.py:186} INFO - Started process (PID=169) to work on /home/airflow/.local/lib/python3.11/site-packages/airflow/example_dags/example_latest_only_with_trigger.py
[2025-05-01T10:03:16.171+0000] {processor.py:914} INFO - Processing file /home/airflow/.local/lib/python3.11/site-packages/airflow/example_dags/example_latest_only_with_trigger.py for tasks to queue
[2025-05-01T10:03:16.177+0000] {logging_mixin.py:190} INFO - [2025-05-01T10:03:16.176+0000] {dagbag.py:588} INFO - Filling up the DagBag from /home/airflow/.local/lib/python3.11/site-packages/airflow/example_dags/example_latest_only_with_trigger.py
[2025-05-01T10:03:16.186+0000] {processor.py:925} INFO - DAG(s) 'latest_only_with_trigger' retrieved from /home/airflow/.local/lib/python3.11/site-packages/airflow/example_dags/example_latest_only_with_trigger.py
[2025-05-01T10:03:16.203+0000] {logging_mixin.py:190} INFO - [2025-05-01T10:03:16.203+0000] {dag.py:3239} INFO - Sync 1 DAGs
[2025-05-01T10:03:16.216+0000] {logging_mixin.py:190} INFO - [2025-05-01T10:03:16.216+0000] {dag.py:4180} INFO - Setting next_dagrun for latest_only_with_trigger to 2025-05-01 04:00:00+00:00, run_after=2025-05-01 08:00:00+00:00
[2025-05-01T10:03:16.227+0000] {processor.py:208} INFO - Processing /home/airflow/.local/lib/python3.11/site-packages/airflow/example_dags/example_latest_only_with_trigger.py took 0.069 seconds
[2025-05-01T10:03:47.026+0000] {processor.py:186} INFO - Started process (PID=242) to work on /home/airflow/.local/lib/python3.11/site-packages/airflow/example_dags/example_latest_only_with_trigger.py
[2025-05-01T10:03:47.027+0000] {processor.py:914} INFO - Processing file /home/airflow/.local/lib/python3.11/site-packages/airflow/example_dags/example_latest_only_with_trigger.py for tasks to queue
[2025-05-01T10:03:47.029+0000] {logging_mixin.py:190} INFO - [2025-05-01T10:03:47.029+0000] {dagbag.py:588} INFO - Filling up the DagBag from /home/airflow/.local/lib/python3.11/site-packages/airflow/example_dags/example_latest_only_with_trigger.py
[2025-05-01T10:03:47.035+0000] {processor.py:925} INFO - DAG(s) 'latest_only_with_trigger' retrieved from /home/airflow/.local/lib/python3.11/site-packages/airflow/example_dags/example_latest_only_with_trigger.py
[2025-05-01T10:03:47.055+0000] {logging_mixin.py:190} INFO - [2025-05-01T10:03:47.055+0000] {dag.py:3239} INFO - Sync 1 DAGs
[2025-05-01T10:03:47.070+0000] {logging_mixin.py:190} INFO - [2025-05-01T10:03:47.070+0000] {dag.py:4180} INFO - Setting next_dagrun for latest_only_with_trigger to 2025-05-01 04:00:00+00:00, run_after=2025-05-01 08:00:00+00:00
[2025-05-01T10:03:47.082+0000] {processor.py:208} INFO - Processing /home/airflow/.local/lib/python3.11/site-packages/airflow/example_dags/example_latest_only_with_trigger.py took 0.063 seconds
[2025-05-01T10:04:17.207+0000] {processor.py:186} INFO - Started process (PID=315) to work on /home/airflow/.local/lib/python3.11/site-packages/airflow/example_dags/example_latest_only_with_trigger.py
[2025-05-01T10:04:17.209+0000] {processor.py:914} INFO - Processing file /home/airflow/.local/lib/python3.11/site-packages/airflow/example_dags/example_latest_only_with_trigger.py for tasks to queue
[2025-05-01T10:04:17.212+0000] {logging_mixin.py:190} INFO - [2025-05-01T10:04:17.211+0000] {dagbag.py:588} INFO - Filling up the DagBag from /home/airflow/.local/lib/python3.11/site-packages/airflow/example_dags/example_latest_only_with_trigger.py
[2025-05-01T10:04:17.221+0000] {processor.py:925} INFO - DAG(s) 'latest_only_with_trigger' retrieved from /home/airflow/.local/lib/python3.11/site-packages/airflow/example_dags/example_latest_only_with_trigger.py
[2025-05-01T10:04:17.254+0000] {logging_mixin.py:190} INFO - [2025-05-01T10:04:17.254+0000] {dag.py:3239} INFO - Sync 1 DAGs
[2025-05-01T10:04:17.277+0000] {logging_mixin.py:190} INFO - [2025-05-01T10:04:17.276+0000] {dag.py:4180} INFO - Setting next_dagrun for latest_only_with_trigger to 2025-05-01 04:00:00+00:00, run_after=2025-05-01 08:00:00+00:00
[2025-05-01T10:04:17.290+0000] {processor.py:208} INFO - Processing /home/airflow/.local/lib/python3.11/site-packages/airflow/example_dags/example_latest_only_with_trigger.py took 0.093 seconds
[2025-05-01T10:04:47.392+0000] {processor.py:186} INFO - Started process (PID=388) to work on /home/airflow/.local/lib/python3.11/site-packages/airflow/example_dags/example_latest_only_with_trigger.py
[2025-05-01T10:04:47.395+0000] {processor.py:914} INFO - Processing file /home/airflow/.local/lib/python3.11/site-packages/airflow/example_dags/example_latest_only_with_trigger.py for tasks to queue
[2025-05-01T10:04:47.399+0000] {logging_mixin.py:190} INFO - [2025-05-01T10:04:47.399+0000] {dagbag.py:588} INFO - Filling up the DagBag from /home/airflow/.local/lib/python3.11/site-packages/airflow/example_dags/example_latest_only_with_trigger.py
[2025-05-01T10:04:47.422+0000] {processor.py:925} INFO - DAG(s) 'latest_only_with_trigger' retrieved from /home/airflow/.local/lib/python3.11/site-packages/airflow/example_dags/example_latest_only_with_trigger.py
[2025-05-01T10:04:47.451+0000] {logging_mixin.py:190} INFO - [2025-05-01T10:04:47.451+0000] {dag.py:3239} INFO - Sync 1 DAGs
[2025-05-01T10:04:47.475+0000] {logging_mixin.py:190} INFO - [2025-05-01T10:04:47.475+0000] {dag.py:4180} INFO - Setting next_dagrun for latest_only_with_trigger to 2025-05-01 04:00:00+00:00, run_after=2025-05-01 08:00:00+00:00
[2025-05-01T10:04:47.487+0000] {processor.py:208} INFO - Processing /home/airflow/.local/lib/python3.11/site-packages/airflow/example_dags/example_latest_only_with_trigger.py took 0.104 seconds
[2025-05-01T10:05:18.408+0000] {processor.py:186} INFO - Started process (PID=461) to work on /home/airflow/.local/lib/python3.11/site-packages/airflow/example_dags/example_latest_only_with_trigger.py
[2025-05-01T10:05:18.411+0000] {processor.py:914} INFO - Processing file /home/airflow/.local/lib/python3.11/site-packages/airflow/example_dags/example_latest_only_with_trigger.py for tasks to queue
[2025-05-01T10:05:18.422+0000] {logging_mixin.py:190} INFO - [2025-05-01T10:05:18.421+0000] {dagbag.py:588} INFO - Filling up the DagBag from /home/airflow/.local/lib/python3.11/site-packages/airflow/example_dags/example_latest_only_with_trigger.py
[2025-05-01T10:05:18.441+0000] {processor.py:925} INFO - DAG(s) 'latest_only_with_trigger' retrieved from /home/airflow/.local/lib/python3.11/site-packages/airflow/example_dags/example_latest_only_with_trigger.py
[2025-05-01T10:05:18.477+0000] {logging_mixin.py:190} INFO - [2025-05-01T10:05:18.477+0000] {dag.py:3239} INFO - Sync 1 DAGs
[2025-05-01T10:05:18.503+0000] {logging_mixin.py:190} INFO - [2025-05-01T10:05:18.503+0000] {dag.py:4180} INFO - Setting next_dagrun for latest_only_with_trigger to 2025-05-01 04:00:00+00:00, run_after=2025-05-01 08:00:00+00:00
[2025-05-01T10:05:18.524+0000] {processor.py:208} INFO - Processing /home/airflow/.local/lib/python3.11/site-packages/airflow/example_dags/example_latest_only_with_trigger.py took 0.163 seconds
[2025-05-01T10:05:49.249+0000] {processor.py:186} INFO - Started process (PID=534) to work on /home/airflow/.local/lib/python3.11/site-packages/airflow/example_dags/example_latest_only_with_trigger.py
[2025-05-01T10:05:49.250+0000] {processor.py:914} INFO - Processing file /home/airflow/.local/lib/python3.11/site-packages/airflow/example_dags/example_latest_only_with_trigger.py for tasks to queue
[2025-05-01T10:05:49.253+0000] {logging_mixin.py:190} INFO - [2025-05-01T10:05:49.252+0000] {dagbag.py:588} INFO - Filling up the DagBag from /home/airflow/.local/lib/python3.11/site-packages/airflow/example_dags/example_latest_only_with_trigger.py
[2025-05-01T10:05:49.260+0000] {processor.py:925} INFO - DAG(s) 'latest_only_with_trigger' retrieved from /home/airflow/.local/lib/python3.11/site-packages/airflow/example_dags/example_latest_only_with_trigger.py
[2025-05-01T10:05:49.276+0000] {logging_mixin.py:190} INFO - [2025-05-01T10:05:49.276+0000] {dag.py:3239} INFO - Sync 1 DAGs
[2025-05-01T10:05:49.293+0000] {logging_mixin.py:190} INFO - [2025-05-01T10:05:49.293+0000] {dag.py:4180} INFO - Setting next_dagrun for latest_only_with_trigger to 2025-05-01 04:00:00+00:00, run_after=2025-05-01 08:00:00+00:00
[2025-05-01T10:05:49.305+0000] {processor.py:208} INFO - Processing /home/airflow/.local/lib/python3.11/site-packages/airflow/example_dags/example_latest_only_with_trigger.py took 0.065 seconds
[2025-05-01T10:06:21.155+0000] {processor.py:186} INFO - Started process (PID=607) to work on /home/airflow/.local/lib/python3.11/site-packages/airflow/example_dags/example_latest_only_with_trigger.py
[2025-05-01T10:06:21.156+0000] {processor.py:914} INFO - Processing file /home/airflow/.local/lib/python3.11/site-packages/airflow/example_dags/example_latest_only_with_trigger.py for tasks to queue
[2025-05-01T10:06:21.159+0000] {logging_mixin.py:190} INFO - [2025-05-01T10:06:21.158+0000] {dagbag.py:588} INFO - Filling up the DagBag from /home/airflow/.local/lib/python3.11/site-packages/airflow/example_dags/example_latest_only_with_trigger.py
[2025-05-01T10:06:21.168+0000] {processor.py:925} INFO - DAG(s) 'latest_only_with_trigger' retrieved from /home/airflow/.local/lib/python3.11/site-packages/airflow/example_dags/example_latest_only_with_trigger.py
[2025-05-01T10:06:21.221+0000] {logging_mixin.py:190} INFO - [2025-05-01T10:06:21.221+0000] {dag.py:3239} INFO - Sync 1 DAGs
[2025-05-01T10:06:21.254+0000] {logging_mixin.py:190} INFO - [2025-05-01T10:06:21.253+0000] {dag.py:4180} INFO - Setting next_dagrun for latest_only_with_trigger to 2025-05-01 04:00:00+00:00, run_after=2025-05-01 08:00:00+00:00
[2025-05-01T10:06:21.268+0000] {processor.py:208} INFO - Processing /home/airflow/.local/lib/python3.11/site-packages/airflow/example_dags/example_latest_only_with_trigger.py took 0.125 seconds
[2025-05-01T10:06:52.101+0000] {processor.py:186} INFO - Started process (PID=680) to work on /home/airflow/.local/lib/python3.11/site-packages/airflow/example_dags/example_latest_only_with_trigger.py
[2025-05-01T10:06:52.102+0000] {processor.py:914} INFO - Processing file /home/airflow/.local/lib/python3.11/site-packages/airflow/example_dags/example_latest_only_with_trigger.py for tasks to queue
[2025-05-01T10:06:52.108+0000] {logging_mixin.py:190} INFO - [2025-05-01T10:06:52.108+0000] {dagbag.py:588} INFO - Filling up the DagBag from /home/airflow/.local/lib/python3.11/site-packages/airflow/example_dags/example_latest_only_with_trigger.py
[2025-05-01T10:06:52.127+0000] {processor.py:925} INFO - DAG(s) 'latest_only_with_trigger' retrieved from /home/airflow/.local/lib/python3.11/site-packages/airflow/example_dags/example_latest_only_with_trigger.py
[2025-05-01T10:06:52.176+0000] {logging_mixin.py:190} INFO - [2025-05-01T10:06:52.176+0000] {dag.py:3239} INFO - Sync 1 DAGs
[2025-05-01T10:06:52.237+0000] {logging_mixin.py:190} INFO - [2025-05-01T10:06:52.236+0000] {dag.py:4180} INFO - Setting next_dagrun for latest_only_with_trigger to 2025-05-01 04:00:00+00:00, run_after=2025-05-01 08:00:00+00:00
[2025-05-01T10:06:52.269+0000] {processor.py:208} INFO - Processing /home/airflow/.local/lib/python3.11/site-packages/airflow/example_dags/example_latest_only_with_trigger.py took 0.182 seconds
[2025-05-01T10:07:22.386+0000] {processor.py:186} INFO - Started process (PID=752) to work on /home/airflow/.local/lib/python3.11/site-packages/airflow/example_dags/example_latest_only_with_trigger.py
[2025-05-01T10:07:22.391+0000] {processor.py:914} INFO - Processing file /home/airflow/.local/lib/python3.11/site-packages/airflow/example_dags/example_latest_only_with_trigger.py for tasks to queue
[2025-05-01T10:07:22.393+0000] {logging_mixin.py:190} INFO - [2025-05-01T10:07:22.393+0000] {dagbag.py:588} INFO - Filling up the DagBag from /home/airflow/.local/lib/python3.11/site-packages/airflow/example_dags/example_latest_only_with_trigger.py
[2025-05-01T10:07:22.402+0000] {processor.py:925} INFO - DAG(s) 'latest_only_with_trigger' retrieved from /home/airflow/.local/lib/python3.11/site-packages/airflow/example_dags/example_latest_only_with_trigger.py
[2025-05-01T10:07:22.419+0000] {logging_mixin.py:190} INFO - [2025-05-01T10:07:22.419+0000] {dag.py:3239} INFO - Sync 1 DAGs
[2025-05-01T10:07:22.435+0000] {logging_mixin.py:190} INFO - [2025-05-01T10:07:22.435+0000] {dag.py:4180} INFO - Setting next_dagrun for latest_only_with_trigger to 2025-05-01 04:00:00+00:00, run_after=2025-05-01 08:00:00+00:00
[2025-05-01T10:07:22.447+0000] {processor.py:208} INFO - Processing /home/airflow/.local/lib/python3.11/site-packages/airflow/example_dags/example_latest_only_with_trigger.py took 0.076 seconds
[2025-05-01T10:07:52.743+0000] {processor.py:186} INFO - Started process (PID=825) to work on /home/airflow/.local/lib/python3.11/site-packages/airflow/example_dags/example_latest_only_with_trigger.py
[2025-05-01T10:07:52.749+0000] {processor.py:914} INFO - Processing file /home/airflow/.local/lib/python3.11/site-packages/airflow/example_dags/example_latest_only_with_trigger.py for tasks to queue
[2025-05-01T10:07:52.752+0000] {logging_mixin.py:190} INFO - [2025-05-01T10:07:52.752+0000] {dagbag.py:588} INFO - Filling up the DagBag from /home/airflow/.local/lib/python3.11/site-packages/airflow/example_dags/example_latest_only_with_trigger.py
[2025-05-01T10:07:52.758+0000] {processor.py:925} INFO - DAG(s) 'latest_only_with_trigger' retrieved from /home/airflow/.local/lib/python3.11/site-packages/airflow/example_dags/example_latest_only_with_trigger.py
[2025-05-01T10:07:52.771+0000] {logging_mixin.py:190} INFO - [2025-05-01T10:07:52.771+0000] {dag.py:3239} INFO - Sync 1 DAGs
[2025-05-01T10:07:52.783+0000] {logging_mixin.py:190} INFO - [2025-05-01T10:07:52.783+0000] {dag.py:4180} INFO - Setting next_dagrun for latest_only_with_trigger to 2025-05-01 04:00:00+00:00, run_after=2025-05-01 08:00:00+00:00
[2025-05-01T10:07:52.798+0000] {processor.py:208} INFO - Processing /home/airflow/.local/lib/python3.11/site-packages/airflow/example_dags/example_latest_only_with_trigger.py took 0.060 seconds
[2025-05-01T10:08:23.060+0000] {processor.py:186} INFO - Started process (PID=898) to work on /home/airflow/.local/lib/python3.11/site-packages/airflow/example_dags/example_latest_only_with_trigger.py
[2025-05-01T10:08:23.062+0000] {processor.py:914} INFO - Processing file /home/airflow/.local/lib/python3.11/site-packages/airflow/example_dags/example_latest_only_with_trigger.py for tasks to queue
[2025-05-01T10:08:23.064+0000] {logging_mixin.py:190} INFO - [2025-05-01T10:08:23.063+0000] {dagbag.py:588} INFO - Filling up the DagBag from /home/airflow/.local/lib/python3.11/site-packages/airflow/example_dags/example_latest_only_with_trigger.py
[2025-05-01T10:08:23.074+0000] {processor.py:925} INFO - DAG(s) 'latest_only_with_trigger' retrieved from /home/airflow/.local/lib/python3.11/site-packages/airflow/example_dags/example_latest_only_with_trigger.py
[2025-05-01T10:08:23.091+0000] {logging_mixin.py:190} INFO - [2025-05-01T10:08:23.090+0000] {dag.py:3239} INFO - Sync 1 DAGs
[2025-05-01T10:08:23.106+0000] {logging_mixin.py:190} INFO - [2025-05-01T10:08:23.106+0000] {dag.py:4180} INFO - Setting next_dagrun for latest_only_with_trigger to 2025-05-01 04:00:00+00:00, run_after=2025-05-01 08:00:00+00:00
[2025-05-01T10:08:23.114+0000] {processor.py:208} INFO - Processing /home/airflow/.local/lib/python3.11/site-packages/airflow/example_dags/example_latest_only_with_trigger.py took 0.063 seconds
[2025-05-01T10:08:53.369+0000] {processor.py:186} INFO - Started process (PID=970) to work on /home/airflow/.local/lib/python3.11/site-packages/airflow/example_dags/example_latest_only_with_trigger.py
[2025-05-01T10:08:53.369+0000] {processor.py:914} INFO - Processing file /home/airflow/.local/lib/python3.11/site-packages/airflow/example_dags/example_latest_only_with_trigger.py for tasks to queue
[2025-05-01T10:08:53.370+0000] {logging_mixin.py:190} INFO - [2025-05-01T10:08:53.370+0000] {dagbag.py:588} INFO - Filling up the DagBag from /home/airflow/.local/lib/python3.11/site-packages/airflow/example_dags/example_latest_only_with_trigger.py
[2025-05-01T10:08:53.376+0000] {processor.py:925} INFO - DAG(s) 'latest_only_with_trigger' retrieved from /home/airflow/.local/lib/python3.11/site-packages/airflow/example_dags/example_latest_only_with_trigger.py
[2025-05-01T10:08:53.386+0000] {logging_mixin.py:190} INFO - [2025-05-01T10:08:53.386+0000] {dag.py:3239} INFO - Sync 1 DAGs
[2025-05-01T10:08:53.395+0000] {logging_mixin.py:190} INFO - [2025-05-01T10:08:53.395+0000] {dag.py:4180} INFO - Setting next_dagrun for latest_only_with_trigger to 2025-05-01 04:00:00+00:00, run_after=2025-05-01 08:00:00+00:00
[2025-05-01T10:08:53.401+0000] {processor.py:208} INFO - Processing /home/airflow/.local/lib/python3.11/site-packages/airflow/example_dags/example_latest_only_with_trigger.py took 0.039 seconds
[2025-05-01T10:09:23.541+0000] {processor.py:186} INFO - Started process (PID=1043) to work on /home/airflow/.local/lib/python3.11/site-packages/airflow/example_dags/example_latest_only_with_trigger.py
[2025-05-01T10:09:23.543+0000] {processor.py:914} INFO - Processing file /home/airflow/.local/lib/python3.11/site-packages/airflow/example_dags/example_latest_only_with_trigger.py for tasks to queue
[2025-05-01T10:09:23.545+0000] {logging_mixin.py:190} INFO - [2025-05-01T10:09:23.545+0000] {dagbag.py:588} INFO - Filling up the DagBag from /home/airflow/.local/lib/python3.11/site-packages/airflow/example_dags/example_latest_only_with_trigger.py
[2025-05-01T10:09:23.549+0000] {processor.py:925} INFO - DAG(s) 'latest_only_with_trigger' retrieved from /home/airflow/.local/lib/python3.11/site-packages/airflow/example_dags/example_latest_only_with_trigger.py
[2025-05-01T10:09:23.567+0000] {logging_mixin.py:190} INFO - [2025-05-01T10:09:23.567+0000] {dag.py:3239} INFO - Sync 1 DAGs
[2025-05-01T10:09:23.579+0000] {logging_mixin.py:190} INFO - [2025-05-01T10:09:23.579+0000] {dag.py:4180} INFO - Setting next_dagrun for latest_only_with_trigger to 2025-05-01 04:00:00+00:00, run_after=2025-05-01 08:00:00+00:00
[2025-05-01T10:09:23.586+0000] {processor.py:208} INFO - Processing /home/airflow/.local/lib/python3.11/site-packages/airflow/example_dags/example_latest_only_with_trigger.py took 0.050 seconds
[2025-05-01T10:09:53.687+0000] {processor.py:186} INFO - Started process (PID=1116) to work on /home/airflow/.local/lib/python3.11/site-packages/airflow/example_dags/example_latest_only_with_trigger.py
[2025-05-01T10:09:53.689+0000] {processor.py:914} INFO - Processing file /home/airflow/.local/lib/python3.11/site-packages/airflow/example_dags/example_latest_only_with_trigger.py for tasks to queue
[2025-05-01T10:09:53.691+0000] {logging_mixin.py:190} INFO - [2025-05-01T10:09:53.691+0000] {dagbag.py:588} INFO - Filling up the DagBag from /home/airflow/.local/lib/python3.11/site-packages/airflow/example_dags/example_latest_only_with_trigger.py
[2025-05-01T10:09:53.694+0000] {processor.py:925} INFO - DAG(s) 'latest_only_with_trigger' retrieved from /home/airflow/.local/lib/python3.11/site-packages/airflow/example_dags/example_latest_only_with_trigger.py
[2025-05-01T10:09:53.706+0000] {logging_mixin.py:190} INFO - [2025-05-01T10:09:53.706+0000] {dag.py:3239} INFO - Sync 1 DAGs
[2025-05-01T10:09:53.715+0000] {logging_mixin.py:190} INFO - [2025-05-01T10:09:53.715+0000] {dag.py:4180} INFO - Setting next_dagrun for latest_only_with_trigger to 2025-05-01 04:00:00+00:00, run_after=2025-05-01 08:00:00+00:00
[2025-05-01T10:09:53.721+0000] {processor.py:208} INFO - Processing /home/airflow/.local/lib/python3.11/site-packages/airflow/example_dags/example_latest_only_with_trigger.py took 0.037 seconds
[2025-05-01T10:10:23.864+0000] {processor.py:186} INFO - Started process (PID=1189) to work on /home/airflow/.local/lib/python3.11/site-packages/airflow/example_dags/example_latest_only_with_trigger.py
[2025-05-01T10:10:23.864+0000] {processor.py:914} INFO - Processing file /home/airflow/.local/lib/python3.11/site-packages/airflow/example_dags/example_latest_only_with_trigger.py for tasks to queue
[2025-05-01T10:10:23.865+0000] {logging_mixin.py:190} INFO - [2025-05-01T10:10:23.865+0000] {dagbag.py:588} INFO - Filling up the DagBag from /home/airflow/.local/lib/python3.11/site-packages/airflow/example_dags/example_latest_only_with_trigger.py
[2025-05-01T10:10:23.869+0000] {processor.py:925} INFO - DAG(s) 'latest_only_with_trigger' retrieved from /home/airflow/.local/lib/python3.11/site-packages/airflow/example_dags/example_latest_only_with_trigger.py
[2025-05-01T10:10:23.877+0000] {logging_mixin.py:190} INFO - [2025-05-01T10:10:23.877+0000] {dag.py:3239} INFO - Sync 1 DAGs
[2025-05-01T10:10:23.887+0000] {logging_mixin.py:190} INFO - [2025-05-01T10:10:23.887+0000] {dag.py:4180} INFO - Setting next_dagrun for latest_only_with_trigger to 2025-05-01 04:00:00+00:00, run_after=2025-05-01 08:00:00+00:00
[2025-05-01T10:10:23.894+0000] {processor.py:208} INFO - Processing /home/airflow/.local/lib/python3.11/site-packages/airflow/example_dags/example_latest_only_with_trigger.py took 0.033 seconds
[2025-05-01T10:10:54.166+0000] {processor.py:186} INFO - Started process (PID=1262) to work on /home/airflow/.local/lib/python3.11/site-packages/airflow/example_dags/example_latest_only_with_trigger.py
[2025-05-01T10:10:54.167+0000] {processor.py:914} INFO - Processing file /home/airflow/.local/lib/python3.11/site-packages/airflow/example_dags/example_latest_only_with_trigger.py for tasks to queue
[2025-05-01T10:10:54.168+0000] {logging_mixin.py:190} INFO - [2025-05-01T10:10:54.168+0000] {dagbag.py:588} INFO - Filling up the DagBag from /home/airflow/.local/lib/python3.11/site-packages/airflow/example_dags/example_latest_only_with_trigger.py
[2025-05-01T10:10:54.171+0000] {processor.py:925} INFO - DAG(s) 'latest_only_with_trigger' retrieved from /home/airflow/.local/lib/python3.11/site-packages/airflow/example_dags/example_latest_only_with_trigger.py
[2025-05-01T10:10:54.181+0000] {logging_mixin.py:190} INFO - [2025-05-01T10:10:54.181+0000] {dag.py:3239} INFO - Sync 1 DAGs
[2025-05-01T10:10:54.192+0000] {logging_mixin.py:190} INFO - [2025-05-01T10:10:54.192+0000] {dag.py:4180} INFO - Setting next_dagrun for latest_only_with_trigger to 2025-05-01 04:00:00+00:00, run_after=2025-05-01 08:00:00+00:00
[2025-05-01T10:10:54.199+0000] {processor.py:208} INFO - Processing /home/airflow/.local/lib/python3.11/site-packages/airflow/example_dags/example_latest_only_with_trigger.py took 0.037 seconds
[2025-05-01T10:21:38.750+0000] {processor.py:186} INFO - Started process (PID=1336) to work on /home/airflow/.local/lib/python3.11/site-packages/airflow/example_dags/example_latest_only_with_trigger.py
[2025-05-01T10:21:38.751+0000] {processor.py:914} INFO - Processing file /home/airflow/.local/lib/python3.11/site-packages/airflow/example_dags/example_latest_only_with_trigger.py for tasks to queue
[2025-05-01T10:21:38.753+0000] {logging_mixin.py:190} INFO - [2025-05-01T10:21:38.753+0000] {dagbag.py:588} INFO - Filling up the DagBag from /home/airflow/.local/lib/python3.11/site-packages/airflow/example_dags/example_latest_only_with_trigger.py
[2025-05-01T10:21:38.758+0000] {processor.py:925} INFO - DAG(s) 'latest_only_with_trigger' retrieved from /home/airflow/.local/lib/python3.11/site-packages/airflow/example_dags/example_latest_only_with_trigger.py
[2025-05-01T10:21:38.772+0000] {logging_mixin.py:190} INFO - [2025-05-01T10:21:38.772+0000] {dag.py:3239} INFO - Sync 1 DAGs
[2025-05-01T10:21:38.784+0000] {logging_mixin.py:190} INFO - [2025-05-01T10:21:38.784+0000] {dag.py:4180} INFO - Setting next_dagrun for latest_only_with_trigger to 2025-05-01 04:00:00+00:00, run_after=2025-05-01 08:00:00+00:00
[2025-05-01T10:21:38.791+0000] {processor.py:208} INFO - Processing /home/airflow/.local/lib/python3.11/site-packages/airflow/example_dags/example_latest_only_with_trigger.py took 0.045 seconds
