[2025-05-01T10:02:50.185+0000] {processor.py:186} INFO - Started process (PID=141) to work on /home/airflow/.local/lib/python3.11/site-packages/airflow/example_dags/example_datasets.py
[2025-05-01T10:02:50.189+0000] {processor.py:914} INFO - Processing file /home/airflow/.local/lib/python3.11/site-packages/airflow/example_dags/example_datasets.py for tasks to queue
[2025-05-01T10:02:50.192+0000] {logging_mixin.py:190} INFO - [2025-05-01T10:02:50.191+0000] {dagbag.py:588} INFO - Filling up the DagBag from /home/airflow/.local/lib/python3.11/site-packages/airflow/example_dags/example_datasets.py
[2025-05-01T10:02:50.991+0000] {processor.py:925} INFO - DAG(s) 'consume_1_or_2_with_dataset_expressions', 'dataset_consumes_unknown_never_scheduled', 'consume_1_or_both_2_and_3_with_dataset_expressions', 'dataset_consumes_1', 'dataset_consumes_1_never_scheduled', 'conditional_dataset_and_time_based_timetable', 'dataset_consumes_1_and_2', 'dataset_produces_2', 'dataset_produces_1', 'consume_1_and_2_with_dataset_expressions' retrieved from /home/airflow/.local/lib/python3.11/site-packages/airflow/example_dags/example_datasets.py
[2025-05-01T10:02:51.099+0000] {logging_mixin.py:190} INFO - [2025-05-01T10:02:51.099+0000] {dag.py:3239} INFO - Sync 10 DAGs
[2025-05-01T10:02:51.162+0000] {logging_mixin.py:190} INFO - [2025-05-01T10:02:51.161+0000] {dag.py:4180} INFO - Setting next_dagrun for conditional_dataset_and_time_based_timetable to 2025-04-30 01:00:00+00:00, run_after=2025-04-30 01:00:00+00:00
[2025-05-01T10:02:51.171+0000] {logging_mixin.py:190} INFO - [2025-05-01T10:02:51.171+0000] {dag.py:4180} INFO - Setting next_dagrun for consume_1_and_2_with_dataset_expressions to None, run_after=None
[2025-05-01T10:02:51.187+0000] {logging_mixin.py:190} INFO - [2025-05-01T10:02:51.186+0000] {dag.py:4180} INFO - Setting next_dagrun for consume_1_or_2_with_dataset_expressions to None, run_after=None
[2025-05-01T10:02:51.194+0000] {logging_mixin.py:190} INFO - [2025-05-01T10:02:51.193+0000] {dag.py:4180} INFO - Setting next_dagrun for consume_1_or_both_2_and_3_with_dataset_expressions to None, run_after=None
[2025-05-01T10:02:51.196+0000] {logging_mixin.py:190} INFO - [2025-05-01T10:02:51.196+0000] {dag.py:4180} INFO - Setting next_dagrun for dataset_consumes_1 to None, run_after=None
[2025-05-01T10:02:51.198+0000] {logging_mixin.py:190} INFO - [2025-05-01T10:02:51.198+0000] {dag.py:4180} INFO - Setting next_dagrun for dataset_consumes_1_and_2 to None, run_after=None
[2025-05-01T10:02:51.200+0000] {logging_mixin.py:190} INFO - [2025-05-01T10:02:51.200+0000] {dag.py:4180} INFO - Setting next_dagrun for dataset_consumes_1_never_scheduled to None, run_after=None
[2025-05-01T10:02:51.203+0000] {logging_mixin.py:190} INFO - [2025-05-01T10:02:51.203+0000] {dag.py:4180} INFO - Setting next_dagrun for dataset_consumes_unknown_never_scheduled to None, run_after=None
[2025-05-01T10:02:51.211+0000] {logging_mixin.py:190} INFO - [2025-05-01T10:02:51.210+0000] {dag.py:4180} INFO - Setting next_dagrun for dataset_produces_1 to 2025-04-30 00:00:00+00:00, run_after=2025-05-01 00:00:00+00:00
[2025-05-01T10:02:51.214+0000] {logging_mixin.py:190} INFO - [2025-05-01T10:02:51.214+0000] {dag.py:4180} INFO - Setting next_dagrun for dataset_produces_2 to None, run_after=None
[2025-05-01T10:02:51.284+0000] {processor.py:208} INFO - Processing /home/airflow/.local/lib/python3.11/site-packages/airflow/example_dags/example_datasets.py took 1.115 seconds
[2025-05-01T10:03:21.442+0000] {processor.py:186} INFO - Started process (PID=214) to work on /home/airflow/.local/lib/python3.11/site-packages/airflow/example_dags/example_datasets.py
[2025-05-01T10:03:21.443+0000] {processor.py:914} INFO - Processing file /home/airflow/.local/lib/python3.11/site-packages/airflow/example_dags/example_datasets.py for tasks to queue
[2025-05-01T10:03:21.450+0000] {logging_mixin.py:190} INFO - [2025-05-01T10:03:21.449+0000] {dagbag.py:588} INFO - Filling up the DagBag from /home/airflow/.local/lib/python3.11/site-packages/airflow/example_dags/example_datasets.py
[2025-05-01T10:03:21.829+0000] {processor.py:925} INFO - DAG(s) 'consume_1_and_2_with_dataset_expressions', 'dataset_produces_2', 'conditional_dataset_and_time_based_timetable', 'dataset_consumes_1_and_2', 'dataset_consumes_unknown_never_scheduled', 'dataset_consumes_1', 'consume_1_or_2_with_dataset_expressions', 'dataset_produces_1', 'dataset_consumes_1_never_scheduled', 'consume_1_or_both_2_and_3_with_dataset_expressions' retrieved from /home/airflow/.local/lib/python3.11/site-packages/airflow/example_dags/example_datasets.py
[2025-05-01T10:03:21.858+0000] {logging_mixin.py:190} INFO - [2025-05-01T10:03:21.858+0000] {dag.py:3239} INFO - Sync 10 DAGs
[2025-05-01T10:03:21.876+0000] {logging_mixin.py:190} INFO - [2025-05-01T10:03:21.876+0000] {dag.py:4180} INFO - Setting next_dagrun for conditional_dataset_and_time_based_timetable to 2025-04-30 01:00:00+00:00, run_after=2025-04-30 01:00:00+00:00
[2025-05-01T10:03:21.878+0000] {logging_mixin.py:190} INFO - [2025-05-01T10:03:21.878+0000] {dag.py:4180} INFO - Setting next_dagrun for consume_1_and_2_with_dataset_expressions to None, run_after=None
[2025-05-01T10:03:21.878+0000] {logging_mixin.py:190} INFO - [2025-05-01T10:03:21.878+0000] {dag.py:4180} INFO - Setting next_dagrun for consume_1_or_2_with_dataset_expressions to None, run_after=None
[2025-05-01T10:03:21.879+0000] {logging_mixin.py:190} INFO - [2025-05-01T10:03:21.879+0000] {dag.py:4180} INFO - Setting next_dagrun for consume_1_or_both_2_and_3_with_dataset_expressions to None, run_after=None
[2025-05-01T10:03:21.879+0000] {logging_mixin.py:190} INFO - [2025-05-01T10:03:21.879+0000] {dag.py:4180} INFO - Setting next_dagrun for dataset_consumes_1 to None, run_after=None
[2025-05-01T10:03:21.880+0000] {logging_mixin.py:190} INFO - [2025-05-01T10:03:21.880+0000] {dag.py:4180} INFO - Setting next_dagrun for dataset_consumes_1_and_2 to None, run_after=None
[2025-05-01T10:03:21.880+0000] {logging_mixin.py:190} INFO - [2025-05-01T10:03:21.880+0000] {dag.py:4180} INFO - Setting next_dagrun for dataset_consumes_1_never_scheduled to None, run_after=None
[2025-05-01T10:03:21.881+0000] {logging_mixin.py:190} INFO - [2025-05-01T10:03:21.880+0000] {dag.py:4180} INFO - Setting next_dagrun for dataset_consumes_unknown_never_scheduled to None, run_after=None
[2025-05-01T10:03:21.882+0000] {logging_mixin.py:190} INFO - [2025-05-01T10:03:21.882+0000] {dag.py:4180} INFO - Setting next_dagrun for dataset_produces_1 to 2025-04-30 00:00:00+00:00, run_after=2025-05-01 00:00:00+00:00
[2025-05-01T10:03:21.882+0000] {logging_mixin.py:190} INFO - [2025-05-01T10:03:21.882+0000] {dag.py:4180} INFO - Setting next_dagrun for dataset_produces_2 to None, run_after=None
[2025-05-01T10:03:21.906+0000] {processor.py:208} INFO - Processing /home/airflow/.local/lib/python3.11/site-packages/airflow/example_dags/example_datasets.py took 0.475 seconds
[2025-05-01T10:03:52.137+0000] {processor.py:186} INFO - Started process (PID=287) to work on /home/airflow/.local/lib/python3.11/site-packages/airflow/example_dags/example_datasets.py
[2025-05-01T10:03:52.138+0000] {processor.py:914} INFO - Processing file /home/airflow/.local/lib/python3.11/site-packages/airflow/example_dags/example_datasets.py for tasks to queue
[2025-05-01T10:03:52.143+0000] {logging_mixin.py:190} INFO - [2025-05-01T10:03:52.142+0000] {dagbag.py:588} INFO - Filling up the DagBag from /home/airflow/.local/lib/python3.11/site-packages/airflow/example_dags/example_datasets.py
[2025-05-01T10:03:52.397+0000] {processor.py:925} INFO - DAG(s) 'dataset_produces_2', 'dataset_consumes_1', 'conditional_dataset_and_time_based_timetable', 'dataset_consumes_1_never_scheduled', 'dataset_consumes_1_and_2', 'consume_1_and_2_with_dataset_expressions', 'consume_1_or_2_with_dataset_expressions', 'dataset_produces_1', 'dataset_consumes_unknown_never_scheduled', 'consume_1_or_both_2_and_3_with_dataset_expressions' retrieved from /home/airflow/.local/lib/python3.11/site-packages/airflow/example_dags/example_datasets.py
[2025-05-01T10:03:52.437+0000] {logging_mixin.py:190} INFO - [2025-05-01T10:03:52.436+0000] {dag.py:3239} INFO - Sync 10 DAGs
[2025-05-01T10:03:52.453+0000] {logging_mixin.py:190} INFO - [2025-05-01T10:03:52.453+0000] {dag.py:4180} INFO - Setting next_dagrun for conditional_dataset_and_time_based_timetable to 2025-04-30 01:00:00+00:00, run_after=2025-04-30 01:00:00+00:00
[2025-05-01T10:03:52.454+0000] {logging_mixin.py:190} INFO - [2025-05-01T10:03:52.454+0000] {dag.py:4180} INFO - Setting next_dagrun for consume_1_and_2_with_dataset_expressions to None, run_after=None
[2025-05-01T10:03:52.455+0000] {logging_mixin.py:190} INFO - [2025-05-01T10:03:52.455+0000] {dag.py:4180} INFO - Setting next_dagrun for consume_1_or_2_with_dataset_expressions to None, run_after=None
[2025-05-01T10:03:52.455+0000] {logging_mixin.py:190} INFO - [2025-05-01T10:03:52.455+0000] {dag.py:4180} INFO - Setting next_dagrun for consume_1_or_both_2_and_3_with_dataset_expressions to None, run_after=None
[2025-05-01T10:03:52.456+0000] {logging_mixin.py:190} INFO - [2025-05-01T10:03:52.456+0000] {dag.py:4180} INFO - Setting next_dagrun for dataset_consumes_1 to None, run_after=None
[2025-05-01T10:03:52.457+0000] {logging_mixin.py:190} INFO - [2025-05-01T10:03:52.457+0000] {dag.py:4180} INFO - Setting next_dagrun for dataset_consumes_1_and_2 to None, run_after=None
[2025-05-01T10:03:52.457+0000] {logging_mixin.py:190} INFO - [2025-05-01T10:03:52.457+0000] {dag.py:4180} INFO - Setting next_dagrun for dataset_consumes_1_never_scheduled to None, run_after=None
[2025-05-01T10:03:52.458+0000] {logging_mixin.py:190} INFO - [2025-05-01T10:03:52.458+0000] {dag.py:4180} INFO - Setting next_dagrun for dataset_consumes_unknown_never_scheduled to None, run_after=None
[2025-05-01T10:03:52.459+0000] {logging_mixin.py:190} INFO - [2025-05-01T10:03:52.459+0000] {dag.py:4180} INFO - Setting next_dagrun for dataset_produces_1 to 2025-04-30 00:00:00+00:00, run_after=2025-05-01 00:00:00+00:00
[2025-05-01T10:03:52.459+0000] {logging_mixin.py:190} INFO - [2025-05-01T10:03:52.459+0000] {dag.py:4180} INFO - Setting next_dagrun for dataset_produces_2 to None, run_after=None
[2025-05-01T10:03:52.474+0000] {processor.py:208} INFO - Processing /home/airflow/.local/lib/python3.11/site-packages/airflow/example_dags/example_datasets.py took 0.345 seconds
[2025-05-01T10:04:23.468+0000] {processor.py:186} INFO - Started process (PID=362) to work on /home/airflow/.local/lib/python3.11/site-packages/airflow/example_dags/example_datasets.py
[2025-05-01T10:04:23.469+0000] {processor.py:914} INFO - Processing file /home/airflow/.local/lib/python3.11/site-packages/airflow/example_dags/example_datasets.py for tasks to queue
[2025-05-01T10:04:23.474+0000] {logging_mixin.py:190} INFO - [2025-05-01T10:04:23.474+0000] {dagbag.py:588} INFO - Filling up the DagBag from /home/airflow/.local/lib/python3.11/site-packages/airflow/example_dags/example_datasets.py
[2025-05-01T10:04:23.741+0000] {processor.py:925} INFO - DAG(s) 'dataset_produces_1', 'dataset_consumes_1', 'dataset_consumes_1_never_scheduled', 'dataset_consumes_unknown_never_scheduled', 'consume_1_and_2_with_dataset_expressions', 'consume_1_or_both_2_and_3_with_dataset_expressions', 'dataset_produces_2', 'conditional_dataset_and_time_based_timetable', 'dataset_consumes_1_and_2', 'consume_1_or_2_with_dataset_expressions' retrieved from /home/airflow/.local/lib/python3.11/site-packages/airflow/example_dags/example_datasets.py
[2025-05-01T10:04:23.791+0000] {logging_mixin.py:190} INFO - [2025-05-01T10:04:23.791+0000] {dag.py:3239} INFO - Sync 10 DAGs
[2025-05-01T10:04:23.805+0000] {logging_mixin.py:190} INFO - [2025-05-01T10:04:23.805+0000] {dag.py:4180} INFO - Setting next_dagrun for conditional_dataset_and_time_based_timetable to 2025-04-30 01:00:00+00:00, run_after=2025-04-30 01:00:00+00:00
[2025-05-01T10:04:23.808+0000] {logging_mixin.py:190} INFO - [2025-05-01T10:04:23.808+0000] {dag.py:4180} INFO - Setting next_dagrun for consume_1_and_2_with_dataset_expressions to None, run_after=None
[2025-05-01T10:04:23.809+0000] {logging_mixin.py:190} INFO - [2025-05-01T10:04:23.809+0000] {dag.py:4180} INFO - Setting next_dagrun for consume_1_or_2_with_dataset_expressions to None, run_after=None
[2025-05-01T10:04:23.810+0000] {logging_mixin.py:190} INFO - [2025-05-01T10:04:23.810+0000] {dag.py:4180} INFO - Setting next_dagrun for consume_1_or_both_2_and_3_with_dataset_expressions to None, run_after=None
[2025-05-01T10:04:23.811+0000] {logging_mixin.py:190} INFO - [2025-05-01T10:04:23.810+0000] {dag.py:4180} INFO - Setting next_dagrun for dataset_consumes_1 to None, run_after=None
[2025-05-01T10:04:23.811+0000] {logging_mixin.py:190} INFO - [2025-05-01T10:04:23.811+0000] {dag.py:4180} INFO - Setting next_dagrun for dataset_consumes_1_and_2 to None, run_after=None
[2025-05-01T10:04:23.812+0000] {logging_mixin.py:190} INFO - [2025-05-01T10:04:23.812+0000] {dag.py:4180} INFO - Setting next_dagrun for dataset_consumes_1_never_scheduled to None, run_after=None
[2025-05-01T10:04:23.813+0000] {logging_mixin.py:190} INFO - [2025-05-01T10:04:23.813+0000] {dag.py:4180} INFO - Setting next_dagrun for dataset_consumes_unknown_never_scheduled to None, run_after=None
[2025-05-01T10:04:23.814+0000] {logging_mixin.py:190} INFO - [2025-05-01T10:04:23.814+0000] {dag.py:4180} INFO - Setting next_dagrun for dataset_produces_1 to 2025-04-30 00:00:00+00:00, run_after=2025-05-01 00:00:00+00:00
[2025-05-01T10:04:23.819+0000] {logging_mixin.py:190} INFO - [2025-05-01T10:04:23.819+0000] {dag.py:4180} INFO - Setting next_dagrun for dataset_produces_2 to None, run_after=None
[2025-05-01T10:04:23.842+0000] {processor.py:208} INFO - Processing /home/airflow/.local/lib/python3.11/site-packages/airflow/example_dags/example_datasets.py took 0.392 seconds
[2025-05-01T10:04:55.942+0000] {processor.py:186} INFO - Started process (PID=435) to work on /home/airflow/.local/lib/python3.11/site-packages/airflow/example_dags/example_datasets.py
[2025-05-01T10:04:55.944+0000] {processor.py:914} INFO - Processing file /home/airflow/.local/lib/python3.11/site-packages/airflow/example_dags/example_datasets.py for tasks to queue
[2025-05-01T10:04:55.950+0000] {logging_mixin.py:190} INFO - [2025-05-01T10:04:55.949+0000] {dagbag.py:588} INFO - Filling up the DagBag from /home/airflow/.local/lib/python3.11/site-packages/airflow/example_dags/example_datasets.py
[2025-05-01T10:04:56.489+0000] {processor.py:925} INFO - DAG(s) 'consume_1_and_2_with_dataset_expressions', 'dataset_produces_1', 'consume_1_or_2_with_dataset_expressions', 'conditional_dataset_and_time_based_timetable', 'dataset_consumes_1_and_2', 'consume_1_or_both_2_and_3_with_dataset_expressions', 'dataset_consumes_1', 'dataset_consumes_1_never_scheduled', 'dataset_produces_2', 'dataset_consumes_unknown_never_scheduled' retrieved from /home/airflow/.local/lib/python3.11/site-packages/airflow/example_dags/example_datasets.py
[2025-05-01T10:04:56.628+0000] {logging_mixin.py:190} INFO - [2025-05-01T10:04:56.628+0000] {dag.py:3239} INFO - Sync 10 DAGs
[2025-05-01T10:04:56.705+0000] {logging_mixin.py:190} INFO - [2025-05-01T10:04:56.705+0000] {dag.py:4180} INFO - Setting next_dagrun for conditional_dataset_and_time_based_timetable to 2025-04-30 01:00:00+00:00, run_after=2025-04-30 01:00:00+00:00
[2025-05-01T10:04:56.714+0000] {logging_mixin.py:190} INFO - [2025-05-01T10:04:56.714+0000] {dag.py:4180} INFO - Setting next_dagrun for consume_1_and_2_with_dataset_expressions to None, run_after=None
[2025-05-01T10:04:56.715+0000] {logging_mixin.py:190} INFO - [2025-05-01T10:04:56.715+0000] {dag.py:4180} INFO - Setting next_dagrun for consume_1_or_2_with_dataset_expressions to None, run_after=None
[2025-05-01T10:04:56.716+0000] {logging_mixin.py:190} INFO - [2025-05-01T10:04:56.716+0000] {dag.py:4180} INFO - Setting next_dagrun for consume_1_or_both_2_and_3_with_dataset_expressions to None, run_after=None
[2025-05-01T10:04:56.717+0000] {logging_mixin.py:190} INFO - [2025-05-01T10:04:56.717+0000] {dag.py:4180} INFO - Setting next_dagrun for dataset_consumes_1 to None, run_after=None
[2025-05-01T10:04:56.718+0000] {logging_mixin.py:190} INFO - [2025-05-01T10:04:56.718+0000] {dag.py:4180} INFO - Setting next_dagrun for dataset_consumes_1_and_2 to None, run_after=None
[2025-05-01T10:04:56.720+0000] {logging_mixin.py:190} INFO - [2025-05-01T10:04:56.720+0000] {dag.py:4180} INFO - Setting next_dagrun for dataset_consumes_1_never_scheduled to None, run_after=None
[2025-05-01T10:04:56.723+0000] {logging_mixin.py:190} INFO - [2025-05-01T10:04:56.723+0000] {dag.py:4180} INFO - Setting next_dagrun for dataset_consumes_unknown_never_scheduled to None, run_after=None
[2025-05-01T10:04:56.725+0000] {logging_mixin.py:190} INFO - [2025-05-01T10:04:56.725+0000] {dag.py:4180} INFO - Setting next_dagrun for dataset_produces_1 to 2025-04-30 00:00:00+00:00, run_after=2025-05-01 00:00:00+00:00
[2025-05-01T10:04:56.737+0000] {logging_mixin.py:190} INFO - [2025-05-01T10:04:56.735+0000] {dag.py:4180} INFO - Setting next_dagrun for dataset_produces_2 to None, run_after=None
[2025-05-01T10:04:56.815+0000] {processor.py:208} INFO - Processing /home/airflow/.local/lib/python3.11/site-packages/airflow/example_dags/example_datasets.py took 0.890 seconds
[2025-05-01T10:05:27.071+0000] {processor.py:186} INFO - Started process (PID=508) to work on /home/airflow/.local/lib/python3.11/site-packages/airflow/example_dags/example_datasets.py
[2025-05-01T10:05:27.073+0000] {processor.py:914} INFO - Processing file /home/airflow/.local/lib/python3.11/site-packages/airflow/example_dags/example_datasets.py for tasks to queue
[2025-05-01T10:05:27.080+0000] {logging_mixin.py:190} INFO - [2025-05-01T10:05:27.080+0000] {dagbag.py:588} INFO - Filling up the DagBag from /home/airflow/.local/lib/python3.11/site-packages/airflow/example_dags/example_datasets.py
[2025-05-01T10:05:27.563+0000] {processor.py:925} INFO - DAG(s) 'conditional_dataset_and_time_based_timetable', 'consume_1_or_both_2_and_3_with_dataset_expressions', 'dataset_consumes_unknown_never_scheduled', 'dataset_consumes_1', 'dataset_consumes_1_never_scheduled', 'consume_1_or_2_with_dataset_expressions', 'dataset_consumes_1_and_2', 'dataset_produces_1', 'dataset_produces_2', 'consume_1_and_2_with_dataset_expressions' retrieved from /home/airflow/.local/lib/python3.11/site-packages/airflow/example_dags/example_datasets.py
[2025-05-01T10:05:27.636+0000] {logging_mixin.py:190} INFO - [2025-05-01T10:05:27.635+0000] {dag.py:3239} INFO - Sync 10 DAGs
[2025-05-01T10:05:27.665+0000] {logging_mixin.py:190} INFO - [2025-05-01T10:05:27.664+0000] {dag.py:4180} INFO - Setting next_dagrun for conditional_dataset_and_time_based_timetable to 2025-04-30 01:00:00+00:00, run_after=2025-04-30 01:00:00+00:00
[2025-05-01T10:05:27.669+0000] {logging_mixin.py:190} INFO - [2025-05-01T10:05:27.669+0000] {dag.py:4180} INFO - Setting next_dagrun for consume_1_and_2_with_dataset_expressions to None, run_after=None
[2025-05-01T10:05:27.670+0000] {logging_mixin.py:190} INFO - [2025-05-01T10:05:27.670+0000] {dag.py:4180} INFO - Setting next_dagrun for consume_1_or_2_with_dataset_expressions to None, run_after=None
[2025-05-01T10:05:27.671+0000] {logging_mixin.py:190} INFO - [2025-05-01T10:05:27.670+0000] {dag.py:4180} INFO - Setting next_dagrun for consume_1_or_both_2_and_3_with_dataset_expressions to None, run_after=None
[2025-05-01T10:05:27.671+0000] {logging_mixin.py:190} INFO - [2025-05-01T10:05:27.671+0000] {dag.py:4180} INFO - Setting next_dagrun for dataset_consumes_1 to None, run_after=None
[2025-05-01T10:05:27.672+0000] {logging_mixin.py:190} INFO - [2025-05-01T10:05:27.672+0000] {dag.py:4180} INFO - Setting next_dagrun for dataset_consumes_1_and_2 to None, run_after=None
[2025-05-01T10:05:27.673+0000] {logging_mixin.py:190} INFO - [2025-05-01T10:05:27.673+0000] {dag.py:4180} INFO - Setting next_dagrun for dataset_consumes_1_never_scheduled to None, run_after=None
[2025-05-01T10:05:27.673+0000] {logging_mixin.py:190} INFO - [2025-05-01T10:05:27.673+0000] {dag.py:4180} INFO - Setting next_dagrun for dataset_consumes_unknown_never_scheduled to None, run_after=None
[2025-05-01T10:05:27.674+0000] {logging_mixin.py:190} INFO - [2025-05-01T10:05:27.674+0000] {dag.py:4180} INFO - Setting next_dagrun for dataset_produces_1 to 2025-04-30 00:00:00+00:00, run_after=2025-05-01 00:00:00+00:00
[2025-05-01T10:05:27.675+0000] {logging_mixin.py:190} INFO - [2025-05-01T10:05:27.675+0000] {dag.py:4180} INFO - Setting next_dagrun for dataset_produces_2 to None, run_after=None
[2025-05-01T10:05:27.701+0000] {processor.py:208} INFO - Processing /home/airflow/.local/lib/python3.11/site-packages/airflow/example_dags/example_datasets.py took 0.643 seconds
[2025-05-01T10:05:58.097+0000] {processor.py:186} INFO - Started process (PID=573) to work on /home/airflow/.local/lib/python3.11/site-packages/airflow/example_dags/example_datasets.py
[2025-05-01T10:05:58.099+0000] {processor.py:914} INFO - Processing file /home/airflow/.local/lib/python3.11/site-packages/airflow/example_dags/example_datasets.py for tasks to queue
[2025-05-01T10:05:58.110+0000] {logging_mixin.py:190} INFO - [2025-05-01T10:05:58.109+0000] {dagbag.py:588} INFO - Filling up the DagBag from /home/airflow/.local/lib/python3.11/site-packages/airflow/example_dags/example_datasets.py
[2025-05-01T10:05:58.596+0000] {processor.py:925} INFO - DAG(s) 'dataset_produces_1', 'consume_1_or_both_2_and_3_with_dataset_expressions', 'consume_1_or_2_with_dataset_expressions', 'conditional_dataset_and_time_based_timetable', 'consume_1_and_2_with_dataset_expressions', 'dataset_consumes_1', 'dataset_consumes_unknown_never_scheduled', 'dataset_produces_2', 'dataset_consumes_1_never_scheduled', 'dataset_consumes_1_and_2' retrieved from /home/airflow/.local/lib/python3.11/site-packages/airflow/example_dags/example_datasets.py
[2025-05-01T10:05:58.644+0000] {logging_mixin.py:190} INFO - [2025-05-01T10:05:58.643+0000] {dag.py:3239} INFO - Sync 10 DAGs
[2025-05-01T10:05:58.674+0000] {logging_mixin.py:190} INFO - [2025-05-01T10:05:58.674+0000] {dag.py:4180} INFO - Setting next_dagrun for conditional_dataset_and_time_based_timetable to 2025-04-30 01:00:00+00:00, run_after=2025-04-30 01:00:00+00:00
[2025-05-01T10:05:58.677+0000] {logging_mixin.py:190} INFO - [2025-05-01T10:05:58.677+0000] {dag.py:4180} INFO - Setting next_dagrun for consume_1_and_2_with_dataset_expressions to None, run_after=None
[2025-05-01T10:05:58.678+0000] {logging_mixin.py:190} INFO - [2025-05-01T10:05:58.678+0000] {dag.py:4180} INFO - Setting next_dagrun for consume_1_or_2_with_dataset_expressions to None, run_after=None
[2025-05-01T10:05:58.679+0000] {logging_mixin.py:190} INFO - [2025-05-01T10:05:58.678+0000] {dag.py:4180} INFO - Setting next_dagrun for consume_1_or_both_2_and_3_with_dataset_expressions to None, run_after=None
[2025-05-01T10:05:58.679+0000] {logging_mixin.py:190} INFO - [2025-05-01T10:05:58.679+0000] {dag.py:4180} INFO - Setting next_dagrun for dataset_consumes_1 to None, run_after=None
[2025-05-01T10:05:58.680+0000] {logging_mixin.py:190} INFO - [2025-05-01T10:05:58.680+0000] {dag.py:4180} INFO - Setting next_dagrun for dataset_consumes_1_and_2 to None, run_after=None
[2025-05-01T10:05:58.681+0000] {logging_mixin.py:190} INFO - [2025-05-01T10:05:58.681+0000] {dag.py:4180} INFO - Setting next_dagrun for dataset_consumes_1_never_scheduled to None, run_after=None
[2025-05-01T10:05:58.681+0000] {logging_mixin.py:190} INFO - [2025-05-01T10:05:58.681+0000] {dag.py:4180} INFO - Setting next_dagrun for dataset_consumes_unknown_never_scheduled to None, run_after=None
[2025-05-01T10:05:58.683+0000] {logging_mixin.py:190} INFO - [2025-05-01T10:05:58.683+0000] {dag.py:4180} INFO - Setting next_dagrun for dataset_produces_1 to 2025-04-30 00:00:00+00:00, run_after=2025-05-01 00:00:00+00:00
[2025-05-01T10:05:58.684+0000] {logging_mixin.py:190} INFO - [2025-05-01T10:05:58.684+0000] {dag.py:4180} INFO - Setting next_dagrun for dataset_produces_2 to None, run_after=None
[2025-05-01T10:05:58.714+0000] {processor.py:208} INFO - Processing /home/airflow/.local/lib/python3.11/site-packages/airflow/example_dags/example_datasets.py took 0.633 seconds
[2025-05-01T10:06:28.959+0000] {processor.py:186} INFO - Started process (PID=646) to work on /home/airflow/.local/lib/python3.11/site-packages/airflow/example_dags/example_datasets.py
[2025-05-01T10:06:28.960+0000] {processor.py:914} INFO - Processing file /home/airflow/.local/lib/python3.11/site-packages/airflow/example_dags/example_datasets.py for tasks to queue
[2025-05-01T10:06:28.963+0000] {logging_mixin.py:190} INFO - [2025-05-01T10:06:28.963+0000] {dagbag.py:588} INFO - Filling up the DagBag from /home/airflow/.local/lib/python3.11/site-packages/airflow/example_dags/example_datasets.py
[2025-05-01T10:06:29.267+0000] {processor.py:925} INFO - DAG(s) 'consume_1_or_both_2_and_3_with_dataset_expressions', 'consume_1_and_2_with_dataset_expressions', 'conditional_dataset_and_time_based_timetable', 'dataset_produces_1', 'dataset_consumes_1', 'consume_1_or_2_with_dataset_expressions', 'dataset_produces_2', 'dataset_consumes_1_never_scheduled', 'dataset_consumes_unknown_never_scheduled', 'dataset_consumes_1_and_2' retrieved from /home/airflow/.local/lib/python3.11/site-packages/airflow/example_dags/example_datasets.py
[2025-05-01T10:06:29.298+0000] {logging_mixin.py:190} INFO - [2025-05-01T10:06:29.298+0000] {dag.py:3239} INFO - Sync 10 DAGs
[2025-05-01T10:06:29.317+0000] {logging_mixin.py:190} INFO - [2025-05-01T10:06:29.317+0000] {dag.py:4180} INFO - Setting next_dagrun for conditional_dataset_and_time_based_timetable to 2025-04-30 01:00:00+00:00, run_after=2025-04-30 01:00:00+00:00
[2025-05-01T10:06:29.320+0000] {logging_mixin.py:190} INFO - [2025-05-01T10:06:29.320+0000] {dag.py:4180} INFO - Setting next_dagrun for consume_1_and_2_with_dataset_expressions to None, run_after=None
[2025-05-01T10:06:29.321+0000] {logging_mixin.py:190} INFO - [2025-05-01T10:06:29.321+0000] {dag.py:4180} INFO - Setting next_dagrun for consume_1_or_2_with_dataset_expressions to None, run_after=None
[2025-05-01T10:06:29.322+0000] {logging_mixin.py:190} INFO - [2025-05-01T10:06:29.322+0000] {dag.py:4180} INFO - Setting next_dagrun for consume_1_or_both_2_and_3_with_dataset_expressions to None, run_after=None
[2025-05-01T10:06:29.322+0000] {logging_mixin.py:190} INFO - [2025-05-01T10:06:29.322+0000] {dag.py:4180} INFO - Setting next_dagrun for dataset_consumes_1 to None, run_after=None
[2025-05-01T10:06:29.323+0000] {logging_mixin.py:190} INFO - [2025-05-01T10:06:29.323+0000] {dag.py:4180} INFO - Setting next_dagrun for dataset_consumes_1_and_2 to None, run_after=None
[2025-05-01T10:06:29.323+0000] {logging_mixin.py:190} INFO - [2025-05-01T10:06:29.323+0000] {dag.py:4180} INFO - Setting next_dagrun for dataset_consumes_1_never_scheduled to None, run_after=None
[2025-05-01T10:06:29.324+0000] {logging_mixin.py:190} INFO - [2025-05-01T10:06:29.324+0000] {dag.py:4180} INFO - Setting next_dagrun for dataset_consumes_unknown_never_scheduled to None, run_after=None
[2025-05-01T10:06:29.326+0000] {logging_mixin.py:190} INFO - [2025-05-01T10:06:29.326+0000] {dag.py:4180} INFO - Setting next_dagrun for dataset_produces_1 to 2025-04-30 00:00:00+00:00, run_after=2025-05-01 00:00:00+00:00
[2025-05-01T10:06:29.326+0000] {logging_mixin.py:190} INFO - [2025-05-01T10:06:29.326+0000] {dag.py:4180} INFO - Setting next_dagrun for dataset_produces_2 to None, run_after=None
[2025-05-01T10:06:29.352+0000] {processor.py:208} INFO - Processing /home/airflow/.local/lib/python3.11/site-packages/airflow/example_dags/example_datasets.py took 0.400 seconds
[2025-05-01T10:07:01.144+0000] {processor.py:186} INFO - Started process (PID=717) to work on /home/airflow/.local/lib/python3.11/site-packages/airflow/example_dags/example_datasets.py
[2025-05-01T10:07:01.145+0000] {processor.py:914} INFO - Processing file /home/airflow/.local/lib/python3.11/site-packages/airflow/example_dags/example_datasets.py for tasks to queue
[2025-05-01T10:07:01.153+0000] {logging_mixin.py:190} INFO - [2025-05-01T10:07:01.152+0000] {dagbag.py:588} INFO - Filling up the DagBag from /home/airflow/.local/lib/python3.11/site-packages/airflow/example_dags/example_datasets.py
[2025-05-01T10:07:01.754+0000] {processor.py:925} INFO - DAG(s) 'dataset_consumes_1', 'dataset_consumes_unknown_never_scheduled', 'consume_1_and_2_with_dataset_expressions', 'conditional_dataset_and_time_based_timetable', 'dataset_produces_1', 'dataset_produces_2', 'consume_1_or_2_with_dataset_expressions', 'consume_1_or_both_2_and_3_with_dataset_expressions', 'dataset_consumes_1_never_scheduled', 'dataset_consumes_1_and_2' retrieved from /home/airflow/.local/lib/python3.11/site-packages/airflow/example_dags/example_datasets.py
[2025-05-01T10:07:01.802+0000] {logging_mixin.py:190} INFO - [2025-05-01T10:07:01.801+0000] {dag.py:3239} INFO - Sync 10 DAGs
[2025-05-01T10:07:01.832+0000] {logging_mixin.py:190} INFO - [2025-05-01T10:07:01.832+0000] {dag.py:4180} INFO - Setting next_dagrun for conditional_dataset_and_time_based_timetable to 2025-04-30 01:00:00+00:00, run_after=2025-04-30 01:00:00+00:00
[2025-05-01T10:07:01.840+0000] {logging_mixin.py:190} INFO - [2025-05-01T10:07:01.839+0000] {dag.py:4180} INFO - Setting next_dagrun for consume_1_and_2_with_dataset_expressions to None, run_after=None
[2025-05-01T10:07:01.841+0000] {logging_mixin.py:190} INFO - [2025-05-01T10:07:01.840+0000] {dag.py:4180} INFO - Setting next_dagrun for consume_1_or_2_with_dataset_expressions to None, run_after=None
[2025-05-01T10:07:01.841+0000] {logging_mixin.py:190} INFO - [2025-05-01T10:07:01.841+0000] {dag.py:4180} INFO - Setting next_dagrun for consume_1_or_both_2_and_3_with_dataset_expressions to None, run_after=None
[2025-05-01T10:07:01.843+0000] {logging_mixin.py:190} INFO - [2025-05-01T10:07:01.843+0000] {dag.py:4180} INFO - Setting next_dagrun for dataset_consumes_1 to None, run_after=None
[2025-05-01T10:07:01.845+0000] {logging_mixin.py:190} INFO - [2025-05-01T10:07:01.845+0000] {dag.py:4180} INFO - Setting next_dagrun for dataset_consumes_1_and_2 to None, run_after=None
[2025-05-01T10:07:01.846+0000] {logging_mixin.py:190} INFO - [2025-05-01T10:07:01.846+0000] {dag.py:4180} INFO - Setting next_dagrun for dataset_consumes_1_never_scheduled to None, run_after=None
[2025-05-01T10:07:01.848+0000] {logging_mixin.py:190} INFO - [2025-05-01T10:07:01.848+0000] {dag.py:4180} INFO - Setting next_dagrun for dataset_consumes_unknown_never_scheduled to None, run_after=None
[2025-05-01T10:07:01.851+0000] {logging_mixin.py:190} INFO - [2025-05-01T10:07:01.851+0000] {dag.py:4180} INFO - Setting next_dagrun for dataset_produces_1 to 2025-04-30 00:00:00+00:00, run_after=2025-05-01 00:00:00+00:00
[2025-05-01T10:07:01.853+0000] {logging_mixin.py:190} INFO - [2025-05-01T10:07:01.853+0000] {dag.py:4180} INFO - Setting next_dagrun for dataset_produces_2 to None, run_after=None
[2025-05-01T10:07:01.900+0000] {processor.py:208} INFO - Processing /home/airflow/.local/lib/python3.11/site-packages/airflow/example_dags/example_datasets.py took 0.763 seconds
[2025-05-01T10:07:32.547+0000] {processor.py:186} INFO - Started process (PID=792) to work on /home/airflow/.local/lib/python3.11/site-packages/airflow/example_dags/example_datasets.py
[2025-05-01T10:07:32.550+0000] {processor.py:914} INFO - Processing file /home/airflow/.local/lib/python3.11/site-packages/airflow/example_dags/example_datasets.py for tasks to queue
[2025-05-01T10:07:32.553+0000] {logging_mixin.py:190} INFO - [2025-05-01T10:07:32.553+0000] {dagbag.py:588} INFO - Filling up the DagBag from /home/airflow/.local/lib/python3.11/site-packages/airflow/example_dags/example_datasets.py
[2025-05-01T10:07:32.921+0000] {processor.py:925} INFO - DAG(s) 'dataset_produces_1', 'dataset_consumes_1_never_scheduled', 'dataset_consumes_1_and_2', 'conditional_dataset_and_time_based_timetable', 'dataset_consumes_unknown_never_scheduled', 'consume_1_or_2_with_dataset_expressions', 'dataset_produces_2', 'dataset_consumes_1', 'consume_1_or_both_2_and_3_with_dataset_expressions', 'consume_1_and_2_with_dataset_expressions' retrieved from /home/airflow/.local/lib/python3.11/site-packages/airflow/example_dags/example_datasets.py
[2025-05-01T10:07:32.956+0000] {logging_mixin.py:190} INFO - [2025-05-01T10:07:32.956+0000] {dag.py:3239} INFO - Sync 10 DAGs
[2025-05-01T10:07:32.981+0000] {logging_mixin.py:190} INFO - [2025-05-01T10:07:32.981+0000] {dag.py:4180} INFO - Setting next_dagrun for conditional_dataset_and_time_based_timetable to 2025-04-30 01:00:00+00:00, run_after=2025-04-30 01:00:00+00:00
[2025-05-01T10:07:32.985+0000] {logging_mixin.py:190} INFO - [2025-05-01T10:07:32.985+0000] {dag.py:4180} INFO - Setting next_dagrun for consume_1_and_2_with_dataset_expressions to None, run_after=None
[2025-05-01T10:07:32.988+0000] {logging_mixin.py:190} INFO - [2025-05-01T10:07:32.988+0000] {dag.py:4180} INFO - Setting next_dagrun for consume_1_or_2_with_dataset_expressions to None, run_after=None
[2025-05-01T10:07:32.990+0000] {logging_mixin.py:190} INFO - [2025-05-01T10:07:32.990+0000] {dag.py:4180} INFO - Setting next_dagrun for consume_1_or_both_2_and_3_with_dataset_expressions to None, run_after=None
[2025-05-01T10:07:32.993+0000] {logging_mixin.py:190} INFO - [2025-05-01T10:07:32.992+0000] {dag.py:4180} INFO - Setting next_dagrun for dataset_consumes_1 to None, run_after=None
[2025-05-01T10:07:32.994+0000] {logging_mixin.py:190} INFO - [2025-05-01T10:07:32.994+0000] {dag.py:4180} INFO - Setting next_dagrun for dataset_consumes_1_and_2 to None, run_after=None
[2025-05-01T10:07:32.998+0000] {logging_mixin.py:190} INFO - [2025-05-01T10:07:32.998+0000] {dag.py:4180} INFO - Setting next_dagrun for dataset_consumes_1_never_scheduled to None, run_after=None
[2025-05-01T10:07:33.001+0000] {logging_mixin.py:190} INFO - [2025-05-01T10:07:33.001+0000] {dag.py:4180} INFO - Setting next_dagrun for dataset_consumes_unknown_never_scheduled to None, run_after=None
[2025-05-01T10:07:33.004+0000] {logging_mixin.py:190} INFO - [2025-05-01T10:07:33.004+0000] {dag.py:4180} INFO - Setting next_dagrun for dataset_produces_1 to 2025-04-30 00:00:00+00:00, run_after=2025-05-01 00:00:00+00:00
[2025-05-01T10:07:33.005+0000] {logging_mixin.py:190} INFO - [2025-05-01T10:07:33.005+0000] {dag.py:4180} INFO - Setting next_dagrun for dataset_produces_2 to None, run_after=None
[2025-05-01T10:07:33.036+0000] {processor.py:208} INFO - Processing /home/airflow/.local/lib/python3.11/site-packages/airflow/example_dags/example_datasets.py took 0.498 seconds
[2025-05-01T10:08:03.832+0000] {processor.py:186} INFO - Started process (PID=865) to work on /home/airflow/.local/lib/python3.11/site-packages/airflow/example_dags/example_datasets.py
[2025-05-01T10:08:03.834+0000] {processor.py:914} INFO - Processing file /home/airflow/.local/lib/python3.11/site-packages/airflow/example_dags/example_datasets.py for tasks to queue
[2025-05-01T10:08:03.836+0000] {logging_mixin.py:190} INFO - [2025-05-01T10:08:03.836+0000] {dagbag.py:588} INFO - Filling up the DagBag from /home/airflow/.local/lib/python3.11/site-packages/airflow/example_dags/example_datasets.py
[2025-05-01T10:08:04.174+0000] {processor.py:925} INFO - DAG(s) 'dataset_consumes_1', 'dataset_consumes_1_never_scheduled', 'dataset_produces_2', 'consume_1_and_2_with_dataset_expressions', 'consume_1_or_2_with_dataset_expressions', 'consume_1_or_both_2_and_3_with_dataset_expressions', 'dataset_consumes_unknown_never_scheduled', 'conditional_dataset_and_time_based_timetable', 'dataset_consumes_1_and_2', 'dataset_produces_1' retrieved from /home/airflow/.local/lib/python3.11/site-packages/airflow/example_dags/example_datasets.py
[2025-05-01T10:08:04.224+0000] {logging_mixin.py:190} INFO - [2025-05-01T10:08:04.224+0000] {dag.py:3239} INFO - Sync 10 DAGs
[2025-05-01T10:08:04.273+0000] {logging_mixin.py:190} INFO - [2025-05-01T10:08:04.273+0000] {dag.py:4180} INFO - Setting next_dagrun for conditional_dataset_and_time_based_timetable to 2025-04-30 01:00:00+00:00, run_after=2025-04-30 01:00:00+00:00
[2025-05-01T10:08:04.283+0000] {logging_mixin.py:190} INFO - [2025-05-01T10:08:04.283+0000] {dag.py:4180} INFO - Setting next_dagrun for consume_1_and_2_with_dataset_expressions to None, run_after=None
[2025-05-01T10:08:04.285+0000] {logging_mixin.py:190} INFO - [2025-05-01T10:08:04.284+0000] {dag.py:4180} INFO - Setting next_dagrun for consume_1_or_2_with_dataset_expressions to None, run_after=None
[2025-05-01T10:08:04.285+0000] {logging_mixin.py:190} INFO - [2025-05-01T10:08:04.285+0000] {dag.py:4180} INFO - Setting next_dagrun for consume_1_or_both_2_and_3_with_dataset_expressions to None, run_after=None
[2025-05-01T10:08:04.289+0000] {logging_mixin.py:190} INFO - [2025-05-01T10:08:04.289+0000] {dag.py:4180} INFO - Setting next_dagrun for dataset_consumes_1 to None, run_after=None
[2025-05-01T10:08:04.291+0000] {logging_mixin.py:190} INFO - [2025-05-01T10:08:04.291+0000] {dag.py:4180} INFO - Setting next_dagrun for dataset_consumes_1_and_2 to None, run_after=None
[2025-05-01T10:08:04.291+0000] {logging_mixin.py:190} INFO - [2025-05-01T10:08:04.291+0000] {dag.py:4180} INFO - Setting next_dagrun for dataset_consumes_1_never_scheduled to None, run_after=None
[2025-05-01T10:08:04.292+0000] {logging_mixin.py:190} INFO - [2025-05-01T10:08:04.292+0000] {dag.py:4180} INFO - Setting next_dagrun for dataset_consumes_unknown_never_scheduled to None, run_after=None
[2025-05-01T10:08:04.293+0000] {logging_mixin.py:190} INFO - [2025-05-01T10:08:04.293+0000] {dag.py:4180} INFO - Setting next_dagrun for dataset_produces_1 to 2025-04-30 00:00:00+00:00, run_after=2025-05-01 00:00:00+00:00
[2025-05-01T10:08:04.296+0000] {logging_mixin.py:190} INFO - [2025-05-01T10:08:04.295+0000] {dag.py:4180} INFO - Setting next_dagrun for dataset_produces_2 to None, run_after=None
[2025-05-01T10:08:04.321+0000] {processor.py:208} INFO - Processing /home/airflow/.local/lib/python3.11/site-packages/airflow/example_dags/example_datasets.py took 0.501 seconds
[2025-05-01T10:08:34.915+0000] {processor.py:186} INFO - Started process (PID=938) to work on /home/airflow/.local/lib/python3.11/site-packages/airflow/example_dags/example_datasets.py
[2025-05-01T10:08:34.918+0000] {processor.py:914} INFO - Processing file /home/airflow/.local/lib/python3.11/site-packages/airflow/example_dags/example_datasets.py for tasks to queue
[2025-05-01T10:08:34.921+0000] {logging_mixin.py:190} INFO - [2025-05-01T10:08:34.921+0000] {dagbag.py:588} INFO - Filling up the DagBag from /home/airflow/.local/lib/python3.11/site-packages/airflow/example_dags/example_datasets.py
[2025-05-01T10:08:35.199+0000] {processor.py:925} INFO - DAG(s) 'conditional_dataset_and_time_based_timetable', 'dataset_produces_1', 'dataset_produces_2', 'dataset_consumes_1_and_2', 'consume_1_or_both_2_and_3_with_dataset_expressions', 'dataset_consumes_unknown_never_scheduled', 'consume_1_and_2_with_dataset_expressions', 'dataset_consumes_1_never_scheduled', 'dataset_consumes_1', 'consume_1_or_2_with_dataset_expressions' retrieved from /home/airflow/.local/lib/python3.11/site-packages/airflow/example_dags/example_datasets.py
[2025-05-01T10:08:35.235+0000] {logging_mixin.py:190} INFO - [2025-05-01T10:08:35.235+0000] {dag.py:3239} INFO - Sync 10 DAGs
[2025-05-01T10:08:35.262+0000] {logging_mixin.py:190} INFO - [2025-05-01T10:08:35.261+0000] {dag.py:4180} INFO - Setting next_dagrun for conditional_dataset_and_time_based_timetable to 2025-04-30 01:00:00+00:00, run_after=2025-04-30 01:00:00+00:00
[2025-05-01T10:08:35.265+0000] {logging_mixin.py:190} INFO - [2025-05-01T10:08:35.265+0000] {dag.py:4180} INFO - Setting next_dagrun for consume_1_and_2_with_dataset_expressions to None, run_after=None
[2025-05-01T10:08:35.266+0000] {logging_mixin.py:190} INFO - [2025-05-01T10:08:35.266+0000] {dag.py:4180} INFO - Setting next_dagrun for consume_1_or_2_with_dataset_expressions to None, run_after=None
[2025-05-01T10:08:35.268+0000] {logging_mixin.py:190} INFO - [2025-05-01T10:08:35.268+0000] {dag.py:4180} INFO - Setting next_dagrun for consume_1_or_both_2_and_3_with_dataset_expressions to None, run_after=None
[2025-05-01T10:08:35.269+0000] {logging_mixin.py:190} INFO - [2025-05-01T10:08:35.269+0000] {dag.py:4180} INFO - Setting next_dagrun for dataset_consumes_1 to None, run_after=None
[2025-05-01T10:08:35.270+0000] {logging_mixin.py:190} INFO - [2025-05-01T10:08:35.270+0000] {dag.py:4180} INFO - Setting next_dagrun for dataset_consumes_1_and_2 to None, run_after=None
[2025-05-01T10:08:35.273+0000] {logging_mixin.py:190} INFO - [2025-05-01T10:08:35.273+0000] {dag.py:4180} INFO - Setting next_dagrun for dataset_consumes_1_never_scheduled to None, run_after=None
[2025-05-01T10:08:35.274+0000] {logging_mixin.py:190} INFO - [2025-05-01T10:08:35.274+0000] {dag.py:4180} INFO - Setting next_dagrun for dataset_consumes_unknown_never_scheduled to None, run_after=None
[2025-05-01T10:08:35.278+0000] {logging_mixin.py:190} INFO - [2025-05-01T10:08:35.277+0000] {dag.py:4180} INFO - Setting next_dagrun for dataset_produces_1 to 2025-04-30 00:00:00+00:00, run_after=2025-05-01 00:00:00+00:00
[2025-05-01T10:08:35.278+0000] {logging_mixin.py:190} INFO - [2025-05-01T10:08:35.278+0000] {dag.py:4180} INFO - Setting next_dagrun for dataset_produces_2 to None, run_after=None
[2025-05-01T10:08:35.300+0000] {processor.py:208} INFO - Processing /home/airflow/.local/lib/python3.11/site-packages/airflow/example_dags/example_datasets.py took 0.399 seconds
[2025-05-01T10:09:06.078+0000] {processor.py:186} INFO - Started process (PID=1010) to work on /home/airflow/.local/lib/python3.11/site-packages/airflow/example_dags/example_datasets.py
[2025-05-01T10:09:06.080+0000] {processor.py:914} INFO - Processing file /home/airflow/.local/lib/python3.11/site-packages/airflow/example_dags/example_datasets.py for tasks to queue
[2025-05-01T10:09:06.084+0000] {logging_mixin.py:190} INFO - [2025-05-01T10:09:06.084+0000] {dagbag.py:588} INFO - Filling up the DagBag from /home/airflow/.local/lib/python3.11/site-packages/airflow/example_dags/example_datasets.py
[2025-05-01T10:09:06.309+0000] {processor.py:925} INFO - DAG(s) 'dataset_consumes_1', 'dataset_consumes_1_and_2', 'consume_1_or_2_with_dataset_expressions', 'consume_1_or_both_2_and_3_with_dataset_expressions', 'conditional_dataset_and_time_based_timetable', 'dataset_produces_2', 'dataset_produces_1', 'consume_1_and_2_with_dataset_expressions', 'dataset_consumes_1_never_scheduled', 'dataset_consumes_unknown_never_scheduled' retrieved from /home/airflow/.local/lib/python3.11/site-packages/airflow/example_dags/example_datasets.py
[2025-05-01T10:09:06.347+0000] {logging_mixin.py:190} INFO - [2025-05-01T10:09:06.346+0000] {dag.py:3239} INFO - Sync 10 DAGs
[2025-05-01T10:09:06.361+0000] {logging_mixin.py:190} INFO - [2025-05-01T10:09:06.361+0000] {dag.py:4180} INFO - Setting next_dagrun for conditional_dataset_and_time_based_timetable to 2025-04-30 01:00:00+00:00, run_after=2025-04-30 01:00:00+00:00
[2025-05-01T10:09:06.363+0000] {logging_mixin.py:190} INFO - [2025-05-01T10:09:06.363+0000] {dag.py:4180} INFO - Setting next_dagrun for consume_1_and_2_with_dataset_expressions to None, run_after=None
[2025-05-01T10:09:06.364+0000] {logging_mixin.py:190} INFO - [2025-05-01T10:09:06.364+0000] {dag.py:4180} INFO - Setting next_dagrun for consume_1_or_2_with_dataset_expressions to None, run_after=None
[2025-05-01T10:09:06.365+0000] {logging_mixin.py:190} INFO - [2025-05-01T10:09:06.365+0000] {dag.py:4180} INFO - Setting next_dagrun for consume_1_or_both_2_and_3_with_dataset_expressions to None, run_after=None
[2025-05-01T10:09:06.366+0000] {logging_mixin.py:190} INFO - [2025-05-01T10:09:06.366+0000] {dag.py:4180} INFO - Setting next_dagrun for dataset_consumes_1 to None, run_after=None
[2025-05-01T10:09:06.368+0000] {logging_mixin.py:190} INFO - [2025-05-01T10:09:06.368+0000] {dag.py:4180} INFO - Setting next_dagrun for dataset_consumes_1_and_2 to None, run_after=None
[2025-05-01T10:09:06.369+0000] {logging_mixin.py:190} INFO - [2025-05-01T10:09:06.369+0000] {dag.py:4180} INFO - Setting next_dagrun for dataset_consumes_1_never_scheduled to None, run_after=None
[2025-05-01T10:09:06.370+0000] {logging_mixin.py:190} INFO - [2025-05-01T10:09:06.370+0000] {dag.py:4180} INFO - Setting next_dagrun for dataset_consumes_unknown_never_scheduled to None, run_after=None
[2025-05-01T10:09:06.371+0000] {logging_mixin.py:190} INFO - [2025-05-01T10:09:06.371+0000] {dag.py:4180} INFO - Setting next_dagrun for dataset_produces_1 to 2025-04-30 00:00:00+00:00, run_after=2025-05-01 00:00:00+00:00
[2025-05-01T10:09:06.372+0000] {logging_mixin.py:190} INFO - [2025-05-01T10:09:06.372+0000] {dag.py:4180} INFO - Setting next_dagrun for dataset_produces_2 to None, run_after=None
[2025-05-01T10:09:06.390+0000] {processor.py:208} INFO - Processing /home/airflow/.local/lib/python3.11/site-packages/airflow/example_dags/example_datasets.py took 0.320 seconds
[2025-05-01T10:09:37.386+0000] {processor.py:186} INFO - Started process (PID=1083) to work on /home/airflow/.local/lib/python3.11/site-packages/airflow/example_dags/example_datasets.py
[2025-05-01T10:09:37.389+0000] {processor.py:914} INFO - Processing file /home/airflow/.local/lib/python3.11/site-packages/airflow/example_dags/example_datasets.py for tasks to queue
[2025-05-01T10:09:37.392+0000] {logging_mixin.py:190} INFO - [2025-05-01T10:09:37.392+0000] {dagbag.py:588} INFO - Filling up the DagBag from /home/airflow/.local/lib/python3.11/site-packages/airflow/example_dags/example_datasets.py
[2025-05-01T10:09:37.615+0000] {processor.py:925} INFO - DAG(s) 'dataset_consumes_1_never_scheduled', 'dataset_produces_2', 'dataset_consumes_unknown_never_scheduled', 'consume_1_and_2_with_dataset_expressions', 'dataset_produces_1', 'dataset_consumes_1_and_2', 'consume_1_or_both_2_and_3_with_dataset_expressions', 'dataset_consumes_1', 'consume_1_or_2_with_dataset_expressions', 'conditional_dataset_and_time_based_timetable' retrieved from /home/airflow/.local/lib/python3.11/site-packages/airflow/example_dags/example_datasets.py
[2025-05-01T10:09:37.647+0000] {logging_mixin.py:190} INFO - [2025-05-01T10:09:37.646+0000] {dag.py:3239} INFO - Sync 10 DAGs
[2025-05-01T10:09:37.661+0000] {logging_mixin.py:190} INFO - [2025-05-01T10:09:37.661+0000] {dag.py:4180} INFO - Setting next_dagrun for conditional_dataset_and_time_based_timetable to 2025-04-30 01:00:00+00:00, run_after=2025-04-30 01:00:00+00:00
[2025-05-01T10:09:37.662+0000] {logging_mixin.py:190} INFO - [2025-05-01T10:09:37.662+0000] {dag.py:4180} INFO - Setting next_dagrun for consume_1_and_2_with_dataset_expressions to None, run_after=None
[2025-05-01T10:09:37.663+0000] {logging_mixin.py:190} INFO - [2025-05-01T10:09:37.663+0000] {dag.py:4180} INFO - Setting next_dagrun for consume_1_or_2_with_dataset_expressions to None, run_after=None
[2025-05-01T10:09:37.664+0000] {logging_mixin.py:190} INFO - [2025-05-01T10:09:37.664+0000] {dag.py:4180} INFO - Setting next_dagrun for consume_1_or_both_2_and_3_with_dataset_expressions to None, run_after=None
[2025-05-01T10:09:37.665+0000] {logging_mixin.py:190} INFO - [2025-05-01T10:09:37.665+0000] {dag.py:4180} INFO - Setting next_dagrun for dataset_consumes_1 to None, run_after=None
[2025-05-01T10:09:37.665+0000] {logging_mixin.py:190} INFO - [2025-05-01T10:09:37.665+0000] {dag.py:4180} INFO - Setting next_dagrun for dataset_consumes_1_and_2 to None, run_after=None
[2025-05-01T10:09:37.666+0000] {logging_mixin.py:190} INFO - [2025-05-01T10:09:37.666+0000] {dag.py:4180} INFO - Setting next_dagrun for dataset_consumes_1_never_scheduled to None, run_after=None
[2025-05-01T10:09:37.667+0000] {logging_mixin.py:190} INFO - [2025-05-01T10:09:37.667+0000] {dag.py:4180} INFO - Setting next_dagrun for dataset_consumes_unknown_never_scheduled to None, run_after=None
[2025-05-01T10:09:37.670+0000] {logging_mixin.py:190} INFO - [2025-05-01T10:09:37.670+0000] {dag.py:4180} INFO - Setting next_dagrun for dataset_produces_1 to 2025-04-30 00:00:00+00:00, run_after=2025-05-01 00:00:00+00:00
[2025-05-01T10:09:37.671+0000] {logging_mixin.py:190} INFO - [2025-05-01T10:09:37.671+0000] {dag.py:4180} INFO - Setting next_dagrun for dataset_produces_2 to None, run_after=None
[2025-05-01T10:09:37.686+0000] {processor.py:208} INFO - Processing /home/airflow/.local/lib/python3.11/site-packages/airflow/example_dags/example_datasets.py took 0.313 seconds
[2025-05-01T10:10:08.554+0000] {processor.py:186} INFO - Started process (PID=1156) to work on /home/airflow/.local/lib/python3.11/site-packages/airflow/example_dags/example_datasets.py
[2025-05-01T10:10:08.559+0000] {processor.py:914} INFO - Processing file /home/airflow/.local/lib/python3.11/site-packages/airflow/example_dags/example_datasets.py for tasks to queue
[2025-05-01T10:10:08.562+0000] {logging_mixin.py:190} INFO - [2025-05-01T10:10:08.562+0000] {dagbag.py:588} INFO - Filling up the DagBag from /home/airflow/.local/lib/python3.11/site-packages/airflow/example_dags/example_datasets.py
[2025-05-01T10:10:08.751+0000] {processor.py:925} INFO - DAG(s) 'conditional_dataset_and_time_based_timetable', 'consume_1_and_2_with_dataset_expressions', 'dataset_produces_2', 'consume_1_or_2_with_dataset_expressions', 'consume_1_or_both_2_and_3_with_dataset_expressions', 'dataset_consumes_unknown_never_scheduled', 'dataset_consumes_1_never_scheduled', 'dataset_produces_1', 'dataset_consumes_1', 'dataset_consumes_1_and_2' retrieved from /home/airflow/.local/lib/python3.11/site-packages/airflow/example_dags/example_datasets.py
[2025-05-01T10:10:08.782+0000] {logging_mixin.py:190} INFO - [2025-05-01T10:10:08.782+0000] {dag.py:3239} INFO - Sync 10 DAGs
[2025-05-01T10:10:08.801+0000] {logging_mixin.py:190} INFO - [2025-05-01T10:10:08.800+0000] {dag.py:4180} INFO - Setting next_dagrun for conditional_dataset_and_time_based_timetable to 2025-04-30 01:00:00+00:00, run_after=2025-04-30 01:00:00+00:00
[2025-05-01T10:10:08.804+0000] {logging_mixin.py:190} INFO - [2025-05-01T10:10:08.804+0000] {dag.py:4180} INFO - Setting next_dagrun for consume_1_and_2_with_dataset_expressions to None, run_after=None
[2025-05-01T10:10:08.806+0000] {logging_mixin.py:190} INFO - [2025-05-01T10:10:08.806+0000] {dag.py:4180} INFO - Setting next_dagrun for consume_1_or_2_with_dataset_expressions to None, run_after=None
[2025-05-01T10:10:08.808+0000] {logging_mixin.py:190} INFO - [2025-05-01T10:10:08.808+0000] {dag.py:4180} INFO - Setting next_dagrun for consume_1_or_both_2_and_3_with_dataset_expressions to None, run_after=None
[2025-05-01T10:10:08.808+0000] {logging_mixin.py:190} INFO - [2025-05-01T10:10:08.808+0000] {dag.py:4180} INFO - Setting next_dagrun for dataset_consumes_1 to None, run_after=None
[2025-05-01T10:10:08.809+0000] {logging_mixin.py:190} INFO - [2025-05-01T10:10:08.808+0000] {dag.py:4180} INFO - Setting next_dagrun for dataset_consumes_1_and_2 to None, run_after=None
[2025-05-01T10:10:08.809+0000] {logging_mixin.py:190} INFO - [2025-05-01T10:10:08.809+0000] {dag.py:4180} INFO - Setting next_dagrun for dataset_consumes_1_never_scheduled to None, run_after=None
[2025-05-01T10:10:08.810+0000] {logging_mixin.py:190} INFO - [2025-05-01T10:10:08.810+0000] {dag.py:4180} INFO - Setting next_dagrun for dataset_consumes_unknown_never_scheduled to None, run_after=None
[2025-05-01T10:10:08.811+0000] {logging_mixin.py:190} INFO - [2025-05-01T10:10:08.811+0000] {dag.py:4180} INFO - Setting next_dagrun for dataset_produces_1 to 2025-04-30 00:00:00+00:00, run_after=2025-05-01 00:00:00+00:00
[2025-05-01T10:10:09.068+0000] {logging_mixin.py:190} INFO - [2025-05-01T10:10:09.067+0000] {dag.py:4180} INFO - Setting next_dagrun for dataset_produces_2 to None, run_after=None
[2025-05-01T10:10:09.086+0000] {processor.py:208} INFO - Processing /home/airflow/.local/lib/python3.11/site-packages/airflow/example_dags/example_datasets.py took 0.543 seconds
[2025-05-01T10:10:39.154+0000] {processor.py:186} INFO - Started process (PID=1230) to work on /home/airflow/.local/lib/python3.11/site-packages/airflow/example_dags/example_datasets.py
[2025-05-01T10:10:39.154+0000] {processor.py:914} INFO - Processing file /home/airflow/.local/lib/python3.11/site-packages/airflow/example_dags/example_datasets.py for tasks to queue
[2025-05-01T10:10:39.156+0000] {logging_mixin.py:190} INFO - [2025-05-01T10:10:39.156+0000] {dagbag.py:588} INFO - Filling up the DagBag from /home/airflow/.local/lib/python3.11/site-packages/airflow/example_dags/example_datasets.py
[2025-05-01T10:10:39.345+0000] {processor.py:925} INFO - DAG(s) 'dataset_consumes_1_and_2', 'dataset_produces_1', 'dataset_consumes_1_never_scheduled', 'dataset_produces_2', 'dataset_consumes_1', 'dataset_consumes_unknown_never_scheduled', 'consume_1_or_both_2_and_3_with_dataset_expressions', 'consume_1_and_2_with_dataset_expressions', 'consume_1_or_2_with_dataset_expressions', 'conditional_dataset_and_time_based_timetable' retrieved from /home/airflow/.local/lib/python3.11/site-packages/airflow/example_dags/example_datasets.py
[2025-05-01T10:10:39.386+0000] {logging_mixin.py:190} INFO - [2025-05-01T10:10:39.385+0000] {dag.py:3239} INFO - Sync 10 DAGs
[2025-05-01T10:10:39.409+0000] {logging_mixin.py:190} INFO - [2025-05-01T10:10:39.409+0000] {dag.py:4180} INFO - Setting next_dagrun for conditional_dataset_and_time_based_timetable to 2025-04-30 01:00:00+00:00, run_after=2025-04-30 01:00:00+00:00
[2025-05-01T10:10:39.411+0000] {logging_mixin.py:190} INFO - [2025-05-01T10:10:39.411+0000] {dag.py:4180} INFO - Setting next_dagrun for consume_1_and_2_with_dataset_expressions to None, run_after=None
[2025-05-01T10:10:39.412+0000] {logging_mixin.py:190} INFO - [2025-05-01T10:10:39.412+0000] {dag.py:4180} INFO - Setting next_dagrun for consume_1_or_2_with_dataset_expressions to None, run_after=None
[2025-05-01T10:10:39.414+0000] {logging_mixin.py:190} INFO - [2025-05-01T10:10:39.414+0000] {dag.py:4180} INFO - Setting next_dagrun for consume_1_or_both_2_and_3_with_dataset_expressions to None, run_after=None
[2025-05-01T10:10:39.415+0000] {logging_mixin.py:190} INFO - [2025-05-01T10:10:39.415+0000] {dag.py:4180} INFO - Setting next_dagrun for dataset_consumes_1 to None, run_after=None
[2025-05-01T10:10:39.416+0000] {logging_mixin.py:190} INFO - [2025-05-01T10:10:39.416+0000] {dag.py:4180} INFO - Setting next_dagrun for dataset_consumes_1_and_2 to None, run_after=None
[2025-05-01T10:10:39.419+0000] {logging_mixin.py:190} INFO - [2025-05-01T10:10:39.418+0000] {dag.py:4180} INFO - Setting next_dagrun for dataset_consumes_1_never_scheduled to None, run_after=None
[2025-05-01T10:10:39.421+0000] {logging_mixin.py:190} INFO - [2025-05-01T10:10:39.421+0000] {dag.py:4180} INFO - Setting next_dagrun for dataset_consumes_unknown_never_scheduled to None, run_after=None
[2025-05-01T10:10:39.424+0000] {logging_mixin.py:190} INFO - [2025-05-01T10:10:39.424+0000] {dag.py:4180} INFO - Setting next_dagrun for dataset_produces_1 to 2025-04-30 00:00:00+00:00, run_after=2025-05-01 00:00:00+00:00
[2025-05-01T10:10:39.425+0000] {logging_mixin.py:190} INFO - [2025-05-01T10:10:39.425+0000] {dag.py:4180} INFO - Setting next_dagrun for dataset_produces_2 to None, run_after=None
[2025-05-01T10:10:39.630+0000] {processor.py:208} INFO - Processing /home/airflow/.local/lib/python3.11/site-packages/airflow/example_dags/example_datasets.py took 0.480 seconds
[2025-05-01T10:11:09.875+0000] {processor.py:186} INFO - Started process (PID=1307) to work on /home/airflow/.local/lib/python3.11/site-packages/airflow/example_dags/example_datasets.py
[2025-05-01T10:11:09.877+0000] {processor.py:914} INFO - Processing file /home/airflow/.local/lib/python3.11/site-packages/airflow/example_dags/example_datasets.py for tasks to queue
[2025-05-01T10:11:09.880+0000] {logging_mixin.py:190} INFO - [2025-05-01T10:11:09.880+0000] {dagbag.py:588} INFO - Filling up the DagBag from /home/airflow/.local/lib/python3.11/site-packages/airflow/example_dags/example_datasets.py
[2025-05-01T10:11:10.541+0000] {processor.py:925} INFO - DAG(s) 'conditional_dataset_and_time_based_timetable', 'dataset_produces_1', 'dataset_consumes_1_never_scheduled', 'consume_1_or_2_with_dataset_expressions', 'dataset_produces_2', 'dataset_consumes_1', 'consume_1_or_both_2_and_3_with_dataset_expressions', 'dataset_consumes_unknown_never_scheduled', 'consume_1_and_2_with_dataset_expressions', 'dataset_consumes_1_and_2' retrieved from /home/airflow/.local/lib/python3.11/site-packages/airflow/example_dags/example_datasets.py
[2025-05-01T10:11:10.589+0000] {logging_mixin.py:190} INFO - [2025-05-01T10:11:10.589+0000] {dag.py:3239} INFO - Sync 10 DAGs
[2025-05-01T10:11:10.604+0000] {logging_mixin.py:190} INFO - [2025-05-01T10:11:10.604+0000] {dag.py:4180} INFO - Setting next_dagrun for conditional_dataset_and_time_based_timetable to 2025-04-30 01:00:00+00:00, run_after=2025-04-30 01:00:00+00:00
[2025-05-01T10:11:10.605+0000] {logging_mixin.py:190} INFO - [2025-05-01T10:11:10.605+0000] {dag.py:4180} INFO - Setting next_dagrun for consume_1_and_2_with_dataset_expressions to None, run_after=None
[2025-05-01T10:11:10.606+0000] {logging_mixin.py:190} INFO - [2025-05-01T10:11:10.606+0000] {dag.py:4180} INFO - Setting next_dagrun for consume_1_or_2_with_dataset_expressions to None, run_after=None
[2025-05-01T10:11:10.606+0000] {logging_mixin.py:190} INFO - [2025-05-01T10:11:10.606+0000] {dag.py:4180} INFO - Setting next_dagrun for consume_1_or_both_2_and_3_with_dataset_expressions to None, run_after=None
[2025-05-01T10:11:10.607+0000] {logging_mixin.py:190} INFO - [2025-05-01T10:11:10.607+0000] {dag.py:4180} INFO - Setting next_dagrun for dataset_consumes_1 to None, run_after=None
[2025-05-01T10:11:10.608+0000] {logging_mixin.py:190} INFO - [2025-05-01T10:11:10.608+0000] {dag.py:4180} INFO - Setting next_dagrun for dataset_consumes_1_and_2 to None, run_after=None
[2025-05-01T10:11:10.609+0000] {logging_mixin.py:190} INFO - [2025-05-01T10:11:10.609+0000] {dag.py:4180} INFO - Setting next_dagrun for dataset_consumes_1_never_scheduled to None, run_after=None
[2025-05-01T10:11:10.609+0000] {logging_mixin.py:190} INFO - [2025-05-01T10:11:10.609+0000] {dag.py:4180} INFO - Setting next_dagrun for dataset_consumes_unknown_never_scheduled to None, run_after=None
[2025-05-01T10:11:10.610+0000] {logging_mixin.py:190} INFO - [2025-05-01T10:11:10.610+0000] {dag.py:4180} INFO - Setting next_dagrun for dataset_produces_1 to 2025-04-30 00:00:00+00:00, run_after=2025-05-01 00:00:00+00:00
[2025-05-01T10:11:10.611+0000] {logging_mixin.py:190} INFO - [2025-05-01T10:11:10.611+0000] {dag.py:4180} INFO - Setting next_dagrun for dataset_produces_2 to None, run_after=None
[2025-05-01T10:11:10.645+0000] {processor.py:208} INFO - Processing /home/airflow/.local/lib/python3.11/site-packages/airflow/example_dags/example_datasets.py took 0.775 seconds
[2025-05-01T10:21:41.542+0000] {processor.py:186} INFO - Started process (PID=1373) to work on /home/airflow/.local/lib/python3.11/site-packages/airflow/example_dags/example_datasets.py
[2025-05-01T10:21:41.546+0000] {processor.py:914} INFO - Processing file /home/airflow/.local/lib/python3.11/site-packages/airflow/example_dags/example_datasets.py for tasks to queue
[2025-05-01T10:21:41.548+0000] {logging_mixin.py:190} INFO - [2025-05-01T10:21:41.548+0000] {dagbag.py:588} INFO - Filling up the DagBag from /home/airflow/.local/lib/python3.11/site-packages/airflow/example_dags/example_datasets.py
[2025-05-01T10:21:41.790+0000] {processor.py:925} INFO - DAG(s) 'dataset_consumes_1', 'consume_1_or_2_with_dataset_expressions', 'dataset_consumes_1_never_scheduled', 'consume_1_and_2_with_dataset_expressions', 'dataset_produces_2', 'dataset_consumes_unknown_never_scheduled', 'dataset_produces_1', 'conditional_dataset_and_time_based_timetable', 'dataset_consumes_1_and_2', 'consume_1_or_both_2_and_3_with_dataset_expressions' retrieved from /home/airflow/.local/lib/python3.11/site-packages/airflow/example_dags/example_datasets.py
[2025-05-01T10:21:41.816+0000] {logging_mixin.py:190} INFO - [2025-05-01T10:21:41.816+0000] {dag.py:3239} INFO - Sync 10 DAGs
[2025-05-01T10:21:41.829+0000] {logging_mixin.py:190} INFO - [2025-05-01T10:21:41.829+0000] {dag.py:4180} INFO - Setting next_dagrun for conditional_dataset_and_time_based_timetable to 2025-04-30 01:00:00+00:00, run_after=2025-04-30 01:00:00+00:00
[2025-05-01T10:21:41.831+0000] {logging_mixin.py:190} INFO - [2025-05-01T10:21:41.831+0000] {dag.py:4180} INFO - Setting next_dagrun for consume_1_and_2_with_dataset_expressions to None, run_after=None
[2025-05-01T10:21:41.831+0000] {logging_mixin.py:190} INFO - [2025-05-01T10:21:41.831+0000] {dag.py:4180} INFO - Setting next_dagrun for consume_1_or_2_with_dataset_expressions to None, run_after=None
[2025-05-01T10:21:41.832+0000] {logging_mixin.py:190} INFO - [2025-05-01T10:21:41.832+0000] {dag.py:4180} INFO - Setting next_dagrun for consume_1_or_both_2_and_3_with_dataset_expressions to None, run_after=None
[2025-05-01T10:21:41.832+0000] {logging_mixin.py:190} INFO - [2025-05-01T10:21:41.832+0000] {dag.py:4180} INFO - Setting next_dagrun for dataset_consumes_1 to None, run_after=None
[2025-05-01T10:21:41.832+0000] {logging_mixin.py:190} INFO - [2025-05-01T10:21:41.832+0000] {dag.py:4180} INFO - Setting next_dagrun for dataset_consumes_1_and_2 to None, run_after=None
[2025-05-01T10:21:41.833+0000] {logging_mixin.py:190} INFO - [2025-05-01T10:21:41.833+0000] {dag.py:4180} INFO - Setting next_dagrun for dataset_consumes_1_never_scheduled to None, run_after=None
[2025-05-01T10:21:41.833+0000] {logging_mixin.py:190} INFO - [2025-05-01T10:21:41.833+0000] {dag.py:4180} INFO - Setting next_dagrun for dataset_consumes_unknown_never_scheduled to None, run_after=None
[2025-05-01T10:21:41.834+0000] {logging_mixin.py:190} INFO - [2025-05-01T10:21:41.834+0000] {dag.py:4180} INFO - Setting next_dagrun for dataset_produces_1 to 2025-04-30 00:00:00+00:00, run_after=2025-05-01 00:00:00+00:00
[2025-05-01T10:21:41.835+0000] {logging_mixin.py:190} INFO - [2025-05-01T10:21:41.835+0000] {dag.py:4180} INFO - Setting next_dagrun for dataset_produces_2 to None, run_after=None
[2025-05-01T10:21:41.850+0000] {processor.py:208} INFO - Processing /home/airflow/.local/lib/python3.11/site-packages/airflow/example_dags/example_datasets.py took 0.315 seconds
