[2025-05-01T10:02:48.727+0000] {processor.py:186} INFO - Started process (PID=124) to work on /home/airflow/.local/lib/python3.11/site-packages/airflow/example_dags/example_time_delta_sensor_async.py
[2025-05-01T10:02:48.730+0000] {processor.py:914} INFO - Processing file /home/airflow/.local/lib/python3.11/site-packages/airflow/example_dags/example_time_delta_sensor_async.py for tasks to queue
[2025-05-01T10:02:48.733+0000] {logging_mixin.py:190} INFO - [2025-05-01T10:02:48.733+0000] {dagbag.py:588} INFO - Filling up the DagBag from /home/airflow/.local/lib/python3.11/site-packages/airflow/example_dags/example_time_delta_sensor_async.py
[2025-05-01T10:02:48.743+0000] {processor.py:925} INFO - DAG(s) 'example_time_delta_sensor_async' retrieved from /home/airflow/.local/lib/python3.11/site-packages/airflow/example_dags/example_time_delta_sensor_async.py
[2025-05-01T10:02:48.784+0000] {logging_mixin.py:190} INFO - [2025-05-01T10:02:48.783+0000] {dag.py:3239} INFO - Sync 1 DAGs
[2025-05-01T10:02:48.810+0000] {logging_mixin.py:190} INFO - [2025-05-01T10:02:48.809+0000] {dag.py:4180} INFO - Setting next_dagrun for example_time_delta_sensor_async to None, run_after=None
[2025-05-01T10:02:48.837+0000] {processor.py:208} INFO - Processing /home/airflow/.local/lib/python3.11/site-packages/airflow/example_dags/example_time_delta_sensor_async.py took 0.116 seconds
[2025-05-01T10:03:19.747+0000] {processor.py:186} INFO - Started process (PID=197) to work on /home/airflow/.local/lib/python3.11/site-packages/airflow/example_dags/example_time_delta_sensor_async.py
[2025-05-01T10:03:19.748+0000] {processor.py:914} INFO - Processing file /home/airflow/.local/lib/python3.11/site-packages/airflow/example_dags/example_time_delta_sensor_async.py for tasks to queue
[2025-05-01T10:03:19.750+0000] {logging_mixin.py:190} INFO - [2025-05-01T10:03:19.749+0000] {dagbag.py:588} INFO - Filling up the DagBag from /home/airflow/.local/lib/python3.11/site-packages/airflow/example_dags/example_time_delta_sensor_async.py
[2025-05-01T10:03:19.754+0000] {processor.py:925} INFO - DAG(s) 'example_time_delta_sensor_async' retrieved from /home/airflow/.local/lib/python3.11/site-packages/airflow/example_dags/example_time_delta_sensor_async.py
[2025-05-01T10:03:19.766+0000] {logging_mixin.py:190} INFO - [2025-05-01T10:03:19.766+0000] {dag.py:3239} INFO - Sync 1 DAGs
[2025-05-01T10:03:19.784+0000] {logging_mixin.py:190} INFO - [2025-05-01T10:03:19.784+0000] {dag.py:4180} INFO - Setting next_dagrun for example_time_delta_sensor_async to None, run_after=None
[2025-05-01T10:03:19.799+0000] {processor.py:208} INFO - Processing /home/airflow/.local/lib/python3.11/site-packages/airflow/example_dags/example_time_delta_sensor_async.py took 0.059 seconds
[2025-05-01T10:03:50.590+0000] {processor.py:186} INFO - Started process (PID=270) to work on /home/airflow/.local/lib/python3.11/site-packages/airflow/example_dags/example_time_delta_sensor_async.py
[2025-05-01T10:03:50.591+0000] {processor.py:914} INFO - Processing file /home/airflow/.local/lib/python3.11/site-packages/airflow/example_dags/example_time_delta_sensor_async.py for tasks to queue
[2025-05-01T10:03:50.593+0000] {logging_mixin.py:190} INFO - [2025-05-01T10:03:50.592+0000] {dagbag.py:588} INFO - Filling up the DagBag from /home/airflow/.local/lib/python3.11/site-packages/airflow/example_dags/example_time_delta_sensor_async.py
[2025-05-01T10:03:50.597+0000] {processor.py:925} INFO - DAG(s) 'example_time_delta_sensor_async' retrieved from /home/airflow/.local/lib/python3.11/site-packages/airflow/example_dags/example_time_delta_sensor_async.py
[2025-05-01T10:03:50.609+0000] {logging_mixin.py:190} INFO - [2025-05-01T10:03:50.609+0000] {dag.py:3239} INFO - Sync 1 DAGs
[2025-05-01T10:03:50.618+0000] {logging_mixin.py:190} INFO - [2025-05-01T10:03:50.618+0000] {dag.py:4180} INFO - Setting next_dagrun for example_time_delta_sensor_async to None, run_after=None
[2025-05-01T10:03:50.631+0000] {processor.py:208} INFO - Processing /home/airflow/.local/lib/python3.11/site-packages/airflow/example_dags/example_time_delta_sensor_async.py took 0.045 seconds
[2025-05-01T10:04:21.510+0000] {processor.py:186} INFO - Started process (PID=343) to work on /home/airflow/.local/lib/python3.11/site-packages/airflow/example_dags/example_time_delta_sensor_async.py
[2025-05-01T10:04:21.511+0000] {processor.py:914} INFO - Processing file /home/airflow/.local/lib/python3.11/site-packages/airflow/example_dags/example_time_delta_sensor_async.py for tasks to queue
[2025-05-01T10:04:21.512+0000] {logging_mixin.py:190} INFO - [2025-05-01T10:04:21.512+0000] {dagbag.py:588} INFO - Filling up the DagBag from /home/airflow/.local/lib/python3.11/site-packages/airflow/example_dags/example_time_delta_sensor_async.py
[2025-05-01T10:04:21.516+0000] {processor.py:925} INFO - DAG(s) 'example_time_delta_sensor_async' retrieved from /home/airflow/.local/lib/python3.11/site-packages/airflow/example_dags/example_time_delta_sensor_async.py
[2025-05-01T10:04:21.527+0000] {logging_mixin.py:190} INFO - [2025-05-01T10:04:21.527+0000] {dag.py:3239} INFO - Sync 1 DAGs
[2025-05-01T10:04:21.533+0000] {logging_mixin.py:190} INFO - [2025-05-01T10:04:21.533+0000] {dag.py:4180} INFO - Setting next_dagrun for example_time_delta_sensor_async to None, run_after=None
[2025-05-01T10:04:21.541+0000] {processor.py:208} INFO - Processing /home/airflow/.local/lib/python3.11/site-packages/airflow/example_dags/example_time_delta_sensor_async.py took 0.034 seconds
[2025-05-01T10:04:51.581+0000] {processor.py:186} INFO - Started process (PID=408) to work on /home/airflow/.local/lib/python3.11/site-packages/airflow/example_dags/example_time_delta_sensor_async.py
[2025-05-01T10:04:51.582+0000] {processor.py:914} INFO - Processing file /home/airflow/.local/lib/python3.11/site-packages/airflow/example_dags/example_time_delta_sensor_async.py for tasks to queue
[2025-05-01T10:04:51.583+0000] {logging_mixin.py:190} INFO - [2025-05-01T10:04:51.583+0000] {dagbag.py:588} INFO - Filling up the DagBag from /home/airflow/.local/lib/python3.11/site-packages/airflow/example_dags/example_time_delta_sensor_async.py
[2025-05-01T10:04:51.588+0000] {processor.py:925} INFO - DAG(s) 'example_time_delta_sensor_async' retrieved from /home/airflow/.local/lib/python3.11/site-packages/airflow/example_dags/example_time_delta_sensor_async.py
[2025-05-01T10:04:51.598+0000] {logging_mixin.py:190} INFO - [2025-05-01T10:04:51.598+0000] {dag.py:3239} INFO - Sync 1 DAGs
[2025-05-01T10:04:51.604+0000] {logging_mixin.py:190} INFO - [2025-05-01T10:04:51.604+0000] {dag.py:4180} INFO - Setting next_dagrun for example_time_delta_sensor_async to None, run_after=None
[2025-05-01T10:04:51.610+0000] {processor.py:208} INFO - Processing /home/airflow/.local/lib/python3.11/site-packages/airflow/example_dags/example_time_delta_sensor_async.py took 0.034 seconds
[2025-05-01T10:05:24.270+0000] {processor.py:186} INFO - Started process (PID=481) to work on /home/airflow/.local/lib/python3.11/site-packages/airflow/example_dags/example_time_delta_sensor_async.py
[2025-05-01T10:05:24.276+0000] {processor.py:914} INFO - Processing file /home/airflow/.local/lib/python3.11/site-packages/airflow/example_dags/example_time_delta_sensor_async.py for tasks to queue
[2025-05-01T10:05:24.278+0000] {logging_mixin.py:190} INFO - [2025-05-01T10:05:24.278+0000] {dagbag.py:588} INFO - Filling up the DagBag from /home/airflow/.local/lib/python3.11/site-packages/airflow/example_dags/example_time_delta_sensor_async.py
[2025-05-01T10:05:24.289+0000] {processor.py:925} INFO - DAG(s) 'example_time_delta_sensor_async' retrieved from /home/airflow/.local/lib/python3.11/site-packages/airflow/example_dags/example_time_delta_sensor_async.py
[2025-05-01T10:05:24.314+0000] {logging_mixin.py:190} INFO - [2025-05-01T10:05:24.314+0000] {dag.py:3239} INFO - Sync 1 DAGs
[2025-05-01T10:05:24.330+0000] {logging_mixin.py:190} INFO - [2025-05-01T10:05:24.329+0000] {dag.py:4180} INFO - Setting next_dagrun for example_time_delta_sensor_async to None, run_after=None
[2025-05-01T10:05:24.345+0000] {processor.py:208} INFO - Processing /home/airflow/.local/lib/python3.11/site-packages/airflow/example_dags/example_time_delta_sensor_async.py took 0.082 seconds
[2025-05-01T10:05:55.811+0000] {processor.py:186} INFO - Started process (PID=554) to work on /home/airflow/.local/lib/python3.11/site-packages/airflow/example_dags/example_time_delta_sensor_async.py
[2025-05-01T10:05:55.814+0000] {processor.py:914} INFO - Processing file /home/airflow/.local/lib/python3.11/site-packages/airflow/example_dags/example_time_delta_sensor_async.py for tasks to queue
[2025-05-01T10:05:55.817+0000] {logging_mixin.py:190} INFO - [2025-05-01T10:05:55.817+0000] {dagbag.py:588} INFO - Filling up the DagBag from /home/airflow/.local/lib/python3.11/site-packages/airflow/example_dags/example_time_delta_sensor_async.py
[2025-05-01T10:05:55.825+0000] {processor.py:925} INFO - DAG(s) 'example_time_delta_sensor_async' retrieved from /home/airflow/.local/lib/python3.11/site-packages/airflow/example_dags/example_time_delta_sensor_async.py
[2025-05-01T10:05:55.855+0000] {logging_mixin.py:190} INFO - [2025-05-01T10:05:55.855+0000] {dag.py:3239} INFO - Sync 1 DAGs
[2025-05-01T10:05:55.876+0000] {logging_mixin.py:190} INFO - [2025-05-01T10:05:55.875+0000] {dag.py:4180} INFO - Setting next_dagrun for example_time_delta_sensor_async to None, run_after=None
[2025-05-01T10:05:55.893+0000] {processor.py:208} INFO - Processing /home/airflow/.local/lib/python3.11/site-packages/airflow/example_dags/example_time_delta_sensor_async.py took 0.088 seconds
[2025-05-01T10:06:26.357+0000] {processor.py:186} INFO - Started process (PID=627) to work on /home/airflow/.local/lib/python3.11/site-packages/airflow/example_dags/example_time_delta_sensor_async.py
[2025-05-01T10:06:26.358+0000] {processor.py:914} INFO - Processing file /home/airflow/.local/lib/python3.11/site-packages/airflow/example_dags/example_time_delta_sensor_async.py for tasks to queue
[2025-05-01T10:06:26.360+0000] {logging_mixin.py:190} INFO - [2025-05-01T10:06:26.360+0000] {dagbag.py:588} INFO - Filling up the DagBag from /home/airflow/.local/lib/python3.11/site-packages/airflow/example_dags/example_time_delta_sensor_async.py
[2025-05-01T10:06:26.369+0000] {processor.py:925} INFO - DAG(s) 'example_time_delta_sensor_async' retrieved from /home/airflow/.local/lib/python3.11/site-packages/airflow/example_dags/example_time_delta_sensor_async.py
[2025-05-01T10:06:26.406+0000] {logging_mixin.py:190} INFO - [2025-05-01T10:06:26.406+0000] {dag.py:3239} INFO - Sync 1 DAGs
[2025-05-01T10:06:26.423+0000] {logging_mixin.py:190} INFO - [2025-05-01T10:06:26.423+0000] {dag.py:4180} INFO - Setting next_dagrun for example_time_delta_sensor_async to None, run_after=None
[2025-05-01T10:06:26.436+0000] {processor.py:208} INFO - Processing /home/airflow/.local/lib/python3.11/site-packages/airflow/example_dags/example_time_delta_sensor_async.py took 0.092 seconds
[2025-05-01T10:06:59.988+0000] {processor.py:186} INFO - Started process (PID=700) to work on /home/airflow/.local/lib/python3.11/site-packages/airflow/example_dags/example_time_delta_sensor_async.py
[2025-05-01T10:06:59.992+0000] {processor.py:914} INFO - Processing file /home/airflow/.local/lib/python3.11/site-packages/airflow/example_dags/example_time_delta_sensor_async.py for tasks to queue
[2025-05-01T10:06:59.996+0000] {logging_mixin.py:190} INFO - [2025-05-01T10:06:59.996+0000] {dagbag.py:588} INFO - Filling up the DagBag from /home/airflow/.local/lib/python3.11/site-packages/airflow/example_dags/example_time_delta_sensor_async.py
[2025-05-01T10:07:00.012+0000] {processor.py:925} INFO - DAG(s) 'example_time_delta_sensor_async' retrieved from /home/airflow/.local/lib/python3.11/site-packages/airflow/example_dags/example_time_delta_sensor_async.py
[2025-05-01T10:07:00.052+0000] {logging_mixin.py:190} INFO - [2025-05-01T10:07:00.051+0000] {dag.py:3239} INFO - Sync 1 DAGs
[2025-05-01T10:07:00.071+0000] {logging_mixin.py:190} INFO - [2025-05-01T10:07:00.071+0000] {dag.py:4180} INFO - Setting next_dagrun for example_time_delta_sensor_async to None, run_after=None
[2025-05-01T10:07:00.102+0000] {processor.py:208} INFO - Processing /home/airflow/.local/lib/python3.11/site-packages/airflow/example_dags/example_time_delta_sensor_async.py took 0.131 seconds
[2025-05-01T10:07:30.882+0000] {processor.py:186} INFO - Started process (PID=773) to work on /home/airflow/.local/lib/python3.11/site-packages/airflow/example_dags/example_time_delta_sensor_async.py
[2025-05-01T10:07:30.882+0000] {processor.py:914} INFO - Processing file /home/airflow/.local/lib/python3.11/site-packages/airflow/example_dags/example_time_delta_sensor_async.py for tasks to queue
[2025-05-01T10:07:30.884+0000] {logging_mixin.py:190} INFO - [2025-05-01T10:07:30.883+0000] {dagbag.py:588} INFO - Filling up the DagBag from /home/airflow/.local/lib/python3.11/site-packages/airflow/example_dags/example_time_delta_sensor_async.py
[2025-05-01T10:07:30.887+0000] {processor.py:925} INFO - DAG(s) 'example_time_delta_sensor_async' retrieved from /home/airflow/.local/lib/python3.11/site-packages/airflow/example_dags/example_time_delta_sensor_async.py
[2025-05-01T10:07:30.897+0000] {logging_mixin.py:190} INFO - [2025-05-01T10:07:30.897+0000] {dag.py:3239} INFO - Sync 1 DAGs
[2025-05-01T10:07:30.904+0000] {logging_mixin.py:190} INFO - [2025-05-01T10:07:30.903+0000] {dag.py:4180} INFO - Setting next_dagrun for example_time_delta_sensor_async to None, run_after=None
[2025-05-01T10:07:30.912+0000] {processor.py:208} INFO - Processing /home/airflow/.local/lib/python3.11/site-packages/airflow/example_dags/example_time_delta_sensor_async.py took 0.034 seconds
[2025-05-01T10:08:01.160+0000] {processor.py:186} INFO - Started process (PID=846) to work on /home/airflow/.local/lib/python3.11/site-packages/airflow/example_dags/example_time_delta_sensor_async.py
[2025-05-01T10:08:01.161+0000] {processor.py:914} INFO - Processing file /home/airflow/.local/lib/python3.11/site-packages/airflow/example_dags/example_time_delta_sensor_async.py for tasks to queue
[2025-05-01T10:08:01.162+0000] {logging_mixin.py:190} INFO - [2025-05-01T10:08:01.162+0000] {dagbag.py:588} INFO - Filling up the DagBag from /home/airflow/.local/lib/python3.11/site-packages/airflow/example_dags/example_time_delta_sensor_async.py
[2025-05-01T10:08:01.166+0000] {processor.py:925} INFO - DAG(s) 'example_time_delta_sensor_async' retrieved from /home/airflow/.local/lib/python3.11/site-packages/airflow/example_dags/example_time_delta_sensor_async.py
[2025-05-01T10:08:01.181+0000] {logging_mixin.py:190} INFO - [2025-05-01T10:08:01.181+0000] {dag.py:3239} INFO - Sync 1 DAGs
[2025-05-01T10:08:01.189+0000] {logging_mixin.py:190} INFO - [2025-05-01T10:08:01.189+0000] {dag.py:4180} INFO - Setting next_dagrun for example_time_delta_sensor_async to None, run_after=None
[2025-05-01T10:08:01.202+0000] {processor.py:208} INFO - Processing /home/airflow/.local/lib/python3.11/site-packages/airflow/example_dags/example_time_delta_sensor_async.py took 0.046 seconds
[2025-05-01T10:08:32.218+0000] {processor.py:186} INFO - Started process (PID=919) to work on /home/airflow/.local/lib/python3.11/site-packages/airflow/example_dags/example_time_delta_sensor_async.py
[2025-05-01T10:08:32.218+0000] {processor.py:914} INFO - Processing file /home/airflow/.local/lib/python3.11/site-packages/airflow/example_dags/example_time_delta_sensor_async.py for tasks to queue
[2025-05-01T10:08:32.220+0000] {logging_mixin.py:190} INFO - [2025-05-01T10:08:32.220+0000] {dagbag.py:588} INFO - Filling up the DagBag from /home/airflow/.local/lib/python3.11/site-packages/airflow/example_dags/example_time_delta_sensor_async.py
[2025-05-01T10:08:32.225+0000] {processor.py:925} INFO - DAG(s) 'example_time_delta_sensor_async' retrieved from /home/airflow/.local/lib/python3.11/site-packages/airflow/example_dags/example_time_delta_sensor_async.py
[2025-05-01T10:08:32.241+0000] {logging_mixin.py:190} INFO - [2025-05-01T10:08:32.241+0000] {dag.py:3239} INFO - Sync 1 DAGs
[2025-05-01T10:08:32.249+0000] {logging_mixin.py:190} INFO - [2025-05-01T10:08:32.249+0000] {dag.py:4180} INFO - Setting next_dagrun for example_time_delta_sensor_async to None, run_after=None
[2025-05-01T10:08:32.258+0000] {processor.py:208} INFO - Processing /home/airflow/.local/lib/python3.11/site-packages/airflow/example_dags/example_time_delta_sensor_async.py took 0.044 seconds
[2025-05-01T10:09:02.373+0000] {processor.py:186} INFO - Started process (PID=991) to work on /home/airflow/.local/lib/python3.11/site-packages/airflow/example_dags/example_time_delta_sensor_async.py
[2025-05-01T10:09:02.374+0000] {processor.py:914} INFO - Processing file /home/airflow/.local/lib/python3.11/site-packages/airflow/example_dags/example_time_delta_sensor_async.py for tasks to queue
[2025-05-01T10:09:02.375+0000] {logging_mixin.py:190} INFO - [2025-05-01T10:09:02.375+0000] {dagbag.py:588} INFO - Filling up the DagBag from /home/airflow/.local/lib/python3.11/site-packages/airflow/example_dags/example_time_delta_sensor_async.py
[2025-05-01T10:09:02.379+0000] {processor.py:925} INFO - DAG(s) 'example_time_delta_sensor_async' retrieved from /home/airflow/.local/lib/python3.11/site-packages/airflow/example_dags/example_time_delta_sensor_async.py
[2025-05-01T10:09:02.392+0000] {logging_mixin.py:190} INFO - [2025-05-01T10:09:02.392+0000] {dag.py:3239} INFO - Sync 1 DAGs
[2025-05-01T10:09:02.400+0000] {logging_mixin.py:190} INFO - [2025-05-01T10:09:02.400+0000] {dag.py:4180} INFO - Setting next_dagrun for example_time_delta_sensor_async to None, run_after=None
[2025-05-01T10:09:02.408+0000] {processor.py:208} INFO - Processing /home/airflow/.local/lib/python3.11/site-packages/airflow/example_dags/example_time_delta_sensor_async.py took 0.038 seconds
[2025-05-01T10:09:32.528+0000] {processor.py:186} INFO - Started process (PID=1063) to work on /home/airflow/.local/lib/python3.11/site-packages/airflow/example_dags/example_time_delta_sensor_async.py
[2025-05-01T10:09:32.530+0000] {processor.py:914} INFO - Processing file /home/airflow/.local/lib/python3.11/site-packages/airflow/example_dags/example_time_delta_sensor_async.py for tasks to queue
[2025-05-01T10:09:32.531+0000] {logging_mixin.py:190} INFO - [2025-05-01T10:09:32.531+0000] {dagbag.py:588} INFO - Filling up the DagBag from /home/airflow/.local/lib/python3.11/site-packages/airflow/example_dags/example_time_delta_sensor_async.py
[2025-05-01T10:09:32.535+0000] {processor.py:925} INFO - DAG(s) 'example_time_delta_sensor_async' retrieved from /home/airflow/.local/lib/python3.11/site-packages/airflow/example_dags/example_time_delta_sensor_async.py
[2025-05-01T10:09:32.548+0000] {logging_mixin.py:190} INFO - [2025-05-01T10:09:32.548+0000] {dag.py:3239} INFO - Sync 1 DAGs
[2025-05-01T10:09:32.554+0000] {logging_mixin.py:190} INFO - [2025-05-01T10:09:32.554+0000] {dag.py:4180} INFO - Setting next_dagrun for example_time_delta_sensor_async to None, run_after=None
[2025-05-01T10:09:32.570+0000] {processor.py:208} INFO - Processing /home/airflow/.local/lib/python3.11/site-packages/airflow/example_dags/example_time_delta_sensor_async.py took 0.046 seconds
[2025-05-01T10:10:02.780+0000] {processor.py:186} INFO - Started process (PID=1136) to work on /home/airflow/.local/lib/python3.11/site-packages/airflow/example_dags/example_time_delta_sensor_async.py
[2025-05-01T10:10:02.781+0000] {processor.py:914} INFO - Processing file /home/airflow/.local/lib/python3.11/site-packages/airflow/example_dags/example_time_delta_sensor_async.py for tasks to queue
[2025-05-01T10:10:02.782+0000] {logging_mixin.py:190} INFO - [2025-05-01T10:10:02.782+0000] {dagbag.py:588} INFO - Filling up the DagBag from /home/airflow/.local/lib/python3.11/site-packages/airflow/example_dags/example_time_delta_sensor_async.py
[2025-05-01T10:10:02.786+0000] {processor.py:925} INFO - DAG(s) 'example_time_delta_sensor_async' retrieved from /home/airflow/.local/lib/python3.11/site-packages/airflow/example_dags/example_time_delta_sensor_async.py
[2025-05-01T10:10:02.796+0000] {logging_mixin.py:190} INFO - [2025-05-01T10:10:02.796+0000] {dag.py:3239} INFO - Sync 1 DAGs
[2025-05-01T10:10:02.803+0000] {logging_mixin.py:190} INFO - [2025-05-01T10:10:02.803+0000] {dag.py:4180} INFO - Setting next_dagrun for example_time_delta_sensor_async to None, run_after=None
[2025-05-01T10:10:02.813+0000] {processor.py:208} INFO - Processing /home/airflow/.local/lib/python3.11/site-packages/airflow/example_dags/example_time_delta_sensor_async.py took 0.040 seconds
[2025-05-01T10:10:33.020+0000] {processor.py:186} INFO - Started process (PID=1209) to work on /home/airflow/.local/lib/python3.11/site-packages/airflow/example_dags/example_time_delta_sensor_async.py
[2025-05-01T10:10:33.020+0000] {processor.py:914} INFO - Processing file /home/airflow/.local/lib/python3.11/site-packages/airflow/example_dags/example_time_delta_sensor_async.py for tasks to queue
[2025-05-01T10:10:33.021+0000] {logging_mixin.py:190} INFO - [2025-05-01T10:10:33.021+0000] {dagbag.py:588} INFO - Filling up the DagBag from /home/airflow/.local/lib/python3.11/site-packages/airflow/example_dags/example_time_delta_sensor_async.py
[2025-05-01T10:10:33.024+0000] {processor.py:925} INFO - DAG(s) 'example_time_delta_sensor_async' retrieved from /home/airflow/.local/lib/python3.11/site-packages/airflow/example_dags/example_time_delta_sensor_async.py
[2025-05-01T10:10:33.032+0000] {logging_mixin.py:190} INFO - [2025-05-01T10:10:33.032+0000] {dag.py:3239} INFO - Sync 1 DAGs
[2025-05-01T10:10:33.038+0000] {logging_mixin.py:190} INFO - [2025-05-01T10:10:33.038+0000] {dag.py:4180} INFO - Setting next_dagrun for example_time_delta_sensor_async to None, run_after=None
[2025-05-01T10:10:33.046+0000] {processor.py:208} INFO - Processing /home/airflow/.local/lib/python3.11/site-packages/airflow/example_dags/example_time_delta_sensor_async.py took 0.029 seconds
[2025-05-01T10:11:03.590+0000] {processor.py:186} INFO - Started process (PID=1282) to work on /home/airflow/.local/lib/python3.11/site-packages/airflow/example_dags/example_time_delta_sensor_async.py
[2025-05-01T10:11:03.591+0000] {processor.py:914} INFO - Processing file /home/airflow/.local/lib/python3.11/site-packages/airflow/example_dags/example_time_delta_sensor_async.py for tasks to queue
[2025-05-01T10:11:03.592+0000] {logging_mixin.py:190} INFO - [2025-05-01T10:11:03.592+0000] {dagbag.py:588} INFO - Filling up the DagBag from /home/airflow/.local/lib/python3.11/site-packages/airflow/example_dags/example_time_delta_sensor_async.py
[2025-05-01T10:11:03.596+0000] {processor.py:925} INFO - DAG(s) 'example_time_delta_sensor_async' retrieved from /home/airflow/.local/lib/python3.11/site-packages/airflow/example_dags/example_time_delta_sensor_async.py
[2025-05-01T10:11:03.606+0000] {logging_mixin.py:190} INFO - [2025-05-01T10:11:03.605+0000] {dag.py:3239} INFO - Sync 1 DAGs
[2025-05-01T10:11:03.612+0000] {logging_mixin.py:190} INFO - [2025-05-01T10:11:03.612+0000] {dag.py:4180} INFO - Setting next_dagrun for example_time_delta_sensor_async to None, run_after=None
[2025-05-01T10:11:03.620+0000] {processor.py:208} INFO - Processing /home/airflow/.local/lib/python3.11/site-packages/airflow/example_dags/example_time_delta_sensor_async.py took 0.034 seconds
[2025-05-01T10:21:40.930+0000] {processor.py:186} INFO - Started process (PID=1356) to work on /home/airflow/.local/lib/python3.11/site-packages/airflow/example_dags/example_time_delta_sensor_async.py
[2025-05-01T10:21:40.931+0000] {processor.py:914} INFO - Processing file /home/airflow/.local/lib/python3.11/site-packages/airflow/example_dags/example_time_delta_sensor_async.py for tasks to queue
[2025-05-01T10:21:40.933+0000] {logging_mixin.py:190} INFO - [2025-05-01T10:21:40.933+0000] {dagbag.py:588} INFO - Filling up the DagBag from /home/airflow/.local/lib/python3.11/site-packages/airflow/example_dags/example_time_delta_sensor_async.py
[2025-05-01T10:21:40.939+0000] {processor.py:925} INFO - DAG(s) 'example_time_delta_sensor_async' retrieved from /home/airflow/.local/lib/python3.11/site-packages/airflow/example_dags/example_time_delta_sensor_async.py
[2025-05-01T10:21:40.957+0000] {logging_mixin.py:190} INFO - [2025-05-01T10:21:40.956+0000] {dag.py:3239} INFO - Sync 1 DAGs
[2025-05-01T10:21:40.965+0000] {logging_mixin.py:190} INFO - [2025-05-01T10:21:40.965+0000] {dag.py:4180} INFO - Setting next_dagrun for example_time_delta_sensor_async to None, run_after=None
[2025-05-01T10:21:40.974+0000] {processor.py:208} INFO - Processing /home/airflow/.local/lib/python3.11/site-packages/airflow/example_dags/example_time_delta_sensor_async.py took 0.049 seconds
