[2025-05-01T10:02:48.732+0000] {processor.py:186} INFO - Started process (PID=125) to work on /home/airflow/.local/lib/python3.11/site-packages/airflow/example_dags/example_external_task_marker_dag.py
[2025-05-01T10:02:48.733+0000] {processor.py:914} INFO - Processing file /home/airflow/.local/lib/python3.11/site-packages/airflow/example_dags/example_external_task_marker_dag.py for tasks to queue
[2025-05-01T10:02:48.738+0000] {logging_mixin.py:190} INFO - [2025-05-01T10:02:48.738+0000] {dagbag.py:588} INFO - Filling up the DagBag from /home/airflow/.local/lib/python3.11/site-packages/airflow/example_dags/example_external_task_marker_dag.py
[2025-05-01T10:02:48.752+0000] {processor.py:925} INFO - DAG(s) 'example_external_task_marker_child', 'example_external_task_marker_parent' retrieved from /home/airflow/.local/lib/python3.11/site-packages/airflow/example_dags/example_external_task_marker_dag.py
[2025-05-01T10:02:48.799+0000] {logging_mixin.py:190} INFO - [2025-05-01T10:02:48.799+0000] {dag.py:3239} INFO - Sync 2 DAGs
[2025-05-01T10:02:48.820+0000] {logging_mixin.py:190} INFO - [2025-05-01T10:02:48.820+0000] {dag.py:4180} INFO - Setting next_dagrun for example_external_task_marker_child to None, run_after=None
[2025-05-01T10:02:48.826+0000] {logging_mixin.py:190} INFO - [2025-05-01T10:02:48.824+0000] {dag.py:4180} INFO - Setting next_dagrun for example_external_task_marker_parent to None, run_after=None
[2025-05-01T10:02:48.845+0000] {processor.py:208} INFO - Processing /home/airflow/.local/lib/python3.11/site-packages/airflow/example_dags/example_external_task_marker_dag.py took 0.118 seconds
[2025-05-01T10:03:19.763+0000] {processor.py:186} INFO - Started process (PID=198) to work on /home/airflow/.local/lib/python3.11/site-packages/airflow/example_dags/example_external_task_marker_dag.py
[2025-05-01T10:03:19.766+0000] {processor.py:914} INFO - Processing file /home/airflow/.local/lib/python3.11/site-packages/airflow/example_dags/example_external_task_marker_dag.py for tasks to queue
[2025-05-01T10:03:19.768+0000] {logging_mixin.py:190} INFO - [2025-05-01T10:03:19.768+0000] {dagbag.py:588} INFO - Filling up the DagBag from /home/airflow/.local/lib/python3.11/site-packages/airflow/example_dags/example_external_task_marker_dag.py
[2025-05-01T10:03:19.779+0000] {processor.py:925} INFO - DAG(s) 'example_external_task_marker_parent', 'example_external_task_marker_child' retrieved from /home/airflow/.local/lib/python3.11/site-packages/airflow/example_dags/example_external_task_marker_dag.py
[2025-05-01T10:03:19.802+0000] {logging_mixin.py:190} INFO - [2025-05-01T10:03:19.802+0000] {dag.py:3239} INFO - Sync 2 DAGs
[2025-05-01T10:03:19.814+0000] {logging_mixin.py:190} INFO - [2025-05-01T10:03:19.814+0000] {dag.py:4180} INFO - Setting next_dagrun for example_external_task_marker_child to None, run_after=None
[2025-05-01T10:03:19.819+0000] {logging_mixin.py:190} INFO - [2025-05-01T10:03:19.819+0000] {dag.py:4180} INFO - Setting next_dagrun for example_external_task_marker_parent to None, run_after=None
[2025-05-01T10:03:19.833+0000] {processor.py:208} INFO - Processing /home/airflow/.local/lib/python3.11/site-packages/airflow/example_dags/example_external_task_marker_dag.py took 0.074 seconds
[2025-05-01T10:03:50.604+0000] {processor.py:186} INFO - Started process (PID=271) to work on /home/airflow/.local/lib/python3.11/site-packages/airflow/example_dags/example_external_task_marker_dag.py
[2025-05-01T10:03:50.605+0000] {processor.py:914} INFO - Processing file /home/airflow/.local/lib/python3.11/site-packages/airflow/example_dags/example_external_task_marker_dag.py for tasks to queue
[2025-05-01T10:03:50.609+0000] {logging_mixin.py:190} INFO - [2025-05-01T10:03:50.609+0000] {dagbag.py:588} INFO - Filling up the DagBag from /home/airflow/.local/lib/python3.11/site-packages/airflow/example_dags/example_external_task_marker_dag.py
[2025-05-01T10:03:50.615+0000] {processor.py:925} INFO - DAG(s) 'example_external_task_marker_child', 'example_external_task_marker_parent' retrieved from /home/airflow/.local/lib/python3.11/site-packages/airflow/example_dags/example_external_task_marker_dag.py
[2025-05-01T10:03:50.632+0000] {logging_mixin.py:190} INFO - [2025-05-01T10:03:50.632+0000] {dag.py:3239} INFO - Sync 2 DAGs
[2025-05-01T10:03:50.643+0000] {logging_mixin.py:190} INFO - [2025-05-01T10:03:50.643+0000] {dag.py:4180} INFO - Setting next_dagrun for example_external_task_marker_child to None, run_after=None
[2025-05-01T10:03:50.651+0000] {logging_mixin.py:190} INFO - [2025-05-01T10:03:50.651+0000] {dag.py:4180} INFO - Setting next_dagrun for example_external_task_marker_parent to None, run_after=None
[2025-05-01T10:03:50.665+0000] {processor.py:208} INFO - Processing /home/airflow/.local/lib/python3.11/site-packages/airflow/example_dags/example_external_task_marker_dag.py took 0.065 seconds
[2025-05-01T10:04:21.558+0000] {processor.py:186} INFO - Started process (PID=344) to work on /home/airflow/.local/lib/python3.11/site-packages/airflow/example_dags/example_external_task_marker_dag.py
[2025-05-01T10:04:21.558+0000] {processor.py:914} INFO - Processing file /home/airflow/.local/lib/python3.11/site-packages/airflow/example_dags/example_external_task_marker_dag.py for tasks to queue
[2025-05-01T10:04:21.560+0000] {logging_mixin.py:190} INFO - [2025-05-01T10:04:21.560+0000] {dagbag.py:588} INFO - Filling up the DagBag from /home/airflow/.local/lib/python3.11/site-packages/airflow/example_dags/example_external_task_marker_dag.py
[2025-05-01T10:04:21.564+0000] {processor.py:925} INFO - DAG(s) 'example_external_task_marker_parent', 'example_external_task_marker_child' retrieved from /home/airflow/.local/lib/python3.11/site-packages/airflow/example_dags/example_external_task_marker_dag.py
[2025-05-01T10:04:21.577+0000] {logging_mixin.py:190} INFO - [2025-05-01T10:04:21.577+0000] {dag.py:3239} INFO - Sync 2 DAGs
[2025-05-01T10:04:21.592+0000] {logging_mixin.py:190} INFO - [2025-05-01T10:04:21.592+0000] {dag.py:4180} INFO - Setting next_dagrun for example_external_task_marker_child to None, run_after=None
[2025-05-01T10:04:21.596+0000] {logging_mixin.py:190} INFO - [2025-05-01T10:04:21.596+0000] {dag.py:4180} INFO - Setting next_dagrun for example_external_task_marker_parent to None, run_after=None
[2025-05-01T10:04:21.604+0000] {processor.py:208} INFO - Processing /home/airflow/.local/lib/python3.11/site-packages/airflow/example_dags/example_external_task_marker_dag.py took 0.051 seconds
[2025-05-01T10:04:51.625+0000] {processor.py:186} INFO - Started process (PID=409) to work on /home/airflow/.local/lib/python3.11/site-packages/airflow/example_dags/example_external_task_marker_dag.py
[2025-05-01T10:04:51.625+0000] {processor.py:914} INFO - Processing file /home/airflow/.local/lib/python3.11/site-packages/airflow/example_dags/example_external_task_marker_dag.py for tasks to queue
[2025-05-01T10:04:51.627+0000] {logging_mixin.py:190} INFO - [2025-05-01T10:04:51.627+0000] {dagbag.py:588} INFO - Filling up the DagBag from /home/airflow/.local/lib/python3.11/site-packages/airflow/example_dags/example_external_task_marker_dag.py
[2025-05-01T10:04:51.632+0000] {processor.py:925} INFO - DAG(s) 'example_external_task_marker_parent', 'example_external_task_marker_child' retrieved from /home/airflow/.local/lib/python3.11/site-packages/airflow/example_dags/example_external_task_marker_dag.py
[2025-05-01T10:04:51.644+0000] {logging_mixin.py:190} INFO - [2025-05-01T10:04:51.644+0000] {dag.py:3239} INFO - Sync 2 DAGs
[2025-05-01T10:04:51.651+0000] {logging_mixin.py:190} INFO - [2025-05-01T10:04:51.651+0000] {dag.py:4180} INFO - Setting next_dagrun for example_external_task_marker_child to None, run_after=None
[2025-05-01T10:04:51.654+0000] {logging_mixin.py:190} INFO - [2025-05-01T10:04:51.653+0000] {dag.py:4180} INFO - Setting next_dagrun for example_external_task_marker_parent to None, run_after=None
[2025-05-01T10:04:51.660+0000] {processor.py:208} INFO - Processing /home/airflow/.local/lib/python3.11/site-packages/airflow/example_dags/example_external_task_marker_dag.py took 0.039 seconds
[2025-05-01T10:05:24.338+0000] {processor.py:186} INFO - Started process (PID=482) to work on /home/airflow/.local/lib/python3.11/site-packages/airflow/example_dags/example_external_task_marker_dag.py
[2025-05-01T10:05:24.340+0000] {processor.py:914} INFO - Processing file /home/airflow/.local/lib/python3.11/site-packages/airflow/example_dags/example_external_task_marker_dag.py for tasks to queue
[2025-05-01T10:05:24.342+0000] {logging_mixin.py:190} INFO - [2025-05-01T10:05:24.341+0000] {dagbag.py:588} INFO - Filling up the DagBag from /home/airflow/.local/lib/python3.11/site-packages/airflow/example_dags/example_external_task_marker_dag.py
[2025-05-01T10:05:24.354+0000] {processor.py:925} INFO - DAG(s) 'example_external_task_marker_parent', 'example_external_task_marker_child' retrieved from /home/airflow/.local/lib/python3.11/site-packages/airflow/example_dags/example_external_task_marker_dag.py
[2025-05-01T10:05:24.402+0000] {logging_mixin.py:190} INFO - [2025-05-01T10:05:24.402+0000] {dag.py:3239} INFO - Sync 2 DAGs
[2025-05-01T10:05:24.424+0000] {logging_mixin.py:190} INFO - [2025-05-01T10:05:24.424+0000] {dag.py:4180} INFO - Setting next_dagrun for example_external_task_marker_child to None, run_after=None
[2025-05-01T10:05:24.428+0000] {logging_mixin.py:190} INFO - [2025-05-01T10:05:24.428+0000] {dag.py:4180} INFO - Setting next_dagrun for example_external_task_marker_parent to None, run_after=None
[2025-05-01T10:05:24.444+0000] {processor.py:208} INFO - Processing /home/airflow/.local/lib/python3.11/site-packages/airflow/example_dags/example_external_task_marker_dag.py took 0.113 seconds
[2025-05-01T10:05:55.905+0000] {processor.py:186} INFO - Started process (PID=555) to work on /home/airflow/.local/lib/python3.11/site-packages/airflow/example_dags/example_external_task_marker_dag.py
[2025-05-01T10:05:55.908+0000] {processor.py:914} INFO - Processing file /home/airflow/.local/lib/python3.11/site-packages/airflow/example_dags/example_external_task_marker_dag.py for tasks to queue
[2025-05-01T10:05:55.910+0000] {logging_mixin.py:190} INFO - [2025-05-01T10:05:55.910+0000] {dagbag.py:588} INFO - Filling up the DagBag from /home/airflow/.local/lib/python3.11/site-packages/airflow/example_dags/example_external_task_marker_dag.py
[2025-05-01T10:05:55.921+0000] {processor.py:925} INFO - DAG(s) 'example_external_task_marker_parent', 'example_external_task_marker_child' retrieved from /home/airflow/.local/lib/python3.11/site-packages/airflow/example_dags/example_external_task_marker_dag.py
[2025-05-01T10:05:55.948+0000] {logging_mixin.py:190} INFO - [2025-05-01T10:05:55.948+0000] {dag.py:3239} INFO - Sync 2 DAGs
[2025-05-01T10:05:55.970+0000] {logging_mixin.py:190} INFO - [2025-05-01T10:05:55.970+0000] {dag.py:4180} INFO - Setting next_dagrun for example_external_task_marker_child to None, run_after=None
[2025-05-01T10:05:55.973+0000] {logging_mixin.py:190} INFO - [2025-05-01T10:05:55.973+0000] {dag.py:4180} INFO - Setting next_dagrun for example_external_task_marker_parent to None, run_after=None
[2025-05-01T10:05:56.005+0000] {processor.py:208} INFO - Processing /home/airflow/.local/lib/python3.11/site-packages/airflow/example_dags/example_external_task_marker_dag.py took 0.114 seconds
[2025-05-01T10:06:26.435+0000] {processor.py:186} INFO - Started process (PID=628) to work on /home/airflow/.local/lib/python3.11/site-packages/airflow/example_dags/example_external_task_marker_dag.py
[2025-05-01T10:06:26.436+0000] {processor.py:914} INFO - Processing file /home/airflow/.local/lib/python3.11/site-packages/airflow/example_dags/example_external_task_marker_dag.py for tasks to queue
[2025-05-01T10:06:26.438+0000] {logging_mixin.py:190} INFO - [2025-05-01T10:06:26.438+0000] {dagbag.py:588} INFO - Filling up the DagBag from /home/airflow/.local/lib/python3.11/site-packages/airflow/example_dags/example_external_task_marker_dag.py
[2025-05-01T10:06:26.459+0000] {processor.py:925} INFO - DAG(s) 'example_external_task_marker_child', 'example_external_task_marker_parent' retrieved from /home/airflow/.local/lib/python3.11/site-packages/airflow/example_dags/example_external_task_marker_dag.py
[2025-05-01T10:06:26.519+0000] {logging_mixin.py:190} INFO - [2025-05-01T10:06:26.519+0000] {dag.py:3239} INFO - Sync 2 DAGs
[2025-05-01T10:06:26.552+0000] {logging_mixin.py:190} INFO - [2025-05-01T10:06:26.548+0000] {dag.py:4180} INFO - Setting next_dagrun for example_external_task_marker_child to None, run_after=None
[2025-05-01T10:06:26.562+0000] {logging_mixin.py:190} INFO - [2025-05-01T10:06:26.562+0000] {dag.py:4180} INFO - Setting next_dagrun for example_external_task_marker_parent to None, run_after=None
[2025-05-01T10:06:26.605+0000] {processor.py:208} INFO - Processing /home/airflow/.local/lib/python3.11/site-packages/airflow/example_dags/example_external_task_marker_dag.py took 0.176 seconds
[2025-05-01T10:07:00.052+0000] {processor.py:186} INFO - Started process (PID=701) to work on /home/airflow/.local/lib/python3.11/site-packages/airflow/example_dags/example_external_task_marker_dag.py
[2025-05-01T10:07:00.058+0000] {processor.py:914} INFO - Processing file /home/airflow/.local/lib/python3.11/site-packages/airflow/example_dags/example_external_task_marker_dag.py for tasks to queue
[2025-05-01T10:07:00.069+0000] {logging_mixin.py:190} INFO - [2025-05-01T10:07:00.069+0000] {dagbag.py:588} INFO - Filling up the DagBag from /home/airflow/.local/lib/python3.11/site-packages/airflow/example_dags/example_external_task_marker_dag.py
[2025-05-01T10:07:00.085+0000] {processor.py:925} INFO - DAG(s) 'example_external_task_marker_child', 'example_external_task_marker_parent' retrieved from /home/airflow/.local/lib/python3.11/site-packages/airflow/example_dags/example_external_task_marker_dag.py
[2025-05-01T10:07:00.119+0000] {logging_mixin.py:190} INFO - [2025-05-01T10:07:00.119+0000] {dag.py:3239} INFO - Sync 2 DAGs
[2025-05-01T10:07:00.133+0000] {logging_mixin.py:190} INFO - [2025-05-01T10:07:00.132+0000] {dag.py:4180} INFO - Setting next_dagrun for example_external_task_marker_child to None, run_after=None
[2025-05-01T10:07:00.137+0000] {logging_mixin.py:190} INFO - [2025-05-01T10:07:00.137+0000] {dag.py:4180} INFO - Setting next_dagrun for example_external_task_marker_parent to None, run_after=None
[2025-05-01T10:07:00.148+0000] {processor.py:208} INFO - Processing /home/airflow/.local/lib/python3.11/site-packages/airflow/example_dags/example_external_task_marker_dag.py took 0.107 seconds
[2025-05-01T10:07:30.925+0000] {processor.py:186} INFO - Started process (PID=774) to work on /home/airflow/.local/lib/python3.11/site-packages/airflow/example_dags/example_external_task_marker_dag.py
[2025-05-01T10:07:30.925+0000] {processor.py:914} INFO - Processing file /home/airflow/.local/lib/python3.11/site-packages/airflow/example_dags/example_external_task_marker_dag.py for tasks to queue
[2025-05-01T10:07:30.927+0000] {logging_mixin.py:190} INFO - [2025-05-01T10:07:30.927+0000] {dagbag.py:588} INFO - Filling up the DagBag from /home/airflow/.local/lib/python3.11/site-packages/airflow/example_dags/example_external_task_marker_dag.py
[2025-05-01T10:07:30.932+0000] {processor.py:925} INFO - DAG(s) 'example_external_task_marker_parent', 'example_external_task_marker_child' retrieved from /home/airflow/.local/lib/python3.11/site-packages/airflow/example_dags/example_external_task_marker_dag.py
[2025-05-01T10:07:30.948+0000] {logging_mixin.py:190} INFO - [2025-05-01T10:07:30.948+0000] {dag.py:3239} INFO - Sync 2 DAGs
[2025-05-01T10:07:30.956+0000] {logging_mixin.py:190} INFO - [2025-05-01T10:07:30.956+0000] {dag.py:4180} INFO - Setting next_dagrun for example_external_task_marker_child to None, run_after=None
[2025-05-01T10:07:30.959+0000] {logging_mixin.py:190} INFO - [2025-05-01T10:07:30.959+0000] {dag.py:4180} INFO - Setting next_dagrun for example_external_task_marker_parent to None, run_after=None
[2025-05-01T10:07:30.968+0000] {processor.py:208} INFO - Processing /home/airflow/.local/lib/python3.11/site-packages/airflow/example_dags/example_external_task_marker_dag.py took 0.047 seconds
[2025-05-01T10:08:01.164+0000] {processor.py:186} INFO - Started process (PID=847) to work on /home/airflow/.local/lib/python3.11/site-packages/airflow/example_dags/example_external_task_marker_dag.py
[2025-05-01T10:08:01.166+0000] {processor.py:914} INFO - Processing file /home/airflow/.local/lib/python3.11/site-packages/airflow/example_dags/example_external_task_marker_dag.py for tasks to queue
[2025-05-01T10:08:01.168+0000] {logging_mixin.py:190} INFO - [2025-05-01T10:08:01.168+0000] {dagbag.py:588} INFO - Filling up the DagBag from /home/airflow/.local/lib/python3.11/site-packages/airflow/example_dags/example_external_task_marker_dag.py
[2025-05-01T10:08:01.172+0000] {processor.py:925} INFO - DAG(s) 'example_external_task_marker_parent', 'example_external_task_marker_child' retrieved from /home/airflow/.local/lib/python3.11/site-packages/airflow/example_dags/example_external_task_marker_dag.py
[2025-05-01T10:08:01.185+0000] {logging_mixin.py:190} INFO - [2025-05-01T10:08:01.185+0000] {dag.py:3239} INFO - Sync 2 DAGs
[2025-05-01T10:08:01.193+0000] {logging_mixin.py:190} INFO - [2025-05-01T10:08:01.193+0000] {dag.py:4180} INFO - Setting next_dagrun for example_external_task_marker_child to None, run_after=None
[2025-05-01T10:08:01.196+0000] {logging_mixin.py:190} INFO - [2025-05-01T10:08:01.196+0000] {dag.py:4180} INFO - Setting next_dagrun for example_external_task_marker_parent to None, run_after=None
[2025-05-01T10:08:01.205+0000] {processor.py:208} INFO - Processing /home/airflow/.local/lib/python3.11/site-packages/airflow/example_dags/example_external_task_marker_dag.py took 0.044 seconds
[2025-05-01T10:08:32.256+0000] {processor.py:186} INFO - Started process (PID=920) to work on /home/airflow/.local/lib/python3.11/site-packages/airflow/example_dags/example_external_task_marker_dag.py
[2025-05-01T10:08:32.257+0000] {processor.py:914} INFO - Processing file /home/airflow/.local/lib/python3.11/site-packages/airflow/example_dags/example_external_task_marker_dag.py for tasks to queue
[2025-05-01T10:08:32.259+0000] {logging_mixin.py:190} INFO - [2025-05-01T10:08:32.258+0000] {dagbag.py:588} INFO - Filling up the DagBag from /home/airflow/.local/lib/python3.11/site-packages/airflow/example_dags/example_external_task_marker_dag.py
[2025-05-01T10:08:32.266+0000] {processor.py:925} INFO - DAG(s) 'example_external_task_marker_parent', 'example_external_task_marker_child' retrieved from /home/airflow/.local/lib/python3.11/site-packages/airflow/example_dags/example_external_task_marker_dag.py
[2025-05-01T10:08:32.288+0000] {logging_mixin.py:190} INFO - [2025-05-01T10:08:32.288+0000] {dag.py:3239} INFO - Sync 2 DAGs
[2025-05-01T10:08:32.298+0000] {logging_mixin.py:190} INFO - [2025-05-01T10:08:32.298+0000] {dag.py:4180} INFO - Setting next_dagrun for example_external_task_marker_child to None, run_after=None
[2025-05-01T10:08:32.302+0000] {logging_mixin.py:190} INFO - [2025-05-01T10:08:32.302+0000] {dag.py:4180} INFO - Setting next_dagrun for example_external_task_marker_parent to None, run_after=None
[2025-05-01T10:08:32.311+0000] {processor.py:208} INFO - Processing /home/airflow/.local/lib/python3.11/site-packages/airflow/example_dags/example_external_task_marker_dag.py took 0.060 seconds
[2025-05-01T10:09:02.424+0000] {processor.py:186} INFO - Started process (PID=992) to work on /home/airflow/.local/lib/python3.11/site-packages/airflow/example_dags/example_external_task_marker_dag.py
[2025-05-01T10:09:02.425+0000] {processor.py:914} INFO - Processing file /home/airflow/.local/lib/python3.11/site-packages/airflow/example_dags/example_external_task_marker_dag.py for tasks to queue
[2025-05-01T10:09:02.427+0000] {logging_mixin.py:190} INFO - [2025-05-01T10:09:02.426+0000] {dagbag.py:588} INFO - Filling up the DagBag from /home/airflow/.local/lib/python3.11/site-packages/airflow/example_dags/example_external_task_marker_dag.py
[2025-05-01T10:09:02.431+0000] {processor.py:925} INFO - DAG(s) 'example_external_task_marker_parent', 'example_external_task_marker_child' retrieved from /home/airflow/.local/lib/python3.11/site-packages/airflow/example_dags/example_external_task_marker_dag.py
[2025-05-01T10:09:02.450+0000] {logging_mixin.py:190} INFO - [2025-05-01T10:09:02.450+0000] {dag.py:3239} INFO - Sync 2 DAGs
[2025-05-01T10:09:02.459+0000] {logging_mixin.py:190} INFO - [2025-05-01T10:09:02.459+0000] {dag.py:4180} INFO - Setting next_dagrun for example_external_task_marker_child to None, run_after=None
[2025-05-01T10:09:02.460+0000] {logging_mixin.py:190} INFO - [2025-05-01T10:09:02.460+0000] {dag.py:4180} INFO - Setting next_dagrun for example_external_task_marker_parent to None, run_after=None
[2025-05-01T10:09:02.467+0000] {processor.py:208} INFO - Processing /home/airflow/.local/lib/python3.11/site-packages/airflow/example_dags/example_external_task_marker_dag.py took 0.048 seconds
[2025-05-01T10:09:32.586+0000] {processor.py:186} INFO - Started process (PID=1064) to work on /home/airflow/.local/lib/python3.11/site-packages/airflow/example_dags/example_external_task_marker_dag.py
[2025-05-01T10:09:32.587+0000] {processor.py:914} INFO - Processing file /home/airflow/.local/lib/python3.11/site-packages/airflow/example_dags/example_external_task_marker_dag.py for tasks to queue
[2025-05-01T10:09:32.588+0000] {logging_mixin.py:190} INFO - [2025-05-01T10:09:32.588+0000] {dagbag.py:588} INFO - Filling up the DagBag from /home/airflow/.local/lib/python3.11/site-packages/airflow/example_dags/example_external_task_marker_dag.py
[2025-05-01T10:09:32.592+0000] {processor.py:925} INFO - DAG(s) 'example_external_task_marker_parent', 'example_external_task_marker_child' retrieved from /home/airflow/.local/lib/python3.11/site-packages/airflow/example_dags/example_external_task_marker_dag.py
[2025-05-01T10:09:32.603+0000] {logging_mixin.py:190} INFO - [2025-05-01T10:09:32.603+0000] {dag.py:3239} INFO - Sync 2 DAGs
[2025-05-01T10:09:32.612+0000] {logging_mixin.py:190} INFO - [2025-05-01T10:09:32.612+0000] {dag.py:4180} INFO - Setting next_dagrun for example_external_task_marker_child to None, run_after=None
[2025-05-01T10:09:32.615+0000] {logging_mixin.py:190} INFO - [2025-05-01T10:09:32.615+0000] {dag.py:4180} INFO - Setting next_dagrun for example_external_task_marker_parent to None, run_after=None
[2025-05-01T10:09:32.629+0000] {processor.py:208} INFO - Processing /home/airflow/.local/lib/python3.11/site-packages/airflow/example_dags/example_external_task_marker_dag.py took 0.047 seconds
[2025-05-01T10:10:02.790+0000] {processor.py:186} INFO - Started process (PID=1137) to work on /home/airflow/.local/lib/python3.11/site-packages/airflow/example_dags/example_external_task_marker_dag.py
[2025-05-01T10:10:02.791+0000] {processor.py:914} INFO - Processing file /home/airflow/.local/lib/python3.11/site-packages/airflow/example_dags/example_external_task_marker_dag.py for tasks to queue
[2025-05-01T10:10:02.792+0000] {logging_mixin.py:190} INFO - [2025-05-01T10:10:02.792+0000] {dagbag.py:588} INFO - Filling up the DagBag from /home/airflow/.local/lib/python3.11/site-packages/airflow/example_dags/example_external_task_marker_dag.py
[2025-05-01T10:10:02.800+0000] {processor.py:925} INFO - DAG(s) 'example_external_task_marker_parent', 'example_external_task_marker_child' retrieved from /home/airflow/.local/lib/python3.11/site-packages/airflow/example_dags/example_external_task_marker_dag.py
[2025-05-01T10:10:02.813+0000] {logging_mixin.py:190} INFO - [2025-05-01T10:10:02.813+0000] {dag.py:3239} INFO - Sync 2 DAGs
[2025-05-01T10:10:02.821+0000] {logging_mixin.py:190} INFO - [2025-05-01T10:10:02.821+0000] {dag.py:4180} INFO - Setting next_dagrun for example_external_task_marker_child to None, run_after=None
[2025-05-01T10:10:02.823+0000] {logging_mixin.py:190} INFO - [2025-05-01T10:10:02.822+0000] {dag.py:4180} INFO - Setting next_dagrun for example_external_task_marker_parent to None, run_after=None
[2025-05-01T10:10:02.830+0000] {processor.py:208} INFO - Processing /home/airflow/.local/lib/python3.11/site-packages/airflow/example_dags/example_external_task_marker_dag.py took 0.043 seconds
[2025-05-01T10:10:33.059+0000] {processor.py:186} INFO - Started process (PID=1210) to work on /home/airflow/.local/lib/python3.11/site-packages/airflow/example_dags/example_external_task_marker_dag.py
[2025-05-01T10:10:33.060+0000] {processor.py:914} INFO - Processing file /home/airflow/.local/lib/python3.11/site-packages/airflow/example_dags/example_external_task_marker_dag.py for tasks to queue
[2025-05-01T10:10:33.061+0000] {logging_mixin.py:190} INFO - [2025-05-01T10:10:33.061+0000] {dagbag.py:588} INFO - Filling up the DagBag from /home/airflow/.local/lib/python3.11/site-packages/airflow/example_dags/example_external_task_marker_dag.py
[2025-05-01T10:10:33.065+0000] {processor.py:925} INFO - DAG(s) 'example_external_task_marker_child', 'example_external_task_marker_parent' retrieved from /home/airflow/.local/lib/python3.11/site-packages/airflow/example_dags/example_external_task_marker_dag.py
[2025-05-01T10:10:33.079+0000] {logging_mixin.py:190} INFO - [2025-05-01T10:10:33.079+0000] {dag.py:3239} INFO - Sync 2 DAGs
[2025-05-01T10:10:33.085+0000] {logging_mixin.py:190} INFO - [2025-05-01T10:10:33.085+0000] {dag.py:4180} INFO - Setting next_dagrun for example_external_task_marker_child to None, run_after=None
[2025-05-01T10:10:33.087+0000] {logging_mixin.py:190} INFO - [2025-05-01T10:10:33.087+0000] {dag.py:4180} INFO - Setting next_dagrun for example_external_task_marker_parent to None, run_after=None
[2025-05-01T10:10:33.095+0000] {processor.py:208} INFO - Processing /home/airflow/.local/lib/python3.11/site-packages/airflow/example_dags/example_external_task_marker_dag.py took 0.040 seconds
[2025-05-01T10:11:03.601+0000] {processor.py:186} INFO - Started process (PID=1283) to work on /home/airflow/.local/lib/python3.11/site-packages/airflow/example_dags/example_external_task_marker_dag.py
[2025-05-01T10:11:03.605+0000] {processor.py:914} INFO - Processing file /home/airflow/.local/lib/python3.11/site-packages/airflow/example_dags/example_external_task_marker_dag.py for tasks to queue
[2025-05-01T10:11:03.607+0000] {logging_mixin.py:190} INFO - [2025-05-01T10:11:03.607+0000] {dagbag.py:588} INFO - Filling up the DagBag from /home/airflow/.local/lib/python3.11/site-packages/airflow/example_dags/example_external_task_marker_dag.py
[2025-05-01T10:11:03.615+0000] {processor.py:925} INFO - DAG(s) 'example_external_task_marker_child', 'example_external_task_marker_parent' retrieved from /home/airflow/.local/lib/python3.11/site-packages/airflow/example_dags/example_external_task_marker_dag.py
[2025-05-01T10:11:03.630+0000] {logging_mixin.py:190} INFO - [2025-05-01T10:11:03.630+0000] {dag.py:3239} INFO - Sync 2 DAGs
[2025-05-01T10:11:03.637+0000] {logging_mixin.py:190} INFO - [2025-05-01T10:11:03.637+0000] {dag.py:4180} INFO - Setting next_dagrun for example_external_task_marker_child to None, run_after=None
[2025-05-01T10:11:03.638+0000] {logging_mixin.py:190} INFO - [2025-05-01T10:11:03.638+0000] {dag.py:4180} INFO - Setting next_dagrun for example_external_task_marker_parent to None, run_after=None
[2025-05-01T10:11:03.647+0000] {processor.py:208} INFO - Processing /home/airflow/.local/lib/python3.11/site-packages/airflow/example_dags/example_external_task_marker_dag.py took 0.049 seconds
[2025-05-01T10:21:40.969+0000] {processor.py:186} INFO - Started process (PID=1357) to work on /home/airflow/.local/lib/python3.11/site-packages/airflow/example_dags/example_external_task_marker_dag.py
[2025-05-01T10:21:40.970+0000] {processor.py:914} INFO - Processing file /home/airflow/.local/lib/python3.11/site-packages/airflow/example_dags/example_external_task_marker_dag.py for tasks to queue
[2025-05-01T10:21:40.972+0000] {logging_mixin.py:190} INFO - [2025-05-01T10:21:40.972+0000] {dagbag.py:588} INFO - Filling up the DagBag from /home/airflow/.local/lib/python3.11/site-packages/airflow/example_dags/example_external_task_marker_dag.py
[2025-05-01T10:21:40.977+0000] {processor.py:925} INFO - DAG(s) 'example_external_task_marker_child', 'example_external_task_marker_parent' retrieved from /home/airflow/.local/lib/python3.11/site-packages/airflow/example_dags/example_external_task_marker_dag.py
[2025-05-01T10:21:40.990+0000] {logging_mixin.py:190} INFO - [2025-05-01T10:21:40.990+0000] {dag.py:3239} INFO - Sync 2 DAGs
[2025-05-01T10:21:41.001+0000] {logging_mixin.py:190} INFO - [2025-05-01T10:21:41.001+0000] {dag.py:4180} INFO - Setting next_dagrun for example_external_task_marker_child to None, run_after=None
[2025-05-01T10:21:41.007+0000] {logging_mixin.py:190} INFO - [2025-05-01T10:21:41.007+0000] {dag.py:4180} INFO - Setting next_dagrun for example_external_task_marker_parent to None, run_after=None
[2025-05-01T10:21:41.022+0000] {processor.py:208} INFO - Processing /home/airflow/.local/lib/python3.11/site-packages/airflow/example_dags/example_external_task_marker_dag.py took 0.058 seconds
