[2025-05-01T10:02:46.317+0000] {processor.py:186} INFO - Started process (PID=108) to work on /home/airflow/.local/lib/python3.11/site-packages/airflow/example_dags/example_subdag_operator.py
[2025-05-01T10:02:46.320+0000] {processor.py:914} INFO - Processing file /home/airflow/.local/lib/python3.11/site-packages/airflow/example_dags/example_subdag_operator.py for tasks to queue
[2025-05-01T10:02:46.327+0000] {logging_mixin.py:190} INFO - [2025-05-01T10:02:46.327+0000] {dagbag.py:588} INFO - Filling up the DagBag from /home/airflow/.local/lib/python3.11/site-packages/airflow/example_dags/example_subdag_operator.py
[2025-05-01T10:02:46.410+0000] {processor.py:925} INFO - DAG(s) 'example_subdag_operator.section-1', 'example_subdag_operator.section-2', 'example_subdag_operator' retrieved from /home/airflow/.local/lib/python3.11/site-packages/airflow/example_dags/example_subdag_operator.py
[2025-05-01T10:02:46.441+0000] {logging_mixin.py:190} INFO - [2025-05-01T10:02:46.440+0000] {dag.py:3239} INFO - Sync 3 DAGs
[2025-05-01T10:02:46.479+0000] {logging_mixin.py:190} INFO - [2025-05-01T10:02:46.476+0000] {dag.py:4180} INFO - Setting next_dagrun for example_subdag_operator to 2022-01-01 00:00:00+00:00, run_after=2022-01-01 00:00:00+00:00
[2025-05-01T10:02:46.483+0000] {logging_mixin.py:190} INFO - [2025-05-01T10:02:46.482+0000] {dag.py:4180} INFO - Setting next_dagrun for example_subdag_operator.section-1 to None, run_after=None
[2025-05-01T10:02:46.486+0000] {logging_mixin.py:190} INFO - [2025-05-01T10:02:46.486+0000] {dag.py:4180} INFO - Setting next_dagrun for example_subdag_operator.section-2 to None, run_after=None
[2025-05-01T10:02:46.495+0000] {logging_mixin.py:190} INFO - [2025-05-01T10:02:46.495+0000] {dag.py:3239} INFO - Sync 2 DAGs
[2025-05-01T10:02:46.502+0000] {logging_mixin.py:190} INFO - [2025-05-01T10:02:46.502+0000] {dag.py:4180} INFO - Setting next_dagrun for example_subdag_operator.section-1 to None, run_after=None
[2025-05-01T10:02:46.506+0000] {logging_mixin.py:190} INFO - [2025-05-01T10:02:46.505+0000] {dag.py:4180} INFO - Setting next_dagrun for example_subdag_operator.section-2 to None, run_after=None
[2025-05-01T10:02:46.523+0000] {processor.py:208} INFO - Processing /home/airflow/.local/lib/python3.11/site-packages/airflow/example_dags/example_subdag_operator.py took 0.236 seconds
[2025-05-01T10:03:17.601+0000] {processor.py:186} INFO - Started process (PID=181) to work on /home/airflow/.local/lib/python3.11/site-packages/airflow/example_dags/example_subdag_operator.py
[2025-05-01T10:03:17.602+0000] {processor.py:914} INFO - Processing file /home/airflow/.local/lib/python3.11/site-packages/airflow/example_dags/example_subdag_operator.py for tasks to queue
[2025-05-01T10:03:17.605+0000] {logging_mixin.py:190} INFO - [2025-05-01T10:03:17.605+0000] {dagbag.py:588} INFO - Filling up the DagBag from /home/airflow/.local/lib/python3.11/site-packages/airflow/example_dags/example_subdag_operator.py
[2025-05-01T10:03:17.622+0000] {processor.py:925} INFO - DAG(s) 'example_subdag_operator.section-1', 'example_subdag_operator.section-2', 'example_subdag_operator' retrieved from /home/airflow/.local/lib/python3.11/site-packages/airflow/example_dags/example_subdag_operator.py
[2025-05-01T10:03:17.628+0000] {logging_mixin.py:190} INFO - [2025-05-01T10:03:17.628+0000] {dag.py:3239} INFO - Sync 3 DAGs
[2025-05-01T10:03:17.638+0000] {logging_mixin.py:190} INFO - [2025-05-01T10:03:17.638+0000] {dag.py:4180} INFO - Setting next_dagrun for example_subdag_operator to 2022-01-01 00:00:00+00:00, run_after=2022-01-01 00:00:00+00:00
[2025-05-01T10:03:17.640+0000] {logging_mixin.py:190} INFO - [2025-05-01T10:03:17.640+0000] {dag.py:4180} INFO - Setting next_dagrun for example_subdag_operator.section-1 to None, run_after=None
[2025-05-01T10:03:17.640+0000] {logging_mixin.py:190} INFO - [2025-05-01T10:03:17.640+0000] {dag.py:4180} INFO - Setting next_dagrun for example_subdag_operator.section-2 to None, run_after=None
[2025-05-01T10:03:17.644+0000] {logging_mixin.py:190} INFO - [2025-05-01T10:03:17.644+0000] {dag.py:3239} INFO - Sync 2 DAGs
[2025-05-01T10:03:17.646+0000] {logging_mixin.py:190} INFO - [2025-05-01T10:03:17.646+0000] {dag.py:4180} INFO - Setting next_dagrun for example_subdag_operator.section-1 to None, run_after=None
[2025-05-01T10:03:17.646+0000] {logging_mixin.py:190} INFO - [2025-05-01T10:03:17.646+0000] {dag.py:4180} INFO - Setting next_dagrun for example_subdag_operator.section-2 to None, run_after=None
[2025-05-01T10:03:17.651+0000] {processor.py:208} INFO - Processing /home/airflow/.local/lib/python3.11/site-packages/airflow/example_dags/example_subdag_operator.py took 0.057 seconds
[2025-05-01T10:03:48.444+0000] {processor.py:186} INFO - Started process (PID=254) to work on /home/airflow/.local/lib/python3.11/site-packages/airflow/example_dags/example_subdag_operator.py
[2025-05-01T10:03:48.444+0000] {processor.py:914} INFO - Processing file /home/airflow/.local/lib/python3.11/site-packages/airflow/example_dags/example_subdag_operator.py for tasks to queue
[2025-05-01T10:03:48.446+0000] {logging_mixin.py:190} INFO - [2025-05-01T10:03:48.446+0000] {dagbag.py:588} INFO - Filling up the DagBag from /home/airflow/.local/lib/python3.11/site-packages/airflow/example_dags/example_subdag_operator.py
[2025-05-01T10:03:48.459+0000] {processor.py:925} INFO - DAG(s) 'example_subdag_operator.section-1', 'example_subdag_operator.section-2', 'example_subdag_operator' retrieved from /home/airflow/.local/lib/python3.11/site-packages/airflow/example_dags/example_subdag_operator.py
[2025-05-01T10:03:48.465+0000] {logging_mixin.py:190} INFO - [2025-05-01T10:03:48.465+0000] {dag.py:3239} INFO - Sync 3 DAGs
[2025-05-01T10:03:48.476+0000] {logging_mixin.py:190} INFO - [2025-05-01T10:03:48.476+0000] {dag.py:4180} INFO - Setting next_dagrun for example_subdag_operator to 2022-01-01 00:00:00+00:00, run_after=2022-01-01 00:00:00+00:00
[2025-05-01T10:03:48.477+0000] {logging_mixin.py:190} INFO - [2025-05-01T10:03:48.477+0000] {dag.py:4180} INFO - Setting next_dagrun for example_subdag_operator.section-1 to None, run_after=None
[2025-05-01T10:03:48.478+0000] {logging_mixin.py:190} INFO - [2025-05-01T10:03:48.478+0000] {dag.py:4180} INFO - Setting next_dagrun for example_subdag_operator.section-2 to None, run_after=None
[2025-05-01T10:03:48.481+0000] {logging_mixin.py:190} INFO - [2025-05-01T10:03:48.480+0000] {dag.py:3239} INFO - Sync 2 DAGs
[2025-05-01T10:03:48.483+0000] {logging_mixin.py:190} INFO - [2025-05-01T10:03:48.483+0000] {dag.py:4180} INFO - Setting next_dagrun for example_subdag_operator.section-1 to None, run_after=None
[2025-05-01T10:03:48.483+0000] {logging_mixin.py:190} INFO - [2025-05-01T10:03:48.483+0000] {dag.py:4180} INFO - Setting next_dagrun for example_subdag_operator.section-2 to None, run_after=None
[2025-05-01T10:03:48.487+0000] {processor.py:208} INFO - Processing /home/airflow/.local/lib/python3.11/site-packages/airflow/example_dags/example_subdag_operator.py took 0.046 seconds
[2025-05-01T10:04:19.436+0000] {processor.py:186} INFO - Started process (PID=319) to work on /home/airflow/.local/lib/python3.11/site-packages/airflow/example_dags/example_subdag_operator.py
[2025-05-01T10:04:19.438+0000] {processor.py:914} INFO - Processing file /home/airflow/.local/lib/python3.11/site-packages/airflow/example_dags/example_subdag_operator.py for tasks to queue
[2025-05-01T10:04:19.444+0000] {logging_mixin.py:190} INFO - [2025-05-01T10:04:19.444+0000] {dagbag.py:588} INFO - Filling up the DagBag from /home/airflow/.local/lib/python3.11/site-packages/airflow/example_dags/example_subdag_operator.py
[2025-05-01T10:04:19.506+0000] {processor.py:925} INFO - DAG(s) 'example_subdag_operator.section-1', 'example_subdag_operator.section-2', 'example_subdag_operator' retrieved from /home/airflow/.local/lib/python3.11/site-packages/airflow/example_dags/example_subdag_operator.py
[2025-05-01T10:04:19.529+0000] {logging_mixin.py:190} INFO - [2025-05-01T10:04:19.529+0000] {dag.py:3239} INFO - Sync 3 DAGs
[2025-05-01T10:04:19.554+0000] {logging_mixin.py:190} INFO - [2025-05-01T10:04:19.554+0000] {dag.py:4180} INFO - Setting next_dagrun for example_subdag_operator to 2022-01-01 00:00:00+00:00, run_after=2022-01-01 00:00:00+00:00
[2025-05-01T10:04:19.558+0000] {logging_mixin.py:190} INFO - [2025-05-01T10:04:19.558+0000] {dag.py:4180} INFO - Setting next_dagrun for example_subdag_operator.section-1 to None, run_after=None
[2025-05-01T10:04:19.559+0000] {logging_mixin.py:190} INFO - [2025-05-01T10:04:19.559+0000] {dag.py:4180} INFO - Setting next_dagrun for example_subdag_operator.section-2 to None, run_after=None
[2025-05-01T10:04:19.565+0000] {logging_mixin.py:190} INFO - [2025-05-01T10:04:19.564+0000] {dag.py:3239} INFO - Sync 2 DAGs
[2025-05-01T10:04:19.567+0000] {logging_mixin.py:190} INFO - [2025-05-01T10:04:19.567+0000] {dag.py:4180} INFO - Setting next_dagrun for example_subdag_operator.section-1 to None, run_after=None
[2025-05-01T10:04:19.568+0000] {logging_mixin.py:190} INFO - [2025-05-01T10:04:19.568+0000] {dag.py:4180} INFO - Setting next_dagrun for example_subdag_operator.section-2 to None, run_after=None
[2025-05-01T10:04:19.574+0000] {processor.py:208} INFO - Processing /home/airflow/.local/lib/python3.11/site-packages/airflow/example_dags/example_subdag_operator.py took 0.149 seconds
[2025-05-01T10:04:50.594+0000] {processor.py:186} INFO - Started process (PID=392) to work on /home/airflow/.local/lib/python3.11/site-packages/airflow/example_dags/example_subdag_operator.py
[2025-05-01T10:04:50.596+0000] {processor.py:914} INFO - Processing file /home/airflow/.local/lib/python3.11/site-packages/airflow/example_dags/example_subdag_operator.py for tasks to queue
[2025-05-01T10:04:50.606+0000] {logging_mixin.py:190} INFO - [2025-05-01T10:04:50.606+0000] {dagbag.py:588} INFO - Filling up the DagBag from /home/airflow/.local/lib/python3.11/site-packages/airflow/example_dags/example_subdag_operator.py
[2025-05-01T10:04:50.652+0000] {processor.py:925} INFO - DAG(s) 'example_subdag_operator.section-1', 'example_subdag_operator.section-2', 'example_subdag_operator' retrieved from /home/airflow/.local/lib/python3.11/site-packages/airflow/example_dags/example_subdag_operator.py
[2025-05-01T10:04:50.671+0000] {logging_mixin.py:190} INFO - [2025-05-01T10:04:50.671+0000] {dag.py:3239} INFO - Sync 3 DAGs
[2025-05-01T10:04:50.686+0000] {logging_mixin.py:190} INFO - [2025-05-01T10:04:50.686+0000] {dag.py:4180} INFO - Setting next_dagrun for example_subdag_operator to 2022-01-01 00:00:00+00:00, run_after=2022-01-01 00:00:00+00:00
[2025-05-01T10:04:50.688+0000] {logging_mixin.py:190} INFO - [2025-05-01T10:04:50.688+0000] {dag.py:4180} INFO - Setting next_dagrun for example_subdag_operator.section-1 to None, run_after=None
[2025-05-01T10:04:50.689+0000] {logging_mixin.py:190} INFO - [2025-05-01T10:04:50.689+0000] {dag.py:4180} INFO - Setting next_dagrun for example_subdag_operator.section-2 to None, run_after=None
[2025-05-01T10:04:50.693+0000] {logging_mixin.py:190} INFO - [2025-05-01T10:04:50.693+0000] {dag.py:3239} INFO - Sync 2 DAGs
[2025-05-01T10:04:50.696+0000] {logging_mixin.py:190} INFO - [2025-05-01T10:04:50.696+0000] {dag.py:4180} INFO - Setting next_dagrun for example_subdag_operator.section-1 to None, run_after=None
[2025-05-01T10:04:50.697+0000] {logging_mixin.py:190} INFO - [2025-05-01T10:04:50.697+0000] {dag.py:4180} INFO - Setting next_dagrun for example_subdag_operator.section-2 to None, run_after=None
[2025-05-01T10:04:50.703+0000] {processor.py:208} INFO - Processing /home/airflow/.local/lib/python3.11/site-packages/airflow/example_dags/example_subdag_operator.py took 0.116 seconds
[2025-05-01T10:05:21.710+0000] {processor.py:186} INFO - Started process (PID=465) to work on /home/airflow/.local/lib/python3.11/site-packages/airflow/example_dags/example_subdag_operator.py
[2025-05-01T10:05:21.714+0000] {processor.py:914} INFO - Processing file /home/airflow/.local/lib/python3.11/site-packages/airflow/example_dags/example_subdag_operator.py for tasks to queue
[2025-05-01T10:05:21.749+0000] {logging_mixin.py:190} INFO - [2025-05-01T10:05:21.743+0000] {dagbag.py:588} INFO - Filling up the DagBag from /home/airflow/.local/lib/python3.11/site-packages/airflow/example_dags/example_subdag_operator.py
[2025-05-01T10:05:21.882+0000] {processor.py:925} INFO - DAG(s) 'example_subdag_operator.section-1', 'example_subdag_operator.section-2', 'example_subdag_operator' retrieved from /home/airflow/.local/lib/python3.11/site-packages/airflow/example_dags/example_subdag_operator.py
[2025-05-01T10:05:21.994+0000] {logging_mixin.py:190} INFO - [2025-05-01T10:05:21.993+0000] {dag.py:3239} INFO - Sync 3 DAGs
[2025-05-01T10:05:22.269+0000] {logging_mixin.py:190} INFO - [2025-05-01T10:05:22.266+0000] {dag.py:4180} INFO - Setting next_dagrun for example_subdag_operator to 2022-01-01 00:00:00+00:00, run_after=2022-01-01 00:00:00+00:00
[2025-05-01T10:05:22.342+0000] {logging_mixin.py:190} INFO - [2025-05-01T10:05:22.341+0000] {dag.py:4180} INFO - Setting next_dagrun for example_subdag_operator.section-1 to None, run_after=None
[2025-05-01T10:05:22.346+0000] {logging_mixin.py:190} INFO - [2025-05-01T10:05:22.346+0000] {dag.py:4180} INFO - Setting next_dagrun for example_subdag_operator.section-2 to None, run_after=None
[2025-05-01T10:05:22.412+0000] {logging_mixin.py:190} INFO - [2025-05-01T10:05:22.412+0000] {dag.py:3239} INFO - Sync 2 DAGs
[2025-05-01T10:05:22.426+0000] {logging_mixin.py:190} INFO - [2025-05-01T10:05:22.426+0000] {dag.py:4180} INFO - Setting next_dagrun for example_subdag_operator.section-1 to None, run_after=None
[2025-05-01T10:05:22.427+0000] {logging_mixin.py:190} INFO - [2025-05-01T10:05:22.427+0000] {dag.py:4180} INFO - Setting next_dagrun for example_subdag_operator.section-2 to None, run_after=None
[2025-05-01T10:05:22.447+0000] {processor.py:208} INFO - Processing /home/airflow/.local/lib/python3.11/site-packages/airflow/example_dags/example_subdag_operator.py took 0.780 seconds
[2025-05-01T10:05:53.468+0000] {processor.py:186} INFO - Started process (PID=538) to work on /home/airflow/.local/lib/python3.11/site-packages/airflow/example_dags/example_subdag_operator.py
[2025-05-01T10:05:53.471+0000] {processor.py:914} INFO - Processing file /home/airflow/.local/lib/python3.11/site-packages/airflow/example_dags/example_subdag_operator.py for tasks to queue
[2025-05-01T10:05:53.478+0000] {logging_mixin.py:190} INFO - [2025-05-01T10:05:53.478+0000] {dagbag.py:588} INFO - Filling up the DagBag from /home/airflow/.local/lib/python3.11/site-packages/airflow/example_dags/example_subdag_operator.py
[2025-05-01T10:05:53.544+0000] {processor.py:925} INFO - DAG(s) 'example_subdag_operator.section-1', 'example_subdag_operator.section-2', 'example_subdag_operator' retrieved from /home/airflow/.local/lib/python3.11/site-packages/airflow/example_dags/example_subdag_operator.py
[2025-05-01T10:05:53.575+0000] {logging_mixin.py:190} INFO - [2025-05-01T10:05:53.575+0000] {dag.py:3239} INFO - Sync 3 DAGs
[2025-05-01T10:05:53.617+0000] {logging_mixin.py:190} INFO - [2025-05-01T10:05:53.617+0000] {dag.py:4180} INFO - Setting next_dagrun for example_subdag_operator to 2022-01-01 00:00:00+00:00, run_after=2022-01-01 00:00:00+00:00
[2025-05-01T10:05:53.619+0000] {logging_mixin.py:190} INFO - [2025-05-01T10:05:53.619+0000] {dag.py:4180} INFO - Setting next_dagrun for example_subdag_operator.section-1 to None, run_after=None
[2025-05-01T10:05:53.620+0000] {logging_mixin.py:190} INFO - [2025-05-01T10:05:53.620+0000] {dag.py:4180} INFO - Setting next_dagrun for example_subdag_operator.section-2 to None, run_after=None
[2025-05-01T10:05:53.624+0000] {logging_mixin.py:190} INFO - [2025-05-01T10:05:53.624+0000] {dag.py:3239} INFO - Sync 2 DAGs
[2025-05-01T10:05:53.628+0000] {logging_mixin.py:190} INFO - [2025-05-01T10:05:53.628+0000] {dag.py:4180} INFO - Setting next_dagrun for example_subdag_operator.section-1 to None, run_after=None
[2025-05-01T10:05:53.628+0000] {logging_mixin.py:190} INFO - [2025-05-01T10:05:53.628+0000] {dag.py:4180} INFO - Setting next_dagrun for example_subdag_operator.section-2 to None, run_after=None
[2025-05-01T10:05:53.636+0000] {processor.py:208} INFO - Processing /home/airflow/.local/lib/python3.11/site-packages/airflow/example_dags/example_subdag_operator.py took 0.189 seconds
[2025-05-01T10:06:24.542+0000] {processor.py:186} INFO - Started process (PID=611) to work on /home/airflow/.local/lib/python3.11/site-packages/airflow/example_dags/example_subdag_operator.py
[2025-05-01T10:06:24.544+0000] {processor.py:914} INFO - Processing file /home/airflow/.local/lib/python3.11/site-packages/airflow/example_dags/example_subdag_operator.py for tasks to queue
[2025-05-01T10:06:24.547+0000] {logging_mixin.py:190} INFO - [2025-05-01T10:06:24.546+0000] {dagbag.py:588} INFO - Filling up the DagBag from /home/airflow/.local/lib/python3.11/site-packages/airflow/example_dags/example_subdag_operator.py
[2025-05-01T10:06:24.601+0000] {processor.py:925} INFO - DAG(s) 'example_subdag_operator.section-1', 'example_subdag_operator.section-2', 'example_subdag_operator' retrieved from /home/airflow/.local/lib/python3.11/site-packages/airflow/example_dags/example_subdag_operator.py
[2025-05-01T10:06:24.621+0000] {logging_mixin.py:190} INFO - [2025-05-01T10:06:24.621+0000] {dag.py:3239} INFO - Sync 3 DAGs
[2025-05-01T10:06:24.649+0000] {logging_mixin.py:190} INFO - [2025-05-01T10:06:24.649+0000] {dag.py:4180} INFO - Setting next_dagrun for example_subdag_operator to 2022-01-01 00:00:00+00:00, run_after=2022-01-01 00:00:00+00:00
[2025-05-01T10:06:24.651+0000] {logging_mixin.py:190} INFO - [2025-05-01T10:06:24.651+0000] {dag.py:4180} INFO - Setting next_dagrun for example_subdag_operator.section-1 to None, run_after=None
[2025-05-01T10:06:24.652+0000] {logging_mixin.py:190} INFO - [2025-05-01T10:06:24.652+0000] {dag.py:4180} INFO - Setting next_dagrun for example_subdag_operator.section-2 to None, run_after=None
[2025-05-01T10:06:24.658+0000] {logging_mixin.py:190} INFO - [2025-05-01T10:06:24.658+0000] {dag.py:3239} INFO - Sync 2 DAGs
[2025-05-01T10:06:24.665+0000] {logging_mixin.py:190} INFO - [2025-05-01T10:06:24.665+0000] {dag.py:4180} INFO - Setting next_dagrun for example_subdag_operator.section-1 to None, run_after=None
[2025-05-01T10:06:24.665+0000] {logging_mixin.py:190} INFO - [2025-05-01T10:06:24.665+0000] {dag.py:4180} INFO - Setting next_dagrun for example_subdag_operator.section-2 to None, run_after=None
[2025-05-01T10:06:24.672+0000] {processor.py:208} INFO - Processing /home/airflow/.local/lib/python3.11/site-packages/airflow/example_dags/example_subdag_operator.py took 0.147 seconds
[2025-05-01T10:06:55.230+0000] {processor.py:186} INFO - Started process (PID=684) to work on /home/airflow/.local/lib/python3.11/site-packages/airflow/example_dags/example_subdag_operator.py
[2025-05-01T10:06:55.232+0000] {processor.py:914} INFO - Processing file /home/airflow/.local/lib/python3.11/site-packages/airflow/example_dags/example_subdag_operator.py for tasks to queue
[2025-05-01T10:06:55.242+0000] {logging_mixin.py:190} INFO - [2025-05-01T10:06:55.241+0000] {dagbag.py:588} INFO - Filling up the DagBag from /home/airflow/.local/lib/python3.11/site-packages/airflow/example_dags/example_subdag_operator.py
[2025-05-01T10:06:55.430+0000] {processor.py:925} INFO - DAG(s) 'example_subdag_operator.section-1', 'example_subdag_operator.section-2', 'example_subdag_operator' retrieved from /home/airflow/.local/lib/python3.11/site-packages/airflow/example_dags/example_subdag_operator.py
[2025-05-01T10:06:55.457+0000] {logging_mixin.py:190} INFO - [2025-05-01T10:06:55.457+0000] {dag.py:3239} INFO - Sync 3 DAGs
[2025-05-01T10:06:55.511+0000] {logging_mixin.py:190} INFO - [2025-05-01T10:06:55.511+0000] {dag.py:4180} INFO - Setting next_dagrun for example_subdag_operator to 2022-01-01 00:00:00+00:00, run_after=2022-01-01 00:00:00+00:00
[2025-05-01T10:06:55.518+0000] {logging_mixin.py:190} INFO - [2025-05-01T10:06:55.517+0000] {dag.py:4180} INFO - Setting next_dagrun for example_subdag_operator.section-1 to None, run_after=None
[2025-05-01T10:06:55.519+0000] {logging_mixin.py:190} INFO - [2025-05-01T10:06:55.519+0000] {dag.py:4180} INFO - Setting next_dagrun for example_subdag_operator.section-2 to None, run_after=None
[2025-05-01T10:06:55.541+0000] {logging_mixin.py:190} INFO - [2025-05-01T10:06:55.541+0000] {dag.py:3239} INFO - Sync 2 DAGs
[2025-05-01T10:06:55.549+0000] {logging_mixin.py:190} INFO - [2025-05-01T10:06:55.549+0000] {dag.py:4180} INFO - Setting next_dagrun for example_subdag_operator.section-1 to None, run_after=None
[2025-05-01T10:06:55.554+0000] {logging_mixin.py:190} INFO - [2025-05-01T10:06:55.554+0000] {dag.py:4180} INFO - Setting next_dagrun for example_subdag_operator.section-2 to None, run_after=None
[2025-05-01T10:06:55.580+0000] {processor.py:208} INFO - Processing /home/airflow/.local/lib/python3.11/site-packages/airflow/example_dags/example_subdag_operator.py took 0.398 seconds
[2025-05-01T10:07:25.714+0000] {processor.py:186} INFO - Started process (PID=756) to work on /home/airflow/.local/lib/python3.11/site-packages/airflow/example_dags/example_subdag_operator.py
[2025-05-01T10:07:25.716+0000] {processor.py:914} INFO - Processing file /home/airflow/.local/lib/python3.11/site-packages/airflow/example_dags/example_subdag_operator.py for tasks to queue
[2025-05-01T10:07:25.721+0000] {logging_mixin.py:190} INFO - [2025-05-01T10:07:25.721+0000] {dagbag.py:588} INFO - Filling up the DagBag from /home/airflow/.local/lib/python3.11/site-packages/airflow/example_dags/example_subdag_operator.py
[2025-05-01T10:07:25.776+0000] {processor.py:925} INFO - DAG(s) 'example_subdag_operator.section-1', 'example_subdag_operator.section-2', 'example_subdag_operator' retrieved from /home/airflow/.local/lib/python3.11/site-packages/airflow/example_dags/example_subdag_operator.py
[2025-05-01T10:07:25.788+0000] {logging_mixin.py:190} INFO - [2025-05-01T10:07:25.788+0000] {dag.py:3239} INFO - Sync 3 DAGs
[2025-05-01T10:07:25.807+0000] {logging_mixin.py:190} INFO - [2025-05-01T10:07:25.807+0000] {dag.py:4180} INFO - Setting next_dagrun for example_subdag_operator to 2022-01-01 00:00:00+00:00, run_after=2022-01-01 00:00:00+00:00
[2025-05-01T10:07:25.810+0000] {logging_mixin.py:190} INFO - [2025-05-01T10:07:25.810+0000] {dag.py:4180} INFO - Setting next_dagrun for example_subdag_operator.section-1 to None, run_after=None
[2025-05-01T10:07:25.810+0000] {logging_mixin.py:190} INFO - [2025-05-01T10:07:25.810+0000] {dag.py:4180} INFO - Setting next_dagrun for example_subdag_operator.section-2 to None, run_after=None
[2025-05-01T10:07:25.816+0000] {logging_mixin.py:190} INFO - [2025-05-01T10:07:25.816+0000] {dag.py:3239} INFO - Sync 2 DAGs
[2025-05-01T10:07:25.820+0000] {logging_mixin.py:190} INFO - [2025-05-01T10:07:25.820+0000] {dag.py:4180} INFO - Setting next_dagrun for example_subdag_operator.section-1 to None, run_after=None
[2025-05-01T10:07:25.821+0000] {logging_mixin.py:190} INFO - [2025-05-01T10:07:25.820+0000] {dag.py:4180} INFO - Setting next_dagrun for example_subdag_operator.section-2 to None, run_after=None
[2025-05-01T10:07:25.828+0000] {processor.py:208} INFO - Processing /home/airflow/.local/lib/python3.11/site-packages/airflow/example_dags/example_subdag_operator.py took 0.133 seconds
[2025-05-01T10:07:55.985+0000] {processor.py:186} INFO - Started process (PID=829) to work on /home/airflow/.local/lib/python3.11/site-packages/airflow/example_dags/example_subdag_operator.py
[2025-05-01T10:07:55.987+0000] {processor.py:914} INFO - Processing file /home/airflow/.local/lib/python3.11/site-packages/airflow/example_dags/example_subdag_operator.py for tasks to queue
[2025-05-01T10:07:55.992+0000] {logging_mixin.py:190} INFO - [2025-05-01T10:07:55.991+0000] {dagbag.py:588} INFO - Filling up the DagBag from /home/airflow/.local/lib/python3.11/site-packages/airflow/example_dags/example_subdag_operator.py
[2025-05-01T10:07:56.027+0000] {processor.py:925} INFO - DAG(s) 'example_subdag_operator.section-1', 'example_subdag_operator.section-2', 'example_subdag_operator' retrieved from /home/airflow/.local/lib/python3.11/site-packages/airflow/example_dags/example_subdag_operator.py
[2025-05-01T10:07:56.040+0000] {logging_mixin.py:190} INFO - [2025-05-01T10:07:56.039+0000] {dag.py:3239} INFO - Sync 3 DAGs
[2025-05-01T10:07:56.062+0000] {logging_mixin.py:190} INFO - [2025-05-01T10:07:56.061+0000] {dag.py:4180} INFO - Setting next_dagrun for example_subdag_operator to 2022-01-01 00:00:00+00:00, run_after=2022-01-01 00:00:00+00:00
[2025-05-01T10:07:56.065+0000] {logging_mixin.py:190} INFO - [2025-05-01T10:07:56.065+0000] {dag.py:4180} INFO - Setting next_dagrun for example_subdag_operator.section-1 to None, run_after=None
[2025-05-01T10:07:56.065+0000] {logging_mixin.py:190} INFO - [2025-05-01T10:07:56.065+0000] {dag.py:4180} INFO - Setting next_dagrun for example_subdag_operator.section-2 to None, run_after=None
[2025-05-01T10:07:56.069+0000] {logging_mixin.py:190} INFO - [2025-05-01T10:07:56.069+0000] {dag.py:3239} INFO - Sync 2 DAGs
[2025-05-01T10:07:56.072+0000] {logging_mixin.py:190} INFO - [2025-05-01T10:07:56.072+0000] {dag.py:4180} INFO - Setting next_dagrun for example_subdag_operator.section-1 to None, run_after=None
[2025-05-01T10:07:56.072+0000] {logging_mixin.py:190} INFO - [2025-05-01T10:07:56.072+0000] {dag.py:4180} INFO - Setting next_dagrun for example_subdag_operator.section-2 to None, run_after=None
[2025-05-01T10:07:56.078+0000] {processor.py:208} INFO - Processing /home/airflow/.local/lib/python3.11/site-packages/airflow/example_dags/example_subdag_operator.py took 0.106 seconds
[2025-05-01T10:08:26.267+0000] {processor.py:186} INFO - Started process (PID=902) to work on /home/airflow/.local/lib/python3.11/site-packages/airflow/example_dags/example_subdag_operator.py
[2025-05-01T10:08:26.269+0000] {processor.py:914} INFO - Processing file /home/airflow/.local/lib/python3.11/site-packages/airflow/example_dags/example_subdag_operator.py for tasks to queue
[2025-05-01T10:08:26.278+0000] {logging_mixin.py:190} INFO - [2025-05-01T10:08:26.278+0000] {dagbag.py:588} INFO - Filling up the DagBag from /home/airflow/.local/lib/python3.11/site-packages/airflow/example_dags/example_subdag_operator.py
[2025-05-01T10:08:26.310+0000] {processor.py:925} INFO - DAG(s) 'example_subdag_operator.section-1', 'example_subdag_operator.section-2', 'example_subdag_operator' retrieved from /home/airflow/.local/lib/python3.11/site-packages/airflow/example_dags/example_subdag_operator.py
[2025-05-01T10:08:26.322+0000] {logging_mixin.py:190} INFO - [2025-05-01T10:08:26.322+0000] {dag.py:3239} INFO - Sync 3 DAGs
[2025-05-01T10:08:26.346+0000] {logging_mixin.py:190} INFO - [2025-05-01T10:08:26.346+0000] {dag.py:4180} INFO - Setting next_dagrun for example_subdag_operator to 2022-01-01 00:00:00+00:00, run_after=2022-01-01 00:00:00+00:00
[2025-05-01T10:08:26.348+0000] {logging_mixin.py:190} INFO - [2025-05-01T10:08:26.348+0000] {dag.py:4180} INFO - Setting next_dagrun for example_subdag_operator.section-1 to None, run_after=None
[2025-05-01T10:08:26.349+0000] {logging_mixin.py:190} INFO - [2025-05-01T10:08:26.349+0000] {dag.py:4180} INFO - Setting next_dagrun for example_subdag_operator.section-2 to None, run_after=None
[2025-05-01T10:08:26.353+0000] {logging_mixin.py:190} INFO - [2025-05-01T10:08:26.353+0000] {dag.py:3239} INFO - Sync 2 DAGs
[2025-05-01T10:08:26.357+0000] {logging_mixin.py:190} INFO - [2025-05-01T10:08:26.357+0000] {dag.py:4180} INFO - Setting next_dagrun for example_subdag_operator.section-1 to None, run_after=None
[2025-05-01T10:08:26.357+0000] {logging_mixin.py:190} INFO - [2025-05-01T10:08:26.357+0000] {dag.py:4180} INFO - Setting next_dagrun for example_subdag_operator.section-2 to None, run_after=None
[2025-05-01T10:08:26.362+0000] {processor.py:208} INFO - Processing /home/airflow/.local/lib/python3.11/site-packages/airflow/example_dags/example_subdag_operator.py took 0.110 seconds
[2025-05-01T10:08:56.564+0000] {processor.py:186} INFO - Started process (PID=974) to work on /home/airflow/.local/lib/python3.11/site-packages/airflow/example_dags/example_subdag_operator.py
[2025-05-01T10:08:56.566+0000] {processor.py:914} INFO - Processing file /home/airflow/.local/lib/python3.11/site-packages/airflow/example_dags/example_subdag_operator.py for tasks to queue
[2025-05-01T10:08:56.569+0000] {logging_mixin.py:190} INFO - [2025-05-01T10:08:56.568+0000] {dagbag.py:588} INFO - Filling up the DagBag from /home/airflow/.local/lib/python3.11/site-packages/airflow/example_dags/example_subdag_operator.py
[2025-05-01T10:08:56.596+0000] {processor.py:925} INFO - DAG(s) 'example_subdag_operator.section-1', 'example_subdag_operator.section-2', 'example_subdag_operator' retrieved from /home/airflow/.local/lib/python3.11/site-packages/airflow/example_dags/example_subdag_operator.py
[2025-05-01T10:08:56.604+0000] {logging_mixin.py:190} INFO - [2025-05-01T10:08:56.604+0000] {dag.py:3239} INFO - Sync 3 DAGs
[2025-05-01T10:08:56.614+0000] {logging_mixin.py:190} INFO - [2025-05-01T10:08:56.614+0000] {dag.py:4180} INFO - Setting next_dagrun for example_subdag_operator to 2022-01-01 00:00:00+00:00, run_after=2022-01-01 00:00:00+00:00
[2025-05-01T10:08:56.615+0000] {logging_mixin.py:190} INFO - [2025-05-01T10:08:56.615+0000] {dag.py:4180} INFO - Setting next_dagrun for example_subdag_operator.section-1 to None, run_after=None
[2025-05-01T10:08:56.616+0000] {logging_mixin.py:190} INFO - [2025-05-01T10:08:56.616+0000] {dag.py:4180} INFO - Setting next_dagrun for example_subdag_operator.section-2 to None, run_after=None
[2025-05-01T10:08:56.618+0000] {logging_mixin.py:190} INFO - [2025-05-01T10:08:56.618+0000] {dag.py:3239} INFO - Sync 2 DAGs
[2025-05-01T10:08:56.620+0000] {logging_mixin.py:190} INFO - [2025-05-01T10:08:56.620+0000] {dag.py:4180} INFO - Setting next_dagrun for example_subdag_operator.section-1 to None, run_after=None
[2025-05-01T10:08:56.621+0000] {logging_mixin.py:190} INFO - [2025-05-01T10:08:56.620+0000] {dag.py:4180} INFO - Setting next_dagrun for example_subdag_operator.section-2 to None, run_after=None
[2025-05-01T10:08:56.624+0000] {processor.py:208} INFO - Processing /home/airflow/.local/lib/python3.11/site-packages/airflow/example_dags/example_subdag_operator.py took 0.070 seconds
[2025-05-01T10:09:26.769+0000] {processor.py:186} INFO - Started process (PID=1047) to work on /home/airflow/.local/lib/python3.11/site-packages/airflow/example_dags/example_subdag_operator.py
[2025-05-01T10:09:26.773+0000] {processor.py:914} INFO - Processing file /home/airflow/.local/lib/python3.11/site-packages/airflow/example_dags/example_subdag_operator.py for tasks to queue
[2025-05-01T10:09:26.776+0000] {logging_mixin.py:190} INFO - [2025-05-01T10:09:26.776+0000] {dagbag.py:588} INFO - Filling up the DagBag from /home/airflow/.local/lib/python3.11/site-packages/airflow/example_dags/example_subdag_operator.py
[2025-05-01T10:09:26.803+0000] {processor.py:925} INFO - DAG(s) 'example_subdag_operator.section-1', 'example_subdag_operator.section-2', 'example_subdag_operator' retrieved from /home/airflow/.local/lib/python3.11/site-packages/airflow/example_dags/example_subdag_operator.py
[2025-05-01T10:09:26.815+0000] {logging_mixin.py:190} INFO - [2025-05-01T10:09:26.815+0000] {dag.py:3239} INFO - Sync 3 DAGs
[2025-05-01T10:09:26.828+0000] {logging_mixin.py:190} INFO - [2025-05-01T10:09:26.828+0000] {dag.py:4180} INFO - Setting next_dagrun for example_subdag_operator to 2022-01-01 00:00:00+00:00, run_after=2022-01-01 00:00:00+00:00
[2025-05-01T10:09:26.830+0000] {logging_mixin.py:190} INFO - [2025-05-01T10:09:26.830+0000] {dag.py:4180} INFO - Setting next_dagrun for example_subdag_operator.section-1 to None, run_after=None
[2025-05-01T10:09:26.831+0000] {logging_mixin.py:190} INFO - [2025-05-01T10:09:26.831+0000] {dag.py:4180} INFO - Setting next_dagrun for example_subdag_operator.section-2 to None, run_after=None
[2025-05-01T10:09:26.834+0000] {logging_mixin.py:190} INFO - [2025-05-01T10:09:26.834+0000] {dag.py:3239} INFO - Sync 2 DAGs
[2025-05-01T10:09:26.837+0000] {logging_mixin.py:190} INFO - [2025-05-01T10:09:26.837+0000] {dag.py:4180} INFO - Setting next_dagrun for example_subdag_operator.section-1 to None, run_after=None
[2025-05-01T10:09:26.837+0000] {logging_mixin.py:190} INFO - [2025-05-01T10:09:26.837+0000] {dag.py:4180} INFO - Setting next_dagrun for example_subdag_operator.section-2 to None, run_after=None
[2025-05-01T10:09:26.842+0000] {processor.py:208} INFO - Processing /home/airflow/.local/lib/python3.11/site-packages/airflow/example_dags/example_subdag_operator.py took 0.081 seconds
[2025-05-01T10:09:57.887+0000] {processor.py:186} INFO - Started process (PID=1120) to work on /home/airflow/.local/lib/python3.11/site-packages/airflow/example_dags/example_subdag_operator.py
[2025-05-01T10:09:57.888+0000] {processor.py:914} INFO - Processing file /home/airflow/.local/lib/python3.11/site-packages/airflow/example_dags/example_subdag_operator.py for tasks to queue
[2025-05-01T10:09:57.891+0000] {logging_mixin.py:190} INFO - [2025-05-01T10:09:57.891+0000] {dagbag.py:588} INFO - Filling up the DagBag from /home/airflow/.local/lib/python3.11/site-packages/airflow/example_dags/example_subdag_operator.py
[2025-05-01T10:09:57.912+0000] {processor.py:925} INFO - DAG(s) 'example_subdag_operator.section-1', 'example_subdag_operator.section-2', 'example_subdag_operator' retrieved from /home/airflow/.local/lib/python3.11/site-packages/airflow/example_dags/example_subdag_operator.py
[2025-05-01T10:09:57.926+0000] {logging_mixin.py:190} INFO - [2025-05-01T10:09:57.925+0000] {dag.py:3239} INFO - Sync 3 DAGs
[2025-05-01T10:09:57.942+0000] {logging_mixin.py:190} INFO - [2025-05-01T10:09:57.942+0000] {dag.py:4180} INFO - Setting next_dagrun for example_subdag_operator to 2022-01-01 00:00:00+00:00, run_after=2022-01-01 00:00:00+00:00
[2025-05-01T10:09:57.947+0000] {logging_mixin.py:190} INFO - [2025-05-01T10:09:57.946+0000] {dag.py:4180} INFO - Setting next_dagrun for example_subdag_operator.section-1 to None, run_after=None
[2025-05-01T10:09:57.948+0000] {logging_mixin.py:190} INFO - [2025-05-01T10:09:57.948+0000] {dag.py:4180} INFO - Setting next_dagrun for example_subdag_operator.section-2 to None, run_after=None
[2025-05-01T10:09:57.953+0000] {logging_mixin.py:190} INFO - [2025-05-01T10:09:57.953+0000] {dag.py:3239} INFO - Sync 2 DAGs
[2025-05-01T10:09:57.956+0000] {logging_mixin.py:190} INFO - [2025-05-01T10:09:57.956+0000] {dag.py:4180} INFO - Setting next_dagrun for example_subdag_operator.section-1 to None, run_after=None
[2025-05-01T10:09:57.956+0000] {logging_mixin.py:190} INFO - [2025-05-01T10:09:57.956+0000] {dag.py:4180} INFO - Setting next_dagrun for example_subdag_operator.section-2 to None, run_after=None
[2025-05-01T10:09:57.961+0000] {processor.py:208} INFO - Processing /home/airflow/.local/lib/python3.11/site-packages/airflow/example_dags/example_subdag_operator.py took 0.080 seconds
[2025-05-01T10:10:28.029+0000] {processor.py:186} INFO - Started process (PID=1192) to work on /home/airflow/.local/lib/python3.11/site-packages/airflow/example_dags/example_subdag_operator.py
[2025-05-01T10:10:28.032+0000] {processor.py:914} INFO - Processing file /home/airflow/.local/lib/python3.11/site-packages/airflow/example_dags/example_subdag_operator.py for tasks to queue
[2025-05-01T10:10:28.035+0000] {logging_mixin.py:190} INFO - [2025-05-01T10:10:28.034+0000] {dagbag.py:588} INFO - Filling up the DagBag from /home/airflow/.local/lib/python3.11/site-packages/airflow/example_dags/example_subdag_operator.py
[2025-05-01T10:10:28.059+0000] {processor.py:925} INFO - DAG(s) 'example_subdag_operator.section-1', 'example_subdag_operator.section-2', 'example_subdag_operator' retrieved from /home/airflow/.local/lib/python3.11/site-packages/airflow/example_dags/example_subdag_operator.py
[2025-05-01T10:10:28.067+0000] {logging_mixin.py:190} INFO - [2025-05-01T10:10:28.066+0000] {dag.py:3239} INFO - Sync 3 DAGs
[2025-05-01T10:10:28.078+0000] {logging_mixin.py:190} INFO - [2025-05-01T10:10:28.078+0000] {dag.py:4180} INFO - Setting next_dagrun for example_subdag_operator to 2022-01-01 00:00:00+00:00, run_after=2022-01-01 00:00:00+00:00
[2025-05-01T10:10:28.080+0000] {logging_mixin.py:190} INFO - [2025-05-01T10:10:28.080+0000] {dag.py:4180} INFO - Setting next_dagrun for example_subdag_operator.section-1 to None, run_after=None
[2025-05-01T10:10:28.081+0000] {logging_mixin.py:190} INFO - [2025-05-01T10:10:28.081+0000] {dag.py:4180} INFO - Setting next_dagrun for example_subdag_operator.section-2 to None, run_after=None
[2025-05-01T10:10:28.085+0000] {logging_mixin.py:190} INFO - [2025-05-01T10:10:28.085+0000] {dag.py:3239} INFO - Sync 2 DAGs
[2025-05-01T10:10:28.088+0000] {logging_mixin.py:190} INFO - [2025-05-01T10:10:28.088+0000] {dag.py:4180} INFO - Setting next_dagrun for example_subdag_operator.section-1 to None, run_after=None
[2025-05-01T10:10:28.088+0000] {logging_mixin.py:190} INFO - [2025-05-01T10:10:28.088+0000] {dag.py:4180} INFO - Setting next_dagrun for example_subdag_operator.section-2 to None, run_after=None
[2025-05-01T10:10:28.092+0000] {processor.py:208} INFO - Processing /home/airflow/.local/lib/python3.11/site-packages/airflow/example_dags/example_subdag_operator.py took 0.079 seconds
[2025-05-01T10:10:58.390+0000] {processor.py:186} INFO - Started process (PID=1265) to work on /home/airflow/.local/lib/python3.11/site-packages/airflow/example_dags/example_subdag_operator.py
[2025-05-01T10:10:58.392+0000] {processor.py:914} INFO - Processing file /home/airflow/.local/lib/python3.11/site-packages/airflow/example_dags/example_subdag_operator.py for tasks to queue
[2025-05-01T10:10:58.398+0000] {logging_mixin.py:190} INFO - [2025-05-01T10:10:58.397+0000] {dagbag.py:588} INFO - Filling up the DagBag from /home/airflow/.local/lib/python3.11/site-packages/airflow/example_dags/example_subdag_operator.py
[2025-05-01T10:10:58.434+0000] {processor.py:925} INFO - DAG(s) 'example_subdag_operator.section-1', 'example_subdag_operator.section-2', 'example_subdag_operator' retrieved from /home/airflow/.local/lib/python3.11/site-packages/airflow/example_dags/example_subdag_operator.py
[2025-05-01T10:10:58.447+0000] {logging_mixin.py:190} INFO - [2025-05-01T10:10:58.447+0000] {dag.py:3239} INFO - Sync 3 DAGs
[2025-05-01T10:10:58.475+0000] {logging_mixin.py:190} INFO - [2025-05-01T10:10:58.475+0000] {dag.py:4180} INFO - Setting next_dagrun for example_subdag_operator to 2022-01-01 00:00:00+00:00, run_after=2022-01-01 00:00:00+00:00
[2025-05-01T10:10:58.481+0000] {logging_mixin.py:190} INFO - [2025-05-01T10:10:58.481+0000] {dag.py:4180} INFO - Setting next_dagrun for example_subdag_operator.section-1 to None, run_after=None
[2025-05-01T10:10:58.482+0000] {logging_mixin.py:190} INFO - [2025-05-01T10:10:58.482+0000] {dag.py:4180} INFO - Setting next_dagrun for example_subdag_operator.section-2 to None, run_after=None
[2025-05-01T10:10:58.489+0000] {logging_mixin.py:190} INFO - [2025-05-01T10:10:58.489+0000] {dag.py:3239} INFO - Sync 2 DAGs
[2025-05-01T10:10:58.494+0000] {logging_mixin.py:190} INFO - [2025-05-01T10:10:58.494+0000] {dag.py:4180} INFO - Setting next_dagrun for example_subdag_operator.section-1 to None, run_after=None
[2025-05-01T10:10:58.498+0000] {logging_mixin.py:190} INFO - [2025-05-01T10:10:58.498+0000] {dag.py:4180} INFO - Setting next_dagrun for example_subdag_operator.section-2 to None, run_after=None
[2025-05-01T10:10:58.503+0000] {processor.py:208} INFO - Processing /home/airflow/.local/lib/python3.11/site-packages/airflow/example_dags/example_subdag_operator.py took 0.123 seconds
[2025-05-01T10:21:39.998+0000] {processor.py:186} INFO - Started process (PID=1340) to work on /home/airflow/.local/lib/python3.11/site-packages/airflow/example_dags/example_subdag_operator.py
[2025-05-01T10:21:40.001+0000] {processor.py:914} INFO - Processing file /home/airflow/.local/lib/python3.11/site-packages/airflow/example_dags/example_subdag_operator.py for tasks to queue
[2025-05-01T10:21:40.006+0000] {logging_mixin.py:190} INFO - [2025-05-01T10:21:40.006+0000] {dagbag.py:588} INFO - Filling up the DagBag from /home/airflow/.local/lib/python3.11/site-packages/airflow/example_dags/example_subdag_operator.py
[2025-05-01T10:21:40.045+0000] {processor.py:925} INFO - DAG(s) 'example_subdag_operator.section-1', 'example_subdag_operator.section-2', 'example_subdag_operator' retrieved from /home/airflow/.local/lib/python3.11/site-packages/airflow/example_dags/example_subdag_operator.py
[2025-05-01T10:21:40.055+0000] {logging_mixin.py:190} INFO - [2025-05-01T10:21:40.055+0000] {dag.py:3239} INFO - Sync 3 DAGs
[2025-05-01T10:21:40.076+0000] {logging_mixin.py:190} INFO - [2025-05-01T10:21:40.075+0000] {dag.py:4180} INFO - Setting next_dagrun for example_subdag_operator to 2022-01-01 00:00:00+00:00, run_after=2022-01-01 00:00:00+00:00
[2025-05-01T10:21:40.079+0000] {logging_mixin.py:190} INFO - [2025-05-01T10:21:40.079+0000] {dag.py:4180} INFO - Setting next_dagrun for example_subdag_operator.section-1 to None, run_after=None
[2025-05-01T10:21:40.080+0000] {logging_mixin.py:190} INFO - [2025-05-01T10:21:40.080+0000] {dag.py:4180} INFO - Setting next_dagrun for example_subdag_operator.section-2 to None, run_after=None
[2025-05-01T10:21:40.086+0000] {logging_mixin.py:190} INFO - [2025-05-01T10:21:40.086+0000] {dag.py:3239} INFO - Sync 2 DAGs
[2025-05-01T10:21:40.090+0000] {logging_mixin.py:190} INFO - [2025-05-01T10:21:40.090+0000] {dag.py:4180} INFO - Setting next_dagrun for example_subdag_operator.section-1 to None, run_after=None
[2025-05-01T10:21:40.090+0000] {logging_mixin.py:190} INFO - [2025-05-01T10:21:40.090+0000] {dag.py:4180} INFO - Setting next_dagrun for example_subdag_operator.section-2 to None, run_after=None
[2025-05-01T10:21:40.099+0000] {processor.py:208} INFO - Processing /home/airflow/.local/lib/python3.11/site-packages/airflow/example_dags/example_subdag_operator.py took 0.111 seconds
