[2025-05-01T10:02:50.919+0000] {processor.py:186} INFO - Started process (PID=144) to work on /home/airflow/.local/lib/python3.11/site-packages/airflow/example_dags/example_inlet_event_extra.py
[2025-05-01T10:02:50.920+0000] {processor.py:914} INFO - Processing file /home/airflow/.local/lib/python3.11/site-packages/airflow/example_dags/example_inlet_event_extra.py for tasks to queue
[2025-05-01T10:02:50.930+0000] {logging_mixin.py:190} INFO - [2025-05-01T10:02:50.929+0000] {dagbag.py:588} INFO - Filling up the DagBag from /home/airflow/.local/lib/python3.11/site-packages/airflow/example_dags/example_inlet_event_extra.py
[2025-05-01T10:02:51.693+0000] {processor.py:925} INFO - DAG(s) 'read_dataset_event_from_classic', 'read_dataset_event' retrieved from /home/airflow/.local/lib/python3.11/site-packages/airflow/example_dags/example_inlet_event_extra.py
[2025-05-01T10:02:51.747+0000] {logging_mixin.py:190} INFO - [2025-05-01T10:02:51.747+0000] {dag.py:3239} INFO - Sync 2 DAGs
[2025-05-01T10:02:51.802+0000] {logging_mixin.py:190} INFO - [2025-05-01T10:02:51.801+0000] {dag.py:4180} INFO - Setting next_dagrun for read_dataset_event to 2025-04-30 00:00:00+00:00, run_after=2025-05-01 00:00:00+00:00
[2025-05-01T10:02:51.809+0000] {logging_mixin.py:190} INFO - [2025-05-01T10:02:51.809+0000] {dag.py:4180} INFO - Setting next_dagrun for read_dataset_event_from_classic to 2025-04-30 00:00:00+00:00, run_after=2025-05-01 00:00:00+00:00
[2025-05-01T10:02:51.831+0000] {processor.py:208} INFO - Processing /home/airflow/.local/lib/python3.11/site-packages/airflow/example_dags/example_inlet_event_extra.py took 0.933 seconds
[2025-05-01T10:03:21.869+0000] {processor.py:186} INFO - Started process (PID=220) to work on /home/airflow/.local/lib/python3.11/site-packages/airflow/example_dags/example_inlet_event_extra.py
[2025-05-01T10:03:21.870+0000] {processor.py:914} INFO - Processing file /home/airflow/.local/lib/python3.11/site-packages/airflow/example_dags/example_inlet_event_extra.py for tasks to queue
[2025-05-01T10:03:21.871+0000] {logging_mixin.py:190} INFO - [2025-05-01T10:03:21.871+0000] {dagbag.py:588} INFO - Filling up the DagBag from /home/airflow/.local/lib/python3.11/site-packages/airflow/example_dags/example_inlet_event_extra.py
[2025-05-01T10:03:22.061+0000] {processor.py:925} INFO - DAG(s) 'read_dataset_event_from_classic', 'read_dataset_event' retrieved from /home/airflow/.local/lib/python3.11/site-packages/airflow/example_dags/example_inlet_event_extra.py
[2025-05-01T10:03:22.072+0000] {logging_mixin.py:190} INFO - [2025-05-01T10:03:22.072+0000] {dag.py:3239} INFO - Sync 2 DAGs
[2025-05-01T10:03:22.083+0000] {logging_mixin.py:190} INFO - [2025-05-01T10:03:22.083+0000] {dag.py:4180} INFO - Setting next_dagrun for read_dataset_event to 2025-04-30 00:00:00+00:00, run_after=2025-05-01 00:00:00+00:00
[2025-05-01T10:03:22.085+0000] {logging_mixin.py:190} INFO - [2025-05-01T10:03:22.085+0000] {dag.py:4180} INFO - Setting next_dagrun for read_dataset_event_from_classic to 2025-04-30 00:00:00+00:00, run_after=2025-05-01 00:00:00+00:00
[2025-05-01T10:03:22.090+0000] {processor.py:208} INFO - Processing /home/airflow/.local/lib/python3.11/site-packages/airflow/example_dags/example_inlet_event_extra.py took 0.225 seconds
[2025-05-01T10:03:52.301+0000] {processor.py:186} INFO - Started process (PID=290) to work on /home/airflow/.local/lib/python3.11/site-packages/airflow/example_dags/example_inlet_event_extra.py
[2025-05-01T10:03:52.302+0000] {processor.py:914} INFO - Processing file /home/airflow/.local/lib/python3.11/site-packages/airflow/example_dags/example_inlet_event_extra.py for tasks to queue
[2025-05-01T10:03:52.303+0000] {logging_mixin.py:190} INFO - [2025-05-01T10:03:52.303+0000] {dagbag.py:588} INFO - Filling up the DagBag from /home/airflow/.local/lib/python3.11/site-packages/airflow/example_dags/example_inlet_event_extra.py
[2025-05-01T10:03:52.488+0000] {processor.py:925} INFO - DAG(s) 'read_dataset_event_from_classic', 'read_dataset_event' retrieved from /home/airflow/.local/lib/python3.11/site-packages/airflow/example_dags/example_inlet_event_extra.py
[2025-05-01T10:03:52.502+0000] {logging_mixin.py:190} INFO - [2025-05-01T10:03:52.502+0000] {dag.py:3239} INFO - Sync 2 DAGs
[2025-05-01T10:03:52.513+0000] {logging_mixin.py:190} INFO - [2025-05-01T10:03:52.513+0000] {dag.py:4180} INFO - Setting next_dagrun for read_dataset_event to 2025-04-30 00:00:00+00:00, run_after=2025-05-01 00:00:00+00:00
[2025-05-01T10:03:52.516+0000] {logging_mixin.py:190} INFO - [2025-05-01T10:03:52.516+0000] {dag.py:4180} INFO - Setting next_dagrun for read_dataset_event_from_classic to 2025-04-30 00:00:00+00:00, run_after=2025-05-01 00:00:00+00:00
[2025-05-01T10:03:52.525+0000] {processor.py:208} INFO - Processing /home/airflow/.local/lib/python3.11/site-packages/airflow/example_dags/example_inlet_event_extra.py took 0.229 seconds
[2025-05-01T10:04:23.469+0000] {processor.py:186} INFO - Started process (PID=363) to work on /home/airflow/.local/lib/python3.11/site-packages/airflow/example_dags/example_inlet_event_extra.py
[2025-05-01T10:04:23.472+0000] {processor.py:914} INFO - Processing file /home/airflow/.local/lib/python3.11/site-packages/airflow/example_dags/example_inlet_event_extra.py for tasks to queue
[2025-05-01T10:04:23.479+0000] {logging_mixin.py:190} INFO - [2025-05-01T10:04:23.478+0000] {dagbag.py:588} INFO - Filling up the DagBag from /home/airflow/.local/lib/python3.11/site-packages/airflow/example_dags/example_inlet_event_extra.py
[2025-05-01T10:04:23.739+0000] {processor.py:925} INFO - DAG(s) 'read_dataset_event', 'read_dataset_event_from_classic' retrieved from /home/airflow/.local/lib/python3.11/site-packages/airflow/example_dags/example_inlet_event_extra.py
[2025-05-01T10:04:23.771+0000] {logging_mixin.py:190} INFO - [2025-05-01T10:04:23.771+0000] {dag.py:3239} INFO - Sync 2 DAGs
[2025-05-01T10:04:23.798+0000] {logging_mixin.py:190} INFO - [2025-05-01T10:04:23.798+0000] {dag.py:4180} INFO - Setting next_dagrun for read_dataset_event to 2025-04-30 00:00:00+00:00, run_after=2025-05-01 00:00:00+00:00
[2025-05-01T10:04:23.803+0000] {logging_mixin.py:190} INFO - [2025-05-01T10:04:23.802+0000] {dag.py:4180} INFO - Setting next_dagrun for read_dataset_event_from_classic to 2025-04-30 00:00:00+00:00, run_after=2025-05-01 00:00:00+00:00
[2025-05-01T10:04:23.813+0000] {processor.py:208} INFO - Processing /home/airflow/.local/lib/python3.11/site-packages/airflow/example_dags/example_inlet_event_extra.py took 0.355 seconds
[2025-05-01T10:04:56.023+0000] {processor.py:186} INFO - Started process (PID=436) to work on /home/airflow/.local/lib/python3.11/site-packages/airflow/example_dags/example_inlet_event_extra.py
[2025-05-01T10:04:56.025+0000] {processor.py:914} INFO - Processing file /home/airflow/.local/lib/python3.11/site-packages/airflow/example_dags/example_inlet_event_extra.py for tasks to queue
[2025-05-01T10:04:56.029+0000] {logging_mixin.py:190} INFO - [2025-05-01T10:04:56.028+0000] {dagbag.py:588} INFO - Filling up the DagBag from /home/airflow/.local/lib/python3.11/site-packages/airflow/example_dags/example_inlet_event_extra.py
[2025-05-01T10:04:56.486+0000] {processor.py:925} INFO - DAG(s) 'read_dataset_event', 'read_dataset_event_from_classic' retrieved from /home/airflow/.local/lib/python3.11/site-packages/airflow/example_dags/example_inlet_event_extra.py
[2025-05-01T10:04:56.534+0000] {logging_mixin.py:190} INFO - [2025-05-01T10:04:56.534+0000] {dag.py:3239} INFO - Sync 2 DAGs
[2025-05-01T10:04:56.692+0000] {logging_mixin.py:190} INFO - [2025-05-01T10:04:56.691+0000] {dag.py:4180} INFO - Setting next_dagrun for read_dataset_event to 2025-04-30 00:00:00+00:00, run_after=2025-05-01 00:00:00+00:00
[2025-05-01T10:04:56.700+0000] {logging_mixin.py:190} INFO - [2025-05-01T10:04:56.700+0000] {dag.py:4180} INFO - Setting next_dagrun for read_dataset_event_from_classic to 2025-04-30 00:00:00+00:00, run_after=2025-05-01 00:00:00+00:00
[2025-05-01T10:04:56.750+0000] {processor.py:208} INFO - Processing /home/airflow/.local/lib/python3.11/site-packages/airflow/example_dags/example_inlet_event_extra.py took 0.736 seconds
[2025-05-01T10:05:27.756+0000] {processor.py:186} INFO - Started process (PID=509) to work on /home/airflow/.local/lib/python3.11/site-packages/airflow/example_dags/example_inlet_event_extra.py
[2025-05-01T10:05:27.758+0000] {processor.py:914} INFO - Processing file /home/airflow/.local/lib/python3.11/site-packages/airflow/example_dags/example_inlet_event_extra.py for tasks to queue
[2025-05-01T10:05:27.762+0000] {logging_mixin.py:190} INFO - [2025-05-01T10:05:27.761+0000] {dagbag.py:588} INFO - Filling up the DagBag from /home/airflow/.local/lib/python3.11/site-packages/airflow/example_dags/example_inlet_event_extra.py
[2025-05-01T10:05:28.077+0000] {processor.py:925} INFO - DAG(s) 'read_dataset_event', 'read_dataset_event_from_classic' retrieved from /home/airflow/.local/lib/python3.11/site-packages/airflow/example_dags/example_inlet_event_extra.py
[2025-05-01T10:05:28.151+0000] {logging_mixin.py:190} INFO - [2025-05-01T10:05:28.151+0000] {dag.py:3239} INFO - Sync 2 DAGs
[2025-05-01T10:05:28.235+0000] {logging_mixin.py:190} INFO - [2025-05-01T10:05:28.234+0000] {dag.py:4180} INFO - Setting next_dagrun for read_dataset_event to 2025-04-30 00:00:00+00:00, run_after=2025-05-01 00:00:00+00:00
[2025-05-01T10:05:28.240+0000] {logging_mixin.py:190} INFO - [2025-05-01T10:05:28.240+0000] {dag.py:4180} INFO - Setting next_dagrun for read_dataset_event_from_classic to 2025-04-30 00:00:00+00:00, run_after=2025-05-01 00:00:00+00:00
[2025-05-01T10:05:28.262+0000] {processor.py:208} INFO - Processing /home/airflow/.local/lib/python3.11/site-packages/airflow/example_dags/example_inlet_event_extra.py took 0.517 seconds
[2025-05-01T10:05:58.790+0000] {processor.py:186} INFO - Started process (PID=574) to work on /home/airflow/.local/lib/python3.11/site-packages/airflow/example_dags/example_inlet_event_extra.py
[2025-05-01T10:05:58.793+0000] {processor.py:914} INFO - Processing file /home/airflow/.local/lib/python3.11/site-packages/airflow/example_dags/example_inlet_event_extra.py for tasks to queue
[2025-05-01T10:05:58.799+0000] {logging_mixin.py:190} INFO - [2025-05-01T10:05:58.799+0000] {dagbag.py:588} INFO - Filling up the DagBag from /home/airflow/.local/lib/python3.11/site-packages/airflow/example_dags/example_inlet_event_extra.py
[2025-05-01T10:05:59.586+0000] {processor.py:925} INFO - DAG(s) 'read_dataset_event_from_classic', 'read_dataset_event' retrieved from /home/airflow/.local/lib/python3.11/site-packages/airflow/example_dags/example_inlet_event_extra.py
[2025-05-01T10:05:59.645+0000] {logging_mixin.py:190} INFO - [2025-05-01T10:05:59.645+0000] {dag.py:3239} INFO - Sync 2 DAGs
[2025-05-01T10:05:59.682+0000] {logging_mixin.py:190} INFO - [2025-05-01T10:05:59.681+0000] {dag.py:4180} INFO - Setting next_dagrun for read_dataset_event to 2025-04-30 00:00:00+00:00, run_after=2025-05-01 00:00:00+00:00
[2025-05-01T10:05:59.685+0000] {logging_mixin.py:190} INFO - [2025-05-01T10:05:59.685+0000] {dag.py:4180} INFO - Setting next_dagrun for read_dataset_event_from_classic to 2025-04-30 00:00:00+00:00, run_after=2025-05-01 00:00:00+00:00
[2025-05-01T10:05:59.701+0000] {processor.py:208} INFO - Processing /home/airflow/.local/lib/python3.11/site-packages/airflow/example_dags/example_inlet_event_extra.py took 0.930 seconds
[2025-05-01T10:06:30.504+0000] {processor.py:186} INFO - Started process (PID=652) to work on /home/airflow/.local/lib/python3.11/site-packages/airflow/example_dags/example_inlet_event_extra.py
[2025-05-01T10:06:30.507+0000] {processor.py:914} INFO - Processing file /home/airflow/.local/lib/python3.11/site-packages/airflow/example_dags/example_inlet_event_extra.py for tasks to queue
[2025-05-01T10:06:30.522+0000] {logging_mixin.py:190} INFO - [2025-05-01T10:06:30.522+0000] {dagbag.py:588} INFO - Filling up the DagBag from /home/airflow/.local/lib/python3.11/site-packages/airflow/example_dags/example_inlet_event_extra.py
[2025-05-01T10:06:30.902+0000] {processor.py:925} INFO - DAG(s) 'read_dataset_event', 'read_dataset_event_from_classic' retrieved from /home/airflow/.local/lib/python3.11/site-packages/airflow/example_dags/example_inlet_event_extra.py
[2025-05-01T10:06:30.926+0000] {logging_mixin.py:190} INFO - [2025-05-01T10:06:30.926+0000] {dag.py:3239} INFO - Sync 2 DAGs
[2025-05-01T10:06:30.943+0000] {logging_mixin.py:190} INFO - [2025-05-01T10:06:30.943+0000] {dag.py:4180} INFO - Setting next_dagrun for read_dataset_event to 2025-04-30 00:00:00+00:00, run_after=2025-05-01 00:00:00+00:00
[2025-05-01T10:06:30.945+0000] {logging_mixin.py:190} INFO - [2025-05-01T10:06:30.945+0000] {dag.py:4180} INFO - Setting next_dagrun for read_dataset_event_from_classic to 2025-04-30 00:00:00+00:00, run_after=2025-05-01 00:00:00+00:00
[2025-05-01T10:06:30.954+0000] {processor.py:208} INFO - Processing /home/airflow/.local/lib/python3.11/site-packages/airflow/example_dags/example_inlet_event_extra.py took 0.478 seconds
[2025-05-01T10:07:01.938+0000] {processor.py:186} INFO - Started process (PID=725) to work on /home/airflow/.local/lib/python3.11/site-packages/airflow/example_dags/example_inlet_event_extra.py
[2025-05-01T10:07:01.940+0000] {processor.py:914} INFO - Processing file /home/airflow/.local/lib/python3.11/site-packages/airflow/example_dags/example_inlet_event_extra.py for tasks to queue
[2025-05-01T10:07:01.943+0000] {logging_mixin.py:190} INFO - [2025-05-01T10:07:01.943+0000] {dagbag.py:588} INFO - Filling up the DagBag from /home/airflow/.local/lib/python3.11/site-packages/airflow/example_dags/example_inlet_event_extra.py
[2025-05-01T10:07:02.369+0000] {processor.py:925} INFO - DAG(s) 'read_dataset_event_from_classic', 'read_dataset_event' retrieved from /home/airflow/.local/lib/python3.11/site-packages/airflow/example_dags/example_inlet_event_extra.py
[2025-05-01T10:07:02.426+0000] {logging_mixin.py:190} INFO - [2025-05-01T10:07:02.425+0000] {dag.py:3239} INFO - Sync 2 DAGs
[2025-05-01T10:07:02.470+0000] {logging_mixin.py:190} INFO - [2025-05-01T10:07:02.469+0000] {dag.py:4180} INFO - Setting next_dagrun for read_dataset_event to 2025-04-30 00:00:00+00:00, run_after=2025-05-01 00:00:00+00:00
[2025-05-01T10:07:02.472+0000] {logging_mixin.py:190} INFO - [2025-05-01T10:07:02.472+0000] {dag.py:4180} INFO - Setting next_dagrun for read_dataset_event_from_classic to 2025-04-30 00:00:00+00:00, run_after=2025-05-01 00:00:00+00:00
[2025-05-01T10:07:02.483+0000] {processor.py:208} INFO - Processing /home/airflow/.local/lib/python3.11/site-packages/airflow/example_dags/example_inlet_event_extra.py took 0.554 seconds
[2025-05-01T10:07:32.552+0000] {processor.py:186} INFO - Started process (PID=793) to work on /home/airflow/.local/lib/python3.11/site-packages/airflow/example_dags/example_inlet_event_extra.py
[2025-05-01T10:07:32.553+0000] {processor.py:914} INFO - Processing file /home/airflow/.local/lib/python3.11/site-packages/airflow/example_dags/example_inlet_event_extra.py for tasks to queue
[2025-05-01T10:07:32.556+0000] {logging_mixin.py:190} INFO - [2025-05-01T10:07:32.556+0000] {dagbag.py:588} INFO - Filling up the DagBag from /home/airflow/.local/lib/python3.11/site-packages/airflow/example_dags/example_inlet_event_extra.py
[2025-05-01T10:07:32.918+0000] {processor.py:925} INFO - DAG(s) 'read_dataset_event_from_classic', 'read_dataset_event' retrieved from /home/airflow/.local/lib/python3.11/site-packages/airflow/example_dags/example_inlet_event_extra.py
[2025-05-01T10:07:32.944+0000] {logging_mixin.py:190} INFO - [2025-05-01T10:07:32.944+0000] {dag.py:3239} INFO - Sync 2 DAGs
[2025-05-01T10:07:32.970+0000] {logging_mixin.py:190} INFO - [2025-05-01T10:07:32.970+0000] {dag.py:4180} INFO - Setting next_dagrun for read_dataset_event to 2025-04-30 00:00:00+00:00, run_after=2025-05-01 00:00:00+00:00
[2025-05-01T10:07:32.973+0000] {logging_mixin.py:190} INFO - [2025-05-01T10:07:32.973+0000] {dag.py:4180} INFO - Setting next_dagrun for read_dataset_event_from_classic to 2025-04-30 00:00:00+00:00, run_after=2025-05-01 00:00:00+00:00
[2025-05-01T10:07:32.994+0000] {processor.py:208} INFO - Processing /home/airflow/.local/lib/python3.11/site-packages/airflow/example_dags/example_inlet_event_extra.py took 0.447 seconds
[2025-05-01T10:08:03.839+0000] {processor.py:186} INFO - Started process (PID=866) to work on /home/airflow/.local/lib/python3.11/site-packages/airflow/example_dags/example_inlet_event_extra.py
[2025-05-01T10:08:03.848+0000] {processor.py:914} INFO - Processing file /home/airflow/.local/lib/python3.11/site-packages/airflow/example_dags/example_inlet_event_extra.py for tasks to queue
[2025-05-01T10:08:03.850+0000] {logging_mixin.py:190} INFO - [2025-05-01T10:08:03.850+0000] {dagbag.py:588} INFO - Filling up the DagBag from /home/airflow/.local/lib/python3.11/site-packages/airflow/example_dags/example_inlet_event_extra.py
[2025-05-01T10:08:04.171+0000] {processor.py:925} INFO - DAG(s) 'read_dataset_event', 'read_dataset_event_from_classic' retrieved from /home/airflow/.local/lib/python3.11/site-packages/airflow/example_dags/example_inlet_event_extra.py
[2025-05-01T10:08:04.212+0000] {logging_mixin.py:190} INFO - [2025-05-01T10:08:04.211+0000] {dag.py:3239} INFO - Sync 2 DAGs
[2025-05-01T10:08:04.244+0000] {logging_mixin.py:190} INFO - [2025-05-01T10:08:04.244+0000] {dag.py:4180} INFO - Setting next_dagrun for read_dataset_event to 2025-04-30 00:00:00+00:00, run_after=2025-05-01 00:00:00+00:00
[2025-05-01T10:08:04.250+0000] {logging_mixin.py:190} INFO - [2025-05-01T10:08:04.250+0000] {dag.py:4180} INFO - Setting next_dagrun for read_dataset_event_from_classic to 2025-04-30 00:00:00+00:00, run_after=2025-05-01 00:00:00+00:00
[2025-05-01T10:08:04.284+0000] {processor.py:208} INFO - Processing /home/airflow/.local/lib/python3.11/site-packages/airflow/example_dags/example_inlet_event_extra.py took 0.454 seconds
[2025-05-01T10:08:34.920+0000] {processor.py:186} INFO - Started process (PID=939) to work on /home/airflow/.local/lib/python3.11/site-packages/airflow/example_dags/example_inlet_event_extra.py
[2025-05-01T10:08:34.921+0000] {processor.py:914} INFO - Processing file /home/airflow/.local/lib/python3.11/site-packages/airflow/example_dags/example_inlet_event_extra.py for tasks to queue
[2025-05-01T10:08:34.931+0000] {logging_mixin.py:190} INFO - [2025-05-01T10:08:34.931+0000] {dagbag.py:588} INFO - Filling up the DagBag from /home/airflow/.local/lib/python3.11/site-packages/airflow/example_dags/example_inlet_event_extra.py
[2025-05-01T10:08:35.200+0000] {processor.py:925} INFO - DAG(s) 'read_dataset_event_from_classic', 'read_dataset_event' retrieved from /home/airflow/.local/lib/python3.11/site-packages/airflow/example_dags/example_inlet_event_extra.py
[2025-05-01T10:08:35.227+0000] {logging_mixin.py:190} INFO - [2025-05-01T10:08:35.226+0000] {dag.py:3239} INFO - Sync 2 DAGs
[2025-05-01T10:08:35.251+0000] {logging_mixin.py:190} INFO - [2025-05-01T10:08:35.250+0000] {dag.py:4180} INFO - Setting next_dagrun for read_dataset_event to 2025-04-30 00:00:00+00:00, run_after=2025-05-01 00:00:00+00:00
[2025-05-01T10:08:35.253+0000] {logging_mixin.py:190} INFO - [2025-05-01T10:08:35.253+0000] {dag.py:4180} INFO - Setting next_dagrun for read_dataset_event_from_classic to 2025-04-30 00:00:00+00:00, run_after=2025-05-01 00:00:00+00:00
[2025-05-01T10:08:35.266+0000] {processor.py:208} INFO - Processing /home/airflow/.local/lib/python3.11/site-packages/airflow/example_dags/example_inlet_event_extra.py took 0.353 seconds
[2025-05-01T10:09:06.080+0000] {processor.py:186} INFO - Started process (PID=1011) to work on /home/airflow/.local/lib/python3.11/site-packages/airflow/example_dags/example_inlet_event_extra.py
[2025-05-01T10:09:06.082+0000] {processor.py:914} INFO - Processing file /home/airflow/.local/lib/python3.11/site-packages/airflow/example_dags/example_inlet_event_extra.py for tasks to queue
[2025-05-01T10:09:06.088+0000] {logging_mixin.py:190} INFO - [2025-05-01T10:09:06.088+0000] {dagbag.py:588} INFO - Filling up the DagBag from /home/airflow/.local/lib/python3.11/site-packages/airflow/example_dags/example_inlet_event_extra.py
[2025-05-01T10:09:06.324+0000] {processor.py:925} INFO - DAG(s) 'read_dataset_event', 'read_dataset_event_from_classic' retrieved from /home/airflow/.local/lib/python3.11/site-packages/airflow/example_dags/example_inlet_event_extra.py
[2025-05-01T10:09:06.338+0000] {logging_mixin.py:190} INFO - [2025-05-01T10:09:06.338+0000] {dag.py:3239} INFO - Sync 2 DAGs
[2025-05-01T10:09:06.354+0000] {logging_mixin.py:190} INFO - [2025-05-01T10:09:06.354+0000] {dag.py:4180} INFO - Setting next_dagrun for read_dataset_event to 2025-04-30 00:00:00+00:00, run_after=2025-05-01 00:00:00+00:00
[2025-05-01T10:09:06.356+0000] {logging_mixin.py:190} INFO - [2025-05-01T10:09:06.356+0000] {dag.py:4180} INFO - Setting next_dagrun for read_dataset_event_from_classic to 2025-04-30 00:00:00+00:00, run_after=2025-05-01 00:00:00+00:00
[2025-05-01T10:09:06.367+0000] {processor.py:208} INFO - Processing /home/airflow/.local/lib/python3.11/site-packages/airflow/example_dags/example_inlet_event_extra.py took 0.292 seconds
[2025-05-01T10:09:37.386+0000] {processor.py:186} INFO - Started process (PID=1084) to work on /home/airflow/.local/lib/python3.11/site-packages/airflow/example_dags/example_inlet_event_extra.py
[2025-05-01T10:09:37.388+0000] {processor.py:914} INFO - Processing file /home/airflow/.local/lib/python3.11/site-packages/airflow/example_dags/example_inlet_event_extra.py for tasks to queue
[2025-05-01T10:09:37.392+0000] {logging_mixin.py:190} INFO - [2025-05-01T10:09:37.391+0000] {dagbag.py:588} INFO - Filling up the DagBag from /home/airflow/.local/lib/python3.11/site-packages/airflow/example_dags/example_inlet_event_extra.py
[2025-05-01T10:09:37.613+0000] {processor.py:925} INFO - DAG(s) 'read_dataset_event_from_classic', 'read_dataset_event' retrieved from /home/airflow/.local/lib/python3.11/site-packages/airflow/example_dags/example_inlet_event_extra.py
[2025-05-01T10:09:37.636+0000] {logging_mixin.py:190} INFO - [2025-05-01T10:09:37.636+0000] {dag.py:3239} INFO - Sync 2 DAGs
[2025-05-01T10:09:37.654+0000] {logging_mixin.py:190} INFO - [2025-05-01T10:09:37.654+0000] {dag.py:4180} INFO - Setting next_dagrun for read_dataset_event to 2025-04-30 00:00:00+00:00, run_after=2025-05-01 00:00:00+00:00
[2025-05-01T10:09:37.656+0000] {logging_mixin.py:190} INFO - [2025-05-01T10:09:37.656+0000] {dag.py:4180} INFO - Setting next_dagrun for read_dataset_event_from_classic to 2025-04-30 00:00:00+00:00, run_after=2025-05-01 00:00:00+00:00
[2025-05-01T10:09:37.666+0000] {processor.py:208} INFO - Processing /home/airflow/.local/lib/python3.11/site-packages/airflow/example_dags/example_inlet_event_extra.py took 0.287 seconds
[2025-05-01T10:10:08.558+0000] {processor.py:186} INFO - Started process (PID=1157) to work on /home/airflow/.local/lib/python3.11/site-packages/airflow/example_dags/example_inlet_event_extra.py
[2025-05-01T10:10:08.561+0000] {processor.py:914} INFO - Processing file /home/airflow/.local/lib/python3.11/site-packages/airflow/example_dags/example_inlet_event_extra.py for tasks to queue
[2025-05-01T10:10:08.563+0000] {logging_mixin.py:190} INFO - [2025-05-01T10:10:08.563+0000] {dagbag.py:588} INFO - Filling up the DagBag from /home/airflow/.local/lib/python3.11/site-packages/airflow/example_dags/example_inlet_event_extra.py
[2025-05-01T10:10:08.751+0000] {processor.py:925} INFO - DAG(s) 'read_dataset_event', 'read_dataset_event_from_classic' retrieved from /home/airflow/.local/lib/python3.11/site-packages/airflow/example_dags/example_inlet_event_extra.py
[2025-05-01T10:10:08.770+0000] {logging_mixin.py:190} INFO - [2025-05-01T10:10:08.770+0000] {dag.py:3239} INFO - Sync 2 DAGs
[2025-05-01T10:10:08.786+0000] {logging_mixin.py:190} INFO - [2025-05-01T10:10:08.786+0000] {dag.py:4180} INFO - Setting next_dagrun for read_dataset_event to 2025-04-30 00:00:00+00:00, run_after=2025-05-01 00:00:00+00:00
[2025-05-01T10:10:08.791+0000] {logging_mixin.py:190} INFO - [2025-05-01T10:10:08.791+0000] {dag.py:4180} INFO - Setting next_dagrun for read_dataset_event_from_classic to 2025-04-30 00:00:00+00:00, run_after=2025-05-01 00:00:00+00:00
[2025-05-01T10:10:08.804+0000] {processor.py:208} INFO - Processing /home/airflow/.local/lib/python3.11/site-packages/airflow/example_dags/example_inlet_event_extra.py took 0.252 seconds
[2025-05-01T10:10:38.902+0000] {processor.py:186} INFO - Started process (PID=1229) to work on /home/airflow/.local/lib/python3.11/site-packages/airflow/example_dags/example_inlet_event_extra.py
[2025-05-01T10:10:38.903+0000] {processor.py:914} INFO - Processing file /home/airflow/.local/lib/python3.11/site-packages/airflow/example_dags/example_inlet_event_extra.py for tasks to queue
[2025-05-01T10:10:38.907+0000] {logging_mixin.py:190} INFO - [2025-05-01T10:10:38.906+0000] {dagbag.py:588} INFO - Filling up the DagBag from /home/airflow/.local/lib/python3.11/site-packages/airflow/example_dags/example_inlet_event_extra.py
[2025-05-01T10:10:39.093+0000] {processor.py:925} INFO - DAG(s) 'read_dataset_event', 'read_dataset_event_from_classic' retrieved from /home/airflow/.local/lib/python3.11/site-packages/airflow/example_dags/example_inlet_event_extra.py
[2025-05-01T10:10:39.108+0000] {logging_mixin.py:190} INFO - [2025-05-01T10:10:39.108+0000] {dag.py:3239} INFO - Sync 2 DAGs
[2025-05-01T10:10:39.128+0000] {logging_mixin.py:190} INFO - [2025-05-01T10:10:39.128+0000] {dag.py:4180} INFO - Setting next_dagrun for read_dataset_event to 2025-04-30 00:00:00+00:00, run_after=2025-05-01 00:00:00+00:00
[2025-05-01T10:10:39.130+0000] {logging_mixin.py:190} INFO - [2025-05-01T10:10:39.130+0000] {dag.py:4180} INFO - Setting next_dagrun for read_dataset_event_from_classic to 2025-04-30 00:00:00+00:00, run_after=2025-05-01 00:00:00+00:00
[2025-05-01T10:10:39.137+0000] {processor.py:208} INFO - Processing /home/airflow/.local/lib/python3.11/site-packages/airflow/example_dags/example_inlet_event_extra.py took 0.242 seconds
[2025-05-01T10:11:09.465+0000] {processor.py:186} INFO - Started process (PID=1302) to work on /home/airflow/.local/lib/python3.11/site-packages/airflow/example_dags/example_inlet_event_extra.py
[2025-05-01T10:11:09.469+0000] {processor.py:914} INFO - Processing file /home/airflow/.local/lib/python3.11/site-packages/airflow/example_dags/example_inlet_event_extra.py for tasks to queue
[2025-05-01T10:11:09.479+0000] {logging_mixin.py:190} INFO - [2025-05-01T10:11:09.479+0000] {dagbag.py:588} INFO - Filling up the DagBag from /home/airflow/.local/lib/python3.11/site-packages/airflow/example_dags/example_inlet_event_extra.py
[2025-05-01T10:11:10.159+0000] {processor.py:925} INFO - DAG(s) 'read_dataset_event', 'read_dataset_event_from_classic' retrieved from /home/airflow/.local/lib/python3.11/site-packages/airflow/example_dags/example_inlet_event_extra.py
[2025-05-01T10:11:10.274+0000] {logging_mixin.py:190} INFO - [2025-05-01T10:11:10.272+0000] {dag.py:3239} INFO - Sync 2 DAGs
[2025-05-01T10:11:10.317+0000] {logging_mixin.py:190} INFO - [2025-05-01T10:11:10.316+0000] {dag.py:4180} INFO - Setting next_dagrun for read_dataset_event to 2025-04-30 00:00:00+00:00, run_after=2025-05-01 00:00:00+00:00
[2025-05-01T10:11:10.321+0000] {logging_mixin.py:190} INFO - [2025-05-01T10:11:10.321+0000] {dag.py:4180} INFO - Setting next_dagrun for read_dataset_event_from_classic to 2025-04-30 00:00:00+00:00, run_after=2025-05-01 00:00:00+00:00
[2025-05-01T10:11:10.341+0000] {processor.py:208} INFO - Processing /home/airflow/.local/lib/python3.11/site-packages/airflow/example_dags/example_inlet_event_extra.py took 0.933 seconds
[2025-05-01T10:21:41.711+0000] {processor.py:186} INFO - Started process (PID=1376) to work on /home/airflow/.local/lib/python3.11/site-packages/airflow/example_dags/example_inlet_event_extra.py
[2025-05-01T10:21:41.712+0000] {processor.py:914} INFO - Processing file /home/airflow/.local/lib/python3.11/site-packages/airflow/example_dags/example_inlet_event_extra.py for tasks to queue
[2025-05-01T10:21:41.713+0000] {logging_mixin.py:190} INFO - [2025-05-01T10:21:41.713+0000] {dagbag.py:588} INFO - Filling up the DagBag from /home/airflow/.local/lib/python3.11/site-packages/airflow/example_dags/example_inlet_event_extra.py
[2025-05-01T10:21:41.933+0000] {processor.py:925} INFO - DAG(s) 'read_dataset_event', 'read_dataset_event_from_classic' retrieved from /home/airflow/.local/lib/python3.11/site-packages/airflow/example_dags/example_inlet_event_extra.py
[2025-05-01T10:21:41.949+0000] {logging_mixin.py:190} INFO - [2025-05-01T10:21:41.948+0000] {dag.py:3239} INFO - Sync 2 DAGs
[2025-05-01T10:21:42.049+0000] {logging_mixin.py:190} INFO - [2025-05-01T10:21:42.049+0000] {dag.py:4180} INFO - Setting next_dagrun for read_dataset_event to 2025-04-30 00:00:00+00:00, run_after=2025-05-01 00:00:00+00:00
[2025-05-01T10:21:42.052+0000] {logging_mixin.py:190} INFO - [2025-05-01T10:21:42.052+0000] {dag.py:4180} INFO - Setting next_dagrun for read_dataset_event_from_classic to 2025-04-30 00:00:00+00:00, run_after=2025-05-01 00:00:00+00:00
[2025-05-01T10:21:42.068+0000] {processor.py:208} INFO - Processing /home/airflow/.local/lib/python3.11/site-packages/airflow/example_dags/example_inlet_event_extra.py took 0.361 seconds
