[2025-05-01T10:02:49.628+0000] {processor.py:186} INFO - Started process (PID=133) to work on /home/airflow/.local/lib/python3.11/site-packages/airflow/example_dags/example_short_circuit_operator.py
[2025-05-01T10:02:49.633+0000] {processor.py:914} INFO - Processing file /home/airflow/.local/lib/python3.11/site-packages/airflow/example_dags/example_short_circuit_operator.py for tasks to queue
[2025-05-01T10:02:49.635+0000] {logging_mixin.py:190} INFO - [2025-05-01T10:02:49.634+0000] {dagbag.py:588} INFO - Filling up the DagBag from /home/airflow/.local/lib/python3.11/site-packages/airflow/example_dags/example_short_circuit_operator.py
[2025-05-01T10:02:49.643+0000] {processor.py:925} INFO - DAG(s) 'example_short_circuit_operator' retrieved from /home/airflow/.local/lib/python3.11/site-packages/airflow/example_dags/example_short_circuit_operator.py
[2025-05-01T10:02:49.656+0000] {logging_mixin.py:190} INFO - [2025-05-01T10:02:49.656+0000] {dag.py:3239} INFO - Sync 1 DAGs
[2025-05-01T10:02:49.668+0000] {logging_mixin.py:190} INFO - [2025-05-01T10:02:49.668+0000] {dag.py:4180} INFO - Setting next_dagrun for example_short_circuit_operator to None, run_after=None
[2025-05-01T10:02:49.677+0000] {processor.py:208} INFO - Processing /home/airflow/.local/lib/python3.11/site-packages/airflow/example_dags/example_short_circuit_operator.py took 0.059 seconds
[2025-05-01T10:03:20.091+0000] {processor.py:186} INFO - Started process (PID=206) to work on /home/airflow/.local/lib/python3.11/site-packages/airflow/example_dags/example_short_circuit_operator.py
[2025-05-01T10:03:20.092+0000] {processor.py:914} INFO - Processing file /home/airflow/.local/lib/python3.11/site-packages/airflow/example_dags/example_short_circuit_operator.py for tasks to queue
[2025-05-01T10:03:20.093+0000] {logging_mixin.py:190} INFO - [2025-05-01T10:03:20.093+0000] {dagbag.py:588} INFO - Filling up the DagBag from /home/airflow/.local/lib/python3.11/site-packages/airflow/example_dags/example_short_circuit_operator.py
[2025-05-01T10:03:20.098+0000] {processor.py:925} INFO - DAG(s) 'example_short_circuit_operator' retrieved from /home/airflow/.local/lib/python3.11/site-packages/airflow/example_dags/example_short_circuit_operator.py
[2025-05-01T10:03:20.112+0000] {logging_mixin.py:190} INFO - [2025-05-01T10:03:20.112+0000] {dag.py:3239} INFO - Sync 1 DAGs
[2025-05-01T10:03:20.126+0000] {logging_mixin.py:190} INFO - [2025-05-01T10:03:20.126+0000] {dag.py:4180} INFO - Setting next_dagrun for example_short_circuit_operator to None, run_after=None
[2025-05-01T10:03:20.136+0000] {processor.py:208} INFO - Processing /home/airflow/.local/lib/python3.11/site-packages/airflow/example_dags/example_short_circuit_operator.py took 0.048 seconds
[2025-05-01T10:03:50.867+0000] {processor.py:186} INFO - Started process (PID=279) to work on /home/airflow/.local/lib/python3.11/site-packages/airflow/example_dags/example_short_circuit_operator.py
[2025-05-01T10:03:50.868+0000] {processor.py:914} INFO - Processing file /home/airflow/.local/lib/python3.11/site-packages/airflow/example_dags/example_short_circuit_operator.py for tasks to queue
[2025-05-01T10:03:50.869+0000] {logging_mixin.py:190} INFO - [2025-05-01T10:03:50.869+0000] {dagbag.py:588} INFO - Filling up the DagBag from /home/airflow/.local/lib/python3.11/site-packages/airflow/example_dags/example_short_circuit_operator.py
[2025-05-01T10:03:50.874+0000] {processor.py:925} INFO - DAG(s) 'example_short_circuit_operator' retrieved from /home/airflow/.local/lib/python3.11/site-packages/airflow/example_dags/example_short_circuit_operator.py
[2025-05-01T10:03:50.888+0000] {logging_mixin.py:190} INFO - [2025-05-01T10:03:50.888+0000] {dag.py:3239} INFO - Sync 1 DAGs
[2025-05-01T10:03:50.895+0000] {logging_mixin.py:190} INFO - [2025-05-01T10:03:50.895+0000] {dag.py:4180} INFO - Setting next_dagrun for example_short_circuit_operator to None, run_after=None
[2025-05-01T10:03:50.907+0000] {processor.py:208} INFO - Processing /home/airflow/.local/lib/python3.11/site-packages/airflow/example_dags/example_short_circuit_operator.py took 0.044 seconds
[2025-05-01T10:04:22.013+0000] {processor.py:186} INFO - Started process (PID=352) to work on /home/airflow/.local/lib/python3.11/site-packages/airflow/example_dags/example_short_circuit_operator.py
[2025-05-01T10:04:22.015+0000] {processor.py:914} INFO - Processing file /home/airflow/.local/lib/python3.11/site-packages/airflow/example_dags/example_short_circuit_operator.py for tasks to queue
[2025-05-01T10:04:22.018+0000] {logging_mixin.py:190} INFO - [2025-05-01T10:04:22.017+0000] {dagbag.py:588} INFO - Filling up the DagBag from /home/airflow/.local/lib/python3.11/site-packages/airflow/example_dags/example_short_circuit_operator.py
[2025-05-01T10:04:22.024+0000] {processor.py:925} INFO - DAG(s) 'example_short_circuit_operator' retrieved from /home/airflow/.local/lib/python3.11/site-packages/airflow/example_dags/example_short_circuit_operator.py
[2025-05-01T10:04:22.042+0000] {logging_mixin.py:190} INFO - [2025-05-01T10:04:22.042+0000] {dag.py:3239} INFO - Sync 1 DAGs
[2025-05-01T10:04:22.050+0000] {logging_mixin.py:190} INFO - [2025-05-01T10:04:22.050+0000] {dag.py:4180} INFO - Setting next_dagrun for example_short_circuit_operator to None, run_after=None
[2025-05-01T10:04:22.064+0000] {processor.py:208} INFO - Processing /home/airflow/.local/lib/python3.11/site-packages/airflow/example_dags/example_short_circuit_operator.py took 0.055 seconds
[2025-05-01T10:04:53.988+0000] {processor.py:186} INFO - Started process (PID=425) to work on /home/airflow/.local/lib/python3.11/site-packages/airflow/example_dags/example_short_circuit_operator.py
[2025-05-01T10:04:53.991+0000] {processor.py:914} INFO - Processing file /home/airflow/.local/lib/python3.11/site-packages/airflow/example_dags/example_short_circuit_operator.py for tasks to queue
[2025-05-01T10:04:53.992+0000] {logging_mixin.py:190} INFO - [2025-05-01T10:04:53.992+0000] {dagbag.py:588} INFO - Filling up the DagBag from /home/airflow/.local/lib/python3.11/site-packages/airflow/example_dags/example_short_circuit_operator.py
[2025-05-01T10:04:54.001+0000] {processor.py:925} INFO - DAG(s) 'example_short_circuit_operator' retrieved from /home/airflow/.local/lib/python3.11/site-packages/airflow/example_dags/example_short_circuit_operator.py
[2025-05-01T10:04:54.029+0000] {logging_mixin.py:190} INFO - [2025-05-01T10:04:54.028+0000] {dag.py:3239} INFO - Sync 1 DAGs
[2025-05-01T10:04:54.065+0000] {logging_mixin.py:190} INFO - [2025-05-01T10:04:54.065+0000] {dag.py:4180} INFO - Setting next_dagrun for example_short_circuit_operator to None, run_after=None
[2025-05-01T10:04:54.091+0000] {processor.py:208} INFO - Processing /home/airflow/.local/lib/python3.11/site-packages/airflow/example_dags/example_short_circuit_operator.py took 0.145 seconds
[2025-05-01T10:05:24.858+0000] {processor.py:186} INFO - Started process (PID=490) to work on /home/airflow/.local/lib/python3.11/site-packages/airflow/example_dags/example_short_circuit_operator.py
[2025-05-01T10:05:24.862+0000] {processor.py:914} INFO - Processing file /home/airflow/.local/lib/python3.11/site-packages/airflow/example_dags/example_short_circuit_operator.py for tasks to queue
[2025-05-01T10:05:24.870+0000] {logging_mixin.py:190} INFO - [2025-05-01T10:05:24.868+0000] {dagbag.py:588} INFO - Filling up the DagBag from /home/airflow/.local/lib/python3.11/site-packages/airflow/example_dags/example_short_circuit_operator.py
[2025-05-01T10:05:24.936+0000] {processor.py:925} INFO - DAG(s) 'example_short_circuit_operator' retrieved from /home/airflow/.local/lib/python3.11/site-packages/airflow/example_dags/example_short_circuit_operator.py
[2025-05-01T10:05:25.023+0000] {logging_mixin.py:190} INFO - [2025-05-01T10:05:25.022+0000] {dag.py:3239} INFO - Sync 1 DAGs
[2025-05-01T10:05:25.053+0000] {logging_mixin.py:190} INFO - [2025-05-01T10:05:25.053+0000] {dag.py:4180} INFO - Setting next_dagrun for example_short_circuit_operator to None, run_after=None
[2025-05-01T10:05:25.087+0000] {processor.py:208} INFO - Processing /home/airflow/.local/lib/python3.11/site-packages/airflow/example_dags/example_short_circuit_operator.py took 0.234 seconds
[2025-05-01T10:05:56.436+0000] {processor.py:186} INFO - Started process (PID=563) to work on /home/airflow/.local/lib/python3.11/site-packages/airflow/example_dags/example_short_circuit_operator.py
[2025-05-01T10:05:56.438+0000] {processor.py:914} INFO - Processing file /home/airflow/.local/lib/python3.11/site-packages/airflow/example_dags/example_short_circuit_operator.py for tasks to queue
[2025-05-01T10:05:56.441+0000] {logging_mixin.py:190} INFO - [2025-05-01T10:05:56.440+0000] {dagbag.py:588} INFO - Filling up the DagBag from /home/airflow/.local/lib/python3.11/site-packages/airflow/example_dags/example_short_circuit_operator.py
[2025-05-01T10:05:56.454+0000] {processor.py:925} INFO - DAG(s) 'example_short_circuit_operator' retrieved from /home/airflow/.local/lib/python3.11/site-packages/airflow/example_dags/example_short_circuit_operator.py
[2025-05-01T10:05:56.482+0000] {logging_mixin.py:190} INFO - [2025-05-01T10:05:56.482+0000] {dag.py:3239} INFO - Sync 1 DAGs
[2025-05-01T10:05:56.502+0000] {logging_mixin.py:190} INFO - [2025-05-01T10:05:56.502+0000] {dag.py:4180} INFO - Setting next_dagrun for example_short_circuit_operator to None, run_after=None
[2025-05-01T10:05:56.512+0000] {processor.py:208} INFO - Processing /home/airflow/.local/lib/python3.11/site-packages/airflow/example_dags/example_short_circuit_operator.py took 0.088 seconds
[2025-05-01T10:06:27.468+0000] {processor.py:186} INFO - Started process (PID=636) to work on /home/airflow/.local/lib/python3.11/site-packages/airflow/example_dags/example_short_circuit_operator.py
[2025-05-01T10:06:27.470+0000] {processor.py:914} INFO - Processing file /home/airflow/.local/lib/python3.11/site-packages/airflow/example_dags/example_short_circuit_operator.py for tasks to queue
[2025-05-01T10:06:27.475+0000] {logging_mixin.py:190} INFO - [2025-05-01T10:06:27.474+0000] {dagbag.py:588} INFO - Filling up the DagBag from /home/airflow/.local/lib/python3.11/site-packages/airflow/example_dags/example_short_circuit_operator.py
[2025-05-01T10:06:27.487+0000] {processor.py:925} INFO - DAG(s) 'example_short_circuit_operator' retrieved from /home/airflow/.local/lib/python3.11/site-packages/airflow/example_dags/example_short_circuit_operator.py
[2025-05-01T10:06:27.521+0000] {logging_mixin.py:190} INFO - [2025-05-01T10:06:27.520+0000] {dag.py:3239} INFO - Sync 1 DAGs
[2025-05-01T10:06:27.534+0000] {logging_mixin.py:190} INFO - [2025-05-01T10:06:27.534+0000] {dag.py:4180} INFO - Setting next_dagrun for example_short_circuit_operator to None, run_after=None
[2025-05-01T10:06:27.552+0000] {processor.py:208} INFO - Processing /home/airflow/.local/lib/python3.11/site-packages/airflow/example_dags/example_short_circuit_operator.py took 0.093 seconds
[2025-05-01T10:07:00.665+0000] {processor.py:186} INFO - Started process (PID=709) to work on /home/airflow/.local/lib/python3.11/site-packages/airflow/example_dags/example_short_circuit_operator.py
[2025-05-01T10:07:00.666+0000] {processor.py:914} INFO - Processing file /home/airflow/.local/lib/python3.11/site-packages/airflow/example_dags/example_short_circuit_operator.py for tasks to queue
[2025-05-01T10:07:00.667+0000] {logging_mixin.py:190} INFO - [2025-05-01T10:07:00.667+0000] {dagbag.py:588} INFO - Filling up the DagBag from /home/airflow/.local/lib/python3.11/site-packages/airflow/example_dags/example_short_circuit_operator.py
[2025-05-01T10:07:00.673+0000] {processor.py:925} INFO - DAG(s) 'example_short_circuit_operator' retrieved from /home/airflow/.local/lib/python3.11/site-packages/airflow/example_dags/example_short_circuit_operator.py
[2025-05-01T10:07:00.698+0000] {logging_mixin.py:190} INFO - [2025-05-01T10:07:00.698+0000] {dag.py:3239} INFO - Sync 1 DAGs
[2025-05-01T10:07:00.710+0000] {logging_mixin.py:190} INFO - [2025-05-01T10:07:00.710+0000] {dag.py:4180} INFO - Setting next_dagrun for example_short_circuit_operator to None, run_after=None
[2025-05-01T10:07:00.727+0000] {processor.py:208} INFO - Processing /home/airflow/.local/lib/python3.11/site-packages/airflow/example_dags/example_short_circuit_operator.py took 0.067 seconds
[2025-05-01T10:07:31.182+0000] {processor.py:186} INFO - Started process (PID=782) to work on /home/airflow/.local/lib/python3.11/site-packages/airflow/example_dags/example_short_circuit_operator.py
[2025-05-01T10:07:31.185+0000] {processor.py:914} INFO - Processing file /home/airflow/.local/lib/python3.11/site-packages/airflow/example_dags/example_short_circuit_operator.py for tasks to queue
[2025-05-01T10:07:31.186+0000] {logging_mixin.py:190} INFO - [2025-05-01T10:07:31.186+0000] {dagbag.py:588} INFO - Filling up the DagBag from /home/airflow/.local/lib/python3.11/site-packages/airflow/example_dags/example_short_circuit_operator.py
[2025-05-01T10:07:31.193+0000] {processor.py:925} INFO - DAG(s) 'example_short_circuit_operator' retrieved from /home/airflow/.local/lib/python3.11/site-packages/airflow/example_dags/example_short_circuit_operator.py
[2025-05-01T10:07:31.211+0000] {logging_mixin.py:190} INFO - [2025-05-01T10:07:31.211+0000] {dag.py:3239} INFO - Sync 1 DAGs
[2025-05-01T10:07:31.219+0000] {logging_mixin.py:190} INFO - [2025-05-01T10:07:31.219+0000] {dag.py:4180} INFO - Setting next_dagrun for example_short_circuit_operator to None, run_after=None
[2025-05-01T10:07:31.226+0000] {processor.py:208} INFO - Processing /home/airflow/.local/lib/python3.11/site-packages/airflow/example_dags/example_short_circuit_operator.py took 0.048 seconds
[2025-05-01T10:08:01.432+0000] {processor.py:186} INFO - Started process (PID=855) to work on /home/airflow/.local/lib/python3.11/site-packages/airflow/example_dags/example_short_circuit_operator.py
[2025-05-01T10:08:01.433+0000] {processor.py:914} INFO - Processing file /home/airflow/.local/lib/python3.11/site-packages/airflow/example_dags/example_short_circuit_operator.py for tasks to queue
[2025-05-01T10:08:01.434+0000] {logging_mixin.py:190} INFO - [2025-05-01T10:08:01.434+0000] {dagbag.py:588} INFO - Filling up the DagBag from /home/airflow/.local/lib/python3.11/site-packages/airflow/example_dags/example_short_circuit_operator.py
[2025-05-01T10:08:01.439+0000] {processor.py:925} INFO - DAG(s) 'example_short_circuit_operator' retrieved from /home/airflow/.local/lib/python3.11/site-packages/airflow/example_dags/example_short_circuit_operator.py
[2025-05-01T10:08:01.460+0000] {logging_mixin.py:190} INFO - [2025-05-01T10:08:01.460+0000] {dag.py:3239} INFO - Sync 1 DAGs
[2025-05-01T10:08:01.470+0000] {logging_mixin.py:190} INFO - [2025-05-01T10:08:01.470+0000] {dag.py:4180} INFO - Setting next_dagrun for example_short_circuit_operator to None, run_after=None
[2025-05-01T10:08:01.485+0000] {processor.py:208} INFO - Processing /home/airflow/.local/lib/python3.11/site-packages/airflow/example_dags/example_short_circuit_operator.py took 0.057 seconds
[2025-05-01T10:08:32.512+0000] {processor.py:186} INFO - Started process (PID=928) to work on /home/airflow/.local/lib/python3.11/site-packages/airflow/example_dags/example_short_circuit_operator.py
[2025-05-01T10:08:32.513+0000] {processor.py:914} INFO - Processing file /home/airflow/.local/lib/python3.11/site-packages/airflow/example_dags/example_short_circuit_operator.py for tasks to queue
[2025-05-01T10:08:32.514+0000] {logging_mixin.py:190} INFO - [2025-05-01T10:08:32.514+0000] {dagbag.py:588} INFO - Filling up the DagBag from /home/airflow/.local/lib/python3.11/site-packages/airflow/example_dags/example_short_circuit_operator.py
[2025-05-01T10:08:32.518+0000] {processor.py:925} INFO - DAG(s) 'example_short_circuit_operator' retrieved from /home/airflow/.local/lib/python3.11/site-packages/airflow/example_dags/example_short_circuit_operator.py
[2025-05-01T10:08:32.531+0000] {logging_mixin.py:190} INFO - [2025-05-01T10:08:32.531+0000] {dag.py:3239} INFO - Sync 1 DAGs
[2025-05-01T10:08:32.539+0000] {logging_mixin.py:190} INFO - [2025-05-01T10:08:32.539+0000] {dag.py:4180} INFO - Setting next_dagrun for example_short_circuit_operator to None, run_after=None
[2025-05-01T10:08:32.549+0000] {processor.py:208} INFO - Processing /home/airflow/.local/lib/python3.11/site-packages/airflow/example_dags/example_short_circuit_operator.py took 0.040 seconds
[2025-05-01T10:09:02.690+0000] {processor.py:186} INFO - Started process (PID=1000) to work on /home/airflow/.local/lib/python3.11/site-packages/airflow/example_dags/example_short_circuit_operator.py
[2025-05-01T10:09:02.690+0000] {processor.py:914} INFO - Processing file /home/airflow/.local/lib/python3.11/site-packages/airflow/example_dags/example_short_circuit_operator.py for tasks to queue
[2025-05-01T10:09:02.691+0000] {logging_mixin.py:190} INFO - [2025-05-01T10:09:02.691+0000] {dagbag.py:588} INFO - Filling up the DagBag from /home/airflow/.local/lib/python3.11/site-packages/airflow/example_dags/example_short_circuit_operator.py
[2025-05-01T10:09:02.698+0000] {processor.py:925} INFO - DAG(s) 'example_short_circuit_operator' retrieved from /home/airflow/.local/lib/python3.11/site-packages/airflow/example_dags/example_short_circuit_operator.py
[2025-05-01T10:09:02.714+0000] {logging_mixin.py:190} INFO - [2025-05-01T10:09:02.714+0000] {dag.py:3239} INFO - Sync 1 DAGs
[2025-05-01T10:09:02.721+0000] {logging_mixin.py:190} INFO - [2025-05-01T10:09:02.721+0000] {dag.py:4180} INFO - Setting next_dagrun for example_short_circuit_operator to None, run_after=None
[2025-05-01T10:09:02.729+0000] {processor.py:208} INFO - Processing /home/airflow/.local/lib/python3.11/site-packages/airflow/example_dags/example_short_circuit_operator.py took 0.043 seconds
[2025-05-01T10:09:32.953+0000] {processor.py:186} INFO - Started process (PID=1073) to work on /home/airflow/.local/lib/python3.11/site-packages/airflow/example_dags/example_short_circuit_operator.py
[2025-05-01T10:09:32.953+0000] {processor.py:914} INFO - Processing file /home/airflow/.local/lib/python3.11/site-packages/airflow/example_dags/example_short_circuit_operator.py for tasks to queue
[2025-05-01T10:09:32.954+0000] {logging_mixin.py:190} INFO - [2025-05-01T10:09:32.954+0000] {dagbag.py:588} INFO - Filling up the DagBag from /home/airflow/.local/lib/python3.11/site-packages/airflow/example_dags/example_short_circuit_operator.py
[2025-05-01T10:09:32.958+0000] {processor.py:925} INFO - DAG(s) 'example_short_circuit_operator' retrieved from /home/airflow/.local/lib/python3.11/site-packages/airflow/example_dags/example_short_circuit_operator.py
[2025-05-01T10:09:32.967+0000] {logging_mixin.py:190} INFO - [2025-05-01T10:09:32.967+0000] {dag.py:3239} INFO - Sync 1 DAGs
[2025-05-01T10:09:32.973+0000] {logging_mixin.py:190} INFO - [2025-05-01T10:09:32.973+0000] {dag.py:4180} INFO - Setting next_dagrun for example_short_circuit_operator to None, run_after=None
[2025-05-01T10:09:32.979+0000] {processor.py:208} INFO - Processing /home/airflow/.local/lib/python3.11/site-packages/airflow/example_dags/example_short_circuit_operator.py took 0.029 seconds
[2025-05-01T10:10:03.149+0000] {processor.py:186} INFO - Started process (PID=1146) to work on /home/airflow/.local/lib/python3.11/site-packages/airflow/example_dags/example_short_circuit_operator.py
[2025-05-01T10:10:03.150+0000] {processor.py:914} INFO - Processing file /home/airflow/.local/lib/python3.11/site-packages/airflow/example_dags/example_short_circuit_operator.py for tasks to queue
[2025-05-01T10:10:03.152+0000] {logging_mixin.py:190} INFO - [2025-05-01T10:10:03.152+0000] {dagbag.py:588} INFO - Filling up the DagBag from /home/airflow/.local/lib/python3.11/site-packages/airflow/example_dags/example_short_circuit_operator.py
[2025-05-01T10:10:03.157+0000] {processor.py:925} INFO - DAG(s) 'example_short_circuit_operator' retrieved from /home/airflow/.local/lib/python3.11/site-packages/airflow/example_dags/example_short_circuit_operator.py
[2025-05-01T10:10:03.168+0000] {logging_mixin.py:190} INFO - [2025-05-01T10:10:03.168+0000] {dag.py:3239} INFO - Sync 1 DAGs
[2025-05-01T10:10:03.176+0000] {logging_mixin.py:190} INFO - [2025-05-01T10:10:03.176+0000] {dag.py:4180} INFO - Setting next_dagrun for example_short_circuit_operator to None, run_after=None
[2025-05-01T10:10:03.185+0000] {processor.py:208} INFO - Processing /home/airflow/.local/lib/python3.11/site-packages/airflow/example_dags/example_short_circuit_operator.py took 0.040 seconds
[2025-05-01T10:10:33.394+0000] {processor.py:186} INFO - Started process (PID=1219) to work on /home/airflow/.local/lib/python3.11/site-packages/airflow/example_dags/example_short_circuit_operator.py
[2025-05-01T10:10:33.394+0000] {processor.py:914} INFO - Processing file /home/airflow/.local/lib/python3.11/site-packages/airflow/example_dags/example_short_circuit_operator.py for tasks to queue
[2025-05-01T10:10:33.396+0000] {logging_mixin.py:190} INFO - [2025-05-01T10:10:33.396+0000] {dagbag.py:588} INFO - Filling up the DagBag from /home/airflow/.local/lib/python3.11/site-packages/airflow/example_dags/example_short_circuit_operator.py
[2025-05-01T10:10:33.403+0000] {processor.py:925} INFO - DAG(s) 'example_short_circuit_operator' retrieved from /home/airflow/.local/lib/python3.11/site-packages/airflow/example_dags/example_short_circuit_operator.py
[2025-05-01T10:10:33.418+0000] {logging_mixin.py:190} INFO - [2025-05-01T10:10:33.417+0000] {dag.py:3239} INFO - Sync 1 DAGs
[2025-05-01T10:10:33.427+0000] {logging_mixin.py:190} INFO - [2025-05-01T10:10:33.427+0000] {dag.py:4180} INFO - Setting next_dagrun for example_short_circuit_operator to None, run_after=None
[2025-05-01T10:10:33.434+0000] {processor.py:208} INFO - Processing /home/airflow/.local/lib/python3.11/site-packages/airflow/example_dags/example_short_circuit_operator.py took 0.045 seconds
[2025-05-01T10:11:03.855+0000] {processor.py:186} INFO - Started process (PID=1292) to work on /home/airflow/.local/lib/python3.11/site-packages/airflow/example_dags/example_short_circuit_operator.py
[2025-05-01T10:11:03.856+0000] {processor.py:914} INFO - Processing file /home/airflow/.local/lib/python3.11/site-packages/airflow/example_dags/example_short_circuit_operator.py for tasks to queue
[2025-05-01T10:11:03.858+0000] {logging_mixin.py:190} INFO - [2025-05-01T10:11:03.858+0000] {dagbag.py:588} INFO - Filling up the DagBag from /home/airflow/.local/lib/python3.11/site-packages/airflow/example_dags/example_short_circuit_operator.py
[2025-05-01T10:11:03.864+0000] {processor.py:925} INFO - DAG(s) 'example_short_circuit_operator' retrieved from /home/airflow/.local/lib/python3.11/site-packages/airflow/example_dags/example_short_circuit_operator.py
[2025-05-01T10:11:03.875+0000] {logging_mixin.py:190} INFO - [2025-05-01T10:11:03.875+0000] {dag.py:3239} INFO - Sync 1 DAGs
[2025-05-01T10:11:03.882+0000] {logging_mixin.py:190} INFO - [2025-05-01T10:11:03.882+0000] {dag.py:4180} INFO - Setting next_dagrun for example_short_circuit_operator to None, run_after=None
[2025-05-01T10:11:03.889+0000] {processor.py:208} INFO - Processing /home/airflow/.local/lib/python3.11/site-packages/airflow/example_dags/example_short_circuit_operator.py took 0.037 seconds
[2025-05-01T10:21:41.243+0000] {processor.py:186} INFO - Started process (PID=1365) to work on /home/airflow/.local/lib/python3.11/site-packages/airflow/example_dags/example_short_circuit_operator.py
[2025-05-01T10:21:41.244+0000] {processor.py:914} INFO - Processing file /home/airflow/.local/lib/python3.11/site-packages/airflow/example_dags/example_short_circuit_operator.py for tasks to queue
[2025-05-01T10:21:41.246+0000] {logging_mixin.py:190} INFO - [2025-05-01T10:21:41.245+0000] {dagbag.py:588} INFO - Filling up the DagBag from /home/airflow/.local/lib/python3.11/site-packages/airflow/example_dags/example_short_circuit_operator.py
[2025-05-01T10:21:41.250+0000] {processor.py:925} INFO - DAG(s) 'example_short_circuit_operator' retrieved from /home/airflow/.local/lib/python3.11/site-packages/airflow/example_dags/example_short_circuit_operator.py
[2025-05-01T10:21:41.266+0000] {logging_mixin.py:190} INFO - [2025-05-01T10:21:41.266+0000] {dag.py:3239} INFO - Sync 1 DAGs
[2025-05-01T10:21:41.274+0000] {logging_mixin.py:190} INFO - [2025-05-01T10:21:41.274+0000] {dag.py:4180} INFO - Setting next_dagrun for example_short_circuit_operator to None, run_after=None
[2025-05-01T10:21:41.282+0000] {processor.py:208} INFO - Processing /home/airflow/.local/lib/python3.11/site-packages/airflow/example_dags/example_short_circuit_operator.py took 0.042 seconds
