[2025-05-01T10:02:49.814+0000] {processor.py:186} INFO - Started process (PID=136) to work on /home/airflow/.local/lib/python3.11/site-packages/airflow/example_dags/example_params_trigger_ui.py
[2025-05-01T10:02:49.817+0000] {processor.py:914} INFO - Processing file /home/airflow/.local/lib/python3.11/site-packages/airflow/example_dags/example_params_trigger_ui.py for tasks to queue
[2025-05-01T10:02:49.819+0000] {logging_mixin.py:190} INFO - [2025-05-01T10:02:49.818+0000] {dagbag.py:588} INFO - Filling up the DagBag from /home/airflow/.local/lib/python3.11/site-packages/airflow/example_dags/example_params_trigger_ui.py
[2025-05-01T10:02:49.830+0000] {processor.py:925} INFO - DAG(s) 'example_params_trigger_ui' retrieved from /home/airflow/.local/lib/python3.11/site-packages/airflow/example_dags/example_params_trigger_ui.py
[2025-05-01T10:02:49.855+0000] {logging_mixin.py:190} INFO - [2025-05-01T10:02:49.855+0000] {dag.py:3239} INFO - Sync 1 DAGs
[2025-05-01T10:02:49.864+0000] {logging_mixin.py:190} INFO - [2025-05-01T10:02:49.864+0000] {dag.py:4180} INFO - Setting next_dagrun for example_params_trigger_ui to None, run_after=None
[2025-05-01T10:02:49.876+0000] {processor.py:208} INFO - Processing /home/airflow/.local/lib/python3.11/site-packages/airflow/example_dags/example_params_trigger_ui.py took 0.072 seconds
[2025-05-01T10:03:20.199+0000] {processor.py:186} INFO - Started process (PID=209) to work on /home/airflow/.local/lib/python3.11/site-packages/airflow/example_dags/example_params_trigger_ui.py
[2025-05-01T10:03:20.202+0000] {processor.py:914} INFO - Processing file /home/airflow/.local/lib/python3.11/site-packages/airflow/example_dags/example_params_trigger_ui.py for tasks to queue
[2025-05-01T10:03:20.204+0000] {logging_mixin.py:190} INFO - [2025-05-01T10:03:20.204+0000] {dagbag.py:588} INFO - Filling up the DagBag from /home/airflow/.local/lib/python3.11/site-packages/airflow/example_dags/example_params_trigger_ui.py
[2025-05-01T10:03:20.213+0000] {processor.py:925} INFO - DAG(s) 'example_params_trigger_ui' retrieved from /home/airflow/.local/lib/python3.11/site-packages/airflow/example_dags/example_params_trigger_ui.py
[2025-05-01T10:03:20.240+0000] {logging_mixin.py:190} INFO - [2025-05-01T10:03:20.239+0000] {dag.py:3239} INFO - Sync 1 DAGs
[2025-05-01T10:03:20.247+0000] {logging_mixin.py:190} INFO - [2025-05-01T10:03:20.247+0000] {dag.py:4180} INFO - Setting next_dagrun for example_params_trigger_ui to None, run_after=None
[2025-05-01T10:03:20.256+0000] {processor.py:208} INFO - Processing /home/airflow/.local/lib/python3.11/site-packages/airflow/example_dags/example_params_trigger_ui.py took 0.061 seconds
[2025-05-01T10:03:50.952+0000] {processor.py:186} INFO - Started process (PID=282) to work on /home/airflow/.local/lib/python3.11/site-packages/airflow/example_dags/example_params_trigger_ui.py
[2025-05-01T10:03:50.955+0000] {processor.py:914} INFO - Processing file /home/airflow/.local/lib/python3.11/site-packages/airflow/example_dags/example_params_trigger_ui.py for tasks to queue
[2025-05-01T10:03:50.957+0000] {logging_mixin.py:190} INFO - [2025-05-01T10:03:50.957+0000] {dagbag.py:588} INFO - Filling up the DagBag from /home/airflow/.local/lib/python3.11/site-packages/airflow/example_dags/example_params_trigger_ui.py
[2025-05-01T10:03:50.963+0000] {processor.py:925} INFO - DAG(s) 'example_params_trigger_ui' retrieved from /home/airflow/.local/lib/python3.11/site-packages/airflow/example_dags/example_params_trigger_ui.py
[2025-05-01T10:03:50.989+0000] {logging_mixin.py:190} INFO - [2025-05-01T10:03:50.989+0000] {dag.py:3239} INFO - Sync 1 DAGs
[2025-05-01T10:03:50.999+0000] {logging_mixin.py:190} INFO - [2025-05-01T10:03:50.999+0000] {dag.py:4180} INFO - Setting next_dagrun for example_params_trigger_ui to None, run_after=None
[2025-05-01T10:03:51.013+0000] {processor.py:208} INFO - Processing /home/airflow/.local/lib/python3.11/site-packages/airflow/example_dags/example_params_trigger_ui.py took 0.063 seconds
[2025-05-01T10:04:22.137+0000] {processor.py:186} INFO - Started process (PID=355) to work on /home/airflow/.local/lib/python3.11/site-packages/airflow/example_dags/example_params_trigger_ui.py
[2025-05-01T10:04:22.138+0000] {processor.py:914} INFO - Processing file /home/airflow/.local/lib/python3.11/site-packages/airflow/example_dags/example_params_trigger_ui.py for tasks to queue
[2025-05-01T10:04:22.140+0000] {logging_mixin.py:190} INFO - [2025-05-01T10:04:22.140+0000] {dagbag.py:588} INFO - Filling up the DagBag from /home/airflow/.local/lib/python3.11/site-packages/airflow/example_dags/example_params_trigger_ui.py
[2025-05-01T10:04:22.146+0000] {processor.py:925} INFO - DAG(s) 'example_params_trigger_ui' retrieved from /home/airflow/.local/lib/python3.11/site-packages/airflow/example_dags/example_params_trigger_ui.py
[2025-05-01T10:04:22.183+0000] {logging_mixin.py:190} INFO - [2025-05-01T10:04:22.183+0000] {dag.py:3239} INFO - Sync 1 DAGs
[2025-05-01T10:04:22.196+0000] {logging_mixin.py:190} INFO - [2025-05-01T10:04:22.196+0000] {dag.py:4180} INFO - Setting next_dagrun for example_params_trigger_ui to None, run_after=None
[2025-05-01T10:04:22.209+0000] {processor.py:208} INFO - Processing /home/airflow/.local/lib/python3.11/site-packages/airflow/example_dags/example_params_trigger_ui.py took 0.077 seconds
[2025-05-01T10:04:54.552+0000] {processor.py:186} INFO - Started process (PID=428) to work on /home/airflow/.local/lib/python3.11/site-packages/airflow/example_dags/example_params_trigger_ui.py
[2025-05-01T10:04:54.553+0000] {processor.py:914} INFO - Processing file /home/airflow/.local/lib/python3.11/site-packages/airflow/example_dags/example_params_trigger_ui.py for tasks to queue
[2025-05-01T10:04:54.556+0000] {logging_mixin.py:190} INFO - [2025-05-01T10:04:54.556+0000] {dagbag.py:588} INFO - Filling up the DagBag from /home/airflow/.local/lib/python3.11/site-packages/airflow/example_dags/example_params_trigger_ui.py
[2025-05-01T10:04:54.572+0000] {processor.py:925} INFO - DAG(s) 'example_params_trigger_ui' retrieved from /home/airflow/.local/lib/python3.11/site-packages/airflow/example_dags/example_params_trigger_ui.py
[2025-05-01T10:04:54.617+0000] {logging_mixin.py:190} INFO - [2025-05-01T10:04:54.616+0000] {dag.py:3239} INFO - Sync 1 DAGs
[2025-05-01T10:04:54.637+0000] {logging_mixin.py:190} INFO - [2025-05-01T10:04:54.636+0000] {dag.py:4180} INFO - Setting next_dagrun for example_params_trigger_ui to None, run_after=None
[2025-05-01T10:04:54.659+0000] {processor.py:208} INFO - Processing /home/airflow/.local/lib/python3.11/site-packages/airflow/example_dags/example_params_trigger_ui.py took 0.117 seconds
[2025-05-01T10:05:25.233+0000] {processor.py:186} INFO - Started process (PID=493) to work on /home/airflow/.local/lib/python3.11/site-packages/airflow/example_dags/example_params_trigger_ui.py
[2025-05-01T10:05:25.239+0000] {processor.py:914} INFO - Processing file /home/airflow/.local/lib/python3.11/site-packages/airflow/example_dags/example_params_trigger_ui.py for tasks to queue
[2025-05-01T10:05:25.241+0000] {logging_mixin.py:190} INFO - [2025-05-01T10:05:25.241+0000] {dagbag.py:588} INFO - Filling up the DagBag from /home/airflow/.local/lib/python3.11/site-packages/airflow/example_dags/example_params_trigger_ui.py
[2025-05-01T10:05:25.250+0000] {processor.py:925} INFO - DAG(s) 'example_params_trigger_ui' retrieved from /home/airflow/.local/lib/python3.11/site-packages/airflow/example_dags/example_params_trigger_ui.py
[2025-05-01T10:05:25.277+0000] {logging_mixin.py:190} INFO - [2025-05-01T10:05:25.277+0000] {dag.py:3239} INFO - Sync 1 DAGs
[2025-05-01T10:05:25.291+0000] {logging_mixin.py:190} INFO - [2025-05-01T10:05:25.291+0000] {dag.py:4180} INFO - Setting next_dagrun for example_params_trigger_ui to None, run_after=None
[2025-05-01T10:05:25.324+0000] {processor.py:208} INFO - Processing /home/airflow/.local/lib/python3.11/site-packages/airflow/example_dags/example_params_trigger_ui.py took 0.101 seconds
[2025-05-01T10:05:56.606+0000] {processor.py:186} INFO - Started process (PID=566) to work on /home/airflow/.local/lib/python3.11/site-packages/airflow/example_dags/example_params_trigger_ui.py
[2025-05-01T10:05:56.608+0000] {processor.py:914} INFO - Processing file /home/airflow/.local/lib/python3.11/site-packages/airflow/example_dags/example_params_trigger_ui.py for tasks to queue
[2025-05-01T10:05:56.613+0000] {logging_mixin.py:190} INFO - [2025-05-01T10:05:56.613+0000] {dagbag.py:588} INFO - Filling up the DagBag from /home/airflow/.local/lib/python3.11/site-packages/airflow/example_dags/example_params_trigger_ui.py
[2025-05-01T10:05:56.625+0000] {processor.py:925} INFO - DAG(s) 'example_params_trigger_ui' retrieved from /home/airflow/.local/lib/python3.11/site-packages/airflow/example_dags/example_params_trigger_ui.py
[2025-05-01T10:05:56.674+0000] {logging_mixin.py:190} INFO - [2025-05-01T10:05:56.674+0000] {dag.py:3239} INFO - Sync 1 DAGs
[2025-05-01T10:05:56.689+0000] {logging_mixin.py:190} INFO - [2025-05-01T10:05:56.689+0000] {dag.py:4180} INFO - Setting next_dagrun for example_params_trigger_ui to None, run_after=None
[2025-05-01T10:05:56.703+0000] {processor.py:208} INFO - Processing /home/airflow/.local/lib/python3.11/site-packages/airflow/example_dags/example_params_trigger_ui.py took 0.110 seconds
[2025-05-01T10:06:27.648+0000] {processor.py:186} INFO - Started process (PID=639) to work on /home/airflow/.local/lib/python3.11/site-packages/airflow/example_dags/example_params_trigger_ui.py
[2025-05-01T10:06:27.649+0000] {processor.py:914} INFO - Processing file /home/airflow/.local/lib/python3.11/site-packages/airflow/example_dags/example_params_trigger_ui.py for tasks to queue
[2025-05-01T10:06:27.651+0000] {logging_mixin.py:190} INFO - [2025-05-01T10:06:27.651+0000] {dagbag.py:588} INFO - Filling up the DagBag from /home/airflow/.local/lib/python3.11/site-packages/airflow/example_dags/example_params_trigger_ui.py
[2025-05-01T10:06:27.659+0000] {processor.py:925} INFO - DAG(s) 'example_params_trigger_ui' retrieved from /home/airflow/.local/lib/python3.11/site-packages/airflow/example_dags/example_params_trigger_ui.py
[2025-05-01T10:06:27.688+0000] {logging_mixin.py:190} INFO - [2025-05-01T10:06:27.688+0000] {dag.py:3239} INFO - Sync 1 DAGs
[2025-05-01T10:06:27.697+0000] {logging_mixin.py:190} INFO - [2025-05-01T10:06:27.697+0000] {dag.py:4180} INFO - Setting next_dagrun for example_params_trigger_ui to None, run_after=None
[2025-05-01T10:06:27.707+0000] {processor.py:208} INFO - Processing /home/airflow/.local/lib/python3.11/site-packages/airflow/example_dags/example_params_trigger_ui.py took 0.069 seconds
[2025-05-01T10:07:00.792+0000] {processor.py:186} INFO - Started process (PID=712) to work on /home/airflow/.local/lib/python3.11/site-packages/airflow/example_dags/example_params_trigger_ui.py
[2025-05-01T10:07:00.795+0000] {processor.py:914} INFO - Processing file /home/airflow/.local/lib/python3.11/site-packages/airflow/example_dags/example_params_trigger_ui.py for tasks to queue
[2025-05-01T10:07:00.798+0000] {logging_mixin.py:190} INFO - [2025-05-01T10:07:00.798+0000] {dagbag.py:588} INFO - Filling up the DagBag from /home/airflow/.local/lib/python3.11/site-packages/airflow/example_dags/example_params_trigger_ui.py
[2025-05-01T10:07:00.811+0000] {processor.py:925} INFO - DAG(s) 'example_params_trigger_ui' retrieved from /home/airflow/.local/lib/python3.11/site-packages/airflow/example_dags/example_params_trigger_ui.py
[2025-05-01T10:07:00.848+0000] {logging_mixin.py:190} INFO - [2025-05-01T10:07:00.848+0000] {dag.py:3239} INFO - Sync 1 DAGs
[2025-05-01T10:07:00.866+0000] {logging_mixin.py:190} INFO - [2025-05-01T10:07:00.866+0000] {dag.py:4180} INFO - Setting next_dagrun for example_params_trigger_ui to None, run_after=None
[2025-05-01T10:07:00.882+0000] {processor.py:208} INFO - Processing /home/airflow/.local/lib/python3.11/site-packages/airflow/example_dags/example_params_trigger_ui.py took 0.096 seconds
[2025-05-01T10:07:31.285+0000] {processor.py:186} INFO - Started process (PID=785) to work on /home/airflow/.local/lib/python3.11/site-packages/airflow/example_dags/example_params_trigger_ui.py
[2025-05-01T10:07:31.287+0000] {processor.py:914} INFO - Processing file /home/airflow/.local/lib/python3.11/site-packages/airflow/example_dags/example_params_trigger_ui.py for tasks to queue
[2025-05-01T10:07:31.288+0000] {logging_mixin.py:190} INFO - [2025-05-01T10:07:31.288+0000] {dagbag.py:588} INFO - Filling up the DagBag from /home/airflow/.local/lib/python3.11/site-packages/airflow/example_dags/example_params_trigger_ui.py
[2025-05-01T10:07:31.294+0000] {processor.py:925} INFO - DAG(s) 'example_params_trigger_ui' retrieved from /home/airflow/.local/lib/python3.11/site-packages/airflow/example_dags/example_params_trigger_ui.py
[2025-05-01T10:07:31.315+0000] {logging_mixin.py:190} INFO - [2025-05-01T10:07:31.315+0000] {dag.py:3239} INFO - Sync 1 DAGs
[2025-05-01T10:07:31.321+0000] {logging_mixin.py:190} INFO - [2025-05-01T10:07:31.321+0000] {dag.py:4180} INFO - Setting next_dagrun for example_params_trigger_ui to None, run_after=None
[2025-05-01T10:07:31.331+0000] {processor.py:208} INFO - Processing /home/airflow/.local/lib/python3.11/site-packages/airflow/example_dags/example_params_trigger_ui.py took 0.049 seconds
[2025-05-01T10:08:01.522+0000] {processor.py:186} INFO - Started process (PID=858) to work on /home/airflow/.local/lib/python3.11/site-packages/airflow/example_dags/example_params_trigger_ui.py
[2025-05-01T10:08:01.525+0000] {processor.py:914} INFO - Processing file /home/airflow/.local/lib/python3.11/site-packages/airflow/example_dags/example_params_trigger_ui.py for tasks to queue
[2025-05-01T10:08:01.527+0000] {logging_mixin.py:190} INFO - [2025-05-01T10:08:01.527+0000] {dagbag.py:588} INFO - Filling up the DagBag from /home/airflow/.local/lib/python3.11/site-packages/airflow/example_dags/example_params_trigger_ui.py
[2025-05-01T10:08:01.534+0000] {processor.py:925} INFO - DAG(s) 'example_params_trigger_ui' retrieved from /home/airflow/.local/lib/python3.11/site-packages/airflow/example_dags/example_params_trigger_ui.py
[2025-05-01T10:08:01.559+0000] {logging_mixin.py:190} INFO - [2025-05-01T10:08:01.559+0000] {dag.py:3239} INFO - Sync 1 DAGs
[2025-05-01T10:08:01.566+0000] {logging_mixin.py:190} INFO - [2025-05-01T10:08:01.566+0000] {dag.py:4180} INFO - Setting next_dagrun for example_params_trigger_ui to None, run_after=None
[2025-05-01T10:08:01.574+0000] {processor.py:208} INFO - Processing /home/airflow/.local/lib/python3.11/site-packages/airflow/example_dags/example_params_trigger_ui.py took 0.055 seconds
[2025-05-01T10:08:32.596+0000] {processor.py:186} INFO - Started process (PID=931) to work on /home/airflow/.local/lib/python3.11/site-packages/airflow/example_dags/example_params_trigger_ui.py
[2025-05-01T10:08:32.598+0000] {processor.py:914} INFO - Processing file /home/airflow/.local/lib/python3.11/site-packages/airflow/example_dags/example_params_trigger_ui.py for tasks to queue
[2025-05-01T10:08:32.599+0000] {logging_mixin.py:190} INFO - [2025-05-01T10:08:32.599+0000] {dagbag.py:588} INFO - Filling up the DagBag from /home/airflow/.local/lib/python3.11/site-packages/airflow/example_dags/example_params_trigger_ui.py
[2025-05-01T10:08:32.606+0000] {processor.py:925} INFO - DAG(s) 'example_params_trigger_ui' retrieved from /home/airflow/.local/lib/python3.11/site-packages/airflow/example_dags/example_params_trigger_ui.py
[2025-05-01T10:08:32.628+0000] {logging_mixin.py:190} INFO - [2025-05-01T10:08:32.628+0000] {dag.py:3239} INFO - Sync 1 DAGs
[2025-05-01T10:08:32.636+0000] {logging_mixin.py:190} INFO - [2025-05-01T10:08:32.636+0000] {dag.py:4180} INFO - Setting next_dagrun for example_params_trigger_ui to None, run_after=None
[2025-05-01T10:08:32.646+0000] {processor.py:208} INFO - Processing /home/airflow/.local/lib/python3.11/site-packages/airflow/example_dags/example_params_trigger_ui.py took 0.054 seconds
[2025-05-01T10:09:02.776+0000] {processor.py:186} INFO - Started process (PID=1003) to work on /home/airflow/.local/lib/python3.11/site-packages/airflow/example_dags/example_params_trigger_ui.py
[2025-05-01T10:09:02.778+0000] {processor.py:914} INFO - Processing file /home/airflow/.local/lib/python3.11/site-packages/airflow/example_dags/example_params_trigger_ui.py for tasks to queue
[2025-05-01T10:09:02.780+0000] {logging_mixin.py:190} INFO - [2025-05-01T10:09:02.780+0000] {dagbag.py:588} INFO - Filling up the DagBag from /home/airflow/.local/lib/python3.11/site-packages/airflow/example_dags/example_params_trigger_ui.py
[2025-05-01T10:09:02.785+0000] {processor.py:925} INFO - DAG(s) 'example_params_trigger_ui' retrieved from /home/airflow/.local/lib/python3.11/site-packages/airflow/example_dags/example_params_trigger_ui.py
[2025-05-01T10:09:02.806+0000] {logging_mixin.py:190} INFO - [2025-05-01T10:09:02.805+0000] {dag.py:3239} INFO - Sync 1 DAGs
[2025-05-01T10:09:02.816+0000] {logging_mixin.py:190} INFO - [2025-05-01T10:09:02.816+0000] {dag.py:4180} INFO - Setting next_dagrun for example_params_trigger_ui to None, run_after=None
[2025-05-01T10:09:02.826+0000] {processor.py:208} INFO - Processing /home/airflow/.local/lib/python3.11/site-packages/airflow/example_dags/example_params_trigger_ui.py took 0.053 seconds
[2025-05-01T10:09:33.047+0000] {processor.py:186} INFO - Started process (PID=1076) to work on /home/airflow/.local/lib/python3.11/site-packages/airflow/example_dags/example_params_trigger_ui.py
[2025-05-01T10:09:33.047+0000] {processor.py:914} INFO - Processing file /home/airflow/.local/lib/python3.11/site-packages/airflow/example_dags/example_params_trigger_ui.py for tasks to queue
[2025-05-01T10:09:33.048+0000] {logging_mixin.py:190} INFO - [2025-05-01T10:09:33.048+0000] {dagbag.py:588} INFO - Filling up the DagBag from /home/airflow/.local/lib/python3.11/site-packages/airflow/example_dags/example_params_trigger_ui.py
[2025-05-01T10:09:33.054+0000] {processor.py:925} INFO - DAG(s) 'example_params_trigger_ui' retrieved from /home/airflow/.local/lib/python3.11/site-packages/airflow/example_dags/example_params_trigger_ui.py
[2025-05-01T10:09:33.078+0000] {logging_mixin.py:190} INFO - [2025-05-01T10:09:33.078+0000] {dag.py:3239} INFO - Sync 1 DAGs
[2025-05-01T10:09:33.087+0000] {logging_mixin.py:190} INFO - [2025-05-01T10:09:33.086+0000] {dag.py:4180} INFO - Setting next_dagrun for example_params_trigger_ui to None, run_after=None
[2025-05-01T10:09:33.097+0000] {processor.py:208} INFO - Processing /home/airflow/.local/lib/python3.11/site-packages/airflow/example_dags/example_params_trigger_ui.py took 0.054 seconds
[2025-05-01T10:10:03.225+0000] {processor.py:186} INFO - Started process (PID=1149) to work on /home/airflow/.local/lib/python3.11/site-packages/airflow/example_dags/example_params_trigger_ui.py
[2025-05-01T10:10:03.225+0000] {processor.py:914} INFO - Processing file /home/airflow/.local/lib/python3.11/site-packages/airflow/example_dags/example_params_trigger_ui.py for tasks to queue
[2025-05-01T10:10:03.226+0000] {logging_mixin.py:190} INFO - [2025-05-01T10:10:03.226+0000] {dagbag.py:588} INFO - Filling up the DagBag from /home/airflow/.local/lib/python3.11/site-packages/airflow/example_dags/example_params_trigger_ui.py
[2025-05-01T10:10:03.233+0000] {processor.py:925} INFO - DAG(s) 'example_params_trigger_ui' retrieved from /home/airflow/.local/lib/python3.11/site-packages/airflow/example_dags/example_params_trigger_ui.py
[2025-05-01T10:10:03.250+0000] {logging_mixin.py:190} INFO - [2025-05-01T10:10:03.250+0000] {dag.py:3239} INFO - Sync 1 DAGs
[2025-05-01T10:10:03.257+0000] {logging_mixin.py:190} INFO - [2025-05-01T10:10:03.257+0000] {dag.py:4180} INFO - Setting next_dagrun for example_params_trigger_ui to None, run_after=None
[2025-05-01T10:10:03.265+0000] {processor.py:208} INFO - Processing /home/airflow/.local/lib/python3.11/site-packages/airflow/example_dags/example_params_trigger_ui.py took 0.044 seconds
[2025-05-01T10:10:33.563+0000] {processor.py:186} INFO - Started process (PID=1222) to work on /home/airflow/.local/lib/python3.11/site-packages/airflow/example_dags/example_params_trigger_ui.py
[2025-05-01T10:10:33.564+0000] {processor.py:914} INFO - Processing file /home/airflow/.local/lib/python3.11/site-packages/airflow/example_dags/example_params_trigger_ui.py for tasks to queue
[2025-05-01T10:10:33.569+0000] {logging_mixin.py:190} INFO - [2025-05-01T10:10:33.569+0000] {dagbag.py:588} INFO - Filling up the DagBag from /home/airflow/.local/lib/python3.11/site-packages/airflow/example_dags/example_params_trigger_ui.py
[2025-05-01T10:10:33.578+0000] {processor.py:925} INFO - DAG(s) 'example_params_trigger_ui' retrieved from /home/airflow/.local/lib/python3.11/site-packages/airflow/example_dags/example_params_trigger_ui.py
[2025-05-01T10:10:33.599+0000] {logging_mixin.py:190} INFO - [2025-05-01T10:10:33.599+0000] {dag.py:3239} INFO - Sync 1 DAGs
[2025-05-01T10:10:33.610+0000] {logging_mixin.py:190} INFO - [2025-05-01T10:10:33.610+0000] {dag.py:4180} INFO - Setting next_dagrun for example_params_trigger_ui to None, run_after=None
[2025-05-01T10:10:33.619+0000] {processor.py:208} INFO - Processing /home/airflow/.local/lib/python3.11/site-packages/airflow/example_dags/example_params_trigger_ui.py took 0.064 seconds
[2025-05-01T10:11:03.998+0000] {processor.py:186} INFO - Started process (PID=1295) to work on /home/airflow/.local/lib/python3.11/site-packages/airflow/example_dags/example_params_trigger_ui.py
[2025-05-01T10:11:03.999+0000] {processor.py:914} INFO - Processing file /home/airflow/.local/lib/python3.11/site-packages/airflow/example_dags/example_params_trigger_ui.py for tasks to queue
[2025-05-01T10:11:04.000+0000] {logging_mixin.py:190} INFO - [2025-05-01T10:11:03.999+0000] {dagbag.py:588} INFO - Filling up the DagBag from /home/airflow/.local/lib/python3.11/site-packages/airflow/example_dags/example_params_trigger_ui.py
[2025-05-01T10:11:04.006+0000] {processor.py:925} INFO - DAG(s) 'example_params_trigger_ui' retrieved from /home/airflow/.local/lib/python3.11/site-packages/airflow/example_dags/example_params_trigger_ui.py
[2025-05-01T10:11:04.027+0000] {logging_mixin.py:190} INFO - [2025-05-01T10:11:04.027+0000] {dag.py:3239} INFO - Sync 1 DAGs
[2025-05-01T10:11:04.035+0000] {logging_mixin.py:190} INFO - [2025-05-01T10:11:04.034+0000] {dag.py:4180} INFO - Setting next_dagrun for example_params_trigger_ui to None, run_after=None
[2025-05-01T10:11:04.046+0000] {processor.py:208} INFO - Processing /home/airflow/.local/lib/python3.11/site-packages/airflow/example_dags/example_params_trigger_ui.py took 0.051 seconds
[2025-05-01T10:21:41.335+0000] {processor.py:186} INFO - Started process (PID=1368) to work on /home/airflow/.local/lib/python3.11/site-packages/airflow/example_dags/example_params_trigger_ui.py
[2025-05-01T10:21:41.339+0000] {processor.py:914} INFO - Processing file /home/airflow/.local/lib/python3.11/site-packages/airflow/example_dags/example_params_trigger_ui.py for tasks to queue
[2025-05-01T10:21:41.340+0000] {logging_mixin.py:190} INFO - [2025-05-01T10:21:41.340+0000] {dagbag.py:588} INFO - Filling up the DagBag from /home/airflow/.local/lib/python3.11/site-packages/airflow/example_dags/example_params_trigger_ui.py
[2025-05-01T10:21:41.348+0000] {processor.py:925} INFO - DAG(s) 'example_params_trigger_ui' retrieved from /home/airflow/.local/lib/python3.11/site-packages/airflow/example_dags/example_params_trigger_ui.py
[2025-05-01T10:21:41.378+0000] {logging_mixin.py:190} INFO - [2025-05-01T10:21:41.378+0000] {dag.py:3239} INFO - Sync 1 DAGs
[2025-05-01T10:21:41.390+0000] {logging_mixin.py:190} INFO - [2025-05-01T10:21:41.390+0000] {dag.py:4180} INFO - Setting next_dagrun for example_params_trigger_ui to None, run_after=None
[2025-05-01T10:21:41.404+0000] {processor.py:208} INFO - Processing /home/airflow/.local/lib/python3.11/site-packages/airflow/example_dags/example_params_trigger_ui.py took 0.073 seconds
