[2025-05-01T10:02:45.511+0000] {processor.py:186} INFO - Started process (PID=106) to work on /home/airflow/.local/lib/python3.11/site-packages/airflow/example_dags/example_branch_labels.py
[2025-05-01T10:02:45.516+0000] {processor.py:914} INFO - Processing file /home/airflow/.local/lib/python3.11/site-packages/airflow/example_dags/example_branch_labels.py for tasks to queue
[2025-05-01T10:02:45.522+0000] {logging_mixin.py:190} INFO - [2025-05-01T10:02:45.522+0000] {dagbag.py:588} INFO - Filling up the DagBag from /home/airflow/.local/lib/python3.11/site-packages/airflow/example_dags/example_branch_labels.py
[2025-05-01T10:02:45.555+0000] {processor.py:925} INFO - DAG(s) 'example_branch_labels' retrieved from /home/airflow/.local/lib/python3.11/site-packages/airflow/example_dags/example_branch_labels.py
[2025-05-01T10:02:45.615+0000] {logging_mixin.py:190} INFO - [2025-05-01T10:02:45.614+0000] {dag.py:3239} INFO - Sync 1 DAGs
[2025-05-01T10:02:45.651+0000] {logging_mixin.py:190} INFO - [2025-05-01T10:02:45.651+0000] {dag.py:4180} INFO - Setting next_dagrun for example_branch_labels to 2025-04-30 00:00:00+00:00, run_after=2025-05-01 00:00:00+00:00
[2025-05-01T10:02:45.674+0000] {processor.py:208} INFO - Processing /home/airflow/.local/lib/python3.11/site-packages/airflow/example_dags/example_branch_labels.py took 0.188 seconds
[2025-05-01T10:03:16.243+0000] {processor.py:186} INFO - Started process (PID=171) to work on /home/airflow/.local/lib/python3.11/site-packages/airflow/example_dags/example_branch_labels.py
[2025-05-01T10:03:16.247+0000] {processor.py:914} INFO - Processing file /home/airflow/.local/lib/python3.11/site-packages/airflow/example_dags/example_branch_labels.py for tasks to queue
[2025-05-01T10:03:16.249+0000] {logging_mixin.py:190} INFO - [2025-05-01T10:03:16.249+0000] {dagbag.py:588} INFO - Filling up the DagBag from /home/airflow/.local/lib/python3.11/site-packages/airflow/example_dags/example_branch_labels.py
[2025-05-01T10:03:16.255+0000] {processor.py:925} INFO - DAG(s) 'example_branch_labels' retrieved from /home/airflow/.local/lib/python3.11/site-packages/airflow/example_dags/example_branch_labels.py
[2025-05-01T10:03:16.271+0000] {logging_mixin.py:190} INFO - [2025-05-01T10:03:16.271+0000] {dag.py:3239} INFO - Sync 1 DAGs
[2025-05-01T10:03:16.286+0000] {logging_mixin.py:190} INFO - [2025-05-01T10:03:16.285+0000] {dag.py:4180} INFO - Setting next_dagrun for example_branch_labels to 2025-04-30 00:00:00+00:00, run_after=2025-05-01 00:00:00+00:00
[2025-05-01T10:03:16.295+0000] {processor.py:208} INFO - Processing /home/airflow/.local/lib/python3.11/site-packages/airflow/example_dags/example_branch_labels.py took 0.056 seconds
[2025-05-01T10:03:47.096+0000] {processor.py:186} INFO - Started process (PID=244) to work on /home/airflow/.local/lib/python3.11/site-packages/airflow/example_dags/example_branch_labels.py
[2025-05-01T10:03:47.096+0000] {processor.py:914} INFO - Processing file /home/airflow/.local/lib/python3.11/site-packages/airflow/example_dags/example_branch_labels.py for tasks to queue
[2025-05-01T10:03:47.098+0000] {logging_mixin.py:190} INFO - [2025-05-01T10:03:47.098+0000] {dagbag.py:588} INFO - Filling up the DagBag from /home/airflow/.local/lib/python3.11/site-packages/airflow/example_dags/example_branch_labels.py
[2025-05-01T10:03:47.106+0000] {processor.py:925} INFO - DAG(s) 'example_branch_labels' retrieved from /home/airflow/.local/lib/python3.11/site-packages/airflow/example_dags/example_branch_labels.py
[2025-05-01T10:03:47.116+0000] {logging_mixin.py:190} INFO - [2025-05-01T10:03:47.116+0000] {dag.py:3239} INFO - Sync 1 DAGs
[2025-05-01T10:03:47.126+0000] {logging_mixin.py:190} INFO - [2025-05-01T10:03:47.126+0000] {dag.py:4180} INFO - Setting next_dagrun for example_branch_labels to 2025-04-30 00:00:00+00:00, run_after=2025-05-01 00:00:00+00:00
[2025-05-01T10:03:47.133+0000] {processor.py:208} INFO - Processing /home/airflow/.local/lib/python3.11/site-packages/airflow/example_dags/example_branch_labels.py took 0.041 seconds
[2025-05-01T10:04:17.313+0000] {processor.py:186} INFO - Started process (PID=317) to work on /home/airflow/.local/lib/python3.11/site-packages/airflow/example_dags/example_branch_labels.py
[2025-05-01T10:04:17.313+0000] {processor.py:914} INFO - Processing file /home/airflow/.local/lib/python3.11/site-packages/airflow/example_dags/example_branch_labels.py for tasks to queue
[2025-05-01T10:04:17.315+0000] {logging_mixin.py:190} INFO - [2025-05-01T10:04:17.315+0000] {dagbag.py:588} INFO - Filling up the DagBag from /home/airflow/.local/lib/python3.11/site-packages/airflow/example_dags/example_branch_labels.py
[2025-05-01T10:04:17.323+0000] {processor.py:925} INFO - DAG(s) 'example_branch_labels' retrieved from /home/airflow/.local/lib/python3.11/site-packages/airflow/example_dags/example_branch_labels.py
[2025-05-01T10:04:17.334+0000] {logging_mixin.py:190} INFO - [2025-05-01T10:04:17.334+0000] {dag.py:3239} INFO - Sync 1 DAGs
[2025-05-01T10:04:17.349+0000] {logging_mixin.py:190} INFO - [2025-05-01T10:04:17.348+0000] {dag.py:4180} INFO - Setting next_dagrun for example_branch_labels to 2025-04-30 00:00:00+00:00, run_after=2025-05-01 00:00:00+00:00
[2025-05-01T10:04:17.359+0000] {processor.py:208} INFO - Processing /home/airflow/.local/lib/python3.11/site-packages/airflow/example_dags/example_branch_labels.py took 0.051 seconds
[2025-05-01T10:04:47.503+0000] {processor.py:186} INFO - Started process (PID=390) to work on /home/airflow/.local/lib/python3.11/site-packages/airflow/example_dags/example_branch_labels.py
[2025-05-01T10:04:47.504+0000] {processor.py:914} INFO - Processing file /home/airflow/.local/lib/python3.11/site-packages/airflow/example_dags/example_branch_labels.py for tasks to queue
[2025-05-01T10:04:47.506+0000] {logging_mixin.py:190} INFO - [2025-05-01T10:04:47.505+0000] {dagbag.py:588} INFO - Filling up the DagBag from /home/airflow/.local/lib/python3.11/site-packages/airflow/example_dags/example_branch_labels.py
[2025-05-01T10:04:47.511+0000] {processor.py:925} INFO - DAG(s) 'example_branch_labels' retrieved from /home/airflow/.local/lib/python3.11/site-packages/airflow/example_dags/example_branch_labels.py
[2025-05-01T10:04:47.524+0000] {logging_mixin.py:190} INFO - [2025-05-01T10:04:47.524+0000] {dag.py:3239} INFO - Sync 1 DAGs
[2025-05-01T10:04:47.536+0000] {logging_mixin.py:190} INFO - [2025-05-01T10:04:47.536+0000] {dag.py:4180} INFO - Setting next_dagrun for example_branch_labels to 2025-04-30 00:00:00+00:00, run_after=2025-05-01 00:00:00+00:00
[2025-05-01T10:04:47.543+0000] {processor.py:208} INFO - Processing /home/airflow/.local/lib/python3.11/site-packages/airflow/example_dags/example_branch_labels.py took 0.043 seconds
[2025-05-01T10:05:18.555+0000] {processor.py:186} INFO - Started process (PID=463) to work on /home/airflow/.local/lib/python3.11/site-packages/airflow/example_dags/example_branch_labels.py
[2025-05-01T10:05:18.556+0000] {processor.py:914} INFO - Processing file /home/airflow/.local/lib/python3.11/site-packages/airflow/example_dags/example_branch_labels.py for tasks to queue
[2025-05-01T10:05:18.558+0000] {logging_mixin.py:190} INFO - [2025-05-01T10:05:18.558+0000] {dagbag.py:588} INFO - Filling up the DagBag from /home/airflow/.local/lib/python3.11/site-packages/airflow/example_dags/example_branch_labels.py
[2025-05-01T10:05:18.568+0000] {processor.py:925} INFO - DAG(s) 'example_branch_labels' retrieved from /home/airflow/.local/lib/python3.11/site-packages/airflow/example_dags/example_branch_labels.py
[2025-05-01T10:05:18.597+0000] {logging_mixin.py:190} INFO - [2025-05-01T10:05:18.597+0000] {dag.py:3239} INFO - Sync 1 DAGs
[2025-05-01T10:05:18.638+0000] {logging_mixin.py:190} INFO - [2025-05-01T10:05:18.638+0000] {dag.py:4180} INFO - Setting next_dagrun for example_branch_labels to 2025-04-30 00:00:00+00:00, run_after=2025-05-01 00:00:00+00:00
[2025-05-01T10:05:18.661+0000] {processor.py:208} INFO - Processing /home/airflow/.local/lib/python3.11/site-packages/airflow/example_dags/example_branch_labels.py took 0.115 seconds
[2025-05-01T10:05:49.325+0000] {processor.py:186} INFO - Started process (PID=536) to work on /home/airflow/.local/lib/python3.11/site-packages/airflow/example_dags/example_branch_labels.py
[2025-05-01T10:05:49.327+0000] {processor.py:914} INFO - Processing file /home/airflow/.local/lib/python3.11/site-packages/airflow/example_dags/example_branch_labels.py for tasks to queue
[2025-05-01T10:05:49.330+0000] {logging_mixin.py:190} INFO - [2025-05-01T10:05:49.330+0000] {dagbag.py:588} INFO - Filling up the DagBag from /home/airflow/.local/lib/python3.11/site-packages/airflow/example_dags/example_branch_labels.py
[2025-05-01T10:05:49.341+0000] {processor.py:925} INFO - DAG(s) 'example_branch_labels' retrieved from /home/airflow/.local/lib/python3.11/site-packages/airflow/example_dags/example_branch_labels.py
[2025-05-01T10:05:49.357+0000] {logging_mixin.py:190} INFO - [2025-05-01T10:05:49.357+0000] {dag.py:3239} INFO - Sync 1 DAGs
[2025-05-01T10:05:49.381+0000] {logging_mixin.py:190} INFO - [2025-05-01T10:05:49.380+0000] {dag.py:4180} INFO - Setting next_dagrun for example_branch_labels to 2025-04-30 00:00:00+00:00, run_after=2025-05-01 00:00:00+00:00
[2025-05-01T10:05:49.400+0000] {processor.py:208} INFO - Processing /home/airflow/.local/lib/python3.11/site-packages/airflow/example_dags/example_branch_labels.py took 0.080 seconds
[2025-05-01T10:06:21.318+0000] {processor.py:186} INFO - Started process (PID=609) to work on /home/airflow/.local/lib/python3.11/site-packages/airflow/example_dags/example_branch_labels.py
[2025-05-01T10:06:21.321+0000] {processor.py:914} INFO - Processing file /home/airflow/.local/lib/python3.11/site-packages/airflow/example_dags/example_branch_labels.py for tasks to queue
[2025-05-01T10:06:21.324+0000] {logging_mixin.py:190} INFO - [2025-05-01T10:06:21.324+0000] {dagbag.py:588} INFO - Filling up the DagBag from /home/airflow/.local/lib/python3.11/site-packages/airflow/example_dags/example_branch_labels.py
[2025-05-01T10:06:21.334+0000] {processor.py:925} INFO - DAG(s) 'example_branch_labels' retrieved from /home/airflow/.local/lib/python3.11/site-packages/airflow/example_dags/example_branch_labels.py
[2025-05-01T10:06:21.358+0000] {logging_mixin.py:190} INFO - [2025-05-01T10:06:21.358+0000] {dag.py:3239} INFO - Sync 1 DAGs
[2025-05-01T10:06:21.402+0000] {logging_mixin.py:190} INFO - [2025-05-01T10:06:21.402+0000] {dag.py:4180} INFO - Setting next_dagrun for example_branch_labels to 2025-04-30 00:00:00+00:00, run_after=2025-05-01 00:00:00+00:00
[2025-05-01T10:06:21.421+0000] {processor.py:208} INFO - Processing /home/airflow/.local/lib/python3.11/site-packages/airflow/example_dags/example_branch_labels.py took 0.112 seconds
[2025-05-01T10:06:52.807+0000] {processor.py:186} INFO - Started process (PID=682) to work on /home/airflow/.local/lib/python3.11/site-packages/airflow/example_dags/example_branch_labels.py
[2025-05-01T10:06:52.812+0000] {processor.py:914} INFO - Processing file /home/airflow/.local/lib/python3.11/site-packages/airflow/example_dags/example_branch_labels.py for tasks to queue
[2025-05-01T10:06:52.833+0000] {logging_mixin.py:190} INFO - [2025-05-01T10:06:52.832+0000] {dagbag.py:588} INFO - Filling up the DagBag from /home/airflow/.local/lib/python3.11/site-packages/airflow/example_dags/example_branch_labels.py
[2025-05-01T10:06:52.950+0000] {processor.py:925} INFO - DAG(s) 'example_branch_labels' retrieved from /home/airflow/.local/lib/python3.11/site-packages/airflow/example_dags/example_branch_labels.py
[2025-05-01T10:06:53.022+0000] {logging_mixin.py:190} INFO - [2025-05-01T10:06:53.020+0000] {dag.py:3239} INFO - Sync 1 DAGs
[2025-05-01T10:06:53.057+0000] {logging_mixin.py:190} INFO - [2025-05-01T10:06:53.057+0000] {dag.py:4180} INFO - Setting next_dagrun for example_branch_labels to 2025-04-30 00:00:00+00:00, run_after=2025-05-01 00:00:00+00:00
[2025-05-01T10:06:53.071+0000] {processor.py:208} INFO - Processing /home/airflow/.local/lib/python3.11/site-packages/airflow/example_dags/example_branch_labels.py took 0.350 seconds
[2025-05-01T10:07:23.566+0000] {processor.py:186} INFO - Started process (PID=755) to work on /home/airflow/.local/lib/python3.11/site-packages/airflow/example_dags/example_branch_labels.py
[2025-05-01T10:07:23.567+0000] {processor.py:914} INFO - Processing file /home/airflow/.local/lib/python3.11/site-packages/airflow/example_dags/example_branch_labels.py for tasks to queue
[2025-05-01T10:07:23.569+0000] {logging_mixin.py:190} INFO - [2025-05-01T10:07:23.569+0000] {dagbag.py:588} INFO - Filling up the DagBag from /home/airflow/.local/lib/python3.11/site-packages/airflow/example_dags/example_branch_labels.py
[2025-05-01T10:07:23.577+0000] {processor.py:925} INFO - DAG(s) 'example_branch_labels' retrieved from /home/airflow/.local/lib/python3.11/site-packages/airflow/example_dags/example_branch_labels.py
[2025-05-01T10:07:23.589+0000] {logging_mixin.py:190} INFO - [2025-05-01T10:07:23.589+0000] {dag.py:3239} INFO - Sync 1 DAGs
[2025-05-01T10:07:23.605+0000] {logging_mixin.py:190} INFO - [2025-05-01T10:07:23.605+0000] {dag.py:4180} INFO - Setting next_dagrun for example_branch_labels to 2025-04-30 00:00:00+00:00, run_after=2025-05-01 00:00:00+00:00
[2025-05-01T10:07:23.615+0000] {processor.py:208} INFO - Processing /home/airflow/.local/lib/python3.11/site-packages/airflow/example_dags/example_branch_labels.py took 0.059 seconds
[2025-05-01T10:07:53.818+0000] {processor.py:186} INFO - Started process (PID=827) to work on /home/airflow/.local/lib/python3.11/site-packages/airflow/example_dags/example_branch_labels.py
[2025-05-01T10:07:53.820+0000] {processor.py:914} INFO - Processing file /home/airflow/.local/lib/python3.11/site-packages/airflow/example_dags/example_branch_labels.py for tasks to queue
[2025-05-01T10:07:53.827+0000] {logging_mixin.py:190} INFO - [2025-05-01T10:07:53.826+0000] {dagbag.py:588} INFO - Filling up the DagBag from /home/airflow/.local/lib/python3.11/site-packages/airflow/example_dags/example_branch_labels.py
[2025-05-01T10:07:53.835+0000] {processor.py:925} INFO - DAG(s) 'example_branch_labels' retrieved from /home/airflow/.local/lib/python3.11/site-packages/airflow/example_dags/example_branch_labels.py
[2025-05-01T10:07:53.851+0000] {logging_mixin.py:190} INFO - [2025-05-01T10:07:53.851+0000] {dag.py:3239} INFO - Sync 1 DAGs
[2025-05-01T10:07:53.868+0000] {logging_mixin.py:190} INFO - [2025-05-01T10:07:53.868+0000] {dag.py:4180} INFO - Setting next_dagrun for example_branch_labels to 2025-04-30 00:00:00+00:00, run_after=2025-05-01 00:00:00+00:00
[2025-05-01T10:07:53.882+0000] {processor.py:208} INFO - Processing /home/airflow/.local/lib/python3.11/site-packages/airflow/example_dags/example_branch_labels.py took 0.070 seconds
[2025-05-01T10:08:24.108+0000] {processor.py:186} INFO - Started process (PID=900) to work on /home/airflow/.local/lib/python3.11/site-packages/airflow/example_dags/example_branch_labels.py
[2025-05-01T10:08:24.112+0000] {processor.py:914} INFO - Processing file /home/airflow/.local/lib/python3.11/site-packages/airflow/example_dags/example_branch_labels.py for tasks to queue
[2025-05-01T10:08:24.116+0000] {logging_mixin.py:190} INFO - [2025-05-01T10:08:24.116+0000] {dagbag.py:588} INFO - Filling up the DagBag from /home/airflow/.local/lib/python3.11/site-packages/airflow/example_dags/example_branch_labels.py
[2025-05-01T10:08:24.123+0000] {processor.py:925} INFO - DAG(s) 'example_branch_labels' retrieved from /home/airflow/.local/lib/python3.11/site-packages/airflow/example_dags/example_branch_labels.py
[2025-05-01T10:08:24.155+0000] {logging_mixin.py:190} INFO - [2025-05-01T10:08:24.155+0000] {dag.py:3239} INFO - Sync 1 DAGs
[2025-05-01T10:08:24.168+0000] {logging_mixin.py:190} INFO - [2025-05-01T10:08:24.168+0000] {dag.py:4180} INFO - Setting next_dagrun for example_branch_labels to 2025-04-30 00:00:00+00:00, run_after=2025-05-01 00:00:00+00:00
[2025-05-01T10:08:24.179+0000] {processor.py:208} INFO - Processing /home/airflow/.local/lib/python3.11/site-packages/airflow/example_dags/example_branch_labels.py took 0.083 seconds
[2025-05-01T10:08:54.421+0000] {processor.py:186} INFO - Started process (PID=972) to work on /home/airflow/.local/lib/python3.11/site-packages/airflow/example_dags/example_branch_labels.py
[2025-05-01T10:08:54.422+0000] {processor.py:914} INFO - Processing file /home/airflow/.local/lib/python3.11/site-packages/airflow/example_dags/example_branch_labels.py for tasks to queue
[2025-05-01T10:08:54.423+0000] {logging_mixin.py:190} INFO - [2025-05-01T10:08:54.423+0000] {dagbag.py:588} INFO - Filling up the DagBag from /home/airflow/.local/lib/python3.11/site-packages/airflow/example_dags/example_branch_labels.py
[2025-05-01T10:08:54.430+0000] {processor.py:925} INFO - DAG(s) 'example_branch_labels' retrieved from /home/airflow/.local/lib/python3.11/site-packages/airflow/example_dags/example_branch_labels.py
[2025-05-01T10:08:54.444+0000] {logging_mixin.py:190} INFO - [2025-05-01T10:08:54.444+0000] {dag.py:3239} INFO - Sync 1 DAGs
[2025-05-01T10:08:54.456+0000] {logging_mixin.py:190} INFO - [2025-05-01T10:08:54.456+0000] {dag.py:4180} INFO - Setting next_dagrun for example_branch_labels to 2025-04-30 00:00:00+00:00, run_after=2025-05-01 00:00:00+00:00
[2025-05-01T10:08:54.466+0000] {processor.py:208} INFO - Processing /home/airflow/.local/lib/python3.11/site-packages/airflow/example_dags/example_branch_labels.py took 0.056 seconds
[2025-05-01T10:09:24.623+0000] {processor.py:186} INFO - Started process (PID=1045) to work on /home/airflow/.local/lib/python3.11/site-packages/airflow/example_dags/example_branch_labels.py
[2025-05-01T10:09:24.626+0000] {processor.py:914} INFO - Processing file /home/airflow/.local/lib/python3.11/site-packages/airflow/example_dags/example_branch_labels.py for tasks to queue
[2025-05-01T10:09:24.628+0000] {logging_mixin.py:190} INFO - [2025-05-01T10:09:24.628+0000] {dagbag.py:588} INFO - Filling up the DagBag from /home/airflow/.local/lib/python3.11/site-packages/airflow/example_dags/example_branch_labels.py
[2025-05-01T10:09:24.634+0000] {processor.py:925} INFO - DAG(s) 'example_branch_labels' retrieved from /home/airflow/.local/lib/python3.11/site-packages/airflow/example_dags/example_branch_labels.py
[2025-05-01T10:09:24.648+0000] {logging_mixin.py:190} INFO - [2025-05-01T10:09:24.648+0000] {dag.py:3239} INFO - Sync 1 DAGs
[2025-05-01T10:09:24.663+0000] {logging_mixin.py:190} INFO - [2025-05-01T10:09:24.663+0000] {dag.py:4180} INFO - Setting next_dagrun for example_branch_labels to 2025-04-30 00:00:00+00:00, run_after=2025-05-01 00:00:00+00:00
[2025-05-01T10:09:24.673+0000] {processor.py:208} INFO - Processing /home/airflow/.local/lib/python3.11/site-packages/airflow/example_dags/example_branch_labels.py took 0.056 seconds
[2025-05-01T10:09:54.749+0000] {processor.py:186} INFO - Started process (PID=1118) to work on /home/airflow/.local/lib/python3.11/site-packages/airflow/example_dags/example_branch_labels.py
[2025-05-01T10:09:54.750+0000] {processor.py:914} INFO - Processing file /home/airflow/.local/lib/python3.11/site-packages/airflow/example_dags/example_branch_labels.py for tasks to queue
[2025-05-01T10:09:54.752+0000] {logging_mixin.py:190} INFO - [2025-05-01T10:09:54.752+0000] {dagbag.py:588} INFO - Filling up the DagBag from /home/airflow/.local/lib/python3.11/site-packages/airflow/example_dags/example_branch_labels.py
[2025-05-01T10:09:54.762+0000] {processor.py:925} INFO - DAG(s) 'example_branch_labels' retrieved from /home/airflow/.local/lib/python3.11/site-packages/airflow/example_dags/example_branch_labels.py
[2025-05-01T10:09:54.783+0000] {logging_mixin.py:190} INFO - [2025-05-01T10:09:54.783+0000] {dag.py:3239} INFO - Sync 1 DAGs
[2025-05-01T10:09:54.798+0000] {logging_mixin.py:190} INFO - [2025-05-01T10:09:54.798+0000] {dag.py:4180} INFO - Setting next_dagrun for example_branch_labels to 2025-04-30 00:00:00+00:00, run_after=2025-05-01 00:00:00+00:00
[2025-05-01T10:09:54.811+0000] {processor.py:208} INFO - Processing /home/airflow/.local/lib/python3.11/site-packages/airflow/example_dags/example_branch_labels.py took 0.068 seconds
[2025-05-01T10:10:24.912+0000] {processor.py:186} INFO - Started process (PID=1191) to work on /home/airflow/.local/lib/python3.11/site-packages/airflow/example_dags/example_branch_labels.py
[2025-05-01T10:10:24.914+0000] {processor.py:914} INFO - Processing file /home/airflow/.local/lib/python3.11/site-packages/airflow/example_dags/example_branch_labels.py for tasks to queue
[2025-05-01T10:10:24.919+0000] {logging_mixin.py:190} INFO - [2025-05-01T10:10:24.918+0000] {dagbag.py:588} INFO - Filling up the DagBag from /home/airflow/.local/lib/python3.11/site-packages/airflow/example_dags/example_branch_labels.py
[2025-05-01T10:10:24.926+0000] {processor.py:925} INFO - DAG(s) 'example_branch_labels' retrieved from /home/airflow/.local/lib/python3.11/site-packages/airflow/example_dags/example_branch_labels.py
[2025-05-01T10:10:24.939+0000] {logging_mixin.py:190} INFO - [2025-05-01T10:10:24.939+0000] {dag.py:3239} INFO - Sync 1 DAGs
[2025-05-01T10:10:24.954+0000] {logging_mixin.py:190} INFO - [2025-05-01T10:10:24.954+0000] {dag.py:4180} INFO - Setting next_dagrun for example_branch_labels to 2025-04-30 00:00:00+00:00, run_after=2025-05-01 00:00:00+00:00
[2025-05-01T10:10:24.966+0000] {processor.py:208} INFO - Processing /home/airflow/.local/lib/python3.11/site-packages/airflow/example_dags/example_branch_labels.py took 0.060 seconds
[2025-05-01T10:10:55.249+0000] {processor.py:186} INFO - Started process (PID=1264) to work on /home/airflow/.local/lib/python3.11/site-packages/airflow/example_dags/example_branch_labels.py
[2025-05-01T10:10:55.257+0000] {processor.py:914} INFO - Processing file /home/airflow/.local/lib/python3.11/site-packages/airflow/example_dags/example_branch_labels.py for tasks to queue
[2025-05-01T10:10:55.258+0000] {logging_mixin.py:190} INFO - [2025-05-01T10:10:55.258+0000] {dagbag.py:588} INFO - Filling up the DagBag from /home/airflow/.local/lib/python3.11/site-packages/airflow/example_dags/example_branch_labels.py
[2025-05-01T10:10:55.266+0000] {processor.py:925} INFO - DAG(s) 'example_branch_labels' retrieved from /home/airflow/.local/lib/python3.11/site-packages/airflow/example_dags/example_branch_labels.py
[2025-05-01T10:10:55.280+0000] {logging_mixin.py:190} INFO - [2025-05-01T10:10:55.280+0000] {dag.py:3239} INFO - Sync 1 DAGs
[2025-05-01T10:10:55.295+0000] {logging_mixin.py:190} INFO - [2025-05-01T10:10:55.295+0000] {dag.py:4180} INFO - Setting next_dagrun for example_branch_labels to 2025-04-30 00:00:00+00:00, run_after=2025-05-01 00:00:00+00:00
[2025-05-01T10:10:55.306+0000] {processor.py:208} INFO - Processing /home/airflow/.local/lib/python3.11/site-packages/airflow/example_dags/example_branch_labels.py took 0.066 seconds
[2025-05-01T10:21:38.946+0000] {processor.py:186} INFO - Started process (PID=1338) to work on /home/airflow/.local/lib/python3.11/site-packages/airflow/example_dags/example_branch_labels.py
[2025-05-01T10:21:38.951+0000] {processor.py:914} INFO - Processing file /home/airflow/.local/lib/python3.11/site-packages/airflow/example_dags/example_branch_labels.py for tasks to queue
[2025-05-01T10:21:38.957+0000] {logging_mixin.py:190} INFO - [2025-05-01T10:21:38.956+0000] {dagbag.py:588} INFO - Filling up the DagBag from /home/airflow/.local/lib/python3.11/site-packages/airflow/example_dags/example_branch_labels.py
[2025-05-01T10:21:38.985+0000] {processor.py:925} INFO - DAG(s) 'example_branch_labels' retrieved from /home/airflow/.local/lib/python3.11/site-packages/airflow/example_dags/example_branch_labels.py
[2025-05-01T10:21:39.046+0000] {logging_mixin.py:190} INFO - [2025-05-01T10:21:39.046+0000] {dag.py:3239} INFO - Sync 1 DAGs
[2025-05-01T10:21:39.072+0000] {logging_mixin.py:190} INFO - [2025-05-01T10:21:39.072+0000] {dag.py:4180} INFO - Setting next_dagrun for example_branch_labels to 2025-04-30 00:00:00+00:00, run_after=2025-05-01 00:00:00+00:00
[2025-05-01T10:21:39.089+0000] {processor.py:208} INFO - Processing /home/airflow/.local/lib/python3.11/site-packages/airflow/example_dags/example_branch_labels.py took 0.186 seconds
