[2025-05-01T10:02:47.365+0000] {processor.py:186} INFO - Started process (PID=114) to work on /home/airflow/.local/lib/python3.11/site-packages/airflow/example_dags/example_task_group.py
[2025-05-01T10:02:47.367+0000] {processor.py:914} INFO - Processing file /home/airflow/.local/lib/python3.11/site-packages/airflow/example_dags/example_task_group.py for tasks to queue
[2025-05-01T10:02:47.372+0000] {logging_mixin.py:190} INFO - [2025-05-01T10:02:47.372+0000] {dagbag.py:588} INFO - Filling up the DagBag from /home/airflow/.local/lib/python3.11/site-packages/airflow/example_dags/example_task_group.py
[2025-05-01T10:02:47.399+0000] {processor.py:925} INFO - DAG(s) 'example_task_group' retrieved from /home/airflow/.local/lib/python3.11/site-packages/airflow/example_dags/example_task_group.py
[2025-05-01T10:02:47.445+0000] {logging_mixin.py:190} INFO - [2025-05-01T10:02:47.445+0000] {dag.py:3239} INFO - Sync 1 DAGs
[2025-05-01T10:02:47.460+0000] {logging_mixin.py:190} INFO - [2025-05-01T10:02:47.460+0000] {dag.py:4180} INFO - Setting next_dagrun for example_task_group to None, run_after=None
[2025-05-01T10:02:47.486+0000] {processor.py:208} INFO - Processing /home/airflow/.local/lib/python3.11/site-packages/airflow/example_dags/example_task_group.py took 0.156 seconds
[2025-05-01T10:03:17.959+0000] {processor.py:186} INFO - Started process (PID=187) to work on /home/airflow/.local/lib/python3.11/site-packages/airflow/example_dags/example_task_group.py
[2025-05-01T10:03:17.960+0000] {processor.py:914} INFO - Processing file /home/airflow/.local/lib/python3.11/site-packages/airflow/example_dags/example_task_group.py for tasks to queue
[2025-05-01T10:03:17.961+0000] {logging_mixin.py:190} INFO - [2025-05-01T10:03:17.961+0000] {dagbag.py:588} INFO - Filling up the DagBag from /home/airflow/.local/lib/python3.11/site-packages/airflow/example_dags/example_task_group.py
[2025-05-01T10:03:17.966+0000] {processor.py:925} INFO - DAG(s) 'example_task_group' retrieved from /home/airflow/.local/lib/python3.11/site-packages/airflow/example_dags/example_task_group.py
[2025-05-01T10:03:17.979+0000] {logging_mixin.py:190} INFO - [2025-05-01T10:03:17.979+0000] {dag.py:3239} INFO - Sync 1 DAGs
[2025-05-01T10:03:17.990+0000] {logging_mixin.py:190} INFO - [2025-05-01T10:03:17.990+0000] {dag.py:4180} INFO - Setting next_dagrun for example_task_group to None, run_after=None
[2025-05-01T10:03:18.008+0000] {processor.py:208} INFO - Processing /home/airflow/.local/lib/python3.11/site-packages/airflow/example_dags/example_task_group.py took 0.052 seconds
[2025-05-01T10:03:48.835+0000] {processor.py:186} INFO - Started process (PID=259) to work on /home/airflow/.local/lib/python3.11/site-packages/airflow/example_dags/example_task_group.py
[2025-05-01T10:03:48.835+0000] {processor.py:914} INFO - Processing file /home/airflow/.local/lib/python3.11/site-packages/airflow/example_dags/example_task_group.py for tasks to queue
[2025-05-01T10:03:48.837+0000] {logging_mixin.py:190} INFO - [2025-05-01T10:03:48.837+0000] {dagbag.py:588} INFO - Filling up the DagBag from /home/airflow/.local/lib/python3.11/site-packages/airflow/example_dags/example_task_group.py
[2025-05-01T10:03:48.841+0000] {processor.py:925} INFO - DAG(s) 'example_task_group' retrieved from /home/airflow/.local/lib/python3.11/site-packages/airflow/example_dags/example_task_group.py
[2025-05-01T10:03:48.851+0000] {logging_mixin.py:190} INFO - [2025-05-01T10:03:48.850+0000] {dag.py:3239} INFO - Sync 1 DAGs
[2025-05-01T10:03:48.857+0000] {logging_mixin.py:190} INFO - [2025-05-01T10:03:48.856+0000] {dag.py:4180} INFO - Setting next_dagrun for example_task_group to None, run_after=None
[2025-05-01T10:03:48.864+0000] {processor.py:208} INFO - Processing /home/airflow/.local/lib/python3.11/site-packages/airflow/example_dags/example_task_group.py took 0.032 seconds
[2025-05-01T10:04:19.919+0000] {processor.py:186} INFO - Started process (PID=325) to work on /home/airflow/.local/lib/python3.11/site-packages/airflow/example_dags/example_task_group.py
[2025-05-01T10:04:19.920+0000] {processor.py:914} INFO - Processing file /home/airflow/.local/lib/python3.11/site-packages/airflow/example_dags/example_task_group.py for tasks to queue
[2025-05-01T10:04:19.921+0000] {logging_mixin.py:190} INFO - [2025-05-01T10:04:19.921+0000] {dagbag.py:588} INFO - Filling up the DagBag from /home/airflow/.local/lib/python3.11/site-packages/airflow/example_dags/example_task_group.py
[2025-05-01T10:04:19.925+0000] {processor.py:925} INFO - DAG(s) 'example_task_group' retrieved from /home/airflow/.local/lib/python3.11/site-packages/airflow/example_dags/example_task_group.py
[2025-05-01T10:04:19.935+0000] {logging_mixin.py:190} INFO - [2025-05-01T10:04:19.935+0000] {dag.py:3239} INFO - Sync 1 DAGs
[2025-05-01T10:04:19.941+0000] {logging_mixin.py:190} INFO - [2025-05-01T10:04:19.941+0000] {dag.py:4180} INFO - Setting next_dagrun for example_task_group to None, run_after=None
[2025-05-01T10:04:19.950+0000] {processor.py:208} INFO - Processing /home/airflow/.local/lib/python3.11/site-packages/airflow/example_dags/example_task_group.py took 0.036 seconds
[2025-05-01T10:04:51.109+0000] {processor.py:186} INFO - Started process (PID=398) to work on /home/airflow/.local/lib/python3.11/site-packages/airflow/example_dags/example_task_group.py
[2025-05-01T10:04:51.111+0000] {processor.py:914} INFO - Processing file /home/airflow/.local/lib/python3.11/site-packages/airflow/example_dags/example_task_group.py for tasks to queue
[2025-05-01T10:04:51.113+0000] {logging_mixin.py:190} INFO - [2025-05-01T10:04:51.113+0000] {dagbag.py:588} INFO - Filling up the DagBag from /home/airflow/.local/lib/python3.11/site-packages/airflow/example_dags/example_task_group.py
[2025-05-01T10:04:51.125+0000] {processor.py:925} INFO - DAG(s) 'example_task_group' retrieved from /home/airflow/.local/lib/python3.11/site-packages/airflow/example_dags/example_task_group.py
[2025-05-01T10:04:51.145+0000] {logging_mixin.py:190} INFO - [2025-05-01T10:04:51.144+0000] {dag.py:3239} INFO - Sync 1 DAGs
[2025-05-01T10:04:51.151+0000] {logging_mixin.py:190} INFO - [2025-05-01T10:04:51.151+0000] {dag.py:4180} INFO - Setting next_dagrun for example_task_group to None, run_after=None
[2025-05-01T10:04:51.171+0000] {processor.py:208} INFO - Processing /home/airflow/.local/lib/python3.11/site-packages/airflow/example_dags/example_task_group.py took 0.068 seconds
[2025-05-01T10:05:23.295+0000] {processor.py:186} INFO - Started process (PID=471) to work on /home/airflow/.local/lib/python3.11/site-packages/airflow/example_dags/example_task_group.py
[2025-05-01T10:05:23.295+0000] {processor.py:914} INFO - Processing file /home/airflow/.local/lib/python3.11/site-packages/airflow/example_dags/example_task_group.py for tasks to queue
[2025-05-01T10:05:23.297+0000] {logging_mixin.py:190} INFO - [2025-05-01T10:05:23.297+0000] {dagbag.py:588} INFO - Filling up the DagBag from /home/airflow/.local/lib/python3.11/site-packages/airflow/example_dags/example_task_group.py
[2025-05-01T10:05:23.304+0000] {processor.py:925} INFO - DAG(s) 'example_task_group' retrieved from /home/airflow/.local/lib/python3.11/site-packages/airflow/example_dags/example_task_group.py
[2025-05-01T10:05:23.324+0000] {logging_mixin.py:190} INFO - [2025-05-01T10:05:23.323+0000] {dag.py:3239} INFO - Sync 1 DAGs
[2025-05-01T10:05:23.331+0000] {logging_mixin.py:190} INFO - [2025-05-01T10:05:23.331+0000] {dag.py:4180} INFO - Setting next_dagrun for example_task_group to None, run_after=None
[2025-05-01T10:05:23.341+0000] {processor.py:208} INFO - Processing /home/airflow/.local/lib/python3.11/site-packages/airflow/example_dags/example_task_group.py took 0.050 seconds
[2025-05-01T10:05:54.220+0000] {processor.py:186} INFO - Started process (PID=543) to work on /home/airflow/.local/lib/python3.11/site-packages/airflow/example_dags/example_task_group.py
[2025-05-01T10:05:54.222+0000] {processor.py:914} INFO - Processing file /home/airflow/.local/lib/python3.11/site-packages/airflow/example_dags/example_task_group.py for tasks to queue
[2025-05-01T10:05:54.230+0000] {logging_mixin.py:190} INFO - [2025-05-01T10:05:54.230+0000] {dagbag.py:588} INFO - Filling up the DagBag from /home/airflow/.local/lib/python3.11/site-packages/airflow/example_dags/example_task_group.py
[2025-05-01T10:05:54.244+0000] {processor.py:925} INFO - DAG(s) 'example_task_group' retrieved from /home/airflow/.local/lib/python3.11/site-packages/airflow/example_dags/example_task_group.py
[2025-05-01T10:05:54.269+0000] {logging_mixin.py:190} INFO - [2025-05-01T10:05:54.269+0000] {dag.py:3239} INFO - Sync 1 DAGs
[2025-05-01T10:05:54.294+0000] {logging_mixin.py:190} INFO - [2025-05-01T10:05:54.294+0000] {dag.py:4180} INFO - Setting next_dagrun for example_task_group to None, run_after=None
[2025-05-01T10:05:54.315+0000] {processor.py:208} INFO - Processing /home/airflow/.local/lib/python3.11/site-packages/airflow/example_dags/example_task_group.py took 0.105 seconds
[2025-05-01T10:06:25.231+0000] {processor.py:186} INFO - Started process (PID=616) to work on /home/airflow/.local/lib/python3.11/site-packages/airflow/example_dags/example_task_group.py
[2025-05-01T10:06:25.233+0000] {processor.py:914} INFO - Processing file /home/airflow/.local/lib/python3.11/site-packages/airflow/example_dags/example_task_group.py for tasks to queue
[2025-05-01T10:06:25.239+0000] {logging_mixin.py:190} INFO - [2025-05-01T10:06:25.239+0000] {dagbag.py:588} INFO - Filling up the DagBag from /home/airflow/.local/lib/python3.11/site-packages/airflow/example_dags/example_task_group.py
[2025-05-01T10:06:25.249+0000] {processor.py:925} INFO - DAG(s) 'example_task_group' retrieved from /home/airflow/.local/lib/python3.11/site-packages/airflow/example_dags/example_task_group.py
[2025-05-01T10:06:25.265+0000] {logging_mixin.py:190} INFO - [2025-05-01T10:06:25.265+0000] {dag.py:3239} INFO - Sync 1 DAGs
[2025-05-01T10:06:25.277+0000] {logging_mixin.py:190} INFO - [2025-05-01T10:06:25.276+0000] {dag.py:4180} INFO - Setting next_dagrun for example_task_group to None, run_after=None
[2025-05-01T10:06:25.289+0000] {processor.py:208} INFO - Processing /home/airflow/.local/lib/python3.11/site-packages/airflow/example_dags/example_task_group.py took 0.074 seconds
[2025-05-01T10:06:57.110+0000] {processor.py:186} INFO - Started process (PID=690) to work on /home/airflow/.local/lib/python3.11/site-packages/airflow/example_dags/example_task_group.py
[2025-05-01T10:06:57.116+0000] {processor.py:914} INFO - Processing file /home/airflow/.local/lib/python3.11/site-packages/airflow/example_dags/example_task_group.py for tasks to queue
[2025-05-01T10:06:57.142+0000] {logging_mixin.py:190} INFO - [2025-05-01T10:06:57.140+0000] {dagbag.py:588} INFO - Filling up the DagBag from /home/airflow/.local/lib/python3.11/site-packages/airflow/example_dags/example_task_group.py
[2025-05-01T10:06:57.285+0000] {processor.py:925} INFO - DAG(s) 'example_task_group' retrieved from /home/airflow/.local/lib/python3.11/site-packages/airflow/example_dags/example_task_group.py
[2025-05-01T10:06:57.568+0000] {logging_mixin.py:190} INFO - [2025-05-01T10:06:57.555+0000] {dag.py:3239} INFO - Sync 1 DAGs
[2025-05-01T10:06:57.827+0000] {logging_mixin.py:190} INFO - [2025-05-01T10:06:57.823+0000] {dag.py:4180} INFO - Setting next_dagrun for example_task_group to None, run_after=None
[2025-05-01T10:06:57.941+0000] {processor.py:208} INFO - Processing /home/airflow/.local/lib/python3.11/site-packages/airflow/example_dags/example_task_group.py took 0.880 seconds
[2025-05-01T10:07:28.159+0000] {processor.py:186} INFO - Started process (PID=762) to work on /home/airflow/.local/lib/python3.11/site-packages/airflow/example_dags/example_task_group.py
[2025-05-01T10:07:28.161+0000] {processor.py:914} INFO - Processing file /home/airflow/.local/lib/python3.11/site-packages/airflow/example_dags/example_task_group.py for tasks to queue
[2025-05-01T10:07:28.164+0000] {logging_mixin.py:190} INFO - [2025-05-01T10:07:28.164+0000] {dagbag.py:588} INFO - Filling up the DagBag from /home/airflow/.local/lib/python3.11/site-packages/airflow/example_dags/example_task_group.py
[2025-05-01T10:07:28.174+0000] {processor.py:925} INFO - DAG(s) 'example_task_group' retrieved from /home/airflow/.local/lib/python3.11/site-packages/airflow/example_dags/example_task_group.py
[2025-05-01T10:07:28.191+0000] {logging_mixin.py:190} INFO - [2025-05-01T10:07:28.191+0000] {dag.py:3239} INFO - Sync 1 DAGs
[2025-05-01T10:07:28.200+0000] {logging_mixin.py:190} INFO - [2025-05-01T10:07:28.200+0000] {dag.py:4180} INFO - Setting next_dagrun for example_task_group to None, run_after=None
[2025-05-01T10:07:28.209+0000] {processor.py:208} INFO - Processing /home/airflow/.local/lib/python3.11/site-packages/airflow/example_dags/example_task_group.py took 0.059 seconds
[2025-05-01T10:07:58.376+0000] {processor.py:186} INFO - Started process (PID=835) to work on /home/airflow/.local/lib/python3.11/site-packages/airflow/example_dags/example_task_group.py
[2025-05-01T10:07:58.377+0000] {processor.py:914} INFO - Processing file /home/airflow/.local/lib/python3.11/site-packages/airflow/example_dags/example_task_group.py for tasks to queue
[2025-05-01T10:07:58.380+0000] {logging_mixin.py:190} INFO - [2025-05-01T10:07:58.379+0000] {dagbag.py:588} INFO - Filling up the DagBag from /home/airflow/.local/lib/python3.11/site-packages/airflow/example_dags/example_task_group.py
[2025-05-01T10:07:58.388+0000] {processor.py:925} INFO - DAG(s) 'example_task_group' retrieved from /home/airflow/.local/lib/python3.11/site-packages/airflow/example_dags/example_task_group.py
[2025-05-01T10:07:58.405+0000] {logging_mixin.py:190} INFO - [2025-05-01T10:07:58.405+0000] {dag.py:3239} INFO - Sync 1 DAGs
[2025-05-01T10:07:58.414+0000] {logging_mixin.py:190} INFO - [2025-05-01T10:07:58.414+0000] {dag.py:4180} INFO - Setting next_dagrun for example_task_group to None, run_after=None
[2025-05-01T10:07:58.424+0000] {processor.py:208} INFO - Processing /home/airflow/.local/lib/python3.11/site-packages/airflow/example_dags/example_task_group.py took 0.055 seconds
[2025-05-01T10:08:28.612+0000] {processor.py:186} INFO - Started process (PID=908) to work on /home/airflow/.local/lib/python3.11/site-packages/airflow/example_dags/example_task_group.py
[2025-05-01T10:08:28.613+0000] {processor.py:914} INFO - Processing file /home/airflow/.local/lib/python3.11/site-packages/airflow/example_dags/example_task_group.py for tasks to queue
[2025-05-01T10:08:28.615+0000] {logging_mixin.py:190} INFO - [2025-05-01T10:08:28.615+0000] {dagbag.py:588} INFO - Filling up the DagBag from /home/airflow/.local/lib/python3.11/site-packages/airflow/example_dags/example_task_group.py
[2025-05-01T10:08:28.620+0000] {processor.py:925} INFO - DAG(s) 'example_task_group' retrieved from /home/airflow/.local/lib/python3.11/site-packages/airflow/example_dags/example_task_group.py
[2025-05-01T10:08:28.633+0000] {logging_mixin.py:190} INFO - [2025-05-01T10:08:28.633+0000] {dag.py:3239} INFO - Sync 1 DAGs
[2025-05-01T10:08:28.641+0000] {logging_mixin.py:190} INFO - [2025-05-01T10:08:28.641+0000] {dag.py:4180} INFO - Setting next_dagrun for example_task_group to None, run_after=None
[2025-05-01T10:08:28.648+0000] {processor.py:208} INFO - Processing /home/airflow/.local/lib/python3.11/site-packages/airflow/example_dags/example_task_group.py took 0.052 seconds
[2025-05-01T10:08:58.902+0000] {processor.py:186} INFO - Started process (PID=980) to work on /home/airflow/.local/lib/python3.11/site-packages/airflow/example_dags/example_task_group.py
[2025-05-01T10:08:58.903+0000] {processor.py:914} INFO - Processing file /home/airflow/.local/lib/python3.11/site-packages/airflow/example_dags/example_task_group.py for tasks to queue
[2025-05-01T10:08:58.905+0000] {logging_mixin.py:190} INFO - [2025-05-01T10:08:58.905+0000] {dagbag.py:588} INFO - Filling up the DagBag from /home/airflow/.local/lib/python3.11/site-packages/airflow/example_dags/example_task_group.py
[2025-05-01T10:08:58.913+0000] {processor.py:925} INFO - DAG(s) 'example_task_group' retrieved from /home/airflow/.local/lib/python3.11/site-packages/airflow/example_dags/example_task_group.py
[2025-05-01T10:08:58.939+0000] {logging_mixin.py:190} INFO - [2025-05-01T10:08:58.939+0000] {dag.py:3239} INFO - Sync 1 DAGs
[2025-05-01T10:08:58.948+0000] {logging_mixin.py:190} INFO - [2025-05-01T10:08:58.948+0000] {dag.py:4180} INFO - Setting next_dagrun for example_task_group to None, run_after=None
[2025-05-01T10:08:58.956+0000] {processor.py:208} INFO - Processing /home/airflow/.local/lib/python3.11/site-packages/airflow/example_dags/example_task_group.py took 0.059 seconds
[2025-05-01T10:09:29.077+0000] {processor.py:186} INFO - Started process (PID=1053) to work on /home/airflow/.local/lib/python3.11/site-packages/airflow/example_dags/example_task_group.py
[2025-05-01T10:09:29.079+0000] {processor.py:914} INFO - Processing file /home/airflow/.local/lib/python3.11/site-packages/airflow/example_dags/example_task_group.py for tasks to queue
[2025-05-01T10:09:29.081+0000] {logging_mixin.py:190} INFO - [2025-05-01T10:09:29.081+0000] {dagbag.py:588} INFO - Filling up the DagBag from /home/airflow/.local/lib/python3.11/site-packages/airflow/example_dags/example_task_group.py
[2025-05-01T10:09:29.094+0000] {processor.py:925} INFO - DAG(s) 'example_task_group' retrieved from /home/airflow/.local/lib/python3.11/site-packages/airflow/example_dags/example_task_group.py
[2025-05-01T10:09:29.111+0000] {logging_mixin.py:190} INFO - [2025-05-01T10:09:29.111+0000] {dag.py:3239} INFO - Sync 1 DAGs
[2025-05-01T10:09:29.126+0000] {logging_mixin.py:190} INFO - [2025-05-01T10:09:29.126+0000] {dag.py:4180} INFO - Setting next_dagrun for example_task_group to None, run_after=None
[2025-05-01T10:09:29.140+0000] {processor.py:208} INFO - Processing /home/airflow/.local/lib/python3.11/site-packages/airflow/example_dags/example_task_group.py took 0.070 seconds
[2025-05-01T10:09:59.251+0000] {processor.py:186} INFO - Started process (PID=1125) to work on /home/airflow/.local/lib/python3.11/site-packages/airflow/example_dags/example_task_group.py
[2025-05-01T10:09:59.253+0000] {processor.py:914} INFO - Processing file /home/airflow/.local/lib/python3.11/site-packages/airflow/example_dags/example_task_group.py for tasks to queue
[2025-05-01T10:09:59.255+0000] {logging_mixin.py:190} INFO - [2025-05-01T10:09:59.255+0000] {dagbag.py:588} INFO - Filling up the DagBag from /home/airflow/.local/lib/python3.11/site-packages/airflow/example_dags/example_task_group.py
[2025-05-01T10:09:59.261+0000] {processor.py:925} INFO - DAG(s) 'example_task_group' retrieved from /home/airflow/.local/lib/python3.11/site-packages/airflow/example_dags/example_task_group.py
[2025-05-01T10:09:59.274+0000] {logging_mixin.py:190} INFO - [2025-05-01T10:09:59.273+0000] {dag.py:3239} INFO - Sync 1 DAGs
[2025-05-01T10:09:59.281+0000] {logging_mixin.py:190} INFO - [2025-05-01T10:09:59.281+0000] {dag.py:4180} INFO - Setting next_dagrun for example_task_group to None, run_after=None
[2025-05-01T10:09:59.288+0000] {processor.py:208} INFO - Processing /home/airflow/.local/lib/python3.11/site-packages/airflow/example_dags/example_task_group.py took 0.045 seconds
[2025-05-01T10:10:29.482+0000] {processor.py:186} INFO - Started process (PID=1198) to work on /home/airflow/.local/lib/python3.11/site-packages/airflow/example_dags/example_task_group.py
[2025-05-01T10:10:29.483+0000] {processor.py:914} INFO - Processing file /home/airflow/.local/lib/python3.11/site-packages/airflow/example_dags/example_task_group.py for tasks to queue
[2025-05-01T10:10:29.486+0000] {logging_mixin.py:190} INFO - [2025-05-01T10:10:29.486+0000] {dagbag.py:588} INFO - Filling up the DagBag from /home/airflow/.local/lib/python3.11/site-packages/airflow/example_dags/example_task_group.py
[2025-05-01T10:10:29.493+0000] {processor.py:925} INFO - DAG(s) 'example_task_group' retrieved from /home/airflow/.local/lib/python3.11/site-packages/airflow/example_dags/example_task_group.py
[2025-05-01T10:10:29.506+0000] {logging_mixin.py:190} INFO - [2025-05-01T10:10:29.506+0000] {dag.py:3239} INFO - Sync 1 DAGs
[2025-05-01T10:10:29.514+0000] {logging_mixin.py:190} INFO - [2025-05-01T10:10:29.514+0000] {dag.py:4180} INFO - Setting next_dagrun for example_task_group to None, run_after=None
[2025-05-01T10:10:29.521+0000] {processor.py:208} INFO - Processing /home/airflow/.local/lib/python3.11/site-packages/airflow/example_dags/example_task_group.py took 0.044 seconds
[2025-05-01T10:10:59.904+0000] {processor.py:186} INFO - Started process (PID=1271) to work on /home/airflow/.local/lib/python3.11/site-packages/airflow/example_dags/example_task_group.py
[2025-05-01T10:10:59.906+0000] {processor.py:914} INFO - Processing file /home/airflow/.local/lib/python3.11/site-packages/airflow/example_dags/example_task_group.py for tasks to queue
[2025-05-01T10:10:59.909+0000] {logging_mixin.py:190} INFO - [2025-05-01T10:10:59.909+0000] {dagbag.py:588} INFO - Filling up the DagBag from /home/airflow/.local/lib/python3.11/site-packages/airflow/example_dags/example_task_group.py
[2025-05-01T10:10:59.917+0000] {processor.py:925} INFO - DAG(s) 'example_task_group' retrieved from /home/airflow/.local/lib/python3.11/site-packages/airflow/example_dags/example_task_group.py
[2025-05-01T10:10:59.931+0000] {logging_mixin.py:190} INFO - [2025-05-01T10:10:59.931+0000] {dag.py:3239} INFO - Sync 1 DAGs
[2025-05-01T10:10:59.937+0000] {logging_mixin.py:190} INFO - [2025-05-01T10:10:59.937+0000] {dag.py:4180} INFO - Setting next_dagrun for example_task_group to None, run_after=None
[2025-05-01T10:10:59.945+0000] {processor.py:208} INFO - Processing /home/airflow/.local/lib/python3.11/site-packages/airflow/example_dags/example_task_group.py took 0.050 seconds
[2025-05-01T10:21:40.374+0000] {processor.py:186} INFO - Started process (PID=1346) to work on /home/airflow/.local/lib/python3.11/site-packages/airflow/example_dags/example_task_group.py
[2025-05-01T10:21:40.375+0000] {processor.py:914} INFO - Processing file /home/airflow/.local/lib/python3.11/site-packages/airflow/example_dags/example_task_group.py for tasks to queue
[2025-05-01T10:21:40.377+0000] {logging_mixin.py:190} INFO - [2025-05-01T10:21:40.377+0000] {dagbag.py:588} INFO - Filling up the DagBag from /home/airflow/.local/lib/python3.11/site-packages/airflow/example_dags/example_task_group.py
[2025-05-01T10:21:40.382+0000] {processor.py:925} INFO - DAG(s) 'example_task_group' retrieved from /home/airflow/.local/lib/python3.11/site-packages/airflow/example_dags/example_task_group.py
[2025-05-01T10:21:40.396+0000] {logging_mixin.py:190} INFO - [2025-05-01T10:21:40.396+0000] {dag.py:3239} INFO - Sync 1 DAGs
[2025-05-01T10:21:40.405+0000] {logging_mixin.py:190} INFO - [2025-05-01T10:21:40.405+0000] {dag.py:4180} INFO - Setting next_dagrun for example_task_group to None, run_after=None
[2025-05-01T10:21:40.413+0000] {processor.py:208} INFO - Processing /home/airflow/.local/lib/python3.11/site-packages/airflow/example_dags/example_task_group.py took 0.043 seconds
