[2025-05-01T10:02:50.581+0000] {processor.py:186} INFO - Started process (PID=143) to work on /home/airflow/.local/lib/python3.11/site-packages/airflow/example_dags/example_task_group_decorator.py
[2025-05-01T10:02:50.585+0000] {processor.py:914} INFO - Processing file /home/airflow/.local/lib/python3.11/site-packages/airflow/example_dags/example_task_group_decorator.py for tasks to queue
[2025-05-01T10:02:50.598+0000] {logging_mixin.py:190} INFO - [2025-05-01T10:02:50.597+0000] {dagbag.py:588} INFO - Filling up the DagBag from /home/airflow/.local/lib/python3.11/site-packages/airflow/example_dags/example_task_group_decorator.py
[2025-05-01T10:02:50.654+0000] {processor.py:925} INFO - DAG(s) 'example_task_group_decorator' retrieved from /home/airflow/.local/lib/python3.11/site-packages/airflow/example_dags/example_task_group_decorator.py
[2025-05-01T10:02:50.734+0000] {logging_mixin.py:190} INFO - [2025-05-01T10:02:50.733+0000] {dag.py:3239} INFO - Sync 1 DAGs
[2025-05-01T10:02:50.787+0000] {logging_mixin.py:190} INFO - [2025-05-01T10:02:50.786+0000] {dag.py:4180} INFO - Setting next_dagrun for example_task_group_decorator to None, run_after=None
[2025-05-01T10:02:50.827+0000] {processor.py:208} INFO - Processing /home/airflow/.local/lib/python3.11/site-packages/airflow/example_dags/example_task_group_decorator.py took 0.295 seconds
[2025-05-01T10:03:21.578+0000] {processor.py:186} INFO - Started process (PID=216) to work on /home/airflow/.local/lib/python3.11/site-packages/airflow/example_dags/example_task_group_decorator.py
[2025-05-01T10:03:21.589+0000] {processor.py:914} INFO - Processing file /home/airflow/.local/lib/python3.11/site-packages/airflow/example_dags/example_task_group_decorator.py for tasks to queue
[2025-05-01T10:03:21.591+0000] {logging_mixin.py:190} INFO - [2025-05-01T10:03:21.591+0000] {dagbag.py:588} INFO - Filling up the DagBag from /home/airflow/.local/lib/python3.11/site-packages/airflow/example_dags/example_task_group_decorator.py
[2025-05-01T10:03:21.603+0000] {processor.py:925} INFO - DAG(s) 'example_task_group_decorator' retrieved from /home/airflow/.local/lib/python3.11/site-packages/airflow/example_dags/example_task_group_decorator.py
[2025-05-01T10:03:21.630+0000] {logging_mixin.py:190} INFO - [2025-05-01T10:03:21.630+0000] {dag.py:3239} INFO - Sync 1 DAGs
[2025-05-01T10:03:21.644+0000] {logging_mixin.py:190} INFO - [2025-05-01T10:03:21.643+0000] {dag.py:4180} INFO - Setting next_dagrun for example_task_group_decorator to None, run_after=None
[2025-05-01T10:03:21.658+0000] {processor.py:208} INFO - Processing /home/airflow/.local/lib/python3.11/site-packages/airflow/example_dags/example_task_group_decorator.py took 0.093 seconds
[2025-05-01T10:03:52.222+0000] {processor.py:186} INFO - Started process (PID=289) to work on /home/airflow/.local/lib/python3.11/site-packages/airflow/example_dags/example_task_group_decorator.py
[2025-05-01T10:03:52.223+0000] {processor.py:914} INFO - Processing file /home/airflow/.local/lib/python3.11/site-packages/airflow/example_dags/example_task_group_decorator.py for tasks to queue
[2025-05-01T10:03:52.225+0000] {logging_mixin.py:190} INFO - [2025-05-01T10:03:52.224+0000] {dagbag.py:588} INFO - Filling up the DagBag from /home/airflow/.local/lib/python3.11/site-packages/airflow/example_dags/example_task_group_decorator.py
[2025-05-01T10:03:52.235+0000] {processor.py:925} INFO - DAG(s) 'example_task_group_decorator' retrieved from /home/airflow/.local/lib/python3.11/site-packages/airflow/example_dags/example_task_group_decorator.py
[2025-05-01T10:03:52.253+0000] {logging_mixin.py:190} INFO - [2025-05-01T10:03:52.253+0000] {dag.py:3239} INFO - Sync 1 DAGs
[2025-05-01T10:03:52.266+0000] {logging_mixin.py:190} INFO - [2025-05-01T10:03:52.266+0000] {dag.py:4180} INFO - Setting next_dagrun for example_task_group_decorator to None, run_after=None
[2025-05-01T10:03:52.279+0000] {processor.py:208} INFO - Processing /home/airflow/.local/lib/python3.11/site-packages/airflow/example_dags/example_task_group_decorator.py took 0.061 seconds
[2025-05-01T10:04:22.394+0000] {processor.py:186} INFO - Started process (PID=361) to work on /home/airflow/.local/lib/python3.11/site-packages/airflow/example_dags/example_task_group_decorator.py
[2025-05-01T10:04:22.395+0000] {processor.py:914} INFO - Processing file /home/airflow/.local/lib/python3.11/site-packages/airflow/example_dags/example_task_group_decorator.py for tasks to queue
[2025-05-01T10:04:22.396+0000] {logging_mixin.py:190} INFO - [2025-05-01T10:04:22.396+0000] {dagbag.py:588} INFO - Filling up the DagBag from /home/airflow/.local/lib/python3.11/site-packages/airflow/example_dags/example_task_group_decorator.py
[2025-05-01T10:04:22.404+0000] {processor.py:925} INFO - DAG(s) 'example_task_group_decorator' retrieved from /home/airflow/.local/lib/python3.11/site-packages/airflow/example_dags/example_task_group_decorator.py
[2025-05-01T10:04:22.416+0000] {logging_mixin.py:190} INFO - [2025-05-01T10:04:22.416+0000] {dag.py:3239} INFO - Sync 1 DAGs
[2025-05-01T10:04:22.422+0000] {logging_mixin.py:190} INFO - [2025-05-01T10:04:22.422+0000] {dag.py:4180} INFO - Setting next_dagrun for example_task_group_decorator to None, run_after=None
[2025-05-01T10:04:22.429+0000] {processor.py:208} INFO - Processing /home/airflow/.local/lib/python3.11/site-packages/airflow/example_dags/example_task_group_decorator.py took 0.038 seconds
[2025-05-01T10:04:55.770+0000] {processor.py:186} INFO - Started process (PID=434) to work on /home/airflow/.local/lib/python3.11/site-packages/airflow/example_dags/example_task_group_decorator.py
[2025-05-01T10:04:55.784+0000] {processor.py:914} INFO - Processing file /home/airflow/.local/lib/python3.11/site-packages/airflow/example_dags/example_task_group_decorator.py for tasks to queue
[2025-05-01T10:04:55.807+0000] {logging_mixin.py:190} INFO - [2025-05-01T10:04:55.806+0000] {dagbag.py:588} INFO - Filling up the DagBag from /home/airflow/.local/lib/python3.11/site-packages/airflow/example_dags/example_task_group_decorator.py
[2025-05-01T10:04:55.851+0000] {processor.py:925} INFO - DAG(s) 'example_task_group_decorator' retrieved from /home/airflow/.local/lib/python3.11/site-packages/airflow/example_dags/example_task_group_decorator.py
[2025-05-01T10:04:55.923+0000] {logging_mixin.py:190} INFO - [2025-05-01T10:04:55.922+0000] {dag.py:3239} INFO - Sync 1 DAGs
[2025-05-01T10:04:55.945+0000] {logging_mixin.py:190} INFO - [2025-05-01T10:04:55.945+0000] {dag.py:4180} INFO - Setting next_dagrun for example_task_group_decorator to None, run_after=None
[2025-05-01T10:04:55.980+0000] {processor.py:208} INFO - Processing /home/airflow/.local/lib/python3.11/site-packages/airflow/example_dags/example_task_group_decorator.py took 0.236 seconds
[2025-05-01T10:05:26.017+0000] {processor.py:186} INFO - Started process (PID=500) to work on /home/airflow/.local/lib/python3.11/site-packages/airflow/example_dags/example_task_group_decorator.py
[2025-05-01T10:05:26.018+0000] {processor.py:914} INFO - Processing file /home/airflow/.local/lib/python3.11/site-packages/airflow/example_dags/example_task_group_decorator.py for tasks to queue
[2025-05-01T10:05:26.020+0000] {logging_mixin.py:190} INFO - [2025-05-01T10:05:26.020+0000] {dagbag.py:588} INFO - Filling up the DagBag from /home/airflow/.local/lib/python3.11/site-packages/airflow/example_dags/example_task_group_decorator.py
[2025-05-01T10:05:26.036+0000] {processor.py:925} INFO - DAG(s) 'example_task_group_decorator' retrieved from /home/airflow/.local/lib/python3.11/site-packages/airflow/example_dags/example_task_group_decorator.py
[2025-05-01T10:05:26.071+0000] {logging_mixin.py:190} INFO - [2025-05-01T10:05:26.071+0000] {dag.py:3239} INFO - Sync 1 DAGs
[2025-05-01T10:05:26.091+0000] {logging_mixin.py:190} INFO - [2025-05-01T10:05:26.091+0000] {dag.py:4180} INFO - Setting next_dagrun for example_task_group_decorator to None, run_after=None
[2025-05-01T10:05:26.104+0000] {processor.py:208} INFO - Processing /home/airflow/.local/lib/python3.11/site-packages/airflow/example_dags/example_task_group_decorator.py took 0.091 seconds
[2025-05-01T10:05:56.998+0000] {processor.py:186} INFO - Started process (PID=572) to work on /home/airflow/.local/lib/python3.11/site-packages/airflow/example_dags/example_task_group_decorator.py
[2025-05-01T10:05:56.999+0000] {processor.py:914} INFO - Processing file /home/airflow/.local/lib/python3.11/site-packages/airflow/example_dags/example_task_group_decorator.py for tasks to queue
[2025-05-01T10:05:57.003+0000] {logging_mixin.py:190} INFO - [2025-05-01T10:05:57.002+0000] {dagbag.py:588} INFO - Filling up the DagBag from /home/airflow/.local/lib/python3.11/site-packages/airflow/example_dags/example_task_group_decorator.py
[2025-05-01T10:05:57.014+0000] {processor.py:925} INFO - DAG(s) 'example_task_group_decorator' retrieved from /home/airflow/.local/lib/python3.11/site-packages/airflow/example_dags/example_task_group_decorator.py
[2025-05-01T10:05:57.037+0000] {logging_mixin.py:190} INFO - [2025-05-01T10:05:57.036+0000] {dag.py:3239} INFO - Sync 1 DAGs
[2025-05-01T10:05:57.050+0000] {logging_mixin.py:190} INFO - [2025-05-01T10:05:57.050+0000] {dag.py:4180} INFO - Setting next_dagrun for example_task_group_decorator to None, run_after=None
[2025-05-01T10:05:57.062+0000] {processor.py:208} INFO - Processing /home/airflow/.local/lib/python3.11/site-packages/airflow/example_dags/example_task_group_decorator.py took 0.072 seconds
[2025-05-01T10:06:27.906+0000] {processor.py:186} INFO - Started process (PID=645) to work on /home/airflow/.local/lib/python3.11/site-packages/airflow/example_dags/example_task_group_decorator.py
[2025-05-01T10:06:27.908+0000] {processor.py:914} INFO - Processing file /home/airflow/.local/lib/python3.11/site-packages/airflow/example_dags/example_task_group_decorator.py for tasks to queue
[2025-05-01T10:06:27.910+0000] {logging_mixin.py:190} INFO - [2025-05-01T10:06:27.910+0000] {dagbag.py:588} INFO - Filling up the DagBag from /home/airflow/.local/lib/python3.11/site-packages/airflow/example_dags/example_task_group_decorator.py
[2025-05-01T10:06:27.923+0000] {processor.py:925} INFO - DAG(s) 'example_task_group_decorator' retrieved from /home/airflow/.local/lib/python3.11/site-packages/airflow/example_dags/example_task_group_decorator.py
[2025-05-01T10:06:27.939+0000] {logging_mixin.py:190} INFO - [2025-05-01T10:06:27.938+0000] {dag.py:3239} INFO - Sync 1 DAGs
[2025-05-01T10:06:27.958+0000] {logging_mixin.py:190} INFO - [2025-05-01T10:06:27.957+0000] {dag.py:4180} INFO - Setting next_dagrun for example_task_group_decorator to None, run_after=None
[2025-05-01T10:06:27.974+0000] {processor.py:208} INFO - Processing /home/airflow/.local/lib/python3.11/site-packages/airflow/example_dags/example_task_group_decorator.py took 0.074 seconds
[2025-05-01T10:07:01.332+0000] {processor.py:186} INFO - Started process (PID=719) to work on /home/airflow/.local/lib/python3.11/site-packages/airflow/example_dags/example_task_group_decorator.py
[2025-05-01T10:07:01.333+0000] {processor.py:914} INFO - Processing file /home/airflow/.local/lib/python3.11/site-packages/airflow/example_dags/example_task_group_decorator.py for tasks to queue
[2025-05-01T10:07:01.336+0000] {logging_mixin.py:190} INFO - [2025-05-01T10:07:01.336+0000] {dagbag.py:588} INFO - Filling up the DagBag from /home/airflow/.local/lib/python3.11/site-packages/airflow/example_dags/example_task_group_decorator.py
[2025-05-01T10:07:01.353+0000] {processor.py:925} INFO - DAG(s) 'example_task_group_decorator' retrieved from /home/airflow/.local/lib/python3.11/site-packages/airflow/example_dags/example_task_group_decorator.py
[2025-05-01T10:07:01.395+0000] {logging_mixin.py:190} INFO - [2025-05-01T10:07:01.394+0000] {dag.py:3239} INFO - Sync 1 DAGs
[2025-05-01T10:07:01.423+0000] {logging_mixin.py:190} INFO - [2025-05-01T10:07:01.423+0000] {dag.py:4180} INFO - Setting next_dagrun for example_task_group_decorator to None, run_after=None
[2025-05-01T10:07:01.451+0000] {processor.py:208} INFO - Processing /home/airflow/.local/lib/python3.11/site-packages/airflow/example_dags/example_task_group_decorator.py took 0.132 seconds
[2025-05-01T10:07:31.497+0000] {processor.py:186} INFO - Started process (PID=791) to work on /home/airflow/.local/lib/python3.11/site-packages/airflow/example_dags/example_task_group_decorator.py
[2025-05-01T10:07:31.499+0000] {processor.py:914} INFO - Processing file /home/airflow/.local/lib/python3.11/site-packages/airflow/example_dags/example_task_group_decorator.py for tasks to queue
[2025-05-01T10:07:31.501+0000] {logging_mixin.py:190} INFO - [2025-05-01T10:07:31.501+0000] {dagbag.py:588} INFO - Filling up the DagBag from /home/airflow/.local/lib/python3.11/site-packages/airflow/example_dags/example_task_group_decorator.py
[2025-05-01T10:07:31.509+0000] {processor.py:925} INFO - DAG(s) 'example_task_group_decorator' retrieved from /home/airflow/.local/lib/python3.11/site-packages/airflow/example_dags/example_task_group_decorator.py
[2025-05-01T10:07:31.525+0000] {logging_mixin.py:190} INFO - [2025-05-01T10:07:31.524+0000] {dag.py:3239} INFO - Sync 1 DAGs
[2025-05-01T10:07:31.531+0000] {logging_mixin.py:190} INFO - [2025-05-01T10:07:31.531+0000] {dag.py:4180} INFO - Setting next_dagrun for example_task_group_decorator to None, run_after=None
[2025-05-01T10:07:31.538+0000] {processor.py:208} INFO - Processing /home/airflow/.local/lib/python3.11/site-packages/airflow/example_dags/example_task_group_decorator.py took 0.045 seconds
[2025-05-01T10:08:01.760+0000] {processor.py:186} INFO - Started process (PID=864) to work on /home/airflow/.local/lib/python3.11/site-packages/airflow/example_dags/example_task_group_decorator.py
[2025-05-01T10:08:01.761+0000] {processor.py:914} INFO - Processing file /home/airflow/.local/lib/python3.11/site-packages/airflow/example_dags/example_task_group_decorator.py for tasks to queue
[2025-05-01T10:08:01.763+0000] {logging_mixin.py:190} INFO - [2025-05-01T10:08:01.763+0000] {dagbag.py:588} INFO - Filling up the DagBag from /home/airflow/.local/lib/python3.11/site-packages/airflow/example_dags/example_task_group_decorator.py
[2025-05-01T10:08:01.771+0000] {processor.py:925} INFO - DAG(s) 'example_task_group_decorator' retrieved from /home/airflow/.local/lib/python3.11/site-packages/airflow/example_dags/example_task_group_decorator.py
[2025-05-01T10:08:01.789+0000] {logging_mixin.py:190} INFO - [2025-05-01T10:08:01.789+0000] {dag.py:3239} INFO - Sync 1 DAGs
[2025-05-01T10:08:01.796+0000] {logging_mixin.py:190} INFO - [2025-05-01T10:08:01.796+0000] {dag.py:4180} INFO - Setting next_dagrun for example_task_group_decorator to None, run_after=None
[2025-05-01T10:08:01.803+0000] {processor.py:208} INFO - Processing /home/airflow/.local/lib/python3.11/site-packages/airflow/example_dags/example_task_group_decorator.py took 0.049 seconds
[2025-05-01T10:08:32.802+0000] {processor.py:186} INFO - Started process (PID=937) to work on /home/airflow/.local/lib/python3.11/site-packages/airflow/example_dags/example_task_group_decorator.py
[2025-05-01T10:08:32.803+0000] {processor.py:914} INFO - Processing file /home/airflow/.local/lib/python3.11/site-packages/airflow/example_dags/example_task_group_decorator.py for tasks to queue
[2025-05-01T10:08:32.804+0000] {logging_mixin.py:190} INFO - [2025-05-01T10:08:32.804+0000] {dagbag.py:588} INFO - Filling up the DagBag from /home/airflow/.local/lib/python3.11/site-packages/airflow/example_dags/example_task_group_decorator.py
[2025-05-01T10:08:32.812+0000] {processor.py:925} INFO - DAG(s) 'example_task_group_decorator' retrieved from /home/airflow/.local/lib/python3.11/site-packages/airflow/example_dags/example_task_group_decorator.py
[2025-05-01T10:08:32.823+0000] {logging_mixin.py:190} INFO - [2025-05-01T10:08:32.823+0000] {dag.py:3239} INFO - Sync 1 DAGs
[2025-05-01T10:08:32.830+0000] {logging_mixin.py:190} INFO - [2025-05-01T10:08:32.830+0000] {dag.py:4180} INFO - Setting next_dagrun for example_task_group_decorator to None, run_after=None
[2025-05-01T10:08:32.837+0000] {processor.py:208} INFO - Processing /home/airflow/.local/lib/python3.11/site-packages/airflow/example_dags/example_task_group_decorator.py took 0.043 seconds
[2025-05-01T10:09:02.961+0000] {processor.py:186} INFO - Started process (PID=1009) to work on /home/airflow/.local/lib/python3.11/site-packages/airflow/example_dags/example_task_group_decorator.py
[2025-05-01T10:09:02.962+0000] {processor.py:914} INFO - Processing file /home/airflow/.local/lib/python3.11/site-packages/airflow/example_dags/example_task_group_decorator.py for tasks to queue
[2025-05-01T10:09:02.963+0000] {logging_mixin.py:190} INFO - [2025-05-01T10:09:02.963+0000] {dagbag.py:588} INFO - Filling up the DagBag from /home/airflow/.local/lib/python3.11/site-packages/airflow/example_dags/example_task_group_decorator.py
[2025-05-01T10:09:02.972+0000] {processor.py:925} INFO - DAG(s) 'example_task_group_decorator' retrieved from /home/airflow/.local/lib/python3.11/site-packages/airflow/example_dags/example_task_group_decorator.py
[2025-05-01T10:09:02.983+0000] {logging_mixin.py:190} INFO - [2025-05-01T10:09:02.983+0000] {dag.py:3239} INFO - Sync 1 DAGs
[2025-05-01T10:09:02.989+0000] {logging_mixin.py:190} INFO - [2025-05-01T10:09:02.988+0000] {dag.py:4180} INFO - Setting next_dagrun for example_task_group_decorator to None, run_after=None
[2025-05-01T10:09:02.997+0000] {processor.py:208} INFO - Processing /home/airflow/.local/lib/python3.11/site-packages/airflow/example_dags/example_task_group_decorator.py took 0.039 seconds
[2025-05-01T10:09:33.237+0000] {processor.py:186} INFO - Started process (PID=1082) to work on /home/airflow/.local/lib/python3.11/site-packages/airflow/example_dags/example_task_group_decorator.py
[2025-05-01T10:09:33.238+0000] {processor.py:914} INFO - Processing file /home/airflow/.local/lib/python3.11/site-packages/airflow/example_dags/example_task_group_decorator.py for tasks to queue
[2025-05-01T10:09:33.239+0000] {logging_mixin.py:190} INFO - [2025-05-01T10:09:33.239+0000] {dagbag.py:588} INFO - Filling up the DagBag from /home/airflow/.local/lib/python3.11/site-packages/airflow/example_dags/example_task_group_decorator.py
[2025-05-01T10:09:33.249+0000] {processor.py:925} INFO - DAG(s) 'example_task_group_decorator' retrieved from /home/airflow/.local/lib/python3.11/site-packages/airflow/example_dags/example_task_group_decorator.py
[2025-05-01T10:09:33.266+0000] {logging_mixin.py:190} INFO - [2025-05-01T10:09:33.266+0000] {dag.py:3239} INFO - Sync 1 DAGs
[2025-05-01T10:09:33.274+0000] {logging_mixin.py:190} INFO - [2025-05-01T10:09:33.274+0000] {dag.py:4180} INFO - Setting next_dagrun for example_task_group_decorator to None, run_after=None
[2025-05-01T10:09:33.280+0000] {processor.py:208} INFO - Processing /home/airflow/.local/lib/python3.11/site-packages/airflow/example_dags/example_task_group_decorator.py took 0.046 seconds
[2025-05-01T10:10:03.400+0000] {processor.py:186} INFO - Started process (PID=1155) to work on /home/airflow/.local/lib/python3.11/site-packages/airflow/example_dags/example_task_group_decorator.py
[2025-05-01T10:10:03.401+0000] {processor.py:914} INFO - Processing file /home/airflow/.local/lib/python3.11/site-packages/airflow/example_dags/example_task_group_decorator.py for tasks to queue
[2025-05-01T10:10:03.402+0000] {logging_mixin.py:190} INFO - [2025-05-01T10:10:03.402+0000] {dagbag.py:588} INFO - Filling up the DagBag from /home/airflow/.local/lib/python3.11/site-packages/airflow/example_dags/example_task_group_decorator.py
[2025-05-01T10:10:03.412+0000] {processor.py:925} INFO - DAG(s) 'example_task_group_decorator' retrieved from /home/airflow/.local/lib/python3.11/site-packages/airflow/example_dags/example_task_group_decorator.py
[2025-05-01T10:10:03.426+0000] {logging_mixin.py:190} INFO - [2025-05-01T10:10:03.426+0000] {dag.py:3239} INFO - Sync 1 DAGs
[2025-05-01T10:10:03.433+0000] {logging_mixin.py:190} INFO - [2025-05-01T10:10:03.433+0000] {dag.py:4180} INFO - Setting next_dagrun for example_task_group_decorator to None, run_after=None
[2025-05-01T10:10:03.444+0000] {processor.py:208} INFO - Processing /home/airflow/.local/lib/python3.11/site-packages/airflow/example_dags/example_task_group_decorator.py took 0.049 seconds
[2025-05-01T10:10:33.742+0000] {processor.py:186} INFO - Started process (PID=1228) to work on /home/airflow/.local/lib/python3.11/site-packages/airflow/example_dags/example_task_group_decorator.py
[2025-05-01T10:10:33.743+0000] {processor.py:914} INFO - Processing file /home/airflow/.local/lib/python3.11/site-packages/airflow/example_dags/example_task_group_decorator.py for tasks to queue
[2025-05-01T10:10:33.745+0000] {logging_mixin.py:190} INFO - [2025-05-01T10:10:33.744+0000] {dagbag.py:588} INFO - Filling up the DagBag from /home/airflow/.local/lib/python3.11/site-packages/airflow/example_dags/example_task_group_decorator.py
[2025-05-01T10:10:33.753+0000] {processor.py:925} INFO - DAG(s) 'example_task_group_decorator' retrieved from /home/airflow/.local/lib/python3.11/site-packages/airflow/example_dags/example_task_group_decorator.py
[2025-05-01T10:10:33.770+0000] {logging_mixin.py:190} INFO - [2025-05-01T10:10:33.770+0000] {dag.py:3239} INFO - Sync 1 DAGs
[2025-05-01T10:10:33.776+0000] {logging_mixin.py:190} INFO - [2025-05-01T10:10:33.776+0000] {dag.py:4180} INFO - Setting next_dagrun for example_task_group_decorator to None, run_after=None
[2025-05-01T10:10:33.782+0000] {processor.py:208} INFO - Processing /home/airflow/.local/lib/python3.11/site-packages/airflow/example_dags/example_task_group_decorator.py took 0.044 seconds
[2025-05-01T10:11:04.184+0000] {processor.py:186} INFO - Started process (PID=1301) to work on /home/airflow/.local/lib/python3.11/site-packages/airflow/example_dags/example_task_group_decorator.py
[2025-05-01T10:11:04.185+0000] {processor.py:914} INFO - Processing file /home/airflow/.local/lib/python3.11/site-packages/airflow/example_dags/example_task_group_decorator.py for tasks to queue
[2025-05-01T10:11:04.186+0000] {logging_mixin.py:190} INFO - [2025-05-01T10:11:04.186+0000] {dagbag.py:588} INFO - Filling up the DagBag from /home/airflow/.local/lib/python3.11/site-packages/airflow/example_dags/example_task_group_decorator.py
[2025-05-01T10:11:04.194+0000] {processor.py:925} INFO - DAG(s) 'example_task_group_decorator' retrieved from /home/airflow/.local/lib/python3.11/site-packages/airflow/example_dags/example_task_group_decorator.py
[2025-05-01T10:11:04.208+0000] {logging_mixin.py:190} INFO - [2025-05-01T10:11:04.208+0000] {dag.py:3239} INFO - Sync 1 DAGs
[2025-05-01T10:11:04.214+0000] {logging_mixin.py:190} INFO - [2025-05-01T10:11:04.214+0000] {dag.py:4180} INFO - Setting next_dagrun for example_task_group_decorator to None, run_after=None
[2025-05-01T10:11:04.220+0000] {processor.py:208} INFO - Processing /home/airflow/.local/lib/python3.11/site-packages/airflow/example_dags/example_task_group_decorator.py took 0.039 seconds
[2025-05-01T10:21:41.642+0000] {processor.py:186} INFO - Started process (PID=1375) to work on /home/airflow/.local/lib/python3.11/site-packages/airflow/example_dags/example_task_group_decorator.py
[2025-05-01T10:21:41.643+0000] {processor.py:914} INFO - Processing file /home/airflow/.local/lib/python3.11/site-packages/airflow/example_dags/example_task_group_decorator.py for tasks to queue
[2025-05-01T10:21:41.645+0000] {logging_mixin.py:190} INFO - [2025-05-01T10:21:41.644+0000] {dagbag.py:588} INFO - Filling up the DagBag from /home/airflow/.local/lib/python3.11/site-packages/airflow/example_dags/example_task_group_decorator.py
[2025-05-01T10:21:41.655+0000] {processor.py:925} INFO - DAG(s) 'example_task_group_decorator' retrieved from /home/airflow/.local/lib/python3.11/site-packages/airflow/example_dags/example_task_group_decorator.py
[2025-05-01T10:21:41.671+0000] {logging_mixin.py:190} INFO - [2025-05-01T10:21:41.670+0000] {dag.py:3239} INFO - Sync 1 DAGs
[2025-05-01T10:21:41.679+0000] {logging_mixin.py:190} INFO - [2025-05-01T10:21:41.679+0000] {dag.py:4180} INFO - Setting next_dagrun for example_task_group_decorator to None, run_after=None
[2025-05-01T10:21:41.692+0000] {processor.py:208} INFO - Processing /home/airflow/.local/lib/python3.11/site-packages/airflow/example_dags/example_task_group_decorator.py took 0.055 seconds
