[2025-05-01T10:02:49.926+0000] {processor.py:186} INFO - Started process (PID=139) to work on /home/airflow/.local/lib/python3.11/site-packages/airflow/example_dags/example_sensors.py
[2025-05-01T10:02:49.929+0000] {processor.py:914} INFO - Processing file /home/airflow/.local/lib/python3.11/site-packages/airflow/example_dags/example_sensors.py for tasks to queue
[2025-05-01T10:02:49.931+0000] {logging_mixin.py:190} INFO - [2025-05-01T10:02:49.931+0000] {dagbag.py:588} INFO - Filling up the DagBag from /home/airflow/.local/lib/python3.11/site-packages/airflow/example_dags/example_sensors.py
[2025-05-01T10:02:49.940+0000] {processor.py:925} INFO - DAG(s) 'example_sensors' retrieved from /home/airflow/.local/lib/python3.11/site-packages/airflow/example_dags/example_sensors.py
[2025-05-01T10:02:49.970+0000] {logging_mixin.py:190} INFO - [2025-05-01T10:02:49.969+0000] {dag.py:3239} INFO - Sync 1 DAGs
[2025-05-01T10:02:49.981+0000] {logging_mixin.py:190} INFO - [2025-05-01T10:02:49.981+0000] {dag.py:4180} INFO - Setting next_dagrun for example_sensors to None, run_after=None
[2025-05-01T10:02:49.994+0000] {processor.py:208} INFO - Processing /home/airflow/.local/lib/python3.11/site-packages/airflow/example_dags/example_sensors.py took 0.072 seconds
[2025-05-01T10:03:20.333+0000] {processor.py:186} INFO - Started process (PID=212) to work on /home/airflow/.local/lib/python3.11/site-packages/airflow/example_dags/example_sensors.py
[2025-05-01T10:03:20.334+0000] {processor.py:914} INFO - Processing file /home/airflow/.local/lib/python3.11/site-packages/airflow/example_dags/example_sensors.py for tasks to queue
[2025-05-01T10:03:20.338+0000] {logging_mixin.py:190} INFO - [2025-05-01T10:03:20.337+0000] {dagbag.py:588} INFO - Filling up the DagBag from /home/airflow/.local/lib/python3.11/site-packages/airflow/example_dags/example_sensors.py
[2025-05-01T10:03:20.349+0000] {processor.py:925} INFO - DAG(s) 'example_sensors' retrieved from /home/airflow/.local/lib/python3.11/site-packages/airflow/example_dags/example_sensors.py
[2025-05-01T10:03:20.369+0000] {logging_mixin.py:190} INFO - [2025-05-01T10:03:20.369+0000] {dag.py:3239} INFO - Sync 1 DAGs
[2025-05-01T10:03:20.386+0000] {logging_mixin.py:190} INFO - [2025-05-01T10:03:20.386+0000] {dag.py:4180} INFO - Setting next_dagrun for example_sensors to None, run_after=None
[2025-05-01T10:03:20.400+0000] {processor.py:208} INFO - Processing /home/airflow/.local/lib/python3.11/site-packages/airflow/example_dags/example_sensors.py took 0.072 seconds
[2025-05-01T10:03:51.056+0000] {processor.py:186} INFO - Started process (PID=285) to work on /home/airflow/.local/lib/python3.11/site-packages/airflow/example_dags/example_sensors.py
[2025-05-01T10:03:51.057+0000] {processor.py:914} INFO - Processing file /home/airflow/.local/lib/python3.11/site-packages/airflow/example_dags/example_sensors.py for tasks to queue
[2025-05-01T10:03:51.058+0000] {logging_mixin.py:190} INFO - [2025-05-01T10:03:51.058+0000] {dagbag.py:588} INFO - Filling up the DagBag from /home/airflow/.local/lib/python3.11/site-packages/airflow/example_dags/example_sensors.py
[2025-05-01T10:03:51.064+0000] {processor.py:925} INFO - DAG(s) 'example_sensors' retrieved from /home/airflow/.local/lib/python3.11/site-packages/airflow/example_dags/example_sensors.py
[2025-05-01T10:03:51.082+0000] {logging_mixin.py:190} INFO - [2025-05-01T10:03:51.082+0000] {dag.py:3239} INFO - Sync 1 DAGs
[2025-05-01T10:03:51.090+0000] {logging_mixin.py:190} INFO - [2025-05-01T10:03:51.090+0000] {dag.py:4180} INFO - Setting next_dagrun for example_sensors to None, run_after=None
[2025-05-01T10:03:51.098+0000] {processor.py:208} INFO - Processing /home/airflow/.local/lib/python3.11/site-packages/airflow/example_dags/example_sensors.py took 0.046 seconds
[2025-05-01T10:04:22.280+0000] {processor.py:186} INFO - Started process (PID=358) to work on /home/airflow/.local/lib/python3.11/site-packages/airflow/example_dags/example_sensors.py
[2025-05-01T10:04:22.280+0000] {processor.py:914} INFO - Processing file /home/airflow/.local/lib/python3.11/site-packages/airflow/example_dags/example_sensors.py for tasks to queue
[2025-05-01T10:04:22.282+0000] {logging_mixin.py:190} INFO - [2025-05-01T10:04:22.282+0000] {dagbag.py:588} INFO - Filling up the DagBag from /home/airflow/.local/lib/python3.11/site-packages/airflow/example_dags/example_sensors.py
[2025-05-01T10:04:22.288+0000] {processor.py:925} INFO - DAG(s) 'example_sensors' retrieved from /home/airflow/.local/lib/python3.11/site-packages/airflow/example_dags/example_sensors.py
[2025-05-01T10:04:22.299+0000] {logging_mixin.py:190} INFO - [2025-05-01T10:04:22.299+0000] {dag.py:3239} INFO - Sync 1 DAGs
[2025-05-01T10:04:22.305+0000] {logging_mixin.py:190} INFO - [2025-05-01T10:04:22.305+0000] {dag.py:4180} INFO - Setting next_dagrun for example_sensors to None, run_after=None
[2025-05-01T10:04:22.312+0000] {processor.py:208} INFO - Processing /home/airflow/.local/lib/python3.11/site-packages/airflow/example_dags/example_sensors.py took 0.035 seconds
[2025-05-01T10:04:55.142+0000] {processor.py:186} INFO - Started process (PID=431) to work on /home/airflow/.local/lib/python3.11/site-packages/airflow/example_dags/example_sensors.py
[2025-05-01T10:04:55.143+0000] {processor.py:914} INFO - Processing file /home/airflow/.local/lib/python3.11/site-packages/airflow/example_dags/example_sensors.py for tasks to queue
[2025-05-01T10:04:55.144+0000] {logging_mixin.py:190} INFO - [2025-05-01T10:04:55.144+0000] {dagbag.py:588} INFO - Filling up the DagBag from /home/airflow/.local/lib/python3.11/site-packages/airflow/example_dags/example_sensors.py
[2025-05-01T10:04:55.158+0000] {processor.py:925} INFO - DAG(s) 'example_sensors' retrieved from /home/airflow/.local/lib/python3.11/site-packages/airflow/example_dags/example_sensors.py
[2025-05-01T10:04:55.214+0000] {logging_mixin.py:190} INFO - [2025-05-01T10:04:55.214+0000] {dag.py:3239} INFO - Sync 1 DAGs
[2025-05-01T10:04:55.252+0000] {logging_mixin.py:190} INFO - [2025-05-01T10:04:55.252+0000] {dag.py:4180} INFO - Setting next_dagrun for example_sensors to None, run_after=None
[2025-05-01T10:04:55.311+0000] {processor.py:208} INFO - Processing /home/airflow/.local/lib/python3.11/site-packages/airflow/example_dags/example_sensors.py took 0.172 seconds
[2025-05-01T10:05:25.505+0000] {processor.py:186} INFO - Started process (PID=496) to work on /home/airflow/.local/lib/python3.11/site-packages/airflow/example_dags/example_sensors.py
[2025-05-01T10:05:25.527+0000] {processor.py:914} INFO - Processing file /home/airflow/.local/lib/python3.11/site-packages/airflow/example_dags/example_sensors.py for tasks to queue
[2025-05-01T10:05:25.537+0000] {logging_mixin.py:190} INFO - [2025-05-01T10:05:25.536+0000] {dagbag.py:588} INFO - Filling up the DagBag from /home/airflow/.local/lib/python3.11/site-packages/airflow/example_dags/example_sensors.py
[2025-05-01T10:05:25.574+0000] {processor.py:925} INFO - DAG(s) 'example_sensors' retrieved from /home/airflow/.local/lib/python3.11/site-packages/airflow/example_dags/example_sensors.py
[2025-05-01T10:05:25.672+0000] {logging_mixin.py:190} INFO - [2025-05-01T10:05:25.671+0000] {dag.py:3239} INFO - Sync 1 DAGs
[2025-05-01T10:05:25.733+0000] {logging_mixin.py:190} INFO - [2025-05-01T10:05:25.733+0000] {dag.py:4180} INFO - Setting next_dagrun for example_sensors to None, run_after=None
[2025-05-01T10:05:25.770+0000] {processor.py:208} INFO - Processing /home/airflow/.local/lib/python3.11/site-packages/airflow/example_dags/example_sensors.py took 0.276 seconds
[2025-05-01T10:05:56.793+0000] {processor.py:186} INFO - Started process (PID=569) to work on /home/airflow/.local/lib/python3.11/site-packages/airflow/example_dags/example_sensors.py
[2025-05-01T10:05:56.797+0000] {processor.py:914} INFO - Processing file /home/airflow/.local/lib/python3.11/site-packages/airflow/example_dags/example_sensors.py for tasks to queue
[2025-05-01T10:05:56.804+0000] {logging_mixin.py:190} INFO - [2025-05-01T10:05:56.803+0000] {dagbag.py:588} INFO - Filling up the DagBag from /home/airflow/.local/lib/python3.11/site-packages/airflow/example_dags/example_sensors.py
[2025-05-01T10:05:56.816+0000] {processor.py:925} INFO - DAG(s) 'example_sensors' retrieved from /home/airflow/.local/lib/python3.11/site-packages/airflow/example_dags/example_sensors.py
[2025-05-01T10:05:56.840+0000] {logging_mixin.py:190} INFO - [2025-05-01T10:05:56.840+0000] {dag.py:3239} INFO - Sync 1 DAGs
[2025-05-01T10:05:56.854+0000] {logging_mixin.py:190} INFO - [2025-05-01T10:05:56.854+0000] {dag.py:4180} INFO - Setting next_dagrun for example_sensors to None, run_after=None
[2025-05-01T10:05:56.873+0000] {processor.py:208} INFO - Processing /home/airflow/.local/lib/python3.11/site-packages/airflow/example_dags/example_sensors.py took 0.084 seconds
[2025-05-01T10:06:27.784+0000] {processor.py:186} INFO - Started process (PID=642) to work on /home/airflow/.local/lib/python3.11/site-packages/airflow/example_dags/example_sensors.py
[2025-05-01T10:06:27.785+0000] {processor.py:914} INFO - Processing file /home/airflow/.local/lib/python3.11/site-packages/airflow/example_dags/example_sensors.py for tasks to queue
[2025-05-01T10:06:27.788+0000] {logging_mixin.py:190} INFO - [2025-05-01T10:06:27.787+0000] {dagbag.py:588} INFO - Filling up the DagBag from /home/airflow/.local/lib/python3.11/site-packages/airflow/example_dags/example_sensors.py
[2025-05-01T10:06:27.796+0000] {processor.py:925} INFO - DAG(s) 'example_sensors' retrieved from /home/airflow/.local/lib/python3.11/site-packages/airflow/example_dags/example_sensors.py
[2025-05-01T10:06:27.819+0000] {logging_mixin.py:190} INFO - [2025-05-01T10:06:27.819+0000] {dag.py:3239} INFO - Sync 1 DAGs
[2025-05-01T10:06:27.827+0000] {logging_mixin.py:190} INFO - [2025-05-01T10:06:27.826+0000] {dag.py:4180} INFO - Setting next_dagrun for example_sensors to None, run_after=None
[2025-05-01T10:06:27.840+0000] {processor.py:208} INFO - Processing /home/airflow/.local/lib/python3.11/site-packages/airflow/example_dags/example_sensors.py took 0.069 seconds
[2025-05-01T10:07:01.003+0000] {processor.py:186} INFO - Started process (PID=715) to work on /home/airflow/.local/lib/python3.11/site-packages/airflow/example_dags/example_sensors.py
[2025-05-01T10:07:01.006+0000] {processor.py:914} INFO - Processing file /home/airflow/.local/lib/python3.11/site-packages/airflow/example_dags/example_sensors.py for tasks to queue
[2025-05-01T10:07:01.008+0000] {logging_mixin.py:190} INFO - [2025-05-01T10:07:01.008+0000] {dagbag.py:588} INFO - Filling up the DagBag from /home/airflow/.local/lib/python3.11/site-packages/airflow/example_dags/example_sensors.py
[2025-05-01T10:07:01.023+0000] {processor.py:925} INFO - DAG(s) 'example_sensors' retrieved from /home/airflow/.local/lib/python3.11/site-packages/airflow/example_dags/example_sensors.py
[2025-05-01T10:07:01.061+0000] {logging_mixin.py:190} INFO - [2025-05-01T10:07:01.061+0000] {dag.py:3239} INFO - Sync 1 DAGs
[2025-05-01T10:07:01.083+0000] {logging_mixin.py:190} INFO - [2025-05-01T10:07:01.083+0000] {dag.py:4180} INFO - Setting next_dagrun for example_sensors to None, run_after=None
[2025-05-01T10:07:01.104+0000] {processor.py:208} INFO - Processing /home/airflow/.local/lib/python3.11/site-packages/airflow/example_dags/example_sensors.py took 0.110 seconds
[2025-05-01T10:07:31.395+0000] {processor.py:186} INFO - Started process (PID=788) to work on /home/airflow/.local/lib/python3.11/site-packages/airflow/example_dags/example_sensors.py
[2025-05-01T10:07:31.397+0000] {processor.py:914} INFO - Processing file /home/airflow/.local/lib/python3.11/site-packages/airflow/example_dags/example_sensors.py for tasks to queue
[2025-05-01T10:07:31.398+0000] {logging_mixin.py:190} INFO - [2025-05-01T10:07:31.398+0000] {dagbag.py:588} INFO - Filling up the DagBag from /home/airflow/.local/lib/python3.11/site-packages/airflow/example_dags/example_sensors.py
[2025-05-01T10:07:31.404+0000] {processor.py:925} INFO - DAG(s) 'example_sensors' retrieved from /home/airflow/.local/lib/python3.11/site-packages/airflow/example_dags/example_sensors.py
[2025-05-01T10:07:31.423+0000] {logging_mixin.py:190} INFO - [2025-05-01T10:07:31.423+0000] {dag.py:3239} INFO - Sync 1 DAGs
[2025-05-01T10:07:31.430+0000] {logging_mixin.py:190} INFO - [2025-05-01T10:07:31.430+0000] {dag.py:4180} INFO - Setting next_dagrun for example_sensors to None, run_after=None
[2025-05-01T10:07:31.445+0000] {processor.py:208} INFO - Processing /home/airflow/.local/lib/python3.11/site-packages/airflow/example_dags/example_sensors.py took 0.055 seconds
[2025-05-01T10:08:01.641+0000] {processor.py:186} INFO - Started process (PID=861) to work on /home/airflow/.local/lib/python3.11/site-packages/airflow/example_dags/example_sensors.py
[2025-05-01T10:08:01.642+0000] {processor.py:914} INFO - Processing file /home/airflow/.local/lib/python3.11/site-packages/airflow/example_dags/example_sensors.py for tasks to queue
[2025-05-01T10:08:01.644+0000] {logging_mixin.py:190} INFO - [2025-05-01T10:08:01.644+0000] {dagbag.py:588} INFO - Filling up the DagBag from /home/airflow/.local/lib/python3.11/site-packages/airflow/example_dags/example_sensors.py
[2025-05-01T10:08:01.655+0000] {processor.py:925} INFO - DAG(s) 'example_sensors' retrieved from /home/airflow/.local/lib/python3.11/site-packages/airflow/example_dags/example_sensors.py
[2025-05-01T10:08:01.684+0000] {logging_mixin.py:190} INFO - [2025-05-01T10:08:01.684+0000] {dag.py:3239} INFO - Sync 1 DAGs
[2025-05-01T10:08:01.694+0000] {logging_mixin.py:190} INFO - [2025-05-01T10:08:01.694+0000] {dag.py:4180} INFO - Setting next_dagrun for example_sensors to None, run_after=None
[2025-05-01T10:08:01.711+0000] {processor.py:208} INFO - Processing /home/airflow/.local/lib/python3.11/site-packages/airflow/example_dags/example_sensors.py took 0.074 seconds
[2025-05-01T10:08:32.701+0000] {processor.py:186} INFO - Started process (PID=934) to work on /home/airflow/.local/lib/python3.11/site-packages/airflow/example_dags/example_sensors.py
[2025-05-01T10:08:32.702+0000] {processor.py:914} INFO - Processing file /home/airflow/.local/lib/python3.11/site-packages/airflow/example_dags/example_sensors.py for tasks to queue
[2025-05-01T10:08:32.703+0000] {logging_mixin.py:190} INFO - [2025-05-01T10:08:32.703+0000] {dagbag.py:588} INFO - Filling up the DagBag from /home/airflow/.local/lib/python3.11/site-packages/airflow/example_dags/example_sensors.py
[2025-05-01T10:08:32.710+0000] {processor.py:925} INFO - DAG(s) 'example_sensors' retrieved from /home/airflow/.local/lib/python3.11/site-packages/airflow/example_dags/example_sensors.py
[2025-05-01T10:08:32.722+0000] {logging_mixin.py:190} INFO - [2025-05-01T10:08:32.722+0000] {dag.py:3239} INFO - Sync 1 DAGs
[2025-05-01T10:08:32.731+0000] {logging_mixin.py:190} INFO - [2025-05-01T10:08:32.730+0000] {dag.py:4180} INFO - Setting next_dagrun for example_sensors to None, run_after=None
[2025-05-01T10:08:32.743+0000] {processor.py:208} INFO - Processing /home/airflow/.local/lib/python3.11/site-packages/airflow/example_dags/example_sensors.py took 0.045 seconds
[2025-05-01T10:09:02.864+0000] {processor.py:186} INFO - Started process (PID=1006) to work on /home/airflow/.local/lib/python3.11/site-packages/airflow/example_dags/example_sensors.py
[2025-05-01T10:09:02.866+0000] {processor.py:914} INFO - Processing file /home/airflow/.local/lib/python3.11/site-packages/airflow/example_dags/example_sensors.py for tasks to queue
[2025-05-01T10:09:02.869+0000] {logging_mixin.py:190} INFO - [2025-05-01T10:09:02.869+0000] {dagbag.py:588} INFO - Filling up the DagBag from /home/airflow/.local/lib/python3.11/site-packages/airflow/example_dags/example_sensors.py
[2025-05-01T10:09:02.877+0000] {processor.py:925} INFO - DAG(s) 'example_sensors' retrieved from /home/airflow/.local/lib/python3.11/site-packages/airflow/example_dags/example_sensors.py
[2025-05-01T10:09:02.894+0000] {logging_mixin.py:190} INFO - [2025-05-01T10:09:02.894+0000] {dag.py:3239} INFO - Sync 1 DAGs
[2025-05-01T10:09:02.901+0000] {logging_mixin.py:190} INFO - [2025-05-01T10:09:02.901+0000] {dag.py:4180} INFO - Setting next_dagrun for example_sensors to None, run_after=None
[2025-05-01T10:09:02.908+0000] {processor.py:208} INFO - Processing /home/airflow/.local/lib/python3.11/site-packages/airflow/example_dags/example_sensors.py took 0.048 seconds
[2025-05-01T10:09:33.166+0000] {processor.py:186} INFO - Started process (PID=1079) to work on /home/airflow/.local/lib/python3.11/site-packages/airflow/example_dags/example_sensors.py
[2025-05-01T10:09:33.166+0000] {processor.py:914} INFO - Processing file /home/airflow/.local/lib/python3.11/site-packages/airflow/example_dags/example_sensors.py for tasks to queue
[2025-05-01T10:09:33.168+0000] {logging_mixin.py:190} INFO - [2025-05-01T10:09:33.168+0000] {dagbag.py:588} INFO - Filling up the DagBag from /home/airflow/.local/lib/python3.11/site-packages/airflow/example_dags/example_sensors.py
[2025-05-01T10:09:33.175+0000] {processor.py:925} INFO - DAG(s) 'example_sensors' retrieved from /home/airflow/.local/lib/python3.11/site-packages/airflow/example_dags/example_sensors.py
[2025-05-01T10:09:33.190+0000] {logging_mixin.py:190} INFO - [2025-05-01T10:09:33.190+0000] {dag.py:3239} INFO - Sync 1 DAGs
[2025-05-01T10:09:33.198+0000] {logging_mixin.py:190} INFO - [2025-05-01T10:09:33.198+0000] {dag.py:4180} INFO - Setting next_dagrun for example_sensors to None, run_after=None
[2025-05-01T10:09:33.212+0000] {processor.py:208} INFO - Processing /home/airflow/.local/lib/python3.11/site-packages/airflow/example_dags/example_sensors.py took 0.050 seconds
[2025-05-01T10:10:03.333+0000] {processor.py:186} INFO - Started process (PID=1152) to work on /home/airflow/.local/lib/python3.11/site-packages/airflow/example_dags/example_sensors.py
[2025-05-01T10:10:03.334+0000] {processor.py:914} INFO - Processing file /home/airflow/.local/lib/python3.11/site-packages/airflow/example_dags/example_sensors.py for tasks to queue
[2025-05-01T10:10:03.336+0000] {logging_mixin.py:190} INFO - [2025-05-01T10:10:03.336+0000] {dagbag.py:588} INFO - Filling up the DagBag from /home/airflow/.local/lib/python3.11/site-packages/airflow/example_dags/example_sensors.py
[2025-05-01T10:10:03.342+0000] {processor.py:925} INFO - DAG(s) 'example_sensors' retrieved from /home/airflow/.local/lib/python3.11/site-packages/airflow/example_dags/example_sensors.py
[2025-05-01T10:10:03.354+0000] {logging_mixin.py:190} INFO - [2025-05-01T10:10:03.353+0000] {dag.py:3239} INFO - Sync 1 DAGs
[2025-05-01T10:10:03.360+0000] {logging_mixin.py:190} INFO - [2025-05-01T10:10:03.360+0000] {dag.py:4180} INFO - Setting next_dagrun for example_sensors to None, run_after=None
[2025-05-01T10:10:03.371+0000] {processor.py:208} INFO - Processing /home/airflow/.local/lib/python3.11/site-packages/airflow/example_dags/example_sensors.py took 0.041 seconds
[2025-05-01T10:10:33.643+0000] {processor.py:186} INFO - Started process (PID=1225) to work on /home/airflow/.local/lib/python3.11/site-packages/airflow/example_dags/example_sensors.py
[2025-05-01T10:10:33.644+0000] {processor.py:914} INFO - Processing file /home/airflow/.local/lib/python3.11/site-packages/airflow/example_dags/example_sensors.py for tasks to queue
[2025-05-01T10:10:33.645+0000] {logging_mixin.py:190} INFO - [2025-05-01T10:10:33.645+0000] {dagbag.py:588} INFO - Filling up the DagBag from /home/airflow/.local/lib/python3.11/site-packages/airflow/example_dags/example_sensors.py
[2025-05-01T10:10:33.653+0000] {processor.py:925} INFO - DAG(s) 'example_sensors' retrieved from /home/airflow/.local/lib/python3.11/site-packages/airflow/example_dags/example_sensors.py
[2025-05-01T10:10:33.667+0000] {logging_mixin.py:190} INFO - [2025-05-01T10:10:33.667+0000] {dag.py:3239} INFO - Sync 1 DAGs
[2025-05-01T10:10:33.673+0000] {logging_mixin.py:190} INFO - [2025-05-01T10:10:33.673+0000] {dag.py:4180} INFO - Setting next_dagrun for example_sensors to None, run_after=None
[2025-05-01T10:10:33.683+0000] {processor.py:208} INFO - Processing /home/airflow/.local/lib/python3.11/site-packages/airflow/example_dags/example_sensors.py took 0.044 seconds
[2025-05-01T10:11:04.123+0000] {processor.py:186} INFO - Started process (PID=1298) to work on /home/airflow/.local/lib/python3.11/site-packages/airflow/example_dags/example_sensors.py
[2025-05-01T10:11:04.123+0000] {processor.py:914} INFO - Processing file /home/airflow/.local/lib/python3.11/site-packages/airflow/example_dags/example_sensors.py for tasks to queue
[2025-05-01T10:11:04.125+0000] {logging_mixin.py:190} INFO - [2025-05-01T10:11:04.125+0000] {dagbag.py:588} INFO - Filling up the DagBag from /home/airflow/.local/lib/python3.11/site-packages/airflow/example_dags/example_sensors.py
[2025-05-01T10:11:04.131+0000] {processor.py:925} INFO - DAG(s) 'example_sensors' retrieved from /home/airflow/.local/lib/python3.11/site-packages/airflow/example_dags/example_sensors.py
[2025-05-01T10:11:04.145+0000] {logging_mixin.py:190} INFO - [2025-05-01T10:11:04.145+0000] {dag.py:3239} INFO - Sync 1 DAGs
[2025-05-01T10:11:04.151+0000] {logging_mixin.py:190} INFO - [2025-05-01T10:11:04.151+0000] {dag.py:4180} INFO - Setting next_dagrun for example_sensors to None, run_after=None
[2025-05-01T10:11:04.158+0000] {processor.py:208} INFO - Processing /home/airflow/.local/lib/python3.11/site-packages/airflow/example_dags/example_sensors.py took 0.039 seconds
[2025-05-01T10:21:41.474+0000] {processor.py:186} INFO - Started process (PID=1371) to work on /home/airflow/.local/lib/python3.11/site-packages/airflow/example_dags/example_sensors.py
[2025-05-01T10:21:41.477+0000] {processor.py:914} INFO - Processing file /home/airflow/.local/lib/python3.11/site-packages/airflow/example_dags/example_sensors.py for tasks to queue
[2025-05-01T10:21:41.479+0000] {logging_mixin.py:190} INFO - [2025-05-01T10:21:41.479+0000] {dagbag.py:588} INFO - Filling up the DagBag from /home/airflow/.local/lib/python3.11/site-packages/airflow/example_dags/example_sensors.py
[2025-05-01T10:21:41.485+0000] {processor.py:925} INFO - DAG(s) 'example_sensors' retrieved from /home/airflow/.local/lib/python3.11/site-packages/airflow/example_dags/example_sensors.py
[2025-05-01T10:21:41.498+0000] {logging_mixin.py:190} INFO - [2025-05-01T10:21:41.498+0000] {dag.py:3239} INFO - Sync 1 DAGs
[2025-05-01T10:21:41.509+0000] {logging_mixin.py:190} INFO - [2025-05-01T10:21:41.509+0000] {dag.py:4180} INFO - Setting next_dagrun for example_sensors to None, run_after=None
[2025-05-01T10:21:41.518+0000] {processor.py:208} INFO - Processing /home/airflow/.local/lib/python3.11/site-packages/airflow/example_dags/example_sensors.py took 0.048 seconds
