[2025-05-01T10:02:40.949+0000] {processor.py:186} INFO - Started process (PID=91) to work on /home/airflow/.local/lib/python3.11/site-packages/airflow/example_dags/example_outlet_event_extra.py
[2025-05-01T10:02:40.952+0000] {processor.py:914} INFO - Processing file /home/airflow/.local/lib/python3.11/site-packages/airflow/example_dags/example_outlet_event_extra.py for tasks to queue
[2025-05-01T10:02:40.960+0000] {logging_mixin.py:190} INFO - [2025-05-01T10:02:40.960+0000] {dagbag.py:588} INFO - Filling up the DagBag from /home/airflow/.local/lib/python3.11/site-packages/airflow/example_dags/example_outlet_event_extra.py
[2025-05-01T10:02:43.063+0000] {processor.py:925} INFO - DAG(s) 'dataset_with_extra_by_context', 'dataset_with_extra_from_classic_operator', 'dataset_with_extra_by_yield' retrieved from /home/airflow/.local/lib/python3.11/site-packages/airflow/example_dags/example_outlet_event_extra.py
[2025-05-01T10:02:43.126+0000] {logging_mixin.py:190} INFO - [2025-05-01T10:02:43.126+0000] {dag.py:3239} INFO - Sync 3 DAGs
[2025-05-01T10:02:43.166+0000] {logging_mixin.py:190} INFO - [2025-05-01T10:02:43.166+0000] {dag.py:4180} INFO - Setting next_dagrun for dataset_with_extra_by_context to 2025-04-30 00:00:00+00:00, run_after=2025-05-01 00:00:00+00:00
[2025-05-01T10:02:43.184+0000] {logging_mixin.py:190} INFO - [2025-05-01T10:02:43.183+0000] {dag.py:4180} INFO - Setting next_dagrun for dataset_with_extra_by_yield to 2025-04-30 00:00:00+00:00, run_after=2025-05-01 00:00:00+00:00
[2025-05-01T10:02:43.192+0000] {logging_mixin.py:190} INFO - [2025-05-01T10:02:43.192+0000] {dag.py:4180} INFO - Setting next_dagrun for dataset_with_extra_from_classic_operator to 2025-04-30 00:00:00+00:00, run_after=2025-05-01 00:00:00+00:00
[2025-05-01T10:02:43.234+0000] {processor.py:208} INFO - Processing /home/airflow/.local/lib/python3.11/site-packages/airflow/example_dags/example_outlet_event_extra.py took 2.292 seconds
[2025-05-01T10:03:13.721+0000] {processor.py:186} INFO - Started process (PID=162) to work on /home/airflow/.local/lib/python3.11/site-packages/airflow/example_dags/example_outlet_event_extra.py
[2025-05-01T10:03:13.724+0000] {processor.py:914} INFO - Processing file /home/airflow/.local/lib/python3.11/site-packages/airflow/example_dags/example_outlet_event_extra.py for tasks to queue
[2025-05-01T10:03:13.729+0000] {logging_mixin.py:190} INFO - [2025-05-01T10:03:13.728+0000] {dagbag.py:588} INFO - Filling up the DagBag from /home/airflow/.local/lib/python3.11/site-packages/airflow/example_dags/example_outlet_event_extra.py
[2025-05-01T10:03:14.044+0000] {processor.py:925} INFO - DAG(s) 'dataset_with_extra_by_yield', 'dataset_with_extra_by_context', 'dataset_with_extra_from_classic_operator' retrieved from /home/airflow/.local/lib/python3.11/site-packages/airflow/example_dags/example_outlet_event_extra.py
[2025-05-01T10:03:14.058+0000] {logging_mixin.py:190} INFO - [2025-05-01T10:03:14.058+0000] {dag.py:3239} INFO - Sync 3 DAGs
[2025-05-01T10:03:14.069+0000] {logging_mixin.py:190} INFO - [2025-05-01T10:03:14.069+0000] {dag.py:4180} INFO - Setting next_dagrun for dataset_with_extra_by_context to 2025-04-30 00:00:00+00:00, run_after=2025-05-01 00:00:00+00:00
[2025-05-01T10:03:14.071+0000] {logging_mixin.py:190} INFO - [2025-05-01T10:03:14.071+0000] {dag.py:4180} INFO - Setting next_dagrun for dataset_with_extra_by_yield to 2025-04-30 00:00:00+00:00, run_after=2025-05-01 00:00:00+00:00
[2025-05-01T10:03:14.071+0000] {logging_mixin.py:190} INFO - [2025-05-01T10:03:14.071+0000] {dag.py:4180} INFO - Setting next_dagrun for dataset_with_extra_from_classic_operator to 2025-04-30 00:00:00+00:00, run_after=2025-05-01 00:00:00+00:00
[2025-05-01T10:03:14.080+0000] {processor.py:208} INFO - Processing /home/airflow/.local/lib/python3.11/site-packages/airflow/example_dags/example_outlet_event_extra.py took 0.371 seconds
[2025-05-01T10:03:44.594+0000] {processor.py:186} INFO - Started process (PID=235) to work on /home/airflow/.local/lib/python3.11/site-packages/airflow/example_dags/example_outlet_event_extra.py
[2025-05-01T10:03:44.596+0000] {processor.py:914} INFO - Processing file /home/airflow/.local/lib/python3.11/site-packages/airflow/example_dags/example_outlet_event_extra.py for tasks to queue
[2025-05-01T10:03:44.598+0000] {logging_mixin.py:190} INFO - [2025-05-01T10:03:44.598+0000] {dagbag.py:588} INFO - Filling up the DagBag from /home/airflow/.local/lib/python3.11/site-packages/airflow/example_dags/example_outlet_event_extra.py
[2025-05-01T10:03:44.903+0000] {processor.py:925} INFO - DAG(s) 'dataset_with_extra_by_context', 'dataset_with_extra_by_yield', 'dataset_with_extra_from_classic_operator' retrieved from /home/airflow/.local/lib/python3.11/site-packages/airflow/example_dags/example_outlet_event_extra.py
[2025-05-01T10:03:44.915+0000] {logging_mixin.py:190} INFO - [2025-05-01T10:03:44.915+0000] {dag.py:3239} INFO - Sync 3 DAGs
[2025-05-01T10:03:44.926+0000] {logging_mixin.py:190} INFO - [2025-05-01T10:03:44.926+0000] {dag.py:4180} INFO - Setting next_dagrun for dataset_with_extra_by_context to 2025-04-30 00:00:00+00:00, run_after=2025-05-01 00:00:00+00:00
[2025-05-01T10:03:44.929+0000] {logging_mixin.py:190} INFO - [2025-05-01T10:03:44.929+0000] {dag.py:4180} INFO - Setting next_dagrun for dataset_with_extra_by_yield to 2025-04-30 00:00:00+00:00, run_after=2025-05-01 00:00:00+00:00
[2025-05-01T10:03:44.930+0000] {logging_mixin.py:190} INFO - [2025-05-01T10:03:44.930+0000] {dag.py:4180} INFO - Setting next_dagrun for dataset_with_extra_from_classic_operator to 2025-04-30 00:00:00+00:00, run_after=2025-05-01 00:00:00+00:00
[2025-05-01T10:03:44.955+0000] {processor.py:208} INFO - Processing /home/airflow/.local/lib/python3.11/site-packages/airflow/example_dags/example_outlet_event_extra.py took 0.370 seconds
[2025-05-01T10:04:15.039+0000] {processor.py:186} INFO - Started process (PID=312) to work on /home/airflow/.local/lib/python3.11/site-packages/airflow/example_dags/example_outlet_event_extra.py
[2025-05-01T10:04:15.040+0000] {processor.py:914} INFO - Processing file /home/airflow/.local/lib/python3.11/site-packages/airflow/example_dags/example_outlet_event_extra.py for tasks to queue
[2025-05-01T10:04:15.041+0000] {logging_mixin.py:190} INFO - [2025-05-01T10:04:15.041+0000] {dagbag.py:588} INFO - Filling up the DagBag from /home/airflow/.local/lib/python3.11/site-packages/airflow/example_dags/example_outlet_event_extra.py
[2025-05-01T10:04:15.283+0000] {processor.py:925} INFO - DAG(s) 'dataset_with_extra_by_context', 'dataset_with_extra_from_classic_operator', 'dataset_with_extra_by_yield' retrieved from /home/airflow/.local/lib/python3.11/site-packages/airflow/example_dags/example_outlet_event_extra.py
[2025-05-01T10:04:15.299+0000] {logging_mixin.py:190} INFO - [2025-05-01T10:04:15.299+0000] {dag.py:3239} INFO - Sync 3 DAGs
[2025-05-01T10:04:15.311+0000] {logging_mixin.py:190} INFO - [2025-05-01T10:04:15.311+0000] {dag.py:4180} INFO - Setting next_dagrun for dataset_with_extra_by_context to 2025-04-30 00:00:00+00:00, run_after=2025-05-01 00:00:00+00:00
[2025-05-01T10:04:15.313+0000] {logging_mixin.py:190} INFO - [2025-05-01T10:04:15.313+0000] {dag.py:4180} INFO - Setting next_dagrun for dataset_with_extra_by_yield to 2025-04-30 00:00:00+00:00, run_after=2025-05-01 00:00:00+00:00
[2025-05-01T10:04:15.314+0000] {logging_mixin.py:190} INFO - [2025-05-01T10:04:15.314+0000] {dag.py:4180} INFO - Setting next_dagrun for dataset_with_extra_from_classic_operator to 2025-04-30 00:00:00+00:00, run_after=2025-05-01 00:00:00+00:00
[2025-05-01T10:04:15.323+0000] {processor.py:208} INFO - Processing /home/airflow/.local/lib/python3.11/site-packages/airflow/example_dags/example_outlet_event_extra.py took 0.287 seconds
[2025-05-01T10:04:45.695+0000] {processor.py:186} INFO - Started process (PID=381) to work on /home/airflow/.local/lib/python3.11/site-packages/airflow/example_dags/example_outlet_event_extra.py
[2025-05-01T10:04:45.697+0000] {processor.py:914} INFO - Processing file /home/airflow/.local/lib/python3.11/site-packages/airflow/example_dags/example_outlet_event_extra.py for tasks to queue
[2025-05-01T10:04:45.702+0000] {logging_mixin.py:190} INFO - [2025-05-01T10:04:45.701+0000] {dagbag.py:588} INFO - Filling up the DagBag from /home/airflow/.local/lib/python3.11/site-packages/airflow/example_dags/example_outlet_event_extra.py
[2025-05-01T10:04:46.097+0000] {processor.py:925} INFO - DAG(s) 'dataset_with_extra_by_yield', 'dataset_with_extra_by_context', 'dataset_with_extra_from_classic_operator' retrieved from /home/airflow/.local/lib/python3.11/site-packages/airflow/example_dags/example_outlet_event_extra.py
[2025-05-01T10:04:46.137+0000] {logging_mixin.py:190} INFO - [2025-05-01T10:04:46.137+0000] {dag.py:3239} INFO - Sync 3 DAGs
[2025-05-01T10:04:46.235+0000] {logging_mixin.py:190} INFO - [2025-05-01T10:04:46.234+0000] {dag.py:4180} INFO - Setting next_dagrun for dataset_with_extra_by_context to 2025-04-30 00:00:00+00:00, run_after=2025-05-01 00:00:00+00:00
[2025-05-01T10:04:46.239+0000] {logging_mixin.py:190} INFO - [2025-05-01T10:04:46.238+0000] {dag.py:4180} INFO - Setting next_dagrun for dataset_with_extra_by_yield to 2025-04-30 00:00:00+00:00, run_after=2025-05-01 00:00:00+00:00
[2025-05-01T10:04:46.240+0000] {logging_mixin.py:190} INFO - [2025-05-01T10:04:46.240+0000] {dag.py:4180} INFO - Setting next_dagrun for dataset_with_extra_from_classic_operator to 2025-04-30 00:00:00+00:00, run_after=2025-05-01 00:00:00+00:00
[2025-05-01T10:04:46.252+0000] {processor.py:208} INFO - Processing /home/airflow/.local/lib/python3.11/site-packages/airflow/example_dags/example_outlet_event_extra.py took 0.583 seconds
[2025-05-01T10:05:16.843+0000] {processor.py:186} INFO - Started process (PID=454) to work on /home/airflow/.local/lib/python3.11/site-packages/airflow/example_dags/example_outlet_event_extra.py
[2025-05-01T10:05:16.845+0000] {processor.py:914} INFO - Processing file /home/airflow/.local/lib/python3.11/site-packages/airflow/example_dags/example_outlet_event_extra.py for tasks to queue
[2025-05-01T10:05:16.852+0000] {logging_mixin.py:190} INFO - [2025-05-01T10:05:16.851+0000] {dagbag.py:588} INFO - Filling up the DagBag from /home/airflow/.local/lib/python3.11/site-packages/airflow/example_dags/example_outlet_event_extra.py
[2025-05-01T10:05:17.215+0000] {processor.py:925} INFO - DAG(s) 'dataset_with_extra_by_context', 'dataset_with_extra_by_yield', 'dataset_with_extra_from_classic_operator' retrieved from /home/airflow/.local/lib/python3.11/site-packages/airflow/example_dags/example_outlet_event_extra.py
[2025-05-01T10:05:17.229+0000] {logging_mixin.py:190} INFO - [2025-05-01T10:05:17.228+0000] {dag.py:3239} INFO - Sync 3 DAGs
[2025-05-01T10:05:17.252+0000] {logging_mixin.py:190} INFO - [2025-05-01T10:05:17.251+0000] {dag.py:4180} INFO - Setting next_dagrun for dataset_with_extra_by_context to 2025-04-30 00:00:00+00:00, run_after=2025-05-01 00:00:00+00:00
[2025-05-01T10:05:17.256+0000] {logging_mixin.py:190} INFO - [2025-05-01T10:05:17.255+0000] {dag.py:4180} INFO - Setting next_dagrun for dataset_with_extra_by_yield to 2025-04-30 00:00:00+00:00, run_after=2025-05-01 00:00:00+00:00
[2025-05-01T10:05:17.258+0000] {logging_mixin.py:190} INFO - [2025-05-01T10:05:17.258+0000] {dag.py:4180} INFO - Setting next_dagrun for dataset_with_extra_from_classic_operator to 2025-04-30 00:00:00+00:00, run_after=2025-05-01 00:00:00+00:00
[2025-05-01T10:05:17.273+0000] {processor.py:208} INFO - Processing /home/airflow/.local/lib/python3.11/site-packages/airflow/example_dags/example_outlet_event_extra.py took 0.455 seconds
[2025-05-01T10:05:47.912+0000] {processor.py:186} INFO - Started process (PID=527) to work on /home/airflow/.local/lib/python3.11/site-packages/airflow/example_dags/example_outlet_event_extra.py
[2025-05-01T10:05:47.919+0000] {processor.py:914} INFO - Processing file /home/airflow/.local/lib/python3.11/site-packages/airflow/example_dags/example_outlet_event_extra.py for tasks to queue
[2025-05-01T10:05:47.932+0000] {logging_mixin.py:190} INFO - [2025-05-01T10:05:47.932+0000] {dagbag.py:588} INFO - Filling up the DagBag from /home/airflow/.local/lib/python3.11/site-packages/airflow/example_dags/example_outlet_event_extra.py
[2025-05-01T10:05:48.946+0000] {processor.py:925} INFO - DAG(s) 'dataset_with_extra_by_yield', 'dataset_with_extra_from_classic_operator', 'dataset_with_extra_by_context' retrieved from /home/airflow/.local/lib/python3.11/site-packages/airflow/example_dags/example_outlet_event_extra.py
[2025-05-01T10:05:48.983+0000] {logging_mixin.py:190} INFO - [2025-05-01T10:05:48.983+0000] {dag.py:3239} INFO - Sync 3 DAGs
[2025-05-01T10:05:49.036+0000] {logging_mixin.py:190} INFO - [2025-05-01T10:05:49.036+0000] {dag.py:4180} INFO - Setting next_dagrun for dataset_with_extra_by_context to 2025-04-30 00:00:00+00:00, run_after=2025-05-01 00:00:00+00:00
[2025-05-01T10:05:49.042+0000] {logging_mixin.py:190} INFO - [2025-05-01T10:05:49.042+0000] {dag.py:4180} INFO - Setting next_dagrun for dataset_with_extra_by_yield to 2025-04-30 00:00:00+00:00, run_after=2025-05-01 00:00:00+00:00
[2025-05-01T10:05:49.045+0000] {logging_mixin.py:190} INFO - [2025-05-01T10:05:49.045+0000] {dag.py:4180} INFO - Setting next_dagrun for dataset_with_extra_from_classic_operator to 2025-04-30 00:00:00+00:00, run_after=2025-05-01 00:00:00+00:00
[2025-05-01T10:05:49.077+0000] {processor.py:208} INFO - Processing /home/airflow/.local/lib/python3.11/site-packages/airflow/example_dags/example_outlet_event_extra.py took 1.174 seconds
[2025-05-01T10:06:19.487+0000] {processor.py:186} INFO - Started process (PID=600) to work on /home/airflow/.local/lib/python3.11/site-packages/airflow/example_dags/example_outlet_event_extra.py
[2025-05-01T10:06:19.492+0000] {processor.py:914} INFO - Processing file /home/airflow/.local/lib/python3.11/site-packages/airflow/example_dags/example_outlet_event_extra.py for tasks to queue
[2025-05-01T10:06:19.517+0000] {logging_mixin.py:190} INFO - [2025-05-01T10:06:19.512+0000] {dagbag.py:588} INFO - Filling up the DagBag from /home/airflow/.local/lib/python3.11/site-packages/airflow/example_dags/example_outlet_event_extra.py
[2025-05-01T10:06:20.720+0000] {processor.py:925} INFO - DAG(s) 'dataset_with_extra_by_context', 'dataset_with_extra_from_classic_operator', 'dataset_with_extra_by_yield' retrieved from /home/airflow/.local/lib/python3.11/site-packages/airflow/example_dags/example_outlet_event_extra.py
[2025-05-01T10:06:20.787+0000] {logging_mixin.py:190} INFO - [2025-05-01T10:06:20.787+0000] {dag.py:3239} INFO - Sync 3 DAGs
[2025-05-01T10:06:20.825+0000] {logging_mixin.py:190} INFO - [2025-05-01T10:06:20.825+0000] {dag.py:4180} INFO - Setting next_dagrun for dataset_with_extra_by_context to 2025-04-30 00:00:00+00:00, run_after=2025-05-01 00:00:00+00:00
[2025-05-01T10:06:20.834+0000] {logging_mixin.py:190} INFO - [2025-05-01T10:06:20.834+0000] {dag.py:4180} INFO - Setting next_dagrun for dataset_with_extra_by_yield to 2025-04-30 00:00:00+00:00, run_after=2025-05-01 00:00:00+00:00
[2025-05-01T10:06:20.835+0000] {logging_mixin.py:190} INFO - [2025-05-01T10:06:20.835+0000] {dag.py:4180} INFO - Setting next_dagrun for dataset_with_extra_from_classic_operator to 2025-04-30 00:00:00+00:00, run_after=2025-05-01 00:00:00+00:00
[2025-05-01T10:06:20.869+0000] {processor.py:208} INFO - Processing /home/airflow/.local/lib/python3.11/site-packages/airflow/example_dags/example_outlet_event_extra.py took 1.442 seconds
[2025-05-01T10:06:51.667+0000] {processor.py:186} INFO - Started process (PID=677) to work on /home/airflow/.local/lib/python3.11/site-packages/airflow/example_dags/example_outlet_event_extra.py
[2025-05-01T10:06:51.669+0000] {processor.py:914} INFO - Processing file /home/airflow/.local/lib/python3.11/site-packages/airflow/example_dags/example_outlet_event_extra.py for tasks to queue
[2025-05-01T10:06:51.671+0000] {logging_mixin.py:190} INFO - [2025-05-01T10:06:51.671+0000] {dagbag.py:588} INFO - Filling up the DagBag from /home/airflow/.local/lib/python3.11/site-packages/airflow/example_dags/example_outlet_event_extra.py
[2025-05-01T10:06:52.540+0000] {processor.py:925} INFO - DAG(s) 'dataset_with_extra_from_classic_operator', 'dataset_with_extra_by_yield', 'dataset_with_extra_by_context' retrieved from /home/airflow/.local/lib/python3.11/site-packages/airflow/example_dags/example_outlet_event_extra.py
[2025-05-01T10:06:52.655+0000] {logging_mixin.py:190} INFO - [2025-05-01T10:06:52.654+0000] {dag.py:3239} INFO - Sync 3 DAGs
[2025-05-01T10:06:52.763+0000] {logging_mixin.py:190} INFO - [2025-05-01T10:06:52.762+0000] {dag.py:4180} INFO - Setting next_dagrun for dataset_with_extra_by_context to 2025-04-30 00:00:00+00:00, run_after=2025-05-01 00:00:00+00:00
[2025-05-01T10:06:52.773+0000] {logging_mixin.py:190} INFO - [2025-05-01T10:06:52.773+0000] {dag.py:4180} INFO - Setting next_dagrun for dataset_with_extra_by_yield to 2025-04-30 00:00:00+00:00, run_after=2025-05-01 00:00:00+00:00
[2025-05-01T10:06:52.782+0000] {logging_mixin.py:190} INFO - [2025-05-01T10:06:52.782+0000] {dag.py:4180} INFO - Setting next_dagrun for dataset_with_extra_from_classic_operator to 2025-04-30 00:00:00+00:00, run_after=2025-05-01 00:00:00+00:00
[2025-05-01T10:06:52.908+0000] {processor.py:208} INFO - Processing /home/airflow/.local/lib/python3.11/site-packages/airflow/example_dags/example_outlet_event_extra.py took 1.245 seconds
[2025-05-01T10:07:23.475+0000] {processor.py:186} INFO - Started process (PID=753) to work on /home/airflow/.local/lib/python3.11/site-packages/airflow/example_dags/example_outlet_event_extra.py
[2025-05-01T10:07:23.478+0000] {processor.py:914} INFO - Processing file /home/airflow/.local/lib/python3.11/site-packages/airflow/example_dags/example_outlet_event_extra.py for tasks to queue
[2025-05-01T10:07:23.479+0000] {logging_mixin.py:190} INFO - [2025-05-01T10:07:23.479+0000] {dagbag.py:588} INFO - Filling up the DagBag from /home/airflow/.local/lib/python3.11/site-packages/airflow/example_dags/example_outlet_event_extra.py
[2025-05-01T10:07:23.759+0000] {processor.py:925} INFO - DAG(s) 'dataset_with_extra_by_yield', 'dataset_with_extra_from_classic_operator', 'dataset_with_extra_by_context' retrieved from /home/airflow/.local/lib/python3.11/site-packages/airflow/example_dags/example_outlet_event_extra.py
[2025-05-01T10:07:23.776+0000] {logging_mixin.py:190} INFO - [2025-05-01T10:07:23.776+0000] {dag.py:3239} INFO - Sync 3 DAGs
[2025-05-01T10:07:23.788+0000] {logging_mixin.py:190} INFO - [2025-05-01T10:07:23.788+0000] {dag.py:4180} INFO - Setting next_dagrun for dataset_with_extra_by_context to 2025-04-30 00:00:00+00:00, run_after=2025-05-01 00:00:00+00:00
[2025-05-01T10:07:23.790+0000] {logging_mixin.py:190} INFO - [2025-05-01T10:07:23.790+0000] {dag.py:4180} INFO - Setting next_dagrun for dataset_with_extra_by_yield to 2025-04-30 00:00:00+00:00, run_after=2025-05-01 00:00:00+00:00
[2025-05-01T10:07:23.791+0000] {logging_mixin.py:190} INFO - [2025-05-01T10:07:23.790+0000] {dag.py:4180} INFO - Setting next_dagrun for dataset_with_extra_from_classic_operator to 2025-04-30 00:00:00+00:00, run_after=2025-05-01 00:00:00+00:00
[2025-05-01T10:07:23.804+0000] {processor.py:208} INFO - Processing /home/airflow/.local/lib/python3.11/site-packages/airflow/example_dags/example_outlet_event_extra.py took 0.337 seconds
[2025-05-01T10:07:53.894+0000] {processor.py:186} INFO - Started process (PID=828) to work on /home/airflow/.local/lib/python3.11/site-packages/airflow/example_dags/example_outlet_event_extra.py
[2025-05-01T10:07:53.894+0000] {processor.py:914} INFO - Processing file /home/airflow/.local/lib/python3.11/site-packages/airflow/example_dags/example_outlet_event_extra.py for tasks to queue
[2025-05-01T10:07:53.895+0000] {logging_mixin.py:190} INFO - [2025-05-01T10:07:53.895+0000] {dagbag.py:588} INFO - Filling up the DagBag from /home/airflow/.local/lib/python3.11/site-packages/airflow/example_dags/example_outlet_event_extra.py
[2025-05-01T10:07:54.099+0000] {processor.py:925} INFO - DAG(s) 'dataset_with_extra_by_context', 'dataset_with_extra_from_classic_operator', 'dataset_with_extra_by_yield' retrieved from /home/airflow/.local/lib/python3.11/site-packages/airflow/example_dags/example_outlet_event_extra.py
[2025-05-01T10:07:54.117+0000] {logging_mixin.py:190} INFO - [2025-05-01T10:07:54.117+0000] {dag.py:3239} INFO - Sync 3 DAGs
[2025-05-01T10:07:54.133+0000] {logging_mixin.py:190} INFO - [2025-05-01T10:07:54.133+0000] {dag.py:4180} INFO - Setting next_dagrun for dataset_with_extra_by_context to 2025-04-30 00:00:00+00:00, run_after=2025-05-01 00:00:00+00:00
[2025-05-01T10:07:54.135+0000] {logging_mixin.py:190} INFO - [2025-05-01T10:07:54.135+0000] {dag.py:4180} INFO - Setting next_dagrun for dataset_with_extra_by_yield to 2025-04-30 00:00:00+00:00, run_after=2025-05-01 00:00:00+00:00
[2025-05-01T10:07:54.136+0000] {logging_mixin.py:190} INFO - [2025-05-01T10:07:54.136+0000] {dag.py:4180} INFO - Setting next_dagrun for dataset_with_extra_from_classic_operator to 2025-04-30 00:00:00+00:00, run_after=2025-05-01 00:00:00+00:00
[2025-05-01T10:07:54.147+0000] {processor.py:208} INFO - Processing /home/airflow/.local/lib/python3.11/site-packages/airflow/example_dags/example_outlet_event_extra.py took 0.256 seconds
[2025-05-01T10:08:24.193+0000] {processor.py:186} INFO - Started process (PID=901) to work on /home/airflow/.local/lib/python3.11/site-packages/airflow/example_dags/example_outlet_event_extra.py
[2025-05-01T10:08:24.194+0000] {processor.py:914} INFO - Processing file /home/airflow/.local/lib/python3.11/site-packages/airflow/example_dags/example_outlet_event_extra.py for tasks to queue
[2025-05-01T10:08:24.195+0000] {logging_mixin.py:190} INFO - [2025-05-01T10:08:24.195+0000] {dagbag.py:588} INFO - Filling up the DagBag from /home/airflow/.local/lib/python3.11/site-packages/airflow/example_dags/example_outlet_event_extra.py
[2025-05-01T10:08:24.436+0000] {processor.py:925} INFO - DAG(s) 'dataset_with_extra_from_classic_operator', 'dataset_with_extra_by_context', 'dataset_with_extra_by_yield' retrieved from /home/airflow/.local/lib/python3.11/site-packages/airflow/example_dags/example_outlet_event_extra.py
[2025-05-01T10:08:24.452+0000] {logging_mixin.py:190} INFO - [2025-05-01T10:08:24.452+0000] {dag.py:3239} INFO - Sync 3 DAGs
[2025-05-01T10:08:24.466+0000] {logging_mixin.py:190} INFO - [2025-05-01T10:08:24.466+0000] {dag.py:4180} INFO - Setting next_dagrun for dataset_with_extra_by_context to 2025-04-30 00:00:00+00:00, run_after=2025-05-01 00:00:00+00:00
[2025-05-01T10:08:24.469+0000] {logging_mixin.py:190} INFO - [2025-05-01T10:08:24.469+0000] {dag.py:4180} INFO - Setting next_dagrun for dataset_with_extra_by_yield to 2025-04-30 00:00:00+00:00, run_after=2025-05-01 00:00:00+00:00
[2025-05-01T10:08:24.471+0000] {logging_mixin.py:190} INFO - [2025-05-01T10:08:24.471+0000] {dag.py:4180} INFO - Setting next_dagrun for dataset_with_extra_from_classic_operator to 2025-04-30 00:00:00+00:00, run_after=2025-05-01 00:00:00+00:00
[2025-05-01T10:08:24.481+0000] {processor.py:208} INFO - Processing /home/airflow/.local/lib/python3.11/site-packages/airflow/example_dags/example_outlet_event_extra.py took 0.295 seconds
[2025-05-01T10:08:55.521+0000] {processor.py:186} INFO - Started process (PID=973) to work on /home/airflow/.local/lib/python3.11/site-packages/airflow/example_dags/example_outlet_event_extra.py
[2025-05-01T10:08:55.522+0000] {processor.py:914} INFO - Processing file /home/airflow/.local/lib/python3.11/site-packages/airflow/example_dags/example_outlet_event_extra.py for tasks to queue
[2025-05-01T10:08:55.524+0000] {logging_mixin.py:190} INFO - [2025-05-01T10:08:55.524+0000] {dagbag.py:588} INFO - Filling up the DagBag from /home/airflow/.local/lib/python3.11/site-packages/airflow/example_dags/example_outlet_event_extra.py
[2025-05-01T10:08:55.731+0000] {processor.py:925} INFO - DAG(s) 'dataset_with_extra_by_yield', 'dataset_with_extra_from_classic_operator', 'dataset_with_extra_by_context' retrieved from /home/airflow/.local/lib/python3.11/site-packages/airflow/example_dags/example_outlet_event_extra.py
[2025-05-01T10:08:55.744+0000] {logging_mixin.py:190} INFO - [2025-05-01T10:08:55.744+0000] {dag.py:3239} INFO - Sync 3 DAGs
[2025-05-01T10:08:55.760+0000] {logging_mixin.py:190} INFO - [2025-05-01T10:08:55.760+0000] {dag.py:4180} INFO - Setting next_dagrun for dataset_with_extra_by_context to 2025-04-30 00:00:00+00:00, run_after=2025-05-01 00:00:00+00:00
[2025-05-01T10:08:55.762+0000] {logging_mixin.py:190} INFO - [2025-05-01T10:08:55.762+0000] {dag.py:4180} INFO - Setting next_dagrun for dataset_with_extra_by_yield to 2025-04-30 00:00:00+00:00, run_after=2025-05-01 00:00:00+00:00
[2025-05-01T10:08:55.763+0000] {logging_mixin.py:190} INFO - [2025-05-01T10:08:55.763+0000] {dag.py:4180} INFO - Setting next_dagrun for dataset_with_extra_from_classic_operator to 2025-04-30 00:00:00+00:00, run_after=2025-05-01 00:00:00+00:00
[2025-05-01T10:08:55.772+0000] {processor.py:208} INFO - Processing /home/airflow/.local/lib/python3.11/site-packages/airflow/example_dags/example_outlet_event_extra.py took 0.261 seconds
[2025-05-01T10:09:26.756+0000] {processor.py:186} INFO - Started process (PID=1046) to work on /home/airflow/.local/lib/python3.11/site-packages/airflow/example_dags/example_outlet_event_extra.py
[2025-05-01T10:09:26.758+0000] {processor.py:914} INFO - Processing file /home/airflow/.local/lib/python3.11/site-packages/airflow/example_dags/example_outlet_event_extra.py for tasks to queue
[2025-05-01T10:09:26.761+0000] {logging_mixin.py:190} INFO - [2025-05-01T10:09:26.760+0000] {dagbag.py:588} INFO - Filling up the DagBag from /home/airflow/.local/lib/python3.11/site-packages/airflow/example_dags/example_outlet_event_extra.py
[2025-05-01T10:09:26.988+0000] {processor.py:925} INFO - DAG(s) 'dataset_with_extra_from_classic_operator', 'dataset_with_extra_by_yield', 'dataset_with_extra_by_context' retrieved from /home/airflow/.local/lib/python3.11/site-packages/airflow/example_dags/example_outlet_event_extra.py
[2025-05-01T10:09:27.001+0000] {logging_mixin.py:190} INFO - [2025-05-01T10:09:27.001+0000] {dag.py:3239} INFO - Sync 3 DAGs
[2025-05-01T10:09:27.011+0000] {logging_mixin.py:190} INFO - [2025-05-01T10:09:27.011+0000] {dag.py:4180} INFO - Setting next_dagrun for dataset_with_extra_by_context to 2025-04-30 00:00:00+00:00, run_after=2025-05-01 00:00:00+00:00
[2025-05-01T10:09:27.013+0000] {logging_mixin.py:190} INFO - [2025-05-01T10:09:27.013+0000] {dag.py:4180} INFO - Setting next_dagrun for dataset_with_extra_by_yield to 2025-04-30 00:00:00+00:00, run_after=2025-05-01 00:00:00+00:00
[2025-05-01T10:09:27.014+0000] {logging_mixin.py:190} INFO - [2025-05-01T10:09:27.014+0000] {dag.py:4180} INFO - Setting next_dagrun for dataset_with_extra_from_classic_operator to 2025-04-30 00:00:00+00:00, run_after=2025-05-01 00:00:00+00:00
[2025-05-01T10:09:27.021+0000] {processor.py:208} INFO - Processing /home/airflow/.local/lib/python3.11/site-packages/airflow/example_dags/example_outlet_event_extra.py took 0.276 seconds
[2025-05-01T10:09:57.884+0000] {processor.py:186} INFO - Started process (PID=1119) to work on /home/airflow/.local/lib/python3.11/site-packages/airflow/example_dags/example_outlet_event_extra.py
[2025-05-01T10:09:57.888+0000] {processor.py:914} INFO - Processing file /home/airflow/.local/lib/python3.11/site-packages/airflow/example_dags/example_outlet_event_extra.py for tasks to queue
[2025-05-01T10:09:57.890+0000] {logging_mixin.py:190} INFO - [2025-05-01T10:09:57.890+0000] {dagbag.py:588} INFO - Filling up the DagBag from /home/airflow/.local/lib/python3.11/site-packages/airflow/example_dags/example_outlet_event_extra.py
[2025-05-01T10:09:58.155+0000] {processor.py:925} INFO - DAG(s) 'dataset_with_extra_by_context', 'dataset_with_extra_from_classic_operator', 'dataset_with_extra_by_yield' retrieved from /home/airflow/.local/lib/python3.11/site-packages/airflow/example_dags/example_outlet_event_extra.py
[2025-05-01T10:09:58.173+0000] {logging_mixin.py:190} INFO - [2025-05-01T10:09:58.173+0000] {dag.py:3239} INFO - Sync 3 DAGs
[2025-05-01T10:09:58.186+0000] {logging_mixin.py:190} INFO - [2025-05-01T10:09:58.185+0000] {dag.py:4180} INFO - Setting next_dagrun for dataset_with_extra_by_context to 2025-04-30 00:00:00+00:00, run_after=2025-05-01 00:00:00+00:00
[2025-05-01T10:09:58.188+0000] {logging_mixin.py:190} INFO - [2025-05-01T10:09:58.188+0000] {dag.py:4180} INFO - Setting next_dagrun for dataset_with_extra_by_yield to 2025-04-30 00:00:00+00:00, run_after=2025-05-01 00:00:00+00:00
[2025-05-01T10:09:58.189+0000] {logging_mixin.py:190} INFO - [2025-05-01T10:09:58.189+0000] {dag.py:4180} INFO - Setting next_dagrun for dataset_with_extra_from_classic_operator to 2025-04-30 00:00:00+00:00, run_after=2025-05-01 00:00:00+00:00
[2025-05-01T10:09:58.203+0000] {processor.py:208} INFO - Processing /home/airflow/.local/lib/python3.11/site-packages/airflow/example_dags/example_outlet_event_extra.py took 0.326 seconds
[2025-05-01T10:10:28.222+0000] {processor.py:186} INFO - Started process (PID=1195) to work on /home/airflow/.local/lib/python3.11/site-packages/airflow/example_dags/example_outlet_event_extra.py
[2025-05-01T10:10:28.223+0000] {processor.py:914} INFO - Processing file /home/airflow/.local/lib/python3.11/site-packages/airflow/example_dags/example_outlet_event_extra.py for tasks to queue
[2025-05-01T10:10:28.224+0000] {logging_mixin.py:190} INFO - [2025-05-01T10:10:28.224+0000] {dagbag.py:588} INFO - Filling up the DagBag from /home/airflow/.local/lib/python3.11/site-packages/airflow/example_dags/example_outlet_event_extra.py
[2025-05-01T10:10:28.516+0000] {processor.py:925} INFO - DAG(s) 'dataset_with_extra_by_yield', 'dataset_with_extra_from_classic_operator', 'dataset_with_extra_by_context' retrieved from /home/airflow/.local/lib/python3.11/site-packages/airflow/example_dags/example_outlet_event_extra.py
[2025-05-01T10:10:28.531+0000] {logging_mixin.py:190} INFO - [2025-05-01T10:10:28.531+0000] {dag.py:3239} INFO - Sync 3 DAGs
[2025-05-01T10:10:28.543+0000] {logging_mixin.py:190} INFO - [2025-05-01T10:10:28.543+0000] {dag.py:4180} INFO - Setting next_dagrun for dataset_with_extra_by_context to 2025-04-30 00:00:00+00:00, run_after=2025-05-01 00:00:00+00:00
[2025-05-01T10:10:28.545+0000] {logging_mixin.py:190} INFO - [2025-05-01T10:10:28.545+0000] {dag.py:4180} INFO - Setting next_dagrun for dataset_with_extra_by_yield to 2025-04-30 00:00:00+00:00, run_after=2025-05-01 00:00:00+00:00
[2025-05-01T10:10:28.546+0000] {logging_mixin.py:190} INFO - [2025-05-01T10:10:28.545+0000] {dag.py:4180} INFO - Setting next_dagrun for dataset_with_extra_from_classic_operator to 2025-04-30 00:00:00+00:00, run_after=2025-05-01 00:00:00+00:00
[2025-05-01T10:10:28.553+0000] {processor.py:208} INFO - Processing /home/airflow/.local/lib/python3.11/site-packages/airflow/example_dags/example_outlet_event_extra.py took 0.336 seconds
[2025-05-01T10:10:58.619+0000] {processor.py:186} INFO - Started process (PID=1269) to work on /home/airflow/.local/lib/python3.11/site-packages/airflow/example_dags/example_outlet_event_extra.py
[2025-05-01T10:10:58.620+0000] {processor.py:914} INFO - Processing file /home/airflow/.local/lib/python3.11/site-packages/airflow/example_dags/example_outlet_event_extra.py for tasks to queue
[2025-05-01T10:10:58.622+0000] {logging_mixin.py:190} INFO - [2025-05-01T10:10:58.622+0000] {dagbag.py:588} INFO - Filling up the DagBag from /home/airflow/.local/lib/python3.11/site-packages/airflow/example_dags/example_outlet_event_extra.py
[2025-05-01T10:10:58.811+0000] {processor.py:925} INFO - DAG(s) 'dataset_with_extra_from_classic_operator', 'dataset_with_extra_by_yield', 'dataset_with_extra_by_context' retrieved from /home/airflow/.local/lib/python3.11/site-packages/airflow/example_dags/example_outlet_event_extra.py
[2025-05-01T10:10:58.824+0000] {logging_mixin.py:190} INFO - [2025-05-01T10:10:58.824+0000] {dag.py:3239} INFO - Sync 3 DAGs
[2025-05-01T10:10:58.835+0000] {logging_mixin.py:190} INFO - [2025-05-01T10:10:58.835+0000] {dag.py:4180} INFO - Setting next_dagrun for dataset_with_extra_by_context to 2025-04-30 00:00:00+00:00, run_after=2025-05-01 00:00:00+00:00
[2025-05-01T10:10:58.837+0000] {logging_mixin.py:190} INFO - [2025-05-01T10:10:58.837+0000] {dag.py:4180} INFO - Setting next_dagrun for dataset_with_extra_by_yield to 2025-04-30 00:00:00+00:00, run_after=2025-05-01 00:00:00+00:00
[2025-05-01T10:10:58.838+0000] {logging_mixin.py:190} INFO - [2025-05-01T10:10:58.838+0000] {dag.py:4180} INFO - Setting next_dagrun for dataset_with_extra_from_classic_operator to 2025-04-30 00:00:00+00:00, run_after=2025-05-01 00:00:00+00:00
[2025-05-01T10:10:58.846+0000] {processor.py:208} INFO - Processing /home/airflow/.local/lib/python3.11/site-packages/airflow/example_dags/example_outlet_event_extra.py took 0.233 seconds
[2025-05-01T10:21:37.498+0000] {processor.py:186} INFO - Started process (PID=1329) to work on /home/airflow/.local/lib/python3.11/site-packages/airflow/example_dags/example_outlet_event_extra.py
[2025-05-01T10:21:37.500+0000] {processor.py:914} INFO - Processing file /home/airflow/.local/lib/python3.11/site-packages/airflow/example_dags/example_outlet_event_extra.py for tasks to queue
[2025-05-01T10:21:37.501+0000] {logging_mixin.py:190} INFO - [2025-05-01T10:21:37.501+0000] {dagbag.py:588} INFO - Filling up the DagBag from /home/airflow/.local/lib/python3.11/site-packages/airflow/example_dags/example_outlet_event_extra.py
[2025-05-01T10:21:37.859+0000] {processor.py:925} INFO - DAG(s) 'dataset_with_extra_from_classic_operator', 'dataset_with_extra_by_yield', 'dataset_with_extra_by_context' retrieved from /home/airflow/.local/lib/python3.11/site-packages/airflow/example_dags/example_outlet_event_extra.py
[2025-05-01T10:21:37.902+0000] {logging_mixin.py:190} INFO - [2025-05-01T10:21:37.901+0000] {dag.py:3239} INFO - Sync 3 DAGs
[2025-05-01T10:21:37.932+0000] {logging_mixin.py:190} INFO - [2025-05-01T10:21:37.932+0000] {dag.py:4180} INFO - Setting next_dagrun for dataset_with_extra_by_context to 2025-04-30 00:00:00+00:00, run_after=2025-05-01 00:00:00+00:00
[2025-05-01T10:21:37.937+0000] {logging_mixin.py:190} INFO - [2025-05-01T10:21:37.937+0000] {dag.py:4180} INFO - Setting next_dagrun for dataset_with_extra_by_yield to 2025-04-30 00:00:00+00:00, run_after=2025-05-01 00:00:00+00:00
[2025-05-01T10:21:37.938+0000] {logging_mixin.py:190} INFO - [2025-05-01T10:21:37.938+0000] {dag.py:4180} INFO - Setting next_dagrun for dataset_with_extra_from_classic_operator to 2025-04-30 00:00:00+00:00, run_after=2025-05-01 00:00:00+00:00
[2025-05-01T10:21:38.240+0000] {processor.py:208} INFO - Processing /home/airflow/.local/lib/python3.11/site-packages/airflow/example_dags/example_outlet_event_extra.py took 0.757 seconds
