[2025-05-01T10:02:49.837+0000] {processor.py:186} INFO - Started process (PID=137) to work on /home/airflow/.local/lib/python3.11/site-packages/airflow/example_dags/example_bash_operator.py
[2025-05-01T10:02:49.838+0000] {processor.py:914} INFO - Processing file /home/airflow/.local/lib/python3.11/site-packages/airflow/example_dags/example_bash_operator.py for tasks to queue
[2025-05-01T10:02:49.841+0000] {logging_mixin.py:190} INFO - [2025-05-01T10:02:49.840+0000] {dagbag.py:588} INFO - Filling up the DagBag from /home/airflow/.local/lib/python3.11/site-packages/airflow/example_dags/example_bash_operator.py
[2025-05-01T10:02:49.849+0000] {processor.py:925} INFO - DAG(s) 'example_bash_operator' retrieved from /home/airflow/.local/lib/python3.11/site-packages/airflow/example_dags/example_bash_operator.py
[2025-05-01T10:02:49.864+0000] {logging_mixin.py:190} INFO - [2025-05-01T10:02:49.864+0000] {dag.py:3239} INFO - Sync 1 DAGs
[2025-05-01T10:02:49.883+0000] {logging_mixin.py:190} INFO - [2025-05-01T10:02:49.883+0000] {dag.py:4180} INFO - Setting next_dagrun for example_bash_operator to 2025-04-30 00:00:00+00:00, run_after=2025-05-01 00:00:00+00:00
[2025-05-01T10:02:49.896+0000] {processor.py:208} INFO - Processing /home/airflow/.local/lib/python3.11/site-packages/airflow/example_dags/example_bash_operator.py took 0.064 seconds
[2025-05-01T10:03:20.250+0000] {processor.py:186} INFO - Started process (PID=210) to work on /home/airflow/.local/lib/python3.11/site-packages/airflow/example_dags/example_bash_operator.py
[2025-05-01T10:03:20.252+0000] {processor.py:914} INFO - Processing file /home/airflow/.local/lib/python3.11/site-packages/airflow/example_dags/example_bash_operator.py for tasks to queue
[2025-05-01T10:03:20.254+0000] {logging_mixin.py:190} INFO - [2025-05-01T10:03:20.254+0000] {dagbag.py:588} INFO - Filling up the DagBag from /home/airflow/.local/lib/python3.11/site-packages/airflow/example_dags/example_bash_operator.py
[2025-05-01T10:03:20.261+0000] {processor.py:925} INFO - DAG(s) 'example_bash_operator' retrieved from /home/airflow/.local/lib/python3.11/site-packages/airflow/example_dags/example_bash_operator.py
[2025-05-01T10:03:20.276+0000] {logging_mixin.py:190} INFO - [2025-05-01T10:03:20.276+0000] {dag.py:3239} INFO - Sync 1 DAGs
[2025-05-01T10:03:20.292+0000] {logging_mixin.py:190} INFO - [2025-05-01T10:03:20.291+0000] {dag.py:4180} INFO - Setting next_dagrun for example_bash_operator to 2025-04-30 00:00:00+00:00, run_after=2025-05-01 00:00:00+00:00
[2025-05-01T10:03:20.302+0000] {processor.py:208} INFO - Processing /home/airflow/.local/lib/python3.11/site-packages/airflow/example_dags/example_bash_operator.py took 0.056 seconds
[2025-05-01T10:03:50.986+0000] {processor.py:186} INFO - Started process (PID=283) to work on /home/airflow/.local/lib/python3.11/site-packages/airflow/example_dags/example_bash_operator.py
[2025-05-01T10:03:50.987+0000] {processor.py:914} INFO - Processing file /home/airflow/.local/lib/python3.11/site-packages/airflow/example_dags/example_bash_operator.py for tasks to queue
[2025-05-01T10:03:50.989+0000] {logging_mixin.py:190} INFO - [2025-05-01T10:03:50.988+0000] {dagbag.py:588} INFO - Filling up the DagBag from /home/airflow/.local/lib/python3.11/site-packages/airflow/example_dags/example_bash_operator.py
[2025-05-01T10:03:50.995+0000] {processor.py:925} INFO - DAG(s) 'example_bash_operator' retrieved from /home/airflow/.local/lib/python3.11/site-packages/airflow/example_dags/example_bash_operator.py
[2025-05-01T10:03:51.013+0000] {logging_mixin.py:190} INFO - [2025-05-01T10:03:51.013+0000] {dag.py:3239} INFO - Sync 1 DAGs
[2025-05-01T10:03:51.026+0000] {logging_mixin.py:190} INFO - [2025-05-01T10:03:51.026+0000] {dag.py:4180} INFO - Setting next_dagrun for example_bash_operator to 2025-04-30 00:00:00+00:00, run_after=2025-05-01 00:00:00+00:00
[2025-05-01T10:03:51.040+0000] {processor.py:208} INFO - Processing /home/airflow/.local/lib/python3.11/site-packages/airflow/example_dags/example_bash_operator.py took 0.057 seconds
[2025-05-01T10:04:22.141+0000] {processor.py:186} INFO - Started process (PID=356) to work on /home/airflow/.local/lib/python3.11/site-packages/airflow/example_dags/example_bash_operator.py
[2025-05-01T10:04:22.145+0000] {processor.py:914} INFO - Processing file /home/airflow/.local/lib/python3.11/site-packages/airflow/example_dags/example_bash_operator.py for tasks to queue
[2025-05-01T10:04:22.146+0000] {logging_mixin.py:190} INFO - [2025-05-01T10:04:22.146+0000] {dagbag.py:588} INFO - Filling up the DagBag from /home/airflow/.local/lib/python3.11/site-packages/airflow/example_dags/example_bash_operator.py
[2025-05-01T10:04:22.158+0000] {processor.py:925} INFO - DAG(s) 'example_bash_operator' retrieved from /home/airflow/.local/lib/python3.11/site-packages/airflow/example_dags/example_bash_operator.py
[2025-05-01T10:04:22.183+0000] {logging_mixin.py:190} INFO - [2025-05-01T10:04:22.183+0000] {dag.py:3239} INFO - Sync 1 DAGs
[2025-05-01T10:04:22.202+0000] {logging_mixin.py:190} INFO - [2025-05-01T10:04:22.202+0000] {dag.py:4180} INFO - Setting next_dagrun for example_bash_operator to 2025-04-30 00:00:00+00:00, run_after=2025-05-01 00:00:00+00:00
[2025-05-01T10:04:22.214+0000] {processor.py:208} INFO - Processing /home/airflow/.local/lib/python3.11/site-packages/airflow/example_dags/example_bash_operator.py took 0.079 seconds
[2025-05-01T10:04:54.697+0000] {processor.py:186} INFO - Started process (PID=429) to work on /home/airflow/.local/lib/python3.11/site-packages/airflow/example_dags/example_bash_operator.py
[2025-05-01T10:04:54.698+0000] {processor.py:914} INFO - Processing file /home/airflow/.local/lib/python3.11/site-packages/airflow/example_dags/example_bash_operator.py for tasks to queue
[2025-05-01T10:04:54.709+0000] {logging_mixin.py:190} INFO - [2025-05-01T10:04:54.708+0000] {dagbag.py:588} INFO - Filling up the DagBag from /home/airflow/.local/lib/python3.11/site-packages/airflow/example_dags/example_bash_operator.py
[2025-05-01T10:04:54.747+0000] {processor.py:925} INFO - DAG(s) 'example_bash_operator' retrieved from /home/airflow/.local/lib/python3.11/site-packages/airflow/example_dags/example_bash_operator.py
[2025-05-01T10:04:54.806+0000] {logging_mixin.py:190} INFO - [2025-05-01T10:04:54.806+0000] {dag.py:3239} INFO - Sync 1 DAGs
[2025-05-01T10:04:54.880+0000] {logging_mixin.py:190} INFO - [2025-05-01T10:04:54.879+0000] {dag.py:4180} INFO - Setting next_dagrun for example_bash_operator to 2025-04-30 00:00:00+00:00, run_after=2025-05-01 00:00:00+00:00
[2025-05-01T10:04:54.906+0000] {processor.py:208} INFO - Processing /home/airflow/.local/lib/python3.11/site-packages/airflow/example_dags/example_bash_operator.py took 0.216 seconds
[2025-05-01T10:05:25.259+0000] {processor.py:186} INFO - Started process (PID=494) to work on /home/airflow/.local/lib/python3.11/site-packages/airflow/example_dags/example_bash_operator.py
[2025-05-01T10:05:25.262+0000] {processor.py:914} INFO - Processing file /home/airflow/.local/lib/python3.11/site-packages/airflow/example_dags/example_bash_operator.py for tasks to queue
[2025-05-01T10:05:25.264+0000] {logging_mixin.py:190} INFO - [2025-05-01T10:05:25.263+0000] {dagbag.py:588} INFO - Filling up the DagBag from /home/airflow/.local/lib/python3.11/site-packages/airflow/example_dags/example_bash_operator.py
[2025-05-01T10:05:25.274+0000] {processor.py:925} INFO - DAG(s) 'example_bash_operator' retrieved from /home/airflow/.local/lib/python3.11/site-packages/airflow/example_dags/example_bash_operator.py
[2025-05-01T10:05:25.304+0000] {logging_mixin.py:190} INFO - [2025-05-01T10:05:25.304+0000] {dag.py:3239} INFO - Sync 1 DAGs
[2025-05-01T10:05:25.359+0000] {logging_mixin.py:190} INFO - [2025-05-01T10:05:25.358+0000] {dag.py:4180} INFO - Setting next_dagrun for example_bash_operator to 2025-04-30 00:00:00+00:00, run_after=2025-05-01 00:00:00+00:00
[2025-05-01T10:05:25.440+0000] {processor.py:208} INFO - Processing /home/airflow/.local/lib/python3.11/site-packages/airflow/example_dags/example_bash_operator.py took 0.186 seconds
[2025-05-01T10:05:56.675+0000] {processor.py:186} INFO - Started process (PID=567) to work on /home/airflow/.local/lib/python3.11/site-packages/airflow/example_dags/example_bash_operator.py
[2025-05-01T10:05:56.681+0000] {processor.py:914} INFO - Processing file /home/airflow/.local/lib/python3.11/site-packages/airflow/example_dags/example_bash_operator.py for tasks to queue
[2025-05-01T10:05:56.686+0000] {logging_mixin.py:190} INFO - [2025-05-01T10:05:56.686+0000] {dagbag.py:588} INFO - Filling up the DagBag from /home/airflow/.local/lib/python3.11/site-packages/airflow/example_dags/example_bash_operator.py
[2025-05-01T10:05:56.696+0000] {processor.py:925} INFO - DAG(s) 'example_bash_operator' retrieved from /home/airflow/.local/lib/python3.11/site-packages/airflow/example_dags/example_bash_operator.py
[2025-05-01T10:05:56.719+0000] {logging_mixin.py:190} INFO - [2025-05-01T10:05:56.719+0000] {dag.py:3239} INFO - Sync 1 DAGs
[2025-05-01T10:05:56.739+0000] {logging_mixin.py:190} INFO - [2025-05-01T10:05:56.739+0000] {dag.py:4180} INFO - Setting next_dagrun for example_bash_operator to 2025-04-30 00:00:00+00:00, run_after=2025-05-01 00:00:00+00:00
[2025-05-01T10:05:56.758+0000] {processor.py:208} INFO - Processing /home/airflow/.local/lib/python3.11/site-packages/airflow/example_dags/example_bash_operator.py took 0.088 seconds
[2025-05-01T10:06:27.692+0000] {processor.py:186} INFO - Started process (PID=640) to work on /home/airflow/.local/lib/python3.11/site-packages/airflow/example_dags/example_bash_operator.py
[2025-05-01T10:06:27.693+0000] {processor.py:914} INFO - Processing file /home/airflow/.local/lib/python3.11/site-packages/airflow/example_dags/example_bash_operator.py for tasks to queue
[2025-05-01T10:06:27.695+0000] {logging_mixin.py:190} INFO - [2025-05-01T10:06:27.695+0000] {dagbag.py:588} INFO - Filling up the DagBag from /home/airflow/.local/lib/python3.11/site-packages/airflow/example_dags/example_bash_operator.py
[2025-05-01T10:06:27.703+0000] {processor.py:925} INFO - DAG(s) 'example_bash_operator' retrieved from /home/airflow/.local/lib/python3.11/site-packages/airflow/example_dags/example_bash_operator.py
[2025-05-01T10:06:27.724+0000] {logging_mixin.py:190} INFO - [2025-05-01T10:06:27.724+0000] {dag.py:3239} INFO - Sync 1 DAGs
[2025-05-01T10:06:27.737+0000] {logging_mixin.py:190} INFO - [2025-05-01T10:06:27.737+0000] {dag.py:4180} INFO - Setting next_dagrun for example_bash_operator to 2025-04-30 00:00:00+00:00, run_after=2025-05-01 00:00:00+00:00
[2025-05-01T10:06:27.751+0000] {processor.py:208} INFO - Processing /home/airflow/.local/lib/python3.11/site-packages/airflow/example_dags/example_bash_operator.py took 0.064 seconds
[2025-05-01T10:07:00.886+0000] {processor.py:186} INFO - Started process (PID=713) to work on /home/airflow/.local/lib/python3.11/site-packages/airflow/example_dags/example_bash_operator.py
[2025-05-01T10:07:00.888+0000] {processor.py:914} INFO - Processing file /home/airflow/.local/lib/python3.11/site-packages/airflow/example_dags/example_bash_operator.py for tasks to queue
[2025-05-01T10:07:00.890+0000] {logging_mixin.py:190} INFO - [2025-05-01T10:07:00.890+0000] {dagbag.py:588} INFO - Filling up the DagBag from /home/airflow/.local/lib/python3.11/site-packages/airflow/example_dags/example_bash_operator.py
[2025-05-01T10:07:00.901+0000] {processor.py:925} INFO - DAG(s) 'example_bash_operator' retrieved from /home/airflow/.local/lib/python3.11/site-packages/airflow/example_dags/example_bash_operator.py
[2025-05-01T10:07:00.919+0000] {logging_mixin.py:190} INFO - [2025-05-01T10:07:00.919+0000] {dag.py:3239} INFO - Sync 1 DAGs
[2025-05-01T10:07:00.936+0000] {logging_mixin.py:190} INFO - [2025-05-01T10:07:00.936+0000] {dag.py:4180} INFO - Setting next_dagrun for example_bash_operator to 2025-04-30 00:00:00+00:00, run_after=2025-05-01 00:00:00+00:00
[2025-05-01T10:07:00.956+0000] {processor.py:208} INFO - Processing /home/airflow/.local/lib/python3.11/site-packages/airflow/example_dags/example_bash_operator.py took 0.078 seconds
[2025-05-01T10:07:31.312+0000] {processor.py:186} INFO - Started process (PID=786) to work on /home/airflow/.local/lib/python3.11/site-packages/airflow/example_dags/example_bash_operator.py
[2025-05-01T10:07:31.314+0000] {processor.py:914} INFO - Processing file /home/airflow/.local/lib/python3.11/site-packages/airflow/example_dags/example_bash_operator.py for tasks to queue
[2025-05-01T10:07:31.319+0000] {logging_mixin.py:190} INFO - [2025-05-01T10:07:31.319+0000] {dagbag.py:588} INFO - Filling up the DagBag from /home/airflow/.local/lib/python3.11/site-packages/airflow/example_dags/example_bash_operator.py
[2025-05-01T10:07:31.327+0000] {processor.py:925} INFO - DAG(s) 'example_bash_operator' retrieved from /home/airflow/.local/lib/python3.11/site-packages/airflow/example_dags/example_bash_operator.py
[2025-05-01T10:07:31.344+0000] {logging_mixin.py:190} INFO - [2025-05-01T10:07:31.344+0000] {dag.py:3239} INFO - Sync 1 DAGs
[2025-05-01T10:07:31.357+0000] {logging_mixin.py:190} INFO - [2025-05-01T10:07:31.357+0000] {dag.py:4180} INFO - Setting next_dagrun for example_bash_operator to 2025-04-30 00:00:00+00:00, run_after=2025-05-01 00:00:00+00:00
[2025-05-01T10:07:31.371+0000] {processor.py:208} INFO - Processing /home/airflow/.local/lib/python3.11/site-packages/airflow/example_dags/example_bash_operator.py took 0.063 seconds
[2025-05-01T10:08:01.573+0000] {processor.py:186} INFO - Started process (PID=859) to work on /home/airflow/.local/lib/python3.11/site-packages/airflow/example_dags/example_bash_operator.py
[2025-05-01T10:08:01.574+0000] {processor.py:914} INFO - Processing file /home/airflow/.local/lib/python3.11/site-packages/airflow/example_dags/example_bash_operator.py for tasks to queue
[2025-05-01T10:08:01.576+0000] {logging_mixin.py:190} INFO - [2025-05-01T10:08:01.576+0000] {dagbag.py:588} INFO - Filling up the DagBag from /home/airflow/.local/lib/python3.11/site-packages/airflow/example_dags/example_bash_operator.py
[2025-05-01T10:08:01.585+0000] {processor.py:925} INFO - DAG(s) 'example_bash_operator' retrieved from /home/airflow/.local/lib/python3.11/site-packages/airflow/example_dags/example_bash_operator.py
[2025-05-01T10:08:01.600+0000] {logging_mixin.py:190} INFO - [2025-05-01T10:08:01.599+0000] {dag.py:3239} INFO - Sync 1 DAGs
[2025-05-01T10:08:01.612+0000] {logging_mixin.py:190} INFO - [2025-05-01T10:08:01.612+0000] {dag.py:4180} INFO - Setting next_dagrun for example_bash_operator to 2025-04-30 00:00:00+00:00, run_after=2025-05-01 00:00:00+00:00
[2025-05-01T10:08:01.625+0000] {processor.py:208} INFO - Processing /home/airflow/.local/lib/python3.11/site-packages/airflow/example_dags/example_bash_operator.py took 0.055 seconds
[2025-05-01T10:08:32.629+0000] {processor.py:186} INFO - Started process (PID=932) to work on /home/airflow/.local/lib/python3.11/site-packages/airflow/example_dags/example_bash_operator.py
[2025-05-01T10:08:32.632+0000] {processor.py:914} INFO - Processing file /home/airflow/.local/lib/python3.11/site-packages/airflow/example_dags/example_bash_operator.py for tasks to queue
[2025-05-01T10:08:32.634+0000] {logging_mixin.py:190} INFO - [2025-05-01T10:08:32.634+0000] {dagbag.py:588} INFO - Filling up the DagBag from /home/airflow/.local/lib/python3.11/site-packages/airflow/example_dags/example_bash_operator.py
[2025-05-01T10:08:32.641+0000] {processor.py:925} INFO - DAG(s) 'example_bash_operator' retrieved from /home/airflow/.local/lib/python3.11/site-packages/airflow/example_dags/example_bash_operator.py
[2025-05-01T10:08:32.658+0000] {logging_mixin.py:190} INFO - [2025-05-01T10:08:32.658+0000] {dag.py:3239} INFO - Sync 1 DAGs
[2025-05-01T10:08:32.670+0000] {logging_mixin.py:190} INFO - [2025-05-01T10:08:32.670+0000] {dag.py:4180} INFO - Setting next_dagrun for example_bash_operator to 2025-04-30 00:00:00+00:00, run_after=2025-05-01 00:00:00+00:00
[2025-05-01T10:08:32.683+0000] {processor.py:208} INFO - Processing /home/airflow/.local/lib/python3.11/site-packages/airflow/example_dags/example_bash_operator.py took 0.059 seconds
[2025-05-01T10:09:02.806+0000] {processor.py:186} INFO - Started process (PID=1004) to work on /home/airflow/.local/lib/python3.11/site-packages/airflow/example_dags/example_bash_operator.py
[2025-05-01T10:09:02.806+0000] {processor.py:914} INFO - Processing file /home/airflow/.local/lib/python3.11/site-packages/airflow/example_dags/example_bash_operator.py for tasks to queue
[2025-05-01T10:09:02.811+0000] {logging_mixin.py:190} INFO - [2025-05-01T10:09:02.811+0000] {dagbag.py:588} INFO - Filling up the DagBag from /home/airflow/.local/lib/python3.11/site-packages/airflow/example_dags/example_bash_operator.py
[2025-05-01T10:09:02.816+0000] {processor.py:925} INFO - DAG(s) 'example_bash_operator' retrieved from /home/airflow/.local/lib/python3.11/site-packages/airflow/example_dags/example_bash_operator.py
[2025-05-01T10:09:02.831+0000] {logging_mixin.py:190} INFO - [2025-05-01T10:09:02.831+0000] {dag.py:3239} INFO - Sync 1 DAGs
[2025-05-01T10:09:02.841+0000] {logging_mixin.py:190} INFO - [2025-05-01T10:09:02.841+0000] {dag.py:4180} INFO - Setting next_dagrun for example_bash_operator to 2025-04-30 00:00:00+00:00, run_after=2025-05-01 00:00:00+00:00
[2025-05-01T10:09:02.848+0000] {processor.py:208} INFO - Processing /home/airflow/.local/lib/python3.11/site-packages/airflow/example_dags/example_bash_operator.py took 0.045 seconds
[2025-05-01T10:09:33.056+0000] {processor.py:186} INFO - Started process (PID=1077) to work on /home/airflow/.local/lib/python3.11/site-packages/airflow/example_dags/example_bash_operator.py
[2025-05-01T10:09:33.057+0000] {processor.py:914} INFO - Processing file /home/airflow/.local/lib/python3.11/site-packages/airflow/example_dags/example_bash_operator.py for tasks to queue
[2025-05-01T10:09:33.058+0000] {logging_mixin.py:190} INFO - [2025-05-01T10:09:33.058+0000] {dagbag.py:588} INFO - Filling up the DagBag from /home/airflow/.local/lib/python3.11/site-packages/airflow/example_dags/example_bash_operator.py
[2025-05-01T10:09:33.064+0000] {processor.py:925} INFO - DAG(s) 'example_bash_operator' retrieved from /home/airflow/.local/lib/python3.11/site-packages/airflow/example_dags/example_bash_operator.py
[2025-05-01T10:09:33.077+0000] {logging_mixin.py:190} INFO - [2025-05-01T10:09:33.077+0000] {dag.py:3239} INFO - Sync 1 DAGs
[2025-05-01T10:09:33.087+0000] {logging_mixin.py:190} INFO - [2025-05-01T10:09:33.087+0000] {dag.py:4180} INFO - Setting next_dagrun for example_bash_operator to 2025-04-30 00:00:00+00:00, run_after=2025-05-01 00:00:00+00:00
[2025-05-01T10:09:33.096+0000] {processor.py:208} INFO - Processing /home/airflow/.local/lib/python3.11/site-packages/airflow/example_dags/example_bash_operator.py took 0.043 seconds
[2025-05-01T10:10:03.272+0000] {processor.py:186} INFO - Started process (PID=1150) to work on /home/airflow/.local/lib/python3.11/site-packages/airflow/example_dags/example_bash_operator.py
[2025-05-01T10:10:03.273+0000] {processor.py:914} INFO - Processing file /home/airflow/.local/lib/python3.11/site-packages/airflow/example_dags/example_bash_operator.py for tasks to queue
[2025-05-01T10:10:03.274+0000] {logging_mixin.py:190} INFO - [2025-05-01T10:10:03.274+0000] {dagbag.py:588} INFO - Filling up the DagBag from /home/airflow/.local/lib/python3.11/site-packages/airflow/example_dags/example_bash_operator.py
[2025-05-01T10:10:03.281+0000] {processor.py:925} INFO - DAG(s) 'example_bash_operator' retrieved from /home/airflow/.local/lib/python3.11/site-packages/airflow/example_dags/example_bash_operator.py
[2025-05-01T10:10:03.295+0000] {logging_mixin.py:190} INFO - [2025-05-01T10:10:03.294+0000] {dag.py:3239} INFO - Sync 1 DAGs
[2025-05-01T10:10:03.307+0000] {logging_mixin.py:190} INFO - [2025-05-01T10:10:03.307+0000] {dag.py:4180} INFO - Setting next_dagrun for example_bash_operator to 2025-04-30 00:00:00+00:00, run_after=2025-05-01 00:00:00+00:00
[2025-05-01T10:10:03.319+0000] {processor.py:208} INFO - Processing /home/airflow/.local/lib/python3.11/site-packages/airflow/example_dags/example_bash_operator.py took 0.049 seconds
[2025-05-01T10:10:33.581+0000] {processor.py:186} INFO - Started process (PID=1223) to work on /home/airflow/.local/lib/python3.11/site-packages/airflow/example_dags/example_bash_operator.py
[2025-05-01T10:10:33.582+0000] {processor.py:914} INFO - Processing file /home/airflow/.local/lib/python3.11/site-packages/airflow/example_dags/example_bash_operator.py for tasks to queue
[2025-05-01T10:10:33.584+0000] {logging_mixin.py:190} INFO - [2025-05-01T10:10:33.584+0000] {dagbag.py:588} INFO - Filling up the DagBag from /home/airflow/.local/lib/python3.11/site-packages/airflow/example_dags/example_bash_operator.py
[2025-05-01T10:10:33.591+0000] {processor.py:925} INFO - DAG(s) 'example_bash_operator' retrieved from /home/airflow/.local/lib/python3.11/site-packages/airflow/example_dags/example_bash_operator.py
[2025-05-01T10:10:33.604+0000] {logging_mixin.py:190} INFO - [2025-05-01T10:10:33.604+0000] {dag.py:3239} INFO - Sync 1 DAGs
[2025-05-01T10:10:33.615+0000] {logging_mixin.py:190} INFO - [2025-05-01T10:10:33.615+0000] {dag.py:4180} INFO - Setting next_dagrun for example_bash_operator to 2025-04-30 00:00:00+00:00, run_after=2025-05-01 00:00:00+00:00
[2025-05-01T10:10:33.625+0000] {processor.py:208} INFO - Processing /home/airflow/.local/lib/python3.11/site-packages/airflow/example_dags/example_bash_operator.py took 0.048 seconds
[2025-05-01T10:11:04.061+0000] {processor.py:186} INFO - Started process (PID=1296) to work on /home/airflow/.local/lib/python3.11/site-packages/airflow/example_dags/example_bash_operator.py
[2025-05-01T10:11:04.064+0000] {processor.py:914} INFO - Processing file /home/airflow/.local/lib/python3.11/site-packages/airflow/example_dags/example_bash_operator.py for tasks to queue
[2025-05-01T10:11:04.066+0000] {logging_mixin.py:190} INFO - [2025-05-01T10:11:04.066+0000] {dagbag.py:588} INFO - Filling up the DagBag from /home/airflow/.local/lib/python3.11/site-packages/airflow/example_dags/example_bash_operator.py
[2025-05-01T10:11:04.077+0000] {processor.py:925} INFO - DAG(s) 'example_bash_operator' retrieved from /home/airflow/.local/lib/python3.11/site-packages/airflow/example_dags/example_bash_operator.py
[2025-05-01T10:11:04.091+0000] {logging_mixin.py:190} INFO - [2025-05-01T10:11:04.091+0000] {dag.py:3239} INFO - Sync 1 DAGs
[2025-05-01T10:11:04.101+0000] {logging_mixin.py:190} INFO - [2025-05-01T10:11:04.101+0000] {dag.py:4180} INFO - Setting next_dagrun for example_bash_operator to 2025-04-30 00:00:00+00:00, run_after=2025-05-01 00:00:00+00:00
[2025-05-01T10:11:04.108+0000] {processor.py:208} INFO - Processing /home/airflow/.local/lib/python3.11/site-packages/airflow/example_dags/example_bash_operator.py took 0.051 seconds
[2025-05-01T10:21:41.373+0000] {processor.py:186} INFO - Started process (PID=1369) to work on /home/airflow/.local/lib/python3.11/site-packages/airflow/example_dags/example_bash_operator.py
[2025-05-01T10:21:41.375+0000] {processor.py:914} INFO - Processing file /home/airflow/.local/lib/python3.11/site-packages/airflow/example_dags/example_bash_operator.py for tasks to queue
[2025-05-01T10:21:41.377+0000] {logging_mixin.py:190} INFO - [2025-05-01T10:21:41.377+0000] {dagbag.py:588} INFO - Filling up the DagBag from /home/airflow/.local/lib/python3.11/site-packages/airflow/example_dags/example_bash_operator.py
[2025-05-01T10:21:41.386+0000] {processor.py:925} INFO - DAG(s) 'example_bash_operator' retrieved from /home/airflow/.local/lib/python3.11/site-packages/airflow/example_dags/example_bash_operator.py
[2025-05-01T10:21:41.406+0000] {logging_mixin.py:190} INFO - [2025-05-01T10:21:41.406+0000] {dag.py:3239} INFO - Sync 1 DAGs
[2025-05-01T10:21:41.429+0000] {logging_mixin.py:190} INFO - [2025-05-01T10:21:41.428+0000] {dag.py:4180} INFO - Setting next_dagrun for example_bash_operator to 2025-04-30 00:00:00+00:00, run_after=2025-05-01 00:00:00+00:00
[2025-05-01T10:21:41.441+0000] {processor.py:208} INFO - Processing /home/airflow/.local/lib/python3.11/site-packages/airflow/example_dags/example_bash_operator.py took 0.075 seconds
