[2025-05-01T10:02:43.517+0000] {processor.py:186} INFO - Started process (PID=100) to work on /home/airflow/.local/lib/python3.11/site-packages/airflow/example_dags/example_local_kubernetes_executor.py
[2025-05-01T10:02:43.520+0000] {processor.py:914} INFO - Processing file /home/airflow/.local/lib/python3.11/site-packages/airflow/example_dags/example_local_kubernetes_executor.py for tasks to queue
[2025-05-01T10:02:43.523+0000] {logging_mixin.py:190} INFO - [2025-05-01T10:02:43.522+0000] {dagbag.py:588} INFO - Filling up the DagBag from /home/airflow/.local/lib/python3.11/site-packages/airflow/example_dags/example_local_kubernetes_executor.py
[2025-05-01T10:02:43.538+0000] {processor.py:925} INFO - DAG(s) 'example_local_kubernetes_executor' retrieved from /home/airflow/.local/lib/python3.11/site-packages/airflow/example_dags/example_local_kubernetes_executor.py
[2025-05-01T10:02:43.570+0000] {logging_mixin.py:190} INFO - [2025-05-01T10:02:43.570+0000] {dag.py:3239} INFO - Sync 1 DAGs
[2025-05-01T10:02:43.595+0000] {logging_mixin.py:190} INFO - [2025-05-01T10:02:43.594+0000] {dag.py:4180} INFO - Setting next_dagrun for example_local_kubernetes_executor to None, run_after=None
[2025-05-01T10:02:43.622+0000] {processor.py:208} INFO - Processing /home/airflow/.local/lib/python3.11/site-packages/airflow/example_dags/example_local_kubernetes_executor.py took 0.111 seconds
[2025-05-01T10:03:13.871+0000] {processor.py:186} INFO - Started process (PID=165) to work on /home/airflow/.local/lib/python3.11/site-packages/airflow/example_dags/example_local_kubernetes_executor.py
[2025-05-01T10:03:13.872+0000] {processor.py:914} INFO - Processing file /home/airflow/.local/lib/python3.11/site-packages/airflow/example_dags/example_local_kubernetes_executor.py for tasks to queue
[2025-05-01T10:03:13.874+0000] {logging_mixin.py:190} INFO - [2025-05-01T10:03:13.874+0000] {dagbag.py:588} INFO - Filling up the DagBag from /home/airflow/.local/lib/python3.11/site-packages/airflow/example_dags/example_local_kubernetes_executor.py
[2025-05-01T10:03:13.889+0000] {processor.py:925} INFO - DAG(s) 'example_local_kubernetes_executor' retrieved from /home/airflow/.local/lib/python3.11/site-packages/airflow/example_dags/example_local_kubernetes_executor.py
[2025-05-01T10:03:13.913+0000] {logging_mixin.py:190} INFO - [2025-05-01T10:03:13.913+0000] {dag.py:3239} INFO - Sync 1 DAGs
[2025-05-01T10:03:13.929+0000] {logging_mixin.py:190} INFO - [2025-05-01T10:03:13.929+0000] {dag.py:4180} INFO - Setting next_dagrun for example_local_kubernetes_executor to None, run_after=None
[2025-05-01T10:03:13.940+0000] {processor.py:208} INFO - Processing /home/airflow/.local/lib/python3.11/site-packages/airflow/example_dags/example_local_kubernetes_executor.py took 0.075 seconds
[2025-05-01T10:03:44.768+0000] {processor.py:186} INFO - Started process (PID=238) to work on /home/airflow/.local/lib/python3.11/site-packages/airflow/example_dags/example_local_kubernetes_executor.py
[2025-05-01T10:03:44.769+0000] {processor.py:914} INFO - Processing file /home/airflow/.local/lib/python3.11/site-packages/airflow/example_dags/example_local_kubernetes_executor.py for tasks to queue
[2025-05-01T10:03:44.770+0000] {logging_mixin.py:190} INFO - [2025-05-01T10:03:44.770+0000] {dagbag.py:588} INFO - Filling up the DagBag from /home/airflow/.local/lib/python3.11/site-packages/airflow/example_dags/example_local_kubernetes_executor.py
[2025-05-01T10:03:44.775+0000] {processor.py:925} INFO - DAG(s) 'example_local_kubernetes_executor' retrieved from /home/airflow/.local/lib/python3.11/site-packages/airflow/example_dags/example_local_kubernetes_executor.py
[2025-05-01T10:03:44.791+0000] {logging_mixin.py:190} INFO - [2025-05-01T10:03:44.791+0000] {dag.py:3239} INFO - Sync 1 DAGs
[2025-05-01T10:03:44.798+0000] {logging_mixin.py:190} INFO - [2025-05-01T10:03:44.798+0000] {dag.py:4180} INFO - Setting next_dagrun for example_local_kubernetes_executor to None, run_after=None
[2025-05-01T10:03:44.808+0000] {processor.py:208} INFO - Processing /home/airflow/.local/lib/python3.11/site-packages/airflow/example_dags/example_local_kubernetes_executor.py took 0.045 seconds
[2025-05-01T10:04:14.907+0000] {processor.py:186} INFO - Started process (PID=310) to work on /home/airflow/.local/lib/python3.11/site-packages/airflow/example_dags/example_local_kubernetes_executor.py
[2025-05-01T10:04:14.908+0000] {processor.py:914} INFO - Processing file /home/airflow/.local/lib/python3.11/site-packages/airflow/example_dags/example_local_kubernetes_executor.py for tasks to queue
[2025-05-01T10:04:14.911+0000] {logging_mixin.py:190} INFO - [2025-05-01T10:04:14.910+0000] {dagbag.py:588} INFO - Filling up the DagBag from /home/airflow/.local/lib/python3.11/site-packages/airflow/example_dags/example_local_kubernetes_executor.py
[2025-05-01T10:04:14.928+0000] {processor.py:925} INFO - DAG(s) 'example_local_kubernetes_executor' retrieved from /home/airflow/.local/lib/python3.11/site-packages/airflow/example_dags/example_local_kubernetes_executor.py
[2025-05-01T10:04:14.974+0000] {logging_mixin.py:190} INFO - [2025-05-01T10:04:14.974+0000] {dag.py:3239} INFO - Sync 1 DAGs
[2025-05-01T10:04:15.001+0000] {logging_mixin.py:190} INFO - [2025-05-01T10:04:15.001+0000] {dag.py:4180} INFO - Setting next_dagrun for example_local_kubernetes_executor to None, run_after=None
[2025-05-01T10:04:15.021+0000] {processor.py:208} INFO - Processing /home/airflow/.local/lib/python3.11/site-packages/airflow/example_dags/example_local_kubernetes_executor.py took 0.132 seconds
[2025-05-01T10:04:45.916+0000] {processor.py:186} INFO - Started process (PID=384) to work on /home/airflow/.local/lib/python3.11/site-packages/airflow/example_dags/example_local_kubernetes_executor.py
[2025-05-01T10:04:45.918+0000] {processor.py:914} INFO - Processing file /home/airflow/.local/lib/python3.11/site-packages/airflow/example_dags/example_local_kubernetes_executor.py for tasks to queue
[2025-05-01T10:04:45.920+0000] {logging_mixin.py:190} INFO - [2025-05-01T10:04:45.920+0000] {dagbag.py:588} INFO - Filling up the DagBag from /home/airflow/.local/lib/python3.11/site-packages/airflow/example_dags/example_local_kubernetes_executor.py
[2025-05-01T10:04:45.936+0000] {processor.py:925} INFO - DAG(s) 'example_local_kubernetes_executor' retrieved from /home/airflow/.local/lib/python3.11/site-packages/airflow/example_dags/example_local_kubernetes_executor.py
[2025-05-01T10:04:45.956+0000] {logging_mixin.py:190} INFO - [2025-05-01T10:04:45.956+0000] {dag.py:3239} INFO - Sync 1 DAGs
[2025-05-01T10:04:45.972+0000] {logging_mixin.py:190} INFO - [2025-05-01T10:04:45.972+0000] {dag.py:4180} INFO - Setting next_dagrun for example_local_kubernetes_executor to None, run_after=None
[2025-05-01T10:04:45.988+0000] {processor.py:208} INFO - Processing /home/airflow/.local/lib/python3.11/site-packages/airflow/example_dags/example_local_kubernetes_executor.py took 0.080 seconds
[2025-05-01T10:05:17.078+0000] {processor.py:186} INFO - Started process (PID=457) to work on /home/airflow/.local/lib/python3.11/site-packages/airflow/example_dags/example_local_kubernetes_executor.py
[2025-05-01T10:05:17.079+0000] {processor.py:914} INFO - Processing file /home/airflow/.local/lib/python3.11/site-packages/airflow/example_dags/example_local_kubernetes_executor.py for tasks to queue
[2025-05-01T10:05:17.081+0000] {logging_mixin.py:190} INFO - [2025-05-01T10:05:17.081+0000] {dagbag.py:588} INFO - Filling up the DagBag from /home/airflow/.local/lib/python3.11/site-packages/airflow/example_dags/example_local_kubernetes_executor.py
[2025-05-01T10:05:17.089+0000] {processor.py:925} INFO - DAG(s) 'example_local_kubernetes_executor' retrieved from /home/airflow/.local/lib/python3.11/site-packages/airflow/example_dags/example_local_kubernetes_executor.py
[2025-05-01T10:05:17.104+0000] {logging_mixin.py:190} INFO - [2025-05-01T10:05:17.104+0000] {dag.py:3239} INFO - Sync 1 DAGs
[2025-05-01T10:05:17.115+0000] {logging_mixin.py:190} INFO - [2025-05-01T10:05:17.115+0000] {dag.py:4180} INFO - Setting next_dagrun for example_local_kubernetes_executor to None, run_after=None
[2025-05-01T10:05:17.123+0000] {processor.py:208} INFO - Processing /home/airflow/.local/lib/python3.11/site-packages/airflow/example_dags/example_local_kubernetes_executor.py took 0.054 seconds
[2025-05-01T10:05:48.742+0000] {processor.py:186} INFO - Started process (PID=530) to work on /home/airflow/.local/lib/python3.11/site-packages/airflow/example_dags/example_local_kubernetes_executor.py
[2025-05-01T10:05:48.743+0000] {processor.py:914} INFO - Processing file /home/airflow/.local/lib/python3.11/site-packages/airflow/example_dags/example_local_kubernetes_executor.py for tasks to queue
[2025-05-01T10:05:48.746+0000] {logging_mixin.py:190} INFO - [2025-05-01T10:05:48.746+0000] {dagbag.py:588} INFO - Filling up the DagBag from /home/airflow/.local/lib/python3.11/site-packages/airflow/example_dags/example_local_kubernetes_executor.py
[2025-05-01T10:05:48.768+0000] {processor.py:925} INFO - DAG(s) 'example_local_kubernetes_executor' retrieved from /home/airflow/.local/lib/python3.11/site-packages/airflow/example_dags/example_local_kubernetes_executor.py
[2025-05-01T10:05:48.844+0000] {logging_mixin.py:190} INFO - [2025-05-01T10:05:48.844+0000] {dag.py:3239} INFO - Sync 1 DAGs
[2025-05-01T10:05:48.873+0000] {logging_mixin.py:190} INFO - [2025-05-01T10:05:48.873+0000] {dag.py:4180} INFO - Setting next_dagrun for example_local_kubernetes_executor to None, run_after=None
[2025-05-01T10:05:48.898+0000] {processor.py:208} INFO - Processing /home/airflow/.local/lib/python3.11/site-packages/airflow/example_dags/example_local_kubernetes_executor.py took 0.164 seconds
[2025-05-01T10:06:20.217+0000] {processor.py:186} INFO - Started process (PID=603) to work on /home/airflow/.local/lib/python3.11/site-packages/airflow/example_dags/example_local_kubernetes_executor.py
[2025-05-01T10:06:20.218+0000] {processor.py:914} INFO - Processing file /home/airflow/.local/lib/python3.11/site-packages/airflow/example_dags/example_local_kubernetes_executor.py for tasks to queue
[2025-05-01T10:06:20.225+0000] {logging_mixin.py:190} INFO - [2025-05-01T10:06:20.222+0000] {dagbag.py:588} INFO - Filling up the DagBag from /home/airflow/.local/lib/python3.11/site-packages/airflow/example_dags/example_local_kubernetes_executor.py
[2025-05-01T10:06:20.297+0000] {processor.py:925} INFO - DAG(s) 'example_local_kubernetes_executor' retrieved from /home/airflow/.local/lib/python3.11/site-packages/airflow/example_dags/example_local_kubernetes_executor.py
[2025-05-01T10:06:20.482+0000] {logging_mixin.py:190} INFO - [2025-05-01T10:06:20.481+0000] {dag.py:3239} INFO - Sync 1 DAGs
[2025-05-01T10:06:20.526+0000] {logging_mixin.py:190} INFO - [2025-05-01T10:06:20.526+0000] {dag.py:4180} INFO - Setting next_dagrun for example_local_kubernetes_executor to None, run_after=None
[2025-05-01T10:06:20.561+0000] {processor.py:208} INFO - Processing /home/airflow/.local/lib/python3.11/site-packages/airflow/example_dags/example_local_kubernetes_executor.py took 0.357 seconds
[2025-05-01T10:06:51.374+0000] {processor.py:186} INFO - Started process (PID=675) to work on /home/airflow/.local/lib/python3.11/site-packages/airflow/example_dags/example_local_kubernetes_executor.py
[2025-05-01T10:06:51.377+0000] {processor.py:914} INFO - Processing file /home/airflow/.local/lib/python3.11/site-packages/airflow/example_dags/example_local_kubernetes_executor.py for tasks to queue
[2025-05-01T10:06:51.381+0000] {logging_mixin.py:190} INFO - [2025-05-01T10:06:51.380+0000] {dagbag.py:588} INFO - Filling up the DagBag from /home/airflow/.local/lib/python3.11/site-packages/airflow/example_dags/example_local_kubernetes_executor.py
[2025-05-01T10:06:51.417+0000] {processor.py:925} INFO - DAG(s) 'example_local_kubernetes_executor' retrieved from /home/airflow/.local/lib/python3.11/site-packages/airflow/example_dags/example_local_kubernetes_executor.py
[2025-05-01T10:06:51.446+0000] {logging_mixin.py:190} INFO - [2025-05-01T10:06:51.445+0000] {dag.py:3239} INFO - Sync 1 DAGs
[2025-05-01T10:06:51.455+0000] {logging_mixin.py:190} INFO - [2025-05-01T10:06:51.454+0000] {dag.py:4180} INFO - Setting next_dagrun for example_local_kubernetes_executor to None, run_after=None
[2025-05-01T10:06:51.479+0000] {processor.py:208} INFO - Processing /home/airflow/.local/lib/python3.11/site-packages/airflow/example_dags/example_local_kubernetes_executor.py took 0.113 seconds
[2025-05-01T10:07:22.204+0000] {processor.py:186} INFO - Started process (PID=748) to work on /home/airflow/.local/lib/python3.11/site-packages/airflow/example_dags/example_local_kubernetes_executor.py
[2025-05-01T10:07:22.205+0000] {processor.py:914} INFO - Processing file /home/airflow/.local/lib/python3.11/site-packages/airflow/example_dags/example_local_kubernetes_executor.py for tasks to queue
[2025-05-01T10:07:22.207+0000] {logging_mixin.py:190} INFO - [2025-05-01T10:07:22.207+0000] {dagbag.py:588} INFO - Filling up the DagBag from /home/airflow/.local/lib/python3.11/site-packages/airflow/example_dags/example_local_kubernetes_executor.py
[2025-05-01T10:07:22.213+0000] {processor.py:925} INFO - DAG(s) 'example_local_kubernetes_executor' retrieved from /home/airflow/.local/lib/python3.11/site-packages/airflow/example_dags/example_local_kubernetes_executor.py
[2025-05-01T10:07:22.225+0000] {logging_mixin.py:190} INFO - [2025-05-01T10:07:22.225+0000] {dag.py:3239} INFO - Sync 1 DAGs
[2025-05-01T10:07:22.235+0000] {logging_mixin.py:190} INFO - [2025-05-01T10:07:22.234+0000] {dag.py:4180} INFO - Setting next_dagrun for example_local_kubernetes_executor to None, run_after=None
[2025-05-01T10:07:22.247+0000] {processor.py:208} INFO - Processing /home/airflow/.local/lib/python3.11/site-packages/airflow/example_dags/example_local_kubernetes_executor.py took 0.046 seconds
[2025-05-01T10:07:52.553+0000] {processor.py:186} INFO - Started process (PID=821) to work on /home/airflow/.local/lib/python3.11/site-packages/airflow/example_dags/example_local_kubernetes_executor.py
[2025-05-01T10:07:52.554+0000] {processor.py:914} INFO - Processing file /home/airflow/.local/lib/python3.11/site-packages/airflow/example_dags/example_local_kubernetes_executor.py for tasks to queue
[2025-05-01T10:07:52.556+0000] {logging_mixin.py:190} INFO - [2025-05-01T10:07:52.556+0000] {dagbag.py:588} INFO - Filling up the DagBag from /home/airflow/.local/lib/python3.11/site-packages/airflow/example_dags/example_local_kubernetes_executor.py
[2025-05-01T10:07:52.562+0000] {processor.py:925} INFO - DAG(s) 'example_local_kubernetes_executor' retrieved from /home/airflow/.local/lib/python3.11/site-packages/airflow/example_dags/example_local_kubernetes_executor.py
[2025-05-01T10:07:52.574+0000] {logging_mixin.py:190} INFO - [2025-05-01T10:07:52.574+0000] {dag.py:3239} INFO - Sync 1 DAGs
[2025-05-01T10:07:52.580+0000] {logging_mixin.py:190} INFO - [2025-05-01T10:07:52.580+0000] {dag.py:4180} INFO - Setting next_dagrun for example_local_kubernetes_executor to None, run_after=None
[2025-05-01T10:07:52.588+0000] {processor.py:208} INFO - Processing /home/airflow/.local/lib/python3.11/site-packages/airflow/example_dags/example_local_kubernetes_executor.py took 0.038 seconds
[2025-05-01T10:08:22.845+0000] {processor.py:186} INFO - Started process (PID=894) to work on /home/airflow/.local/lib/python3.11/site-packages/airflow/example_dags/example_local_kubernetes_executor.py
[2025-05-01T10:08:22.845+0000] {processor.py:914} INFO - Processing file /home/airflow/.local/lib/python3.11/site-packages/airflow/example_dags/example_local_kubernetes_executor.py for tasks to queue
[2025-05-01T10:08:22.847+0000] {logging_mixin.py:190} INFO - [2025-05-01T10:08:22.847+0000] {dagbag.py:588} INFO - Filling up the DagBag from /home/airflow/.local/lib/python3.11/site-packages/airflow/example_dags/example_local_kubernetes_executor.py
[2025-05-01T10:08:22.854+0000] {processor.py:925} INFO - DAG(s) 'example_local_kubernetes_executor' retrieved from /home/airflow/.local/lib/python3.11/site-packages/airflow/example_dags/example_local_kubernetes_executor.py
[2025-05-01T10:08:22.866+0000] {logging_mixin.py:190} INFO - [2025-05-01T10:08:22.866+0000] {dag.py:3239} INFO - Sync 1 DAGs
[2025-05-01T10:08:22.874+0000] {logging_mixin.py:190} INFO - [2025-05-01T10:08:22.874+0000] {dag.py:4180} INFO - Setting next_dagrun for example_local_kubernetes_executor to None, run_after=None
[2025-05-01T10:08:22.881+0000] {processor.py:208} INFO - Processing /home/airflow/.local/lib/python3.11/site-packages/airflow/example_dags/example_local_kubernetes_executor.py took 0.039 seconds
[2025-05-01T10:08:53.191+0000] {processor.py:186} INFO - Started process (PID=966) to work on /home/airflow/.local/lib/python3.11/site-packages/airflow/example_dags/example_local_kubernetes_executor.py
[2025-05-01T10:08:53.191+0000] {processor.py:914} INFO - Processing file /home/airflow/.local/lib/python3.11/site-packages/airflow/example_dags/example_local_kubernetes_executor.py for tasks to queue
[2025-05-01T10:08:53.193+0000] {logging_mixin.py:190} INFO - [2025-05-01T10:08:53.193+0000] {dagbag.py:588} INFO - Filling up the DagBag from /home/airflow/.local/lib/python3.11/site-packages/airflow/example_dags/example_local_kubernetes_executor.py
[2025-05-01T10:08:53.199+0000] {processor.py:925} INFO - DAG(s) 'example_local_kubernetes_executor' retrieved from /home/airflow/.local/lib/python3.11/site-packages/airflow/example_dags/example_local_kubernetes_executor.py
[2025-05-01T10:08:53.210+0000] {logging_mixin.py:190} INFO - [2025-05-01T10:08:53.210+0000] {dag.py:3239} INFO - Sync 1 DAGs
[2025-05-01T10:08:53.216+0000] {logging_mixin.py:190} INFO - [2025-05-01T10:08:53.216+0000] {dag.py:4180} INFO - Setting next_dagrun for example_local_kubernetes_executor to None, run_after=None
[2025-05-01T10:08:53.223+0000] {processor.py:208} INFO - Processing /home/airflow/.local/lib/python3.11/site-packages/airflow/example_dags/example_local_kubernetes_executor.py took 0.045 seconds
[2025-05-01T10:09:23.410+0000] {processor.py:186} INFO - Started process (PID=1039) to work on /home/airflow/.local/lib/python3.11/site-packages/airflow/example_dags/example_local_kubernetes_executor.py
[2025-05-01T10:09:23.411+0000] {processor.py:914} INFO - Processing file /home/airflow/.local/lib/python3.11/site-packages/airflow/example_dags/example_local_kubernetes_executor.py for tasks to queue
[2025-05-01T10:09:23.412+0000] {logging_mixin.py:190} INFO - [2025-05-01T10:09:23.412+0000] {dagbag.py:588} INFO - Filling up the DagBag from /home/airflow/.local/lib/python3.11/site-packages/airflow/example_dags/example_local_kubernetes_executor.py
[2025-05-01T10:09:23.421+0000] {processor.py:925} INFO - DAG(s) 'example_local_kubernetes_executor' retrieved from /home/airflow/.local/lib/python3.11/site-packages/airflow/example_dags/example_local_kubernetes_executor.py
[2025-05-01T10:09:23.433+0000] {logging_mixin.py:190} INFO - [2025-05-01T10:09:23.433+0000] {dag.py:3239} INFO - Sync 1 DAGs
[2025-05-01T10:09:23.440+0000] {logging_mixin.py:190} INFO - [2025-05-01T10:09:23.440+0000] {dag.py:4180} INFO - Setting next_dagrun for example_local_kubernetes_executor to None, run_after=None
[2025-05-01T10:09:23.447+0000] {processor.py:208} INFO - Processing /home/airflow/.local/lib/python3.11/site-packages/airflow/example_dags/example_local_kubernetes_executor.py took 0.039 seconds
[2025-05-01T10:09:53.547+0000] {processor.py:186} INFO - Started process (PID=1112) to work on /home/airflow/.local/lib/python3.11/site-packages/airflow/example_dags/example_local_kubernetes_executor.py
[2025-05-01T10:09:53.548+0000] {processor.py:914} INFO - Processing file /home/airflow/.local/lib/python3.11/site-packages/airflow/example_dags/example_local_kubernetes_executor.py for tasks to queue
[2025-05-01T10:09:53.550+0000] {logging_mixin.py:190} INFO - [2025-05-01T10:09:53.550+0000] {dagbag.py:588} INFO - Filling up the DagBag from /home/airflow/.local/lib/python3.11/site-packages/airflow/example_dags/example_local_kubernetes_executor.py
[2025-05-01T10:09:53.561+0000] {processor.py:925} INFO - DAG(s) 'example_local_kubernetes_executor' retrieved from /home/airflow/.local/lib/python3.11/site-packages/airflow/example_dags/example_local_kubernetes_executor.py
[2025-05-01T10:09:53.582+0000] {logging_mixin.py:190} INFO - [2025-05-01T10:09:53.582+0000] {dag.py:3239} INFO - Sync 1 DAGs
[2025-05-01T10:09:53.591+0000] {logging_mixin.py:190} INFO - [2025-05-01T10:09:53.590+0000] {dag.py:4180} INFO - Setting next_dagrun for example_local_kubernetes_executor to None, run_after=None
[2025-05-01T10:09:53.599+0000] {processor.py:208} INFO - Processing /home/airflow/.local/lib/python3.11/site-packages/airflow/example_dags/example_local_kubernetes_executor.py took 0.056 seconds
[2025-05-01T10:10:23.723+0000] {processor.py:186} INFO - Started process (PID=1185) to work on /home/airflow/.local/lib/python3.11/site-packages/airflow/example_dags/example_local_kubernetes_executor.py
[2025-05-01T10:10:23.724+0000] {processor.py:914} INFO - Processing file /home/airflow/.local/lib/python3.11/site-packages/airflow/example_dags/example_local_kubernetes_executor.py for tasks to queue
[2025-05-01T10:10:23.725+0000] {logging_mixin.py:190} INFO - [2025-05-01T10:10:23.725+0000] {dagbag.py:588} INFO - Filling up the DagBag from /home/airflow/.local/lib/python3.11/site-packages/airflow/example_dags/example_local_kubernetes_executor.py
[2025-05-01T10:10:23.731+0000] {processor.py:925} INFO - DAG(s) 'example_local_kubernetes_executor' retrieved from /home/airflow/.local/lib/python3.11/site-packages/airflow/example_dags/example_local_kubernetes_executor.py
[2025-05-01T10:10:23.740+0000] {logging_mixin.py:190} INFO - [2025-05-01T10:10:23.740+0000] {dag.py:3239} INFO - Sync 1 DAGs
[2025-05-01T10:10:23.747+0000] {logging_mixin.py:190} INFO - [2025-05-01T10:10:23.747+0000] {dag.py:4180} INFO - Setting next_dagrun for example_local_kubernetes_executor to None, run_after=None
[2025-05-01T10:10:23.753+0000] {processor.py:208} INFO - Processing /home/airflow/.local/lib/python3.11/site-packages/airflow/example_dags/example_local_kubernetes_executor.py took 0.033 seconds
[2025-05-01T10:10:54.035+0000] {processor.py:186} INFO - Started process (PID=1258) to work on /home/airflow/.local/lib/python3.11/site-packages/airflow/example_dags/example_local_kubernetes_executor.py
[2025-05-01T10:10:54.035+0000] {processor.py:914} INFO - Processing file /home/airflow/.local/lib/python3.11/site-packages/airflow/example_dags/example_local_kubernetes_executor.py for tasks to queue
[2025-05-01T10:10:54.037+0000] {logging_mixin.py:190} INFO - [2025-05-01T10:10:54.037+0000] {dagbag.py:588} INFO - Filling up the DagBag from /home/airflow/.local/lib/python3.11/site-packages/airflow/example_dags/example_local_kubernetes_executor.py
[2025-05-01T10:10:54.045+0000] {processor.py:925} INFO - DAG(s) 'example_local_kubernetes_executor' retrieved from /home/airflow/.local/lib/python3.11/site-packages/airflow/example_dags/example_local_kubernetes_executor.py
[2025-05-01T10:10:54.061+0000] {logging_mixin.py:190} INFO - [2025-05-01T10:10:54.061+0000] {dag.py:3239} INFO - Sync 1 DAGs
[2025-05-01T10:10:54.068+0000] {logging_mixin.py:190} INFO - [2025-05-01T10:10:54.068+0000] {dag.py:4180} INFO - Setting next_dagrun for example_local_kubernetes_executor to None, run_after=None
[2025-05-01T10:10:54.075+0000] {processor.py:208} INFO - Processing /home/airflow/.local/lib/python3.11/site-packages/airflow/example_dags/example_local_kubernetes_executor.py took 0.044 seconds
[2025-05-01T10:21:38.484+0000] {processor.py:186} INFO - Started process (PID=1332) to work on /home/airflow/.local/lib/python3.11/site-packages/airflow/example_dags/example_local_kubernetes_executor.py
[2025-05-01T10:21:38.491+0000] {processor.py:914} INFO - Processing file /home/airflow/.local/lib/python3.11/site-packages/airflow/example_dags/example_local_kubernetes_executor.py for tasks to queue
[2025-05-01T10:21:38.493+0000] {logging_mixin.py:190} INFO - [2025-05-01T10:21:38.493+0000] {dagbag.py:588} INFO - Filling up the DagBag from /home/airflow/.local/lib/python3.11/site-packages/airflow/example_dags/example_local_kubernetes_executor.py
[2025-05-01T10:21:38.503+0000] {processor.py:925} INFO - DAG(s) 'example_local_kubernetes_executor' retrieved from /home/airflow/.local/lib/python3.11/site-packages/airflow/example_dags/example_local_kubernetes_executor.py
[2025-05-01T10:21:38.533+0000] {logging_mixin.py:190} INFO - [2025-05-01T10:21:38.533+0000] {dag.py:3239} INFO - Sync 1 DAGs
[2025-05-01T10:21:38.544+0000] {logging_mixin.py:190} INFO - [2025-05-01T10:21:38.544+0000] {dag.py:4180} INFO - Setting next_dagrun for example_local_kubernetes_executor to None, run_after=None
[2025-05-01T10:21:38.553+0000] {processor.py:208} INFO - Processing /home/airflow/.local/lib/python3.11/site-packages/airflow/example_dags/example_local_kubernetes_executor.py took 0.084 seconds
