[2025-05-01T10:02:48.462+0000] {processor.py:186} INFO - Started process (PID=121) to work on /home/airflow/.local/lib/python3.11/site-packages/airflow/example_dags/example_branch_python_dop_operator_3.py
[2025-05-01T10:02:48.464+0000] {processor.py:914} INFO - Processing file /home/airflow/.local/lib/python3.11/site-packages/airflow/example_dags/example_branch_python_dop_operator_3.py for tasks to queue
[2025-05-01T10:02:48.471+0000] {logging_mixin.py:190} INFO - [2025-05-01T10:02:48.470+0000] {dagbag.py:588} INFO - Filling up the DagBag from /home/airflow/.local/lib/python3.11/site-packages/airflow/example_dags/example_branch_python_dop_operator_3.py
[2025-05-01T10:02:48.488+0000] {processor.py:925} INFO - DAG(s) 'example_branch_dop_operator_v3' retrieved from /home/airflow/.local/lib/python3.11/site-packages/airflow/example_dags/example_branch_python_dop_operator_3.py
[2025-05-01T10:02:48.517+0000] {logging_mixin.py:190} INFO - [2025-05-01T10:02:48.517+0000] {dag.py:3239} INFO - Sync 1 DAGs
[2025-05-01T10:02:48.551+0000] {logging_mixin.py:190} INFO - [2025-05-01T10:02:48.551+0000] {dag.py:4180} INFO - Setting next_dagrun for example_branch_dop_operator_v3 to 2025-05-01 10:01:00+00:00, run_after=2025-05-01 10:02:00+00:00
[2025-05-01T10:02:48.578+0000] {processor.py:208} INFO - Processing /home/airflow/.local/lib/python3.11/site-packages/airflow/example_dags/example_branch_python_dop_operator_3.py took 0.130 seconds
[2025-05-01T10:03:19.601+0000] {processor.py:186} INFO - Started process (PID=194) to work on /home/airflow/.local/lib/python3.11/site-packages/airflow/example_dags/example_branch_python_dop_operator_3.py
[2025-05-01T10:03:19.602+0000] {processor.py:914} INFO - Processing file /home/airflow/.local/lib/python3.11/site-packages/airflow/example_dags/example_branch_python_dop_operator_3.py for tasks to queue
[2025-05-01T10:03:19.603+0000] {logging_mixin.py:190} INFO - [2025-05-01T10:03:19.603+0000] {dagbag.py:588} INFO - Filling up the DagBag from /home/airflow/.local/lib/python3.11/site-packages/airflow/example_dags/example_branch_python_dop_operator_3.py
[2025-05-01T10:03:19.610+0000] {processor.py:925} INFO - DAG(s) 'example_branch_dop_operator_v3' retrieved from /home/airflow/.local/lib/python3.11/site-packages/airflow/example_dags/example_branch_python_dop_operator_3.py
[2025-05-01T10:03:19.624+0000] {logging_mixin.py:190} INFO - [2025-05-01T10:03:19.624+0000] {dag.py:3239} INFO - Sync 1 DAGs
[2025-05-01T10:03:19.636+0000] {logging_mixin.py:190} INFO - [2025-05-01T10:03:19.636+0000] {dag.py:4180} INFO - Setting next_dagrun for example_branch_dop_operator_v3 to 2025-05-01 10:02:00+00:00, run_after=2025-05-01 10:03:00+00:00
[2025-05-01T10:03:19.648+0000] {processor.py:208} INFO - Processing /home/airflow/.local/lib/python3.11/site-packages/airflow/example_dags/example_branch_python_dop_operator_3.py took 0.052 seconds
[2025-05-01T10:03:50.461+0000] {processor.py:186} INFO - Started process (PID=267) to work on /home/airflow/.local/lib/python3.11/site-packages/airflow/example_dags/example_branch_python_dop_operator_3.py
[2025-05-01T10:03:50.462+0000] {processor.py:914} INFO - Processing file /home/airflow/.local/lib/python3.11/site-packages/airflow/example_dags/example_branch_python_dop_operator_3.py for tasks to queue
[2025-05-01T10:03:50.463+0000] {logging_mixin.py:190} INFO - [2025-05-01T10:03:50.463+0000] {dagbag.py:588} INFO - Filling up the DagBag from /home/airflow/.local/lib/python3.11/site-packages/airflow/example_dags/example_branch_python_dop_operator_3.py
[2025-05-01T10:03:50.469+0000] {processor.py:925} INFO - DAG(s) 'example_branch_dop_operator_v3' retrieved from /home/airflow/.local/lib/python3.11/site-packages/airflow/example_dags/example_branch_python_dop_operator_3.py
[2025-05-01T10:03:50.484+0000] {logging_mixin.py:190} INFO - [2025-05-01T10:03:50.484+0000] {dag.py:3239} INFO - Sync 1 DAGs
[2025-05-01T10:03:50.506+0000] {logging_mixin.py:190} INFO - [2025-05-01T10:03:50.506+0000] {dag.py:4180} INFO - Setting next_dagrun for example_branch_dop_operator_v3 to 2025-05-01 10:02:00+00:00, run_after=2025-05-01 10:03:00+00:00
[2025-05-01T10:03:50.514+0000] {processor.py:208} INFO - Processing /home/airflow/.local/lib/python3.11/site-packages/airflow/example_dags/example_branch_python_dop_operator_3.py took 0.056 seconds
[2025-05-01T10:04:21.335+0000] {processor.py:186} INFO - Started process (PID=340) to work on /home/airflow/.local/lib/python3.11/site-packages/airflow/example_dags/example_branch_python_dop_operator_3.py
[2025-05-01T10:04:21.335+0000] {processor.py:914} INFO - Processing file /home/airflow/.local/lib/python3.11/site-packages/airflow/example_dags/example_branch_python_dop_operator_3.py for tasks to queue
[2025-05-01T10:04:21.337+0000] {logging_mixin.py:190} INFO - [2025-05-01T10:04:21.337+0000] {dagbag.py:588} INFO - Filling up the DagBag from /home/airflow/.local/lib/python3.11/site-packages/airflow/example_dags/example_branch_python_dop_operator_3.py
[2025-05-01T10:04:21.343+0000] {processor.py:925} INFO - DAG(s) 'example_branch_dop_operator_v3' retrieved from /home/airflow/.local/lib/python3.11/site-packages/airflow/example_dags/example_branch_python_dop_operator_3.py
[2025-05-01T10:04:21.362+0000] {logging_mixin.py:190} INFO - [2025-05-01T10:04:21.362+0000] {dag.py:3239} INFO - Sync 1 DAGs
[2025-05-01T10:04:21.384+0000] {logging_mixin.py:190} INFO - [2025-05-01T10:04:21.383+0000] {dag.py:4180} INFO - Setting next_dagrun for example_branch_dop_operator_v3 to 2025-05-01 10:03:00+00:00, run_after=2025-05-01 10:04:00+00:00
[2025-05-01T10:04:21.394+0000] {processor.py:208} INFO - Processing /home/airflow/.local/lib/python3.11/site-packages/airflow/example_dags/example_branch_python_dop_operator_3.py took 0.063 seconds
[2025-05-01T10:04:51.427+0000] {processor.py:186} INFO - Started process (PID=405) to work on /home/airflow/.local/lib/python3.11/site-packages/airflow/example_dags/example_branch_python_dop_operator_3.py
[2025-05-01T10:04:51.431+0000] {processor.py:914} INFO - Processing file /home/airflow/.local/lib/python3.11/site-packages/airflow/example_dags/example_branch_python_dop_operator_3.py for tasks to queue
[2025-05-01T10:04:51.434+0000] {logging_mixin.py:190} INFO - [2025-05-01T10:04:51.433+0000] {dagbag.py:588} INFO - Filling up the DagBag from /home/airflow/.local/lib/python3.11/site-packages/airflow/example_dags/example_branch_python_dop_operator_3.py
[2025-05-01T10:04:51.440+0000] {processor.py:925} INFO - DAG(s) 'example_branch_dop_operator_v3' retrieved from /home/airflow/.local/lib/python3.11/site-packages/airflow/example_dags/example_branch_python_dop_operator_3.py
[2025-05-01T10:04:51.455+0000] {logging_mixin.py:190} INFO - [2025-05-01T10:04:51.455+0000] {dag.py:3239} INFO - Sync 1 DAGs
[2025-05-01T10:04:51.468+0000] {logging_mixin.py:190} INFO - [2025-05-01T10:04:51.468+0000] {dag.py:4180} INFO - Setting next_dagrun for example_branch_dop_operator_v3 to 2025-05-01 10:03:00+00:00, run_after=2025-05-01 10:04:00+00:00
[2025-05-01T10:04:51.479+0000] {processor.py:208} INFO - Processing /home/airflow/.local/lib/python3.11/site-packages/airflow/example_dags/example_branch_python_dop_operator_3.py took 0.056 seconds
[2025-05-01T10:05:24.107+0000] {processor.py:186} INFO - Started process (PID=478) to work on /home/airflow/.local/lib/python3.11/site-packages/airflow/example_dags/example_branch_python_dop_operator_3.py
[2025-05-01T10:05:24.108+0000] {processor.py:914} INFO - Processing file /home/airflow/.local/lib/python3.11/site-packages/airflow/example_dags/example_branch_python_dop_operator_3.py for tasks to queue
[2025-05-01T10:05:24.112+0000] {logging_mixin.py:190} INFO - [2025-05-01T10:05:24.112+0000] {dagbag.py:588} INFO - Filling up the DagBag from /home/airflow/.local/lib/python3.11/site-packages/airflow/example_dags/example_branch_python_dop_operator_3.py
[2025-05-01T10:05:24.123+0000] {processor.py:925} INFO - DAG(s) 'example_branch_dop_operator_v3' retrieved from /home/airflow/.local/lib/python3.11/site-packages/airflow/example_dags/example_branch_python_dop_operator_3.py
[2025-05-01T10:05:24.141+0000] {logging_mixin.py:190} INFO - [2025-05-01T10:05:24.140+0000] {dag.py:3239} INFO - Sync 1 DAGs
[2025-05-01T10:05:24.163+0000] {logging_mixin.py:190} INFO - [2025-05-01T10:05:24.163+0000] {dag.py:4180} INFO - Setting next_dagrun for example_branch_dop_operator_v3 to 2025-05-01 10:04:00+00:00, run_after=2025-05-01 10:05:00+00:00
[2025-05-01T10:05:24.193+0000] {processor.py:208} INFO - Processing /home/airflow/.local/lib/python3.11/site-packages/airflow/example_dags/example_branch_python_dop_operator_3.py took 0.099 seconds
[2025-05-01T10:05:55.547+0000] {processor.py:186} INFO - Started process (PID=551) to work on /home/airflow/.local/lib/python3.11/site-packages/airflow/example_dags/example_branch_python_dop_operator_3.py
[2025-05-01T10:05:55.548+0000] {processor.py:914} INFO - Processing file /home/airflow/.local/lib/python3.11/site-packages/airflow/example_dags/example_branch_python_dop_operator_3.py for tasks to queue
[2025-05-01T10:05:55.552+0000] {logging_mixin.py:190} INFO - [2025-05-01T10:05:55.552+0000] {dagbag.py:588} INFO - Filling up the DagBag from /home/airflow/.local/lib/python3.11/site-packages/airflow/example_dags/example_branch_python_dop_operator_3.py
[2025-05-01T10:05:55.579+0000] {processor.py:925} INFO - DAG(s) 'example_branch_dop_operator_v3' retrieved from /home/airflow/.local/lib/python3.11/site-packages/airflow/example_dags/example_branch_python_dop_operator_3.py
[2025-05-01T10:05:55.643+0000] {logging_mixin.py:190} INFO - [2025-05-01T10:05:55.642+0000] {dag.py:3239} INFO - Sync 1 DAGs
[2025-05-01T10:05:55.677+0000] {logging_mixin.py:190} INFO - [2025-05-01T10:05:55.676+0000] {dag.py:4180} INFO - Setting next_dagrun for example_branch_dop_operator_v3 to 2025-05-01 10:04:00+00:00, run_after=2025-05-01 10:05:00+00:00
[2025-05-01T10:05:55.703+0000] {processor.py:208} INFO - Processing /home/airflow/.local/lib/python3.11/site-packages/airflow/example_dags/example_branch_python_dop_operator_3.py took 0.163 seconds
[2025-05-01T10:06:26.226+0000] {processor.py:186} INFO - Started process (PID=624) to work on /home/airflow/.local/lib/python3.11/site-packages/airflow/example_dags/example_branch_python_dop_operator_3.py
[2025-05-01T10:06:26.228+0000] {processor.py:914} INFO - Processing file /home/airflow/.local/lib/python3.11/site-packages/airflow/example_dags/example_branch_python_dop_operator_3.py for tasks to queue
[2025-05-01T10:06:26.229+0000] {logging_mixin.py:190} INFO - [2025-05-01T10:06:26.229+0000] {dagbag.py:588} INFO - Filling up the DagBag from /home/airflow/.local/lib/python3.11/site-packages/airflow/example_dags/example_branch_python_dop_operator_3.py
[2025-05-01T10:06:26.243+0000] {processor.py:925} INFO - DAG(s) 'example_branch_dop_operator_v3' retrieved from /home/airflow/.local/lib/python3.11/site-packages/airflow/example_dags/example_branch_python_dop_operator_3.py
[2025-05-01T10:06:26.258+0000] {logging_mixin.py:190} INFO - [2025-05-01T10:06:26.258+0000] {dag.py:3239} INFO - Sync 1 DAGs
[2025-05-01T10:06:26.283+0000] {logging_mixin.py:190} INFO - [2025-05-01T10:06:26.282+0000] {dag.py:4180} INFO - Setting next_dagrun for example_branch_dop_operator_v3 to 2025-05-01 10:05:00+00:00, run_after=2025-05-01 10:06:00+00:00
[2025-05-01T10:06:26.292+0000] {processor.py:208} INFO - Processing /home/airflow/.local/lib/python3.11/site-packages/airflow/example_dags/example_branch_python_dop_operator_3.py took 0.071 seconds
[2025-05-01T10:06:59.702+0000] {processor.py:186} INFO - Started process (PID=697) to work on /home/airflow/.local/lib/python3.11/site-packages/airflow/example_dags/example_branch_python_dop_operator_3.py
[2025-05-01T10:06:59.708+0000] {processor.py:914} INFO - Processing file /home/airflow/.local/lib/python3.11/site-packages/airflow/example_dags/example_branch_python_dop_operator_3.py for tasks to queue
[2025-05-01T10:06:59.710+0000] {logging_mixin.py:190} INFO - [2025-05-01T10:06:59.710+0000] {dagbag.py:588} INFO - Filling up the DagBag from /home/airflow/.local/lib/python3.11/site-packages/airflow/example_dags/example_branch_python_dop_operator_3.py
[2025-05-01T10:06:59.721+0000] {processor.py:925} INFO - DAG(s) 'example_branch_dop_operator_v3' retrieved from /home/airflow/.local/lib/python3.11/site-packages/airflow/example_dags/example_branch_python_dop_operator_3.py
[2025-05-01T10:06:59.734+0000] {logging_mixin.py:190} INFO - [2025-05-01T10:06:59.734+0000] {dag.py:3239} INFO - Sync 1 DAGs
[2025-05-01T10:06:59.752+0000] {logging_mixin.py:190} INFO - [2025-05-01T10:06:59.751+0000] {dag.py:4180} INFO - Setting next_dagrun for example_branch_dop_operator_v3 to 2025-05-01 10:05:00+00:00, run_after=2025-05-01 10:06:00+00:00
[2025-05-01T10:06:59.771+0000] {processor.py:208} INFO - Processing /home/airflow/.local/lib/python3.11/site-packages/airflow/example_dags/example_branch_python_dop_operator_3.py took 0.079 seconds
[2025-05-01T10:07:30.741+0000] {processor.py:186} INFO - Started process (PID=770) to work on /home/airflow/.local/lib/python3.11/site-packages/airflow/example_dags/example_branch_python_dop_operator_3.py
[2025-05-01T10:07:30.742+0000] {processor.py:914} INFO - Processing file /home/airflow/.local/lib/python3.11/site-packages/airflow/example_dags/example_branch_python_dop_operator_3.py for tasks to queue
[2025-05-01T10:07:30.744+0000] {logging_mixin.py:190} INFO - [2025-05-01T10:07:30.743+0000] {dagbag.py:588} INFO - Filling up the DagBag from /home/airflow/.local/lib/python3.11/site-packages/airflow/example_dags/example_branch_python_dop_operator_3.py
[2025-05-01T10:07:30.749+0000] {processor.py:925} INFO - DAG(s) 'example_branch_dop_operator_v3' retrieved from /home/airflow/.local/lib/python3.11/site-packages/airflow/example_dags/example_branch_python_dop_operator_3.py
[2025-05-01T10:07:30.758+0000] {logging_mixin.py:190} INFO - [2025-05-01T10:07:30.758+0000] {dag.py:3239} INFO - Sync 1 DAGs
[2025-05-01T10:07:30.770+0000] {logging_mixin.py:190} INFO - [2025-05-01T10:07:30.770+0000] {dag.py:4180} INFO - Setting next_dagrun for example_branch_dop_operator_v3 to 2025-05-01 10:06:00+00:00, run_after=2025-05-01 10:07:00+00:00
[2025-05-01T10:07:30.779+0000] {processor.py:208} INFO - Processing /home/airflow/.local/lib/python3.11/site-packages/airflow/example_dags/example_branch_python_dop_operator_3.py took 0.042 seconds
[2025-05-01T10:08:01.035+0000] {processor.py:186} INFO - Started process (PID=843) to work on /home/airflow/.local/lib/python3.11/site-packages/airflow/example_dags/example_branch_python_dop_operator_3.py
[2025-05-01T10:08:01.036+0000] {processor.py:914} INFO - Processing file /home/airflow/.local/lib/python3.11/site-packages/airflow/example_dags/example_branch_python_dop_operator_3.py for tasks to queue
[2025-05-01T10:08:01.037+0000] {logging_mixin.py:190} INFO - [2025-05-01T10:08:01.037+0000] {dagbag.py:588} INFO - Filling up the DagBag from /home/airflow/.local/lib/python3.11/site-packages/airflow/example_dags/example_branch_python_dop_operator_3.py
[2025-05-01T10:08:01.044+0000] {processor.py:925} INFO - DAG(s) 'example_branch_dop_operator_v3' retrieved from /home/airflow/.local/lib/python3.11/site-packages/airflow/example_dags/example_branch_python_dop_operator_3.py
[2025-05-01T10:08:01.062+0000] {logging_mixin.py:190} INFO - [2025-05-01T10:08:01.062+0000] {dag.py:3239} INFO - Sync 1 DAGs
[2025-05-01T10:08:01.079+0000] {logging_mixin.py:190} INFO - [2025-05-01T10:08:01.079+0000] {dag.py:4180} INFO - Setting next_dagrun for example_branch_dop_operator_v3 to 2025-05-01 10:07:00+00:00, run_after=2025-05-01 10:08:00+00:00
[2025-05-01T10:08:01.095+0000] {processor.py:208} INFO - Processing /home/airflow/.local/lib/python3.11/site-packages/airflow/example_dags/example_branch_python_dop_operator_3.py took 0.070 seconds
[2025-05-01T10:08:32.004+0000] {processor.py:186} INFO - Started process (PID=916) to work on /home/airflow/.local/lib/python3.11/site-packages/airflow/example_dags/example_branch_python_dop_operator_3.py
[2025-05-01T10:08:32.004+0000] {processor.py:914} INFO - Processing file /home/airflow/.local/lib/python3.11/site-packages/airflow/example_dags/example_branch_python_dop_operator_3.py for tasks to queue
[2025-05-01T10:08:32.009+0000] {logging_mixin.py:190} INFO - [2025-05-01T10:08:32.008+0000] {dagbag.py:588} INFO - Filling up the DagBag from /home/airflow/.local/lib/python3.11/site-packages/airflow/example_dags/example_branch_python_dop_operator_3.py
[2025-05-01T10:08:32.016+0000] {processor.py:925} INFO - DAG(s) 'example_branch_dop_operator_v3' retrieved from /home/airflow/.local/lib/python3.11/site-packages/airflow/example_dags/example_branch_python_dop_operator_3.py
[2025-05-01T10:08:32.031+0000] {logging_mixin.py:190} INFO - [2025-05-01T10:08:32.031+0000] {dag.py:3239} INFO - Sync 1 DAGs
[2025-05-01T10:08:32.052+0000] {logging_mixin.py:190} INFO - [2025-05-01T10:08:32.052+0000] {dag.py:4180} INFO - Setting next_dagrun for example_branch_dop_operator_v3 to 2025-05-01 10:07:00+00:00, run_after=2025-05-01 10:08:00+00:00
[2025-05-01T10:08:32.066+0000] {processor.py:208} INFO - Processing /home/airflow/.local/lib/python3.11/site-packages/airflow/example_dags/example_branch_python_dop_operator_3.py took 0.069 seconds
[2025-05-01T10:09:02.207+0000] {processor.py:186} INFO - Started process (PID=987) to work on /home/airflow/.local/lib/python3.11/site-packages/airflow/example_dags/example_branch_python_dop_operator_3.py
[2025-05-01T10:09:02.208+0000] {processor.py:914} INFO - Processing file /home/airflow/.local/lib/python3.11/site-packages/airflow/example_dags/example_branch_python_dop_operator_3.py for tasks to queue
[2025-05-01T10:09:02.209+0000] {logging_mixin.py:190} INFO - [2025-05-01T10:09:02.209+0000] {dagbag.py:588} INFO - Filling up the DagBag from /home/airflow/.local/lib/python3.11/site-packages/airflow/example_dags/example_branch_python_dop_operator_3.py
[2025-05-01T10:09:02.214+0000] {processor.py:925} INFO - DAG(s) 'example_branch_dop_operator_v3' retrieved from /home/airflow/.local/lib/python3.11/site-packages/airflow/example_dags/example_branch_python_dop_operator_3.py
[2025-05-01T10:09:02.223+0000] {logging_mixin.py:190} INFO - [2025-05-01T10:09:02.223+0000] {dag.py:3239} INFO - Sync 1 DAGs
[2025-05-01T10:09:02.234+0000] {logging_mixin.py:190} INFO - [2025-05-01T10:09:02.234+0000] {dag.py:4180} INFO - Setting next_dagrun for example_branch_dop_operator_v3 to 2025-05-01 10:08:00+00:00, run_after=2025-05-01 10:09:00+00:00
[2025-05-01T10:09:02.241+0000] {processor.py:208} INFO - Processing /home/airflow/.local/lib/python3.11/site-packages/airflow/example_dags/example_branch_python_dop_operator_3.py took 0.037 seconds
[2025-05-01T10:09:32.438+0000] {processor.py:186} INFO - Started process (PID=1060) to work on /home/airflow/.local/lib/python3.11/site-packages/airflow/example_dags/example_branch_python_dop_operator_3.py
[2025-05-01T10:09:32.439+0000] {processor.py:914} INFO - Processing file /home/airflow/.local/lib/python3.11/site-packages/airflow/example_dags/example_branch_python_dop_operator_3.py for tasks to queue
[2025-05-01T10:09:32.440+0000] {logging_mixin.py:190} INFO - [2025-05-01T10:09:32.439+0000] {dagbag.py:588} INFO - Filling up the DagBag from /home/airflow/.local/lib/python3.11/site-packages/airflow/example_dags/example_branch_python_dop_operator_3.py
[2025-05-01T10:09:32.445+0000] {processor.py:925} INFO - DAG(s) 'example_branch_dop_operator_v3' retrieved from /home/airflow/.local/lib/python3.11/site-packages/airflow/example_dags/example_branch_python_dop_operator_3.py
[2025-05-01T10:09:32.453+0000] {logging_mixin.py:190} INFO - [2025-05-01T10:09:32.453+0000] {dag.py:3239} INFO - Sync 1 DAGs
[2025-05-01T10:09:32.467+0000] {logging_mixin.py:190} INFO - [2025-05-01T10:09:32.467+0000] {dag.py:4180} INFO - Setting next_dagrun for example_branch_dop_operator_v3 to 2025-05-01 10:08:00+00:00, run_after=2025-05-01 10:09:00+00:00
[2025-05-01T10:09:32.475+0000] {processor.py:208} INFO - Processing /home/airflow/.local/lib/python3.11/site-packages/airflow/example_dags/example_branch_python_dop_operator_3.py took 0.040 seconds
[2025-05-01T10:10:02.682+0000] {processor.py:186} INFO - Started process (PID=1133) to work on /home/airflow/.local/lib/python3.11/site-packages/airflow/example_dags/example_branch_python_dop_operator_3.py
[2025-05-01T10:10:02.682+0000] {processor.py:914} INFO - Processing file /home/airflow/.local/lib/python3.11/site-packages/airflow/example_dags/example_branch_python_dop_operator_3.py for tasks to queue
[2025-05-01T10:10:02.683+0000] {logging_mixin.py:190} INFO - [2025-05-01T10:10:02.683+0000] {dagbag.py:588} INFO - Filling up the DagBag from /home/airflow/.local/lib/python3.11/site-packages/airflow/example_dags/example_branch_python_dop_operator_3.py
[2025-05-01T10:10:02.688+0000] {processor.py:925} INFO - DAG(s) 'example_branch_dop_operator_v3' retrieved from /home/airflow/.local/lib/python3.11/site-packages/airflow/example_dags/example_branch_python_dop_operator_3.py
[2025-05-01T10:10:02.697+0000] {logging_mixin.py:190} INFO - [2025-05-01T10:10:02.697+0000] {dag.py:3239} INFO - Sync 1 DAGs
[2025-05-01T10:10:02.706+0000] {logging_mixin.py:190} INFO - [2025-05-01T10:10:02.706+0000] {dag.py:4180} INFO - Setting next_dagrun for example_branch_dop_operator_v3 to 2025-05-01 10:09:00+00:00, run_after=2025-05-01 10:10:00+00:00
[2025-05-01T10:10:02.712+0000] {processor.py:208} INFO - Processing /home/airflow/.local/lib/python3.11/site-packages/airflow/example_dags/example_branch_python_dop_operator_3.py took 0.034 seconds
[2025-05-01T10:10:32.925+0000] {processor.py:186} INFO - Started process (PID=1206) to work on /home/airflow/.local/lib/python3.11/site-packages/airflow/example_dags/example_branch_python_dop_operator_3.py
[2025-05-01T10:10:32.925+0000] {processor.py:914} INFO - Processing file /home/airflow/.local/lib/python3.11/site-packages/airflow/example_dags/example_branch_python_dop_operator_3.py for tasks to queue
[2025-05-01T10:10:32.927+0000] {logging_mixin.py:190} INFO - [2025-05-01T10:10:32.927+0000] {dagbag.py:588} INFO - Filling up the DagBag from /home/airflow/.local/lib/python3.11/site-packages/airflow/example_dags/example_branch_python_dop_operator_3.py
[2025-05-01T10:10:32.933+0000] {processor.py:925} INFO - DAG(s) 'example_branch_dop_operator_v3' retrieved from /home/airflow/.local/lib/python3.11/site-packages/airflow/example_dags/example_branch_python_dop_operator_3.py
[2025-05-01T10:10:32.943+0000] {logging_mixin.py:190} INFO - [2025-05-01T10:10:32.942+0000] {dag.py:3239} INFO - Sync 1 DAGs
[2025-05-01T10:10:32.955+0000] {logging_mixin.py:190} INFO - [2025-05-01T10:10:32.955+0000] {dag.py:4180} INFO - Setting next_dagrun for example_branch_dop_operator_v3 to 2025-05-01 10:09:00+00:00, run_after=2025-05-01 10:10:00+00:00
[2025-05-01T10:10:32.963+0000] {processor.py:208} INFO - Processing /home/airflow/.local/lib/python3.11/site-packages/airflow/example_dags/example_branch_python_dop_operator_3.py took 0.043 seconds
[2025-05-01T10:11:03.488+0000] {processor.py:186} INFO - Started process (PID=1279) to work on /home/airflow/.local/lib/python3.11/site-packages/airflow/example_dags/example_branch_python_dop_operator_3.py
[2025-05-01T10:11:03.488+0000] {processor.py:914} INFO - Processing file /home/airflow/.local/lib/python3.11/site-packages/airflow/example_dags/example_branch_python_dop_operator_3.py for tasks to queue
[2025-05-01T10:11:03.489+0000] {logging_mixin.py:190} INFO - [2025-05-01T10:11:03.489+0000] {dagbag.py:588} INFO - Filling up the DagBag from /home/airflow/.local/lib/python3.11/site-packages/airflow/example_dags/example_branch_python_dop_operator_3.py
[2025-05-01T10:11:03.494+0000] {processor.py:925} INFO - DAG(s) 'example_branch_dop_operator_v3' retrieved from /home/airflow/.local/lib/python3.11/site-packages/airflow/example_dags/example_branch_python_dop_operator_3.py
[2025-05-01T10:11:03.503+0000] {logging_mixin.py:190} INFO - [2025-05-01T10:11:03.503+0000] {dag.py:3239} INFO - Sync 1 DAGs
[2025-05-01T10:11:03.514+0000] {logging_mixin.py:190} INFO - [2025-05-01T10:11:03.514+0000] {dag.py:4180} INFO - Setting next_dagrun for example_branch_dop_operator_v3 to 2025-05-01 10:10:00+00:00, run_after=2025-05-01 10:11:00+00:00
[2025-05-01T10:11:03.521+0000] {processor.py:208} INFO - Processing /home/airflow/.local/lib/python3.11/site-packages/airflow/example_dags/example_branch_python_dop_operator_3.py took 0.036 seconds
[2025-05-01T10:21:40.826+0000] {processor.py:186} INFO - Started process (PID=1353) to work on /home/airflow/.local/lib/python3.11/site-packages/airflow/example_dags/example_branch_python_dop_operator_3.py
[2025-05-01T10:21:40.827+0000] {processor.py:914} INFO - Processing file /home/airflow/.local/lib/python3.11/site-packages/airflow/example_dags/example_branch_python_dop_operator_3.py for tasks to queue
[2025-05-01T10:21:40.828+0000] {logging_mixin.py:190} INFO - [2025-05-01T10:21:40.828+0000] {dagbag.py:588} INFO - Filling up the DagBag from /home/airflow/.local/lib/python3.11/site-packages/airflow/example_dags/example_branch_python_dop_operator_3.py
[2025-05-01T10:21:40.835+0000] {processor.py:925} INFO - DAG(s) 'example_branch_dop_operator_v3' retrieved from /home/airflow/.local/lib/python3.11/site-packages/airflow/example_dags/example_branch_python_dop_operator_3.py
[2025-05-01T10:21:40.850+0000] {logging_mixin.py:190} INFO - [2025-05-01T10:21:40.849+0000] {dag.py:3239} INFO - Sync 1 DAGs
[2025-05-01T10:21:40.861+0000] {logging_mixin.py:190} INFO - [2025-05-01T10:21:40.861+0000] {dag.py:4180} INFO - Setting next_dagrun for example_branch_dop_operator_v3 to 2025-05-01 10:20:00+00:00, run_after=2025-05-01 10:21:00+00:00
[2025-05-01T10:21:40.869+0000] {processor.py:208} INFO - Processing /home/airflow/.local/lib/python3.11/site-packages/airflow/example_dags/example_branch_python_dop_operator_3.py took 0.048 seconds
