[2025-05-01T10:02:51.390+0000] {processor.py:186} INFO - Started process (PID=145) to work on /home/airflow/.local/lib/python3.11/site-packages/airflow/example_dags/example_skip_dag.py
[2025-05-01T10:02:51.399+0000] {processor.py:914} INFO - Processing file /home/airflow/.local/lib/python3.11/site-packages/airflow/example_dags/example_skip_dag.py for tasks to queue
[2025-05-01T10:02:51.406+0000] {logging_mixin.py:190} INFO - [2025-05-01T10:02:51.405+0000] {dagbag.py:588} INFO - Filling up the DagBag from /home/airflow/.local/lib/python3.11/site-packages/airflow/example_dags/example_skip_dag.py
[2025-05-01T10:02:51.426+0000] {processor.py:925} INFO - DAG(s) 'example_skip_dag' retrieved from /home/airflow/.local/lib/python3.11/site-packages/airflow/example_dags/example_skip_dag.py
[2025-05-01T10:02:51.493+0000] {logging_mixin.py:190} INFO - [2025-05-01T10:02:51.492+0000] {dag.py:3239} INFO - Sync 1 DAGs
[2025-05-01T10:02:51.550+0000] {logging_mixin.py:190} INFO - [2025-05-01T10:02:51.549+0000] {dag.py:4180} INFO - Setting next_dagrun for example_skip_dag to 2025-04-30 00:00:00+00:00, run_after=2025-05-01 00:00:00+00:00
[2025-05-01T10:02:51.588+0000] {processor.py:208} INFO - Processing /home/airflow/.local/lib/python3.11/site-packages/airflow/example_dags/example_skip_dag.py took 0.220 seconds
[2025-05-01T10:03:21.704+0000] {processor.py:186} INFO - Started process (PID=217) to work on /home/airflow/.local/lib/python3.11/site-packages/airflow/example_dags/example_skip_dag.py
[2025-05-01T10:03:21.706+0000] {processor.py:914} INFO - Processing file /home/airflow/.local/lib/python3.11/site-packages/airflow/example_dags/example_skip_dag.py for tasks to queue
[2025-05-01T10:03:21.708+0000] {logging_mixin.py:190} INFO - [2025-05-01T10:03:21.708+0000] {dagbag.py:588} INFO - Filling up the DagBag from /home/airflow/.local/lib/python3.11/site-packages/airflow/example_dags/example_skip_dag.py
[2025-05-01T10:03:21.714+0000] {processor.py:925} INFO - DAG(s) 'example_skip_dag' retrieved from /home/airflow/.local/lib/python3.11/site-packages/airflow/example_dags/example_skip_dag.py
[2025-05-01T10:03:21.737+0000] {logging_mixin.py:190} INFO - [2025-05-01T10:03:21.737+0000] {dag.py:3239} INFO - Sync 1 DAGs
[2025-05-01T10:03:21.756+0000] {logging_mixin.py:190} INFO - [2025-05-01T10:03:21.756+0000] {dag.py:4180} INFO - Setting next_dagrun for example_skip_dag to 2025-04-30 00:00:00+00:00, run_after=2025-05-01 00:00:00+00:00
[2025-05-01T10:03:21.773+0000] {processor.py:208} INFO - Processing /home/airflow/.local/lib/python3.11/site-packages/airflow/example_dags/example_skip_dag.py took 0.077 seconds
[2025-05-01T10:03:52.492+0000] {processor.py:186} INFO - Started process (PID=291) to work on /home/airflow/.local/lib/python3.11/site-packages/airflow/example_dags/example_skip_dag.py
[2025-05-01T10:03:52.493+0000] {processor.py:914} INFO - Processing file /home/airflow/.local/lib/python3.11/site-packages/airflow/example_dags/example_skip_dag.py for tasks to queue
[2025-05-01T10:03:52.495+0000] {logging_mixin.py:190} INFO - [2025-05-01T10:03:52.495+0000] {dagbag.py:588} INFO - Filling up the DagBag from /home/airflow/.local/lib/python3.11/site-packages/airflow/example_dags/example_skip_dag.py
[2025-05-01T10:03:52.500+0000] {processor.py:925} INFO - DAG(s) 'example_skip_dag' retrieved from /home/airflow/.local/lib/python3.11/site-packages/airflow/example_dags/example_skip_dag.py
[2025-05-01T10:03:52.512+0000] {logging_mixin.py:190} INFO - [2025-05-01T10:03:52.512+0000] {dag.py:3239} INFO - Sync 1 DAGs
[2025-05-01T10:03:52.524+0000] {logging_mixin.py:190} INFO - [2025-05-01T10:03:52.524+0000] {dag.py:4180} INFO - Setting next_dagrun for example_skip_dag to 2025-04-30 00:00:00+00:00, run_after=2025-05-01 00:00:00+00:00
[2025-05-01T10:03:52.535+0000] {processor.py:208} INFO - Processing /home/airflow/.local/lib/python3.11/site-packages/airflow/example_dags/example_skip_dag.py took 0.047 seconds
[2025-05-01T10:04:23.838+0000] {processor.py:186} INFO - Started process (PID=364) to work on /home/airflow/.local/lib/python3.11/site-packages/airflow/example_dags/example_skip_dag.py
[2025-05-01T10:04:23.840+0000] {processor.py:914} INFO - Processing file /home/airflow/.local/lib/python3.11/site-packages/airflow/example_dags/example_skip_dag.py for tasks to queue
[2025-05-01T10:04:23.843+0000] {logging_mixin.py:190} INFO - [2025-05-01T10:04:23.843+0000] {dagbag.py:588} INFO - Filling up the DagBag from /home/airflow/.local/lib/python3.11/site-packages/airflow/example_dags/example_skip_dag.py
[2025-05-01T10:04:23.849+0000] {processor.py:925} INFO - DAG(s) 'example_skip_dag' retrieved from /home/airflow/.local/lib/python3.11/site-packages/airflow/example_dags/example_skip_dag.py
[2025-05-01T10:04:23.863+0000] {logging_mixin.py:190} INFO - [2025-05-01T10:04:23.862+0000] {dag.py:3239} INFO - Sync 1 DAGs
[2025-05-01T10:04:23.876+0000] {logging_mixin.py:190} INFO - [2025-05-01T10:04:23.876+0000] {dag.py:4180} INFO - Setting next_dagrun for example_skip_dag to 2025-04-30 00:00:00+00:00, run_after=2025-05-01 00:00:00+00:00
[2025-05-01T10:04:23.892+0000] {processor.py:208} INFO - Processing /home/airflow/.local/lib/python3.11/site-packages/airflow/example_dags/example_skip_dag.py took 0.058 seconds
[2025-05-01T10:04:56.902+0000] {processor.py:186} INFO - Started process (PID=437) to work on /home/airflow/.local/lib/python3.11/site-packages/airflow/example_dags/example_skip_dag.py
[2025-05-01T10:04:56.904+0000] {processor.py:914} INFO - Processing file /home/airflow/.local/lib/python3.11/site-packages/airflow/example_dags/example_skip_dag.py for tasks to queue
[2025-05-01T10:04:56.907+0000] {logging_mixin.py:190} INFO - [2025-05-01T10:04:56.906+0000] {dagbag.py:588} INFO - Filling up the DagBag from /home/airflow/.local/lib/python3.11/site-packages/airflow/example_dags/example_skip_dag.py
[2025-05-01T10:04:56.922+0000] {processor.py:925} INFO - DAG(s) 'example_skip_dag' retrieved from /home/airflow/.local/lib/python3.11/site-packages/airflow/example_dags/example_skip_dag.py
[2025-05-01T10:04:56.959+0000] {logging_mixin.py:190} INFO - [2025-05-01T10:04:56.959+0000] {dag.py:3239} INFO - Sync 1 DAGs
[2025-05-01T10:04:56.983+0000] {logging_mixin.py:190} INFO - [2025-05-01T10:04:56.983+0000] {dag.py:4180} INFO - Setting next_dagrun for example_skip_dag to 2025-04-30 00:00:00+00:00, run_after=2025-05-01 00:00:00+00:00
[2025-05-01T10:04:56.996+0000] {processor.py:208} INFO - Processing /home/airflow/.local/lib/python3.11/site-packages/airflow/example_dags/example_skip_dag.py took 0.110 seconds
[2025-05-01T10:05:28.352+0000] {processor.py:186} INFO - Started process (PID=510) to work on /home/airflow/.local/lib/python3.11/site-packages/airflow/example_dags/example_skip_dag.py
[2025-05-01T10:05:28.355+0000] {processor.py:914} INFO - Processing file /home/airflow/.local/lib/python3.11/site-packages/airflow/example_dags/example_skip_dag.py for tasks to queue
[2025-05-01T10:05:28.356+0000] {logging_mixin.py:190} INFO - [2025-05-01T10:05:28.356+0000] {dagbag.py:588} INFO - Filling up the DagBag from /home/airflow/.local/lib/python3.11/site-packages/airflow/example_dags/example_skip_dag.py
[2025-05-01T10:05:28.363+0000] {processor.py:925} INFO - DAG(s) 'example_skip_dag' retrieved from /home/airflow/.local/lib/python3.11/site-packages/airflow/example_dags/example_skip_dag.py
[2025-05-01T10:05:28.401+0000] {logging_mixin.py:190} INFO - [2025-05-01T10:05:28.401+0000] {dag.py:3239} INFO - Sync 1 DAGs
[2025-05-01T10:05:28.422+0000] {logging_mixin.py:190} INFO - [2025-05-01T10:05:28.422+0000] {dag.py:4180} INFO - Setting next_dagrun for example_skip_dag to 2025-04-30 00:00:00+00:00, run_after=2025-05-01 00:00:00+00:00
[2025-05-01T10:05:28.430+0000] {processor.py:208} INFO - Processing /home/airflow/.local/lib/python3.11/site-packages/airflow/example_dags/example_skip_dag.py took 0.115 seconds
[2025-05-01T10:05:58.790+0000] {processor.py:186} INFO - Started process (PID=575) to work on /home/airflow/.local/lib/python3.11/site-packages/airflow/example_dags/example_skip_dag.py
[2025-05-01T10:05:58.792+0000] {processor.py:914} INFO - Processing file /home/airflow/.local/lib/python3.11/site-packages/airflow/example_dags/example_skip_dag.py for tasks to queue
[2025-05-01T10:05:58.802+0000] {logging_mixin.py:190} INFO - [2025-05-01T10:05:58.802+0000] {dagbag.py:588} INFO - Filling up the DagBag from /home/airflow/.local/lib/python3.11/site-packages/airflow/example_dags/example_skip_dag.py
[2025-05-01T10:05:58.822+0000] {processor.py:925} INFO - DAG(s) 'example_skip_dag' retrieved from /home/airflow/.local/lib/python3.11/site-packages/airflow/example_dags/example_skip_dag.py
[2025-05-01T10:05:58.883+0000] {logging_mixin.py:190} INFO - [2025-05-01T10:05:58.882+0000] {dag.py:3239} INFO - Sync 1 DAGs
[2025-05-01T10:05:58.911+0000] {logging_mixin.py:190} INFO - [2025-05-01T10:05:58.911+0000] {dag.py:4180} INFO - Setting next_dagrun for example_skip_dag to 2025-04-30 00:00:00+00:00, run_after=2025-05-01 00:00:00+00:00
[2025-05-01T10:05:58.927+0000] {processor.py:208} INFO - Processing /home/airflow/.local/lib/python3.11/site-packages/airflow/example_dags/example_skip_dag.py took 0.155 seconds
[2025-05-01T10:06:29.005+0000] {processor.py:186} INFO - Started process (PID=647) to work on /home/airflow/.local/lib/python3.11/site-packages/airflow/example_dags/example_skip_dag.py
[2025-05-01T10:06:29.006+0000] {processor.py:914} INFO - Processing file /home/airflow/.local/lib/python3.11/site-packages/airflow/example_dags/example_skip_dag.py for tasks to queue
[2025-05-01T10:06:29.007+0000] {logging_mixin.py:190} INFO - [2025-05-01T10:06:29.007+0000] {dagbag.py:588} INFO - Filling up the DagBag from /home/airflow/.local/lib/python3.11/site-packages/airflow/example_dags/example_skip_dag.py
[2025-05-01T10:06:29.020+0000] {processor.py:925} INFO - DAG(s) 'example_skip_dag' retrieved from /home/airflow/.local/lib/python3.11/site-packages/airflow/example_dags/example_skip_dag.py
[2025-05-01T10:06:29.037+0000] {logging_mixin.py:190} INFO - [2025-05-01T10:06:29.037+0000] {dag.py:3239} INFO - Sync 1 DAGs
[2025-05-01T10:06:29.059+0000] {logging_mixin.py:190} INFO - [2025-05-01T10:06:29.058+0000] {dag.py:4180} INFO - Setting next_dagrun for example_skip_dag to 2025-04-30 00:00:00+00:00, run_after=2025-05-01 00:00:00+00:00
[2025-05-01T10:06:29.073+0000] {processor.py:208} INFO - Processing /home/airflow/.local/lib/python3.11/site-packages/airflow/example_dags/example_skip_dag.py took 0.073 seconds
[2025-05-01T10:07:01.502+0000] {processor.py:186} INFO - Started process (PID=720) to work on /home/airflow/.local/lib/python3.11/site-packages/airflow/example_dags/example_skip_dag.py
[2025-05-01T10:07:01.504+0000] {processor.py:914} INFO - Processing file /home/airflow/.local/lib/python3.11/site-packages/airflow/example_dags/example_skip_dag.py for tasks to queue
[2025-05-01T10:07:01.506+0000] {logging_mixin.py:190} INFO - [2025-05-01T10:07:01.506+0000] {dagbag.py:588} INFO - Filling up the DagBag from /home/airflow/.local/lib/python3.11/site-packages/airflow/example_dags/example_skip_dag.py
[2025-05-01T10:07:01.521+0000] {processor.py:925} INFO - DAG(s) 'example_skip_dag' retrieved from /home/airflow/.local/lib/python3.11/site-packages/airflow/example_dags/example_skip_dag.py
[2025-05-01T10:07:01.554+0000] {logging_mixin.py:190} INFO - [2025-05-01T10:07:01.554+0000] {dag.py:3239} INFO - Sync 1 DAGs
[2025-05-01T10:07:01.587+0000] {logging_mixin.py:190} INFO - [2025-05-01T10:07:01.587+0000] {dag.py:4180} INFO - Setting next_dagrun for example_skip_dag to 2025-04-30 00:00:00+00:00, run_after=2025-05-01 00:00:00+00:00
[2025-05-01T10:07:01.604+0000] {processor.py:208} INFO - Processing /home/airflow/.local/lib/python3.11/site-packages/airflow/example_dags/example_skip_dag.py took 0.125 seconds
[2025-05-01T10:07:33.048+0000] {processor.py:186} INFO - Started process (PID=794) to work on /home/airflow/.local/lib/python3.11/site-packages/airflow/example_dags/example_skip_dag.py
[2025-05-01T10:07:33.052+0000] {processor.py:914} INFO - Processing file /home/airflow/.local/lib/python3.11/site-packages/airflow/example_dags/example_skip_dag.py for tasks to queue
[2025-05-01T10:07:33.055+0000] {logging_mixin.py:190} INFO - [2025-05-01T10:07:33.055+0000] {dagbag.py:588} INFO - Filling up the DagBag from /home/airflow/.local/lib/python3.11/site-packages/airflow/example_dags/example_skip_dag.py
[2025-05-01T10:07:33.064+0000] {processor.py:925} INFO - DAG(s) 'example_skip_dag' retrieved from /home/airflow/.local/lib/python3.11/site-packages/airflow/example_dags/example_skip_dag.py
[2025-05-01T10:07:33.086+0000] {logging_mixin.py:190} INFO - [2025-05-01T10:07:33.086+0000] {dag.py:3239} INFO - Sync 1 DAGs
[2025-05-01T10:07:33.103+0000] {logging_mixin.py:190} INFO - [2025-05-01T10:07:33.102+0000] {dag.py:4180} INFO - Setting next_dagrun for example_skip_dag to 2025-04-30 00:00:00+00:00, run_after=2025-05-01 00:00:00+00:00
[2025-05-01T10:07:33.115+0000] {processor.py:208} INFO - Processing /home/airflow/.local/lib/python3.11/site-packages/airflow/example_dags/example_skip_dag.py took 0.080 seconds
[2025-05-01T10:08:04.335+0000] {processor.py:186} INFO - Started process (PID=867) to work on /home/airflow/.local/lib/python3.11/site-packages/airflow/example_dags/example_skip_dag.py
[2025-05-01T10:08:04.336+0000] {processor.py:914} INFO - Processing file /home/airflow/.local/lib/python3.11/site-packages/airflow/example_dags/example_skip_dag.py for tasks to queue
[2025-05-01T10:08:04.338+0000] {logging_mixin.py:190} INFO - [2025-05-01T10:08:04.338+0000] {dagbag.py:588} INFO - Filling up the DagBag from /home/airflow/.local/lib/python3.11/site-packages/airflow/example_dags/example_skip_dag.py
[2025-05-01T10:08:04.349+0000] {processor.py:925} INFO - DAG(s) 'example_skip_dag' retrieved from /home/airflow/.local/lib/python3.11/site-packages/airflow/example_dags/example_skip_dag.py
[2025-05-01T10:08:04.382+0000] {logging_mixin.py:190} INFO - [2025-05-01T10:08:04.382+0000] {dag.py:3239} INFO - Sync 1 DAGs
[2025-05-01T10:08:04.404+0000] {logging_mixin.py:190} INFO - [2025-05-01T10:08:04.403+0000] {dag.py:4180} INFO - Setting next_dagrun for example_skip_dag to 2025-04-30 00:00:00+00:00, run_after=2025-05-01 00:00:00+00:00
[2025-05-01T10:08:04.415+0000] {processor.py:208} INFO - Processing /home/airflow/.local/lib/python3.11/site-packages/airflow/example_dags/example_skip_dag.py took 0.088 seconds
[2025-05-01T10:08:35.294+0000] {processor.py:186} INFO - Started process (PID=940) to work on /home/airflow/.local/lib/python3.11/site-packages/airflow/example_dags/example_skip_dag.py
[2025-05-01T10:08:35.295+0000] {processor.py:914} INFO - Processing file /home/airflow/.local/lib/python3.11/site-packages/airflow/example_dags/example_skip_dag.py for tasks to queue
[2025-05-01T10:08:35.297+0000] {logging_mixin.py:190} INFO - [2025-05-01T10:08:35.297+0000] {dagbag.py:588} INFO - Filling up the DagBag from /home/airflow/.local/lib/python3.11/site-packages/airflow/example_dags/example_skip_dag.py
[2025-05-01T10:08:35.305+0000] {processor.py:925} INFO - DAG(s) 'example_skip_dag' retrieved from /home/airflow/.local/lib/python3.11/site-packages/airflow/example_dags/example_skip_dag.py
[2025-05-01T10:08:35.323+0000] {logging_mixin.py:190} INFO - [2025-05-01T10:08:35.323+0000] {dag.py:3239} INFO - Sync 1 DAGs
[2025-05-01T10:08:35.339+0000] {logging_mixin.py:190} INFO - [2025-05-01T10:08:35.339+0000] {dag.py:4180} INFO - Setting next_dagrun for example_skip_dag to 2025-04-30 00:00:00+00:00, run_after=2025-05-01 00:00:00+00:00
[2025-05-01T10:08:35.349+0000] {processor.py:208} INFO - Processing /home/airflow/.local/lib/python3.11/site-packages/airflow/example_dags/example_skip_dag.py took 0.062 seconds
[2025-05-01T10:09:06.386+0000] {processor.py:186} INFO - Started process (PID=1012) to work on /home/airflow/.local/lib/python3.11/site-packages/airflow/example_dags/example_skip_dag.py
[2025-05-01T10:09:06.387+0000] {processor.py:914} INFO - Processing file /home/airflow/.local/lib/python3.11/site-packages/airflow/example_dags/example_skip_dag.py for tasks to queue
[2025-05-01T10:09:06.389+0000] {logging_mixin.py:190} INFO - [2025-05-01T10:09:06.388+0000] {dagbag.py:588} INFO - Filling up the DagBag from /home/airflow/.local/lib/python3.11/site-packages/airflow/example_dags/example_skip_dag.py
[2025-05-01T10:09:06.393+0000] {processor.py:925} INFO - DAG(s) 'example_skip_dag' retrieved from /home/airflow/.local/lib/python3.11/site-packages/airflow/example_dags/example_skip_dag.py
[2025-05-01T10:09:06.404+0000] {logging_mixin.py:190} INFO - [2025-05-01T10:09:06.404+0000] {dag.py:3239} INFO - Sync 1 DAGs
[2025-05-01T10:09:06.416+0000] {logging_mixin.py:190} INFO - [2025-05-01T10:09:06.416+0000] {dag.py:4180} INFO - Setting next_dagrun for example_skip_dag to 2025-04-30 00:00:00+00:00, run_after=2025-05-01 00:00:00+00:00
[2025-05-01T10:09:06.424+0000] {processor.py:208} INFO - Processing /home/airflow/.local/lib/python3.11/site-packages/airflow/example_dags/example_skip_dag.py took 0.042 seconds
[2025-05-01T10:09:37.685+0000] {processor.py:186} INFO - Started process (PID=1085) to work on /home/airflow/.local/lib/python3.11/site-packages/airflow/example_dags/example_skip_dag.py
[2025-05-01T10:09:37.686+0000] {processor.py:914} INFO - Processing file /home/airflow/.local/lib/python3.11/site-packages/airflow/example_dags/example_skip_dag.py for tasks to queue
[2025-05-01T10:09:37.689+0000] {logging_mixin.py:190} INFO - [2025-05-01T10:09:37.689+0000] {dagbag.py:588} INFO - Filling up the DagBag from /home/airflow/.local/lib/python3.11/site-packages/airflow/example_dags/example_skip_dag.py
[2025-05-01T10:09:37.694+0000] {processor.py:925} INFO - DAG(s) 'example_skip_dag' retrieved from /home/airflow/.local/lib/python3.11/site-packages/airflow/example_dags/example_skip_dag.py
[2025-05-01T10:09:37.705+0000] {logging_mixin.py:190} INFO - [2025-05-01T10:09:37.705+0000] {dag.py:3239} INFO - Sync 1 DAGs
[2025-05-01T10:09:37.718+0000] {logging_mixin.py:190} INFO - [2025-05-01T10:09:37.718+0000] {dag.py:4180} INFO - Setting next_dagrun for example_skip_dag to 2025-04-30 00:00:00+00:00, run_after=2025-05-01 00:00:00+00:00
[2025-05-01T10:09:37.725+0000] {processor.py:208} INFO - Processing /home/airflow/.local/lib/python3.11/site-packages/airflow/example_dags/example_skip_dag.py took 0.045 seconds
[2025-05-01T10:10:08.824+0000] {processor.py:186} INFO - Started process (PID=1158) to work on /home/airflow/.local/lib/python3.11/site-packages/airflow/example_dags/example_skip_dag.py
[2025-05-01T10:10:08.824+0000] {processor.py:914} INFO - Processing file /home/airflow/.local/lib/python3.11/site-packages/airflow/example_dags/example_skip_dag.py for tasks to queue
[2025-05-01T10:10:08.828+0000] {logging_mixin.py:190} INFO - [2025-05-01T10:10:08.828+0000] {dagbag.py:588} INFO - Filling up the DagBag from /home/airflow/.local/lib/python3.11/site-packages/airflow/example_dags/example_skip_dag.py
[2025-05-01T10:10:08.840+0000] {processor.py:925} INFO - DAG(s) 'example_skip_dag' retrieved from /home/airflow/.local/lib/python3.11/site-packages/airflow/example_dags/example_skip_dag.py
[2025-05-01T10:10:08.862+0000] {logging_mixin.py:190} INFO - [2025-05-01T10:10:08.862+0000] {dag.py:3239} INFO - Sync 1 DAGs
[2025-05-01T10:10:08.884+0000] {logging_mixin.py:190} INFO - [2025-05-01T10:10:08.884+0000] {dag.py:4180} INFO - Setting next_dagrun for example_skip_dag to 2025-04-30 00:00:00+00:00, run_after=2025-05-01 00:00:00+00:00
[2025-05-01T10:10:08.899+0000] {processor.py:208} INFO - Processing /home/airflow/.local/lib/python3.11/site-packages/airflow/example_dags/example_skip_dag.py took 0.080 seconds
[2025-05-01T10:10:39.160+0000] {processor.py:186} INFO - Started process (PID=1231) to work on /home/airflow/.local/lib/python3.11/site-packages/airflow/example_dags/example_skip_dag.py
[2025-05-01T10:10:39.161+0000] {processor.py:914} INFO - Processing file /home/airflow/.local/lib/python3.11/site-packages/airflow/example_dags/example_skip_dag.py for tasks to queue
[2025-05-01T10:10:39.164+0000] {logging_mixin.py:190} INFO - [2025-05-01T10:10:39.163+0000] {dagbag.py:588} INFO - Filling up the DagBag from /home/airflow/.local/lib/python3.11/site-packages/airflow/example_dags/example_skip_dag.py
[2025-05-01T10:10:39.170+0000] {processor.py:925} INFO - DAG(s) 'example_skip_dag' retrieved from /home/airflow/.local/lib/python3.11/site-packages/airflow/example_dags/example_skip_dag.py
[2025-05-01T10:10:39.194+0000] {logging_mixin.py:190} INFO - [2025-05-01T10:10:39.194+0000] {dag.py:3239} INFO - Sync 1 DAGs
[2025-05-01T10:10:39.208+0000] {logging_mixin.py:190} INFO - [2025-05-01T10:10:39.208+0000] {dag.py:4180} INFO - Setting next_dagrun for example_skip_dag to 2025-04-30 00:00:00+00:00, run_after=2025-05-01 00:00:00+00:00
[2025-05-01T10:10:39.220+0000] {processor.py:208} INFO - Processing /home/airflow/.local/lib/python3.11/site-packages/airflow/example_dags/example_skip_dag.py took 0.065 seconds
[2025-05-01T10:11:09.465+0000] {processor.py:186} INFO - Started process (PID=1303) to work on /home/airflow/.local/lib/python3.11/site-packages/airflow/example_dags/example_skip_dag.py
[2025-05-01T10:11:09.469+0000] {processor.py:914} INFO - Processing file /home/airflow/.local/lib/python3.11/site-packages/airflow/example_dags/example_skip_dag.py for tasks to queue
[2025-05-01T10:11:09.481+0000] {logging_mixin.py:190} INFO - [2025-05-01T10:11:09.481+0000] {dagbag.py:588} INFO - Filling up the DagBag from /home/airflow/.local/lib/python3.11/site-packages/airflow/example_dags/example_skip_dag.py
[2025-05-01T10:11:09.515+0000] {processor.py:925} INFO - DAG(s) 'example_skip_dag' retrieved from /home/airflow/.local/lib/python3.11/site-packages/airflow/example_dags/example_skip_dag.py
[2025-05-01T10:11:09.570+0000] {logging_mixin.py:190} INFO - [2025-05-01T10:11:09.569+0000] {dag.py:3239} INFO - Sync 1 DAGs
[2025-05-01T10:11:09.643+0000] {logging_mixin.py:190} INFO - [2025-05-01T10:11:09.643+0000] {dag.py:4180} INFO - Setting next_dagrun for example_skip_dag to 2025-04-30 00:00:00+00:00, run_after=2025-05-01 00:00:00+00:00
[2025-05-01T10:11:09.677+0000] {processor.py:208} INFO - Processing /home/airflow/.local/lib/python3.11/site-packages/airflow/example_dags/example_skip_dag.py took 0.236 seconds
[2025-05-01T10:21:41.868+0000] {processor.py:186} INFO - Started process (PID=1377) to work on /home/airflow/.local/lib/python3.11/site-packages/airflow/example_dags/example_skip_dag.py
[2025-05-01T10:21:41.869+0000] {processor.py:914} INFO - Processing file /home/airflow/.local/lib/python3.11/site-packages/airflow/example_dags/example_skip_dag.py for tasks to queue
[2025-05-01T10:21:41.870+0000] {logging_mixin.py:190} INFO - [2025-05-01T10:21:41.870+0000] {dagbag.py:588} INFO - Filling up the DagBag from /home/airflow/.local/lib/python3.11/site-packages/airflow/example_dags/example_skip_dag.py
[2025-05-01T10:21:41.875+0000] {processor.py:925} INFO - DAG(s) 'example_skip_dag' retrieved from /home/airflow/.local/lib/python3.11/site-packages/airflow/example_dags/example_skip_dag.py
[2025-05-01T10:21:41.890+0000] {logging_mixin.py:190} INFO - [2025-05-01T10:21:41.890+0000] {dag.py:3239} INFO - Sync 1 DAGs
[2025-05-01T10:21:41.902+0000] {logging_mixin.py:190} INFO - [2025-05-01T10:21:41.901+0000] {dag.py:4180} INFO - Setting next_dagrun for example_skip_dag to 2025-04-30 00:00:00+00:00, run_after=2025-05-01 00:00:00+00:00
[2025-05-01T10:21:41.908+0000] {processor.py:208} INFO - Processing /home/airflow/.local/lib/python3.11/site-packages/airflow/example_dags/example_skip_dag.py took 0.044 seconds
