[2025-05-01T10:02:49.387+0000] {processor.py:186} INFO - Started process (PID=131) to work on /home/airflow/.local/lib/python3.11/site-packages/airflow/example_dags/example_setup_teardown.py
[2025-05-01T10:02:49.389+0000] {processor.py:914} INFO - Processing file /home/airflow/.local/lib/python3.11/site-packages/airflow/example_dags/example_setup_teardown.py for tasks to queue
[2025-05-01T10:02:49.396+0000] {logging_mixin.py:190} INFO - [2025-05-01T10:02:49.395+0000] {dagbag.py:588} INFO - Filling up the DagBag from /home/airflow/.local/lib/python3.11/site-packages/airflow/example_dags/example_setup_teardown.py
[2025-05-01T10:02:49.461+0000] {processor.py:925} INFO - DAG(s) 'example_setup_teardown' retrieved from /home/airflow/.local/lib/python3.11/site-packages/airflow/example_dags/example_setup_teardown.py
[2025-05-01T10:02:49.535+0000] {logging_mixin.py:190} INFO - [2025-05-01T10:02:49.535+0000] {dag.py:3239} INFO - Sync 1 DAGs
[2025-05-01T10:02:49.556+0000] {logging_mixin.py:190} INFO - [2025-05-01T10:02:49.555+0000] {dag.py:4180} INFO - Setting next_dagrun for example_setup_teardown to None, run_after=None
[2025-05-01T10:02:49.585+0000] {processor.py:208} INFO - Processing /home/airflow/.local/lib/python3.11/site-packages/airflow/example_dags/example_setup_teardown.py took 0.214 seconds
[2025-05-01T10:03:20.033+0000] {processor.py:186} INFO - Started process (PID=204) to work on /home/airflow/.local/lib/python3.11/site-packages/airflow/example_dags/example_setup_teardown.py
[2025-05-01T10:03:20.034+0000] {processor.py:914} INFO - Processing file /home/airflow/.local/lib/python3.11/site-packages/airflow/example_dags/example_setup_teardown.py for tasks to queue
[2025-05-01T10:03:20.036+0000] {logging_mixin.py:190} INFO - [2025-05-01T10:03:20.036+0000] {dagbag.py:588} INFO - Filling up the DagBag from /home/airflow/.local/lib/python3.11/site-packages/airflow/example_dags/example_setup_teardown.py
[2025-05-01T10:03:20.041+0000] {processor.py:925} INFO - DAG(s) 'example_setup_teardown' retrieved from /home/airflow/.local/lib/python3.11/site-packages/airflow/example_dags/example_setup_teardown.py
[2025-05-01T10:03:20.054+0000] {logging_mixin.py:190} INFO - [2025-05-01T10:03:20.054+0000] {dag.py:3239} INFO - Sync 1 DAGs
[2025-05-01T10:03:20.061+0000] {logging_mixin.py:190} INFO - [2025-05-01T10:03:20.061+0000] {dag.py:4180} INFO - Setting next_dagrun for example_setup_teardown to None, run_after=None
[2025-05-01T10:03:20.073+0000] {processor.py:208} INFO - Processing /home/airflow/.local/lib/python3.11/site-packages/airflow/example_dags/example_setup_teardown.py took 0.044 seconds
[2025-05-01T10:03:50.809+0000] {processor.py:186} INFO - Started process (PID=277) to work on /home/airflow/.local/lib/python3.11/site-packages/airflow/example_dags/example_setup_teardown.py
[2025-05-01T10:03:50.809+0000] {processor.py:914} INFO - Processing file /home/airflow/.local/lib/python3.11/site-packages/airflow/example_dags/example_setup_teardown.py for tasks to queue
[2025-05-01T10:03:50.811+0000] {logging_mixin.py:190} INFO - [2025-05-01T10:03:50.810+0000] {dagbag.py:588} INFO - Filling up the DagBag from /home/airflow/.local/lib/python3.11/site-packages/airflow/example_dags/example_setup_teardown.py
[2025-05-01T10:03:50.815+0000] {processor.py:925} INFO - DAG(s) 'example_setup_teardown' retrieved from /home/airflow/.local/lib/python3.11/site-packages/airflow/example_dags/example_setup_teardown.py
[2025-05-01T10:03:50.829+0000] {logging_mixin.py:190} INFO - [2025-05-01T10:03:50.829+0000] {dag.py:3239} INFO - Sync 1 DAGs
[2025-05-01T10:03:50.836+0000] {logging_mixin.py:190} INFO - [2025-05-01T10:03:50.836+0000] {dag.py:4180} INFO - Setting next_dagrun for example_setup_teardown to None, run_after=None
[2025-05-01T10:03:50.848+0000] {processor.py:208} INFO - Processing /home/airflow/.local/lib/python3.11/site-packages/airflow/example_dags/example_setup_teardown.py took 0.043 seconds
[2025-05-01T10:04:21.891+0000] {processor.py:186} INFO - Started process (PID=350) to work on /home/airflow/.local/lib/python3.11/site-packages/airflow/example_dags/example_setup_teardown.py
[2025-05-01T10:04:21.892+0000] {processor.py:914} INFO - Processing file /home/airflow/.local/lib/python3.11/site-packages/airflow/example_dags/example_setup_teardown.py for tasks to queue
[2025-05-01T10:04:21.894+0000] {logging_mixin.py:190} INFO - [2025-05-01T10:04:21.894+0000] {dagbag.py:588} INFO - Filling up the DagBag from /home/airflow/.local/lib/python3.11/site-packages/airflow/example_dags/example_setup_teardown.py
[2025-05-01T10:04:21.901+0000] {processor.py:925} INFO - DAG(s) 'example_setup_teardown' retrieved from /home/airflow/.local/lib/python3.11/site-packages/airflow/example_dags/example_setup_teardown.py
[2025-05-01T10:04:21.917+0000] {logging_mixin.py:190} INFO - [2025-05-01T10:04:21.917+0000] {dag.py:3239} INFO - Sync 1 DAGs
[2025-05-01T10:04:21.927+0000] {logging_mixin.py:190} INFO - [2025-05-01T10:04:21.927+0000] {dag.py:4180} INFO - Setting next_dagrun for example_setup_teardown to None, run_after=None
[2025-05-01T10:04:21.935+0000] {processor.py:208} INFO - Processing /home/airflow/.local/lib/python3.11/site-packages/airflow/example_dags/example_setup_teardown.py took 0.047 seconds
[2025-05-01T10:04:53.036+0000] {processor.py:186} INFO - Started process (PID=423) to work on /home/airflow/.local/lib/python3.11/site-packages/airflow/example_dags/example_setup_teardown.py
[2025-05-01T10:04:53.042+0000] {processor.py:914} INFO - Processing file /home/airflow/.local/lib/python3.11/site-packages/airflow/example_dags/example_setup_teardown.py for tasks to queue
[2025-05-01T10:04:53.065+0000] {logging_mixin.py:190} INFO - [2025-05-01T10:04:53.064+0000] {dagbag.py:588} INFO - Filling up the DagBag from /home/airflow/.local/lib/python3.11/site-packages/airflow/example_dags/example_setup_teardown.py
[2025-05-01T10:04:53.222+0000] {processor.py:925} INFO - DAG(s) 'example_setup_teardown' retrieved from /home/airflow/.local/lib/python3.11/site-packages/airflow/example_dags/example_setup_teardown.py
[2025-05-01T10:04:53.373+0000] {logging_mixin.py:190} INFO - [2025-05-01T10:04:53.371+0000] {dag.py:3239} INFO - Sync 1 DAGs
[2025-05-01T10:04:53.490+0000] {logging_mixin.py:190} INFO - [2025-05-01T10:04:53.489+0000] {dag.py:4180} INFO - Setting next_dagrun for example_setup_teardown to None, run_after=None
[2025-05-01T10:04:53.543+0000] {processor.py:208} INFO - Processing /home/airflow/.local/lib/python3.11/site-packages/airflow/example_dags/example_setup_teardown.py took 0.547 seconds
[2025-05-01T10:05:24.754+0000] {processor.py:186} INFO - Started process (PID=488) to work on /home/airflow/.local/lib/python3.11/site-packages/airflow/example_dags/example_setup_teardown.py
[2025-05-01T10:05:24.755+0000] {processor.py:914} INFO - Processing file /home/airflow/.local/lib/python3.11/site-packages/airflow/example_dags/example_setup_teardown.py for tasks to queue
[2025-05-01T10:05:24.758+0000] {logging_mixin.py:190} INFO - [2025-05-01T10:05:24.758+0000] {dagbag.py:588} INFO - Filling up the DagBag from /home/airflow/.local/lib/python3.11/site-packages/airflow/example_dags/example_setup_teardown.py
[2025-05-01T10:05:24.764+0000] {processor.py:925} INFO - DAG(s) 'example_setup_teardown' retrieved from /home/airflow/.local/lib/python3.11/site-packages/airflow/example_dags/example_setup_teardown.py
[2025-05-01T10:05:24.791+0000] {logging_mixin.py:190} INFO - [2025-05-01T10:05:24.791+0000] {dag.py:3239} INFO - Sync 1 DAGs
[2025-05-01T10:05:24.800+0000] {logging_mixin.py:190} INFO - [2025-05-01T10:05:24.799+0000] {dag.py:4180} INFO - Setting next_dagrun for example_setup_teardown to None, run_after=None
[2025-05-01T10:05:24.818+0000] {processor.py:208} INFO - Processing /home/airflow/.local/lib/python3.11/site-packages/airflow/example_dags/example_setup_teardown.py took 0.068 seconds
[2025-05-01T10:05:56.341+0000] {processor.py:186} INFO - Started process (PID=561) to work on /home/airflow/.local/lib/python3.11/site-packages/airflow/example_dags/example_setup_teardown.py
[2025-05-01T10:05:56.343+0000] {processor.py:914} INFO - Processing file /home/airflow/.local/lib/python3.11/site-packages/airflow/example_dags/example_setup_teardown.py for tasks to queue
[2025-05-01T10:05:56.346+0000] {logging_mixin.py:190} INFO - [2025-05-01T10:05:56.346+0000] {dagbag.py:588} INFO - Filling up the DagBag from /home/airflow/.local/lib/python3.11/site-packages/airflow/example_dags/example_setup_teardown.py
[2025-05-01T10:05:56.354+0000] {processor.py:925} INFO - DAG(s) 'example_setup_teardown' retrieved from /home/airflow/.local/lib/python3.11/site-packages/airflow/example_dags/example_setup_teardown.py
[2025-05-01T10:05:56.366+0000] {logging_mixin.py:190} INFO - [2025-05-01T10:05:56.366+0000] {dag.py:3239} INFO - Sync 1 DAGs
[2025-05-01T10:05:56.375+0000] {logging_mixin.py:190} INFO - [2025-05-01T10:05:56.375+0000] {dag.py:4180} INFO - Setting next_dagrun for example_setup_teardown to None, run_after=None
[2025-05-01T10:05:56.410+0000] {processor.py:208} INFO - Processing /home/airflow/.local/lib/python3.11/site-packages/airflow/example_dags/example_setup_teardown.py took 0.082 seconds
[2025-05-01T10:06:27.289+0000] {processor.py:186} INFO - Started process (PID=634) to work on /home/airflow/.local/lib/python3.11/site-packages/airflow/example_dags/example_setup_teardown.py
[2025-05-01T10:06:27.291+0000] {processor.py:914} INFO - Processing file /home/airflow/.local/lib/python3.11/site-packages/airflow/example_dags/example_setup_teardown.py for tasks to queue
[2025-05-01T10:06:27.300+0000] {logging_mixin.py:190} INFO - [2025-05-01T10:06:27.298+0000] {dagbag.py:588} INFO - Filling up the DagBag from /home/airflow/.local/lib/python3.11/site-packages/airflow/example_dags/example_setup_teardown.py
[2025-05-01T10:06:27.335+0000] {processor.py:925} INFO - DAG(s) 'example_setup_teardown' retrieved from /home/airflow/.local/lib/python3.11/site-packages/airflow/example_dags/example_setup_teardown.py
[2025-05-01T10:06:27.365+0000] {logging_mixin.py:190} INFO - [2025-05-01T10:06:27.365+0000] {dag.py:3239} INFO - Sync 1 DAGs
[2025-05-01T10:06:27.385+0000] {logging_mixin.py:190} INFO - [2025-05-01T10:06:27.384+0000] {dag.py:4180} INFO - Setting next_dagrun for example_setup_teardown to None, run_after=None
[2025-05-01T10:06:27.405+0000] {processor.py:208} INFO - Processing /home/airflow/.local/lib/python3.11/site-packages/airflow/example_dags/example_setup_teardown.py took 0.123 seconds
[2025-05-01T10:07:00.481+0000] {processor.py:186} INFO - Started process (PID=707) to work on /home/airflow/.local/lib/python3.11/site-packages/airflow/example_dags/example_setup_teardown.py
[2025-05-01T10:07:00.484+0000] {processor.py:914} INFO - Processing file /home/airflow/.local/lib/python3.11/site-packages/airflow/example_dags/example_setup_teardown.py for tasks to queue
[2025-05-01T10:07:00.488+0000] {logging_mixin.py:190} INFO - [2025-05-01T10:07:00.488+0000] {dagbag.py:588} INFO - Filling up the DagBag from /home/airflow/.local/lib/python3.11/site-packages/airflow/example_dags/example_setup_teardown.py
[2025-05-01T10:07:00.500+0000] {processor.py:925} INFO - DAG(s) 'example_setup_teardown' retrieved from /home/airflow/.local/lib/python3.11/site-packages/airflow/example_dags/example_setup_teardown.py
[2025-05-01T10:07:00.545+0000] {logging_mixin.py:190} INFO - [2025-05-01T10:07:00.545+0000] {dag.py:3239} INFO - Sync 1 DAGs
[2025-05-01T10:07:00.560+0000] {logging_mixin.py:190} INFO - [2025-05-01T10:07:00.560+0000] {dag.py:4180} INFO - Setting next_dagrun for example_setup_teardown to None, run_after=None
[2025-05-01T10:07:00.572+0000] {processor.py:208} INFO - Processing /home/airflow/.local/lib/python3.11/site-packages/airflow/example_dags/example_setup_teardown.py took 0.105 seconds
[2025-05-01T10:07:31.133+0000] {processor.py:186} INFO - Started process (PID=780) to work on /home/airflow/.local/lib/python3.11/site-packages/airflow/example_dags/example_setup_teardown.py
[2025-05-01T10:07:31.134+0000] {processor.py:914} INFO - Processing file /home/airflow/.local/lib/python3.11/site-packages/airflow/example_dags/example_setup_teardown.py for tasks to queue
[2025-05-01T10:07:31.135+0000] {logging_mixin.py:190} INFO - [2025-05-01T10:07:31.135+0000] {dagbag.py:588} INFO - Filling up the DagBag from /home/airflow/.local/lib/python3.11/site-packages/airflow/example_dags/example_setup_teardown.py
[2025-05-01T10:07:31.139+0000] {processor.py:925} INFO - DAG(s) 'example_setup_teardown' retrieved from /home/airflow/.local/lib/python3.11/site-packages/airflow/example_dags/example_setup_teardown.py
[2025-05-01T10:07:31.149+0000] {logging_mixin.py:190} INFO - [2025-05-01T10:07:31.149+0000] {dag.py:3239} INFO - Sync 1 DAGs
[2025-05-01T10:07:31.155+0000] {logging_mixin.py:190} INFO - [2025-05-01T10:07:31.155+0000] {dag.py:4180} INFO - Setting next_dagrun for example_setup_teardown to None, run_after=None
[2025-05-01T10:07:31.161+0000] {processor.py:208} INFO - Processing /home/airflow/.local/lib/python3.11/site-packages/airflow/example_dags/example_setup_teardown.py took 0.031 seconds
[2025-05-01T10:08:01.374+0000] {processor.py:186} INFO - Started process (PID=853) to work on /home/airflow/.local/lib/python3.11/site-packages/airflow/example_dags/example_setup_teardown.py
[2025-05-01T10:08:01.378+0000] {processor.py:914} INFO - Processing file /home/airflow/.local/lib/python3.11/site-packages/airflow/example_dags/example_setup_teardown.py for tasks to queue
[2025-05-01T10:08:01.380+0000] {logging_mixin.py:190} INFO - [2025-05-01T10:08:01.379+0000] {dagbag.py:588} INFO - Filling up the DagBag from /home/airflow/.local/lib/python3.11/site-packages/airflow/example_dags/example_setup_teardown.py
[2025-05-01T10:08:01.384+0000] {processor.py:925} INFO - DAG(s) 'example_setup_teardown' retrieved from /home/airflow/.local/lib/python3.11/site-packages/airflow/example_dags/example_setup_teardown.py
[2025-05-01T10:08:01.397+0000] {logging_mixin.py:190} INFO - [2025-05-01T10:08:01.397+0000] {dag.py:3239} INFO - Sync 1 DAGs
[2025-05-01T10:08:01.405+0000] {logging_mixin.py:190} INFO - [2025-05-01T10:08:01.404+0000] {dag.py:4180} INFO - Setting next_dagrun for example_setup_teardown to None, run_after=None
[2025-05-01T10:08:01.414+0000] {processor.py:208} INFO - Processing /home/airflow/.local/lib/python3.11/site-packages/airflow/example_dags/example_setup_teardown.py took 0.043 seconds
[2025-05-01T10:08:32.453+0000] {processor.py:186} INFO - Started process (PID=926) to work on /home/airflow/.local/lib/python3.11/site-packages/airflow/example_dags/example_setup_teardown.py
[2025-05-01T10:08:32.454+0000] {processor.py:914} INFO - Processing file /home/airflow/.local/lib/python3.11/site-packages/airflow/example_dags/example_setup_teardown.py for tasks to queue
[2025-05-01T10:08:32.455+0000] {logging_mixin.py:190} INFO - [2025-05-01T10:08:32.455+0000] {dagbag.py:588} INFO - Filling up the DagBag from /home/airflow/.local/lib/python3.11/site-packages/airflow/example_dags/example_setup_teardown.py
[2025-05-01T10:08:32.462+0000] {processor.py:925} INFO - DAG(s) 'example_setup_teardown' retrieved from /home/airflow/.local/lib/python3.11/site-packages/airflow/example_dags/example_setup_teardown.py
[2025-05-01T10:08:32.474+0000] {logging_mixin.py:190} INFO - [2025-05-01T10:08:32.473+0000] {dag.py:3239} INFO - Sync 1 DAGs
[2025-05-01T10:08:32.484+0000] {logging_mixin.py:190} INFO - [2025-05-01T10:08:32.484+0000] {dag.py:4180} INFO - Setting next_dagrun for example_setup_teardown to None, run_after=None
[2025-05-01T10:08:32.495+0000] {processor.py:208} INFO - Processing /home/airflow/.local/lib/python3.11/site-packages/airflow/example_dags/example_setup_teardown.py took 0.047 seconds
[2025-05-01T10:09:02.640+0000] {processor.py:186} INFO - Started process (PID=998) to work on /home/airflow/.local/lib/python3.11/site-packages/airflow/example_dags/example_setup_teardown.py
[2025-05-01T10:09:02.641+0000] {processor.py:914} INFO - Processing file /home/airflow/.local/lib/python3.11/site-packages/airflow/example_dags/example_setup_teardown.py for tasks to queue
[2025-05-01T10:09:02.644+0000] {logging_mixin.py:190} INFO - [2025-05-01T10:09:02.643+0000] {dagbag.py:588} INFO - Filling up the DagBag from /home/airflow/.local/lib/python3.11/site-packages/airflow/example_dags/example_setup_teardown.py
[2025-05-01T10:09:02.649+0000] {processor.py:925} INFO - DAG(s) 'example_setup_teardown' retrieved from /home/airflow/.local/lib/python3.11/site-packages/airflow/example_dags/example_setup_teardown.py
[2025-05-01T10:09:02.661+0000] {logging_mixin.py:190} INFO - [2025-05-01T10:09:02.661+0000] {dag.py:3239} INFO - Sync 1 DAGs
[2025-05-01T10:09:02.667+0000] {logging_mixin.py:190} INFO - [2025-05-01T10:09:02.667+0000] {dag.py:4180} INFO - Setting next_dagrun for example_setup_teardown to None, run_after=None
[2025-05-01T10:09:02.674+0000] {processor.py:208} INFO - Processing /home/airflow/.local/lib/python3.11/site-packages/airflow/example_dags/example_setup_teardown.py took 0.037 seconds
[2025-05-01T10:09:32.872+0000] {processor.py:186} INFO - Started process (PID=1071) to work on /home/airflow/.local/lib/python3.11/site-packages/airflow/example_dags/example_setup_teardown.py
[2025-05-01T10:09:32.873+0000] {processor.py:914} INFO - Processing file /home/airflow/.local/lib/python3.11/site-packages/airflow/example_dags/example_setup_teardown.py for tasks to queue
[2025-05-01T10:09:32.874+0000] {logging_mixin.py:190} INFO - [2025-05-01T10:09:32.873+0000] {dagbag.py:588} INFO - Filling up the DagBag from /home/airflow/.local/lib/python3.11/site-packages/airflow/example_dags/example_setup_teardown.py
[2025-05-01T10:09:32.878+0000] {processor.py:925} INFO - DAG(s) 'example_setup_teardown' retrieved from /home/airflow/.local/lib/python3.11/site-packages/airflow/example_dags/example_setup_teardown.py
[2025-05-01T10:09:32.888+0000] {logging_mixin.py:190} INFO - [2025-05-01T10:09:32.888+0000] {dag.py:3239} INFO - Sync 1 DAGs
[2025-05-01T10:09:32.894+0000] {logging_mixin.py:190} INFO - [2025-05-01T10:09:32.894+0000] {dag.py:4180} INFO - Setting next_dagrun for example_setup_teardown to None, run_after=None
[2025-05-01T10:09:32.903+0000] {processor.py:208} INFO - Processing /home/airflow/.local/lib/python3.11/site-packages/airflow/example_dags/example_setup_teardown.py took 0.035 seconds
[2025-05-01T10:10:03.048+0000] {processor.py:186} INFO - Started process (PID=1144) to work on /home/airflow/.local/lib/python3.11/site-packages/airflow/example_dags/example_setup_teardown.py
[2025-05-01T10:10:03.049+0000] {processor.py:914} INFO - Processing file /home/airflow/.local/lib/python3.11/site-packages/airflow/example_dags/example_setup_teardown.py for tasks to queue
[2025-05-01T10:10:03.050+0000] {logging_mixin.py:190} INFO - [2025-05-01T10:10:03.050+0000] {dagbag.py:588} INFO - Filling up the DagBag from /home/airflow/.local/lib/python3.11/site-packages/airflow/example_dags/example_setup_teardown.py
[2025-05-01T10:10:03.054+0000] {processor.py:925} INFO - DAG(s) 'example_setup_teardown' retrieved from /home/airflow/.local/lib/python3.11/site-packages/airflow/example_dags/example_setup_teardown.py
[2025-05-01T10:10:03.063+0000] {logging_mixin.py:190} INFO - [2025-05-01T10:10:03.063+0000] {dag.py:3239} INFO - Sync 1 DAGs
[2025-05-01T10:10:03.070+0000] {logging_mixin.py:190} INFO - [2025-05-01T10:10:03.070+0000] {dag.py:4180} INFO - Setting next_dagrun for example_setup_teardown to None, run_after=None
[2025-05-01T10:10:03.082+0000] {processor.py:208} INFO - Processing /home/airflow/.local/lib/python3.11/site-packages/airflow/example_dags/example_setup_teardown.py took 0.037 seconds
[2025-05-01T10:10:33.271+0000] {processor.py:186} INFO - Started process (PID=1217) to work on /home/airflow/.local/lib/python3.11/site-packages/airflow/example_dags/example_setup_teardown.py
[2025-05-01T10:10:33.272+0000] {processor.py:914} INFO - Processing file /home/airflow/.local/lib/python3.11/site-packages/airflow/example_dags/example_setup_teardown.py for tasks to queue
[2025-05-01T10:10:33.275+0000] {logging_mixin.py:190} INFO - [2025-05-01T10:10:33.275+0000] {dagbag.py:588} INFO - Filling up the DagBag from /home/airflow/.local/lib/python3.11/site-packages/airflow/example_dags/example_setup_teardown.py
[2025-05-01T10:10:33.283+0000] {processor.py:925} INFO - DAG(s) 'example_setup_teardown' retrieved from /home/airflow/.local/lib/python3.11/site-packages/airflow/example_dags/example_setup_teardown.py
[2025-05-01T10:10:33.298+0000] {logging_mixin.py:190} INFO - [2025-05-01T10:10:33.297+0000] {dag.py:3239} INFO - Sync 1 DAGs
[2025-05-01T10:10:33.305+0000] {logging_mixin.py:190} INFO - [2025-05-01T10:10:33.305+0000] {dag.py:4180} INFO - Setting next_dagrun for example_setup_teardown to None, run_after=None
[2025-05-01T10:10:33.313+0000] {processor.py:208} INFO - Processing /home/airflow/.local/lib/python3.11/site-packages/airflow/example_dags/example_setup_teardown.py took 0.045 seconds
[2025-05-01T10:11:03.770+0000] {processor.py:186} INFO - Started process (PID=1289) to work on /home/airflow/.local/lib/python3.11/site-packages/airflow/example_dags/example_setup_teardown.py
[2025-05-01T10:11:03.771+0000] {processor.py:914} INFO - Processing file /home/airflow/.local/lib/python3.11/site-packages/airflow/example_dags/example_setup_teardown.py for tasks to queue
[2025-05-01T10:11:03.772+0000] {logging_mixin.py:190} INFO - [2025-05-01T10:11:03.772+0000] {dagbag.py:588} INFO - Filling up the DagBag from /home/airflow/.local/lib/python3.11/site-packages/airflow/example_dags/example_setup_teardown.py
[2025-05-01T10:11:03.779+0000] {processor.py:925} INFO - DAG(s) 'example_setup_teardown' retrieved from /home/airflow/.local/lib/python3.11/site-packages/airflow/example_dags/example_setup_teardown.py
[2025-05-01T10:11:03.791+0000] {logging_mixin.py:190} INFO - [2025-05-01T10:11:03.791+0000] {dag.py:3239} INFO - Sync 1 DAGs
[2025-05-01T10:11:03.798+0000] {logging_mixin.py:190} INFO - [2025-05-01T10:11:03.798+0000] {dag.py:4180} INFO - Setting next_dagrun for example_setup_teardown to None, run_after=None
[2025-05-01T10:11:03.808+0000] {processor.py:208} INFO - Processing /home/airflow/.local/lib/python3.11/site-packages/airflow/example_dags/example_setup_teardown.py took 0.041 seconds
[2025-05-01T10:21:41.179+0000] {processor.py:186} INFO - Started process (PID=1363) to work on /home/airflow/.local/lib/python3.11/site-packages/airflow/example_dags/example_setup_teardown.py
[2025-05-01T10:21:41.182+0000] {processor.py:914} INFO - Processing file /home/airflow/.local/lib/python3.11/site-packages/airflow/example_dags/example_setup_teardown.py for tasks to queue
[2025-05-01T10:21:41.184+0000] {logging_mixin.py:190} INFO - [2025-05-01T10:21:41.183+0000] {dagbag.py:588} INFO - Filling up the DagBag from /home/airflow/.local/lib/python3.11/site-packages/airflow/example_dags/example_setup_teardown.py
[2025-05-01T10:21:41.189+0000] {processor.py:925} INFO - DAG(s) 'example_setup_teardown' retrieved from /home/airflow/.local/lib/python3.11/site-packages/airflow/example_dags/example_setup_teardown.py
[2025-05-01T10:21:41.202+0000] {logging_mixin.py:190} INFO - [2025-05-01T10:21:41.202+0000] {dag.py:3239} INFO - Sync 1 DAGs
[2025-05-01T10:21:41.209+0000] {logging_mixin.py:190} INFO - [2025-05-01T10:21:41.209+0000] {dag.py:4180} INFO - Setting next_dagrun for example_setup_teardown to None, run_after=None
[2025-05-01T10:21:41.225+0000] {processor.py:208} INFO - Processing /home/airflow/.local/lib/python3.11/site-packages/airflow/example_dags/example_setup_teardown.py took 0.051 seconds
