[2025-05-01T10:02:48.970+0000] {processor.py:186} INFO - Started process (PID=128) to work on /home/airflow/.local/lib/python3.11/site-packages/airflow/example_dags/example_python_operator.py
[2025-05-01T10:02:48.972+0000] {processor.py:914} INFO - Processing file /home/airflow/.local/lib/python3.11/site-packages/airflow/example_dags/example_python_operator.py for tasks to queue
[2025-05-01T10:02:48.979+0000] {logging_mixin.py:190} INFO - [2025-05-01T10:02:48.978+0000] {dagbag.py:588} INFO - Filling up the DagBag from /home/airflow/.local/lib/python3.11/site-packages/airflow/example_dags/example_python_operator.py
[2025-05-01T10:02:49.006+0000] {processor.py:925} INFO - DAG(s) 'example_python_operator' retrieved from /home/airflow/.local/lib/python3.11/site-packages/airflow/example_dags/example_python_operator.py
[2025-05-01T10:02:49.145+0000] {logging_mixin.py:190} INFO - [2025-05-01T10:02:49.145+0000] {dag.py:3239} INFO - Sync 1 DAGs
[2025-05-01T10:02:49.161+0000] {logging_mixin.py:190} INFO - [2025-05-01T10:02:49.161+0000] {dag.py:4180} INFO - Setting next_dagrun for example_python_operator to None, run_after=None
[2025-05-01T10:02:49.212+0000] {processor.py:208} INFO - Processing /home/airflow/.local/lib/python3.11/site-packages/airflow/example_dags/example_python_operator.py took 0.248 seconds
[2025-05-01T10:03:19.878+0000] {processor.py:186} INFO - Started process (PID=201) to work on /home/airflow/.local/lib/python3.11/site-packages/airflow/example_dags/example_python_operator.py
[2025-05-01T10:03:19.879+0000] {processor.py:914} INFO - Processing file /home/airflow/.local/lib/python3.11/site-packages/airflow/example_dags/example_python_operator.py for tasks to queue
[2025-05-01T10:03:19.888+0000] {logging_mixin.py:190} INFO - [2025-05-01T10:03:19.887+0000] {dagbag.py:588} INFO - Filling up the DagBag from /home/airflow/.local/lib/python3.11/site-packages/airflow/example_dags/example_python_operator.py
[2025-05-01T10:03:19.896+0000] {processor.py:925} INFO - DAG(s) 'example_python_operator' retrieved from /home/airflow/.local/lib/python3.11/site-packages/airflow/example_dags/example_python_operator.py
[2025-05-01T10:03:19.909+0000] {logging_mixin.py:190} INFO - [2025-05-01T10:03:19.909+0000] {dag.py:3239} INFO - Sync 1 DAGs
[2025-05-01T10:03:19.925+0000] {logging_mixin.py:190} INFO - [2025-05-01T10:03:19.924+0000] {dag.py:4180} INFO - Setting next_dagrun for example_python_operator to None, run_after=None
[2025-05-01T10:03:19.935+0000] {processor.py:208} INFO - Processing /home/airflow/.local/lib/python3.11/site-packages/airflow/example_dags/example_python_operator.py took 0.062 seconds
[2025-05-01T10:03:50.709+0000] {processor.py:186} INFO - Started process (PID=274) to work on /home/airflow/.local/lib/python3.11/site-packages/airflow/example_dags/example_python_operator.py
[2025-05-01T10:03:50.711+0000] {processor.py:914} INFO - Processing file /home/airflow/.local/lib/python3.11/site-packages/airflow/example_dags/example_python_operator.py for tasks to queue
[2025-05-01T10:03:50.712+0000] {logging_mixin.py:190} INFO - [2025-05-01T10:03:50.712+0000] {dagbag.py:588} INFO - Filling up the DagBag from /home/airflow/.local/lib/python3.11/site-packages/airflow/example_dags/example_python_operator.py
[2025-05-01T10:03:50.722+0000] {processor.py:925} INFO - DAG(s) 'example_python_operator' retrieved from /home/airflow/.local/lib/python3.11/site-packages/airflow/example_dags/example_python_operator.py
[2025-05-01T10:03:50.737+0000] {logging_mixin.py:190} INFO - [2025-05-01T10:03:50.737+0000] {dag.py:3239} INFO - Sync 1 DAGs
[2025-05-01T10:03:50.746+0000] {logging_mixin.py:190} INFO - [2025-05-01T10:03:50.746+0000] {dag.py:4180} INFO - Setting next_dagrun for example_python_operator to None, run_after=None
[2025-05-01T10:03:50.753+0000] {processor.py:208} INFO - Processing /home/airflow/.local/lib/python3.11/site-packages/airflow/example_dags/example_python_operator.py took 0.047 seconds
[2025-05-01T10:04:21.722+0000] {processor.py:186} INFO - Started process (PID=347) to work on /home/airflow/.local/lib/python3.11/site-packages/airflow/example_dags/example_python_operator.py
[2025-05-01T10:04:21.723+0000] {processor.py:914} INFO - Processing file /home/airflow/.local/lib/python3.11/site-packages/airflow/example_dags/example_python_operator.py for tasks to queue
[2025-05-01T10:04:21.724+0000] {logging_mixin.py:190} INFO - [2025-05-01T10:04:21.724+0000] {dagbag.py:588} INFO - Filling up the DagBag from /home/airflow/.local/lib/python3.11/site-packages/airflow/example_dags/example_python_operator.py
[2025-05-01T10:04:21.731+0000] {processor.py:925} INFO - DAG(s) 'example_python_operator' retrieved from /home/airflow/.local/lib/python3.11/site-packages/airflow/example_dags/example_python_operator.py
[2025-05-01T10:04:21.742+0000] {logging_mixin.py:190} INFO - [2025-05-01T10:04:21.742+0000] {dag.py:3239} INFO - Sync 1 DAGs
[2025-05-01T10:04:21.748+0000] {logging_mixin.py:190} INFO - [2025-05-01T10:04:21.748+0000] {dag.py:4180} INFO - Setting next_dagrun for example_python_operator to None, run_after=None
[2025-05-01T10:04:21.758+0000] {processor.py:208} INFO - Processing /home/airflow/.local/lib/python3.11/site-packages/airflow/example_dags/example_python_operator.py took 0.039 seconds
[2025-05-01T10:04:51.835+0000] {processor.py:186} INFO - Started process (PID=412) to work on /home/airflow/.local/lib/python3.11/site-packages/airflow/example_dags/example_python_operator.py
[2025-05-01T10:04:51.836+0000] {processor.py:914} INFO - Processing file /home/airflow/.local/lib/python3.11/site-packages/airflow/example_dags/example_python_operator.py for tasks to queue
[2025-05-01T10:04:51.837+0000] {logging_mixin.py:190} INFO - [2025-05-01T10:04:51.837+0000] {dagbag.py:588} INFO - Filling up the DagBag from /home/airflow/.local/lib/python3.11/site-packages/airflow/example_dags/example_python_operator.py
[2025-05-01T10:04:51.845+0000] {processor.py:925} INFO - DAG(s) 'example_python_operator' retrieved from /home/airflow/.local/lib/python3.11/site-packages/airflow/example_dags/example_python_operator.py
[2025-05-01T10:04:51.867+0000] {logging_mixin.py:190} INFO - [2025-05-01T10:04:51.867+0000] {dag.py:3239} INFO - Sync 1 DAGs
[2025-05-01T10:04:51.876+0000] {logging_mixin.py:190} INFO - [2025-05-01T10:04:51.876+0000] {dag.py:4180} INFO - Setting next_dagrun for example_python_operator to None, run_after=None
[2025-05-01T10:04:51.889+0000] {processor.py:208} INFO - Processing /home/airflow/.local/lib/python3.11/site-packages/airflow/example_dags/example_python_operator.py took 0.058 seconds
[2025-05-01T10:05:24.538+0000] {processor.py:186} INFO - Started process (PID=485) to work on /home/airflow/.local/lib/python3.11/site-packages/airflow/example_dags/example_python_operator.py
[2025-05-01T10:05:24.545+0000] {processor.py:914} INFO - Processing file /home/airflow/.local/lib/python3.11/site-packages/airflow/example_dags/example_python_operator.py for tasks to queue
[2025-05-01T10:05:24.548+0000] {logging_mixin.py:190} INFO - [2025-05-01T10:05:24.548+0000] {dagbag.py:588} INFO - Filling up the DagBag from /home/airflow/.local/lib/python3.11/site-packages/airflow/example_dags/example_python_operator.py
[2025-05-01T10:05:24.568+0000] {processor.py:925} INFO - DAG(s) 'example_python_operator' retrieved from /home/airflow/.local/lib/python3.11/site-packages/airflow/example_dags/example_python_operator.py
[2025-05-01T10:05:24.615+0000] {logging_mixin.py:190} INFO - [2025-05-01T10:05:24.615+0000] {dag.py:3239} INFO - Sync 1 DAGs
[2025-05-01T10:05:24.635+0000] {logging_mixin.py:190} INFO - [2025-05-01T10:05:24.635+0000] {dag.py:4180} INFO - Setting next_dagrun for example_python_operator to None, run_after=None
[2025-05-01T10:05:24.653+0000] {processor.py:208} INFO - Processing /home/airflow/.local/lib/python3.11/site-packages/airflow/example_dags/example_python_operator.py took 0.126 seconds
[2025-05-01T10:05:56.060+0000] {processor.py:186} INFO - Started process (PID=558) to work on /home/airflow/.local/lib/python3.11/site-packages/airflow/example_dags/example_python_operator.py
[2025-05-01T10:05:56.062+0000] {processor.py:914} INFO - Processing file /home/airflow/.local/lib/python3.11/site-packages/airflow/example_dags/example_python_operator.py for tasks to queue
[2025-05-01T10:05:56.065+0000] {logging_mixin.py:190} INFO - [2025-05-01T10:05:56.064+0000] {dagbag.py:588} INFO - Filling up the DagBag from /home/airflow/.local/lib/python3.11/site-packages/airflow/example_dags/example_python_operator.py
[2025-05-01T10:05:56.095+0000] {processor.py:925} INFO - DAG(s) 'example_python_operator' retrieved from /home/airflow/.local/lib/python3.11/site-packages/airflow/example_dags/example_python_operator.py
[2025-05-01T10:05:56.144+0000] {logging_mixin.py:190} INFO - [2025-05-01T10:05:56.143+0000] {dag.py:3239} INFO - Sync 1 DAGs
[2025-05-01T10:05:56.155+0000] {logging_mixin.py:190} INFO - [2025-05-01T10:05:56.155+0000] {dag.py:4180} INFO - Setting next_dagrun for example_python_operator to None, run_after=None
[2025-05-01T10:05:56.189+0000] {processor.py:208} INFO - Processing /home/airflow/.local/lib/python3.11/site-packages/airflow/example_dags/example_python_operator.py took 0.138 seconds
[2025-05-01T10:06:26.724+0000] {processor.py:186} INFO - Started process (PID=631) to work on /home/airflow/.local/lib/python3.11/site-packages/airflow/example_dags/example_python_operator.py
[2025-05-01T10:06:26.727+0000] {processor.py:914} INFO - Processing file /home/airflow/.local/lib/python3.11/site-packages/airflow/example_dags/example_python_operator.py for tasks to queue
[2025-05-01T10:06:26.737+0000] {logging_mixin.py:190} INFO - [2025-05-01T10:06:26.736+0000] {dagbag.py:588} INFO - Filling up the DagBag from /home/airflow/.local/lib/python3.11/site-packages/airflow/example_dags/example_python_operator.py
[2025-05-01T10:06:26.796+0000] {processor.py:925} INFO - DAG(s) 'example_python_operator' retrieved from /home/airflow/.local/lib/python3.11/site-packages/airflow/example_dags/example_python_operator.py
[2025-05-01T10:06:26.843+0000] {logging_mixin.py:190} INFO - [2025-05-01T10:06:26.843+0000] {dag.py:3239} INFO - Sync 1 DAGs
[2025-05-01T10:06:26.868+0000] {logging_mixin.py:190} INFO - [2025-05-01T10:06:26.868+0000] {dag.py:4180} INFO - Setting next_dagrun for example_python_operator to None, run_after=None
[2025-05-01T10:06:26.972+0000] {processor.py:208} INFO - Processing /home/airflow/.local/lib/python3.11/site-packages/airflow/example_dags/example_python_operator.py took 0.254 seconds
[2025-05-01T10:07:00.308+0000] {processor.py:186} INFO - Started process (PID=704) to work on /home/airflow/.local/lib/python3.11/site-packages/airflow/example_dags/example_python_operator.py
[2025-05-01T10:07:00.309+0000] {processor.py:914} INFO - Processing file /home/airflow/.local/lib/python3.11/site-packages/airflow/example_dags/example_python_operator.py for tasks to queue
[2025-05-01T10:07:00.311+0000] {logging_mixin.py:190} INFO - [2025-05-01T10:07:00.311+0000] {dagbag.py:588} INFO - Filling up the DagBag from /home/airflow/.local/lib/python3.11/site-packages/airflow/example_dags/example_python_operator.py
[2025-05-01T10:07:00.330+0000] {processor.py:925} INFO - DAG(s) 'example_python_operator' retrieved from /home/airflow/.local/lib/python3.11/site-packages/airflow/example_dags/example_python_operator.py
[2025-05-01T10:07:00.350+0000] {logging_mixin.py:190} INFO - [2025-05-01T10:07:00.350+0000] {dag.py:3239} INFO - Sync 1 DAGs
[2025-05-01T10:07:00.362+0000] {logging_mixin.py:190} INFO - [2025-05-01T10:07:00.362+0000] {dag.py:4180} INFO - Setting next_dagrun for example_python_operator to None, run_after=None
[2025-05-01T10:07:00.390+0000] {processor.py:208} INFO - Processing /home/airflow/.local/lib/python3.11/site-packages/airflow/example_dags/example_python_operator.py took 0.091 seconds
[2025-05-01T10:07:31.027+0000] {processor.py:186} INFO - Started process (PID=777) to work on /home/airflow/.local/lib/python3.11/site-packages/airflow/example_dags/example_python_operator.py
[2025-05-01T10:07:31.028+0000] {processor.py:914} INFO - Processing file /home/airflow/.local/lib/python3.11/site-packages/airflow/example_dags/example_python_operator.py for tasks to queue
[2025-05-01T10:07:31.030+0000] {logging_mixin.py:190} INFO - [2025-05-01T10:07:31.029+0000] {dagbag.py:588} INFO - Filling up the DagBag from /home/airflow/.local/lib/python3.11/site-packages/airflow/example_dags/example_python_operator.py
[2025-05-01T10:07:31.038+0000] {processor.py:925} INFO - DAG(s) 'example_python_operator' retrieved from /home/airflow/.local/lib/python3.11/site-packages/airflow/example_dags/example_python_operator.py
[2025-05-01T10:07:31.053+0000] {logging_mixin.py:190} INFO - [2025-05-01T10:07:31.053+0000] {dag.py:3239} INFO - Sync 1 DAGs
[2025-05-01T10:07:31.061+0000] {logging_mixin.py:190} INFO - [2025-05-01T10:07:31.061+0000] {dag.py:4180} INFO - Setting next_dagrun for example_python_operator to None, run_after=None
[2025-05-01T10:07:31.074+0000] {processor.py:208} INFO - Processing /home/airflow/.local/lib/python3.11/site-packages/airflow/example_dags/example_python_operator.py took 0.050 seconds
[2025-05-01T10:08:01.264+0000] {processor.py:186} INFO - Started process (PID=850) to work on /home/airflow/.local/lib/python3.11/site-packages/airflow/example_dags/example_python_operator.py
[2025-05-01T10:08:01.267+0000] {processor.py:914} INFO - Processing file /home/airflow/.local/lib/python3.11/site-packages/airflow/example_dags/example_python_operator.py for tasks to queue
[2025-05-01T10:08:01.269+0000] {logging_mixin.py:190} INFO - [2025-05-01T10:08:01.269+0000] {dagbag.py:588} INFO - Filling up the DagBag from /home/airflow/.local/lib/python3.11/site-packages/airflow/example_dags/example_python_operator.py
[2025-05-01T10:08:01.276+0000] {processor.py:925} INFO - DAG(s) 'example_python_operator' retrieved from /home/airflow/.local/lib/python3.11/site-packages/airflow/example_dags/example_python_operator.py
[2025-05-01T10:08:01.294+0000] {logging_mixin.py:190} INFO - [2025-05-01T10:08:01.294+0000] {dag.py:3239} INFO - Sync 1 DAGs
[2025-05-01T10:08:01.302+0000] {logging_mixin.py:190} INFO - [2025-05-01T10:08:01.302+0000] {dag.py:4180} INFO - Setting next_dagrun for example_python_operator to None, run_after=None
[2025-05-01T10:08:01.313+0000] {processor.py:208} INFO - Processing /home/airflow/.local/lib/python3.11/site-packages/airflow/example_dags/example_python_operator.py took 0.053 seconds
[2025-05-01T10:08:32.342+0000] {processor.py:186} INFO - Started process (PID=923) to work on /home/airflow/.local/lib/python3.11/site-packages/airflow/example_dags/example_python_operator.py
[2025-05-01T10:08:32.343+0000] {processor.py:914} INFO - Processing file /home/airflow/.local/lib/python3.11/site-packages/airflow/example_dags/example_python_operator.py for tasks to queue
[2025-05-01T10:08:32.344+0000] {logging_mixin.py:190} INFO - [2025-05-01T10:08:32.344+0000] {dagbag.py:588} INFO - Filling up the DagBag from /home/airflow/.local/lib/python3.11/site-packages/airflow/example_dags/example_python_operator.py
[2025-05-01T10:08:32.351+0000] {processor.py:925} INFO - DAG(s) 'example_python_operator' retrieved from /home/airflow/.local/lib/python3.11/site-packages/airflow/example_dags/example_python_operator.py
[2025-05-01T10:08:32.365+0000] {logging_mixin.py:190} INFO - [2025-05-01T10:08:32.365+0000] {dag.py:3239} INFO - Sync 1 DAGs
[2025-05-01T10:08:32.375+0000] {logging_mixin.py:190} INFO - [2025-05-01T10:08:32.374+0000] {dag.py:4180} INFO - Setting next_dagrun for example_python_operator to None, run_after=None
[2025-05-01T10:08:32.383+0000] {processor.py:208} INFO - Processing /home/airflow/.local/lib/python3.11/site-packages/airflow/example_dags/example_python_operator.py took 0.046 seconds
[2025-05-01T10:09:02.557+0000] {processor.py:186} INFO - Started process (PID=995) to work on /home/airflow/.local/lib/python3.11/site-packages/airflow/example_dags/example_python_operator.py
[2025-05-01T10:09:02.558+0000] {processor.py:914} INFO - Processing file /home/airflow/.local/lib/python3.11/site-packages/airflow/example_dags/example_python_operator.py for tasks to queue
[2025-05-01T10:09:02.563+0000] {logging_mixin.py:190} INFO - [2025-05-01T10:09:02.563+0000] {dagbag.py:588} INFO - Filling up the DagBag from /home/airflow/.local/lib/python3.11/site-packages/airflow/example_dags/example_python_operator.py
[2025-05-01T10:09:02.571+0000] {processor.py:925} INFO - DAG(s) 'example_python_operator' retrieved from /home/airflow/.local/lib/python3.11/site-packages/airflow/example_dags/example_python_operator.py
[2025-05-01T10:09:02.584+0000] {logging_mixin.py:190} INFO - [2025-05-01T10:09:02.584+0000] {dag.py:3239} INFO - Sync 1 DAGs
[2025-05-01T10:09:02.591+0000] {logging_mixin.py:190} INFO - [2025-05-01T10:09:02.591+0000] {dag.py:4180} INFO - Setting next_dagrun for example_python_operator to None, run_after=None
[2025-05-01T10:09:02.598+0000] {processor.py:208} INFO - Processing /home/airflow/.local/lib/python3.11/site-packages/airflow/example_dags/example_python_operator.py took 0.045 seconds
[2025-05-01T10:09:32.766+0000] {processor.py:186} INFO - Started process (PID=1068) to work on /home/airflow/.local/lib/python3.11/site-packages/airflow/example_dags/example_python_operator.py
[2025-05-01T10:09:32.767+0000] {processor.py:914} INFO - Processing file /home/airflow/.local/lib/python3.11/site-packages/airflow/example_dags/example_python_operator.py for tasks to queue
[2025-05-01T10:09:32.770+0000] {logging_mixin.py:190} INFO - [2025-05-01T10:09:32.770+0000] {dagbag.py:588} INFO - Filling up the DagBag from /home/airflow/.local/lib/python3.11/site-packages/airflow/example_dags/example_python_operator.py
[2025-05-01T10:09:32.778+0000] {processor.py:925} INFO - DAG(s) 'example_python_operator' retrieved from /home/airflow/.local/lib/python3.11/site-packages/airflow/example_dags/example_python_operator.py
[2025-05-01T10:09:32.789+0000] {logging_mixin.py:190} INFO - [2025-05-01T10:09:32.789+0000] {dag.py:3239} INFO - Sync 1 DAGs
[2025-05-01T10:09:32.796+0000] {logging_mixin.py:190} INFO - [2025-05-01T10:09:32.796+0000] {dag.py:4180} INFO - Setting next_dagrun for example_python_operator to None, run_after=None
[2025-05-01T10:09:32.805+0000] {processor.py:208} INFO - Processing /home/airflow/.local/lib/python3.11/site-packages/airflow/example_dags/example_python_operator.py took 0.044 seconds
[2025-05-01T10:10:02.902+0000] {processor.py:186} INFO - Started process (PID=1141) to work on /home/airflow/.local/lib/python3.11/site-packages/airflow/example_dags/example_python_operator.py
[2025-05-01T10:10:02.903+0000] {processor.py:914} INFO - Processing file /home/airflow/.local/lib/python3.11/site-packages/airflow/example_dags/example_python_operator.py for tasks to queue
[2025-05-01T10:10:02.905+0000] {logging_mixin.py:190} INFO - [2025-05-01T10:10:02.905+0000] {dagbag.py:588} INFO - Filling up the DagBag from /home/airflow/.local/lib/python3.11/site-packages/airflow/example_dags/example_python_operator.py
[2025-05-01T10:10:02.912+0000] {processor.py:925} INFO - DAG(s) 'example_python_operator' retrieved from /home/airflow/.local/lib/python3.11/site-packages/airflow/example_dags/example_python_operator.py
[2025-05-01T10:10:02.924+0000] {logging_mixin.py:190} INFO - [2025-05-01T10:10:02.924+0000] {dag.py:3239} INFO - Sync 1 DAGs
[2025-05-01T10:10:02.932+0000] {logging_mixin.py:190} INFO - [2025-05-01T10:10:02.932+0000] {dag.py:4180} INFO - Setting next_dagrun for example_python_operator to None, run_after=None
[2025-05-01T10:10:02.940+0000] {processor.py:208} INFO - Processing /home/airflow/.local/lib/python3.11/site-packages/airflow/example_dags/example_python_operator.py took 0.042 seconds
[2025-05-01T10:10:33.166+0000] {processor.py:186} INFO - Started process (PID=1213) to work on /home/airflow/.local/lib/python3.11/site-packages/airflow/example_dags/example_python_operator.py
[2025-05-01T10:10:33.167+0000] {processor.py:914} INFO - Processing file /home/airflow/.local/lib/python3.11/site-packages/airflow/example_dags/example_python_operator.py for tasks to queue
[2025-05-01T10:10:33.169+0000] {logging_mixin.py:190} INFO - [2025-05-01T10:10:33.169+0000] {dagbag.py:588} INFO - Filling up the DagBag from /home/airflow/.local/lib/python3.11/site-packages/airflow/example_dags/example_python_operator.py
[2025-05-01T10:10:33.176+0000] {processor.py:925} INFO - DAG(s) 'example_python_operator' retrieved from /home/airflow/.local/lib/python3.11/site-packages/airflow/example_dags/example_python_operator.py
[2025-05-01T10:10:33.190+0000] {logging_mixin.py:190} INFO - [2025-05-01T10:10:33.190+0000] {dag.py:3239} INFO - Sync 1 DAGs
[2025-05-01T10:10:33.197+0000] {logging_mixin.py:190} INFO - [2025-05-01T10:10:33.197+0000] {dag.py:4180} INFO - Setting next_dagrun for example_python_operator to None, run_after=None
[2025-05-01T10:10:33.206+0000] {processor.py:208} INFO - Processing /home/airflow/.local/lib/python3.11/site-packages/airflow/example_dags/example_python_operator.py took 0.045 seconds
[2025-05-01T10:11:03.687+0000] {processor.py:186} INFO - Started process (PID=1286) to work on /home/airflow/.local/lib/python3.11/site-packages/airflow/example_dags/example_python_operator.py
[2025-05-01T10:11:03.690+0000] {processor.py:914} INFO - Processing file /home/airflow/.local/lib/python3.11/site-packages/airflow/example_dags/example_python_operator.py for tasks to queue
[2025-05-01T10:11:03.691+0000] {logging_mixin.py:190} INFO - [2025-05-01T10:11:03.691+0000] {dagbag.py:588} INFO - Filling up the DagBag from /home/airflow/.local/lib/python3.11/site-packages/airflow/example_dags/example_python_operator.py
[2025-05-01T10:11:03.697+0000] {processor.py:925} INFO - DAG(s) 'example_python_operator' retrieved from /home/airflow/.local/lib/python3.11/site-packages/airflow/example_dags/example_python_operator.py
[2025-05-01T10:11:03.709+0000] {logging_mixin.py:190} INFO - [2025-05-01T10:11:03.709+0000] {dag.py:3239} INFO - Sync 1 DAGs
[2025-05-01T10:11:03.715+0000] {logging_mixin.py:190} INFO - [2025-05-01T10:11:03.715+0000] {dag.py:4180} INFO - Setting next_dagrun for example_python_operator to None, run_after=None
[2025-05-01T10:11:03.723+0000] {processor.py:208} INFO - Processing /home/airflow/.local/lib/python3.11/site-packages/airflow/example_dags/example_python_operator.py took 0.041 seconds
[2025-05-01T10:21:41.061+0000] {processor.py:186} INFO - Started process (PID=1360) to work on /home/airflow/.local/lib/python3.11/site-packages/airflow/example_dags/example_python_operator.py
[2025-05-01T10:21:41.064+0000] {processor.py:914} INFO - Processing file /home/airflow/.local/lib/python3.11/site-packages/airflow/example_dags/example_python_operator.py for tasks to queue
[2025-05-01T10:21:41.066+0000] {logging_mixin.py:190} INFO - [2025-05-01T10:21:41.066+0000] {dagbag.py:588} INFO - Filling up the DagBag from /home/airflow/.local/lib/python3.11/site-packages/airflow/example_dags/example_python_operator.py
[2025-05-01T10:21:41.074+0000] {processor.py:925} INFO - DAG(s) 'example_python_operator' retrieved from /home/airflow/.local/lib/python3.11/site-packages/airflow/example_dags/example_python_operator.py
[2025-05-01T10:21:41.089+0000] {logging_mixin.py:190} INFO - [2025-05-01T10:21:41.089+0000] {dag.py:3239} INFO - Sync 1 DAGs
[2025-05-01T10:21:41.101+0000] {logging_mixin.py:190} INFO - [2025-05-01T10:21:41.101+0000] {dag.py:4180} INFO - Setting next_dagrun for example_python_operator to None, run_after=None
[2025-05-01T10:21:41.112+0000] {processor.py:208} INFO - Processing /home/airflow/.local/lib/python3.11/site-packages/airflow/example_dags/example_python_operator.py took 0.056 seconds
