[2025-05-01T10:02:46.895+0000] {processor.py:186} INFO - Started process (PID=112) to work on /home/airflow/.local/lib/python3.11/site-packages/airflow/example_dags/example_dag_decorator.py
[2025-05-01T10:02:46.895+0000] {processor.py:914} INFO - Processing file /home/airflow/.local/lib/python3.11/site-packages/airflow/example_dags/example_dag_decorator.py for tasks to queue
[2025-05-01T10:02:46.897+0000] {logging_mixin.py:190} INFO - [2025-05-01T10:02:46.897+0000] {dagbag.py:588} INFO - Filling up the DagBag from /home/airflow/.local/lib/python3.11/site-packages/airflow/example_dags/example_dag_decorator.py
[2025-05-01T10:02:46.913+0000] {processor.py:925} INFO - DAG(s) 'example_dag_decorator' retrieved from /home/airflow/.local/lib/python3.11/site-packages/airflow/example_dags/example_dag_decorator.py
[2025-05-01T10:02:47.152+0000] {logging_mixin.py:190} INFO - [2025-05-01T10:02:47.152+0000] {dag.py:3239} INFO - Sync 1 DAGs
[2025-05-01T10:02:47.191+0000] {logging_mixin.py:190} INFO - [2025-05-01T10:02:47.191+0000] {dag.py:4180} INFO - Setting next_dagrun for example_dag_decorator to None, run_after=None
[2025-05-01T10:02:47.229+0000] {processor.py:208} INFO - Processing /home/airflow/.local/lib/python3.11/site-packages/airflow/example_dags/example_dag_decorator.py took 0.342 seconds
[2025-05-01T10:03:17.835+0000] {processor.py:186} INFO - Started process (PID=185) to work on /home/airflow/.local/lib/python3.11/site-packages/airflow/example_dags/example_dag_decorator.py
[2025-05-01T10:03:17.835+0000] {processor.py:914} INFO - Processing file /home/airflow/.local/lib/python3.11/site-packages/airflow/example_dags/example_dag_decorator.py for tasks to queue
[2025-05-01T10:03:17.837+0000] {logging_mixin.py:190} INFO - [2025-05-01T10:03:17.837+0000] {dagbag.py:588} INFO - Filling up the DagBag from /home/airflow/.local/lib/python3.11/site-packages/airflow/example_dags/example_dag_decorator.py
[2025-05-01T10:03:17.844+0000] {processor.py:925} INFO - DAG(s) 'example_dag_decorator' retrieved from /home/airflow/.local/lib/python3.11/site-packages/airflow/example_dags/example_dag_decorator.py
[2025-05-01T10:03:17.927+0000] {logging_mixin.py:190} INFO - [2025-05-01T10:03:17.927+0000] {dag.py:3239} INFO - Sync 1 DAGs
[2025-05-01T10:03:17.933+0000] {logging_mixin.py:190} INFO - [2025-05-01T10:03:17.933+0000] {dag.py:4180} INFO - Setting next_dagrun for example_dag_decorator to None, run_after=None
[2025-05-01T10:03:17.942+0000] {processor.py:208} INFO - Processing /home/airflow/.local/lib/python3.11/site-packages/airflow/example_dags/example_dag_decorator.py took 0.111 seconds
[2025-05-01T10:03:48.727+0000] {processor.py:186} INFO - Started process (PID=258) to work on /home/airflow/.local/lib/python3.11/site-packages/airflow/example_dags/example_dag_decorator.py
[2025-05-01T10:03:48.728+0000] {processor.py:914} INFO - Processing file /home/airflow/.local/lib/python3.11/site-packages/airflow/example_dags/example_dag_decorator.py for tasks to queue
[2025-05-01T10:03:48.729+0000] {logging_mixin.py:190} INFO - [2025-05-01T10:03:48.729+0000] {dagbag.py:588} INFO - Filling up the DagBag from /home/airflow/.local/lib/python3.11/site-packages/airflow/example_dags/example_dag_decorator.py
[2025-05-01T10:03:48.740+0000] {processor.py:925} INFO - DAG(s) 'example_dag_decorator' retrieved from /home/airflow/.local/lib/python3.11/site-packages/airflow/example_dags/example_dag_decorator.py
[2025-05-01T10:03:48.805+0000] {logging_mixin.py:190} INFO - [2025-05-01T10:03:48.805+0000] {dag.py:3239} INFO - Sync 1 DAGs
[2025-05-01T10:03:48.812+0000] {logging_mixin.py:190} INFO - [2025-05-01T10:03:48.812+0000] {dag.py:4180} INFO - Setting next_dagrun for example_dag_decorator to None, run_after=None
[2025-05-01T10:03:48.820+0000] {processor.py:208} INFO - Processing /home/airflow/.local/lib/python3.11/site-packages/airflow/example_dags/example_dag_decorator.py took 0.098 seconds
[2025-05-01T10:04:19.821+0000] {processor.py:186} INFO - Started process (PID=323) to work on /home/airflow/.local/lib/python3.11/site-packages/airflow/example_dags/example_dag_decorator.py
[2025-05-01T10:04:19.822+0000] {processor.py:914} INFO - Processing file /home/airflow/.local/lib/python3.11/site-packages/airflow/example_dags/example_dag_decorator.py for tasks to queue
[2025-05-01T10:04:19.823+0000] {logging_mixin.py:190} INFO - [2025-05-01T10:04:19.823+0000] {dagbag.py:588} INFO - Filling up the DagBag from /home/airflow/.local/lib/python3.11/site-packages/airflow/example_dags/example_dag_decorator.py
[2025-05-01T10:04:19.830+0000] {processor.py:925} INFO - DAG(s) 'example_dag_decorator' retrieved from /home/airflow/.local/lib/python3.11/site-packages/airflow/example_dags/example_dag_decorator.py
[2025-05-01T10:04:19.888+0000] {logging_mixin.py:190} INFO - [2025-05-01T10:04:19.888+0000] {dag.py:3239} INFO - Sync 1 DAGs
[2025-05-01T10:04:19.893+0000] {logging_mixin.py:190} INFO - [2025-05-01T10:04:19.893+0000] {dag.py:4180} INFO - Setting next_dagrun for example_dag_decorator to None, run_after=None
[2025-05-01T10:04:19.900+0000] {processor.py:208} INFO - Processing /home/airflow/.local/lib/python3.11/site-packages/airflow/example_dags/example_dag_decorator.py took 0.086 seconds
[2025-05-01T10:04:50.948+0000] {processor.py:186} INFO - Started process (PID=396) to work on /home/airflow/.local/lib/python3.11/site-packages/airflow/example_dags/example_dag_decorator.py
[2025-05-01T10:04:50.951+0000] {processor.py:914} INFO - Processing file /home/airflow/.local/lib/python3.11/site-packages/airflow/example_dags/example_dag_decorator.py for tasks to queue
[2025-05-01T10:04:50.954+0000] {logging_mixin.py:190} INFO - [2025-05-01T10:04:50.954+0000] {dagbag.py:588} INFO - Filling up the DagBag from /home/airflow/.local/lib/python3.11/site-packages/airflow/example_dags/example_dag_decorator.py
[2025-05-01T10:04:50.969+0000] {processor.py:925} INFO - DAG(s) 'example_dag_decorator' retrieved from /home/airflow/.local/lib/python3.11/site-packages/airflow/example_dags/example_dag_decorator.py
[2025-05-01T10:04:51.064+0000] {logging_mixin.py:190} INFO - [2025-05-01T10:04:51.064+0000] {dag.py:3239} INFO - Sync 1 DAGs
[2025-05-01T10:04:51.075+0000] {logging_mixin.py:190} INFO - [2025-05-01T10:04:51.075+0000] {dag.py:4180} INFO - Setting next_dagrun for example_dag_decorator to None, run_after=None
[2025-05-01T10:04:51.086+0000] {processor.py:208} INFO - Processing /home/airflow/.local/lib/python3.11/site-packages/airflow/example_dags/example_dag_decorator.py took 0.143 seconds
[2025-05-01T10:05:23.079+0000] {processor.py:186} INFO - Started process (PID=469) to work on /home/airflow/.local/lib/python3.11/site-packages/airflow/example_dags/example_dag_decorator.py
[2025-05-01T10:05:23.080+0000] {processor.py:914} INFO - Processing file /home/airflow/.local/lib/python3.11/site-packages/airflow/example_dags/example_dag_decorator.py for tasks to queue
[2025-05-01T10:05:23.084+0000] {logging_mixin.py:190} INFO - [2025-05-01T10:05:23.084+0000] {dagbag.py:588} INFO - Filling up the DagBag from /home/airflow/.local/lib/python3.11/site-packages/airflow/example_dags/example_dag_decorator.py
[2025-05-01T10:05:23.094+0000] {processor.py:925} INFO - DAG(s) 'example_dag_decorator' retrieved from /home/airflow/.local/lib/python3.11/site-packages/airflow/example_dags/example_dag_decorator.py
[2025-05-01T10:05:23.241+0000] {logging_mixin.py:190} INFO - [2025-05-01T10:05:23.240+0000] {dag.py:3239} INFO - Sync 1 DAGs
[2025-05-01T10:05:23.253+0000] {logging_mixin.py:190} INFO - [2025-05-01T10:05:23.253+0000] {dag.py:4180} INFO - Setting next_dagrun for example_dag_decorator to None, run_after=None
[2025-05-01T10:05:23.267+0000] {processor.py:208} INFO - Processing /home/airflow/.local/lib/python3.11/site-packages/airflow/example_dags/example_dag_decorator.py took 0.196 seconds
[2025-05-01T10:05:54.179+0000] {processor.py:186} INFO - Started process (PID=542) to work on /home/airflow/.local/lib/python3.11/site-packages/airflow/example_dags/example_dag_decorator.py
[2025-05-01T10:05:54.186+0000] {processor.py:914} INFO - Processing file /home/airflow/.local/lib/python3.11/site-packages/airflow/example_dags/example_dag_decorator.py for tasks to queue
[2025-05-01T10:05:54.195+0000] {logging_mixin.py:190} INFO - [2025-05-01T10:05:54.194+0000] {dagbag.py:588} INFO - Filling up the DagBag from /home/airflow/.local/lib/python3.11/site-packages/airflow/example_dags/example_dag_decorator.py
[2025-05-01T10:05:54.223+0000] {processor.py:925} INFO - DAG(s) 'example_dag_decorator' retrieved from /home/airflow/.local/lib/python3.11/site-packages/airflow/example_dags/example_dag_decorator.py
[2025-05-01T10:05:54.410+0000] {logging_mixin.py:190} INFO - [2025-05-01T10:05:54.409+0000] {dag.py:3239} INFO - Sync 1 DAGs
[2025-05-01T10:05:54.430+0000] {logging_mixin.py:190} INFO - [2025-05-01T10:05:54.430+0000] {dag.py:4180} INFO - Setting next_dagrun for example_dag_decorator to None, run_after=None
[2025-05-01T10:05:54.452+0000] {processor.py:208} INFO - Processing /home/airflow/.local/lib/python3.11/site-packages/airflow/example_dags/example_dag_decorator.py took 0.298 seconds
[2025-05-01T10:06:25.038+0000] {processor.py:186} INFO - Started process (PID=615) to work on /home/airflow/.local/lib/python3.11/site-packages/airflow/example_dags/example_dag_decorator.py
[2025-05-01T10:06:25.038+0000] {processor.py:914} INFO - Processing file /home/airflow/.local/lib/python3.11/site-packages/airflow/example_dags/example_dag_decorator.py for tasks to queue
[2025-05-01T10:06:25.041+0000] {logging_mixin.py:190} INFO - [2025-05-01T10:06:25.040+0000] {dagbag.py:588} INFO - Filling up the DagBag from /home/airflow/.local/lib/python3.11/site-packages/airflow/example_dags/example_dag_decorator.py
[2025-05-01T10:06:25.055+0000] {processor.py:925} INFO - DAG(s) 'example_dag_decorator' retrieved from /home/airflow/.local/lib/python3.11/site-packages/airflow/example_dags/example_dag_decorator.py
[2025-05-01T10:06:25.158+0000] {logging_mixin.py:190} INFO - [2025-05-01T10:06:25.157+0000] {dag.py:3239} INFO - Sync 1 DAGs
[2025-05-01T10:06:25.166+0000] {logging_mixin.py:190} INFO - [2025-05-01T10:06:25.165+0000] {dag.py:4180} INFO - Setting next_dagrun for example_dag_decorator to None, run_after=None
[2025-05-01T10:06:25.183+0000] {processor.py:208} INFO - Processing /home/airflow/.local/lib/python3.11/site-packages/airflow/example_dags/example_dag_decorator.py took 0.151 seconds
[2025-05-01T10:06:56.549+0000] {processor.py:186} INFO - Started process (PID=688) to work on /home/airflow/.local/lib/python3.11/site-packages/airflow/example_dags/example_dag_decorator.py
[2025-05-01T10:06:56.565+0000] {processor.py:914} INFO - Processing file /home/airflow/.local/lib/python3.11/site-packages/airflow/example_dags/example_dag_decorator.py for tasks to queue
[2025-05-01T10:06:56.598+0000] {logging_mixin.py:190} INFO - [2025-05-01T10:06:56.598+0000] {dagbag.py:588} INFO - Filling up the DagBag from /home/airflow/.local/lib/python3.11/site-packages/airflow/example_dags/example_dag_decorator.py
[2025-05-01T10:06:56.620+0000] {processor.py:925} INFO - DAG(s) 'example_dag_decorator' retrieved from /home/airflow/.local/lib/python3.11/site-packages/airflow/example_dags/example_dag_decorator.py
[2025-05-01T10:06:56.878+0000] {logging_mixin.py:190} INFO - [2025-05-01T10:06:56.878+0000] {dag.py:3239} INFO - Sync 1 DAGs
[2025-05-01T10:06:56.899+0000] {logging_mixin.py:190} INFO - [2025-05-01T10:06:56.895+0000] {dag.py:4180} INFO - Setting next_dagrun for example_dag_decorator to None, run_after=None
[2025-05-01T10:06:56.934+0000] {processor.py:208} INFO - Processing /home/airflow/.local/lib/python3.11/site-packages/airflow/example_dags/example_dag_decorator.py took 0.397 seconds
[2025-05-01T10:07:27.020+0000] {processor.py:186} INFO - Started process (PID=761) to work on /home/airflow/.local/lib/python3.11/site-packages/airflow/example_dags/example_dag_decorator.py
[2025-05-01T10:07:27.021+0000] {processor.py:914} INFO - Processing file /home/airflow/.local/lib/python3.11/site-packages/airflow/example_dags/example_dag_decorator.py for tasks to queue
[2025-05-01T10:07:27.023+0000] {logging_mixin.py:190} INFO - [2025-05-01T10:07:27.022+0000] {dagbag.py:588} INFO - Filling up the DagBag from /home/airflow/.local/lib/python3.11/site-packages/airflow/example_dags/example_dag_decorator.py
[2025-05-01T10:07:27.030+0000] {processor.py:925} INFO - DAG(s) 'example_dag_decorator' retrieved from /home/airflow/.local/lib/python3.11/site-packages/airflow/example_dags/example_dag_decorator.py
[2025-05-01T10:07:27.120+0000] {logging_mixin.py:190} INFO - [2025-05-01T10:07:27.120+0000] {dag.py:3239} INFO - Sync 1 DAGs
[2025-05-01T10:07:27.126+0000] {logging_mixin.py:190} INFO - [2025-05-01T10:07:27.126+0000] {dag.py:4180} INFO - Setting next_dagrun for example_dag_decorator to None, run_after=None
[2025-05-01T10:07:27.135+0000] {processor.py:208} INFO - Processing /home/airflow/.local/lib/python3.11/site-packages/airflow/example_dags/example_dag_decorator.py took 0.118 seconds
[2025-05-01T10:07:57.185+0000] {processor.py:186} INFO - Started process (PID=834) to work on /home/airflow/.local/lib/python3.11/site-packages/airflow/example_dags/example_dag_decorator.py
[2025-05-01T10:07:57.185+0000] {processor.py:914} INFO - Processing file /home/airflow/.local/lib/python3.11/site-packages/airflow/example_dags/example_dag_decorator.py for tasks to queue
[2025-05-01T10:07:57.188+0000] {logging_mixin.py:190} INFO - [2025-05-01T10:07:57.188+0000] {dagbag.py:588} INFO - Filling up the DagBag from /home/airflow/.local/lib/python3.11/site-packages/airflow/example_dags/example_dag_decorator.py
[2025-05-01T10:07:57.199+0000] {processor.py:925} INFO - DAG(s) 'example_dag_decorator' retrieved from /home/airflow/.local/lib/python3.11/site-packages/airflow/example_dags/example_dag_decorator.py
[2025-05-01T10:07:57.303+0000] {logging_mixin.py:190} INFO - [2025-05-01T10:07:57.302+0000] {dag.py:3239} INFO - Sync 1 DAGs
[2025-05-01T10:07:57.314+0000] {logging_mixin.py:190} INFO - [2025-05-01T10:07:57.314+0000] {dag.py:4180} INFO - Setting next_dagrun for example_dag_decorator to None, run_after=None
[2025-05-01T10:07:57.330+0000] {processor.py:208} INFO - Processing /home/airflow/.local/lib/python3.11/site-packages/airflow/example_dags/example_dag_decorator.py took 0.149 seconds
[2025-05-01T10:08:27.461+0000] {processor.py:186} INFO - Started process (PID=906) to work on /home/airflow/.local/lib/python3.11/site-packages/airflow/example_dags/example_dag_decorator.py
[2025-05-01T10:08:27.462+0000] {processor.py:914} INFO - Processing file /home/airflow/.local/lib/python3.11/site-packages/airflow/example_dags/example_dag_decorator.py for tasks to queue
[2025-05-01T10:08:27.464+0000] {logging_mixin.py:190} INFO - [2025-05-01T10:08:27.464+0000] {dagbag.py:588} INFO - Filling up the DagBag from /home/airflow/.local/lib/python3.11/site-packages/airflow/example_dags/example_dag_decorator.py
[2025-05-01T10:08:27.476+0000] {processor.py:925} INFO - DAG(s) 'example_dag_decorator' retrieved from /home/airflow/.local/lib/python3.11/site-packages/airflow/example_dags/example_dag_decorator.py
[2025-05-01T10:08:27.553+0000] {logging_mixin.py:190} INFO - [2025-05-01T10:08:27.553+0000] {dag.py:3239} INFO - Sync 1 DAGs
[2025-05-01T10:08:27.560+0000] {logging_mixin.py:190} INFO - [2025-05-01T10:08:27.560+0000] {dag.py:4180} INFO - Setting next_dagrun for example_dag_decorator to None, run_after=None
[2025-05-01T10:08:27.569+0000] {processor.py:208} INFO - Processing /home/airflow/.local/lib/python3.11/site-packages/airflow/example_dags/example_dag_decorator.py took 0.112 seconds
[2025-05-01T10:08:57.758+0000] {processor.py:186} INFO - Started process (PID=978) to work on /home/airflow/.local/lib/python3.11/site-packages/airflow/example_dags/example_dag_decorator.py
[2025-05-01T10:08:57.760+0000] {processor.py:914} INFO - Processing file /home/airflow/.local/lib/python3.11/site-packages/airflow/example_dags/example_dag_decorator.py for tasks to queue
[2025-05-01T10:08:57.763+0000] {logging_mixin.py:190} INFO - [2025-05-01T10:08:57.763+0000] {dagbag.py:588} INFO - Filling up the DagBag from /home/airflow/.local/lib/python3.11/site-packages/airflow/example_dags/example_dag_decorator.py
[2025-05-01T10:08:57.773+0000] {processor.py:925} INFO - DAG(s) 'example_dag_decorator' retrieved from /home/airflow/.local/lib/python3.11/site-packages/airflow/example_dags/example_dag_decorator.py
[2025-05-01T10:08:57.842+0000] {logging_mixin.py:190} INFO - [2025-05-01T10:08:57.841+0000] {dag.py:3239} INFO - Sync 1 DAGs
[2025-05-01T10:08:57.846+0000] {logging_mixin.py:190} INFO - [2025-05-01T10:08:57.846+0000] {dag.py:4180} INFO - Setting next_dagrun for example_dag_decorator to None, run_after=None
[2025-05-01T10:08:57.853+0000] {processor.py:208} INFO - Processing /home/airflow/.local/lib/python3.11/site-packages/airflow/example_dags/example_dag_decorator.py took 0.105 seconds
[2025-05-01T10:09:27.979+0000] {processor.py:186} INFO - Started process (PID=1051) to work on /home/airflow/.local/lib/python3.11/site-packages/airflow/example_dags/example_dag_decorator.py
[2025-05-01T10:09:27.980+0000] {processor.py:914} INFO - Processing file /home/airflow/.local/lib/python3.11/site-packages/airflow/example_dags/example_dag_decorator.py for tasks to queue
[2025-05-01T10:09:27.981+0000] {logging_mixin.py:190} INFO - [2025-05-01T10:09:27.981+0000] {dagbag.py:588} INFO - Filling up the DagBag from /home/airflow/.local/lib/python3.11/site-packages/airflow/example_dags/example_dag_decorator.py
[2025-05-01T10:09:27.987+0000] {processor.py:925} INFO - DAG(s) 'example_dag_decorator' retrieved from /home/airflow/.local/lib/python3.11/site-packages/airflow/example_dags/example_dag_decorator.py
[2025-05-01T10:09:28.004+0000] {logging_mixin.py:190} INFO - [2025-05-01T10:09:28.004+0000] {dag.py:3239} INFO - Sync 1 DAGs
[2025-05-01T10:09:28.010+0000] {logging_mixin.py:190} INFO - [2025-05-01T10:09:28.010+0000] {dag.py:4180} INFO - Setting next_dagrun for example_dag_decorator to None, run_after=None
[2025-05-01T10:09:28.019+0000] {processor.py:208} INFO - Processing /home/airflow/.local/lib/python3.11/site-packages/airflow/example_dags/example_dag_decorator.py took 0.045 seconds
[2025-05-01T10:09:58.200+0000] {processor.py:186} INFO - Started process (PID=1124) to work on /home/airflow/.local/lib/python3.11/site-packages/airflow/example_dags/example_dag_decorator.py
[2025-05-01T10:09:58.201+0000] {processor.py:914} INFO - Processing file /home/airflow/.local/lib/python3.11/site-packages/airflow/example_dags/example_dag_decorator.py for tasks to queue
[2025-05-01T10:09:58.203+0000] {logging_mixin.py:190} INFO - [2025-05-01T10:09:58.203+0000] {dagbag.py:588} INFO - Filling up the DagBag from /home/airflow/.local/lib/python3.11/site-packages/airflow/example_dags/example_dag_decorator.py
[2025-05-01T10:09:58.215+0000] {processor.py:925} INFO - DAG(s) 'example_dag_decorator' retrieved from /home/airflow/.local/lib/python3.11/site-packages/airflow/example_dags/example_dag_decorator.py
[2025-05-01T10:09:58.226+0000] {logging_mixin.py:190} INFO - [2025-05-01T10:09:58.226+0000] {dag.py:3239} INFO - Sync 1 DAGs
[2025-05-01T10:09:58.232+0000] {logging_mixin.py:190} INFO - [2025-05-01T10:09:58.232+0000] {dag.py:4180} INFO - Setting next_dagrun for example_dag_decorator to None, run_after=None
[2025-05-01T10:09:58.239+0000] {processor.py:208} INFO - Processing /home/airflow/.local/lib/python3.11/site-packages/airflow/example_dags/example_dag_decorator.py took 0.050 seconds
[2025-05-01T10:10:28.336+0000] {processor.py:186} INFO - Started process (PID=1197) to work on /home/airflow/.local/lib/python3.11/site-packages/airflow/example_dags/example_dag_decorator.py
[2025-05-01T10:10:28.337+0000] {processor.py:914} INFO - Processing file /home/airflow/.local/lib/python3.11/site-packages/airflow/example_dags/example_dag_decorator.py for tasks to queue
[2025-05-01T10:10:28.340+0000] {logging_mixin.py:190} INFO - [2025-05-01T10:10:28.339+0000] {dagbag.py:588} INFO - Filling up the DagBag from /home/airflow/.local/lib/python3.11/site-packages/airflow/example_dags/example_dag_decorator.py
[2025-05-01T10:10:28.350+0000] {processor.py:925} INFO - DAG(s) 'example_dag_decorator' retrieved from /home/airflow/.local/lib/python3.11/site-packages/airflow/example_dags/example_dag_decorator.py
[2025-05-01T10:10:28.421+0000] {logging_mixin.py:190} INFO - [2025-05-01T10:10:28.421+0000] {dag.py:3239} INFO - Sync 1 DAGs
[2025-05-01T10:10:28.430+0000] {logging_mixin.py:190} INFO - [2025-05-01T10:10:28.429+0000] {dag.py:4180} INFO - Setting next_dagrun for example_dag_decorator to None, run_after=None
[2025-05-01T10:10:28.439+0000] {processor.py:208} INFO - Processing /home/airflow/.local/lib/python3.11/site-packages/airflow/example_dags/example_dag_decorator.py took 0.113 seconds
[2025-05-01T10:10:58.862+0000] {processor.py:186} INFO - Started process (PID=1270) to work on /home/airflow/.local/lib/python3.11/site-packages/airflow/example_dags/example_dag_decorator.py
[2025-05-01T10:10:58.863+0000] {processor.py:914} INFO - Processing file /home/airflow/.local/lib/python3.11/site-packages/airflow/example_dags/example_dag_decorator.py for tasks to queue
[2025-05-01T10:10:58.865+0000] {logging_mixin.py:190} INFO - [2025-05-01T10:10:58.865+0000] {dagbag.py:588} INFO - Filling up the DagBag from /home/airflow/.local/lib/python3.11/site-packages/airflow/example_dags/example_dag_decorator.py
[2025-05-01T10:10:58.871+0000] {processor.py:925} INFO - DAG(s) 'example_dag_decorator' retrieved from /home/airflow/.local/lib/python3.11/site-packages/airflow/example_dags/example_dag_decorator.py
[2025-05-01T10:10:58.919+0000] {logging_mixin.py:190} INFO - [2025-05-01T10:10:58.919+0000] {dag.py:3239} INFO - Sync 1 DAGs
[2025-05-01T10:10:58.923+0000] {logging_mixin.py:190} INFO - [2025-05-01T10:10:58.923+0000] {dag.py:4180} INFO - Setting next_dagrun for example_dag_decorator to None, run_after=None
[2025-05-01T10:10:58.930+0000] {processor.py:208} INFO - Processing /home/airflow/.local/lib/python3.11/site-packages/airflow/example_dags/example_dag_decorator.py took 0.071 seconds
[2025-05-01T10:21:40.274+0000] {processor.py:186} INFO - Started process (PID=1344) to work on /home/airflow/.local/lib/python3.11/site-packages/airflow/example_dags/example_dag_decorator.py
[2025-05-01T10:21:40.275+0000] {processor.py:914} INFO - Processing file /home/airflow/.local/lib/python3.11/site-packages/airflow/example_dags/example_dag_decorator.py for tasks to queue
[2025-05-01T10:21:40.276+0000] {logging_mixin.py:190} INFO - [2025-05-01T10:21:40.276+0000] {dagbag.py:588} INFO - Filling up the DagBag from /home/airflow/.local/lib/python3.11/site-packages/airflow/example_dags/example_dag_decorator.py
[2025-05-01T10:21:40.283+0000] {processor.py:925} INFO - DAG(s) 'example_dag_decorator' retrieved from /home/airflow/.local/lib/python3.11/site-packages/airflow/example_dags/example_dag_decorator.py
[2025-05-01T10:21:40.341+0000] {logging_mixin.py:190} INFO - [2025-05-01T10:21:40.341+0000] {dag.py:3239} INFO - Sync 1 DAGs
[2025-05-01T10:21:40.347+0000] {logging_mixin.py:190} INFO - [2025-05-01T10:21:40.347+0000] {dag.py:4180} INFO - Setting next_dagrun for example_dag_decorator to None, run_after=None
[2025-05-01T10:21:40.356+0000] {processor.py:208} INFO - Processing /home/airflow/.local/lib/python3.11/site-packages/airflow/example_dags/example_dag_decorator.py took 0.085 seconds
