[2025-05-01T10:02:47.918+0000] {processor.py:186} INFO - Started process (PID=117) to work on /home/airflow/.local/lib/python3.11/site-packages/airflow/example_dags/example_nested_branch_dag.py
[2025-05-01T10:02:47.920+0000] {processor.py:914} INFO - Processing file /home/airflow/.local/lib/python3.11/site-packages/airflow/example_dags/example_nested_branch_dag.py for tasks to queue
[2025-05-01T10:02:47.928+0000] {logging_mixin.py:190} INFO - [2025-05-01T10:02:47.925+0000] {dagbag.py:588} INFO - Filling up the DagBag from /home/airflow/.local/lib/python3.11/site-packages/airflow/example_dags/example_nested_branch_dag.py
[2025-05-01T10:02:47.954+0000] {processor.py:925} INFO - DAG(s) 'example_nested_branch_dag' retrieved from /home/airflow/.local/lib/python3.11/site-packages/airflow/example_dags/example_nested_branch_dag.py
[2025-05-01T10:02:47.995+0000] {logging_mixin.py:190} INFO - [2025-05-01T10:02:47.995+0000] {dag.py:3239} INFO - Sync 1 DAGs
[2025-05-01T10:02:48.020+0000] {logging_mixin.py:190} INFO - [2025-05-01T10:02:48.020+0000] {dag.py:4180} INFO - Setting next_dagrun for example_nested_branch_dag to 2025-04-30 00:00:00+00:00, run_after=2025-05-01 00:00:00+00:00
[2025-05-01T10:02:48.040+0000] {processor.py:208} INFO - Processing /home/airflow/.local/lib/python3.11/site-packages/airflow/example_dags/example_nested_branch_dag.py took 0.140 seconds
[2025-05-01T10:03:18.243+0000] {processor.py:186} INFO - Started process (PID=190) to work on /home/airflow/.local/lib/python3.11/site-packages/airflow/example_dags/example_nested_branch_dag.py
[2025-05-01T10:03:18.243+0000] {processor.py:914} INFO - Processing file /home/airflow/.local/lib/python3.11/site-packages/airflow/example_dags/example_nested_branch_dag.py for tasks to queue
[2025-05-01T10:03:18.245+0000] {logging_mixin.py:190} INFO - [2025-05-01T10:03:18.245+0000] {dagbag.py:588} INFO - Filling up the DagBag from /home/airflow/.local/lib/python3.11/site-packages/airflow/example_dags/example_nested_branch_dag.py
[2025-05-01T10:03:18.259+0000] {processor.py:925} INFO - DAG(s) 'example_nested_branch_dag' retrieved from /home/airflow/.local/lib/python3.11/site-packages/airflow/example_dags/example_nested_branch_dag.py
[2025-05-01T10:03:18.276+0000] {logging_mixin.py:190} INFO - [2025-05-01T10:03:18.276+0000] {dag.py:3239} INFO - Sync 1 DAGs
[2025-05-01T10:03:18.290+0000] {logging_mixin.py:190} INFO - [2025-05-01T10:03:18.290+0000] {dag.py:4180} INFO - Setting next_dagrun for example_nested_branch_dag to 2025-04-30 00:00:00+00:00, run_after=2025-05-01 00:00:00+00:00
[2025-05-01T10:03:18.304+0000] {processor.py:208} INFO - Processing /home/airflow/.local/lib/python3.11/site-packages/airflow/example_dags/example_nested_branch_dag.py took 0.065 seconds
[2025-05-01T10:03:49.229+0000] {processor.py:186} INFO - Started process (PID=263) to work on /home/airflow/.local/lib/python3.11/site-packages/airflow/example_dags/example_nested_branch_dag.py
[2025-05-01T10:03:49.229+0000] {processor.py:914} INFO - Processing file /home/airflow/.local/lib/python3.11/site-packages/airflow/example_dags/example_nested_branch_dag.py for tasks to queue
[2025-05-01T10:03:49.230+0000] {logging_mixin.py:190} INFO - [2025-05-01T10:03:49.230+0000] {dagbag.py:588} INFO - Filling up the DagBag from /home/airflow/.local/lib/python3.11/site-packages/airflow/example_dags/example_nested_branch_dag.py
[2025-05-01T10:03:49.237+0000] {processor.py:925} INFO - DAG(s) 'example_nested_branch_dag' retrieved from /home/airflow/.local/lib/python3.11/site-packages/airflow/example_dags/example_nested_branch_dag.py
[2025-05-01T10:03:49.247+0000] {logging_mixin.py:190} INFO - [2025-05-01T10:03:49.247+0000] {dag.py:3239} INFO - Sync 1 DAGs
[2025-05-01T10:03:49.257+0000] {logging_mixin.py:190} INFO - [2025-05-01T10:03:49.257+0000] {dag.py:4180} INFO - Setting next_dagrun for example_nested_branch_dag to 2025-04-30 00:00:00+00:00, run_after=2025-05-01 00:00:00+00:00
[2025-05-01T10:03:49.265+0000] {processor.py:208} INFO - Processing /home/airflow/.local/lib/python3.11/site-packages/airflow/example_dags/example_nested_branch_dag.py took 0.039 seconds
[2025-05-01T10:04:20.096+0000] {processor.py:186} INFO - Started process (PID=328) to work on /home/airflow/.local/lib/python3.11/site-packages/airflow/example_dags/example_nested_branch_dag.py
[2025-05-01T10:04:20.097+0000] {processor.py:914} INFO - Processing file /home/airflow/.local/lib/python3.11/site-packages/airflow/example_dags/example_nested_branch_dag.py for tasks to queue
[2025-05-01T10:04:20.098+0000] {logging_mixin.py:190} INFO - [2025-05-01T10:04:20.098+0000] {dagbag.py:588} INFO - Filling up the DagBag from /home/airflow/.local/lib/python3.11/site-packages/airflow/example_dags/example_nested_branch_dag.py
[2025-05-01T10:04:20.105+0000] {processor.py:925} INFO - DAG(s) 'example_nested_branch_dag' retrieved from /home/airflow/.local/lib/python3.11/site-packages/airflow/example_dags/example_nested_branch_dag.py
[2025-05-01T10:04:20.122+0000] {logging_mixin.py:190} INFO - [2025-05-01T10:04:20.122+0000] {dag.py:3239} INFO - Sync 1 DAGs
[2025-05-01T10:04:20.132+0000] {logging_mixin.py:190} INFO - [2025-05-01T10:04:20.131+0000] {dag.py:4180} INFO - Setting next_dagrun for example_nested_branch_dag to 2025-04-30 00:00:00+00:00, run_after=2025-05-01 00:00:00+00:00
[2025-05-01T10:04:20.144+0000] {processor.py:208} INFO - Processing /home/airflow/.local/lib/python3.11/site-packages/airflow/example_dags/example_nested_branch_dag.py took 0.051 seconds
[2025-05-01T10:04:51.304+0000] {processor.py:186} INFO - Started process (PID=401) to work on /home/airflow/.local/lib/python3.11/site-packages/airflow/example_dags/example_nested_branch_dag.py
[2025-05-01T10:04:51.305+0000] {processor.py:914} INFO - Processing file /home/airflow/.local/lib/python3.11/site-packages/airflow/example_dags/example_nested_branch_dag.py for tasks to queue
[2025-05-01T10:04:51.306+0000] {logging_mixin.py:190} INFO - [2025-05-01T10:04:51.306+0000] {dagbag.py:588} INFO - Filling up the DagBag from /home/airflow/.local/lib/python3.11/site-packages/airflow/example_dags/example_nested_branch_dag.py
[2025-05-01T10:04:51.312+0000] {processor.py:925} INFO - DAG(s) 'example_nested_branch_dag' retrieved from /home/airflow/.local/lib/python3.11/site-packages/airflow/example_dags/example_nested_branch_dag.py
[2025-05-01T10:04:51.326+0000] {logging_mixin.py:190} INFO - [2025-05-01T10:04:51.326+0000] {dag.py:3239} INFO - Sync 1 DAGs
[2025-05-01T10:04:51.337+0000] {logging_mixin.py:190} INFO - [2025-05-01T10:04:51.337+0000] {dag.py:4180} INFO - Setting next_dagrun for example_nested_branch_dag to 2025-04-30 00:00:00+00:00, run_after=2025-05-01 00:00:00+00:00
[2025-05-01T10:04:51.344+0000] {processor.py:208} INFO - Processing /home/airflow/.local/lib/python3.11/site-packages/airflow/example_dags/example_nested_branch_dag.py took 0.043 seconds
[2025-05-01T10:05:23.740+0000] {processor.py:186} INFO - Started process (PID=474) to work on /home/airflow/.local/lib/python3.11/site-packages/airflow/example_dags/example_nested_branch_dag.py
[2025-05-01T10:05:23.742+0000] {processor.py:914} INFO - Processing file /home/airflow/.local/lib/python3.11/site-packages/airflow/example_dags/example_nested_branch_dag.py for tasks to queue
[2025-05-01T10:05:23.745+0000] {logging_mixin.py:190} INFO - [2025-05-01T10:05:23.745+0000] {dagbag.py:588} INFO - Filling up the DagBag from /home/airflow/.local/lib/python3.11/site-packages/airflow/example_dags/example_nested_branch_dag.py
[2025-05-01T10:05:23.764+0000] {processor.py:925} INFO - DAG(s) 'example_nested_branch_dag' retrieved from /home/airflow/.local/lib/python3.11/site-packages/airflow/example_dags/example_nested_branch_dag.py
[2025-05-01T10:05:23.846+0000] {logging_mixin.py:190} INFO - [2025-05-01T10:05:23.845+0000] {dag.py:3239} INFO - Sync 1 DAGs
[2025-05-01T10:05:23.877+0000] {logging_mixin.py:190} INFO - [2025-05-01T10:05:23.877+0000] {dag.py:4180} INFO - Setting next_dagrun for example_nested_branch_dag to 2025-04-30 00:00:00+00:00, run_after=2025-05-01 00:00:00+00:00
[2025-05-01T10:05:23.896+0000] {processor.py:208} INFO - Processing /home/airflow/.local/lib/python3.11/site-packages/airflow/example_dags/example_nested_branch_dag.py took 0.167 seconds
[2025-05-01T10:05:55.073+0000] {processor.py:186} INFO - Started process (PID=547) to work on /home/airflow/.local/lib/python3.11/site-packages/airflow/example_dags/example_nested_branch_dag.py
[2025-05-01T10:05:55.075+0000] {processor.py:914} INFO - Processing file /home/airflow/.local/lib/python3.11/site-packages/airflow/example_dags/example_nested_branch_dag.py for tasks to queue
[2025-05-01T10:05:55.078+0000] {logging_mixin.py:190} INFO - [2025-05-01T10:05:55.077+0000] {dagbag.py:588} INFO - Filling up the DagBag from /home/airflow/.local/lib/python3.11/site-packages/airflow/example_dags/example_nested_branch_dag.py
[2025-05-01T10:05:55.098+0000] {processor.py:925} INFO - DAG(s) 'example_nested_branch_dag' retrieved from /home/airflow/.local/lib/python3.11/site-packages/airflow/example_dags/example_nested_branch_dag.py
[2025-05-01T10:05:55.132+0000] {logging_mixin.py:190} INFO - [2025-05-01T10:05:55.132+0000] {dag.py:3239} INFO - Sync 1 DAGs
[2025-05-01T10:05:55.165+0000] {logging_mixin.py:190} INFO - [2025-05-01T10:05:55.165+0000] {dag.py:4180} INFO - Setting next_dagrun for example_nested_branch_dag to 2025-04-30 00:00:00+00:00, run_after=2025-05-01 00:00:00+00:00
[2025-05-01T10:05:55.245+0000] {processor.py:208} INFO - Processing /home/airflow/.local/lib/python3.11/site-packages/airflow/example_dags/example_nested_branch_dag.py took 0.200 seconds
[2025-05-01T10:06:25.963+0000] {processor.py:186} INFO - Started process (PID=620) to work on /home/airflow/.local/lib/python3.11/site-packages/airflow/example_dags/example_nested_branch_dag.py
[2025-05-01T10:06:25.964+0000] {processor.py:914} INFO - Processing file /home/airflow/.local/lib/python3.11/site-packages/airflow/example_dags/example_nested_branch_dag.py for tasks to queue
[2025-05-01T10:06:25.968+0000] {logging_mixin.py:190} INFO - [2025-05-01T10:06:25.968+0000] {dagbag.py:588} INFO - Filling up the DagBag from /home/airflow/.local/lib/python3.11/site-packages/airflow/example_dags/example_nested_branch_dag.py
[2025-05-01T10:06:25.988+0000] {processor.py:925} INFO - DAG(s) 'example_nested_branch_dag' retrieved from /home/airflow/.local/lib/python3.11/site-packages/airflow/example_dags/example_nested_branch_dag.py
[2025-05-01T10:06:26.007+0000] {logging_mixin.py:190} INFO - [2025-05-01T10:06:26.007+0000] {dag.py:3239} INFO - Sync 1 DAGs
[2025-05-01T10:06:26.034+0000] {logging_mixin.py:190} INFO - [2025-05-01T10:06:26.034+0000] {dag.py:4180} INFO - Setting next_dagrun for example_nested_branch_dag to 2025-04-30 00:00:00+00:00, run_after=2025-05-01 00:00:00+00:00
[2025-05-01T10:06:26.044+0000] {processor.py:208} INFO - Processing /home/airflow/.local/lib/python3.11/site-packages/airflow/example_dags/example_nested_branch_dag.py took 0.091 seconds
[2025-05-01T10:06:59.148+0000] {processor.py:186} INFO - Started process (PID=693) to work on /home/airflow/.local/lib/python3.11/site-packages/airflow/example_dags/example_nested_branch_dag.py
[2025-05-01T10:06:59.150+0000] {processor.py:914} INFO - Processing file /home/airflow/.local/lib/python3.11/site-packages/airflow/example_dags/example_nested_branch_dag.py for tasks to queue
[2025-05-01T10:06:59.152+0000] {logging_mixin.py:190} INFO - [2025-05-01T10:06:59.152+0000] {dagbag.py:588} INFO - Filling up the DagBag from /home/airflow/.local/lib/python3.11/site-packages/airflow/example_dags/example_nested_branch_dag.py
[2025-05-01T10:06:59.187+0000] {processor.py:925} INFO - DAG(s) 'example_nested_branch_dag' retrieved from /home/airflow/.local/lib/python3.11/site-packages/airflow/example_dags/example_nested_branch_dag.py
[2025-05-01T10:06:59.236+0000] {logging_mixin.py:190} INFO - [2025-05-01T10:06:59.236+0000] {dag.py:3239} INFO - Sync 1 DAGs
[2025-05-01T10:06:59.309+0000] {logging_mixin.py:190} INFO - [2025-05-01T10:06:59.308+0000] {dag.py:4180} INFO - Setting next_dagrun for example_nested_branch_dag to 2025-04-30 00:00:00+00:00, run_after=2025-05-01 00:00:00+00:00
[2025-05-01T10:06:59.345+0000] {processor.py:208} INFO - Processing /home/airflow/.local/lib/python3.11/site-packages/airflow/example_dags/example_nested_branch_dag.py took 0.215 seconds
[2025-05-01T10:07:29.454+0000] {processor.py:186} INFO - Started process (PID=766) to work on /home/airflow/.local/lib/python3.11/site-packages/airflow/example_dags/example_nested_branch_dag.py
[2025-05-01T10:07:29.455+0000] {processor.py:914} INFO - Processing file /home/airflow/.local/lib/python3.11/site-packages/airflow/example_dags/example_nested_branch_dag.py for tasks to queue
[2025-05-01T10:07:29.456+0000] {logging_mixin.py:190} INFO - [2025-05-01T10:07:29.456+0000] {dagbag.py:588} INFO - Filling up the DagBag from /home/airflow/.local/lib/python3.11/site-packages/airflow/example_dags/example_nested_branch_dag.py
[2025-05-01T10:07:29.467+0000] {processor.py:925} INFO - DAG(s) 'example_nested_branch_dag' retrieved from /home/airflow/.local/lib/python3.11/site-packages/airflow/example_dags/example_nested_branch_dag.py
[2025-05-01T10:07:29.485+0000] {logging_mixin.py:190} INFO - [2025-05-01T10:07:29.485+0000] {dag.py:3239} INFO - Sync 1 DAGs
[2025-05-01T10:07:29.498+0000] {logging_mixin.py:190} INFO - [2025-05-01T10:07:29.498+0000] {dag.py:4180} INFO - Setting next_dagrun for example_nested_branch_dag to 2025-04-30 00:00:00+00:00, run_after=2025-05-01 00:00:00+00:00
[2025-05-01T10:07:29.520+0000] {processor.py:208} INFO - Processing /home/airflow/.local/lib/python3.11/site-packages/airflow/example_dags/example_nested_branch_dag.py took 0.082 seconds
[2025-05-01T10:07:59.568+0000] {processor.py:186} INFO - Started process (PID=838) to work on /home/airflow/.local/lib/python3.11/site-packages/airflow/example_dags/example_nested_branch_dag.py
[2025-05-01T10:07:59.569+0000] {processor.py:914} INFO - Processing file /home/airflow/.local/lib/python3.11/site-packages/airflow/example_dags/example_nested_branch_dag.py for tasks to queue
[2025-05-01T10:07:59.570+0000] {logging_mixin.py:190} INFO - [2025-05-01T10:07:59.570+0000] {dagbag.py:588} INFO - Filling up the DagBag from /home/airflow/.local/lib/python3.11/site-packages/airflow/example_dags/example_nested_branch_dag.py
[2025-05-01T10:07:59.577+0000] {processor.py:925} INFO - DAG(s) 'example_nested_branch_dag' retrieved from /home/airflow/.local/lib/python3.11/site-packages/airflow/example_dags/example_nested_branch_dag.py
[2025-05-01T10:07:59.588+0000] {logging_mixin.py:190} INFO - [2025-05-01T10:07:59.588+0000] {dag.py:3239} INFO - Sync 1 DAGs
[2025-05-01T10:07:59.599+0000] {logging_mixin.py:190} INFO - [2025-05-01T10:07:59.599+0000] {dag.py:4180} INFO - Setting next_dagrun for example_nested_branch_dag to 2025-04-30 00:00:00+00:00, run_after=2025-05-01 00:00:00+00:00
[2025-05-01T10:07:59.606+0000] {processor.py:208} INFO - Processing /home/airflow/.local/lib/python3.11/site-packages/airflow/example_dags/example_nested_branch_dag.py took 0.041 seconds
[2025-05-01T10:08:29.719+0000] {processor.py:186} INFO - Started process (PID=911) to work on /home/airflow/.local/lib/python3.11/site-packages/airflow/example_dags/example_nested_branch_dag.py
[2025-05-01T10:08:29.721+0000] {processor.py:914} INFO - Processing file /home/airflow/.local/lib/python3.11/site-packages/airflow/example_dags/example_nested_branch_dag.py for tasks to queue
[2025-05-01T10:08:29.723+0000] {logging_mixin.py:190} INFO - [2025-05-01T10:08:29.722+0000] {dagbag.py:588} INFO - Filling up the DagBag from /home/airflow/.local/lib/python3.11/site-packages/airflow/example_dags/example_nested_branch_dag.py
[2025-05-01T10:08:29.732+0000] {processor.py:925} INFO - DAG(s) 'example_nested_branch_dag' retrieved from /home/airflow/.local/lib/python3.11/site-packages/airflow/example_dags/example_nested_branch_dag.py
[2025-05-01T10:08:29.744+0000] {logging_mixin.py:190} INFO - [2025-05-01T10:08:29.744+0000] {dag.py:3239} INFO - Sync 1 DAGs
[2025-05-01T10:08:29.760+0000] {logging_mixin.py:190} INFO - [2025-05-01T10:08:29.759+0000] {dag.py:4180} INFO - Setting next_dagrun for example_nested_branch_dag to 2025-04-30 00:00:00+00:00, run_after=2025-05-01 00:00:00+00:00
[2025-05-01T10:08:29.777+0000] {processor.py:208} INFO - Processing /home/airflow/.local/lib/python3.11/site-packages/airflow/example_dags/example_nested_branch_dag.py took 0.066 seconds
[2025-05-01T10:09:00.030+0000] {processor.py:186} INFO - Started process (PID=983) to work on /home/airflow/.local/lib/python3.11/site-packages/airflow/example_dags/example_nested_branch_dag.py
[2025-05-01T10:09:00.031+0000] {processor.py:914} INFO - Processing file /home/airflow/.local/lib/python3.11/site-packages/airflow/example_dags/example_nested_branch_dag.py for tasks to queue
[2025-05-01T10:09:00.033+0000] {logging_mixin.py:190} INFO - [2025-05-01T10:09:00.032+0000] {dagbag.py:588} INFO - Filling up the DagBag from /home/airflow/.local/lib/python3.11/site-packages/airflow/example_dags/example_nested_branch_dag.py
[2025-05-01T10:09:00.041+0000] {processor.py:925} INFO - DAG(s) 'example_nested_branch_dag' retrieved from /home/airflow/.local/lib/python3.11/site-packages/airflow/example_dags/example_nested_branch_dag.py
[2025-05-01T10:09:00.053+0000] {logging_mixin.py:190} INFO - [2025-05-01T10:09:00.053+0000] {dag.py:3239} INFO - Sync 1 DAGs
[2025-05-01T10:09:00.064+0000] {logging_mixin.py:190} INFO - [2025-05-01T10:09:00.063+0000] {dag.py:4180} INFO - Setting next_dagrun for example_nested_branch_dag to 2025-04-30 00:00:00+00:00, run_after=2025-05-01 00:00:00+00:00
[2025-05-01T10:09:00.072+0000] {processor.py:208} INFO - Processing /home/airflow/.local/lib/python3.11/site-packages/airflow/example_dags/example_nested_branch_dag.py took 0.044 seconds
[2025-05-01T10:09:30.280+0000] {processor.py:186} INFO - Started process (PID=1056) to work on /home/airflow/.local/lib/python3.11/site-packages/airflow/example_dags/example_nested_branch_dag.py
[2025-05-01T10:09:30.281+0000] {processor.py:914} INFO - Processing file /home/airflow/.local/lib/python3.11/site-packages/airflow/example_dags/example_nested_branch_dag.py for tasks to queue
[2025-05-01T10:09:30.282+0000] {logging_mixin.py:190} INFO - [2025-05-01T10:09:30.282+0000] {dagbag.py:588} INFO - Filling up the DagBag from /home/airflow/.local/lib/python3.11/site-packages/airflow/example_dags/example_nested_branch_dag.py
[2025-05-01T10:09:30.287+0000] {processor.py:925} INFO - DAG(s) 'example_nested_branch_dag' retrieved from /home/airflow/.local/lib/python3.11/site-packages/airflow/example_dags/example_nested_branch_dag.py
[2025-05-01T10:09:30.295+0000] {logging_mixin.py:190} INFO - [2025-05-01T10:09:30.295+0000] {dag.py:3239} INFO - Sync 1 DAGs
[2025-05-01T10:09:30.304+0000] {logging_mixin.py:190} INFO - [2025-05-01T10:09:30.304+0000] {dag.py:4180} INFO - Setting next_dagrun for example_nested_branch_dag to 2025-04-30 00:00:00+00:00, run_after=2025-05-01 00:00:00+00:00
[2025-05-01T10:09:30.310+0000] {processor.py:208} INFO - Processing /home/airflow/.local/lib/python3.11/site-packages/airflow/example_dags/example_nested_branch_dag.py took 0.033 seconds
[2025-05-01T10:10:00.479+0000] {processor.py:186} INFO - Started process (PID=1129) to work on /home/airflow/.local/lib/python3.11/site-packages/airflow/example_dags/example_nested_branch_dag.py
[2025-05-01T10:10:00.480+0000] {processor.py:914} INFO - Processing file /home/airflow/.local/lib/python3.11/site-packages/airflow/example_dags/example_nested_branch_dag.py for tasks to queue
[2025-05-01T10:10:00.483+0000] {logging_mixin.py:190} INFO - [2025-05-01T10:10:00.483+0000] {dagbag.py:588} INFO - Filling up the DagBag from /home/airflow/.local/lib/python3.11/site-packages/airflow/example_dags/example_nested_branch_dag.py
[2025-05-01T10:10:00.495+0000] {processor.py:925} INFO - DAG(s) 'example_nested_branch_dag' retrieved from /home/airflow/.local/lib/python3.11/site-packages/airflow/example_dags/example_nested_branch_dag.py
[2025-05-01T10:10:00.507+0000] {logging_mixin.py:190} INFO - [2025-05-01T10:10:00.506+0000] {dag.py:3239} INFO - Sync 1 DAGs
[2025-05-01T10:10:00.518+0000] {logging_mixin.py:190} INFO - [2025-05-01T10:10:00.518+0000] {dag.py:4180} INFO - Setting next_dagrun for example_nested_branch_dag to 2025-04-30 00:00:00+00:00, run_after=2025-05-01 00:00:00+00:00
[2025-05-01T10:10:00.528+0000] {processor.py:208} INFO - Processing /home/airflow/.local/lib/python3.11/site-packages/airflow/example_dags/example_nested_branch_dag.py took 0.058 seconds
[2025-05-01T10:10:30.770+0000] {processor.py:186} INFO - Started process (PID=1202) to work on /home/airflow/.local/lib/python3.11/site-packages/airflow/example_dags/example_nested_branch_dag.py
[2025-05-01T10:10:30.770+0000] {processor.py:914} INFO - Processing file /home/airflow/.local/lib/python3.11/site-packages/airflow/example_dags/example_nested_branch_dag.py for tasks to queue
[2025-05-01T10:10:30.771+0000] {logging_mixin.py:190} INFO - [2025-05-01T10:10:30.771+0000] {dagbag.py:588} INFO - Filling up the DagBag from /home/airflow/.local/lib/python3.11/site-packages/airflow/example_dags/example_nested_branch_dag.py
[2025-05-01T10:10:30.777+0000] {processor.py:925} INFO - DAG(s) 'example_nested_branch_dag' retrieved from /home/airflow/.local/lib/python3.11/site-packages/airflow/example_dags/example_nested_branch_dag.py
[2025-05-01T10:10:30.785+0000] {logging_mixin.py:190} INFO - [2025-05-01T10:10:30.785+0000] {dag.py:3239} INFO - Sync 1 DAGs
[2025-05-01T10:10:30.794+0000] {logging_mixin.py:190} INFO - [2025-05-01T10:10:30.794+0000] {dag.py:4180} INFO - Setting next_dagrun for example_nested_branch_dag to 2025-04-30 00:00:00+00:00, run_after=2025-05-01 00:00:00+00:00
[2025-05-01T10:10:30.800+0000] {processor.py:208} INFO - Processing /home/airflow/.local/lib/python3.11/site-packages/airflow/example_dags/example_nested_branch_dag.py took 0.033 seconds
[2025-05-01T10:11:01.282+0000] {processor.py:186} INFO - Started process (PID=1275) to work on /home/airflow/.local/lib/python3.11/site-packages/airflow/example_dags/example_nested_branch_dag.py
[2025-05-01T10:11:01.283+0000] {processor.py:914} INFO - Processing file /home/airflow/.local/lib/python3.11/site-packages/airflow/example_dags/example_nested_branch_dag.py for tasks to queue
[2025-05-01T10:11:01.284+0000] {logging_mixin.py:190} INFO - [2025-05-01T10:11:01.284+0000] {dagbag.py:588} INFO - Filling up the DagBag from /home/airflow/.local/lib/python3.11/site-packages/airflow/example_dags/example_nested_branch_dag.py
[2025-05-01T10:11:01.290+0000] {processor.py:925} INFO - DAG(s) 'example_nested_branch_dag' retrieved from /home/airflow/.local/lib/python3.11/site-packages/airflow/example_dags/example_nested_branch_dag.py
[2025-05-01T10:11:01.306+0000] {logging_mixin.py:190} INFO - [2025-05-01T10:11:01.306+0000] {dag.py:3239} INFO - Sync 1 DAGs
[2025-05-01T10:11:01.318+0000] {logging_mixin.py:190} INFO - [2025-05-01T10:11:01.318+0000] {dag.py:4180} INFO - Setting next_dagrun for example_nested_branch_dag to 2025-04-30 00:00:00+00:00, run_after=2025-05-01 00:00:00+00:00
[2025-05-01T10:11:01.330+0000] {processor.py:208} INFO - Processing /home/airflow/.local/lib/python3.11/site-packages/airflow/example_dags/example_nested_branch_dag.py took 0.053 seconds
[2025-05-01T10:21:40.609+0000] {processor.py:186} INFO - Started process (PID=1349) to work on /home/airflow/.local/lib/python3.11/site-packages/airflow/example_dags/example_nested_branch_dag.py
[2025-05-01T10:21:40.610+0000] {processor.py:914} INFO - Processing file /home/airflow/.local/lib/python3.11/site-packages/airflow/example_dags/example_nested_branch_dag.py for tasks to queue
[2025-05-01T10:21:40.612+0000] {logging_mixin.py:190} INFO - [2025-05-01T10:21:40.612+0000] {dagbag.py:588} INFO - Filling up the DagBag from /home/airflow/.local/lib/python3.11/site-packages/airflow/example_dags/example_nested_branch_dag.py
[2025-05-01T10:21:40.621+0000] {processor.py:925} INFO - DAG(s) 'example_nested_branch_dag' retrieved from /home/airflow/.local/lib/python3.11/site-packages/airflow/example_dags/example_nested_branch_dag.py
[2025-05-01T10:21:40.637+0000] {logging_mixin.py:190} INFO - [2025-05-01T10:21:40.637+0000] {dag.py:3239} INFO - Sync 1 DAGs
[2025-05-01T10:21:40.655+0000] {logging_mixin.py:190} INFO - [2025-05-01T10:21:40.655+0000] {dag.py:4180} INFO - Setting next_dagrun for example_nested_branch_dag to 2025-04-30 00:00:00+00:00, run_after=2025-05-01 00:00:00+00:00
[2025-05-01T10:21:40.665+0000] {processor.py:208} INFO - Processing /home/airflow/.local/lib/python3.11/site-packages/airflow/example_dags/example_nested_branch_dag.py took 0.060 seconds
