[2025-05-01T10:02:46.555+0000] {processor.py:186} INFO - Started process (PID=109) to work on /home/airflow/.local/lib/python3.11/site-packages/airflow/example_dags/example_workday_timetable.py
[2025-05-01T10:02:46.557+0000] {processor.py:914} INFO - Processing file /home/airflow/.local/lib/python3.11/site-packages/airflow/example_dags/example_workday_timetable.py for tasks to queue
[2025-05-01T10:02:46.560+0000] {logging_mixin.py:190} INFO - [2025-05-01T10:02:46.559+0000] {dagbag.py:588} INFO - Filling up the DagBag from /home/airflow/.local/lib/python3.11/site-packages/airflow/example_dags/example_workday_timetable.py
[2025-05-01T10:02:46.577+0000] {processor.py:925} INFO - DAG(s) 'example_workday_timetable' retrieved from /home/airflow/.local/lib/python3.11/site-packages/airflow/example_dags/example_workday_timetable.py
[2025-05-01T10:02:46.614+0000] {logging_mixin.py:190} INFO - [2025-05-01T10:02:46.614+0000] {dag.py:3239} INFO - Sync 1 DAGs
[2025-05-01T10:02:46.725+0000] {logging_mixin.py:190} INFO - [2025-05-01T10:02:46.724+0000] {dag.py:4180} INFO - Setting next_dagrun for example_workday_timetable to 2021-01-04 00:00:00+00:00, run_after=2021-01-05 00:00:00+00:00
[2025-05-01T10:02:46.748+0000] {processor.py:208} INFO - Processing /home/airflow/.local/lib/python3.11/site-packages/airflow/example_dags/example_workday_timetable.py took 0.200 seconds
[2025-05-01T10:03:17.667+0000] {processor.py:186} INFO - Started process (PID=182) to work on /home/airflow/.local/lib/python3.11/site-packages/airflow/example_dags/example_workday_timetable.py
[2025-05-01T10:03:17.668+0000] {processor.py:914} INFO - Processing file /home/airflow/.local/lib/python3.11/site-packages/airflow/example_dags/example_workday_timetable.py for tasks to queue
[2025-05-01T10:03:17.670+0000] {logging_mixin.py:190} INFO - [2025-05-01T10:03:17.670+0000] {dagbag.py:588} INFO - Filling up the DagBag from /home/airflow/.local/lib/python3.11/site-packages/airflow/example_dags/example_workday_timetable.py
[2025-05-01T10:03:17.674+0000] {processor.py:925} INFO - DAG(s) 'example_workday_timetable' retrieved from /home/airflow/.local/lib/python3.11/site-packages/airflow/example_dags/example_workday_timetable.py
[2025-05-01T10:03:17.685+0000] {logging_mixin.py:190} INFO - [2025-05-01T10:03:17.684+0000] {dag.py:3239} INFO - Sync 1 DAGs
[2025-05-01T10:03:17.727+0000] {logging_mixin.py:190} INFO - [2025-05-01T10:03:17.727+0000] {dag.py:4180} INFO - Setting next_dagrun for example_workday_timetable to 2021-01-04 00:00:00+00:00, run_after=2021-01-05 00:00:00+00:00
[2025-05-01T10:03:17.742+0000] {processor.py:208} INFO - Processing /home/airflow/.local/lib/python3.11/site-packages/airflow/example_dags/example_workday_timetable.py took 0.079 seconds
[2025-05-01T10:03:48.502+0000] {processor.py:186} INFO - Started process (PID=255) to work on /home/airflow/.local/lib/python3.11/site-packages/airflow/example_dags/example_workday_timetable.py
[2025-05-01T10:03:48.503+0000] {processor.py:914} INFO - Processing file /home/airflow/.local/lib/python3.11/site-packages/airflow/example_dags/example_workday_timetable.py for tasks to queue
[2025-05-01T10:03:48.504+0000] {logging_mixin.py:190} INFO - [2025-05-01T10:03:48.504+0000] {dagbag.py:588} INFO - Filling up the DagBag from /home/airflow/.local/lib/python3.11/site-packages/airflow/example_dags/example_workday_timetable.py
[2025-05-01T10:03:48.507+0000] {processor.py:925} INFO - DAG(s) 'example_workday_timetable' retrieved from /home/airflow/.local/lib/python3.11/site-packages/airflow/example_dags/example_workday_timetable.py
[2025-05-01T10:03:48.516+0000] {logging_mixin.py:190} INFO - [2025-05-01T10:03:48.516+0000] {dag.py:3239} INFO - Sync 1 DAGs
[2025-05-01T10:03:48.547+0000] {logging_mixin.py:190} INFO - [2025-05-01T10:03:48.547+0000] {dag.py:4180} INFO - Setting next_dagrun for example_workday_timetable to 2021-01-04 00:00:00+00:00, run_after=2021-01-05 00:00:00+00:00
[2025-05-01T10:03:48.556+0000] {processor.py:208} INFO - Processing /home/airflow/.local/lib/python3.11/site-packages/airflow/example_dags/example_workday_timetable.py took 0.058 seconds
[2025-05-01T10:04:19.607+0000] {processor.py:186} INFO - Started process (PID=320) to work on /home/airflow/.local/lib/python3.11/site-packages/airflow/example_dags/example_workday_timetable.py
[2025-05-01T10:04:19.608+0000] {processor.py:914} INFO - Processing file /home/airflow/.local/lib/python3.11/site-packages/airflow/example_dags/example_workday_timetable.py for tasks to queue
[2025-05-01T10:04:19.610+0000] {logging_mixin.py:190} INFO - [2025-05-01T10:04:19.610+0000] {dagbag.py:588} INFO - Filling up the DagBag from /home/airflow/.local/lib/python3.11/site-packages/airflow/example_dags/example_workday_timetable.py
[2025-05-01T10:04:19.616+0000] {processor.py:925} INFO - DAG(s) 'example_workday_timetable' retrieved from /home/airflow/.local/lib/python3.11/site-packages/airflow/example_dags/example_workday_timetable.py
[2025-05-01T10:04:19.628+0000] {logging_mixin.py:190} INFO - [2025-05-01T10:04:19.628+0000] {dag.py:3239} INFO - Sync 1 DAGs
[2025-05-01T10:04:19.664+0000] {logging_mixin.py:190} INFO - [2025-05-01T10:04:19.664+0000] {dag.py:4180} INFO - Setting next_dagrun for example_workday_timetable to 2021-01-04 00:00:00+00:00, run_after=2021-01-05 00:00:00+00:00
[2025-05-01T10:04:19.675+0000] {processor.py:208} INFO - Processing /home/airflow/.local/lib/python3.11/site-packages/airflow/example_dags/example_workday_timetable.py took 0.076 seconds
[2025-05-01T10:04:50.721+0000] {processor.py:186} INFO - Started process (PID=393) to work on /home/airflow/.local/lib/python3.11/site-packages/airflow/example_dags/example_workday_timetable.py
[2025-05-01T10:04:50.722+0000] {processor.py:914} INFO - Processing file /home/airflow/.local/lib/python3.11/site-packages/airflow/example_dags/example_workday_timetable.py for tasks to queue
[2025-05-01T10:04:50.724+0000] {logging_mixin.py:190} INFO - [2025-05-01T10:04:50.724+0000] {dagbag.py:588} INFO - Filling up the DagBag from /home/airflow/.local/lib/python3.11/site-packages/airflow/example_dags/example_workday_timetable.py
[2025-05-01T10:04:50.728+0000] {processor.py:925} INFO - DAG(s) 'example_workday_timetable' retrieved from /home/airflow/.local/lib/python3.11/site-packages/airflow/example_dags/example_workday_timetable.py
[2025-05-01T10:04:50.740+0000] {logging_mixin.py:190} INFO - [2025-05-01T10:04:50.740+0000] {dag.py:3239} INFO - Sync 1 DAGs
[2025-05-01T10:04:50.781+0000] {logging_mixin.py:190} INFO - [2025-05-01T10:04:50.781+0000] {dag.py:4180} INFO - Setting next_dagrun for example_workday_timetable to 2021-01-04 00:00:00+00:00, run_after=2021-01-05 00:00:00+00:00
[2025-05-01T10:04:50.791+0000] {processor.py:208} INFO - Processing /home/airflow/.local/lib/python3.11/site-packages/airflow/example_dags/example_workday_timetable.py took 0.075 seconds
[2025-05-01T10:05:22.555+0000] {processor.py:186} INFO - Started process (PID=466) to work on /home/airflow/.local/lib/python3.11/site-packages/airflow/example_dags/example_workday_timetable.py
[2025-05-01T10:05:22.556+0000] {processor.py:914} INFO - Processing file /home/airflow/.local/lib/python3.11/site-packages/airflow/example_dags/example_workday_timetable.py for tasks to queue
[2025-05-01T10:05:22.560+0000] {logging_mixin.py:190} INFO - [2025-05-01T10:05:22.560+0000] {dagbag.py:588} INFO - Filling up the DagBag from /home/airflow/.local/lib/python3.11/site-packages/airflow/example_dags/example_workday_timetable.py
[2025-05-01T10:05:22.589+0000] {processor.py:925} INFO - DAG(s) 'example_workday_timetable' retrieved from /home/airflow/.local/lib/python3.11/site-packages/airflow/example_dags/example_workday_timetable.py
[2025-05-01T10:05:22.646+0000] {logging_mixin.py:190} INFO - [2025-05-01T10:05:22.646+0000] {dag.py:3239} INFO - Sync 1 DAGs
[2025-05-01T10:05:22.786+0000] {logging_mixin.py:190} INFO - [2025-05-01T10:05:22.785+0000] {dag.py:4180} INFO - Setting next_dagrun for example_workday_timetable to 2021-01-04 00:00:00+00:00, run_after=2021-01-05 00:00:00+00:00
[2025-05-01T10:05:22.819+0000] {processor.py:208} INFO - Processing /home/airflow/.local/lib/python3.11/site-packages/airflow/example_dags/example_workday_timetable.py took 0.284 seconds
[2025-05-01T10:05:53.684+0000] {processor.py:186} INFO - Started process (PID=539) to work on /home/airflow/.local/lib/python3.11/site-packages/airflow/example_dags/example_workday_timetable.py
[2025-05-01T10:05:53.686+0000] {processor.py:914} INFO - Processing file /home/airflow/.local/lib/python3.11/site-packages/airflow/example_dags/example_workday_timetable.py for tasks to queue
[2025-05-01T10:05:53.689+0000] {logging_mixin.py:190} INFO - [2025-05-01T10:05:53.688+0000] {dagbag.py:588} INFO - Filling up the DagBag from /home/airflow/.local/lib/python3.11/site-packages/airflow/example_dags/example_workday_timetable.py
[2025-05-01T10:05:53.701+0000] {processor.py:925} INFO - DAG(s) 'example_workday_timetable' retrieved from /home/airflow/.local/lib/python3.11/site-packages/airflow/example_dags/example_workday_timetable.py
[2025-05-01T10:05:53.727+0000] {logging_mixin.py:190} INFO - [2025-05-01T10:05:53.726+0000] {dag.py:3239} INFO - Sync 1 DAGs
[2025-05-01T10:05:53.799+0000] {logging_mixin.py:190} INFO - [2025-05-01T10:05:53.798+0000] {dag.py:4180} INFO - Setting next_dagrun for example_workday_timetable to 2021-01-04 00:00:00+00:00, run_after=2021-01-05 00:00:00+00:00
[2025-05-01T10:05:53.810+0000] {processor.py:208} INFO - Processing /home/airflow/.local/lib/python3.11/site-packages/airflow/example_dags/example_workday_timetable.py took 0.147 seconds
[2025-05-01T10:06:24.698+0000] {processor.py:186} INFO - Started process (PID=612) to work on /home/airflow/.local/lib/python3.11/site-packages/airflow/example_dags/example_workday_timetable.py
[2025-05-01T10:06:24.700+0000] {processor.py:914} INFO - Processing file /home/airflow/.local/lib/python3.11/site-packages/airflow/example_dags/example_workday_timetable.py for tasks to queue
[2025-05-01T10:06:24.703+0000] {logging_mixin.py:190} INFO - [2025-05-01T10:06:24.703+0000] {dagbag.py:588} INFO - Filling up the DagBag from /home/airflow/.local/lib/python3.11/site-packages/airflow/example_dags/example_workday_timetable.py
[2025-05-01T10:06:24.712+0000] {processor.py:925} INFO - DAG(s) 'example_workday_timetable' retrieved from /home/airflow/.local/lib/python3.11/site-packages/airflow/example_dags/example_workday_timetable.py
[2025-05-01T10:06:24.729+0000] {logging_mixin.py:190} INFO - [2025-05-01T10:06:24.729+0000] {dag.py:3239} INFO - Sync 1 DAGs
[2025-05-01T10:06:24.830+0000] {logging_mixin.py:190} INFO - [2025-05-01T10:06:24.829+0000] {dag.py:4180} INFO - Setting next_dagrun for example_workday_timetable to 2021-01-04 00:00:00+00:00, run_after=2021-01-05 00:00:00+00:00
[2025-05-01T10:06:24.849+0000] {processor.py:208} INFO - Processing /home/airflow/.local/lib/python3.11/site-packages/airflow/example_dags/example_workday_timetable.py took 0.160 seconds
[2025-05-01T10:06:55.654+0000] {processor.py:186} INFO - Started process (PID=685) to work on /home/airflow/.local/lib/python3.11/site-packages/airflow/example_dags/example_workday_timetable.py
[2025-05-01T10:06:55.660+0000] {processor.py:914} INFO - Processing file /home/airflow/.local/lib/python3.11/site-packages/airflow/example_dags/example_workday_timetable.py for tasks to queue
[2025-05-01T10:06:55.665+0000] {logging_mixin.py:190} INFO - [2025-05-01T10:06:55.665+0000] {dagbag.py:588} INFO - Filling up the DagBag from /home/airflow/.local/lib/python3.11/site-packages/airflow/example_dags/example_workday_timetable.py
[2025-05-01T10:06:55.692+0000] {processor.py:925} INFO - DAG(s) 'example_workday_timetable' retrieved from /home/airflow/.local/lib/python3.11/site-packages/airflow/example_dags/example_workday_timetable.py
[2025-05-01T10:06:55.756+0000] {logging_mixin.py:190} INFO - [2025-05-01T10:06:55.755+0000] {dag.py:3239} INFO - Sync 1 DAGs
[2025-05-01T10:06:56.122+0000] {logging_mixin.py:190} INFO - [2025-05-01T10:06:56.120+0000] {dag.py:4180} INFO - Setting next_dagrun for example_workday_timetable to 2021-01-04 00:00:00+00:00, run_after=2021-01-05 00:00:00+00:00
[2025-05-01T10:06:56.145+0000] {processor.py:208} INFO - Processing /home/airflow/.local/lib/python3.11/site-packages/airflow/example_dags/example_workday_timetable.py took 0.505 seconds
[2025-05-01T10:07:26.730+0000] {processor.py:186} INFO - Started process (PID=758) to work on /home/airflow/.local/lib/python3.11/site-packages/airflow/example_dags/example_workday_timetable.py
[2025-05-01T10:07:26.735+0000] {processor.py:914} INFO - Processing file /home/airflow/.local/lib/python3.11/site-packages/airflow/example_dags/example_workday_timetable.py for tasks to queue
[2025-05-01T10:07:26.740+0000] {logging_mixin.py:190} INFO - [2025-05-01T10:07:26.740+0000] {dagbag.py:588} INFO - Filling up the DagBag from /home/airflow/.local/lib/python3.11/site-packages/airflow/example_dags/example_workday_timetable.py
[2025-05-01T10:07:26.752+0000] {processor.py:925} INFO - DAG(s) 'example_workday_timetable' retrieved from /home/airflow/.local/lib/python3.11/site-packages/airflow/example_dags/example_workday_timetable.py
[2025-05-01T10:07:26.779+0000] {logging_mixin.py:190} INFO - [2025-05-01T10:07:26.779+0000] {dag.py:3239} INFO - Sync 1 DAGs
[2025-05-01T10:07:26.832+0000] {logging_mixin.py:190} INFO - [2025-05-01T10:07:26.832+0000] {dag.py:4180} INFO - Setting next_dagrun for example_workday_timetable to 2021-01-04 00:00:00+00:00, run_after=2021-01-05 00:00:00+00:00
[2025-05-01T10:07:26.852+0000] {processor.py:208} INFO - Processing /home/airflow/.local/lib/python3.11/site-packages/airflow/example_dags/example_workday_timetable.py took 0.137 seconds
[2025-05-01T10:07:57.007+0000] {processor.py:186} INFO - Started process (PID=830) to work on /home/airflow/.local/lib/python3.11/site-packages/airflow/example_dags/example_workday_timetable.py
[2025-05-01T10:07:57.010+0000] {processor.py:914} INFO - Processing file /home/airflow/.local/lib/python3.11/site-packages/airflow/example_dags/example_workday_timetable.py for tasks to queue
[2025-05-01T10:07:57.013+0000] {logging_mixin.py:190} INFO - [2025-05-01T10:07:57.012+0000] {dagbag.py:588} INFO - Filling up the DagBag from /home/airflow/.local/lib/python3.11/site-packages/airflow/example_dags/example_workday_timetable.py
[2025-05-01T10:07:57.019+0000] {processor.py:925} INFO - DAG(s) 'example_workday_timetable' retrieved from /home/airflow/.local/lib/python3.11/site-packages/airflow/example_dags/example_workday_timetable.py
[2025-05-01T10:07:57.038+0000] {logging_mixin.py:190} INFO - [2025-05-01T10:07:57.038+0000] {dag.py:3239} INFO - Sync 1 DAGs
[2025-05-01T10:07:57.090+0000] {logging_mixin.py:190} INFO - [2025-05-01T10:07:57.090+0000] {dag.py:4180} INFO - Setting next_dagrun for example_workday_timetable to 2021-01-04 00:00:00+00:00, run_after=2021-01-05 00:00:00+00:00
[2025-05-01T10:07:57.101+0000] {processor.py:208} INFO - Processing /home/airflow/.local/lib/python3.11/site-packages/airflow/example_dags/example_workday_timetable.py took 0.106 seconds
[2025-05-01T10:08:27.289+0000] {processor.py:186} INFO - Started process (PID=903) to work on /home/airflow/.local/lib/python3.11/site-packages/airflow/example_dags/example_workday_timetable.py
[2025-05-01T10:08:27.291+0000] {processor.py:914} INFO - Processing file /home/airflow/.local/lib/python3.11/site-packages/airflow/example_dags/example_workday_timetable.py for tasks to queue
[2025-05-01T10:08:27.293+0000] {logging_mixin.py:190} INFO - [2025-05-01T10:08:27.293+0000] {dagbag.py:588} INFO - Filling up the DagBag from /home/airflow/.local/lib/python3.11/site-packages/airflow/example_dags/example_workday_timetable.py
[2025-05-01T10:08:27.298+0000] {processor.py:925} INFO - DAG(s) 'example_workday_timetable' retrieved from /home/airflow/.local/lib/python3.11/site-packages/airflow/example_dags/example_workday_timetable.py
[2025-05-01T10:08:27.320+0000] {logging_mixin.py:190} INFO - [2025-05-01T10:08:27.320+0000] {dag.py:3239} INFO - Sync 1 DAGs
[2025-05-01T10:08:27.378+0000] {logging_mixin.py:190} INFO - [2025-05-01T10:08:27.378+0000] {dag.py:4180} INFO - Setting next_dagrun for example_workday_timetable to 2021-01-04 00:00:00+00:00, run_after=2021-01-05 00:00:00+00:00
[2025-05-01T10:08:27.385+0000] {processor.py:208} INFO - Processing /home/airflow/.local/lib/python3.11/site-packages/airflow/example_dags/example_workday_timetable.py took 0.109 seconds
[2025-05-01T10:08:57.602+0000] {processor.py:186} INFO - Started process (PID=975) to work on /home/airflow/.local/lib/python3.11/site-packages/airflow/example_dags/example_workday_timetable.py
[2025-05-01T10:08:57.603+0000] {processor.py:914} INFO - Processing file /home/airflow/.local/lib/python3.11/site-packages/airflow/example_dags/example_workday_timetable.py for tasks to queue
[2025-05-01T10:08:57.607+0000] {logging_mixin.py:190} INFO - [2025-05-01T10:08:57.607+0000] {dagbag.py:588} INFO - Filling up the DagBag from /home/airflow/.local/lib/python3.11/site-packages/airflow/example_dags/example_workday_timetable.py
[2025-05-01T10:08:57.615+0000] {processor.py:925} INFO - DAG(s) 'example_workday_timetable' retrieved from /home/airflow/.local/lib/python3.11/site-packages/airflow/example_dags/example_workday_timetable.py
[2025-05-01T10:08:57.641+0000] {logging_mixin.py:190} INFO - [2025-05-01T10:08:57.641+0000] {dag.py:3239} INFO - Sync 1 DAGs
[2025-05-01T10:08:57.709+0000] {logging_mixin.py:190} INFO - [2025-05-01T10:08:57.709+0000] {dag.py:4180} INFO - Setting next_dagrun for example_workday_timetable to 2021-01-04 00:00:00+00:00, run_after=2021-01-05 00:00:00+00:00
[2025-05-01T10:08:57.720+0000] {processor.py:208} INFO - Processing /home/airflow/.local/lib/python3.11/site-packages/airflow/example_dags/example_workday_timetable.py took 0.127 seconds
[2025-05-01T10:09:27.887+0000] {processor.py:186} INFO - Started process (PID=1048) to work on /home/airflow/.local/lib/python3.11/site-packages/airflow/example_dags/example_workday_timetable.py
[2025-05-01T10:09:27.893+0000] {processor.py:914} INFO - Processing file /home/airflow/.local/lib/python3.11/site-packages/airflow/example_dags/example_workday_timetable.py for tasks to queue
[2025-05-01T10:09:27.895+0000] {logging_mixin.py:190} INFO - [2025-05-01T10:09:27.895+0000] {dagbag.py:588} INFO - Filling up the DagBag from /home/airflow/.local/lib/python3.11/site-packages/airflow/example_dags/example_workday_timetable.py
[2025-05-01T10:09:27.904+0000] {processor.py:925} INFO - DAG(s) 'example_workday_timetable' retrieved from /home/airflow/.local/lib/python3.11/site-packages/airflow/example_dags/example_workday_timetable.py
[2025-05-01T10:09:27.918+0000] {logging_mixin.py:190} INFO - [2025-05-01T10:09:27.918+0000] {dag.py:3239} INFO - Sync 1 DAGs
[2025-05-01T10:09:27.953+0000] {logging_mixin.py:190} INFO - [2025-05-01T10:09:27.953+0000] {dag.py:4180} INFO - Setting next_dagrun for example_workday_timetable to 2021-01-04 00:00:00+00:00, run_after=2021-01-05 00:00:00+00:00
[2025-05-01T10:09:27.960+0000] {processor.py:208} INFO - Processing /home/airflow/.local/lib/python3.11/site-packages/airflow/example_dags/example_workday_timetable.py took 0.082 seconds
[2025-05-01T10:09:57.980+0000] {processor.py:186} INFO - Started process (PID=1121) to work on /home/airflow/.local/lib/python3.11/site-packages/airflow/example_dags/example_workday_timetable.py
[2025-05-01T10:09:57.981+0000] {processor.py:914} INFO - Processing file /home/airflow/.local/lib/python3.11/site-packages/airflow/example_dags/example_workday_timetable.py for tasks to queue
[2025-05-01T10:09:57.984+0000] {logging_mixin.py:190} INFO - [2025-05-01T10:09:57.984+0000] {dagbag.py:588} INFO - Filling up the DagBag from /home/airflow/.local/lib/python3.11/site-packages/airflow/example_dags/example_workday_timetable.py
[2025-05-01T10:09:57.989+0000] {processor.py:925} INFO - DAG(s) 'example_workday_timetable' retrieved from /home/airflow/.local/lib/python3.11/site-packages/airflow/example_dags/example_workday_timetable.py
[2025-05-01T10:09:58.003+0000] {logging_mixin.py:190} INFO - [2025-05-01T10:09:58.003+0000] {dag.py:3239} INFO - Sync 1 DAGs
[2025-05-01T10:09:58.044+0000] {logging_mixin.py:190} INFO - [2025-05-01T10:09:58.044+0000] {dag.py:4180} INFO - Setting next_dagrun for example_workday_timetable to 2021-01-04 00:00:00+00:00, run_after=2021-01-05 00:00:00+00:00
[2025-05-01T10:09:58.053+0000] {processor.py:208} INFO - Processing /home/airflow/.local/lib/python3.11/site-packages/airflow/example_dags/example_workday_timetable.py took 0.080 seconds
[2025-05-01T10:10:28.106+0000] {processor.py:186} INFO - Started process (PID=1193) to work on /home/airflow/.local/lib/python3.11/site-packages/airflow/example_dags/example_workday_timetable.py
[2025-05-01T10:10:28.107+0000] {processor.py:914} INFO - Processing file /home/airflow/.local/lib/python3.11/site-packages/airflow/example_dags/example_workday_timetable.py for tasks to queue
[2025-05-01T10:10:28.108+0000] {logging_mixin.py:190} INFO - [2025-05-01T10:10:28.108+0000] {dagbag.py:588} INFO - Filling up the DagBag from /home/airflow/.local/lib/python3.11/site-packages/airflow/example_dags/example_workday_timetable.py
[2025-05-01T10:10:28.111+0000] {processor.py:925} INFO - DAG(s) 'example_workday_timetable' retrieved from /home/airflow/.local/lib/python3.11/site-packages/airflow/example_dags/example_workday_timetable.py
[2025-05-01T10:10:28.119+0000] {logging_mixin.py:190} INFO - [2025-05-01T10:10:28.119+0000] {dag.py:3239} INFO - Sync 1 DAGs
[2025-05-01T10:10:28.153+0000] {logging_mixin.py:190} INFO - [2025-05-01T10:10:28.153+0000] {dag.py:4180} INFO - Setting next_dagrun for example_workday_timetable to 2021-01-04 00:00:00+00:00, run_after=2021-01-05 00:00:00+00:00
[2025-05-01T10:10:28.161+0000] {processor.py:208} INFO - Processing /home/airflow/.local/lib/python3.11/site-packages/airflow/example_dags/example_workday_timetable.py took 0.058 seconds
[2025-05-01T10:10:58.403+0000] {processor.py:186} INFO - Started process (PID=1266) to work on /home/airflow/.local/lib/python3.11/site-packages/airflow/example_dags/example_workday_timetable.py
[2025-05-01T10:10:58.407+0000] {processor.py:914} INFO - Processing file /home/airflow/.local/lib/python3.11/site-packages/airflow/example_dags/example_workday_timetable.py for tasks to queue
[2025-05-01T10:10:58.411+0000] {logging_mixin.py:190} INFO - [2025-05-01T10:10:58.411+0000] {dagbag.py:588} INFO - Filling up the DagBag from /home/airflow/.local/lib/python3.11/site-packages/airflow/example_dags/example_workday_timetable.py
[2025-05-01T10:10:58.417+0000] {processor.py:925} INFO - DAG(s) 'example_workday_timetable' retrieved from /home/airflow/.local/lib/python3.11/site-packages/airflow/example_dags/example_workday_timetable.py
[2025-05-01T10:10:58.438+0000] {logging_mixin.py:190} INFO - [2025-05-01T10:10:58.438+0000] {dag.py:3239} INFO - Sync 1 DAGs
[2025-05-01T10:10:58.501+0000] {logging_mixin.py:190} INFO - [2025-05-01T10:10:58.501+0000] {dag.py:4180} INFO - Setting next_dagrun for example_workday_timetable to 2021-01-04 00:00:00+00:00, run_after=2021-01-05 00:00:00+00:00
[2025-05-01T10:10:58.519+0000] {processor.py:208} INFO - Processing /home/airflow/.local/lib/python3.11/site-packages/airflow/example_dags/example_workday_timetable.py took 0.123 seconds
[2025-05-01T10:21:40.127+0000] {processor.py:186} INFO - Started process (PID=1341) to work on /home/airflow/.local/lib/python3.11/site-packages/airflow/example_dags/example_workday_timetable.py
[2025-05-01T10:21:40.127+0000] {processor.py:914} INFO - Processing file /home/airflow/.local/lib/python3.11/site-packages/airflow/example_dags/example_workday_timetable.py for tasks to queue
[2025-05-01T10:21:40.129+0000] {logging_mixin.py:190} INFO - [2025-05-01T10:21:40.129+0000] {dagbag.py:588} INFO - Filling up the DagBag from /home/airflow/.local/lib/python3.11/site-packages/airflow/example_dags/example_workday_timetable.py
[2025-05-01T10:21:40.133+0000] {processor.py:925} INFO - DAG(s) 'example_workday_timetable' retrieved from /home/airflow/.local/lib/python3.11/site-packages/airflow/example_dags/example_workday_timetable.py
[2025-05-01T10:21:40.165+0000] {logging_mixin.py:190} INFO - [2025-05-01T10:21:40.164+0000] {dag.py:3239} INFO - Sync 1 DAGs
[2025-05-01T10:21:40.208+0000] {logging_mixin.py:190} INFO - [2025-05-01T10:21:40.208+0000] {dag.py:4180} INFO - Setting next_dagrun for example_workday_timetable to 2021-01-04 00:00:00+00:00, run_after=2021-01-05 00:00:00+00:00
[2025-05-01T10:21:40.220+0000] {processor.py:208} INFO - Processing /home/airflow/.local/lib/python3.11/site-packages/airflow/example_dags/example_workday_timetable.py took 0.099 seconds
