[2025-05-01T10:02:43.408+0000] {processor.py:186} INFO - Started process (PID=99) to work on /home/airflow/.local/lib/python3.11/site-packages/airflow/example_dags/example_dynamic_task_mapping.py
[2025-05-01T10:02:43.409+0000] {processor.py:914} INFO - Processing file /home/airflow/.local/lib/python3.11/site-packages/airflow/example_dags/example_dynamic_task_mapping.py for tasks to queue
[2025-05-01T10:02:43.411+0000] {logging_mixin.py:190} INFO - [2025-05-01T10:02:43.411+0000] {dagbag.py:588} INFO - Filling up the DagBag from /home/airflow/.local/lib/python3.11/site-packages/airflow/example_dags/example_dynamic_task_mapping.py
[2025-05-01T10:02:43.422+0000] {processor.py:925} INFO - DAG(s) 'example_dynamic_task_mapping' retrieved from /home/airflow/.local/lib/python3.11/site-packages/airflow/example_dags/example_dynamic_task_mapping.py
[2025-05-01T10:02:43.448+0000] {logging_mixin.py:190} INFO - [2025-05-01T10:02:43.448+0000] {dag.py:3239} INFO - Sync 1 DAGs
[2025-05-01T10:02:43.461+0000] {logging_mixin.py:190} INFO - [2025-05-01T10:02:43.461+0000] {dag.py:4180} INFO - Setting next_dagrun for example_dynamic_task_mapping to None, run_after=None
[2025-05-01T10:02:43.481+0000] {processor.py:208} INFO - Processing /home/airflow/.local/lib/python3.11/site-packages/airflow/example_dags/example_dynamic_task_mapping.py took 0.081 seconds
[2025-05-01T10:03:13.810+0000] {processor.py:186} INFO - Started process (PID=164) to work on /home/airflow/.local/lib/python3.11/site-packages/airflow/example_dags/example_dynamic_task_mapping.py
[2025-05-01T10:03:13.811+0000] {processor.py:914} INFO - Processing file /home/airflow/.local/lib/python3.11/site-packages/airflow/example_dags/example_dynamic_task_mapping.py for tasks to queue
[2025-05-01T10:03:13.814+0000] {logging_mixin.py:190} INFO - [2025-05-01T10:03:13.813+0000] {dagbag.py:588} INFO - Filling up the DagBag from /home/airflow/.local/lib/python3.11/site-packages/airflow/example_dags/example_dynamic_task_mapping.py
[2025-05-01T10:03:13.822+0000] {processor.py:925} INFO - DAG(s) 'example_dynamic_task_mapping' retrieved from /home/airflow/.local/lib/python3.11/site-packages/airflow/example_dags/example_dynamic_task_mapping.py
[2025-05-01T10:03:13.836+0000] {logging_mixin.py:190} INFO - [2025-05-01T10:03:13.836+0000] {dag.py:3239} INFO - Sync 1 DAGs
[2025-05-01T10:03:13.844+0000] {logging_mixin.py:190} INFO - [2025-05-01T10:03:13.844+0000] {dag.py:4180} INFO - Setting next_dagrun for example_dynamic_task_mapping to None, run_after=None
[2025-05-01T10:03:13.854+0000] {processor.py:208} INFO - Processing /home/airflow/.local/lib/python3.11/site-packages/airflow/example_dags/example_dynamic_task_mapping.py took 0.048 seconds
[2025-05-01T10:03:44.692+0000] {processor.py:186} INFO - Started process (PID=237) to work on /home/airflow/.local/lib/python3.11/site-packages/airflow/example_dags/example_dynamic_task_mapping.py
[2025-05-01T10:03:44.693+0000] {processor.py:914} INFO - Processing file /home/airflow/.local/lib/python3.11/site-packages/airflow/example_dags/example_dynamic_task_mapping.py for tasks to queue
[2025-05-01T10:03:44.697+0000] {logging_mixin.py:190} INFO - [2025-05-01T10:03:44.697+0000] {dagbag.py:588} INFO - Filling up the DagBag from /home/airflow/.local/lib/python3.11/site-packages/airflow/example_dags/example_dynamic_task_mapping.py
[2025-05-01T10:03:44.707+0000] {processor.py:925} INFO - DAG(s) 'example_dynamic_task_mapping' retrieved from /home/airflow/.local/lib/python3.11/site-packages/airflow/example_dags/example_dynamic_task_mapping.py
[2025-05-01T10:03:44.724+0000] {logging_mixin.py:190} INFO - [2025-05-01T10:03:44.724+0000] {dag.py:3239} INFO - Sync 1 DAGs
[2025-05-01T10:03:44.741+0000] {logging_mixin.py:190} INFO - [2025-05-01T10:03:44.740+0000] {dag.py:4180} INFO - Setting next_dagrun for example_dynamic_task_mapping to None, run_after=None
[2025-05-01T10:03:44.749+0000] {processor.py:208} INFO - Processing /home/airflow/.local/lib/python3.11/site-packages/airflow/example_dags/example_dynamic_task_mapping.py took 0.067 seconds
[2025-05-01T10:04:14.810+0000] {processor.py:186} INFO - Started process (PID=309) to work on /home/airflow/.local/lib/python3.11/site-packages/airflow/example_dags/example_dynamic_task_mapping.py
[2025-05-01T10:04:14.813+0000] {processor.py:914} INFO - Processing file /home/airflow/.local/lib/python3.11/site-packages/airflow/example_dags/example_dynamic_task_mapping.py for tasks to queue
[2025-05-01T10:04:14.818+0000] {logging_mixin.py:190} INFO - [2025-05-01T10:04:14.818+0000] {dagbag.py:588} INFO - Filling up the DagBag from /home/airflow/.local/lib/python3.11/site-packages/airflow/example_dags/example_dynamic_task_mapping.py
[2025-05-01T10:04:14.828+0000] {processor.py:925} INFO - DAG(s) 'example_dynamic_task_mapping' retrieved from /home/airflow/.local/lib/python3.11/site-packages/airflow/example_dags/example_dynamic_task_mapping.py
[2025-05-01T10:04:14.848+0000] {logging_mixin.py:190} INFO - [2025-05-01T10:04:14.848+0000] {dag.py:3239} INFO - Sync 1 DAGs
[2025-05-01T10:04:14.857+0000] {logging_mixin.py:190} INFO - [2025-05-01T10:04:14.857+0000] {dag.py:4180} INFO - Setting next_dagrun for example_dynamic_task_mapping to None, run_after=None
[2025-05-01T10:04:14.884+0000] {processor.py:208} INFO - Processing /home/airflow/.local/lib/python3.11/site-packages/airflow/example_dags/example_dynamic_task_mapping.py took 0.082 seconds
[2025-05-01T10:04:45.828+0000] {processor.py:186} INFO - Started process (PID=383) to work on /home/airflow/.local/lib/python3.11/site-packages/airflow/example_dags/example_dynamic_task_mapping.py
[2025-05-01T10:04:45.829+0000] {processor.py:914} INFO - Processing file /home/airflow/.local/lib/python3.11/site-packages/airflow/example_dags/example_dynamic_task_mapping.py for tasks to queue
[2025-05-01T10:04:45.832+0000] {logging_mixin.py:190} INFO - [2025-05-01T10:04:45.832+0000] {dagbag.py:588} INFO - Filling up the DagBag from /home/airflow/.local/lib/python3.11/site-packages/airflow/example_dags/example_dynamic_task_mapping.py
[2025-05-01T10:04:45.839+0000] {processor.py:925} INFO - DAG(s) 'example_dynamic_task_mapping' retrieved from /home/airflow/.local/lib/python3.11/site-packages/airflow/example_dags/example_dynamic_task_mapping.py
[2025-05-01T10:04:45.854+0000] {logging_mixin.py:190} INFO - [2025-05-01T10:04:45.854+0000] {dag.py:3239} INFO - Sync 1 DAGs
[2025-05-01T10:04:45.864+0000] {logging_mixin.py:190} INFO - [2025-05-01T10:04:45.864+0000] {dag.py:4180} INFO - Setting next_dagrun for example_dynamic_task_mapping to None, run_after=None
[2025-05-01T10:04:45.875+0000] {processor.py:208} INFO - Processing /home/airflow/.local/lib/python3.11/site-packages/airflow/example_dags/example_dynamic_task_mapping.py took 0.050 seconds
[2025-05-01T10:05:17.004+0000] {processor.py:186} INFO - Started process (PID=456) to work on /home/airflow/.local/lib/python3.11/site-packages/airflow/example_dags/example_dynamic_task_mapping.py
[2025-05-01T10:05:17.005+0000] {processor.py:914} INFO - Processing file /home/airflow/.local/lib/python3.11/site-packages/airflow/example_dags/example_dynamic_task_mapping.py for tasks to queue
[2025-05-01T10:05:17.007+0000] {logging_mixin.py:190} INFO - [2025-05-01T10:05:17.007+0000] {dagbag.py:588} INFO - Filling up the DagBag from /home/airflow/.local/lib/python3.11/site-packages/airflow/example_dags/example_dynamic_task_mapping.py
[2025-05-01T10:05:17.021+0000] {processor.py:925} INFO - DAG(s) 'example_dynamic_task_mapping' retrieved from /home/airflow/.local/lib/python3.11/site-packages/airflow/example_dags/example_dynamic_task_mapping.py
[2025-05-01T10:05:17.038+0000] {logging_mixin.py:190} INFO - [2025-05-01T10:05:17.038+0000] {dag.py:3239} INFO - Sync 1 DAGs
[2025-05-01T10:05:17.047+0000] {logging_mixin.py:190} INFO - [2025-05-01T10:05:17.047+0000] {dag.py:4180} INFO - Setting next_dagrun for example_dynamic_task_mapping to None, run_after=None
[2025-05-01T10:05:17.055+0000] {processor.py:208} INFO - Processing /home/airflow/.local/lib/python3.11/site-packages/airflow/example_dags/example_dynamic_task_mapping.py took 0.065 seconds
[2025-05-01T10:05:48.367+0000] {processor.py:186} INFO - Started process (PID=529) to work on /home/airflow/.local/lib/python3.11/site-packages/airflow/example_dags/example_dynamic_task_mapping.py
[2025-05-01T10:05:48.374+0000] {processor.py:914} INFO - Processing file /home/airflow/.local/lib/python3.11/site-packages/airflow/example_dags/example_dynamic_task_mapping.py for tasks to queue
[2025-05-01T10:05:48.395+0000] {logging_mixin.py:190} INFO - [2025-05-01T10:05:48.395+0000] {dagbag.py:588} INFO - Filling up the DagBag from /home/airflow/.local/lib/python3.11/site-packages/airflow/example_dags/example_dynamic_task_mapping.py
[2025-05-01T10:05:48.474+0000] {processor.py:925} INFO - DAG(s) 'example_dynamic_task_mapping' retrieved from /home/airflow/.local/lib/python3.11/site-packages/airflow/example_dags/example_dynamic_task_mapping.py
[2025-05-01T10:05:48.555+0000] {logging_mixin.py:190} INFO - [2025-05-01T10:05:48.554+0000] {dag.py:3239} INFO - Sync 1 DAGs
[2025-05-01T10:05:48.601+0000] {logging_mixin.py:190} INFO - [2025-05-01T10:05:48.601+0000] {dag.py:4180} INFO - Setting next_dagrun for example_dynamic_task_mapping to None, run_after=None
[2025-05-01T10:05:48.640+0000] {processor.py:208} INFO - Processing /home/airflow/.local/lib/python3.11/site-packages/airflow/example_dags/example_dynamic_task_mapping.py took 0.293 seconds
[2025-05-01T10:06:19.928+0000] {processor.py:186} INFO - Started process (PID=602) to work on /home/airflow/.local/lib/python3.11/site-packages/airflow/example_dags/example_dynamic_task_mapping.py
[2025-05-01T10:06:19.930+0000] {processor.py:914} INFO - Processing file /home/airflow/.local/lib/python3.11/site-packages/airflow/example_dags/example_dynamic_task_mapping.py for tasks to queue
[2025-05-01T10:06:19.934+0000] {logging_mixin.py:190} INFO - [2025-05-01T10:06:19.934+0000] {dagbag.py:588} INFO - Filling up the DagBag from /home/airflow/.local/lib/python3.11/site-packages/airflow/example_dags/example_dynamic_task_mapping.py
[2025-05-01T10:06:19.988+0000] {processor.py:925} INFO - DAG(s) 'example_dynamic_task_mapping' retrieved from /home/airflow/.local/lib/python3.11/site-packages/airflow/example_dags/example_dynamic_task_mapping.py
[2025-05-01T10:06:20.052+0000] {logging_mixin.py:190} INFO - [2025-05-01T10:06:20.052+0000] {dag.py:3239} INFO - Sync 1 DAGs
[2025-05-01T10:06:20.077+0000] {logging_mixin.py:190} INFO - [2025-05-01T10:06:20.077+0000] {dag.py:4180} INFO - Setting next_dagrun for example_dynamic_task_mapping to None, run_after=None
[2025-05-01T10:06:20.133+0000] {processor.py:208} INFO - Processing /home/airflow/.local/lib/python3.11/site-packages/airflow/example_dags/example_dynamic_task_mapping.py took 0.218 seconds
[2025-05-01T10:06:51.083+0000] {processor.py:186} INFO - Started process (PID=674) to work on /home/airflow/.local/lib/python3.11/site-packages/airflow/example_dags/example_dynamic_task_mapping.py
[2025-05-01T10:06:51.085+0000] {processor.py:914} INFO - Processing file /home/airflow/.local/lib/python3.11/site-packages/airflow/example_dags/example_dynamic_task_mapping.py for tasks to queue
[2025-05-01T10:06:51.101+0000] {logging_mixin.py:190} INFO - [2025-05-01T10:06:51.099+0000] {dagbag.py:588} INFO - Filling up the DagBag from /home/airflow/.local/lib/python3.11/site-packages/airflow/example_dags/example_dynamic_task_mapping.py
[2025-05-01T10:06:51.158+0000] {processor.py:925} INFO - DAG(s) 'example_dynamic_task_mapping' retrieved from /home/airflow/.local/lib/python3.11/site-packages/airflow/example_dags/example_dynamic_task_mapping.py
[2025-05-01T10:06:51.237+0000] {logging_mixin.py:190} INFO - [2025-05-01T10:06:51.237+0000] {dag.py:3239} INFO - Sync 1 DAGs
[2025-05-01T10:06:51.282+0000] {logging_mixin.py:190} INFO - [2025-05-01T10:06:51.282+0000] {dag.py:4180} INFO - Setting next_dagrun for example_dynamic_task_mapping to None, run_after=None
[2025-05-01T10:06:51.317+0000] {processor.py:208} INFO - Processing /home/airflow/.local/lib/python3.11/site-packages/airflow/example_dags/example_dynamic_task_mapping.py took 0.271 seconds
[2025-05-01T10:07:22.121+0000] {processor.py:186} INFO - Started process (PID=747) to work on /home/airflow/.local/lib/python3.11/site-packages/airflow/example_dags/example_dynamic_task_mapping.py
[2025-05-01T10:07:22.125+0000] {processor.py:914} INFO - Processing file /home/airflow/.local/lib/python3.11/site-packages/airflow/example_dags/example_dynamic_task_mapping.py for tasks to queue
[2025-05-01T10:07:22.129+0000] {logging_mixin.py:190} INFO - [2025-05-01T10:07:22.128+0000] {dagbag.py:588} INFO - Filling up the DagBag from /home/airflow/.local/lib/python3.11/site-packages/airflow/example_dags/example_dynamic_task_mapping.py
[2025-05-01T10:07:22.140+0000] {processor.py:925} INFO - DAG(s) 'example_dynamic_task_mapping' retrieved from /home/airflow/.local/lib/python3.11/site-packages/airflow/example_dags/example_dynamic_task_mapping.py
[2025-05-01T10:07:22.162+0000] {logging_mixin.py:190} INFO - [2025-05-01T10:07:22.162+0000] {dag.py:3239} INFO - Sync 1 DAGs
[2025-05-01T10:07:22.175+0000] {logging_mixin.py:190} INFO - [2025-05-01T10:07:22.174+0000] {dag.py:4180} INFO - Setting next_dagrun for example_dynamic_task_mapping to None, run_after=None
[2025-05-01T10:07:22.187+0000] {processor.py:208} INFO - Processing /home/airflow/.local/lib/python3.11/site-packages/airflow/example_dags/example_dynamic_task_mapping.py took 0.076 seconds
[2025-05-01T10:07:52.461+0000] {processor.py:186} INFO - Started process (PID=820) to work on /home/airflow/.local/lib/python3.11/site-packages/airflow/example_dags/example_dynamic_task_mapping.py
[2025-05-01T10:07:52.464+0000] {processor.py:914} INFO - Processing file /home/airflow/.local/lib/python3.11/site-packages/airflow/example_dags/example_dynamic_task_mapping.py for tasks to queue
[2025-05-01T10:07:52.469+0000] {logging_mixin.py:190} INFO - [2025-05-01T10:07:52.469+0000] {dagbag.py:588} INFO - Filling up the DagBag from /home/airflow/.local/lib/python3.11/site-packages/airflow/example_dags/example_dynamic_task_mapping.py
[2025-05-01T10:07:52.484+0000] {processor.py:925} INFO - DAG(s) 'example_dynamic_task_mapping' retrieved from /home/airflow/.local/lib/python3.11/site-packages/airflow/example_dags/example_dynamic_task_mapping.py
[2025-05-01T10:07:52.509+0000] {logging_mixin.py:190} INFO - [2025-05-01T10:07:52.509+0000] {dag.py:3239} INFO - Sync 1 DAGs
[2025-05-01T10:07:52.523+0000] {logging_mixin.py:190} INFO - [2025-05-01T10:07:52.523+0000] {dag.py:4180} INFO - Setting next_dagrun for example_dynamic_task_mapping to None, run_after=None
[2025-05-01T10:07:52.536+0000] {processor.py:208} INFO - Processing /home/airflow/.local/lib/python3.11/site-packages/airflow/example_dags/example_dynamic_task_mapping.py took 0.087 seconds
[2025-05-01T10:08:22.752+0000] {processor.py:186} INFO - Started process (PID=893) to work on /home/airflow/.local/lib/python3.11/site-packages/airflow/example_dags/example_dynamic_task_mapping.py
[2025-05-01T10:08:22.754+0000] {processor.py:914} INFO - Processing file /home/airflow/.local/lib/python3.11/site-packages/airflow/example_dags/example_dynamic_task_mapping.py for tasks to queue
[2025-05-01T10:08:22.757+0000] {logging_mixin.py:190} INFO - [2025-05-01T10:08:22.757+0000] {dagbag.py:588} INFO - Filling up the DagBag from /home/airflow/.local/lib/python3.11/site-packages/airflow/example_dags/example_dynamic_task_mapping.py
[2025-05-01T10:08:22.770+0000] {processor.py:925} INFO - DAG(s) 'example_dynamic_task_mapping' retrieved from /home/airflow/.local/lib/python3.11/site-packages/airflow/example_dags/example_dynamic_task_mapping.py
[2025-05-01T10:08:22.795+0000] {logging_mixin.py:190} INFO - [2025-05-01T10:08:22.795+0000] {dag.py:3239} INFO - Sync 1 DAGs
[2025-05-01T10:08:22.811+0000] {logging_mixin.py:190} INFO - [2025-05-01T10:08:22.810+0000] {dag.py:4180} INFO - Setting next_dagrun for example_dynamic_task_mapping to None, run_after=None
[2025-05-01T10:08:22.828+0000] {processor.py:208} INFO - Processing /home/airflow/.local/lib/python3.11/site-packages/airflow/example_dags/example_dynamic_task_mapping.py took 0.086 seconds
[2025-05-01T10:08:53.070+0000] {processor.py:186} INFO - Started process (PID=965) to work on /home/airflow/.local/lib/python3.11/site-packages/airflow/example_dags/example_dynamic_task_mapping.py
[2025-05-01T10:08:53.077+0000] {processor.py:914} INFO - Processing file /home/airflow/.local/lib/python3.11/site-packages/airflow/example_dags/example_dynamic_task_mapping.py for tasks to queue
[2025-05-01T10:08:53.079+0000] {logging_mixin.py:190} INFO - [2025-05-01T10:08:53.079+0000] {dagbag.py:588} INFO - Filling up the DagBag from /home/airflow/.local/lib/python3.11/site-packages/airflow/example_dags/example_dynamic_task_mapping.py
[2025-05-01T10:08:53.097+0000] {processor.py:925} INFO - DAG(s) 'example_dynamic_task_mapping' retrieved from /home/airflow/.local/lib/python3.11/site-packages/airflow/example_dags/example_dynamic_task_mapping.py
[2025-05-01T10:08:53.132+0000] {logging_mixin.py:190} INFO - [2025-05-01T10:08:53.131+0000] {dag.py:3239} INFO - Sync 1 DAGs
[2025-05-01T10:08:53.146+0000] {logging_mixin.py:190} INFO - [2025-05-01T10:08:53.145+0000] {dag.py:4180} INFO - Setting next_dagrun for example_dynamic_task_mapping to None, run_after=None
[2025-05-01T10:08:53.168+0000] {processor.py:208} INFO - Processing /home/airflow/.local/lib/python3.11/site-packages/airflow/example_dags/example_dynamic_task_mapping.py took 0.112 seconds
[2025-05-01T10:09:23.330+0000] {processor.py:186} INFO - Started process (PID=1038) to work on /home/airflow/.local/lib/python3.11/site-packages/airflow/example_dags/example_dynamic_task_mapping.py
[2025-05-01T10:09:23.332+0000] {processor.py:914} INFO - Processing file /home/airflow/.local/lib/python3.11/site-packages/airflow/example_dags/example_dynamic_task_mapping.py for tasks to queue
[2025-05-01T10:09:23.336+0000] {logging_mixin.py:190} INFO - [2025-05-01T10:09:23.335+0000] {dagbag.py:588} INFO - Filling up the DagBag from /home/airflow/.local/lib/python3.11/site-packages/airflow/example_dags/example_dynamic_task_mapping.py
[2025-05-01T10:09:23.347+0000] {processor.py:925} INFO - DAG(s) 'example_dynamic_task_mapping' retrieved from /home/airflow/.local/lib/python3.11/site-packages/airflow/example_dags/example_dynamic_task_mapping.py
[2025-05-01T10:09:23.371+0000] {logging_mixin.py:190} INFO - [2025-05-01T10:09:23.371+0000] {dag.py:3239} INFO - Sync 1 DAGs
[2025-05-01T10:09:23.385+0000] {logging_mixin.py:190} INFO - [2025-05-01T10:09:23.385+0000] {dag.py:4180} INFO - Setting next_dagrun for example_dynamic_task_mapping to None, run_after=None
[2025-05-01T10:09:23.396+0000] {processor.py:208} INFO - Processing /home/airflow/.local/lib/python3.11/site-packages/airflow/example_dags/example_dynamic_task_mapping.py took 0.074 seconds
[2025-05-01T10:09:53.461+0000] {processor.py:186} INFO - Started process (PID=1110) to work on /home/airflow/.local/lib/python3.11/site-packages/airflow/example_dags/example_dynamic_task_mapping.py
[2025-05-01T10:09:53.465+0000] {processor.py:914} INFO - Processing file /home/airflow/.local/lib/python3.11/site-packages/airflow/example_dags/example_dynamic_task_mapping.py for tasks to queue
[2025-05-01T10:09:53.470+0000] {logging_mixin.py:190} INFO - [2025-05-01T10:09:53.469+0000] {dagbag.py:588} INFO - Filling up the DagBag from /home/airflow/.local/lib/python3.11/site-packages/airflow/example_dags/example_dynamic_task_mapping.py
[2025-05-01T10:09:53.493+0000] {processor.py:925} INFO - DAG(s) 'example_dynamic_task_mapping' retrieved from /home/airflow/.local/lib/python3.11/site-packages/airflow/example_dags/example_dynamic_task_mapping.py
[2025-05-01T10:09:53.511+0000] {logging_mixin.py:190} INFO - [2025-05-01T10:09:53.511+0000] {dag.py:3239} INFO - Sync 1 DAGs
[2025-05-01T10:09:53.520+0000] {logging_mixin.py:190} INFO - [2025-05-01T10:09:53.520+0000] {dag.py:4180} INFO - Setting next_dagrun for example_dynamic_task_mapping to None, run_after=None
[2025-05-01T10:09:53.528+0000] {processor.py:208} INFO - Processing /home/airflow/.local/lib/python3.11/site-packages/airflow/example_dags/example_dynamic_task_mapping.py took 0.085 seconds
[2025-05-01T10:10:23.642+0000] {processor.py:186} INFO - Started process (PID=1184) to work on /home/airflow/.local/lib/python3.11/site-packages/airflow/example_dags/example_dynamic_task_mapping.py
[2025-05-01T10:10:23.646+0000] {processor.py:914} INFO - Processing file /home/airflow/.local/lib/python3.11/site-packages/airflow/example_dags/example_dynamic_task_mapping.py for tasks to queue
[2025-05-01T10:10:23.649+0000] {logging_mixin.py:190} INFO - [2025-05-01T10:10:23.649+0000] {dagbag.py:588} INFO - Filling up the DagBag from /home/airflow/.local/lib/python3.11/site-packages/airflow/example_dags/example_dynamic_task_mapping.py
[2025-05-01T10:10:23.668+0000] {processor.py:925} INFO - DAG(s) 'example_dynamic_task_mapping' retrieved from /home/airflow/.local/lib/python3.11/site-packages/airflow/example_dags/example_dynamic_task_mapping.py
[2025-05-01T10:10:23.690+0000] {logging_mixin.py:190} INFO - [2025-05-01T10:10:23.690+0000] {dag.py:3239} INFO - Sync 1 DAGs
[2025-05-01T10:10:23.700+0000] {logging_mixin.py:190} INFO - [2025-05-01T10:10:23.699+0000] {dag.py:4180} INFO - Setting next_dagrun for example_dynamic_task_mapping to None, run_after=None
[2025-05-01T10:10:23.714+0000] {processor.py:208} INFO - Processing /home/airflow/.local/lib/python3.11/site-packages/airflow/example_dags/example_dynamic_task_mapping.py took 0.084 seconds
[2025-05-01T10:10:53.957+0000] {processor.py:186} INFO - Started process (PID=1257) to work on /home/airflow/.local/lib/python3.11/site-packages/airflow/example_dags/example_dynamic_task_mapping.py
[2025-05-01T10:10:53.959+0000] {processor.py:914} INFO - Processing file /home/airflow/.local/lib/python3.11/site-packages/airflow/example_dags/example_dynamic_task_mapping.py for tasks to queue
[2025-05-01T10:10:53.962+0000] {logging_mixin.py:190} INFO - [2025-05-01T10:10:53.962+0000] {dagbag.py:588} INFO - Filling up the DagBag from /home/airflow/.local/lib/python3.11/site-packages/airflow/example_dags/example_dynamic_task_mapping.py
[2025-05-01T10:10:53.976+0000] {processor.py:925} INFO - DAG(s) 'example_dynamic_task_mapping' retrieved from /home/airflow/.local/lib/python3.11/site-packages/airflow/example_dags/example_dynamic_task_mapping.py
[2025-05-01T10:10:53.997+0000] {logging_mixin.py:190} INFO - [2025-05-01T10:10:53.997+0000] {dag.py:3239} INFO - Sync 1 DAGs
[2025-05-01T10:10:54.009+0000] {logging_mixin.py:190} INFO - [2025-05-01T10:10:54.009+0000] {dag.py:4180} INFO - Setting next_dagrun for example_dynamic_task_mapping to None, run_after=None
[2025-05-01T10:10:54.020+0000] {processor.py:208} INFO - Processing /home/airflow/.local/lib/python3.11/site-packages/airflow/example_dags/example_dynamic_task_mapping.py took 0.071 seconds
[2025-05-01T10:21:38.405+0000] {processor.py:186} INFO - Started process (PID=1331) to work on /home/airflow/.local/lib/python3.11/site-packages/airflow/example_dags/example_dynamic_task_mapping.py
[2025-05-01T10:21:38.406+0000] {processor.py:914} INFO - Processing file /home/airflow/.local/lib/python3.11/site-packages/airflow/example_dags/example_dynamic_task_mapping.py for tasks to queue
[2025-05-01T10:21:38.408+0000] {logging_mixin.py:190} INFO - [2025-05-01T10:21:38.407+0000] {dagbag.py:588} INFO - Filling up the DagBag from /home/airflow/.local/lib/python3.11/site-packages/airflow/example_dags/example_dynamic_task_mapping.py
[2025-05-01T10:21:38.412+0000] {processor.py:925} INFO - DAG(s) 'example_dynamic_task_mapping' retrieved from /home/airflow/.local/lib/python3.11/site-packages/airflow/example_dags/example_dynamic_task_mapping.py
[2025-05-01T10:21:38.424+0000] {logging_mixin.py:190} INFO - [2025-05-01T10:21:38.424+0000] {dag.py:3239} INFO - Sync 1 DAGs
[2025-05-01T10:21:38.432+0000] {logging_mixin.py:190} INFO - [2025-05-01T10:21:38.432+0000] {dag.py:4180} INFO - Setting next_dagrun for example_dynamic_task_mapping to None, run_after=None
[2025-05-01T10:21:38.446+0000] {processor.py:208} INFO - Processing /home/airflow/.local/lib/python3.11/site-packages/airflow/example_dags/example_dynamic_task_mapping.py took 0.044 seconds
