[2025-05-01T10:02:40.583+0000] {processor.py:186} INFO - Started process (PID=90) to work on /home/airflow/.local/lib/python3.11/site-packages/airflow/example_dags/example_branch_operator_decorator.py
[2025-05-01T10:02:40.584+0000] {processor.py:914} INFO - Processing file /home/airflow/.local/lib/python3.11/site-packages/airflow/example_dags/example_branch_operator_decorator.py for tasks to queue
[2025-05-01T10:02:40.588+0000] {logging_mixin.py:190} INFO - [2025-05-01T10:02:40.587+0000] {dagbag.py:588} INFO - Filling up the DagBag from /home/airflow/.local/lib/python3.11/site-packages/airflow/example_dags/example_branch_operator_decorator.py
[2025-05-01T10:02:40.611+0000] {processor.py:925} INFO - DAG(s) 'example_branch_python_operator_decorator' retrieved from /home/airflow/.local/lib/python3.11/site-packages/airflow/example_dags/example_branch_operator_decorator.py
[2025-05-01T10:02:40.846+0000] {logging_mixin.py:190} INFO - [2025-05-01T10:02:40.845+0000] {dag.py:3239} INFO - Sync 1 DAGs
[2025-05-01T10:02:40.863+0000] {logging_mixin.py:190} INFO - [2025-05-01T10:02:40.863+0000] {dag.py:4180} INFO - Setting next_dagrun for example_branch_python_operator_decorator to 2025-04-30 00:00:00+00:00, run_after=2025-05-01 00:00:00+00:00
[2025-05-01T10:02:40.894+0000] {processor.py:208} INFO - Processing /home/airflow/.local/lib/python3.11/site-packages/airflow/example_dags/example_branch_operator_decorator.py took 0.318 seconds
[2025-05-01T10:03:11.651+0000] {processor.py:186} INFO - Started process (PID=155) to work on /home/airflow/.local/lib/python3.11/site-packages/airflow/example_dags/example_branch_operator_decorator.py
[2025-05-01T10:03:11.652+0000] {processor.py:914} INFO - Processing file /home/airflow/.local/lib/python3.11/site-packages/airflow/example_dags/example_branch_operator_decorator.py for tasks to queue
[2025-05-01T10:03:11.654+0000] {logging_mixin.py:190} INFO - [2025-05-01T10:03:11.653+0000] {dagbag.py:588} INFO - Filling up the DagBag from /home/airflow/.local/lib/python3.11/site-packages/airflow/example_dags/example_branch_operator_decorator.py
[2025-05-01T10:03:11.674+0000] {processor.py:925} INFO - DAG(s) 'example_branch_python_operator_decorator' retrieved from /home/airflow/.local/lib/python3.11/site-packages/airflow/example_dags/example_branch_operator_decorator.py
[2025-05-01T10:03:11.691+0000] {logging_mixin.py:190} INFO - [2025-05-01T10:03:11.691+0000] {dag.py:3239} INFO - Sync 1 DAGs
[2025-05-01T10:03:11.702+0000] {logging_mixin.py:190} INFO - [2025-05-01T10:03:11.702+0000] {dag.py:4180} INFO - Setting next_dagrun for example_branch_python_operator_decorator to 2025-04-30 00:00:00+00:00, run_after=2025-05-01 00:00:00+00:00
[2025-05-01T10:03:11.709+0000] {processor.py:208} INFO - Processing /home/airflow/.local/lib/python3.11/site-packages/airflow/example_dags/example_branch_operator_decorator.py took 0.065 seconds
[2025-05-01T10:03:42.517+0000] {processor.py:186} INFO - Started process (PID=228) to work on /home/airflow/.local/lib/python3.11/site-packages/airflow/example_dags/example_branch_operator_decorator.py
[2025-05-01T10:03:42.519+0000] {processor.py:914} INFO - Processing file /home/airflow/.local/lib/python3.11/site-packages/airflow/example_dags/example_branch_operator_decorator.py for tasks to queue
[2025-05-01T10:03:42.521+0000] {logging_mixin.py:190} INFO - [2025-05-01T10:03:42.520+0000] {dagbag.py:588} INFO - Filling up the DagBag from /home/airflow/.local/lib/python3.11/site-packages/airflow/example_dags/example_branch_operator_decorator.py
[2025-05-01T10:03:42.544+0000] {processor.py:925} INFO - DAG(s) 'example_branch_python_operator_decorator' retrieved from /home/airflow/.local/lib/python3.11/site-packages/airflow/example_dags/example_branch_operator_decorator.py
[2025-05-01T10:03:42.560+0000] {logging_mixin.py:190} INFO - [2025-05-01T10:03:42.560+0000] {dag.py:3239} INFO - Sync 1 DAGs
[2025-05-01T10:03:42.572+0000] {logging_mixin.py:190} INFO - [2025-05-01T10:03:42.572+0000] {dag.py:4180} INFO - Setting next_dagrun for example_branch_python_operator_decorator to 2025-04-30 00:00:00+00:00, run_after=2025-05-01 00:00:00+00:00
[2025-05-01T10:03:42.580+0000] {processor.py:208} INFO - Processing /home/airflow/.local/lib/python3.11/site-packages/airflow/example_dags/example_branch_operator_decorator.py took 0.068 seconds
[2025-05-01T10:04:12.682+0000] {processor.py:186} INFO - Started process (PID=301) to work on /home/airflow/.local/lib/python3.11/site-packages/airflow/example_dags/example_branch_operator_decorator.py
[2025-05-01T10:04:12.684+0000] {processor.py:914} INFO - Processing file /home/airflow/.local/lib/python3.11/site-packages/airflow/example_dags/example_branch_operator_decorator.py for tasks to queue
[2025-05-01T10:04:12.685+0000] {logging_mixin.py:190} INFO - [2025-05-01T10:04:12.685+0000] {dagbag.py:588} INFO - Filling up the DagBag from /home/airflow/.local/lib/python3.11/site-packages/airflow/example_dags/example_branch_operator_decorator.py
[2025-05-01T10:04:12.704+0000] {processor.py:925} INFO - DAG(s) 'example_branch_python_operator_decorator' retrieved from /home/airflow/.local/lib/python3.11/site-packages/airflow/example_dags/example_branch_operator_decorator.py
[2025-05-01T10:04:12.722+0000] {logging_mixin.py:190} INFO - [2025-05-01T10:04:12.722+0000] {dag.py:3239} INFO - Sync 1 DAGs
[2025-05-01T10:04:12.737+0000] {logging_mixin.py:190} INFO - [2025-05-01T10:04:12.736+0000] {dag.py:4180} INFO - Setting next_dagrun for example_branch_python_operator_decorator to 2025-04-30 00:00:00+00:00, run_after=2025-05-01 00:00:00+00:00
[2025-05-01T10:04:12.748+0000] {processor.py:208} INFO - Processing /home/airflow/.local/lib/python3.11/site-packages/airflow/example_dags/example_branch_operator_decorator.py took 0.072 seconds
[2025-05-01T10:04:43.411+0000] {processor.py:186} INFO - Started process (PID=374) to work on /home/airflow/.local/lib/python3.11/site-packages/airflow/example_dags/example_branch_operator_decorator.py
[2025-05-01T10:04:43.412+0000] {processor.py:914} INFO - Processing file /home/airflow/.local/lib/python3.11/site-packages/airflow/example_dags/example_branch_operator_decorator.py for tasks to queue
[2025-05-01T10:04:43.415+0000] {logging_mixin.py:190} INFO - [2025-05-01T10:04:43.414+0000] {dagbag.py:588} INFO - Filling up the DagBag from /home/airflow/.local/lib/python3.11/site-packages/airflow/example_dags/example_branch_operator_decorator.py
[2025-05-01T10:04:43.457+0000] {processor.py:925} INFO - DAG(s) 'example_branch_python_operator_decorator' retrieved from /home/airflow/.local/lib/python3.11/site-packages/airflow/example_dags/example_branch_operator_decorator.py
[2025-05-01T10:04:43.515+0000] {logging_mixin.py:190} INFO - [2025-05-01T10:04:43.515+0000] {dag.py:3239} INFO - Sync 1 DAGs
[2025-05-01T10:04:43.542+0000] {logging_mixin.py:190} INFO - [2025-05-01T10:04:43.542+0000] {dag.py:4180} INFO - Setting next_dagrun for example_branch_python_operator_decorator to 2025-04-30 00:00:00+00:00, run_after=2025-05-01 00:00:00+00:00
[2025-05-01T10:04:43.574+0000] {processor.py:208} INFO - Processing /home/airflow/.local/lib/python3.11/site-packages/airflow/example_dags/example_branch_operator_decorator.py took 0.170 seconds
[2025-05-01T10:05:13.644+0000] {processor.py:186} INFO - Started process (PID=453) to work on /home/airflow/.local/lib/python3.11/site-packages/airflow/example_dags/example_branch_operator_decorator.py
[2025-05-01T10:05:13.644+0000] {processor.py:914} INFO - Processing file /home/airflow/.local/lib/python3.11/site-packages/airflow/example_dags/example_branch_operator_decorator.py for tasks to queue
[2025-05-01T10:05:13.646+0000] {logging_mixin.py:190} INFO - [2025-05-01T10:05:13.646+0000] {dagbag.py:588} INFO - Filling up the DagBag from /home/airflow/.local/lib/python3.11/site-packages/airflow/example_dags/example_branch_operator_decorator.py
[2025-05-01T10:05:13.664+0000] {processor.py:925} INFO - DAG(s) 'example_branch_python_operator_decorator' retrieved from /home/airflow/.local/lib/python3.11/site-packages/airflow/example_dags/example_branch_operator_decorator.py
[2025-05-01T10:05:13.684+0000] {logging_mixin.py:190} INFO - [2025-05-01T10:05:13.684+0000] {dag.py:3239} INFO - Sync 1 DAGs
[2025-05-01T10:05:13.698+0000] {logging_mixin.py:190} INFO - [2025-05-01T10:05:13.698+0000] {dag.py:4180} INFO - Setting next_dagrun for example_branch_python_operator_decorator to 2025-04-30 00:00:00+00:00, run_after=2025-05-01 00:00:00+00:00
[2025-05-01T10:05:13.707+0000] {processor.py:208} INFO - Processing /home/airflow/.local/lib/python3.11/site-packages/airflow/example_dags/example_branch_operator_decorator.py took 0.067 seconds
[2025-05-01T10:05:44.719+0000] {processor.py:186} INFO - Started process (PID=526) to work on /home/airflow/.local/lib/python3.11/site-packages/airflow/example_dags/example_branch_operator_decorator.py
[2025-05-01T10:05:44.720+0000] {processor.py:914} INFO - Processing file /home/airflow/.local/lib/python3.11/site-packages/airflow/example_dags/example_branch_operator_decorator.py for tasks to queue
[2025-05-01T10:05:44.722+0000] {logging_mixin.py:190} INFO - [2025-05-01T10:05:44.722+0000] {dagbag.py:588} INFO - Filling up the DagBag from /home/airflow/.local/lib/python3.11/site-packages/airflow/example_dags/example_branch_operator_decorator.py
[2025-05-01T10:05:44.756+0000] {processor.py:925} INFO - DAG(s) 'example_branch_python_operator_decorator' retrieved from /home/airflow/.local/lib/python3.11/site-packages/airflow/example_dags/example_branch_operator_decorator.py
[2025-05-01T10:05:44.802+0000] {logging_mixin.py:190} INFO - [2025-05-01T10:05:44.802+0000] {dag.py:3239} INFO - Sync 1 DAGs
[2025-05-01T10:05:44.815+0000] {logging_mixin.py:190} INFO - [2025-05-01T10:05:44.815+0000] {dag.py:4180} INFO - Setting next_dagrun for example_branch_python_operator_decorator to 2025-04-30 00:00:00+00:00, run_after=2025-05-01 00:00:00+00:00
[2025-05-01T10:05:44.823+0000] {processor.py:208} INFO - Processing /home/airflow/.local/lib/python3.11/site-packages/airflow/example_dags/example_branch_operator_decorator.py took 0.108 seconds
[2025-05-01T10:06:15.064+0000] {processor.py:186} INFO - Started process (PID=599) to work on /home/airflow/.local/lib/python3.11/site-packages/airflow/example_dags/example_branch_operator_decorator.py
[2025-05-01T10:06:15.068+0000] {processor.py:914} INFO - Processing file /home/airflow/.local/lib/python3.11/site-packages/airflow/example_dags/example_branch_operator_decorator.py for tasks to queue
[2025-05-01T10:06:15.070+0000] {logging_mixin.py:190} INFO - [2025-05-01T10:06:15.070+0000] {dagbag.py:588} INFO - Filling up the DagBag from /home/airflow/.local/lib/python3.11/site-packages/airflow/example_dags/example_branch_operator_decorator.py
[2025-05-01T10:06:15.164+0000] {processor.py:925} INFO - DAG(s) 'example_branch_python_operator_decorator' retrieved from /home/airflow/.local/lib/python3.11/site-packages/airflow/example_dags/example_branch_operator_decorator.py
[2025-05-01T10:06:15.233+0000] {logging_mixin.py:190} INFO - [2025-05-01T10:06:15.232+0000] {dag.py:3239} INFO - Sync 1 DAGs
[2025-05-01T10:06:15.264+0000] {logging_mixin.py:190} INFO - [2025-05-01T10:06:15.264+0000] {dag.py:4180} INFO - Setting next_dagrun for example_branch_python_operator_decorator to 2025-04-30 00:00:00+00:00, run_after=2025-05-01 00:00:00+00:00
[2025-05-01T10:06:15.276+0000] {processor.py:208} INFO - Processing /home/airflow/.local/lib/python3.11/site-packages/airflow/example_dags/example_branch_operator_decorator.py took 0.236 seconds
[2025-05-01T10:06:45.614+0000] {processor.py:186} INFO - Started process (PID=672) to work on /home/airflow/.local/lib/python3.11/site-packages/airflow/example_dags/example_branch_operator_decorator.py
[2025-05-01T10:06:45.615+0000] {processor.py:914} INFO - Processing file /home/airflow/.local/lib/python3.11/site-packages/airflow/example_dags/example_branch_operator_decorator.py for tasks to queue
[2025-05-01T10:06:45.617+0000] {logging_mixin.py:190} INFO - [2025-05-01T10:06:45.617+0000] {dagbag.py:588} INFO - Filling up the DagBag from /home/airflow/.local/lib/python3.11/site-packages/airflow/example_dags/example_branch_operator_decorator.py
[2025-05-01T10:06:45.651+0000] {processor.py:925} INFO - DAG(s) 'example_branch_python_operator_decorator' retrieved from /home/airflow/.local/lib/python3.11/site-packages/airflow/example_dags/example_branch_operator_decorator.py
[2025-05-01T10:06:45.713+0000] {logging_mixin.py:190} INFO - [2025-05-01T10:06:45.713+0000] {dag.py:3239} INFO - Sync 1 DAGs
[2025-05-01T10:06:45.730+0000] {logging_mixin.py:190} INFO - [2025-05-01T10:06:45.730+0000] {dag.py:4180} INFO - Setting next_dagrun for example_branch_python_operator_decorator to 2025-04-30 00:00:00+00:00, run_after=2025-05-01 00:00:00+00:00
[2025-05-01T10:06:45.737+0000] {processor.py:208} INFO - Processing /home/airflow/.local/lib/python3.11/site-packages/airflow/example_dags/example_branch_operator_decorator.py took 0.132 seconds
[2025-05-01T10:07:16.014+0000] {processor.py:186} INFO - Started process (PID=745) to work on /home/airflow/.local/lib/python3.11/site-packages/airflow/example_dags/example_branch_operator_decorator.py
[2025-05-01T10:07:16.015+0000] {processor.py:914} INFO - Processing file /home/airflow/.local/lib/python3.11/site-packages/airflow/example_dags/example_branch_operator_decorator.py for tasks to queue
[2025-05-01T10:07:16.016+0000] {logging_mixin.py:190} INFO - [2025-05-01T10:07:16.016+0000] {dagbag.py:588} INFO - Filling up the DagBag from /home/airflow/.local/lib/python3.11/site-packages/airflow/example_dags/example_branch_operator_decorator.py
[2025-05-01T10:07:16.028+0000] {processor.py:925} INFO - DAG(s) 'example_branch_python_operator_decorator' retrieved from /home/airflow/.local/lib/python3.11/site-packages/airflow/example_dags/example_branch_operator_decorator.py
[2025-05-01T10:07:16.044+0000] {logging_mixin.py:190} INFO - [2025-05-01T10:07:16.044+0000] {dag.py:3239} INFO - Sync 1 DAGs
[2025-05-01T10:07:16.054+0000] {logging_mixin.py:190} INFO - [2025-05-01T10:07:16.053+0000] {dag.py:4180} INFO - Setting next_dagrun for example_branch_python_operator_decorator to 2025-04-30 00:00:00+00:00, run_after=2025-05-01 00:00:00+00:00
[2025-05-01T10:07:16.062+0000] {processor.py:208} INFO - Processing /home/airflow/.local/lib/python3.11/site-packages/airflow/example_dags/example_branch_operator_decorator.py took 0.050 seconds
[2025-05-01T10:07:46.289+0000] {processor.py:186} INFO - Started process (PID=818) to work on /home/airflow/.local/lib/python3.11/site-packages/airflow/example_dags/example_branch_operator_decorator.py
[2025-05-01T10:07:46.291+0000] {processor.py:914} INFO - Processing file /home/airflow/.local/lib/python3.11/site-packages/airflow/example_dags/example_branch_operator_decorator.py for tasks to queue
[2025-05-01T10:07:46.294+0000] {logging_mixin.py:190} INFO - [2025-05-01T10:07:46.293+0000] {dagbag.py:588} INFO - Filling up the DagBag from /home/airflow/.local/lib/python3.11/site-packages/airflow/example_dags/example_branch_operator_decorator.py
[2025-05-01T10:07:46.309+0000] {processor.py:925} INFO - DAG(s) 'example_branch_python_operator_decorator' retrieved from /home/airflow/.local/lib/python3.11/site-packages/airflow/example_dags/example_branch_operator_decorator.py
[2025-05-01T10:07:46.331+0000] {logging_mixin.py:190} INFO - [2025-05-01T10:07:46.330+0000] {dag.py:3239} INFO - Sync 1 DAGs
[2025-05-01T10:07:46.341+0000] {logging_mixin.py:190} INFO - [2025-05-01T10:07:46.341+0000] {dag.py:4180} INFO - Setting next_dagrun for example_branch_python_operator_decorator to 2025-04-30 00:00:00+00:00, run_after=2025-05-01 00:00:00+00:00
[2025-05-01T10:07:46.350+0000] {processor.py:208} INFO - Processing /home/airflow/.local/lib/python3.11/site-packages/airflow/example_dags/example_branch_operator_decorator.py took 0.064 seconds
[2025-05-01T10:08:17.639+0000] {processor.py:186} INFO - Started process (PID=891) to work on /home/airflow/.local/lib/python3.11/site-packages/airflow/example_dags/example_branch_operator_decorator.py
[2025-05-01T10:08:17.640+0000] {processor.py:914} INFO - Processing file /home/airflow/.local/lib/python3.11/site-packages/airflow/example_dags/example_branch_operator_decorator.py for tasks to queue
[2025-05-01T10:08:17.641+0000] {logging_mixin.py:190} INFO - [2025-05-01T10:08:17.641+0000] {dagbag.py:588} INFO - Filling up the DagBag from /home/airflow/.local/lib/python3.11/site-packages/airflow/example_dags/example_branch_operator_decorator.py
[2025-05-01T10:08:17.653+0000] {processor.py:925} INFO - DAG(s) 'example_branch_python_operator_decorator' retrieved from /home/airflow/.local/lib/python3.11/site-packages/airflow/example_dags/example_branch_operator_decorator.py
[2025-05-01T10:08:17.669+0000] {logging_mixin.py:190} INFO - [2025-05-01T10:08:17.669+0000] {dag.py:3239} INFO - Sync 1 DAGs
[2025-05-01T10:08:17.679+0000] {logging_mixin.py:190} INFO - [2025-05-01T10:08:17.679+0000] {dag.py:4180} INFO - Setting next_dagrun for example_branch_python_operator_decorator to 2025-04-30 00:00:00+00:00, run_after=2025-05-01 00:00:00+00:00
[2025-05-01T10:08:17.687+0000] {processor.py:208} INFO - Processing /home/airflow/.local/lib/python3.11/site-packages/airflow/example_dags/example_branch_operator_decorator.py took 0.050 seconds
[2025-05-01T10:08:47.884+0000] {processor.py:186} INFO - Started process (PID=963) to work on /home/airflow/.local/lib/python3.11/site-packages/airflow/example_dags/example_branch_operator_decorator.py
[2025-05-01T10:08:47.885+0000] {processor.py:914} INFO - Processing file /home/airflow/.local/lib/python3.11/site-packages/airflow/example_dags/example_branch_operator_decorator.py for tasks to queue
[2025-05-01T10:08:47.886+0000] {logging_mixin.py:190} INFO - [2025-05-01T10:08:47.886+0000] {dagbag.py:588} INFO - Filling up the DagBag from /home/airflow/.local/lib/python3.11/site-packages/airflow/example_dags/example_branch_operator_decorator.py
[2025-05-01T10:08:47.900+0000] {processor.py:925} INFO - DAG(s) 'example_branch_python_operator_decorator' retrieved from /home/airflow/.local/lib/python3.11/site-packages/airflow/example_dags/example_branch_operator_decorator.py
[2025-05-01T10:08:47.915+0000] {logging_mixin.py:190} INFO - [2025-05-01T10:08:47.915+0000] {dag.py:3239} INFO - Sync 1 DAGs
[2025-05-01T10:08:47.927+0000] {logging_mixin.py:190} INFO - [2025-05-01T10:08:47.927+0000] {dag.py:4180} INFO - Setting next_dagrun for example_branch_python_operator_decorator to 2025-04-30 00:00:00+00:00, run_after=2025-05-01 00:00:00+00:00
[2025-05-01T10:08:47.941+0000] {processor.py:208} INFO - Processing /home/airflow/.local/lib/python3.11/site-packages/airflow/example_dags/example_branch_operator_decorator.py took 0.063 seconds
[2025-05-01T10:09:18.127+0000] {processor.py:186} INFO - Started process (PID=1036) to work on /home/airflow/.local/lib/python3.11/site-packages/airflow/example_dags/example_branch_operator_decorator.py
[2025-05-01T10:09:18.129+0000] {processor.py:914} INFO - Processing file /home/airflow/.local/lib/python3.11/site-packages/airflow/example_dags/example_branch_operator_decorator.py for tasks to queue
[2025-05-01T10:09:18.131+0000] {logging_mixin.py:190} INFO - [2025-05-01T10:09:18.131+0000] {dagbag.py:588} INFO - Filling up the DagBag from /home/airflow/.local/lib/python3.11/site-packages/airflow/example_dags/example_branch_operator_decorator.py
[2025-05-01T10:09:18.142+0000] {processor.py:925} INFO - DAG(s) 'example_branch_python_operator_decorator' retrieved from /home/airflow/.local/lib/python3.11/site-packages/airflow/example_dags/example_branch_operator_decorator.py
[2025-05-01T10:09:18.161+0000] {logging_mixin.py:190} INFO - [2025-05-01T10:09:18.161+0000] {dag.py:3239} INFO - Sync 1 DAGs
[2025-05-01T10:09:18.172+0000] {logging_mixin.py:190} INFO - [2025-05-01T10:09:18.172+0000] {dag.py:4180} INFO - Setting next_dagrun for example_branch_python_operator_decorator to 2025-04-30 00:00:00+00:00, run_after=2025-05-01 00:00:00+00:00
[2025-05-01T10:09:18.180+0000] {processor.py:208} INFO - Processing /home/airflow/.local/lib/python3.11/site-packages/airflow/example_dags/example_branch_operator_decorator.py took 0.057 seconds
[2025-05-01T10:09:49.234+0000] {processor.py:186} INFO - Started process (PID=1109) to work on /home/airflow/.local/lib/python3.11/site-packages/airflow/example_dags/example_branch_operator_decorator.py
[2025-05-01T10:09:49.235+0000] {processor.py:914} INFO - Processing file /home/airflow/.local/lib/python3.11/site-packages/airflow/example_dags/example_branch_operator_decorator.py for tasks to queue
[2025-05-01T10:09:49.236+0000] {logging_mixin.py:190} INFO - [2025-05-01T10:09:49.236+0000] {dagbag.py:588} INFO - Filling up the DagBag from /home/airflow/.local/lib/python3.11/site-packages/airflow/example_dags/example_branch_operator_decorator.py
[2025-05-01T10:09:49.246+0000] {processor.py:925} INFO - DAG(s) 'example_branch_python_operator_decorator' retrieved from /home/airflow/.local/lib/python3.11/site-packages/airflow/example_dags/example_branch_operator_decorator.py
[2025-05-01T10:09:49.257+0000] {logging_mixin.py:190} INFO - [2025-05-01T10:09:49.257+0000] {dag.py:3239} INFO - Sync 1 DAGs
[2025-05-01T10:09:49.267+0000] {logging_mixin.py:190} INFO - [2025-05-01T10:09:49.267+0000] {dag.py:4180} INFO - Setting next_dagrun for example_branch_python_operator_decorator to 2025-04-30 00:00:00+00:00, run_after=2025-05-01 00:00:00+00:00
[2025-05-01T10:09:49.273+0000] {processor.py:208} INFO - Processing /home/airflow/.local/lib/python3.11/site-packages/airflow/example_dags/example_branch_operator_decorator.py took 0.045 seconds
[2025-05-01T10:10:19.477+0000] {processor.py:186} INFO - Started process (PID=1175) to work on /home/airflow/.local/lib/python3.11/site-packages/airflow/example_dags/example_branch_operator_decorator.py
[2025-05-01T10:10:19.478+0000] {processor.py:914} INFO - Processing file /home/airflow/.local/lib/python3.11/site-packages/airflow/example_dags/example_branch_operator_decorator.py for tasks to queue
[2025-05-01T10:10:19.479+0000] {logging_mixin.py:190} INFO - [2025-05-01T10:10:19.479+0000] {dagbag.py:588} INFO - Filling up the DagBag from /home/airflow/.local/lib/python3.11/site-packages/airflow/example_dags/example_branch_operator_decorator.py
[2025-05-01T10:10:19.494+0000] {processor.py:925} INFO - DAG(s) 'example_branch_python_operator_decorator' retrieved from /home/airflow/.local/lib/python3.11/site-packages/airflow/example_dags/example_branch_operator_decorator.py
[2025-05-01T10:10:19.512+0000] {logging_mixin.py:190} INFO - [2025-05-01T10:10:19.512+0000] {dag.py:3239} INFO - Sync 1 DAGs
[2025-05-01T10:10:19.533+0000] {logging_mixin.py:190} INFO - [2025-05-01T10:10:19.533+0000] {dag.py:4180} INFO - Setting next_dagrun for example_branch_python_operator_decorator to 2025-04-30 00:00:00+00:00, run_after=2025-05-01 00:00:00+00:00
[2025-05-01T10:10:19.543+0000] {processor.py:208} INFO - Processing /home/airflow/.local/lib/python3.11/site-packages/airflow/example_dags/example_branch_operator_decorator.py took 0.071 seconds
[2025-05-01T10:10:49.790+0000] {processor.py:186} INFO - Started process (PID=1247) to work on /home/airflow/.local/lib/python3.11/site-packages/airflow/example_dags/example_branch_operator_decorator.py
[2025-05-01T10:10:49.791+0000] {processor.py:914} INFO - Processing file /home/airflow/.local/lib/python3.11/site-packages/airflow/example_dags/example_branch_operator_decorator.py for tasks to queue
[2025-05-01T10:10:49.793+0000] {logging_mixin.py:190} INFO - [2025-05-01T10:10:49.792+0000] {dagbag.py:588} INFO - Filling up the DagBag from /home/airflow/.local/lib/python3.11/site-packages/airflow/example_dags/example_branch_operator_decorator.py
[2025-05-01T10:10:49.815+0000] {processor.py:925} INFO - DAG(s) 'example_branch_python_operator_decorator' retrieved from /home/airflow/.local/lib/python3.11/site-packages/airflow/example_dags/example_branch_operator_decorator.py
[2025-05-01T10:10:49.838+0000] {logging_mixin.py:190} INFO - [2025-05-01T10:10:49.838+0000] {dag.py:3239} INFO - Sync 1 DAGs
[2025-05-01T10:10:49.849+0000] {logging_mixin.py:190} INFO - [2025-05-01T10:10:49.849+0000] {dag.py:4180} INFO - Setting next_dagrun for example_branch_python_operator_decorator to 2025-04-30 00:00:00+00:00, run_after=2025-05-01 00:00:00+00:00
[2025-05-01T10:10:49.856+0000] {processor.py:208} INFO - Processing /home/airflow/.local/lib/python3.11/site-packages/airflow/example_dags/example_branch_operator_decorator.py took 0.070 seconds
[2025-05-01T10:21:37.375+0000] {processor.py:186} INFO - Started process (PID=1323) to work on /home/airflow/.local/lib/python3.11/site-packages/airflow/example_dags/example_branch_operator_decorator.py
[2025-05-01T10:21:37.376+0000] {processor.py:914} INFO - Processing file /home/airflow/.local/lib/python3.11/site-packages/airflow/example_dags/example_branch_operator_decorator.py for tasks to queue
[2025-05-01T10:21:37.378+0000] {logging_mixin.py:190} INFO - [2025-05-01T10:21:37.378+0000] {dagbag.py:588} INFO - Filling up the DagBag from /home/airflow/.local/lib/python3.11/site-packages/airflow/example_dags/example_branch_operator_decorator.py
[2025-05-01T10:21:37.407+0000] {processor.py:925} INFO - DAG(s) 'example_branch_python_operator_decorator' retrieved from /home/airflow/.local/lib/python3.11/site-packages/airflow/example_dags/example_branch_operator_decorator.py
[2025-05-01T10:21:37.434+0000] {logging_mixin.py:190} INFO - [2025-05-01T10:21:37.434+0000] {dag.py:3239} INFO - Sync 1 DAGs
[2025-05-01T10:21:37.453+0000] {logging_mixin.py:190} INFO - [2025-05-01T10:21:37.453+0000] {dag.py:4180} INFO - Setting next_dagrun for example_branch_python_operator_decorator to 2025-04-30 00:00:00+00:00, run_after=2025-05-01 00:00:00+00:00
[2025-05-01T10:21:37.464+0000] {processor.py:208} INFO - Processing /home/airflow/.local/lib/python3.11/site-packages/airflow/example_dags/example_branch_operator_decorator.py took 0.102 seconds
