[2025-05-01T10:02:50.198+0000] {processor.py:186} INFO - Started process (PID=142) to work on /home/airflow/.local/lib/python3.11/site-packages/airflow/example_dags/example_python_decorator.py
[2025-05-01T10:02:50.203+0000] {processor.py:914} INFO - Processing file /home/airflow/.local/lib/python3.11/site-packages/airflow/example_dags/example_python_decorator.py for tasks to queue
[2025-05-01T10:02:50.207+0000] {logging_mixin.py:190} INFO - [2025-05-01T10:02:50.207+0000] {dagbag.py:588} INFO - Filling up the DagBag from /home/airflow/.local/lib/python3.11/site-packages/airflow/example_dags/example_python_decorator.py
[2025-05-01T10:02:50.239+0000] {processor.py:925} INFO - DAG(s) 'example_python_decorator' retrieved from /home/airflow/.local/lib/python3.11/site-packages/airflow/example_dags/example_python_decorator.py
[2025-05-01T10:02:50.400+0000] {logging_mixin.py:190} INFO - [2025-05-01T10:02:50.399+0000] {dag.py:3239} INFO - Sync 1 DAGs
[2025-05-01T10:02:50.416+0000] {logging_mixin.py:190} INFO - [2025-05-01T10:02:50.416+0000] {dag.py:4180} INFO - Setting next_dagrun for example_python_decorator to None, run_after=None
[2025-05-01T10:02:50.437+0000] {processor.py:208} INFO - Processing /home/airflow/.local/lib/python3.11/site-packages/airflow/example_dags/example_python_decorator.py took 0.251 seconds
[2025-05-01T10:03:21.452+0000] {processor.py:186} INFO - Started process (PID=215) to work on /home/airflow/.local/lib/python3.11/site-packages/airflow/example_dags/example_python_decorator.py
[2025-05-01T10:03:21.453+0000] {processor.py:914} INFO - Processing file /home/airflow/.local/lib/python3.11/site-packages/airflow/example_dags/example_python_decorator.py for tasks to queue
[2025-05-01T10:03:21.456+0000] {logging_mixin.py:190} INFO - [2025-05-01T10:03:21.456+0000] {dagbag.py:588} INFO - Filling up the DagBag from /home/airflow/.local/lib/python3.11/site-packages/airflow/example_dags/example_python_decorator.py
[2025-05-01T10:03:21.478+0000] {processor.py:925} INFO - DAG(s) 'example_python_decorator' retrieved from /home/airflow/.local/lib/python3.11/site-packages/airflow/example_dags/example_python_decorator.py
[2025-05-01T10:03:21.513+0000] {logging_mixin.py:190} INFO - [2025-05-01T10:03:21.513+0000] {dag.py:3239} INFO - Sync 1 DAGs
[2025-05-01T10:03:21.531+0000] {logging_mixin.py:190} INFO - [2025-05-01T10:03:21.531+0000] {dag.py:4180} INFO - Setting next_dagrun for example_python_decorator to None, run_after=None
[2025-05-01T10:03:21.543+0000] {processor.py:208} INFO - Processing /home/airflow/.local/lib/python3.11/site-packages/airflow/example_dags/example_python_decorator.py took 0.097 seconds
[2025-05-01T10:03:52.147+0000] {processor.py:186} INFO - Started process (PID=288) to work on /home/airflow/.local/lib/python3.11/site-packages/airflow/example_dags/example_python_decorator.py
[2025-05-01T10:03:52.150+0000] {processor.py:914} INFO - Processing file /home/airflow/.local/lib/python3.11/site-packages/airflow/example_dags/example_python_decorator.py for tasks to queue
[2025-05-01T10:03:52.154+0000] {logging_mixin.py:190} INFO - [2025-05-01T10:03:52.154+0000] {dagbag.py:588} INFO - Filling up the DagBag from /home/airflow/.local/lib/python3.11/site-packages/airflow/example_dags/example_python_decorator.py
[2025-05-01T10:03:52.167+0000] {processor.py:925} INFO - DAG(s) 'example_python_decorator' retrieved from /home/airflow/.local/lib/python3.11/site-packages/airflow/example_dags/example_python_decorator.py
[2025-05-01T10:03:52.187+0000] {logging_mixin.py:190} INFO - [2025-05-01T10:03:52.186+0000] {dag.py:3239} INFO - Sync 1 DAGs
[2025-05-01T10:03:52.196+0000] {logging_mixin.py:190} INFO - [2025-05-01T10:03:52.196+0000] {dag.py:4180} INFO - Setting next_dagrun for example_python_decorator to None, run_after=None
[2025-05-01T10:03:52.207+0000] {processor.py:208} INFO - Processing /home/airflow/.local/lib/python3.11/site-packages/airflow/example_dags/example_python_decorator.py took 0.067 seconds
[2025-05-01T10:04:22.332+0000] {processor.py:186} INFO - Started process (PID=360) to work on /home/airflow/.local/lib/python3.11/site-packages/airflow/example_dags/example_python_decorator.py
[2025-05-01T10:04:22.335+0000] {processor.py:914} INFO - Processing file /home/airflow/.local/lib/python3.11/site-packages/airflow/example_dags/example_python_decorator.py for tasks to queue
[2025-05-01T10:04:22.337+0000] {logging_mixin.py:190} INFO - [2025-05-01T10:04:22.337+0000] {dagbag.py:588} INFO - Filling up the DagBag from /home/airflow/.local/lib/python3.11/site-packages/airflow/example_dags/example_python_decorator.py
[2025-05-01T10:04:22.346+0000] {processor.py:925} INFO - DAG(s) 'example_python_decorator' retrieved from /home/airflow/.local/lib/python3.11/site-packages/airflow/example_dags/example_python_decorator.py
[2025-05-01T10:04:22.364+0000] {logging_mixin.py:190} INFO - [2025-05-01T10:04:22.363+0000] {dag.py:3239} INFO - Sync 1 DAGs
[2025-05-01T10:04:22.372+0000] {logging_mixin.py:190} INFO - [2025-05-01T10:04:22.372+0000] {dag.py:4180} INFO - Setting next_dagrun for example_python_decorator to None, run_after=None
[2025-05-01T10:04:22.386+0000] {processor.py:208} INFO - Processing /home/airflow/.local/lib/python3.11/site-packages/airflow/example_dags/example_python_decorator.py took 0.057 seconds
[2025-05-01T10:04:55.588+0000] {processor.py:186} INFO - Started process (PID=433) to work on /home/airflow/.local/lib/python3.11/site-packages/airflow/example_dags/example_python_decorator.py
[2025-05-01T10:04:55.589+0000] {processor.py:914} INFO - Processing file /home/airflow/.local/lib/python3.11/site-packages/airflow/example_dags/example_python_decorator.py for tasks to queue
[2025-05-01T10:04:55.591+0000] {logging_mixin.py:190} INFO - [2025-05-01T10:04:55.591+0000] {dagbag.py:588} INFO - Filling up the DagBag from /home/airflow/.local/lib/python3.11/site-packages/airflow/example_dags/example_python_decorator.py
[2025-05-01T10:04:55.608+0000] {processor.py:925} INFO - DAG(s) 'example_python_decorator' retrieved from /home/airflow/.local/lib/python3.11/site-packages/airflow/example_dags/example_python_decorator.py
[2025-05-01T10:04:55.641+0000] {logging_mixin.py:190} INFO - [2025-05-01T10:04:55.640+0000] {dag.py:3239} INFO - Sync 1 DAGs
[2025-05-01T10:04:55.664+0000] {logging_mixin.py:190} INFO - [2025-05-01T10:04:55.664+0000] {dag.py:4180} INFO - Setting next_dagrun for example_python_decorator to None, run_after=None
[2025-05-01T10:04:55.696+0000] {processor.py:208} INFO - Processing /home/airflow/.local/lib/python3.11/site-packages/airflow/example_dags/example_python_decorator.py took 0.120 seconds
[2025-05-01T10:05:25.929+0000] {processor.py:186} INFO - Started process (PID=498) to work on /home/airflow/.local/lib/python3.11/site-packages/airflow/example_dags/example_python_decorator.py
[2025-05-01T10:05:25.933+0000] {processor.py:914} INFO - Processing file /home/airflow/.local/lib/python3.11/site-packages/airflow/example_dags/example_python_decorator.py for tasks to queue
[2025-05-01T10:05:25.936+0000] {logging_mixin.py:190} INFO - [2025-05-01T10:05:25.935+0000] {dagbag.py:588} INFO - Filling up the DagBag from /home/airflow/.local/lib/python3.11/site-packages/airflow/example_dags/example_python_decorator.py
[2025-05-01T10:05:25.946+0000] {processor.py:925} INFO - DAG(s) 'example_python_decorator' retrieved from /home/airflow/.local/lib/python3.11/site-packages/airflow/example_dags/example_python_decorator.py
[2025-05-01T10:05:25.957+0000] {logging_mixin.py:190} INFO - [2025-05-01T10:05:25.957+0000] {dag.py:3239} INFO - Sync 1 DAGs
[2025-05-01T10:05:25.967+0000] {logging_mixin.py:190} INFO - [2025-05-01T10:05:25.966+0000] {dag.py:4180} INFO - Setting next_dagrun for example_python_decorator to None, run_after=None
[2025-05-01T10:05:25.990+0000] {processor.py:208} INFO - Processing /home/airflow/.local/lib/python3.11/site-packages/airflow/example_dags/example_python_decorator.py took 0.068 seconds
[2025-05-01T10:05:56.908+0000] {processor.py:186} INFO - Started process (PID=571) to work on /home/airflow/.local/lib/python3.11/site-packages/airflow/example_dags/example_python_decorator.py
[2025-05-01T10:05:56.911+0000] {processor.py:914} INFO - Processing file /home/airflow/.local/lib/python3.11/site-packages/airflow/example_dags/example_python_decorator.py for tasks to queue
[2025-05-01T10:05:56.915+0000] {logging_mixin.py:190} INFO - [2025-05-01T10:05:56.915+0000] {dagbag.py:588} INFO - Filling up the DagBag from /home/airflow/.local/lib/python3.11/site-packages/airflow/example_dags/example_python_decorator.py
[2025-05-01T10:05:56.940+0000] {processor.py:925} INFO - DAG(s) 'example_python_decorator' retrieved from /home/airflow/.local/lib/python3.11/site-packages/airflow/example_dags/example_python_decorator.py
[2025-05-01T10:05:56.959+0000] {logging_mixin.py:190} INFO - [2025-05-01T10:05:56.958+0000] {dag.py:3239} INFO - Sync 1 DAGs
[2025-05-01T10:05:56.974+0000] {logging_mixin.py:190} INFO - [2025-05-01T10:05:56.973+0000] {dag.py:4180} INFO - Setting next_dagrun for example_python_decorator to None, run_after=None
[2025-05-01T10:05:56.992+0000] {processor.py:208} INFO - Processing /home/airflow/.local/lib/python3.11/site-packages/airflow/example_dags/example_python_decorator.py took 0.093 seconds
[2025-05-01T10:06:27.862+0000] {processor.py:186} INFO - Started process (PID=644) to work on /home/airflow/.local/lib/python3.11/site-packages/airflow/example_dags/example_python_decorator.py
[2025-05-01T10:06:27.863+0000] {processor.py:914} INFO - Processing file /home/airflow/.local/lib/python3.11/site-packages/airflow/example_dags/example_python_decorator.py for tasks to queue
[2025-05-01T10:06:27.865+0000] {logging_mixin.py:190} INFO - [2025-05-01T10:06:27.865+0000] {dagbag.py:588} INFO - Filling up the DagBag from /home/airflow/.local/lib/python3.11/site-packages/airflow/example_dags/example_python_decorator.py
[2025-05-01T10:06:27.877+0000] {processor.py:925} INFO - DAG(s) 'example_python_decorator' retrieved from /home/airflow/.local/lib/python3.11/site-packages/airflow/example_dags/example_python_decorator.py
[2025-05-01T10:06:27.893+0000] {logging_mixin.py:190} INFO - [2025-05-01T10:06:27.893+0000] {dag.py:3239} INFO - Sync 1 DAGs
[2025-05-01T10:06:27.906+0000] {logging_mixin.py:190} INFO - [2025-05-01T10:06:27.906+0000] {dag.py:4180} INFO - Setting next_dagrun for example_python_decorator to None, run_after=None
[2025-05-01T10:06:27.920+0000] {processor.py:208} INFO - Processing /home/airflow/.local/lib/python3.11/site-packages/airflow/example_dags/example_python_decorator.py took 0.063 seconds
[2025-05-01T10:07:01.179+0000] {processor.py:186} INFO - Started process (PID=718) to work on /home/airflow/.local/lib/python3.11/site-packages/airflow/example_dags/example_python_decorator.py
[2025-05-01T10:07:01.182+0000] {processor.py:914} INFO - Processing file /home/airflow/.local/lib/python3.11/site-packages/airflow/example_dags/example_python_decorator.py for tasks to queue
[2025-05-01T10:07:01.185+0000] {logging_mixin.py:190} INFO - [2025-05-01T10:07:01.185+0000] {dagbag.py:588} INFO - Filling up the DagBag from /home/airflow/.local/lib/python3.11/site-packages/airflow/example_dags/example_python_decorator.py
[2025-05-01T10:07:01.199+0000] {processor.py:925} INFO - DAG(s) 'example_python_decorator' retrieved from /home/airflow/.local/lib/python3.11/site-packages/airflow/example_dags/example_python_decorator.py
[2025-05-01T10:07:01.223+0000] {logging_mixin.py:190} INFO - [2025-05-01T10:07:01.222+0000] {dag.py:3239} INFO - Sync 1 DAGs
[2025-05-01T10:07:01.253+0000] {logging_mixin.py:190} INFO - [2025-05-01T10:07:01.253+0000] {dag.py:4180} INFO - Setting next_dagrun for example_python_decorator to None, run_after=None
[2025-05-01T10:07:01.284+0000] {processor.py:208} INFO - Processing /home/airflow/.local/lib/python3.11/site-packages/airflow/example_dags/example_python_decorator.py took 0.119 seconds
[2025-05-01T10:07:31.463+0000] {processor.py:186} INFO - Started process (PID=790) to work on /home/airflow/.local/lib/python3.11/site-packages/airflow/example_dags/example_python_decorator.py
[2025-05-01T10:07:31.464+0000] {processor.py:914} INFO - Processing file /home/airflow/.local/lib/python3.11/site-packages/airflow/example_dags/example_python_decorator.py for tasks to queue
[2025-05-01T10:07:31.467+0000] {logging_mixin.py:190} INFO - [2025-05-01T10:07:31.467+0000] {dagbag.py:588} INFO - Filling up the DagBag from /home/airflow/.local/lib/python3.11/site-packages/airflow/example_dags/example_python_decorator.py
[2025-05-01T10:07:31.480+0000] {processor.py:925} INFO - DAG(s) 'example_python_decorator' retrieved from /home/airflow/.local/lib/python3.11/site-packages/airflow/example_dags/example_python_decorator.py
[2025-05-01T10:07:31.495+0000] {logging_mixin.py:190} INFO - [2025-05-01T10:07:31.495+0000] {dag.py:3239} INFO - Sync 1 DAGs
[2025-05-01T10:07:31.502+0000] {logging_mixin.py:190} INFO - [2025-05-01T10:07:31.502+0000] {dag.py:4180} INFO - Setting next_dagrun for example_python_decorator to None, run_after=None
[2025-05-01T10:07:31.515+0000] {processor.py:208} INFO - Processing /home/airflow/.local/lib/python3.11/site-packages/airflow/example_dags/example_python_decorator.py took 0.056 seconds
[2025-05-01T10:08:01.732+0000] {processor.py:186} INFO - Started process (PID=863) to work on /home/airflow/.local/lib/python3.11/site-packages/airflow/example_dags/example_python_decorator.py
[2025-05-01T10:08:01.734+0000] {processor.py:914} INFO - Processing file /home/airflow/.local/lib/python3.11/site-packages/airflow/example_dags/example_python_decorator.py for tasks to queue
[2025-05-01T10:08:01.735+0000] {logging_mixin.py:190} INFO - [2025-05-01T10:08:01.735+0000] {dagbag.py:588} INFO - Filling up the DagBag from /home/airflow/.local/lib/python3.11/site-packages/airflow/example_dags/example_python_decorator.py
[2025-05-01T10:08:01.744+0000] {processor.py:925} INFO - DAG(s) 'example_python_decorator' retrieved from /home/airflow/.local/lib/python3.11/site-packages/airflow/example_dags/example_python_decorator.py
[2025-05-01T10:08:01.757+0000] {logging_mixin.py:190} INFO - [2025-05-01T10:08:01.757+0000] {dag.py:3239} INFO - Sync 1 DAGs
[2025-05-01T10:08:01.765+0000] {logging_mixin.py:190} INFO - [2025-05-01T10:08:01.765+0000] {dag.py:4180} INFO - Setting next_dagrun for example_python_decorator to None, run_after=None
[2025-05-01T10:08:01.779+0000] {processor.py:208} INFO - Processing /home/airflow/.local/lib/python3.11/site-packages/airflow/example_dags/example_python_decorator.py took 0.051 seconds
[2025-05-01T10:08:32.764+0000] {processor.py:186} INFO - Started process (PID=936) to work on /home/airflow/.local/lib/python3.11/site-packages/airflow/example_dags/example_python_decorator.py
[2025-05-01T10:08:32.765+0000] {processor.py:914} INFO - Processing file /home/airflow/.local/lib/python3.11/site-packages/airflow/example_dags/example_python_decorator.py for tasks to queue
[2025-05-01T10:08:32.768+0000] {logging_mixin.py:190} INFO - [2025-05-01T10:08:32.767+0000] {dagbag.py:588} INFO - Filling up the DagBag from /home/airflow/.local/lib/python3.11/site-packages/airflow/example_dags/example_python_decorator.py
[2025-05-01T10:08:32.777+0000] {processor.py:925} INFO - DAG(s) 'example_python_decorator' retrieved from /home/airflow/.local/lib/python3.11/site-packages/airflow/example_dags/example_python_decorator.py
[2025-05-01T10:08:32.789+0000] {logging_mixin.py:190} INFO - [2025-05-01T10:08:32.789+0000] {dag.py:3239} INFO - Sync 1 DAGs
[2025-05-01T10:08:32.797+0000] {logging_mixin.py:190} INFO - [2025-05-01T10:08:32.797+0000] {dag.py:4180} INFO - Setting next_dagrun for example_python_decorator to None, run_after=None
[2025-05-01T10:08:32.806+0000] {processor.py:208} INFO - Processing /home/airflow/.local/lib/python3.11/site-packages/airflow/example_dags/example_python_decorator.py took 0.045 seconds
[2025-05-01T10:09:02.927+0000] {processor.py:186} INFO - Started process (PID=1008) to work on /home/airflow/.local/lib/python3.11/site-packages/airflow/example_dags/example_python_decorator.py
[2025-05-01T10:09:02.930+0000] {processor.py:914} INFO - Processing file /home/airflow/.local/lib/python3.11/site-packages/airflow/example_dags/example_python_decorator.py for tasks to queue
[2025-05-01T10:09:02.932+0000] {logging_mixin.py:190} INFO - [2025-05-01T10:09:02.932+0000] {dagbag.py:588} INFO - Filling up the DagBag from /home/airflow/.local/lib/python3.11/site-packages/airflow/example_dags/example_python_decorator.py
[2025-05-01T10:09:02.942+0000] {processor.py:925} INFO - DAG(s) 'example_python_decorator' retrieved from /home/airflow/.local/lib/python3.11/site-packages/airflow/example_dags/example_python_decorator.py
[2025-05-01T10:09:02.954+0000] {logging_mixin.py:190} INFO - [2025-05-01T10:09:02.954+0000] {dag.py:3239} INFO - Sync 1 DAGs
[2025-05-01T10:09:02.960+0000] {logging_mixin.py:190} INFO - [2025-05-01T10:09:02.960+0000] {dag.py:4180} INFO - Setting next_dagrun for example_python_decorator to None, run_after=None
[2025-05-01T10:09:02.966+0000] {processor.py:208} INFO - Processing /home/airflow/.local/lib/python3.11/site-packages/airflow/example_dags/example_python_decorator.py took 0.043 seconds
[2025-05-01T10:09:33.228+0000] {processor.py:186} INFO - Started process (PID=1081) to work on /home/airflow/.local/lib/python3.11/site-packages/airflow/example_dags/example_python_decorator.py
[2025-05-01T10:09:33.228+0000] {processor.py:914} INFO - Processing file /home/airflow/.local/lib/python3.11/site-packages/airflow/example_dags/example_python_decorator.py for tasks to queue
[2025-05-01T10:09:33.229+0000] {logging_mixin.py:190} INFO - [2025-05-01T10:09:33.229+0000] {dagbag.py:588} INFO - Filling up the DagBag from /home/airflow/.local/lib/python3.11/site-packages/airflow/example_dags/example_python_decorator.py
[2025-05-01T10:09:33.236+0000] {processor.py:925} INFO - DAG(s) 'example_python_decorator' retrieved from /home/airflow/.local/lib/python3.11/site-packages/airflow/example_dags/example_python_decorator.py
[2025-05-01T10:09:33.249+0000] {logging_mixin.py:190} INFO - [2025-05-01T10:09:33.248+0000] {dag.py:3239} INFO - Sync 1 DAGs
[2025-05-01T10:09:33.255+0000] {logging_mixin.py:190} INFO - [2025-05-01T10:09:33.255+0000] {dag.py:4180} INFO - Setting next_dagrun for example_python_decorator to None, run_after=None
[2025-05-01T10:09:33.270+0000] {processor.py:208} INFO - Processing /home/airflow/.local/lib/python3.11/site-packages/airflow/example_dags/example_python_decorator.py took 0.046 seconds
[2025-05-01T10:10:03.386+0000] {processor.py:186} INFO - Started process (PID=1154) to work on /home/airflow/.local/lib/python3.11/site-packages/airflow/example_dags/example_python_decorator.py
[2025-05-01T10:10:03.386+0000] {processor.py:914} INFO - Processing file /home/airflow/.local/lib/python3.11/site-packages/airflow/example_dags/example_python_decorator.py for tasks to queue
[2025-05-01T10:10:03.388+0000] {logging_mixin.py:190} INFO - [2025-05-01T10:10:03.387+0000] {dagbag.py:588} INFO - Filling up the DagBag from /home/airflow/.local/lib/python3.11/site-packages/airflow/example_dags/example_python_decorator.py
[2025-05-01T10:10:03.397+0000] {processor.py:925} INFO - DAG(s) 'example_python_decorator' retrieved from /home/airflow/.local/lib/python3.11/site-packages/airflow/example_dags/example_python_decorator.py
[2025-05-01T10:10:03.413+0000] {logging_mixin.py:190} INFO - [2025-05-01T10:10:03.413+0000] {dag.py:3239} INFO - Sync 1 DAGs
[2025-05-01T10:10:03.422+0000] {logging_mixin.py:190} INFO - [2025-05-01T10:10:03.422+0000] {dag.py:4180} INFO - Setting next_dagrun for example_python_decorator to None, run_after=None
[2025-05-01T10:10:03.438+0000] {processor.py:208} INFO - Processing /home/airflow/.local/lib/python3.11/site-packages/airflow/example_dags/example_python_decorator.py took 0.055 seconds
[2025-05-01T10:10:33.737+0000] {processor.py:186} INFO - Started process (PID=1227) to work on /home/airflow/.local/lib/python3.11/site-packages/airflow/example_dags/example_python_decorator.py
[2025-05-01T10:10:33.737+0000] {processor.py:914} INFO - Processing file /home/airflow/.local/lib/python3.11/site-packages/airflow/example_dags/example_python_decorator.py for tasks to queue
[2025-05-01T10:10:33.739+0000] {logging_mixin.py:190} INFO - [2025-05-01T10:10:33.738+0000] {dagbag.py:588} INFO - Filling up the DagBag from /home/airflow/.local/lib/python3.11/site-packages/airflow/example_dags/example_python_decorator.py
[2025-05-01T10:10:33.746+0000] {processor.py:925} INFO - DAG(s) 'example_python_decorator' retrieved from /home/airflow/.local/lib/python3.11/site-packages/airflow/example_dags/example_python_decorator.py
[2025-05-01T10:10:33.756+0000] {logging_mixin.py:190} INFO - [2025-05-01T10:10:33.756+0000] {dag.py:3239} INFO - Sync 1 DAGs
[2025-05-01T10:10:33.762+0000] {logging_mixin.py:190} INFO - [2025-05-01T10:10:33.762+0000] {dag.py:4180} INFO - Setting next_dagrun for example_python_decorator to None, run_after=None
[2025-05-01T10:10:33.773+0000] {processor.py:208} INFO - Processing /home/airflow/.local/lib/python3.11/site-packages/airflow/example_dags/example_python_decorator.py took 0.039 seconds
[2025-05-01T10:11:04.175+0000] {processor.py:186} INFO - Started process (PID=1300) to work on /home/airflow/.local/lib/python3.11/site-packages/airflow/example_dags/example_python_decorator.py
[2025-05-01T10:11:04.176+0000] {processor.py:914} INFO - Processing file /home/airflow/.local/lib/python3.11/site-packages/airflow/example_dags/example_python_decorator.py for tasks to queue
[2025-05-01T10:11:04.177+0000] {logging_mixin.py:190} INFO - [2025-05-01T10:11:04.177+0000] {dagbag.py:588} INFO - Filling up the DagBag from /home/airflow/.local/lib/python3.11/site-packages/airflow/example_dags/example_python_decorator.py
[2025-05-01T10:11:04.183+0000] {processor.py:925} INFO - DAG(s) 'example_python_decorator' retrieved from /home/airflow/.local/lib/python3.11/site-packages/airflow/example_dags/example_python_decorator.py
[2025-05-01T10:11:04.197+0000] {logging_mixin.py:190} INFO - [2025-05-01T10:11:04.197+0000] {dag.py:3239} INFO - Sync 1 DAGs
[2025-05-01T10:11:04.202+0000] {logging_mixin.py:190} INFO - [2025-05-01T10:11:04.202+0000] {dag.py:4180} INFO - Setting next_dagrun for example_python_decorator to None, run_after=None
[2025-05-01T10:11:04.211+0000] {processor.py:208} INFO - Processing /home/airflow/.local/lib/python3.11/site-packages/airflow/example_dags/example_python_decorator.py took 0.039 seconds
[2025-05-01T10:21:41.576+0000] {processor.py:186} INFO - Started process (PID=1374) to work on /home/airflow/.local/lib/python3.11/site-packages/airflow/example_dags/example_python_decorator.py
[2025-05-01T10:21:41.578+0000] {processor.py:914} INFO - Processing file /home/airflow/.local/lib/python3.11/site-packages/airflow/example_dags/example_python_decorator.py for tasks to queue
[2025-05-01T10:21:41.580+0000] {logging_mixin.py:190} INFO - [2025-05-01T10:21:41.580+0000] {dagbag.py:588} INFO - Filling up the DagBag from /home/airflow/.local/lib/python3.11/site-packages/airflow/example_dags/example_python_decorator.py
[2025-05-01T10:21:41.593+0000] {processor.py:925} INFO - DAG(s) 'example_python_decorator' retrieved from /home/airflow/.local/lib/python3.11/site-packages/airflow/example_dags/example_python_decorator.py
[2025-05-01T10:21:41.607+0000] {logging_mixin.py:190} INFO - [2025-05-01T10:21:41.607+0000] {dag.py:3239} INFO - Sync 1 DAGs
[2025-05-01T10:21:41.616+0000] {logging_mixin.py:190} INFO - [2025-05-01T10:21:41.616+0000] {dag.py:4180} INFO - Setting next_dagrun for example_python_decorator to None, run_after=None
[2025-05-01T10:21:41.626+0000] {processor.py:208} INFO - Processing /home/airflow/.local/lib/python3.11/site-packages/airflow/example_dags/example_python_decorator.py took 0.054 seconds
