[2025-05-01T10:02:40.445+0000] {processor.py:186} INFO - Started process (PID=82) to work on /home/airflow/.local/lib/python3.11/site-packages/airflow/example_dags/example_trigger_controller_dag.py
[2025-05-01T10:02:40.446+0000] {processor.py:914} INFO - Processing file /home/airflow/.local/lib/python3.11/site-packages/airflow/example_dags/example_trigger_controller_dag.py for tasks to queue
[2025-05-01T10:02:40.448+0000] {logging_mixin.py:190} INFO - [2025-05-01T10:02:40.447+0000] {dagbag.py:588} INFO - Filling up the DagBag from /home/airflow/.local/lib/python3.11/site-packages/airflow/example_dags/example_trigger_controller_dag.py
[2025-05-01T10:02:40.455+0000] {processor.py:925} INFO - DAG(s) 'example_trigger_controller_dag' retrieved from /home/airflow/.local/lib/python3.11/site-packages/airflow/example_dags/example_trigger_controller_dag.py
[2025-05-01T10:02:40.485+0000] {logging_mixin.py:190} INFO - [2025-05-01T10:02:40.485+0000] {dag.py:3239} INFO - Sync 1 DAGs
[2025-05-01T10:02:40.543+0000] {logging_mixin.py:190} INFO - [2025-05-01T10:02:40.543+0000] {dag.py:4180} INFO - Setting next_dagrun for example_trigger_controller_dag to 2021-01-01 00:00:00+00:00, run_after=2021-01-01 00:00:00+00:00
[2025-05-01T10:02:40.552+0000] {processor.py:208} INFO - Processing /home/airflow/.local/lib/python3.11/site-packages/airflow/example_dags/example_trigger_controller_dag.py took 0.117 seconds
[2025-05-01T10:03:10.617+0000] {processor.py:186} INFO - Started process (PID=154) to work on /home/airflow/.local/lib/python3.11/site-packages/airflow/example_dags/example_trigger_controller_dag.py
[2025-05-01T10:03:10.617+0000] {processor.py:914} INFO - Processing file /home/airflow/.local/lib/python3.11/site-packages/airflow/example_dags/example_trigger_controller_dag.py for tasks to queue
[2025-05-01T10:03:10.618+0000] {logging_mixin.py:190} INFO - [2025-05-01T10:03:10.618+0000] {dagbag.py:588} INFO - Filling up the DagBag from /home/airflow/.local/lib/python3.11/site-packages/airflow/example_dags/example_trigger_controller_dag.py
[2025-05-01T10:03:10.622+0000] {processor.py:925} INFO - DAG(s) 'example_trigger_controller_dag' retrieved from /home/airflow/.local/lib/python3.11/site-packages/airflow/example_dags/example_trigger_controller_dag.py
[2025-05-01T10:03:10.630+0000] {logging_mixin.py:190} INFO - [2025-05-01T10:03:10.630+0000] {dag.py:3239} INFO - Sync 1 DAGs
[2025-05-01T10:03:10.639+0000] {logging_mixin.py:190} INFO - [2025-05-01T10:03:10.639+0000] {dag.py:4180} INFO - Setting next_dagrun for example_trigger_controller_dag to 2021-01-01 00:00:00+00:00, run_after=2021-01-01 00:00:00+00:00
[2025-05-01T10:03:10.647+0000] {processor.py:208} INFO - Processing /home/airflow/.local/lib/python3.11/site-packages/airflow/example_dags/example_trigger_controller_dag.py took 0.034 seconds
[2025-05-01T10:03:41.491+0000] {processor.py:186} INFO - Started process (PID=227) to work on /home/airflow/.local/lib/python3.11/site-packages/airflow/example_dags/example_trigger_controller_dag.py
[2025-05-01T10:03:41.492+0000] {processor.py:914} INFO - Processing file /home/airflow/.local/lib/python3.11/site-packages/airflow/example_dags/example_trigger_controller_dag.py for tasks to queue
[2025-05-01T10:03:41.493+0000] {logging_mixin.py:190} INFO - [2025-05-01T10:03:41.493+0000] {dagbag.py:588} INFO - Filling up the DagBag from /home/airflow/.local/lib/python3.11/site-packages/airflow/example_dags/example_trigger_controller_dag.py
[2025-05-01T10:03:41.501+0000] {processor.py:925} INFO - DAG(s) 'example_trigger_controller_dag' retrieved from /home/airflow/.local/lib/python3.11/site-packages/airflow/example_dags/example_trigger_controller_dag.py
[2025-05-01T10:03:41.511+0000] {logging_mixin.py:190} INFO - [2025-05-01T10:03:41.511+0000] {dag.py:3239} INFO - Sync 1 DAGs
[2025-05-01T10:03:41.521+0000] {logging_mixin.py:190} INFO - [2025-05-01T10:03:41.521+0000] {dag.py:4180} INFO - Setting next_dagrun for example_trigger_controller_dag to 2021-01-01 00:00:00+00:00, run_after=2021-01-01 00:00:00+00:00
[2025-05-01T10:03:41.530+0000] {processor.py:208} INFO - Processing /home/airflow/.local/lib/python3.11/site-packages/airflow/example_dags/example_trigger_controller_dag.py took 0.042 seconds
[2025-05-01T10:04:12.602+0000] {processor.py:186} INFO - Started process (PID=300) to work on /home/airflow/.local/lib/python3.11/site-packages/airflow/example_dags/example_trigger_controller_dag.py
[2025-05-01T10:04:12.603+0000] {processor.py:914} INFO - Processing file /home/airflow/.local/lib/python3.11/site-packages/airflow/example_dags/example_trigger_controller_dag.py for tasks to queue
[2025-05-01T10:04:12.605+0000] {logging_mixin.py:190} INFO - [2025-05-01T10:04:12.605+0000] {dagbag.py:588} INFO - Filling up the DagBag from /home/airflow/.local/lib/python3.11/site-packages/airflow/example_dags/example_trigger_controller_dag.py
[2025-05-01T10:04:12.612+0000] {processor.py:925} INFO - DAG(s) 'example_trigger_controller_dag' retrieved from /home/airflow/.local/lib/python3.11/site-packages/airflow/example_dags/example_trigger_controller_dag.py
[2025-05-01T10:04:12.634+0000] {logging_mixin.py:190} INFO - [2025-05-01T10:04:12.634+0000] {dag.py:3239} INFO - Sync 1 DAGs
[2025-05-01T10:04:12.650+0000] {logging_mixin.py:190} INFO - [2025-05-01T10:04:12.650+0000] {dag.py:4180} INFO - Setting next_dagrun for example_trigger_controller_dag to 2021-01-01 00:00:00+00:00, run_after=2021-01-01 00:00:00+00:00
[2025-05-01T10:04:12.658+0000] {processor.py:208} INFO - Processing /home/airflow/.local/lib/python3.11/site-packages/airflow/example_dags/example_trigger_controller_dag.py took 0.063 seconds
[2025-05-01T10:04:43.408+0000] {processor.py:186} INFO - Started process (PID=373) to work on /home/airflow/.local/lib/python3.11/site-packages/airflow/example_dags/example_trigger_controller_dag.py
[2025-05-01T10:04:43.411+0000] {processor.py:914} INFO - Processing file /home/airflow/.local/lib/python3.11/site-packages/airflow/example_dags/example_trigger_controller_dag.py for tasks to queue
[2025-05-01T10:04:43.416+0000] {logging_mixin.py:190} INFO - [2025-05-01T10:04:43.416+0000] {dagbag.py:588} INFO - Filling up the DagBag from /home/airflow/.local/lib/python3.11/site-packages/airflow/example_dags/example_trigger_controller_dag.py
[2025-05-01T10:04:43.429+0000] {processor.py:925} INFO - DAG(s) 'example_trigger_controller_dag' retrieved from /home/airflow/.local/lib/python3.11/site-packages/airflow/example_dags/example_trigger_controller_dag.py
[2025-05-01T10:04:43.471+0000] {logging_mixin.py:190} INFO - [2025-05-01T10:04:43.470+0000] {dag.py:3239} INFO - Sync 1 DAGs
[2025-05-01T10:04:43.510+0000] {logging_mixin.py:190} INFO - [2025-05-01T10:04:43.510+0000] {dag.py:4180} INFO - Setting next_dagrun for example_trigger_controller_dag to 2021-01-01 00:00:00+00:00, run_after=2021-01-01 00:00:00+00:00
[2025-05-01T10:04:43.537+0000] {processor.py:208} INFO - Processing /home/airflow/.local/lib/python3.11/site-packages/airflow/example_dags/example_trigger_controller_dag.py took 0.152 seconds
[2025-05-01T10:05:13.637+0000] {processor.py:186} INFO - Started process (PID=452) to work on /home/airflow/.local/lib/python3.11/site-packages/airflow/example_dags/example_trigger_controller_dag.py
[2025-05-01T10:05:13.638+0000] {processor.py:914} INFO - Processing file /home/airflow/.local/lib/python3.11/site-packages/airflow/example_dags/example_trigger_controller_dag.py for tasks to queue
[2025-05-01T10:05:13.639+0000] {logging_mixin.py:190} INFO - [2025-05-01T10:05:13.639+0000] {dagbag.py:588} INFO - Filling up the DagBag from /home/airflow/.local/lib/python3.11/site-packages/airflow/example_dags/example_trigger_controller_dag.py
[2025-05-01T10:05:13.644+0000] {processor.py:925} INFO - DAG(s) 'example_trigger_controller_dag' retrieved from /home/airflow/.local/lib/python3.11/site-packages/airflow/example_dags/example_trigger_controller_dag.py
[2025-05-01T10:05:13.659+0000] {logging_mixin.py:190} INFO - [2025-05-01T10:05:13.659+0000] {dag.py:3239} INFO - Sync 1 DAGs
[2025-05-01T10:05:13.673+0000] {logging_mixin.py:190} INFO - [2025-05-01T10:05:13.673+0000] {dag.py:4180} INFO - Setting next_dagrun for example_trigger_controller_dag to 2021-01-01 00:00:00+00:00, run_after=2021-01-01 00:00:00+00:00
[2025-05-01T10:05:13.683+0000] {processor.py:208} INFO - Processing /home/airflow/.local/lib/python3.11/site-packages/airflow/example_dags/example_trigger_controller_dag.py took 0.050 seconds
[2025-05-01T10:05:44.715+0000] {processor.py:186} INFO - Started process (PID=525) to work on /home/airflow/.local/lib/python3.11/site-packages/airflow/example_dags/example_trigger_controller_dag.py
[2025-05-01T10:05:44.718+0000] {processor.py:914} INFO - Processing file /home/airflow/.local/lib/python3.11/site-packages/airflow/example_dags/example_trigger_controller_dag.py for tasks to queue
[2025-05-01T10:05:44.722+0000] {logging_mixin.py:190} INFO - [2025-05-01T10:05:44.721+0000] {dagbag.py:588} INFO - Filling up the DagBag from /home/airflow/.local/lib/python3.11/site-packages/airflow/example_dags/example_trigger_controller_dag.py
[2025-05-01T10:05:44.727+0000] {processor.py:925} INFO - DAG(s) 'example_trigger_controller_dag' retrieved from /home/airflow/.local/lib/python3.11/site-packages/airflow/example_dags/example_trigger_controller_dag.py
[2025-05-01T10:05:44.748+0000] {logging_mixin.py:190} INFO - [2025-05-01T10:05:44.748+0000] {dag.py:3239} INFO - Sync 1 DAGs
[2025-05-01T10:05:44.764+0000] {logging_mixin.py:190} INFO - [2025-05-01T10:05:44.764+0000] {dag.py:4180} INFO - Setting next_dagrun for example_trigger_controller_dag to 2021-01-01 00:00:00+00:00, run_after=2021-01-01 00:00:00+00:00
[2025-05-01T10:05:44.777+0000] {processor.py:208} INFO - Processing /home/airflow/.local/lib/python3.11/site-packages/airflow/example_dags/example_trigger_controller_dag.py took 0.070 seconds
[2025-05-01T10:06:15.038+0000] {processor.py:186} INFO - Started process (PID=598) to work on /home/airflow/.local/lib/python3.11/site-packages/airflow/example_dags/example_trigger_controller_dag.py
[2025-05-01T10:06:15.039+0000] {processor.py:914} INFO - Processing file /home/airflow/.local/lib/python3.11/site-packages/airflow/example_dags/example_trigger_controller_dag.py for tasks to queue
[2025-05-01T10:06:15.041+0000] {logging_mixin.py:190} INFO - [2025-05-01T10:06:15.041+0000] {dagbag.py:588} INFO - Filling up the DagBag from /home/airflow/.local/lib/python3.11/site-packages/airflow/example_dags/example_trigger_controller_dag.py
[2025-05-01T10:06:15.047+0000] {processor.py:925} INFO - DAG(s) 'example_trigger_controller_dag' retrieved from /home/airflow/.local/lib/python3.11/site-packages/airflow/example_dags/example_trigger_controller_dag.py
[2025-05-01T10:06:15.114+0000] {logging_mixin.py:190} INFO - [2025-05-01T10:06:15.114+0000] {dag.py:3239} INFO - Sync 1 DAGs
[2025-05-01T10:06:15.188+0000] {logging_mixin.py:190} INFO - [2025-05-01T10:06:15.187+0000] {dag.py:4180} INFO - Setting next_dagrun for example_trigger_controller_dag to 2021-01-01 00:00:00+00:00, run_after=2021-01-01 00:00:00+00:00
[2025-05-01T10:06:15.221+0000] {processor.py:208} INFO - Processing /home/airflow/.local/lib/python3.11/site-packages/airflow/example_dags/example_trigger_controller_dag.py took 0.191 seconds
[2025-05-01T10:06:45.601+0000] {processor.py:186} INFO - Started process (PID=671) to work on /home/airflow/.local/lib/python3.11/site-packages/airflow/example_dags/example_trigger_controller_dag.py
[2025-05-01T10:06:45.602+0000] {processor.py:914} INFO - Processing file /home/airflow/.local/lib/python3.11/site-packages/airflow/example_dags/example_trigger_controller_dag.py for tasks to queue
[2025-05-01T10:06:45.608+0000] {logging_mixin.py:190} INFO - [2025-05-01T10:06:45.608+0000] {dagbag.py:588} INFO - Filling up the DagBag from /home/airflow/.local/lib/python3.11/site-packages/airflow/example_dags/example_trigger_controller_dag.py
[2025-05-01T10:06:45.616+0000] {processor.py:925} INFO - DAG(s) 'example_trigger_controller_dag' retrieved from /home/airflow/.local/lib/python3.11/site-packages/airflow/example_dags/example_trigger_controller_dag.py
[2025-05-01T10:06:45.635+0000] {logging_mixin.py:190} INFO - [2025-05-01T10:06:45.635+0000] {dag.py:3239} INFO - Sync 1 DAGs
[2025-05-01T10:06:45.672+0000] {logging_mixin.py:190} INFO - [2025-05-01T10:06:45.672+0000] {dag.py:4180} INFO - Setting next_dagrun for example_trigger_controller_dag to 2021-01-01 00:00:00+00:00, run_after=2021-01-01 00:00:00+00:00
[2025-05-01T10:06:45.704+0000] {processor.py:208} INFO - Processing /home/airflow/.local/lib/python3.11/site-packages/airflow/example_dags/example_trigger_controller_dag.py took 0.109 seconds
[2025-05-01T10:07:15.967+0000] {processor.py:186} INFO - Started process (PID=744) to work on /home/airflow/.local/lib/python3.11/site-packages/airflow/example_dags/example_trigger_controller_dag.py
[2025-05-01T10:07:15.968+0000] {processor.py:914} INFO - Processing file /home/airflow/.local/lib/python3.11/site-packages/airflow/example_dags/example_trigger_controller_dag.py for tasks to queue
[2025-05-01T10:07:15.969+0000] {logging_mixin.py:190} INFO - [2025-05-01T10:07:15.969+0000] {dagbag.py:588} INFO - Filling up the DagBag from /home/airflow/.local/lib/python3.11/site-packages/airflow/example_dags/example_trigger_controller_dag.py
[2025-05-01T10:07:15.973+0000] {processor.py:925} INFO - DAG(s) 'example_trigger_controller_dag' retrieved from /home/airflow/.local/lib/python3.11/site-packages/airflow/example_dags/example_trigger_controller_dag.py
[2025-05-01T10:07:15.982+0000] {logging_mixin.py:190} INFO - [2025-05-01T10:07:15.982+0000] {dag.py:3239} INFO - Sync 1 DAGs
[2025-05-01T10:07:15.991+0000] {logging_mixin.py:190} INFO - [2025-05-01T10:07:15.991+0000] {dag.py:4180} INFO - Setting next_dagrun for example_trigger_controller_dag to 2021-01-01 00:00:00+00:00, run_after=2021-01-01 00:00:00+00:00
[2025-05-01T10:07:15.999+0000] {processor.py:208} INFO - Processing /home/airflow/.local/lib/python3.11/site-packages/airflow/example_dags/example_trigger_controller_dag.py took 0.036 seconds
[2025-05-01T10:07:46.284+0000] {processor.py:186} INFO - Started process (PID=817) to work on /home/airflow/.local/lib/python3.11/site-packages/airflow/example_dags/example_trigger_controller_dag.py
[2025-05-01T10:07:46.285+0000] {processor.py:914} INFO - Processing file /home/airflow/.local/lib/python3.11/site-packages/airflow/example_dags/example_trigger_controller_dag.py for tasks to queue
[2025-05-01T10:07:46.287+0000] {logging_mixin.py:190} INFO - [2025-05-01T10:07:46.287+0000] {dagbag.py:588} INFO - Filling up the DagBag from /home/airflow/.local/lib/python3.11/site-packages/airflow/example_dags/example_trigger_controller_dag.py
[2025-05-01T10:07:46.291+0000] {processor.py:925} INFO - DAG(s) 'example_trigger_controller_dag' retrieved from /home/airflow/.local/lib/python3.11/site-packages/airflow/example_dags/example_trigger_controller_dag.py
[2025-05-01T10:07:46.303+0000] {logging_mixin.py:190} INFO - [2025-05-01T10:07:46.303+0000] {dag.py:3239} INFO - Sync 1 DAGs
[2025-05-01T10:07:46.318+0000] {logging_mixin.py:190} INFO - [2025-05-01T10:07:46.317+0000] {dag.py:4180} INFO - Setting next_dagrun for example_trigger_controller_dag to 2021-01-01 00:00:00+00:00, run_after=2021-01-01 00:00:00+00:00
[2025-05-01T10:07:46.329+0000] {processor.py:208} INFO - Processing /home/airflow/.local/lib/python3.11/site-packages/airflow/example_dags/example_trigger_controller_dag.py took 0.049 seconds
[2025-05-01T10:08:17.562+0000] {processor.py:186} INFO - Started process (PID=890) to work on /home/airflow/.local/lib/python3.11/site-packages/airflow/example_dags/example_trigger_controller_dag.py
[2025-05-01T10:08:17.564+0000] {processor.py:914} INFO - Processing file /home/airflow/.local/lib/python3.11/site-packages/airflow/example_dags/example_trigger_controller_dag.py for tasks to queue
[2025-05-01T10:08:17.566+0000] {logging_mixin.py:190} INFO - [2025-05-01T10:08:17.566+0000] {dagbag.py:588} INFO - Filling up the DagBag from /home/airflow/.local/lib/python3.11/site-packages/airflow/example_dags/example_trigger_controller_dag.py
[2025-05-01T10:08:17.574+0000] {processor.py:925} INFO - DAG(s) 'example_trigger_controller_dag' retrieved from /home/airflow/.local/lib/python3.11/site-packages/airflow/example_dags/example_trigger_controller_dag.py
[2025-05-01T10:08:17.590+0000] {logging_mixin.py:190} INFO - [2025-05-01T10:08:17.590+0000] {dag.py:3239} INFO - Sync 1 DAGs
[2025-05-01T10:08:17.609+0000] {logging_mixin.py:190} INFO - [2025-05-01T10:08:17.609+0000] {dag.py:4180} INFO - Setting next_dagrun for example_trigger_controller_dag to 2021-01-01 00:00:00+00:00, run_after=2021-01-01 00:00:00+00:00
[2025-05-01T10:08:17.620+0000] {processor.py:208} INFO - Processing /home/airflow/.local/lib/python3.11/site-packages/airflow/example_dags/example_trigger_controller_dag.py took 0.067 seconds
[2025-05-01T10:08:47.829+0000] {processor.py:186} INFO - Started process (PID=962) to work on /home/airflow/.local/lib/python3.11/site-packages/airflow/example_dags/example_trigger_controller_dag.py
[2025-05-01T10:08:47.830+0000] {processor.py:914} INFO - Processing file /home/airflow/.local/lib/python3.11/site-packages/airflow/example_dags/example_trigger_controller_dag.py for tasks to queue
[2025-05-01T10:08:47.831+0000] {logging_mixin.py:190} INFO - [2025-05-01T10:08:47.831+0000] {dagbag.py:588} INFO - Filling up the DagBag from /home/airflow/.local/lib/python3.11/site-packages/airflow/example_dags/example_trigger_controller_dag.py
[2025-05-01T10:08:47.837+0000] {processor.py:925} INFO - DAG(s) 'example_trigger_controller_dag' retrieved from /home/airflow/.local/lib/python3.11/site-packages/airflow/example_dags/example_trigger_controller_dag.py
[2025-05-01T10:08:47.847+0000] {logging_mixin.py:190} INFO - [2025-05-01T10:08:47.847+0000] {dag.py:3239} INFO - Sync 1 DAGs
[2025-05-01T10:08:47.857+0000] {logging_mixin.py:190} INFO - [2025-05-01T10:08:47.857+0000] {dag.py:4180} INFO - Setting next_dagrun for example_trigger_controller_dag to 2021-01-01 00:00:00+00:00, run_after=2021-01-01 00:00:00+00:00
[2025-05-01T10:08:47.865+0000] {processor.py:208} INFO - Processing /home/airflow/.local/lib/python3.11/site-packages/airflow/example_dags/example_trigger_controller_dag.py took 0.040 seconds
[2025-05-01T10:09:18.124+0000] {processor.py:186} INFO - Started process (PID=1035) to work on /home/airflow/.local/lib/python3.11/site-packages/airflow/example_dags/example_trigger_controller_dag.py
[2025-05-01T10:09:18.124+0000] {processor.py:914} INFO - Processing file /home/airflow/.local/lib/python3.11/site-packages/airflow/example_dags/example_trigger_controller_dag.py for tasks to queue
[2025-05-01T10:09:18.125+0000] {logging_mixin.py:190} INFO - [2025-05-01T10:09:18.125+0000] {dagbag.py:588} INFO - Filling up the DagBag from /home/airflow/.local/lib/python3.11/site-packages/airflow/example_dags/example_trigger_controller_dag.py
[2025-05-01T10:09:18.129+0000] {processor.py:925} INFO - DAG(s) 'example_trigger_controller_dag' retrieved from /home/airflow/.local/lib/python3.11/site-packages/airflow/example_dags/example_trigger_controller_dag.py
[2025-05-01T10:09:18.144+0000] {logging_mixin.py:190} INFO - [2025-05-01T10:09:18.144+0000] {dag.py:3239} INFO - Sync 1 DAGs
[2025-05-01T10:09:18.156+0000] {logging_mixin.py:190} INFO - [2025-05-01T10:09:18.156+0000] {dag.py:4180} INFO - Setting next_dagrun for example_trigger_controller_dag to 2021-01-01 00:00:00+00:00, run_after=2021-01-01 00:00:00+00:00
[2025-05-01T10:09:18.172+0000] {processor.py:208} INFO - Processing /home/airflow/.local/lib/python3.11/site-packages/airflow/example_dags/example_trigger_controller_dag.py took 0.052 seconds
[2025-05-01T10:09:49.188+0000] {processor.py:186} INFO - Started process (PID=1108) to work on /home/airflow/.local/lib/python3.11/site-packages/airflow/example_dags/example_trigger_controller_dag.py
[2025-05-01T10:09:49.190+0000] {processor.py:914} INFO - Processing file /home/airflow/.local/lib/python3.11/site-packages/airflow/example_dags/example_trigger_controller_dag.py for tasks to queue
[2025-05-01T10:09:49.192+0000] {logging_mixin.py:190} INFO - [2025-05-01T10:09:49.192+0000] {dagbag.py:588} INFO - Filling up the DagBag from /home/airflow/.local/lib/python3.11/site-packages/airflow/example_dags/example_trigger_controller_dag.py
[2025-05-01T10:09:49.195+0000] {processor.py:925} INFO - DAG(s) 'example_trigger_controller_dag' retrieved from /home/airflow/.local/lib/python3.11/site-packages/airflow/example_dags/example_trigger_controller_dag.py
[2025-05-01T10:09:49.204+0000] {logging_mixin.py:190} INFO - [2025-05-01T10:09:49.204+0000] {dag.py:3239} INFO - Sync 1 DAGs
[2025-05-01T10:09:49.213+0000] {logging_mixin.py:190} INFO - [2025-05-01T10:09:49.212+0000] {dag.py:4180} INFO - Setting next_dagrun for example_trigger_controller_dag to 2021-01-01 00:00:00+00:00, run_after=2021-01-01 00:00:00+00:00
[2025-05-01T10:09:49.219+0000] {processor.py:208} INFO - Processing /home/airflow/.local/lib/python3.11/site-packages/airflow/example_dags/example_trigger_controller_dag.py took 0.036 seconds
[2025-05-01T10:10:19.423+0000] {processor.py:186} INFO - Started process (PID=1174) to work on /home/airflow/.local/lib/python3.11/site-packages/airflow/example_dags/example_trigger_controller_dag.py
[2025-05-01T10:10:19.426+0000] {processor.py:914} INFO - Processing file /home/airflow/.local/lib/python3.11/site-packages/airflow/example_dags/example_trigger_controller_dag.py for tasks to queue
[2025-05-01T10:10:19.427+0000] {logging_mixin.py:190} INFO - [2025-05-01T10:10:19.427+0000] {dagbag.py:588} INFO - Filling up the DagBag from /home/airflow/.local/lib/python3.11/site-packages/airflow/example_dags/example_trigger_controller_dag.py
[2025-05-01T10:10:19.432+0000] {processor.py:925} INFO - DAG(s) 'example_trigger_controller_dag' retrieved from /home/airflow/.local/lib/python3.11/site-packages/airflow/example_dags/example_trigger_controller_dag.py
[2025-05-01T10:10:19.444+0000] {logging_mixin.py:190} INFO - [2025-05-01T10:10:19.444+0000] {dag.py:3239} INFO - Sync 1 DAGs
[2025-05-01T10:10:19.454+0000] {logging_mixin.py:190} INFO - [2025-05-01T10:10:19.454+0000] {dag.py:4180} INFO - Setting next_dagrun for example_trigger_controller_dag to 2021-01-01 00:00:00+00:00, run_after=2021-01-01 00:00:00+00:00
[2025-05-01T10:10:19.461+0000] {processor.py:208} INFO - Processing /home/airflow/.local/lib/python3.11/site-packages/airflow/example_dags/example_trigger_controller_dag.py took 0.041 seconds
[2025-05-01T10:10:49.779+0000] {processor.py:186} INFO - Started process (PID=1246) to work on /home/airflow/.local/lib/python3.11/site-packages/airflow/example_dags/example_trigger_controller_dag.py
[2025-05-01T10:10:49.780+0000] {processor.py:914} INFO - Processing file /home/airflow/.local/lib/python3.11/site-packages/airflow/example_dags/example_trigger_controller_dag.py for tasks to queue
[2025-05-01T10:10:49.781+0000] {logging_mixin.py:190} INFO - [2025-05-01T10:10:49.781+0000] {dagbag.py:588} INFO - Filling up the DagBag from /home/airflow/.local/lib/python3.11/site-packages/airflow/example_dags/example_trigger_controller_dag.py
[2025-05-01T10:10:49.786+0000] {processor.py:925} INFO - DAG(s) 'example_trigger_controller_dag' retrieved from /home/airflow/.local/lib/python3.11/site-packages/airflow/example_dags/example_trigger_controller_dag.py
[2025-05-01T10:10:49.801+0000] {logging_mixin.py:190} INFO - [2025-05-01T10:10:49.800+0000] {dag.py:3239} INFO - Sync 1 DAGs
[2025-05-01T10:10:49.817+0000] {logging_mixin.py:190} INFO - [2025-05-01T10:10:49.817+0000] {dag.py:4180} INFO - Setting next_dagrun for example_trigger_controller_dag to 2021-01-01 00:00:00+00:00, run_after=2021-01-01 00:00:00+00:00
[2025-05-01T10:10:49.832+0000] {processor.py:208} INFO - Processing /home/airflow/.local/lib/python3.11/site-packages/airflow/example_dags/example_trigger_controller_dag.py took 0.058 seconds
[2025-05-01T10:21:37.208+0000] {processor.py:186} INFO - Started process (PID=1321) to work on /home/airflow/.local/lib/python3.11/site-packages/airflow/example_dags/example_trigger_controller_dag.py
[2025-05-01T10:21:37.220+0000] {processor.py:914} INFO - Processing file /home/airflow/.local/lib/python3.11/site-packages/airflow/example_dags/example_trigger_controller_dag.py for tasks to queue
[2025-05-01T10:21:37.232+0000] {logging_mixin.py:190} INFO - [2025-05-01T10:21:37.229+0000] {dagbag.py:588} INFO - Filling up the DagBag from /home/airflow/.local/lib/python3.11/site-packages/airflow/example_dags/example_trigger_controller_dag.py
[2025-05-01T10:21:37.248+0000] {processor.py:925} INFO - DAG(s) 'example_trigger_controller_dag' retrieved from /home/airflow/.local/lib/python3.11/site-packages/airflow/example_dags/example_trigger_controller_dag.py
[2025-05-01T10:21:37.286+0000] {logging_mixin.py:190} INFO - [2025-05-01T10:21:37.285+0000] {dag.py:3239} INFO - Sync 1 DAGs
[2025-05-01T10:21:37.306+0000] {logging_mixin.py:190} INFO - [2025-05-01T10:21:37.306+0000] {dag.py:4180} INFO - Setting next_dagrun for example_trigger_controller_dag to 2021-01-01 00:00:00+00:00, run_after=2021-01-01 00:00:00+00:00
[2025-05-01T10:21:37.318+0000] {processor.py:208} INFO - Processing /home/airflow/.local/lib/python3.11/site-packages/airflow/example_dags/example_trigger_controller_dag.py took 0.121 seconds
