[2025-05-01T10:02:45.738+0000] {processor.py:186} INFO - Started process (PID=107) to work on /home/airflow/.local/lib/python3.11/site-packages/airflow/example_dags/example_dataset_alias.py
[2025-05-01T10:02:45.740+0000] {processor.py:914} INFO - Processing file /home/airflow/.local/lib/python3.11/site-packages/airflow/example_dags/example_dataset_alias.py for tasks to queue
[2025-05-01T10:02:45.744+0000] {logging_mixin.py:190} INFO - [2025-05-01T10:02:45.744+0000] {dagbag.py:588} INFO - Filling up the DagBag from /home/airflow/.local/lib/python3.11/site-packages/airflow/example_dags/example_dataset_alias.py
[2025-05-01T10:02:46.496+0000] {processor.py:925} INFO - DAG(s) 'dataset_s3_bucket_producer', 'dataset_s3_bucket_consumer', 'dataset_alias_example_alias_consumer', 'dataset_alias_example_alias_producer' retrieved from /home/airflow/.local/lib/python3.11/site-packages/airflow/example_dags/example_dataset_alias.py
[2025-05-01T10:02:46.527+0000] {logging_mixin.py:190} INFO - [2025-05-01T10:02:46.526+0000] {dag.py:3239} INFO - Sync 4 DAGs
[2025-05-01T10:02:46.547+0000] {logging_mixin.py:190} INFO - [2025-05-01T10:02:46.546+0000] {dag.py:4180} INFO - Setting next_dagrun for dataset_alias_example_alias_consumer to None, run_after=None
[2025-05-01T10:02:46.553+0000] {logging_mixin.py:190} INFO - [2025-05-01T10:02:46.552+0000] {dag.py:4180} INFO - Setting next_dagrun for dataset_alias_example_alias_producer to None, run_after=None
[2025-05-01T10:02:46.554+0000] {logging_mixin.py:190} INFO - [2025-05-01T10:02:46.554+0000] {dag.py:4180} INFO - Setting next_dagrun for dataset_s3_bucket_consumer to None, run_after=None
[2025-05-01T10:02:46.555+0000] {logging_mixin.py:190} INFO - [2025-05-01T10:02:46.555+0000] {dag.py:4180} INFO - Setting next_dagrun for dataset_s3_bucket_producer to None, run_after=None
[2025-05-01T10:02:46.596+0000] {processor.py:208} INFO - Processing /home/airflow/.local/lib/python3.11/site-packages/airflow/example_dags/example_dataset_alias.py took 0.869 seconds
[2025-05-01T10:03:17.282+0000] {processor.py:186} INFO - Started process (PID=180) to work on /home/airflow/.local/lib/python3.11/site-packages/airflow/example_dags/example_dataset_alias.py
[2025-05-01T10:03:17.285+0000] {processor.py:914} INFO - Processing file /home/airflow/.local/lib/python3.11/site-packages/airflow/example_dags/example_dataset_alias.py for tasks to queue
[2025-05-01T10:03:17.287+0000] {logging_mixin.py:190} INFO - [2025-05-01T10:03:17.287+0000] {dagbag.py:588} INFO - Filling up the DagBag from /home/airflow/.local/lib/python3.11/site-packages/airflow/example_dags/example_dataset_alias.py
[2025-05-01T10:03:17.533+0000] {processor.py:925} INFO - DAG(s) 'dataset_s3_bucket_producer', 'dataset_alias_example_alias_consumer', 'dataset_alias_example_alias_producer', 'dataset_s3_bucket_consumer' retrieved from /home/airflow/.local/lib/python3.11/site-packages/airflow/example_dags/example_dataset_alias.py
[2025-05-01T10:03:17.546+0000] {logging_mixin.py:190} INFO - [2025-05-01T10:03:17.546+0000] {dag.py:3239} INFO - Sync 4 DAGs
[2025-05-01T10:03:17.558+0000] {logging_mixin.py:190} INFO - [2025-05-01T10:03:17.558+0000] {dag.py:4180} INFO - Setting next_dagrun for dataset_alias_example_alias_consumer to None, run_after=None
[2025-05-01T10:03:17.559+0000] {logging_mixin.py:190} INFO - [2025-05-01T10:03:17.559+0000] {dag.py:4180} INFO - Setting next_dagrun for dataset_alias_example_alias_producer to None, run_after=None
[2025-05-01T10:03:17.560+0000] {logging_mixin.py:190} INFO - [2025-05-01T10:03:17.560+0000] {dag.py:4180} INFO - Setting next_dagrun for dataset_s3_bucket_consumer to None, run_after=None
[2025-05-01T10:03:17.560+0000] {logging_mixin.py:190} INFO - [2025-05-01T10:03:17.560+0000] {dag.py:4180} INFO - Setting next_dagrun for dataset_s3_bucket_producer to None, run_after=None
[2025-05-01T10:03:17.575+0000] {processor.py:208} INFO - Processing /home/airflow/.local/lib/python3.11/site-packages/airflow/example_dags/example_dataset_alias.py took 0.300 seconds
[2025-05-01T10:03:48.134+0000] {processor.py:186} INFO - Started process (PID=246) to work on /home/airflow/.local/lib/python3.11/site-packages/airflow/example_dags/example_dataset_alias.py
[2025-05-01T10:03:48.135+0000] {processor.py:914} INFO - Processing file /home/airflow/.local/lib/python3.11/site-packages/airflow/example_dags/example_dataset_alias.py for tasks to queue
[2025-05-01T10:03:48.138+0000] {logging_mixin.py:190} INFO - [2025-05-01T10:03:48.138+0000] {dagbag.py:588} INFO - Filling up the DagBag from /home/airflow/.local/lib/python3.11/site-packages/airflow/example_dags/example_dataset_alias.py
[2025-05-01T10:03:48.390+0000] {processor.py:925} INFO - DAG(s) 'dataset_s3_bucket_consumer', 'dataset_s3_bucket_producer', 'dataset_alias_example_alias_consumer', 'dataset_alias_example_alias_producer' retrieved from /home/airflow/.local/lib/python3.11/site-packages/airflow/example_dags/example_dataset_alias.py
[2025-05-01T10:03:48.400+0000] {logging_mixin.py:190} INFO - [2025-05-01T10:03:48.400+0000] {dag.py:3239} INFO - Sync 4 DAGs
[2025-05-01T10:03:48.416+0000] {logging_mixin.py:190} INFO - [2025-05-01T10:03:48.416+0000] {dag.py:4180} INFO - Setting next_dagrun for dataset_alias_example_alias_consumer to None, run_after=None
[2025-05-01T10:03:48.417+0000] {logging_mixin.py:190} INFO - [2025-05-01T10:03:48.417+0000] {dag.py:4180} INFO - Setting next_dagrun for dataset_alias_example_alias_producer to None, run_after=None
[2025-05-01T10:03:48.418+0000] {logging_mixin.py:190} INFO - [2025-05-01T10:03:48.418+0000] {dag.py:4180} INFO - Setting next_dagrun for dataset_s3_bucket_consumer to None, run_after=None
[2025-05-01T10:03:48.418+0000] {logging_mixin.py:190} INFO - [2025-05-01T10:03:48.418+0000] {dag.py:4180} INFO - Setting next_dagrun for dataset_s3_bucket_producer to None, run_after=None
[2025-05-01T10:03:48.429+0000] {processor.py:208} INFO - Processing /home/airflow/.local/lib/python3.11/site-packages/airflow/example_dags/example_dataset_alias.py took 0.301 seconds
[2025-05-01T10:04:19.433+0000] {processor.py:186} INFO - Started process (PID=318) to work on /home/airflow/.local/lib/python3.11/site-packages/airflow/example_dags/example_dataset_alias.py
[2025-05-01T10:04:19.438+0000] {processor.py:914} INFO - Processing file /home/airflow/.local/lib/python3.11/site-packages/airflow/example_dags/example_dataset_alias.py for tasks to queue
[2025-05-01T10:04:19.444+0000] {logging_mixin.py:190} INFO - [2025-05-01T10:04:19.444+0000] {dagbag.py:588} INFO - Filling up the DagBag from /home/airflow/.local/lib/python3.11/site-packages/airflow/example_dags/example_dataset_alias.py
[2025-05-01T10:04:19.775+0000] {processor.py:925} INFO - DAG(s) 'dataset_alias_example_alias_producer', 'dataset_s3_bucket_producer', 'dataset_s3_bucket_consumer', 'dataset_alias_example_alias_consumer' retrieved from /home/airflow/.local/lib/python3.11/site-packages/airflow/example_dags/example_dataset_alias.py
[2025-05-01T10:04:19.793+0000] {logging_mixin.py:190} INFO - [2025-05-01T10:04:19.792+0000] {dag.py:3239} INFO - Sync 4 DAGs
[2025-05-01T10:04:19.811+0000] {logging_mixin.py:190} INFO - [2025-05-01T10:04:19.811+0000] {dag.py:4180} INFO - Setting next_dagrun for dataset_alias_example_alias_consumer to None, run_after=None
[2025-05-01T10:04:19.812+0000] {logging_mixin.py:190} INFO - [2025-05-01T10:04:19.812+0000] {dag.py:4180} INFO - Setting next_dagrun for dataset_alias_example_alias_producer to None, run_after=None
[2025-05-01T10:04:19.813+0000] {logging_mixin.py:190} INFO - [2025-05-01T10:04:19.813+0000] {dag.py:4180} INFO - Setting next_dagrun for dataset_s3_bucket_consumer to None, run_after=None
[2025-05-01T10:04:19.814+0000] {logging_mixin.py:190} INFO - [2025-05-01T10:04:19.814+0000] {dag.py:4180} INFO - Setting next_dagrun for dataset_s3_bucket_producer to None, run_after=None
[2025-05-01T10:04:19.826+0000] {processor.py:208} INFO - Processing /home/airflow/.local/lib/python3.11/site-packages/airflow/example_dags/example_dataset_alias.py took 0.413 seconds
[2025-05-01T10:04:50.594+0000] {processor.py:186} INFO - Started process (PID=391) to work on /home/airflow/.local/lib/python3.11/site-packages/airflow/example_dags/example_dataset_alias.py
[2025-05-01T10:04:50.596+0000] {processor.py:914} INFO - Processing file /home/airflow/.local/lib/python3.11/site-packages/airflow/example_dags/example_dataset_alias.py for tasks to queue
[2025-05-01T10:04:50.607+0000] {logging_mixin.py:190} INFO - [2025-05-01T10:04:50.607+0000] {dagbag.py:588} INFO - Filling up the DagBag from /home/airflow/.local/lib/python3.11/site-packages/airflow/example_dags/example_dataset_alias.py
[2025-05-01T10:04:50.899+0000] {processor.py:925} INFO - DAG(s) 'dataset_s3_bucket_producer', 'dataset_alias_example_alias_producer', 'dataset_alias_example_alias_consumer', 'dataset_s3_bucket_consumer' retrieved from /home/airflow/.local/lib/python3.11/site-packages/airflow/example_dags/example_dataset_alias.py
[2025-05-01T10:04:50.911+0000] {logging_mixin.py:190} INFO - [2025-05-01T10:04:50.911+0000] {dag.py:3239} INFO - Sync 4 DAGs
[2025-05-01T10:04:50.928+0000] {logging_mixin.py:190} INFO - [2025-05-01T10:04:50.927+0000] {dag.py:4180} INFO - Setting next_dagrun for dataset_alias_example_alias_consumer to None, run_after=None
[2025-05-01T10:04:50.933+0000] {logging_mixin.py:190} INFO - [2025-05-01T10:04:50.933+0000] {dag.py:4180} INFO - Setting next_dagrun for dataset_alias_example_alias_producer to None, run_after=None
[2025-05-01T10:04:50.934+0000] {logging_mixin.py:190} INFO - [2025-05-01T10:04:50.934+0000] {dag.py:4180} INFO - Setting next_dagrun for dataset_s3_bucket_consumer to None, run_after=None
[2025-05-01T10:04:50.935+0000] {logging_mixin.py:190} INFO - [2025-05-01T10:04:50.934+0000] {dag.py:4180} INFO - Setting next_dagrun for dataset_s3_bucket_producer to None, run_after=None
[2025-05-01T10:04:50.947+0000] {processor.py:208} INFO - Processing /home/airflow/.local/lib/python3.11/site-packages/airflow/example_dags/example_dataset_alias.py took 0.370 seconds
[2025-05-01T10:05:21.710+0000] {processor.py:186} INFO - Started process (PID=464) to work on /home/airflow/.local/lib/python3.11/site-packages/airflow/example_dags/example_dataset_alias.py
[2025-05-01T10:05:21.714+0000] {processor.py:914} INFO - Processing file /home/airflow/.local/lib/python3.11/site-packages/airflow/example_dags/example_dataset_alias.py for tasks to queue
[2025-05-01T10:05:21.725+0000] {logging_mixin.py:190} INFO - [2025-05-01T10:05:21.725+0000] {dagbag.py:588} INFO - Filling up the DagBag from /home/airflow/.local/lib/python3.11/site-packages/airflow/example_dags/example_dataset_alias.py
[2025-05-01T10:05:22.954+0000] {processor.py:925} INFO - DAG(s) 'dataset_s3_bucket_consumer', 'dataset_s3_bucket_producer', 'dataset_alias_example_alias_consumer', 'dataset_alias_example_alias_producer' retrieved from /home/airflow/.local/lib/python3.11/site-packages/airflow/example_dags/example_dataset_alias.py
[2025-05-01T10:05:22.975+0000] {logging_mixin.py:190} INFO - [2025-05-01T10:05:22.974+0000] {dag.py:3239} INFO - Sync 4 DAGs
[2025-05-01T10:05:23.017+0000] {logging_mixin.py:190} INFO - [2025-05-01T10:05:23.017+0000] {dag.py:4180} INFO - Setting next_dagrun for dataset_alias_example_alias_consumer to None, run_after=None
[2025-05-01T10:05:23.019+0000] {logging_mixin.py:190} INFO - [2025-05-01T10:05:23.019+0000] {dag.py:4180} INFO - Setting next_dagrun for dataset_alias_example_alias_producer to None, run_after=None
[2025-05-01T10:05:23.020+0000] {logging_mixin.py:190} INFO - [2025-05-01T10:05:23.020+0000] {dag.py:4180} INFO - Setting next_dagrun for dataset_s3_bucket_consumer to None, run_after=None
[2025-05-01T10:05:23.021+0000] {logging_mixin.py:190} INFO - [2025-05-01T10:05:23.020+0000] {dag.py:4180} INFO - Setting next_dagrun for dataset_s3_bucket_producer to None, run_after=None
[2025-05-01T10:05:23.040+0000] {processor.py:208} INFO - Processing /home/airflow/.local/lib/python3.11/site-packages/airflow/example_dags/example_dataset_alias.py took 1.389 seconds
[2025-05-01T10:05:53.470+0000] {processor.py:186} INFO - Started process (PID=537) to work on /home/airflow/.local/lib/python3.11/site-packages/airflow/example_dags/example_dataset_alias.py
[2025-05-01T10:05:53.475+0000] {processor.py:914} INFO - Processing file /home/airflow/.local/lib/python3.11/site-packages/airflow/example_dags/example_dataset_alias.py for tasks to queue
[2025-05-01T10:05:53.489+0000] {logging_mixin.py:190} INFO - [2025-05-01T10:05:53.489+0000] {dagbag.py:588} INFO - Filling up the DagBag from /home/airflow/.local/lib/python3.11/site-packages/airflow/example_dags/example_dataset_alias.py
[2025-05-01T10:05:54.037+0000] {processor.py:925} INFO - DAG(s) 'dataset_alias_example_alias_consumer', 'dataset_s3_bucket_consumer', 'dataset_alias_example_alias_producer', 'dataset_s3_bucket_producer' retrieved from /home/airflow/.local/lib/python3.11/site-packages/airflow/example_dags/example_dataset_alias.py
[2025-05-01T10:05:54.053+0000] {logging_mixin.py:190} INFO - [2025-05-01T10:05:54.052+0000] {dag.py:3239} INFO - Sync 4 DAGs
[2025-05-01T10:05:54.083+0000] {logging_mixin.py:190} INFO - [2025-05-01T10:05:54.083+0000] {dag.py:4180} INFO - Setting next_dagrun for dataset_alias_example_alias_consumer to None, run_after=None
[2025-05-01T10:05:54.086+0000] {logging_mixin.py:190} INFO - [2025-05-01T10:05:54.086+0000] {dag.py:4180} INFO - Setting next_dagrun for dataset_alias_example_alias_producer to None, run_after=None
[2025-05-01T10:05:54.088+0000] {logging_mixin.py:190} INFO - [2025-05-01T10:05:54.088+0000] {dag.py:4180} INFO - Setting next_dagrun for dataset_s3_bucket_consumer to None, run_after=None
[2025-05-01T10:05:54.089+0000] {logging_mixin.py:190} INFO - [2025-05-01T10:05:54.089+0000] {dag.py:4180} INFO - Setting next_dagrun for dataset_s3_bucket_producer to None, run_after=None
[2025-05-01T10:05:54.112+0000] {processor.py:208} INFO - Processing /home/airflow/.local/lib/python3.11/site-packages/airflow/example_dags/example_dataset_alias.py took 0.663 seconds
[2025-05-01T10:06:24.542+0000] {processor.py:186} INFO - Started process (PID=610) to work on /home/airflow/.local/lib/python3.11/site-packages/airflow/example_dags/example_dataset_alias.py
[2025-05-01T10:06:24.544+0000] {processor.py:914} INFO - Processing file /home/airflow/.local/lib/python3.11/site-packages/airflow/example_dags/example_dataset_alias.py for tasks to queue
[2025-05-01T10:06:24.547+0000] {logging_mixin.py:190} INFO - [2025-05-01T10:06:24.547+0000] {dagbag.py:588} INFO - Filling up the DagBag from /home/airflow/.local/lib/python3.11/site-packages/airflow/example_dags/example_dataset_alias.py
[2025-05-01T10:06:24.950+0000] {processor.py:925} INFO - DAG(s) 'dataset_s3_bucket_consumer', 'dataset_alias_example_alias_consumer', 'dataset_alias_example_alias_producer', 'dataset_s3_bucket_producer' retrieved from /home/airflow/.local/lib/python3.11/site-packages/airflow/example_dags/example_dataset_alias.py
[2025-05-01T10:06:24.961+0000] {logging_mixin.py:190} INFO - [2025-05-01T10:06:24.960+0000] {dag.py:3239} INFO - Sync 4 DAGs
[2025-05-01T10:06:24.987+0000] {logging_mixin.py:190} INFO - [2025-05-01T10:06:24.987+0000] {dag.py:4180} INFO - Setting next_dagrun for dataset_alias_example_alias_consumer to None, run_after=None
[2025-05-01T10:06:24.990+0000] {logging_mixin.py:190} INFO - [2025-05-01T10:06:24.990+0000] {dag.py:4180} INFO - Setting next_dagrun for dataset_alias_example_alias_producer to None, run_after=None
[2025-05-01T10:06:24.991+0000] {logging_mixin.py:190} INFO - [2025-05-01T10:06:24.991+0000] {dag.py:4180} INFO - Setting next_dagrun for dataset_s3_bucket_consumer to None, run_after=None
[2025-05-01T10:06:24.992+0000] {logging_mixin.py:190} INFO - [2025-05-01T10:06:24.992+0000] {dag.py:4180} INFO - Setting next_dagrun for dataset_s3_bucket_producer to None, run_after=None
[2025-05-01T10:06:25.002+0000] {processor.py:208} INFO - Processing /home/airflow/.local/lib/python3.11/site-packages/airflow/example_dags/example_dataset_alias.py took 0.481 seconds
[2025-05-01T10:06:55.194+0000] {processor.py:186} INFO - Started process (PID=683) to work on /home/airflow/.local/lib/python3.11/site-packages/airflow/example_dags/example_dataset_alias.py
[2025-05-01T10:06:55.208+0000] {processor.py:914} INFO - Processing file /home/airflow/.local/lib/python3.11/site-packages/airflow/example_dags/example_dataset_alias.py for tasks to queue
[2025-05-01T10:06:55.240+0000] {logging_mixin.py:190} INFO - [2025-05-01T10:06:55.238+0000] {dagbag.py:588} INFO - Filling up the DagBag from /home/airflow/.local/lib/python3.11/site-packages/airflow/example_dags/example_dataset_alias.py
[2025-05-01T10:06:56.395+0000] {processor.py:925} INFO - DAG(s) 'dataset_alias_example_alias_consumer', 'dataset_s3_bucket_consumer', 'dataset_alias_example_alias_producer', 'dataset_s3_bucket_producer' retrieved from /home/airflow/.local/lib/python3.11/site-packages/airflow/example_dags/example_dataset_alias.py
[2025-05-01T10:06:56.425+0000] {logging_mixin.py:190} INFO - [2025-05-01T10:06:56.422+0000] {dag.py:3239} INFO - Sync 4 DAGs
[2025-05-01T10:06:56.464+0000] {logging_mixin.py:190} INFO - [2025-05-01T10:06:56.463+0000] {dag.py:4180} INFO - Setting next_dagrun for dataset_alias_example_alias_consumer to None, run_after=None
[2025-05-01T10:06:56.466+0000] {logging_mixin.py:190} INFO - [2025-05-01T10:06:56.466+0000] {dag.py:4180} INFO - Setting next_dagrun for dataset_alias_example_alias_producer to None, run_after=None
[2025-05-01T10:06:56.467+0000] {logging_mixin.py:190} INFO - [2025-05-01T10:06:56.467+0000] {dag.py:4180} INFO - Setting next_dagrun for dataset_s3_bucket_consumer to None, run_after=None
[2025-05-01T10:06:56.467+0000] {logging_mixin.py:190} INFO - [2025-05-01T10:06:56.467+0000] {dag.py:4180} INFO - Setting next_dagrun for dataset_s3_bucket_producer to None, run_after=None
[2025-05-01T10:06:56.492+0000] {processor.py:208} INFO - Processing /home/airflow/.local/lib/python3.11/site-packages/airflow/example_dags/example_dataset_alias.py took 1.360 seconds
[2025-05-01T10:07:26.713+0000] {processor.py:186} INFO - Started process (PID=757) to work on /home/airflow/.local/lib/python3.11/site-packages/airflow/example_dags/example_dataset_alias.py
[2025-05-01T10:07:26.715+0000] {processor.py:914} INFO - Processing file /home/airflow/.local/lib/python3.11/site-packages/airflow/example_dags/example_dataset_alias.py for tasks to queue
[2025-05-01T10:07:26.718+0000] {logging_mixin.py:190} INFO - [2025-05-01T10:07:26.717+0000] {dagbag.py:588} INFO - Filling up the DagBag from /home/airflow/.local/lib/python3.11/site-packages/airflow/example_dags/example_dataset_alias.py
[2025-05-01T10:07:27.066+0000] {processor.py:925} INFO - DAG(s) 'dataset_alias_example_alias_producer', 'dataset_alias_example_alias_consumer', 'dataset_s3_bucket_consumer', 'dataset_s3_bucket_producer' retrieved from /home/airflow/.local/lib/python3.11/site-packages/airflow/example_dags/example_dataset_alias.py
[2025-05-01T10:07:27.079+0000] {logging_mixin.py:190} INFO - [2025-05-01T10:07:27.079+0000] {dag.py:3239} INFO - Sync 4 DAGs
[2025-05-01T10:07:27.089+0000] {logging_mixin.py:190} INFO - [2025-05-01T10:07:27.089+0000] {dag.py:4180} INFO - Setting next_dagrun for dataset_alias_example_alias_consumer to None, run_after=None
[2025-05-01T10:07:27.090+0000] {logging_mixin.py:190} INFO - [2025-05-01T10:07:27.090+0000] {dag.py:4180} INFO - Setting next_dagrun for dataset_alias_example_alias_producer to None, run_after=None
[2025-05-01T10:07:27.091+0000] {logging_mixin.py:190} INFO - [2025-05-01T10:07:27.091+0000] {dag.py:4180} INFO - Setting next_dagrun for dataset_s3_bucket_consumer to None, run_after=None
[2025-05-01T10:07:27.091+0000] {logging_mixin.py:190} INFO - [2025-05-01T10:07:27.091+0000] {dag.py:4180} INFO - Setting next_dagrun for dataset_s3_bucket_producer to None, run_after=None
[2025-05-01T10:07:27.106+0000] {processor.py:208} INFO - Processing /home/airflow/.local/lib/python3.11/site-packages/airflow/example_dags/example_dataset_alias.py took 0.400 seconds
[2025-05-01T10:07:57.189+0000] {processor.py:186} INFO - Started process (PID=833) to work on /home/airflow/.local/lib/python3.11/site-packages/airflow/example_dags/example_dataset_alias.py
[2025-05-01T10:07:57.195+0000] {processor.py:914} INFO - Processing file /home/airflow/.local/lib/python3.11/site-packages/airflow/example_dags/example_dataset_alias.py for tasks to queue
[2025-05-01T10:07:57.199+0000] {logging_mixin.py:190} INFO - [2025-05-01T10:07:57.198+0000] {dagbag.py:588} INFO - Filling up the DagBag from /home/airflow/.local/lib/python3.11/site-packages/airflow/example_dags/example_dataset_alias.py
[2025-05-01T10:07:57.455+0000] {processor.py:925} INFO - DAG(s) 'dataset_alias_example_alias_consumer', 'dataset_s3_bucket_producer', 'dataset_s3_bucket_consumer', 'dataset_alias_example_alias_producer' retrieved from /home/airflow/.local/lib/python3.11/site-packages/airflow/example_dags/example_dataset_alias.py
[2025-05-01T10:07:57.471+0000] {logging_mixin.py:190} INFO - [2025-05-01T10:07:57.471+0000] {dag.py:3239} INFO - Sync 4 DAGs
[2025-05-01T10:07:57.483+0000] {logging_mixin.py:190} INFO - [2025-05-01T10:07:57.483+0000] {dag.py:4180} INFO - Setting next_dagrun for dataset_alias_example_alias_consumer to None, run_after=None
[2025-05-01T10:07:57.485+0000] {logging_mixin.py:190} INFO - [2025-05-01T10:07:57.485+0000] {dag.py:4180} INFO - Setting next_dagrun for dataset_alias_example_alias_producer to None, run_after=None
[2025-05-01T10:07:57.486+0000] {logging_mixin.py:190} INFO - [2025-05-01T10:07:57.486+0000] {dag.py:4180} INFO - Setting next_dagrun for dataset_s3_bucket_consumer to None, run_after=None
[2025-05-01T10:07:57.486+0000] {logging_mixin.py:190} INFO - [2025-05-01T10:07:57.486+0000] {dag.py:4180} INFO - Setting next_dagrun for dataset_s3_bucket_producer to None, run_after=None
[2025-05-01T10:07:57.495+0000] {processor.py:208} INFO - Processing /home/airflow/.local/lib/python3.11/site-packages/airflow/example_dags/example_dataset_alias.py took 0.320 seconds
[2025-05-01T10:08:27.585+0000] {processor.py:186} INFO - Started process (PID=907) to work on /home/airflow/.local/lib/python3.11/site-packages/airflow/example_dags/example_dataset_alias.py
[2025-05-01T10:08:27.586+0000] {processor.py:914} INFO - Processing file /home/airflow/.local/lib/python3.11/site-packages/airflow/example_dags/example_dataset_alias.py for tasks to queue
[2025-05-01T10:08:27.587+0000] {logging_mixin.py:190} INFO - [2025-05-01T10:08:27.587+0000] {dagbag.py:588} INFO - Filling up the DagBag from /home/airflow/.local/lib/python3.11/site-packages/airflow/example_dags/example_dataset_alias.py
[2025-05-01T10:08:27.790+0000] {processor.py:925} INFO - DAG(s) 'dataset_s3_bucket_consumer', 'dataset_alias_example_alias_producer', 'dataset_alias_example_alias_consumer', 'dataset_s3_bucket_producer' retrieved from /home/airflow/.local/lib/python3.11/site-packages/airflow/example_dags/example_dataset_alias.py
[2025-05-01T10:08:27.799+0000] {logging_mixin.py:190} INFO - [2025-05-01T10:08:27.799+0000] {dag.py:3239} INFO - Sync 4 DAGs
[2025-05-01T10:08:27.810+0000] {logging_mixin.py:190} INFO - [2025-05-01T10:08:27.810+0000] {dag.py:4180} INFO - Setting next_dagrun for dataset_alias_example_alias_consumer to None, run_after=None
[2025-05-01T10:08:27.811+0000] {logging_mixin.py:190} INFO - [2025-05-01T10:08:27.811+0000] {dag.py:4180} INFO - Setting next_dagrun for dataset_alias_example_alias_producer to None, run_after=None
[2025-05-01T10:08:27.812+0000] {logging_mixin.py:190} INFO - [2025-05-01T10:08:27.812+0000] {dag.py:4180} INFO - Setting next_dagrun for dataset_s3_bucket_consumer to None, run_after=None
[2025-05-01T10:08:27.812+0000] {logging_mixin.py:190} INFO - [2025-05-01T10:08:27.812+0000] {dag.py:4180} INFO - Setting next_dagrun for dataset_s3_bucket_producer to None, run_after=None
[2025-05-01T10:08:27.823+0000] {processor.py:208} INFO - Processing /home/airflow/.local/lib/python3.11/site-packages/airflow/example_dags/example_dataset_alias.py took 0.242 seconds
[2025-05-01T10:08:57.866+0000] {processor.py:186} INFO - Started process (PID=979) to work on /home/airflow/.local/lib/python3.11/site-packages/airflow/example_dags/example_dataset_alias.py
[2025-05-01T10:08:57.866+0000] {processor.py:914} INFO - Processing file /home/airflow/.local/lib/python3.11/site-packages/airflow/example_dags/example_dataset_alias.py for tasks to queue
[2025-05-01T10:08:57.867+0000] {logging_mixin.py:190} INFO - [2025-05-01T10:08:57.867+0000] {dagbag.py:588} INFO - Filling up the DagBag from /home/airflow/.local/lib/python3.11/site-packages/airflow/example_dags/example_dataset_alias.py
[2025-05-01T10:08:58.016+0000] {processor.py:925} INFO - DAG(s) 'dataset_alias_example_alias_consumer', 'dataset_s3_bucket_producer', 'dataset_alias_example_alias_producer', 'dataset_s3_bucket_consumer' retrieved from /home/airflow/.local/lib/python3.11/site-packages/airflow/example_dags/example_dataset_alias.py
[2025-05-01T10:08:58.023+0000] {logging_mixin.py:190} INFO - [2025-05-01T10:08:58.023+0000] {dag.py:3239} INFO - Sync 4 DAGs
[2025-05-01T10:08:58.033+0000] {logging_mixin.py:190} INFO - [2025-05-01T10:08:58.033+0000] {dag.py:4180} INFO - Setting next_dagrun for dataset_alias_example_alias_consumer to None, run_after=None
[2025-05-01T10:08:58.034+0000] {logging_mixin.py:190} INFO - [2025-05-01T10:08:58.034+0000] {dag.py:4180} INFO - Setting next_dagrun for dataset_alias_example_alias_producer to None, run_after=None
[2025-05-01T10:08:58.035+0000] {logging_mixin.py:190} INFO - [2025-05-01T10:08:58.035+0000] {dag.py:4180} INFO - Setting next_dagrun for dataset_s3_bucket_consumer to None, run_after=None
[2025-05-01T10:08:58.035+0000] {logging_mixin.py:190} INFO - [2025-05-01T10:08:58.035+0000] {dag.py:4180} INFO - Setting next_dagrun for dataset_s3_bucket_producer to None, run_after=None
[2025-05-01T10:08:58.043+0000] {processor.py:208} INFO - Processing /home/airflow/.local/lib/python3.11/site-packages/airflow/example_dags/example_dataset_alias.py took 0.180 seconds
[2025-05-01T10:09:29.071+0000] {processor.py:186} INFO - Started process (PID=1052) to work on /home/airflow/.local/lib/python3.11/site-packages/airflow/example_dags/example_dataset_alias.py
[2025-05-01T10:09:29.074+0000] {processor.py:914} INFO - Processing file /home/airflow/.local/lib/python3.11/site-packages/airflow/example_dags/example_dataset_alias.py for tasks to queue
[2025-05-01T10:09:29.078+0000] {logging_mixin.py:190} INFO - [2025-05-01T10:09:29.078+0000] {dagbag.py:588} INFO - Filling up the DagBag from /home/airflow/.local/lib/python3.11/site-packages/airflow/example_dags/example_dataset_alias.py
[2025-05-01T10:09:29.272+0000] {processor.py:925} INFO - DAG(s) 'dataset_s3_bucket_consumer', 'dataset_alias_example_alias_producer', 'dataset_alias_example_alias_consumer', 'dataset_s3_bucket_producer' retrieved from /home/airflow/.local/lib/python3.11/site-packages/airflow/example_dags/example_dataset_alias.py
[2025-05-01T10:09:29.280+0000] {logging_mixin.py:190} INFO - [2025-05-01T10:09:29.279+0000] {dag.py:3239} INFO - Sync 4 DAGs
[2025-05-01T10:09:29.289+0000] {logging_mixin.py:190} INFO - [2025-05-01T10:09:29.289+0000] {dag.py:4180} INFO - Setting next_dagrun for dataset_alias_example_alias_consumer to None, run_after=None
[2025-05-01T10:09:29.291+0000] {logging_mixin.py:190} INFO - [2025-05-01T10:09:29.290+0000] {dag.py:4180} INFO - Setting next_dagrun for dataset_alias_example_alias_producer to None, run_after=None
[2025-05-01T10:09:29.291+0000] {logging_mixin.py:190} INFO - [2025-05-01T10:09:29.291+0000] {dag.py:4180} INFO - Setting next_dagrun for dataset_s3_bucket_consumer to None, run_after=None
[2025-05-01T10:09:29.291+0000] {logging_mixin.py:190} INFO - [2025-05-01T10:09:29.291+0000] {dag.py:4180} INFO - Setting next_dagrun for dataset_s3_bucket_producer to None, run_after=None
[2025-05-01T10:09:29.304+0000] {processor.py:208} INFO - Processing /home/airflow/.local/lib/python3.11/site-packages/airflow/example_dags/example_dataset_alias.py took 0.245 seconds
[2025-05-01T10:10:00.295+0000] {processor.py:186} INFO - Started process (PID=1126) to work on /home/airflow/.local/lib/python3.11/site-packages/airflow/example_dags/example_dataset_alias.py
[2025-05-01T10:10:00.297+0000] {processor.py:914} INFO - Processing file /home/airflow/.local/lib/python3.11/site-packages/airflow/example_dags/example_dataset_alias.py for tasks to queue
[2025-05-01T10:10:00.299+0000] {logging_mixin.py:190} INFO - [2025-05-01T10:10:00.299+0000] {dagbag.py:588} INFO - Filling up the DagBag from /home/airflow/.local/lib/python3.11/site-packages/airflow/example_dags/example_dataset_alias.py
[2025-05-01T10:10:00.530+0000] {processor.py:925} INFO - DAG(s) 'dataset_s3_bucket_consumer', 'dataset_s3_bucket_producer', 'dataset_alias_example_alias_producer', 'dataset_alias_example_alias_consumer' retrieved from /home/airflow/.local/lib/python3.11/site-packages/airflow/example_dags/example_dataset_alias.py
[2025-05-01T10:10:00.538+0000] {logging_mixin.py:190} INFO - [2025-05-01T10:10:00.538+0000] {dag.py:3239} INFO - Sync 4 DAGs
[2025-05-01T10:10:00.548+0000] {logging_mixin.py:190} INFO - [2025-05-01T10:10:00.548+0000] {dag.py:4180} INFO - Setting next_dagrun for dataset_alias_example_alias_consumer to None, run_after=None
[2025-05-01T10:10:00.550+0000] {logging_mixin.py:190} INFO - [2025-05-01T10:10:00.550+0000] {dag.py:4180} INFO - Setting next_dagrun for dataset_alias_example_alias_producer to None, run_after=None
[2025-05-01T10:10:00.550+0000] {logging_mixin.py:190} INFO - [2025-05-01T10:10:00.550+0000] {dag.py:4180} INFO - Setting next_dagrun for dataset_s3_bucket_consumer to None, run_after=None
[2025-05-01T10:10:00.551+0000] {logging_mixin.py:190} INFO - [2025-05-01T10:10:00.551+0000] {dag.py:4180} INFO - Setting next_dagrun for dataset_s3_bucket_producer to None, run_after=None
[2025-05-01T10:10:00.559+0000] {processor.py:208} INFO - Processing /home/airflow/.local/lib/python3.11/site-packages/airflow/example_dags/example_dataset_alias.py took 0.273 seconds
[2025-05-01T10:10:30.582+0000] {processor.py:186} INFO - Started process (PID=1201) to work on /home/airflow/.local/lib/python3.11/site-packages/airflow/example_dags/example_dataset_alias.py
[2025-05-01T10:10:30.583+0000] {processor.py:914} INFO - Processing file /home/airflow/.local/lib/python3.11/site-packages/airflow/example_dags/example_dataset_alias.py for tasks to queue
[2025-05-01T10:10:30.584+0000] {logging_mixin.py:190} INFO - [2025-05-01T10:10:30.584+0000] {dagbag.py:588} INFO - Filling up the DagBag from /home/airflow/.local/lib/python3.11/site-packages/airflow/example_dags/example_dataset_alias.py
[2025-05-01T10:10:30.728+0000] {processor.py:925} INFO - DAG(s) 'dataset_alias_example_alias_consumer', 'dataset_alias_example_alias_producer', 'dataset_s3_bucket_producer', 'dataset_s3_bucket_consumer' retrieved from /home/airflow/.local/lib/python3.11/site-packages/airflow/example_dags/example_dataset_alias.py
[2025-05-01T10:10:30.737+0000] {logging_mixin.py:190} INFO - [2025-05-01T10:10:30.736+0000] {dag.py:3239} INFO - Sync 4 DAGs
[2025-05-01T10:10:30.746+0000] {logging_mixin.py:190} INFO - [2025-05-01T10:10:30.746+0000] {dag.py:4180} INFO - Setting next_dagrun for dataset_alias_example_alias_consumer to None, run_after=None
[2025-05-01T10:10:30.747+0000] {logging_mixin.py:190} INFO - [2025-05-01T10:10:30.747+0000] {dag.py:4180} INFO - Setting next_dagrun for dataset_alias_example_alias_producer to None, run_after=None
[2025-05-01T10:10:30.747+0000] {logging_mixin.py:190} INFO - [2025-05-01T10:10:30.747+0000] {dag.py:4180} INFO - Setting next_dagrun for dataset_s3_bucket_consumer to None, run_after=None
[2025-05-01T10:10:30.748+0000] {logging_mixin.py:190} INFO - [2025-05-01T10:10:30.748+0000] {dag.py:4180} INFO - Setting next_dagrun for dataset_s3_bucket_producer to None, run_after=None
[2025-05-01T10:10:30.756+0000] {processor.py:208} INFO - Processing /home/airflow/.local/lib/python3.11/site-packages/airflow/example_dags/example_dataset_alias.py took 0.177 seconds
[2025-05-01T10:11:01.056+0000] {processor.py:186} INFO - Started process (PID=1272) to work on /home/airflow/.local/lib/python3.11/site-packages/airflow/example_dags/example_dataset_alias.py
[2025-05-01T10:11:01.059+0000] {processor.py:914} INFO - Processing file /home/airflow/.local/lib/python3.11/site-packages/airflow/example_dags/example_dataset_alias.py for tasks to queue
[2025-05-01T10:11:01.070+0000] {logging_mixin.py:190} INFO - [2025-05-01T10:11:01.068+0000] {dagbag.py:588} INFO - Filling up the DagBag from /home/airflow/.local/lib/python3.11/site-packages/airflow/example_dags/example_dataset_alias.py
[2025-05-01T10:11:01.402+0000] {processor.py:925} INFO - DAG(s) 'dataset_alias_example_alias_producer', 'dataset_s3_bucket_consumer', 'dataset_s3_bucket_producer', 'dataset_alias_example_alias_consumer' retrieved from /home/airflow/.local/lib/python3.11/site-packages/airflow/example_dags/example_dataset_alias.py
[2025-05-01T10:11:01.411+0000] {logging_mixin.py:190} INFO - [2025-05-01T10:11:01.411+0000] {dag.py:3239} INFO - Sync 4 DAGs
[2025-05-01T10:11:01.427+0000] {logging_mixin.py:190} INFO - [2025-05-01T10:11:01.426+0000] {dag.py:4180} INFO - Setting next_dagrun for dataset_alias_example_alias_consumer to None, run_after=None
[2025-05-01T10:11:01.428+0000] {logging_mixin.py:190} INFO - [2025-05-01T10:11:01.428+0000] {dag.py:4180} INFO - Setting next_dagrun for dataset_alias_example_alias_producer to None, run_after=None
[2025-05-01T10:11:01.428+0000] {logging_mixin.py:190} INFO - [2025-05-01T10:11:01.428+0000] {dag.py:4180} INFO - Setting next_dagrun for dataset_s3_bucket_consumer to None, run_after=None
[2025-05-01T10:11:01.429+0000] {logging_mixin.py:190} INFO - [2025-05-01T10:11:01.429+0000] {dag.py:4180} INFO - Setting next_dagrun for dataset_s3_bucket_producer to None, run_after=None
[2025-05-01T10:11:01.438+0000] {processor.py:208} INFO - Processing /home/airflow/.local/lib/python3.11/site-packages/airflow/example_dags/example_dataset_alias.py took 0.404 seconds
[2025-05-01T10:21:39.123+0000] {processor.py:186} INFO - Started process (PID=1339) to work on /home/airflow/.local/lib/python3.11/site-packages/airflow/example_dags/example_dataset_alias.py
[2025-05-01T10:21:39.124+0000] {processor.py:914} INFO - Processing file /home/airflow/.local/lib/python3.11/site-packages/airflow/example_dags/example_dataset_alias.py for tasks to queue
[2025-05-01T10:21:39.127+0000] {logging_mixin.py:190} INFO - [2025-05-01T10:21:39.126+0000] {dagbag.py:588} INFO - Filling up the DagBag from /home/airflow/.local/lib/python3.11/site-packages/airflow/example_dags/example_dataset_alias.py
[2025-05-01T10:21:39.517+0000] {processor.py:925} INFO - DAG(s) 'dataset_s3_bucket_consumer', 'dataset_s3_bucket_producer', 'dataset_alias_example_alias_consumer', 'dataset_alias_example_alias_producer' retrieved from /home/airflow/.local/lib/python3.11/site-packages/airflow/example_dags/example_dataset_alias.py
[2025-05-01T10:21:39.550+0000] {logging_mixin.py:190} INFO - [2025-05-01T10:21:39.550+0000] {dag.py:3239} INFO - Sync 4 DAGs
[2025-05-01T10:21:39.593+0000] {logging_mixin.py:190} INFO - [2025-05-01T10:21:39.592+0000] {dag.py:4180} INFO - Setting next_dagrun for dataset_alias_example_alias_consumer to None, run_after=None
[2025-05-01T10:21:40.095+0000] {logging_mixin.py:190} INFO - [2025-05-01T10:21:40.095+0000] {dag.py:4180} INFO - Setting next_dagrun for dataset_alias_example_alias_producer to None, run_after=None
[2025-05-01T10:21:40.096+0000] {logging_mixin.py:190} INFO - [2025-05-01T10:21:40.096+0000] {dag.py:4180} INFO - Setting next_dagrun for dataset_s3_bucket_consumer to None, run_after=None
[2025-05-01T10:21:40.098+0000] {logging_mixin.py:190} INFO - [2025-05-01T10:21:40.098+0000] {dag.py:4180} INFO - Setting next_dagrun for dataset_s3_bucket_producer to None, run_after=None
[2025-05-01T10:21:40.112+0000] {processor.py:208} INFO - Processing /home/airflow/.local/lib/python3.11/site-packages/airflow/example_dags/example_dataset_alias.py took 0.999 seconds
