[2025-05-01T10:02:49.247+0000] {processor.py:186} INFO - Started process (PID=130) to work on /home/airflow/.local/lib/python3.11/site-packages/airflow/example_dags/tutorial_taskflow_templates.py
[2025-05-01T10:02:49.247+0000] {processor.py:914} INFO - Processing file /home/airflow/.local/lib/python3.11/site-packages/airflow/example_dags/tutorial_taskflow_templates.py for tasks to queue
[2025-05-01T10:02:49.249+0000] {logging_mixin.py:190} INFO - [2025-05-01T10:02:49.249+0000] {dagbag.py:588} INFO - Filling up the DagBag from /home/airflow/.local/lib/python3.11/site-packages/airflow/example_dags/tutorial_taskflow_templates.py
[2025-05-01T10:02:49.266+0000] {processor.py:925} INFO - DAG(s) 'tutorial_taskflow_templates' retrieved from /home/airflow/.local/lib/python3.11/site-packages/airflow/example_dags/tutorial_taskflow_templates.py
[2025-05-01T10:02:49.292+0000] {logging_mixin.py:190} INFO - [2025-05-01T10:02:49.292+0000] {dag.py:3239} INFO - Sync 1 DAGs
[2025-05-01T10:02:49.317+0000] {logging_mixin.py:190} INFO - [2025-05-01T10:02:49.317+0000] {dag.py:4180} INFO - Setting next_dagrun for tutorial_taskflow_templates to 2025-04-30 00:00:00+00:00, run_after=2025-05-01 00:00:00+00:00
[2025-05-01T10:02:49.332+0000] {processor.py:208} INFO - Processing /home/airflow/.local/lib/python3.11/site-packages/airflow/example_dags/tutorial_taskflow_templates.py took 0.090 seconds
[2025-05-01T10:03:19.952+0000] {processor.py:186} INFO - Started process (PID=203) to work on /home/airflow/.local/lib/python3.11/site-packages/airflow/example_dags/tutorial_taskflow_templates.py
[2025-05-01T10:03:19.954+0000] {processor.py:914} INFO - Processing file /home/airflow/.local/lib/python3.11/site-packages/airflow/example_dags/tutorial_taskflow_templates.py for tasks to queue
[2025-05-01T10:03:19.956+0000] {logging_mixin.py:190} INFO - [2025-05-01T10:03:19.956+0000] {dagbag.py:588} INFO - Filling up the DagBag from /home/airflow/.local/lib/python3.11/site-packages/airflow/example_dags/tutorial_taskflow_templates.py
[2025-05-01T10:03:19.966+0000] {processor.py:925} INFO - DAG(s) 'tutorial_taskflow_templates' retrieved from /home/airflow/.local/lib/python3.11/site-packages/airflow/example_dags/tutorial_taskflow_templates.py
[2025-05-01T10:03:19.992+0000] {logging_mixin.py:190} INFO - [2025-05-01T10:03:19.992+0000] {dag.py:3239} INFO - Sync 1 DAGs
[2025-05-01T10:03:20.010+0000] {logging_mixin.py:190} INFO - [2025-05-01T10:03:20.010+0000] {dag.py:4180} INFO - Setting next_dagrun for tutorial_taskflow_templates to 2025-04-30 00:00:00+00:00, run_after=2025-05-01 00:00:00+00:00
[2025-05-01T10:03:20.029+0000] {processor.py:208} INFO - Processing /home/airflow/.local/lib/python3.11/site-packages/airflow/example_dags/tutorial_taskflow_templates.py took 0.081 seconds
[2025-05-01T10:03:50.775+0000] {processor.py:186} INFO - Started process (PID=276) to work on /home/airflow/.local/lib/python3.11/site-packages/airflow/example_dags/tutorial_taskflow_templates.py
[2025-05-01T10:03:50.776+0000] {processor.py:914} INFO - Processing file /home/airflow/.local/lib/python3.11/site-packages/airflow/example_dags/tutorial_taskflow_templates.py for tasks to queue
[2025-05-01T10:03:50.777+0000] {logging_mixin.py:190} INFO - [2025-05-01T10:03:50.777+0000] {dagbag.py:588} INFO - Filling up the DagBag from /home/airflow/.local/lib/python3.11/site-packages/airflow/example_dags/tutorial_taskflow_templates.py
[2025-05-01T10:03:50.787+0000] {processor.py:925} INFO - DAG(s) 'tutorial_taskflow_templates' retrieved from /home/airflow/.local/lib/python3.11/site-packages/airflow/example_dags/tutorial_taskflow_templates.py
[2025-05-01T10:03:50.800+0000] {logging_mixin.py:190} INFO - [2025-05-01T10:03:50.800+0000] {dag.py:3239} INFO - Sync 1 DAGs
[2025-05-01T10:03:50.812+0000] {logging_mixin.py:190} INFO - [2025-05-01T10:03:50.812+0000] {dag.py:4180} INFO - Setting next_dagrun for tutorial_taskflow_templates to 2025-04-30 00:00:00+00:00, run_after=2025-05-01 00:00:00+00:00
[2025-05-01T10:03:50.823+0000] {processor.py:208} INFO - Processing /home/airflow/.local/lib/python3.11/site-packages/airflow/example_dags/tutorial_taskflow_templates.py took 0.052 seconds
[2025-05-01T10:04:21.823+0000] {processor.py:186} INFO - Started process (PID=349) to work on /home/airflow/.local/lib/python3.11/site-packages/airflow/example_dags/tutorial_taskflow_templates.py
[2025-05-01T10:04:21.824+0000] {processor.py:914} INFO - Processing file /home/airflow/.local/lib/python3.11/site-packages/airflow/example_dags/tutorial_taskflow_templates.py for tasks to queue
[2025-05-01T10:04:21.825+0000] {logging_mixin.py:190} INFO - [2025-05-01T10:04:21.825+0000] {dagbag.py:588} INFO - Filling up the DagBag from /home/airflow/.local/lib/python3.11/site-packages/airflow/example_dags/tutorial_taskflow_templates.py
[2025-05-01T10:04:21.832+0000] {processor.py:925} INFO - DAG(s) 'tutorial_taskflow_templates' retrieved from /home/airflow/.local/lib/python3.11/site-packages/airflow/example_dags/tutorial_taskflow_templates.py
[2025-05-01T10:04:21.849+0000] {logging_mixin.py:190} INFO - [2025-05-01T10:04:21.848+0000] {dag.py:3239} INFO - Sync 1 DAGs
[2025-05-01T10:04:21.864+0000] {logging_mixin.py:190} INFO - [2025-05-01T10:04:21.864+0000] {dag.py:4180} INFO - Setting next_dagrun for tutorial_taskflow_templates to 2025-04-30 00:00:00+00:00, run_after=2025-05-01 00:00:00+00:00
[2025-05-01T10:04:21.874+0000] {processor.py:208} INFO - Processing /home/airflow/.local/lib/python3.11/site-packages/airflow/example_dags/tutorial_taskflow_templates.py took 0.055 seconds
[2025-05-01T10:04:51.900+0000] {processor.py:186} INFO - Started process (PID=414) to work on /home/airflow/.local/lib/python3.11/site-packages/airflow/example_dags/tutorial_taskflow_templates.py
[2025-05-01T10:04:51.901+0000] {processor.py:914} INFO - Processing file /home/airflow/.local/lib/python3.11/site-packages/airflow/example_dags/tutorial_taskflow_templates.py for tasks to queue
[2025-05-01T10:04:51.902+0000] {logging_mixin.py:190} INFO - [2025-05-01T10:04:51.902+0000] {dagbag.py:588} INFO - Filling up the DagBag from /home/airflow/.local/lib/python3.11/site-packages/airflow/example_dags/tutorial_taskflow_templates.py
[2025-05-01T10:04:51.908+0000] {processor.py:925} INFO - DAG(s) 'tutorial_taskflow_templates' retrieved from /home/airflow/.local/lib/python3.11/site-packages/airflow/example_dags/tutorial_taskflow_templates.py
[2025-05-01T10:04:51.918+0000] {logging_mixin.py:190} INFO - [2025-05-01T10:04:51.918+0000] {dag.py:3239} INFO - Sync 1 DAGs
[2025-05-01T10:04:51.929+0000] {logging_mixin.py:190} INFO - [2025-05-01T10:04:51.929+0000] {dag.py:4180} INFO - Setting next_dagrun for tutorial_taskflow_templates to 2025-04-30 00:00:00+00:00, run_after=2025-05-01 00:00:00+00:00
[2025-05-01T10:04:51.935+0000] {processor.py:208} INFO - Processing /home/airflow/.local/lib/python3.11/site-packages/airflow/example_dags/tutorial_taskflow_templates.py took 0.039 seconds
[2025-05-01T10:05:24.695+0000] {processor.py:186} INFO - Started process (PID=487) to work on /home/airflow/.local/lib/python3.11/site-packages/airflow/example_dags/tutorial_taskflow_templates.py
[2025-05-01T10:05:24.698+0000] {processor.py:914} INFO - Processing file /home/airflow/.local/lib/python3.11/site-packages/airflow/example_dags/tutorial_taskflow_templates.py for tasks to queue
[2025-05-01T10:05:24.702+0000] {logging_mixin.py:190} INFO - [2025-05-01T10:05:24.701+0000] {dagbag.py:588} INFO - Filling up the DagBag from /home/airflow/.local/lib/python3.11/site-packages/airflow/example_dags/tutorial_taskflow_templates.py
[2025-05-01T10:05:24.714+0000] {processor.py:925} INFO - DAG(s) 'tutorial_taskflow_templates' retrieved from /home/airflow/.local/lib/python3.11/site-packages/airflow/example_dags/tutorial_taskflow_templates.py
[2025-05-01T10:05:24.734+0000] {logging_mixin.py:190} INFO - [2025-05-01T10:05:24.734+0000] {dag.py:3239} INFO - Sync 1 DAGs
[2025-05-01T10:05:24.754+0000] {logging_mixin.py:190} INFO - [2025-05-01T10:05:24.754+0000] {dag.py:4180} INFO - Setting next_dagrun for tutorial_taskflow_templates to 2025-04-30 00:00:00+00:00, run_after=2025-05-01 00:00:00+00:00
[2025-05-01T10:05:24.771+0000] {processor.py:208} INFO - Processing /home/airflow/.local/lib/python3.11/site-packages/airflow/example_dags/tutorial_taskflow_templates.py took 0.084 seconds
[2025-05-01T10:05:56.239+0000] {processor.py:186} INFO - Started process (PID=560) to work on /home/airflow/.local/lib/python3.11/site-packages/airflow/example_dags/tutorial_taskflow_templates.py
[2025-05-01T10:05:56.241+0000] {processor.py:914} INFO - Processing file /home/airflow/.local/lib/python3.11/site-packages/airflow/example_dags/tutorial_taskflow_templates.py for tasks to queue
[2025-05-01T10:05:56.243+0000] {logging_mixin.py:190} INFO - [2025-05-01T10:05:56.243+0000] {dagbag.py:588} INFO - Filling up the DagBag from /home/airflow/.local/lib/python3.11/site-packages/airflow/example_dags/tutorial_taskflow_templates.py
[2025-05-01T10:05:56.277+0000] {processor.py:925} INFO - DAG(s) 'tutorial_taskflow_templates' retrieved from /home/airflow/.local/lib/python3.11/site-packages/airflow/example_dags/tutorial_taskflow_templates.py
[2025-05-01T10:05:56.304+0000] {logging_mixin.py:190} INFO - [2025-05-01T10:05:56.304+0000] {dag.py:3239} INFO - Sync 1 DAGs
[2025-05-01T10:05:56.327+0000] {logging_mixin.py:190} INFO - [2025-05-01T10:05:56.327+0000] {dag.py:4180} INFO - Setting next_dagrun for tutorial_taskflow_templates to 2025-04-30 00:00:00+00:00, run_after=2025-05-01 00:00:00+00:00
[2025-05-01T10:05:56.343+0000] {processor.py:208} INFO - Processing /home/airflow/.local/lib/python3.11/site-packages/airflow/example_dags/tutorial_taskflow_templates.py took 0.113 seconds
[2025-05-01T10:06:27.288+0000] {processor.py:186} INFO - Started process (PID=633) to work on /home/airflow/.local/lib/python3.11/site-packages/airflow/example_dags/tutorial_taskflow_templates.py
[2025-05-01T10:06:27.290+0000] {processor.py:914} INFO - Processing file /home/airflow/.local/lib/python3.11/site-packages/airflow/example_dags/tutorial_taskflow_templates.py for tasks to queue
[2025-05-01T10:06:27.300+0000] {logging_mixin.py:190} INFO - [2025-05-01T10:06:27.298+0000] {dagbag.py:588} INFO - Filling up the DagBag from /home/airflow/.local/lib/python3.11/site-packages/airflow/example_dags/tutorial_taskflow_templates.py
[2025-05-01T10:06:27.343+0000] {processor.py:925} INFO - DAG(s) 'tutorial_taskflow_templates' retrieved from /home/airflow/.local/lib/python3.11/site-packages/airflow/example_dags/tutorial_taskflow_templates.py
[2025-05-01T10:06:27.363+0000] {logging_mixin.py:190} INFO - [2025-05-01T10:06:27.363+0000] {dag.py:3239} INFO - Sync 1 DAGs
[2025-05-01T10:06:27.404+0000] {logging_mixin.py:190} INFO - [2025-05-01T10:06:27.404+0000] {dag.py:4180} INFO - Setting next_dagrun for tutorial_taskflow_templates to 2025-04-30 00:00:00+00:00, run_after=2025-05-01 00:00:00+00:00
[2025-05-01T10:06:27.426+0000] {processor.py:208} INFO - Processing /home/airflow/.local/lib/python3.11/site-packages/airflow/example_dags/tutorial_taskflow_templates.py took 0.156 seconds
[2025-05-01T10:07:00.426+0000] {processor.py:186} INFO - Started process (PID=706) to work on /home/airflow/.local/lib/python3.11/site-packages/airflow/example_dags/tutorial_taskflow_templates.py
[2025-05-01T10:07:00.435+0000] {processor.py:914} INFO - Processing file /home/airflow/.local/lib/python3.11/site-packages/airflow/example_dags/tutorial_taskflow_templates.py for tasks to queue
[2025-05-01T10:07:00.439+0000] {logging_mixin.py:190} INFO - [2025-05-01T10:07:00.439+0000] {dagbag.py:588} INFO - Filling up the DagBag from /home/airflow/.local/lib/python3.11/site-packages/airflow/example_dags/tutorial_taskflow_templates.py
[2025-05-01T10:07:00.455+0000] {processor.py:925} INFO - DAG(s) 'tutorial_taskflow_templates' retrieved from /home/airflow/.local/lib/python3.11/site-packages/airflow/example_dags/tutorial_taskflow_templates.py
[2025-05-01T10:07:00.497+0000] {logging_mixin.py:190} INFO - [2025-05-01T10:07:00.497+0000] {dag.py:3239} INFO - Sync 1 DAGs
[2025-05-01T10:07:00.539+0000] {logging_mixin.py:190} INFO - [2025-05-01T10:07:00.539+0000] {dag.py:4180} INFO - Setting next_dagrun for tutorial_taskflow_templates to 2025-04-30 00:00:00+00:00, run_after=2025-05-01 00:00:00+00:00
[2025-05-01T10:07:00.556+0000] {processor.py:208} INFO - Processing /home/airflow/.local/lib/python3.11/site-packages/airflow/example_dags/tutorial_taskflow_templates.py took 0.139 seconds
[2025-05-01T10:07:31.085+0000] {processor.py:186} INFO - Started process (PID=779) to work on /home/airflow/.local/lib/python3.11/site-packages/airflow/example_dags/tutorial_taskflow_templates.py
[2025-05-01T10:07:31.086+0000] {processor.py:914} INFO - Processing file /home/airflow/.local/lib/python3.11/site-packages/airflow/example_dags/tutorial_taskflow_templates.py for tasks to queue
[2025-05-01T10:07:31.087+0000] {logging_mixin.py:190} INFO - [2025-05-01T10:07:31.087+0000] {dagbag.py:588} INFO - Filling up the DagBag from /home/airflow/.local/lib/python3.11/site-packages/airflow/example_dags/tutorial_taskflow_templates.py
[2025-05-01T10:07:31.093+0000] {processor.py:925} INFO - DAG(s) 'tutorial_taskflow_templates' retrieved from /home/airflow/.local/lib/python3.11/site-packages/airflow/example_dags/tutorial_taskflow_templates.py
[2025-05-01T10:07:31.103+0000] {logging_mixin.py:190} INFO - [2025-05-01T10:07:31.103+0000] {dag.py:3239} INFO - Sync 1 DAGs
[2025-05-01T10:07:31.114+0000] {logging_mixin.py:190} INFO - [2025-05-01T10:07:31.114+0000] {dag.py:4180} INFO - Setting next_dagrun for tutorial_taskflow_templates to 2025-04-30 00:00:00+00:00, run_after=2025-05-01 00:00:00+00:00
[2025-05-01T10:07:31.120+0000] {processor.py:208} INFO - Processing /home/airflow/.local/lib/python3.11/site-packages/airflow/example_dags/tutorial_taskflow_templates.py took 0.039 seconds
[2025-05-01T10:08:01.332+0000] {processor.py:186} INFO - Started process (PID=852) to work on /home/airflow/.local/lib/python3.11/site-packages/airflow/example_dags/tutorial_taskflow_templates.py
[2025-05-01T10:08:01.333+0000] {processor.py:914} INFO - Processing file /home/airflow/.local/lib/python3.11/site-packages/airflow/example_dags/tutorial_taskflow_templates.py for tasks to queue
[2025-05-01T10:08:01.334+0000] {logging_mixin.py:190} INFO - [2025-05-01T10:08:01.334+0000] {dagbag.py:588} INFO - Filling up the DagBag from /home/airflow/.local/lib/python3.11/site-packages/airflow/example_dags/tutorial_taskflow_templates.py
[2025-05-01T10:08:01.341+0000] {processor.py:925} INFO - DAG(s) 'tutorial_taskflow_templates' retrieved from /home/airflow/.local/lib/python3.11/site-packages/airflow/example_dags/tutorial_taskflow_templates.py
[2025-05-01T10:08:01.356+0000] {logging_mixin.py:190} INFO - [2025-05-01T10:08:01.356+0000] {dag.py:3239} INFO - Sync 1 DAGs
[2025-05-01T10:08:01.367+0000] {logging_mixin.py:190} INFO - [2025-05-01T10:08:01.367+0000] {dag.py:4180} INFO - Setting next_dagrun for tutorial_taskflow_templates to 2025-04-30 00:00:00+00:00, run_after=2025-05-01 00:00:00+00:00
[2025-05-01T10:08:01.374+0000] {processor.py:208} INFO - Processing /home/airflow/.local/lib/python3.11/site-packages/airflow/example_dags/tutorial_taskflow_templates.py took 0.046 seconds
[2025-05-01T10:08:32.403+0000] {processor.py:186} INFO - Started process (PID=925) to work on /home/airflow/.local/lib/python3.11/site-packages/airflow/example_dags/tutorial_taskflow_templates.py
[2025-05-01T10:08:32.403+0000] {processor.py:914} INFO - Processing file /home/airflow/.local/lib/python3.11/site-packages/airflow/example_dags/tutorial_taskflow_templates.py for tasks to queue
[2025-05-01T10:08:32.405+0000] {logging_mixin.py:190} INFO - [2025-05-01T10:08:32.404+0000] {dagbag.py:588} INFO - Filling up the DagBag from /home/airflow/.local/lib/python3.11/site-packages/airflow/example_dags/tutorial_taskflow_templates.py
[2025-05-01T10:08:32.415+0000] {processor.py:925} INFO - DAG(s) 'tutorial_taskflow_templates' retrieved from /home/airflow/.local/lib/python3.11/site-packages/airflow/example_dags/tutorial_taskflow_templates.py
[2025-05-01T10:08:32.433+0000] {logging_mixin.py:190} INFO - [2025-05-01T10:08:32.433+0000] {dag.py:3239} INFO - Sync 1 DAGs
[2025-05-01T10:08:32.448+0000] {logging_mixin.py:190} INFO - [2025-05-01T10:08:32.448+0000] {dag.py:4180} INFO - Setting next_dagrun for tutorial_taskflow_templates to 2025-04-30 00:00:00+00:00, run_after=2025-05-01 00:00:00+00:00
[2025-05-01T10:08:32.458+0000] {processor.py:208} INFO - Processing /home/airflow/.local/lib/python3.11/site-packages/airflow/example_dags/tutorial_taskflow_templates.py took 0.059 seconds
[2025-05-01T10:09:02.620+0000] {processor.py:186} INFO - Started process (PID=997) to work on /home/airflow/.local/lib/python3.11/site-packages/airflow/example_dags/tutorial_taskflow_templates.py
[2025-05-01T10:09:02.620+0000] {processor.py:914} INFO - Processing file /home/airflow/.local/lib/python3.11/site-packages/airflow/example_dags/tutorial_taskflow_templates.py for tasks to queue
[2025-05-01T10:09:02.621+0000] {logging_mixin.py:190} INFO - [2025-05-01T10:09:02.621+0000] {dagbag.py:588} INFO - Filling up the DagBag from /home/airflow/.local/lib/python3.11/site-packages/airflow/example_dags/tutorial_taskflow_templates.py
[2025-05-01T10:09:02.627+0000] {processor.py:925} INFO - DAG(s) 'tutorial_taskflow_templates' retrieved from /home/airflow/.local/lib/python3.11/site-packages/airflow/example_dags/tutorial_taskflow_templates.py
[2025-05-01T10:09:02.637+0000] {logging_mixin.py:190} INFO - [2025-05-01T10:09:02.637+0000] {dag.py:3239} INFO - Sync 1 DAGs
[2025-05-01T10:09:02.647+0000] {logging_mixin.py:190} INFO - [2025-05-01T10:09:02.647+0000] {dag.py:4180} INFO - Setting next_dagrun for tutorial_taskflow_templates to 2025-04-30 00:00:00+00:00, run_after=2025-05-01 00:00:00+00:00
[2025-05-01T10:09:02.656+0000] {processor.py:208} INFO - Processing /home/airflow/.local/lib/python3.11/site-packages/airflow/example_dags/tutorial_taskflow_templates.py took 0.040 seconds
[2025-05-01T10:09:32.863+0000] {processor.py:186} INFO - Started process (PID=1070) to work on /home/airflow/.local/lib/python3.11/site-packages/airflow/example_dags/tutorial_taskflow_templates.py
[2025-05-01T10:09:32.864+0000] {processor.py:914} INFO - Processing file /home/airflow/.local/lib/python3.11/site-packages/airflow/example_dags/tutorial_taskflow_templates.py for tasks to queue
[2025-05-01T10:09:32.865+0000] {logging_mixin.py:190} INFO - [2025-05-01T10:09:32.865+0000] {dagbag.py:588} INFO - Filling up the DagBag from /home/airflow/.local/lib/python3.11/site-packages/airflow/example_dags/tutorial_taskflow_templates.py
[2025-05-01T10:09:32.871+0000] {processor.py:925} INFO - DAG(s) 'tutorial_taskflow_templates' retrieved from /home/airflow/.local/lib/python3.11/site-packages/airflow/example_dags/tutorial_taskflow_templates.py
[2025-05-01T10:09:32.882+0000] {logging_mixin.py:190} INFO - [2025-05-01T10:09:32.882+0000] {dag.py:3239} INFO - Sync 1 DAGs
[2025-05-01T10:09:32.893+0000] {logging_mixin.py:190} INFO - [2025-05-01T10:09:32.893+0000] {dag.py:4180} INFO - Setting next_dagrun for tutorial_taskflow_templates to 2025-04-30 00:00:00+00:00, run_after=2025-05-01 00:00:00+00:00
[2025-05-01T10:09:32.904+0000] {processor.py:208} INFO - Processing /home/airflow/.local/lib/python3.11/site-packages/airflow/example_dags/tutorial_taskflow_templates.py took 0.043 seconds
[2025-05-01T10:10:02.999+0000] {processor.py:186} INFO - Started process (PID=1143) to work on /home/airflow/.local/lib/python3.11/site-packages/airflow/example_dags/tutorial_taskflow_templates.py
[2025-05-01T10:10:03.000+0000] {processor.py:914} INFO - Processing file /home/airflow/.local/lib/python3.11/site-packages/airflow/example_dags/tutorial_taskflow_templates.py for tasks to queue
[2025-05-01T10:10:03.001+0000] {logging_mixin.py:190} INFO - [2025-05-01T10:10:03.001+0000] {dagbag.py:588} INFO - Filling up the DagBag from /home/airflow/.local/lib/python3.11/site-packages/airflow/example_dags/tutorial_taskflow_templates.py
[2025-05-01T10:10:03.008+0000] {processor.py:925} INFO - DAG(s) 'tutorial_taskflow_templates' retrieved from /home/airflow/.local/lib/python3.11/site-packages/airflow/example_dags/tutorial_taskflow_templates.py
[2025-05-01T10:10:03.017+0000] {logging_mixin.py:190} INFO - [2025-05-01T10:10:03.017+0000] {dag.py:3239} INFO - Sync 1 DAGs
[2025-05-01T10:10:03.028+0000] {logging_mixin.py:190} INFO - [2025-05-01T10:10:03.027+0000] {dag.py:4180} INFO - Setting next_dagrun for tutorial_taskflow_templates to 2025-04-30 00:00:00+00:00, run_after=2025-05-01 00:00:00+00:00
[2025-05-01T10:10:03.035+0000] {processor.py:208} INFO - Processing /home/airflow/.local/lib/python3.11/site-packages/airflow/example_dags/tutorial_taskflow_templates.py took 0.039 seconds
[2025-05-01T10:10:33.220+0000] {processor.py:186} INFO - Started process (PID=1215) to work on /home/airflow/.local/lib/python3.11/site-packages/airflow/example_dags/tutorial_taskflow_templates.py
[2025-05-01T10:10:33.221+0000] {processor.py:914} INFO - Processing file /home/airflow/.local/lib/python3.11/site-packages/airflow/example_dags/tutorial_taskflow_templates.py for tasks to queue
[2025-05-01T10:10:33.222+0000] {logging_mixin.py:190} INFO - [2025-05-01T10:10:33.222+0000] {dagbag.py:588} INFO - Filling up the DagBag from /home/airflow/.local/lib/python3.11/site-packages/airflow/example_dags/tutorial_taskflow_templates.py
[2025-05-01T10:10:33.229+0000] {processor.py:925} INFO - DAG(s) 'tutorial_taskflow_templates' retrieved from /home/airflow/.local/lib/python3.11/site-packages/airflow/example_dags/tutorial_taskflow_templates.py
[2025-05-01T10:10:33.238+0000] {logging_mixin.py:190} INFO - [2025-05-01T10:10:33.238+0000] {dag.py:3239} INFO - Sync 1 DAGs
[2025-05-01T10:10:33.248+0000] {logging_mixin.py:190} INFO - [2025-05-01T10:10:33.247+0000] {dag.py:4180} INFO - Setting next_dagrun for tutorial_taskflow_templates to 2025-04-30 00:00:00+00:00, run_after=2025-05-01 00:00:00+00:00
[2025-05-01T10:10:33.254+0000] {processor.py:208} INFO - Processing /home/airflow/.local/lib/python3.11/site-packages/airflow/example_dags/tutorial_taskflow_templates.py took 0.037 seconds
[2025-05-01T10:11:03.740+0000] {processor.py:186} INFO - Started process (PID=1288) to work on /home/airflow/.local/lib/python3.11/site-packages/airflow/example_dags/tutorial_taskflow_templates.py
[2025-05-01T10:11:03.742+0000] {processor.py:914} INFO - Processing file /home/airflow/.local/lib/python3.11/site-packages/airflow/example_dags/tutorial_taskflow_templates.py for tasks to queue
[2025-05-01T10:11:03.744+0000] {logging_mixin.py:190} INFO - [2025-05-01T10:11:03.744+0000] {dagbag.py:588} INFO - Filling up the DagBag from /home/airflow/.local/lib/python3.11/site-packages/airflow/example_dags/tutorial_taskflow_templates.py
[2025-05-01T10:11:03.750+0000] {processor.py:925} INFO - DAG(s) 'tutorial_taskflow_templates' retrieved from /home/airflow/.local/lib/python3.11/site-packages/airflow/example_dags/tutorial_taskflow_templates.py
[2025-05-01T10:11:03.762+0000] {logging_mixin.py:190} INFO - [2025-05-01T10:11:03.762+0000] {dag.py:3239} INFO - Sync 1 DAGs
[2025-05-01T10:11:03.772+0000] {logging_mixin.py:190} INFO - [2025-05-01T10:11:03.772+0000] {dag.py:4180} INFO - Setting next_dagrun for tutorial_taskflow_templates to 2025-04-30 00:00:00+00:00, run_after=2025-05-01 00:00:00+00:00
[2025-05-01T10:11:03.779+0000] {processor.py:208} INFO - Processing /home/airflow/.local/lib/python3.11/site-packages/airflow/example_dags/tutorial_taskflow_templates.py took 0.042 seconds
[2025-05-01T10:21:41.136+0000] {processor.py:186} INFO - Started process (PID=1362) to work on /home/airflow/.local/lib/python3.11/site-packages/airflow/example_dags/tutorial_taskflow_templates.py
[2025-05-01T10:21:41.139+0000] {processor.py:914} INFO - Processing file /home/airflow/.local/lib/python3.11/site-packages/airflow/example_dags/tutorial_taskflow_templates.py for tasks to queue
[2025-05-01T10:21:41.141+0000] {logging_mixin.py:190} INFO - [2025-05-01T10:21:41.141+0000] {dagbag.py:588} INFO - Filling up the DagBag from /home/airflow/.local/lib/python3.11/site-packages/airflow/example_dags/tutorial_taskflow_templates.py
[2025-05-01T10:21:41.147+0000] {processor.py:925} INFO - DAG(s) 'tutorial_taskflow_templates' retrieved from /home/airflow/.local/lib/python3.11/site-packages/airflow/example_dags/tutorial_taskflow_templates.py
[2025-05-01T10:21:41.163+0000] {logging_mixin.py:190} INFO - [2025-05-01T10:21:41.163+0000] {dag.py:3239} INFO - Sync 1 DAGs
[2025-05-01T10:21:41.177+0000] {logging_mixin.py:190} INFO - [2025-05-01T10:21:41.177+0000] {dag.py:4180} INFO - Setting next_dagrun for tutorial_taskflow_templates to 2025-04-30 00:00:00+00:00, run_after=2025-05-01 00:00:00+00:00
[2025-05-01T10:21:41.188+0000] {processor.py:208} INFO - Processing /home/airflow/.local/lib/python3.11/site-packages/airflow/example_dags/tutorial_taskflow_templates.py took 0.056 seconds
