[2025-05-01T10:02:48.967+0000] {processor.py:186} INFO - Started process (PID=127) to work on /home/airflow/.local/lib/python3.11/site-packages/airflow/example_dags/tutorial.py
[2025-05-01T10:02:48.970+0000] {processor.py:914} INFO - Processing file /home/airflow/.local/lib/python3.11/site-packages/airflow/example_dags/tutorial.py for tasks to queue
[2025-05-01T10:02:48.975+0000] {logging_mixin.py:190} INFO - [2025-05-01T10:02:48.975+0000] {dagbag.py:588} INFO - Filling up the DagBag from /home/airflow/.local/lib/python3.11/site-packages/airflow/example_dags/tutorial.py
[2025-05-01T10:02:48.995+0000] {processor.py:925} INFO - DAG(s) 'tutorial' retrieved from /home/airflow/.local/lib/python3.11/site-packages/airflow/example_dags/tutorial.py
[2025-05-01T10:02:49.033+0000] {logging_mixin.py:190} INFO - [2025-05-01T10:02:49.033+0000] {dag.py:3239} INFO - Sync 1 DAGs
[2025-05-01T10:02:49.067+0000] {logging_mixin.py:190} INFO - [2025-05-01T10:02:49.067+0000] {dag.py:4180} INFO - Setting next_dagrun for tutorial to 2025-04-30 00:00:00+00:00, run_after=2025-05-01 00:00:00+00:00
[2025-05-01T10:02:49.083+0000] {processor.py:208} INFO - Processing /home/airflow/.local/lib/python3.11/site-packages/airflow/example_dags/tutorial.py took 0.136 seconds
[2025-05-01T10:03:19.858+0000] {processor.py:186} INFO - Started process (PID=200) to work on /home/airflow/.local/lib/python3.11/site-packages/airflow/example_dags/tutorial.py
[2025-05-01T10:03:19.861+0000] {processor.py:914} INFO - Processing file /home/airflow/.local/lib/python3.11/site-packages/airflow/example_dags/tutorial.py for tasks to queue
[2025-05-01T10:03:19.862+0000] {logging_mixin.py:190} INFO - [2025-05-01T10:03:19.862+0000] {dagbag.py:588} INFO - Filling up the DagBag from /home/airflow/.local/lib/python3.11/site-packages/airflow/example_dags/tutorial.py
[2025-05-01T10:03:19.867+0000] {processor.py:925} INFO - DAG(s) 'tutorial' retrieved from /home/airflow/.local/lib/python3.11/site-packages/airflow/example_dags/tutorial.py
[2025-05-01T10:03:19.890+0000] {logging_mixin.py:190} INFO - [2025-05-01T10:03:19.890+0000] {dag.py:3239} INFO - Sync 1 DAGs
[2025-05-01T10:03:19.906+0000] {logging_mixin.py:190} INFO - [2025-05-01T10:03:19.906+0000] {dag.py:4180} INFO - Setting next_dagrun for tutorial to 2025-04-30 00:00:00+00:00, run_after=2025-05-01 00:00:00+00:00
[2025-05-01T10:03:19.928+0000] {processor.py:208} INFO - Processing /home/airflow/.local/lib/python3.11/site-packages/airflow/example_dags/tutorial.py took 0.073 seconds
[2025-05-01T10:03:50.685+0000] {processor.py:186} INFO - Started process (PID=273) to work on /home/airflow/.local/lib/python3.11/site-packages/airflow/example_dags/tutorial.py
[2025-05-01T10:03:50.686+0000] {processor.py:914} INFO - Processing file /home/airflow/.local/lib/python3.11/site-packages/airflow/example_dags/tutorial.py for tasks to queue
[2025-05-01T10:03:50.687+0000] {logging_mixin.py:190} INFO - [2025-05-01T10:03:50.687+0000] {dagbag.py:588} INFO - Filling up the DagBag from /home/airflow/.local/lib/python3.11/site-packages/airflow/example_dags/tutorial.py
[2025-05-01T10:03:50.693+0000] {processor.py:925} INFO - DAG(s) 'tutorial' retrieved from /home/airflow/.local/lib/python3.11/site-packages/airflow/example_dags/tutorial.py
[2025-05-01T10:03:50.707+0000] {logging_mixin.py:190} INFO - [2025-05-01T10:03:50.707+0000] {dag.py:3239} INFO - Sync 1 DAGs
[2025-05-01T10:03:50.719+0000] {logging_mixin.py:190} INFO - [2025-05-01T10:03:50.719+0000] {dag.py:4180} INFO - Setting next_dagrun for tutorial to 2025-04-30 00:00:00+00:00, run_after=2025-05-01 00:00:00+00:00
[2025-05-01T10:03:50.729+0000] {processor.py:208} INFO - Processing /home/airflow/.local/lib/python3.11/site-packages/airflow/example_dags/tutorial.py took 0.048 seconds
[2025-05-01T10:04:21.673+0000] {processor.py:186} INFO - Started process (PID=346) to work on /home/airflow/.local/lib/python3.11/site-packages/airflow/example_dags/tutorial.py
[2025-05-01T10:04:21.674+0000] {processor.py:914} INFO - Processing file /home/airflow/.local/lib/python3.11/site-packages/airflow/example_dags/tutorial.py for tasks to queue
[2025-05-01T10:04:21.675+0000] {logging_mixin.py:190} INFO - [2025-05-01T10:04:21.675+0000] {dagbag.py:588} INFO - Filling up the DagBag from /home/airflow/.local/lib/python3.11/site-packages/airflow/example_dags/tutorial.py
[2025-05-01T10:04:21.679+0000] {processor.py:925} INFO - DAG(s) 'tutorial' retrieved from /home/airflow/.local/lib/python3.11/site-packages/airflow/example_dags/tutorial.py
[2025-05-01T10:04:21.690+0000] {logging_mixin.py:190} INFO - [2025-05-01T10:04:21.690+0000] {dag.py:3239} INFO - Sync 1 DAGs
[2025-05-01T10:04:21.700+0000] {logging_mixin.py:190} INFO - [2025-05-01T10:04:21.700+0000] {dag.py:4180} INFO - Setting next_dagrun for tutorial to 2025-04-30 00:00:00+00:00, run_after=2025-05-01 00:00:00+00:00
[2025-05-01T10:04:21.708+0000] {processor.py:208} INFO - Processing /home/airflow/.local/lib/python3.11/site-packages/airflow/example_dags/tutorial.py took 0.039 seconds
[2025-05-01T10:04:51.778+0000] {processor.py:186} INFO - Started process (PID=411) to work on /home/airflow/.local/lib/python3.11/site-packages/airflow/example_dags/tutorial.py
[2025-05-01T10:04:51.778+0000] {processor.py:914} INFO - Processing file /home/airflow/.local/lib/python3.11/site-packages/airflow/example_dags/tutorial.py for tasks to queue
[2025-05-01T10:04:51.780+0000] {logging_mixin.py:190} INFO - [2025-05-01T10:04:51.779+0000] {dagbag.py:588} INFO - Filling up the DagBag from /home/airflow/.local/lib/python3.11/site-packages/airflow/example_dags/tutorial.py
[2025-05-01T10:04:51.786+0000] {processor.py:925} INFO - DAG(s) 'tutorial' retrieved from /home/airflow/.local/lib/python3.11/site-packages/airflow/example_dags/tutorial.py
[2025-05-01T10:04:51.798+0000] {logging_mixin.py:190} INFO - [2025-05-01T10:04:51.798+0000] {dag.py:3239} INFO - Sync 1 DAGs
[2025-05-01T10:04:51.810+0000] {logging_mixin.py:190} INFO - [2025-05-01T10:04:51.810+0000] {dag.py:4180} INFO - Setting next_dagrun for tutorial to 2025-04-30 00:00:00+00:00, run_after=2025-05-01 00:00:00+00:00
[2025-05-01T10:04:51.818+0000] {processor.py:208} INFO - Processing /home/airflow/.local/lib/python3.11/site-packages/airflow/example_dags/tutorial.py took 0.045 seconds
[2025-05-01T10:05:24.488+0000] {processor.py:186} INFO - Started process (PID=484) to work on /home/airflow/.local/lib/python3.11/site-packages/airflow/example_dags/tutorial.py
[2025-05-01T10:05:24.491+0000] {processor.py:914} INFO - Processing file /home/airflow/.local/lib/python3.11/site-packages/airflow/example_dags/tutorial.py for tasks to queue
[2025-05-01T10:05:24.497+0000] {logging_mixin.py:190} INFO - [2025-05-01T10:05:24.496+0000] {dagbag.py:588} INFO - Filling up the DagBag from /home/airflow/.local/lib/python3.11/site-packages/airflow/example_dags/tutorial.py
[2025-05-01T10:05:24.509+0000] {processor.py:925} INFO - DAG(s) 'tutorial' retrieved from /home/airflow/.local/lib/python3.11/site-packages/airflow/example_dags/tutorial.py
[2025-05-01T10:05:24.547+0000] {logging_mixin.py:190} INFO - [2025-05-01T10:05:24.547+0000] {dag.py:3239} INFO - Sync 1 DAGs
[2025-05-01T10:05:24.590+0000] {logging_mixin.py:190} INFO - [2025-05-01T10:05:24.590+0000] {dag.py:4180} INFO - Setting next_dagrun for tutorial to 2025-04-30 00:00:00+00:00, run_after=2025-05-01 00:00:00+00:00
[2025-05-01T10:05:24.618+0000] {processor.py:208} INFO - Processing /home/airflow/.local/lib/python3.11/site-packages/airflow/example_dags/tutorial.py took 0.149 seconds
[2025-05-01T10:05:56.040+0000] {processor.py:186} INFO - Started process (PID=557) to work on /home/airflow/.local/lib/python3.11/site-packages/airflow/example_dags/tutorial.py
[2025-05-01T10:05:56.041+0000] {processor.py:914} INFO - Processing file /home/airflow/.local/lib/python3.11/site-packages/airflow/example_dags/tutorial.py for tasks to queue
[2025-05-01T10:05:56.044+0000] {logging_mixin.py:190} INFO - [2025-05-01T10:05:56.044+0000] {dagbag.py:588} INFO - Filling up the DagBag from /home/airflow/.local/lib/python3.11/site-packages/airflow/example_dags/tutorial.py
[2025-05-01T10:05:56.051+0000] {processor.py:925} INFO - DAG(s) 'tutorial' retrieved from /home/airflow/.local/lib/python3.11/site-packages/airflow/example_dags/tutorial.py
[2025-05-01T10:05:56.071+0000] {logging_mixin.py:190} INFO - [2025-05-01T10:05:56.071+0000] {dag.py:3239} INFO - Sync 1 DAGs
[2025-05-01T10:05:56.112+0000] {logging_mixin.py:190} INFO - [2025-05-01T10:05:56.112+0000] {dag.py:4180} INFO - Setting next_dagrun for tutorial to 2025-04-30 00:00:00+00:00, run_after=2025-05-01 00:00:00+00:00
[2025-05-01T10:05:56.141+0000] {processor.py:208} INFO - Processing /home/airflow/.local/lib/python3.11/site-packages/airflow/example_dags/tutorial.py took 0.112 seconds
[2025-05-01T10:06:26.700+0000] {processor.py:186} INFO - Started process (PID=630) to work on /home/airflow/.local/lib/python3.11/site-packages/airflow/example_dags/tutorial.py
[2025-05-01T10:06:26.702+0000] {processor.py:914} INFO - Processing file /home/airflow/.local/lib/python3.11/site-packages/airflow/example_dags/tutorial.py for tasks to queue
[2025-05-01T10:06:26.713+0000] {logging_mixin.py:190} INFO - [2025-05-01T10:06:26.712+0000] {dagbag.py:588} INFO - Filling up the DagBag from /home/airflow/.local/lib/python3.11/site-packages/airflow/example_dags/tutorial.py
[2025-05-01T10:06:26.729+0000] {processor.py:925} INFO - DAG(s) 'tutorial' retrieved from /home/airflow/.local/lib/python3.11/site-packages/airflow/example_dags/tutorial.py
[2025-05-01T10:06:26.827+0000] {logging_mixin.py:190} INFO - [2025-05-01T10:06:26.827+0000] {dag.py:3239} INFO - Sync 1 DAGs
[2025-05-01T10:06:26.869+0000] {logging_mixin.py:190} INFO - [2025-05-01T10:06:26.869+0000] {dag.py:4180} INFO - Setting next_dagrun for tutorial to 2025-04-30 00:00:00+00:00, run_after=2025-05-01 00:00:00+00:00
[2025-05-01T10:06:26.952+0000] {processor.py:208} INFO - Processing /home/airflow/.local/lib/python3.11/site-packages/airflow/example_dags/tutorial.py took 0.271 seconds
[2025-05-01T10:07:00.208+0000] {processor.py:186} INFO - Started process (PID=703) to work on /home/airflow/.local/lib/python3.11/site-packages/airflow/example_dags/tutorial.py
[2025-05-01T10:07:00.210+0000] {processor.py:914} INFO - Processing file /home/airflow/.local/lib/python3.11/site-packages/airflow/example_dags/tutorial.py for tasks to queue
[2025-05-01T10:07:00.215+0000] {logging_mixin.py:190} INFO - [2025-05-01T10:07:00.215+0000] {dagbag.py:588} INFO - Filling up the DagBag from /home/airflow/.local/lib/python3.11/site-packages/airflow/example_dags/tutorial.py
[2025-05-01T10:07:00.224+0000] {processor.py:925} INFO - DAG(s) 'tutorial' retrieved from /home/airflow/.local/lib/python3.11/site-packages/airflow/example_dags/tutorial.py
[2025-05-01T10:07:00.255+0000] {logging_mixin.py:190} INFO - [2025-05-01T10:07:00.255+0000] {dag.py:3239} INFO - Sync 1 DAGs
[2025-05-01T10:07:00.280+0000] {logging_mixin.py:190} INFO - [2025-05-01T10:07:00.280+0000] {dag.py:4180} INFO - Setting next_dagrun for tutorial to 2025-04-30 00:00:00+00:00, run_after=2025-05-01 00:00:00+00:00
[2025-05-01T10:07:00.300+0000] {processor.py:208} INFO - Processing /home/airflow/.local/lib/python3.11/site-packages/airflow/example_dags/tutorial.py took 0.106 seconds
[2025-05-01T10:07:30.983+0000] {processor.py:186} INFO - Started process (PID=776) to work on /home/airflow/.local/lib/python3.11/site-packages/airflow/example_dags/tutorial.py
[2025-05-01T10:07:30.984+0000] {processor.py:914} INFO - Processing file /home/airflow/.local/lib/python3.11/site-packages/airflow/example_dags/tutorial.py for tasks to queue
[2025-05-01T10:07:30.985+0000] {logging_mixin.py:190} INFO - [2025-05-01T10:07:30.985+0000] {dagbag.py:588} INFO - Filling up the DagBag from /home/airflow/.local/lib/python3.11/site-packages/airflow/example_dags/tutorial.py
[2025-05-01T10:07:30.989+0000] {processor.py:925} INFO - DAG(s) 'tutorial' retrieved from /home/airflow/.local/lib/python3.11/site-packages/airflow/example_dags/tutorial.py
[2025-05-01T10:07:30.998+0000] {logging_mixin.py:190} INFO - [2025-05-01T10:07:30.998+0000] {dag.py:3239} INFO - Sync 1 DAGs
[2025-05-01T10:07:31.008+0000] {logging_mixin.py:190} INFO - [2025-05-01T10:07:31.007+0000] {dag.py:4180} INFO - Setting next_dagrun for tutorial to 2025-04-30 00:00:00+00:00, run_after=2025-05-01 00:00:00+00:00
[2025-05-01T10:07:31.014+0000] {processor.py:208} INFO - Processing /home/airflow/.local/lib/python3.11/site-packages/airflow/example_dags/tutorial.py took 0.034 seconds
[2025-05-01T10:08:01.259+0000] {processor.py:186} INFO - Started process (PID=849) to work on /home/airflow/.local/lib/python3.11/site-packages/airflow/example_dags/tutorial.py
[2025-05-01T10:08:01.260+0000] {processor.py:914} INFO - Processing file /home/airflow/.local/lib/python3.11/site-packages/airflow/example_dags/tutorial.py for tasks to queue
[2025-05-01T10:08:01.263+0000] {logging_mixin.py:190} INFO - [2025-05-01T10:08:01.262+0000] {dagbag.py:588} INFO - Filling up the DagBag from /home/airflow/.local/lib/python3.11/site-packages/airflow/example_dags/tutorial.py
[2025-05-01T10:08:01.267+0000] {processor.py:925} INFO - DAG(s) 'tutorial' retrieved from /home/airflow/.local/lib/python3.11/site-packages/airflow/example_dags/tutorial.py
[2025-05-01T10:08:01.280+0000] {logging_mixin.py:190} INFO - [2025-05-01T10:08:01.280+0000] {dag.py:3239} INFO - Sync 1 DAGs
[2025-05-01T10:08:01.294+0000] {logging_mixin.py:190} INFO - [2025-05-01T10:08:01.294+0000] {dag.py:4180} INFO - Setting next_dagrun for tutorial to 2025-04-30 00:00:00+00:00, run_after=2025-05-01 00:00:00+00:00
[2025-05-01T10:08:01.306+0000] {processor.py:208} INFO - Processing /home/airflow/.local/lib/python3.11/site-packages/airflow/example_dags/tutorial.py took 0.052 seconds
[2025-05-01T10:08:32.328+0000] {processor.py:186} INFO - Started process (PID=922) to work on /home/airflow/.local/lib/python3.11/site-packages/airflow/example_dags/tutorial.py
[2025-05-01T10:08:32.329+0000] {processor.py:914} INFO - Processing file /home/airflow/.local/lib/python3.11/site-packages/airflow/example_dags/tutorial.py for tasks to queue
[2025-05-01T10:08:32.330+0000] {logging_mixin.py:190} INFO - [2025-05-01T10:08:32.330+0000] {dagbag.py:588} INFO - Filling up the DagBag from /home/airflow/.local/lib/python3.11/site-packages/airflow/example_dags/tutorial.py
[2025-05-01T10:08:32.335+0000] {processor.py:925} INFO - DAG(s) 'tutorial' retrieved from /home/airflow/.local/lib/python3.11/site-packages/airflow/example_dags/tutorial.py
[2025-05-01T10:08:32.347+0000] {logging_mixin.py:190} INFO - [2025-05-01T10:08:32.347+0000] {dag.py:3239} INFO - Sync 1 DAGs
[2025-05-01T10:08:32.360+0000] {logging_mixin.py:190} INFO - [2025-05-01T10:08:32.360+0000] {dag.py:4180} INFO - Setting next_dagrun for tutorial to 2025-04-30 00:00:00+00:00, run_after=2025-05-01 00:00:00+00:00
[2025-05-01T10:08:32.375+0000] {processor.py:208} INFO - Processing /home/airflow/.local/lib/python3.11/site-packages/airflow/example_dags/tutorial.py took 0.052 seconds
[2025-05-01T10:09:02.542+0000] {processor.py:186} INFO - Started process (PID=994) to work on /home/airflow/.local/lib/python3.11/site-packages/airflow/example_dags/tutorial.py
[2025-05-01T10:09:02.542+0000] {processor.py:914} INFO - Processing file /home/airflow/.local/lib/python3.11/site-packages/airflow/example_dags/tutorial.py for tasks to queue
[2025-05-01T10:09:02.544+0000] {logging_mixin.py:190} INFO - [2025-05-01T10:09:02.544+0000] {dagbag.py:588} INFO - Filling up the DagBag from /home/airflow/.local/lib/python3.11/site-packages/airflow/example_dags/tutorial.py
[2025-05-01T10:09:02.549+0000] {processor.py:925} INFO - DAG(s) 'tutorial' retrieved from /home/airflow/.local/lib/python3.11/site-packages/airflow/example_dags/tutorial.py
[2025-05-01T10:09:02.559+0000] {logging_mixin.py:190} INFO - [2025-05-01T10:09:02.559+0000] {dag.py:3239} INFO - Sync 1 DAGs
[2025-05-01T10:09:02.570+0000] {logging_mixin.py:190} INFO - [2025-05-01T10:09:02.570+0000] {dag.py:4180} INFO - Setting next_dagrun for tutorial to 2025-04-30 00:00:00+00:00, run_after=2025-05-01 00:00:00+00:00
[2025-05-01T10:09:02.583+0000] {processor.py:208} INFO - Processing /home/airflow/.local/lib/python3.11/site-packages/airflow/example_dags/tutorial.py took 0.050 seconds
[2025-05-01T10:09:32.709+0000] {processor.py:186} INFO - Started process (PID=1067) to work on /home/airflow/.local/lib/python3.11/site-packages/airflow/example_dags/tutorial.py
[2025-05-01T10:09:32.709+0000] {processor.py:914} INFO - Processing file /home/airflow/.local/lib/python3.11/site-packages/airflow/example_dags/tutorial.py for tasks to queue
[2025-05-01T10:09:32.711+0000] {logging_mixin.py:190} INFO - [2025-05-01T10:09:32.710+0000] {dagbag.py:588} INFO - Filling up the DagBag from /home/airflow/.local/lib/python3.11/site-packages/airflow/example_dags/tutorial.py
[2025-05-01T10:09:32.715+0000] {processor.py:925} INFO - DAG(s) 'tutorial' retrieved from /home/airflow/.local/lib/python3.11/site-packages/airflow/example_dags/tutorial.py
[2025-05-01T10:09:32.726+0000] {logging_mixin.py:190} INFO - [2025-05-01T10:09:32.726+0000] {dag.py:3239} INFO - Sync 1 DAGs
[2025-05-01T10:09:32.738+0000] {logging_mixin.py:190} INFO - [2025-05-01T10:09:32.738+0000] {dag.py:4180} INFO - Setting next_dagrun for tutorial to 2025-04-30 00:00:00+00:00, run_after=2025-05-01 00:00:00+00:00
[2025-05-01T10:09:32.746+0000] {processor.py:208} INFO - Processing /home/airflow/.local/lib/python3.11/site-packages/airflow/example_dags/tutorial.py took 0.041 seconds
[2025-05-01T10:10:02.845+0000] {processor.py:186} INFO - Started process (PID=1139) to work on /home/airflow/.local/lib/python3.11/site-packages/airflow/example_dags/tutorial.py
[2025-05-01T10:10:02.846+0000] {processor.py:914} INFO - Processing file /home/airflow/.local/lib/python3.11/site-packages/airflow/example_dags/tutorial.py for tasks to queue
[2025-05-01T10:10:02.848+0000] {logging_mixin.py:190} INFO - [2025-05-01T10:10:02.847+0000] {dagbag.py:588} INFO - Filling up the DagBag from /home/airflow/.local/lib/python3.11/site-packages/airflow/example_dags/tutorial.py
[2025-05-01T10:10:02.852+0000] {processor.py:925} INFO - DAG(s) 'tutorial' retrieved from /home/airflow/.local/lib/python3.11/site-packages/airflow/example_dags/tutorial.py
[2025-05-01T10:10:02.865+0000] {logging_mixin.py:190} INFO - [2025-05-01T10:10:02.865+0000] {dag.py:3239} INFO - Sync 1 DAGs
[2025-05-01T10:10:02.876+0000] {logging_mixin.py:190} INFO - [2025-05-01T10:10:02.876+0000] {dag.py:4180} INFO - Setting next_dagrun for tutorial to 2025-04-30 00:00:00+00:00, run_after=2025-05-01 00:00:00+00:00
[2025-05-01T10:10:02.883+0000] {processor.py:208} INFO - Processing /home/airflow/.local/lib/python3.11/site-packages/airflow/example_dags/tutorial.py took 0.042 seconds
[2025-05-01T10:10:33.108+0000] {processor.py:186} INFO - Started process (PID=1212) to work on /home/airflow/.local/lib/python3.11/site-packages/airflow/example_dags/tutorial.py
[2025-05-01T10:10:33.109+0000] {processor.py:914} INFO - Processing file /home/airflow/.local/lib/python3.11/site-packages/airflow/example_dags/tutorial.py for tasks to queue
[2025-05-01T10:10:33.110+0000] {logging_mixin.py:190} INFO - [2025-05-01T10:10:33.109+0000] {dagbag.py:588} INFO - Filling up the DagBag from /home/airflow/.local/lib/python3.11/site-packages/airflow/example_dags/tutorial.py
[2025-05-01T10:10:33.114+0000] {processor.py:925} INFO - DAG(s) 'tutorial' retrieved from /home/airflow/.local/lib/python3.11/site-packages/airflow/example_dags/tutorial.py
[2025-05-01T10:10:33.128+0000] {logging_mixin.py:190} INFO - [2025-05-01T10:10:33.128+0000] {dag.py:3239} INFO - Sync 1 DAGs
[2025-05-01T10:10:33.143+0000] {logging_mixin.py:190} INFO - [2025-05-01T10:10:33.143+0000] {dag.py:4180} INFO - Setting next_dagrun for tutorial to 2025-04-30 00:00:00+00:00, run_after=2025-05-01 00:00:00+00:00
[2025-05-01T10:10:33.149+0000] {processor.py:208} INFO - Processing /home/airflow/.local/lib/python3.11/site-packages/airflow/example_dags/tutorial.py took 0.045 seconds
[2025-05-01T10:11:03.663+0000] {processor.py:186} INFO - Started process (PID=1285) to work on /home/airflow/.local/lib/python3.11/site-packages/airflow/example_dags/tutorial.py
[2025-05-01T10:11:03.664+0000] {processor.py:914} INFO - Processing file /home/airflow/.local/lib/python3.11/site-packages/airflow/example_dags/tutorial.py for tasks to queue
[2025-05-01T10:11:03.665+0000] {logging_mixin.py:190} INFO - [2025-05-01T10:11:03.665+0000] {dagbag.py:588} INFO - Filling up the DagBag from /home/airflow/.local/lib/python3.11/site-packages/airflow/example_dags/tutorial.py
[2025-05-01T10:11:03.669+0000] {processor.py:925} INFO - DAG(s) 'tutorial' retrieved from /home/airflow/.local/lib/python3.11/site-packages/airflow/example_dags/tutorial.py
[2025-05-01T10:11:03.678+0000] {logging_mixin.py:190} INFO - [2025-05-01T10:11:03.678+0000] {dag.py:3239} INFO - Sync 1 DAGs
[2025-05-01T10:11:03.692+0000] {logging_mixin.py:190} INFO - [2025-05-01T10:11:03.692+0000] {dag.py:4180} INFO - Setting next_dagrun for tutorial to 2025-04-30 00:00:00+00:00, run_after=2025-05-01 00:00:00+00:00
[2025-05-01T10:11:03.704+0000] {processor.py:208} INFO - Processing /home/airflow/.local/lib/python3.11/site-packages/airflow/example_dags/tutorial.py took 0.044 seconds
[2025-05-01T10:21:41.046+0000] {processor.py:186} INFO - Started process (PID=1359) to work on /home/airflow/.local/lib/python3.11/site-packages/airflow/example_dags/tutorial.py
[2025-05-01T10:21:41.047+0000] {processor.py:914} INFO - Processing file /home/airflow/.local/lib/python3.11/site-packages/airflow/example_dags/tutorial.py for tasks to queue
[2025-05-01T10:21:41.048+0000] {logging_mixin.py:190} INFO - [2025-05-01T10:21:41.048+0000] {dagbag.py:588} INFO - Filling up the DagBag from /home/airflow/.local/lib/python3.11/site-packages/airflow/example_dags/tutorial.py
[2025-05-01T10:21:41.053+0000] {processor.py:925} INFO - DAG(s) 'tutorial' retrieved from /home/airflow/.local/lib/python3.11/site-packages/airflow/example_dags/tutorial.py
[2025-05-01T10:21:41.070+0000] {logging_mixin.py:190} INFO - [2025-05-01T10:21:41.070+0000] {dag.py:3239} INFO - Sync 1 DAGs
[2025-05-01T10:21:41.083+0000] {logging_mixin.py:190} INFO - [2025-05-01T10:21:41.083+0000] {dag.py:4180} INFO - Setting next_dagrun for tutorial to 2025-04-30 00:00:00+00:00, run_after=2025-05-01 00:00:00+00:00
[2025-05-01T10:21:41.097+0000] {processor.py:208} INFO - Processing /home/airflow/.local/lib/python3.11/site-packages/airflow/example_dags/tutorial.py took 0.058 seconds
