[2025-05-01T10:02:49.421+0000] {processor.py:186} INFO - Started process (PID=132) to work on /home/airflow/.local/lib/python3.11/site-packages/airflow/example_dags/tutorial_objectstorage.py
[2025-05-01T10:02:49.423+0000] {processor.py:914} INFO - Processing file /home/airflow/.local/lib/python3.11/site-packages/airflow/example_dags/tutorial_objectstorage.py for tasks to queue
[2025-05-01T10:02:49.432+0000] {logging_mixin.py:190} INFO - [2025-05-01T10:02:49.431+0000] {dagbag.py:588} INFO - Filling up the DagBag from /home/airflow/.local/lib/python3.11/site-packages/airflow/example_dags/tutorial_objectstorage.py
[2025-05-01T10:02:49.503+0000] {processor.py:925} INFO - DAG(s) 'tutorial_objectstorage' retrieved from /home/airflow/.local/lib/python3.11/site-packages/airflow/example_dags/tutorial_objectstorage.py
[2025-05-01T10:02:49.544+0000] {logging_mixin.py:190} INFO - [2025-05-01T10:02:49.544+0000] {dag.py:3239} INFO - Sync 1 DAGs
[2025-05-01T10:02:49.560+0000] {logging_mixin.py:190} INFO - [2025-05-01T10:02:49.560+0000] {dag.py:4180} INFO - Setting next_dagrun for tutorial_objectstorage to None, run_after=None
[2025-05-01T10:02:49.585+0000] {processor.py:208} INFO - Processing /home/airflow/.local/lib/python3.11/site-packages/airflow/example_dags/tutorial_objectstorage.py took 0.189 seconds
[2025-05-01T10:03:20.049+0000] {processor.py:186} INFO - Started process (PID=205) to work on /home/airflow/.local/lib/python3.11/site-packages/airflow/example_dags/tutorial_objectstorage.py
[2025-05-01T10:03:20.053+0000] {processor.py:914} INFO - Processing file /home/airflow/.local/lib/python3.11/site-packages/airflow/example_dags/tutorial_objectstorage.py for tasks to queue
[2025-05-01T10:03:20.057+0000] {logging_mixin.py:190} INFO - [2025-05-01T10:03:20.057+0000] {dagbag.py:588} INFO - Filling up the DagBag from /home/airflow/.local/lib/python3.11/site-packages/airflow/example_dags/tutorial_objectstorage.py
[2025-05-01T10:03:20.063+0000] {processor.py:925} INFO - DAG(s) 'tutorial_objectstorage' retrieved from /home/airflow/.local/lib/python3.11/site-packages/airflow/example_dags/tutorial_objectstorage.py
[2025-05-01T10:03:20.079+0000] {logging_mixin.py:190} INFO - [2025-05-01T10:03:20.079+0000] {dag.py:3239} INFO - Sync 1 DAGs
[2025-05-01T10:03:20.087+0000] {logging_mixin.py:190} INFO - [2025-05-01T10:03:20.087+0000] {dag.py:4180} INFO - Setting next_dagrun for tutorial_objectstorage to None, run_after=None
[2025-05-01T10:03:20.095+0000] {processor.py:208} INFO - Processing /home/airflow/.local/lib/python3.11/site-packages/airflow/example_dags/tutorial_objectstorage.py took 0.050 seconds
[2025-05-01T10:03:50.839+0000] {processor.py:186} INFO - Started process (PID=278) to work on /home/airflow/.local/lib/python3.11/site-packages/airflow/example_dags/tutorial_objectstorage.py
[2025-05-01T10:03:50.840+0000] {processor.py:914} INFO - Processing file /home/airflow/.local/lib/python3.11/site-packages/airflow/example_dags/tutorial_objectstorage.py for tasks to queue
[2025-05-01T10:03:50.842+0000] {logging_mixin.py:190} INFO - [2025-05-01T10:03:50.842+0000] {dagbag.py:588} INFO - Filling up the DagBag from /home/airflow/.local/lib/python3.11/site-packages/airflow/example_dags/tutorial_objectstorage.py
[2025-05-01T10:03:50.847+0000] {processor.py:925} INFO - DAG(s) 'tutorial_objectstorage' retrieved from /home/airflow/.local/lib/python3.11/site-packages/airflow/example_dags/tutorial_objectstorage.py
[2025-05-01T10:03:50.863+0000] {logging_mixin.py:190} INFO - [2025-05-01T10:03:50.863+0000] {dag.py:3239} INFO - Sync 1 DAGs
[2025-05-01T10:03:50.870+0000] {logging_mixin.py:190} INFO - [2025-05-01T10:03:50.870+0000] {dag.py:4180} INFO - Setting next_dagrun for tutorial_objectstorage to None, run_after=None
[2025-05-01T10:03:50.883+0000] {processor.py:208} INFO - Processing /home/airflow/.local/lib/python3.11/site-packages/airflow/example_dags/tutorial_objectstorage.py took 0.048 seconds
[2025-05-01T10:04:21.958+0000] {processor.py:186} INFO - Started process (PID=351) to work on /home/airflow/.local/lib/python3.11/site-packages/airflow/example_dags/tutorial_objectstorage.py
[2025-05-01T10:04:21.959+0000] {processor.py:914} INFO - Processing file /home/airflow/.local/lib/python3.11/site-packages/airflow/example_dags/tutorial_objectstorage.py for tasks to queue
[2025-05-01T10:04:21.960+0000] {logging_mixin.py:190} INFO - [2025-05-01T10:04:21.960+0000] {dagbag.py:588} INFO - Filling up the DagBag from /home/airflow/.local/lib/python3.11/site-packages/airflow/example_dags/tutorial_objectstorage.py
[2025-05-01T10:04:21.967+0000] {processor.py:925} INFO - DAG(s) 'tutorial_objectstorage' retrieved from /home/airflow/.local/lib/python3.11/site-packages/airflow/example_dags/tutorial_objectstorage.py
[2025-05-01T10:04:21.979+0000] {logging_mixin.py:190} INFO - [2025-05-01T10:04:21.978+0000] {dag.py:3239} INFO - Sync 1 DAGs
[2025-05-01T10:04:21.990+0000] {logging_mixin.py:190} INFO - [2025-05-01T10:04:21.989+0000] {dag.py:4180} INFO - Setting next_dagrun for tutorial_objectstorage to None, run_after=None
[2025-05-01T10:04:21.997+0000] {processor.py:208} INFO - Processing /home/airflow/.local/lib/python3.11/site-packages/airflow/example_dags/tutorial_objectstorage.py took 0.049 seconds
[2025-05-01T10:04:53.680+0000] {processor.py:186} INFO - Started process (PID=424) to work on /home/airflow/.local/lib/python3.11/site-packages/airflow/example_dags/tutorial_objectstorage.py
[2025-05-01T10:04:53.686+0000] {processor.py:914} INFO - Processing file /home/airflow/.local/lib/python3.11/site-packages/airflow/example_dags/tutorial_objectstorage.py for tasks to queue
[2025-05-01T10:04:53.694+0000] {logging_mixin.py:190} INFO - [2025-05-01T10:04:53.694+0000] {dagbag.py:588} INFO - Filling up the DagBag from /home/airflow/.local/lib/python3.11/site-packages/airflow/example_dags/tutorial_objectstorage.py
[2025-05-01T10:04:53.723+0000] {processor.py:925} INFO - DAG(s) 'tutorial_objectstorage' retrieved from /home/airflow/.local/lib/python3.11/site-packages/airflow/example_dags/tutorial_objectstorage.py
[2025-05-01T10:04:53.771+0000] {logging_mixin.py:190} INFO - [2025-05-01T10:04:53.770+0000] {dag.py:3239} INFO - Sync 1 DAGs
[2025-05-01T10:04:53.826+0000] {logging_mixin.py:190} INFO - [2025-05-01T10:04:53.826+0000] {dag.py:4180} INFO - Setting next_dagrun for tutorial_objectstorage to None, run_after=None
[2025-05-01T10:04:53.893+0000] {processor.py:208} INFO - Processing /home/airflow/.local/lib/python3.11/site-packages/airflow/example_dags/tutorial_objectstorage.py took 0.243 seconds
[2025-05-01T10:05:24.811+0000] {processor.py:186} INFO - Started process (PID=489) to work on /home/airflow/.local/lib/python3.11/site-packages/airflow/example_dags/tutorial_objectstorage.py
[2025-05-01T10:05:24.813+0000] {processor.py:914} INFO - Processing file /home/airflow/.local/lib/python3.11/site-packages/airflow/example_dags/tutorial_objectstorage.py for tasks to queue
[2025-05-01T10:05:24.816+0000] {logging_mixin.py:190} INFO - [2025-05-01T10:05:24.815+0000] {dagbag.py:588} INFO - Filling up the DagBag from /home/airflow/.local/lib/python3.11/site-packages/airflow/example_dags/tutorial_objectstorage.py
[2025-05-01T10:05:24.827+0000] {processor.py:925} INFO - DAG(s) 'tutorial_objectstorage' retrieved from /home/airflow/.local/lib/python3.11/site-packages/airflow/example_dags/tutorial_objectstorage.py
[2025-05-01T10:05:24.859+0000] {logging_mixin.py:190} INFO - [2025-05-01T10:05:24.858+0000] {dag.py:3239} INFO - Sync 1 DAGs
[2025-05-01T10:05:24.904+0000] {logging_mixin.py:190} INFO - [2025-05-01T10:05:24.903+0000] {dag.py:4180} INFO - Setting next_dagrun for tutorial_objectstorage to None, run_after=None
[2025-05-01T10:05:25.005+0000] {processor.py:208} INFO - Processing /home/airflow/.local/lib/python3.11/site-packages/airflow/example_dags/tutorial_objectstorage.py took 0.206 seconds
[2025-05-01T10:05:56.372+0000] {processor.py:186} INFO - Started process (PID=562) to work on /home/airflow/.local/lib/python3.11/site-packages/airflow/example_dags/tutorial_objectstorage.py
[2025-05-01T10:05:56.373+0000] {processor.py:914} INFO - Processing file /home/airflow/.local/lib/python3.11/site-packages/airflow/example_dags/tutorial_objectstorage.py for tasks to queue
[2025-05-01T10:05:56.375+0000] {logging_mixin.py:190} INFO - [2025-05-01T10:05:56.375+0000] {dagbag.py:588} INFO - Filling up the DagBag from /home/airflow/.local/lib/python3.11/site-packages/airflow/example_dags/tutorial_objectstorage.py
[2025-05-01T10:05:56.392+0000] {processor.py:925} INFO - DAG(s) 'tutorial_objectstorage' retrieved from /home/airflow/.local/lib/python3.11/site-packages/airflow/example_dags/tutorial_objectstorage.py
[2025-05-01T10:05:56.411+0000] {logging_mixin.py:190} INFO - [2025-05-01T10:05:56.411+0000] {dag.py:3239} INFO - Sync 1 DAGs
[2025-05-01T10:05:56.424+0000] {logging_mixin.py:190} INFO - [2025-05-01T10:05:56.424+0000] {dag.py:4180} INFO - Setting next_dagrun for tutorial_objectstorage to None, run_after=None
[2025-05-01T10:05:56.455+0000] {processor.py:208} INFO - Processing /home/airflow/.local/lib/python3.11/site-packages/airflow/example_dags/tutorial_objectstorage.py took 0.089 seconds
[2025-05-01T10:06:27.445+0000] {processor.py:186} INFO - Started process (PID=635) to work on /home/airflow/.local/lib/python3.11/site-packages/airflow/example_dags/tutorial_objectstorage.py
[2025-05-01T10:06:27.447+0000] {processor.py:914} INFO - Processing file /home/airflow/.local/lib/python3.11/site-packages/airflow/example_dags/tutorial_objectstorage.py for tasks to queue
[2025-05-01T10:06:27.451+0000] {logging_mixin.py:190} INFO - [2025-05-01T10:06:27.450+0000] {dagbag.py:588} INFO - Filling up the DagBag from /home/airflow/.local/lib/python3.11/site-packages/airflow/example_dags/tutorial_objectstorage.py
[2025-05-01T10:06:27.466+0000] {processor.py:925} INFO - DAG(s) 'tutorial_objectstorage' retrieved from /home/airflow/.local/lib/python3.11/site-packages/airflow/example_dags/tutorial_objectstorage.py
[2025-05-01T10:06:27.497+0000] {logging_mixin.py:190} INFO - [2025-05-01T10:06:27.497+0000] {dag.py:3239} INFO - Sync 1 DAGs
[2025-05-01T10:06:27.515+0000] {logging_mixin.py:190} INFO - [2025-05-01T10:06:27.514+0000] {dag.py:4180} INFO - Setting next_dagrun for tutorial_objectstorage to None, run_after=None
[2025-05-01T10:06:27.531+0000] {processor.py:208} INFO - Processing /home/airflow/.local/lib/python3.11/site-packages/airflow/example_dags/tutorial_objectstorage.py took 0.094 seconds
[2025-05-01T10:07:00.591+0000] {processor.py:186} INFO - Started process (PID=708) to work on /home/airflow/.local/lib/python3.11/site-packages/airflow/example_dags/tutorial_objectstorage.py
[2025-05-01T10:07:00.594+0000] {processor.py:914} INFO - Processing file /home/airflow/.local/lib/python3.11/site-packages/airflow/example_dags/tutorial_objectstorage.py for tasks to queue
[2025-05-01T10:07:00.596+0000] {logging_mixin.py:190} INFO - [2025-05-01T10:07:00.596+0000] {dagbag.py:588} INFO - Filling up the DagBag from /home/airflow/.local/lib/python3.11/site-packages/airflow/example_dags/tutorial_objectstorage.py
[2025-05-01T10:07:00.610+0000] {processor.py:925} INFO - DAG(s) 'tutorial_objectstorage' retrieved from /home/airflow/.local/lib/python3.11/site-packages/airflow/example_dags/tutorial_objectstorage.py
[2025-05-01T10:07:00.621+0000] {logging_mixin.py:190} INFO - [2025-05-01T10:07:00.621+0000] {dag.py:3239} INFO - Sync 1 DAGs
[2025-05-01T10:07:00.634+0000] {logging_mixin.py:190} INFO - [2025-05-01T10:07:00.634+0000] {dag.py:4180} INFO - Setting next_dagrun for tutorial_objectstorage to None, run_after=None
[2025-05-01T10:07:00.643+0000] {processor.py:208} INFO - Processing /home/airflow/.local/lib/python3.11/site-packages/airflow/example_dags/tutorial_objectstorage.py took 0.059 seconds
[2025-05-01T10:07:31.177+0000] {processor.py:186} INFO - Started process (PID=781) to work on /home/airflow/.local/lib/python3.11/site-packages/airflow/example_dags/tutorial_objectstorage.py
[2025-05-01T10:07:31.178+0000] {processor.py:914} INFO - Processing file /home/airflow/.local/lib/python3.11/site-packages/airflow/example_dags/tutorial_objectstorage.py for tasks to queue
[2025-05-01T10:07:31.180+0000] {logging_mixin.py:190} INFO - [2025-05-01T10:07:31.180+0000] {dagbag.py:588} INFO - Filling up the DagBag from /home/airflow/.local/lib/python3.11/site-packages/airflow/example_dags/tutorial_objectstorage.py
[2025-05-01T10:07:31.185+0000] {processor.py:925} INFO - DAG(s) 'tutorial_objectstorage' retrieved from /home/airflow/.local/lib/python3.11/site-packages/airflow/example_dags/tutorial_objectstorage.py
[2025-05-01T10:07:31.196+0000] {logging_mixin.py:190} INFO - [2025-05-01T10:07:31.196+0000] {dag.py:3239} INFO - Sync 1 DAGs
[2025-05-01T10:07:31.203+0000] {logging_mixin.py:190} INFO - [2025-05-01T10:07:31.203+0000] {dag.py:4180} INFO - Setting next_dagrun for tutorial_objectstorage to None, run_after=None
[2025-05-01T10:07:31.213+0000] {processor.py:208} INFO - Processing /home/airflow/.local/lib/python3.11/site-packages/airflow/example_dags/tutorial_objectstorage.py took 0.040 seconds
[2025-05-01T10:08:01.393+0000] {processor.py:186} INFO - Started process (PID=854) to work on /home/airflow/.local/lib/python3.11/site-packages/airflow/example_dags/tutorial_objectstorage.py
[2025-05-01T10:08:01.397+0000] {processor.py:914} INFO - Processing file /home/airflow/.local/lib/python3.11/site-packages/airflow/example_dags/tutorial_objectstorage.py for tasks to queue
[2025-05-01T10:08:01.400+0000] {logging_mixin.py:190} INFO - [2025-05-01T10:08:01.400+0000] {dagbag.py:588} INFO - Filling up the DagBag from /home/airflow/.local/lib/python3.11/site-packages/airflow/example_dags/tutorial_objectstorage.py
[2025-05-01T10:08:01.406+0000] {processor.py:925} INFO - DAG(s) 'tutorial_objectstorage' retrieved from /home/airflow/.local/lib/python3.11/site-packages/airflow/example_dags/tutorial_objectstorage.py
[2025-05-01T10:08:01.421+0000] {logging_mixin.py:190} INFO - [2025-05-01T10:08:01.420+0000] {dag.py:3239} INFO - Sync 1 DAGs
[2025-05-01T10:08:01.430+0000] {logging_mixin.py:190} INFO - [2025-05-01T10:08:01.429+0000] {dag.py:4180} INFO - Setting next_dagrun for tutorial_objectstorage to None, run_after=None
[2025-05-01T10:08:01.442+0000] {processor.py:208} INFO - Processing /home/airflow/.local/lib/python3.11/site-packages/airflow/example_dags/tutorial_objectstorage.py took 0.055 seconds
[2025-05-01T10:08:32.478+0000] {processor.py:186} INFO - Started process (PID=927) to work on /home/airflow/.local/lib/python3.11/site-packages/airflow/example_dags/tutorial_objectstorage.py
[2025-05-01T10:08:32.479+0000] {processor.py:914} INFO - Processing file /home/airflow/.local/lib/python3.11/site-packages/airflow/example_dags/tutorial_objectstorage.py for tasks to queue
[2025-05-01T10:08:32.482+0000] {logging_mixin.py:190} INFO - [2025-05-01T10:08:32.481+0000] {dagbag.py:588} INFO - Filling up the DagBag from /home/airflow/.local/lib/python3.11/site-packages/airflow/example_dags/tutorial_objectstorage.py
[2025-05-01T10:08:32.487+0000] {processor.py:925} INFO - DAG(s) 'tutorial_objectstorage' retrieved from /home/airflow/.local/lib/python3.11/site-packages/airflow/example_dags/tutorial_objectstorage.py
[2025-05-01T10:08:32.500+0000] {logging_mixin.py:190} INFO - [2025-05-01T10:08:32.500+0000] {dag.py:3239} INFO - Sync 1 DAGs
[2025-05-01T10:08:32.508+0000] {logging_mixin.py:190} INFO - [2025-05-01T10:08:32.508+0000] {dag.py:4180} INFO - Setting next_dagrun for tutorial_objectstorage to None, run_after=None
[2025-05-01T10:08:32.515+0000] {processor.py:208} INFO - Processing /home/airflow/.local/lib/python3.11/site-packages/airflow/example_dags/tutorial_objectstorage.py took 0.043 seconds
[2025-05-01T10:09:02.670+0000] {processor.py:186} INFO - Started process (PID=999) to work on /home/airflow/.local/lib/python3.11/site-packages/airflow/example_dags/tutorial_objectstorage.py
[2025-05-01T10:09:02.671+0000] {processor.py:914} INFO - Processing file /home/airflow/.local/lib/python3.11/site-packages/airflow/example_dags/tutorial_objectstorage.py for tasks to queue
[2025-05-01T10:09:02.673+0000] {logging_mixin.py:190} INFO - [2025-05-01T10:09:02.672+0000] {dagbag.py:588} INFO - Filling up the DagBag from /home/airflow/.local/lib/python3.11/site-packages/airflow/example_dags/tutorial_objectstorage.py
[2025-05-01T10:09:02.678+0000] {processor.py:925} INFO - DAG(s) 'tutorial_objectstorage' retrieved from /home/airflow/.local/lib/python3.11/site-packages/airflow/example_dags/tutorial_objectstorage.py
[2025-05-01T10:09:02.686+0000] {logging_mixin.py:190} INFO - [2025-05-01T10:09:02.686+0000] {dag.py:3239} INFO - Sync 1 DAGs
[2025-05-01T10:09:02.693+0000] {logging_mixin.py:190} INFO - [2025-05-01T10:09:02.693+0000] {dag.py:4180} INFO - Setting next_dagrun for tutorial_objectstorage to None, run_after=None
[2025-05-01T10:09:02.711+0000] {processor.py:208} INFO - Processing /home/airflow/.local/lib/python3.11/site-packages/airflow/example_dags/tutorial_objectstorage.py took 0.044 seconds
[2025-05-01T10:09:32.915+0000] {processor.py:186} INFO - Started process (PID=1072) to work on /home/airflow/.local/lib/python3.11/site-packages/airflow/example_dags/tutorial_objectstorage.py
[2025-05-01T10:09:32.916+0000] {processor.py:914} INFO - Processing file /home/airflow/.local/lib/python3.11/site-packages/airflow/example_dags/tutorial_objectstorage.py for tasks to queue
[2025-05-01T10:09:32.917+0000] {logging_mixin.py:190} INFO - [2025-05-01T10:09:32.917+0000] {dagbag.py:588} INFO - Filling up the DagBag from /home/airflow/.local/lib/python3.11/site-packages/airflow/example_dags/tutorial_objectstorage.py
[2025-05-01T10:09:32.921+0000] {processor.py:925} INFO - DAG(s) 'tutorial_objectstorage' retrieved from /home/airflow/.local/lib/python3.11/site-packages/airflow/example_dags/tutorial_objectstorage.py
[2025-05-01T10:09:32.929+0000] {logging_mixin.py:190} INFO - [2025-05-01T10:09:32.929+0000] {dag.py:3239} INFO - Sync 1 DAGs
[2025-05-01T10:09:32.935+0000] {logging_mixin.py:190} INFO - [2025-05-01T10:09:32.934+0000] {dag.py:4180} INFO - Setting next_dagrun for tutorial_objectstorage to None, run_after=None
[2025-05-01T10:09:32.941+0000] {processor.py:208} INFO - Processing /home/airflow/.local/lib/python3.11/site-packages/airflow/example_dags/tutorial_objectstorage.py took 0.028 seconds
[2025-05-01T10:10:03.106+0000] {processor.py:186} INFO - Started process (PID=1145) to work on /home/airflow/.local/lib/python3.11/site-packages/airflow/example_dags/tutorial_objectstorage.py
[2025-05-01T10:10:03.107+0000] {processor.py:914} INFO - Processing file /home/airflow/.local/lib/python3.11/site-packages/airflow/example_dags/tutorial_objectstorage.py for tasks to queue
[2025-05-01T10:10:03.110+0000] {logging_mixin.py:190} INFO - [2025-05-01T10:10:03.110+0000] {dagbag.py:588} INFO - Filling up the DagBag from /home/airflow/.local/lib/python3.11/site-packages/airflow/example_dags/tutorial_objectstorage.py
[2025-05-01T10:10:03.123+0000] {processor.py:925} INFO - DAG(s) 'tutorial_objectstorage' retrieved from /home/airflow/.local/lib/python3.11/site-packages/airflow/example_dags/tutorial_objectstorage.py
[2025-05-01T10:10:03.137+0000] {logging_mixin.py:190} INFO - [2025-05-01T10:10:03.137+0000] {dag.py:3239} INFO - Sync 1 DAGs
[2025-05-01T10:10:03.147+0000] {logging_mixin.py:190} INFO - [2025-05-01T10:10:03.146+0000] {dag.py:4180} INFO - Setting next_dagrun for tutorial_objectstorage to None, run_after=None
[2025-05-01T10:10:03.154+0000] {processor.py:208} INFO - Processing /home/airflow/.local/lib/python3.11/site-packages/airflow/example_dags/tutorial_objectstorage.py took 0.055 seconds
[2025-05-01T10:10:33.330+0000] {processor.py:186} INFO - Started process (PID=1218) to work on /home/airflow/.local/lib/python3.11/site-packages/airflow/example_dags/tutorial_objectstorage.py
[2025-05-01T10:10:33.330+0000] {processor.py:914} INFO - Processing file /home/airflow/.local/lib/python3.11/site-packages/airflow/example_dags/tutorial_objectstorage.py for tasks to queue
[2025-05-01T10:10:33.332+0000] {logging_mixin.py:190} INFO - [2025-05-01T10:10:33.331+0000] {dagbag.py:588} INFO - Filling up the DagBag from /home/airflow/.local/lib/python3.11/site-packages/airflow/example_dags/tutorial_objectstorage.py
[2025-05-01T10:10:33.337+0000] {processor.py:925} INFO - DAG(s) 'tutorial_objectstorage' retrieved from /home/airflow/.local/lib/python3.11/site-packages/airflow/example_dags/tutorial_objectstorage.py
[2025-05-01T10:10:33.354+0000] {logging_mixin.py:190} INFO - [2025-05-01T10:10:33.354+0000] {dag.py:3239} INFO - Sync 1 DAGs
[2025-05-01T10:10:33.365+0000] {logging_mixin.py:190} INFO - [2025-05-01T10:10:33.365+0000] {dag.py:4180} INFO - Setting next_dagrun for tutorial_objectstorage to None, run_after=None
[2025-05-01T10:10:33.375+0000] {processor.py:208} INFO - Processing /home/airflow/.local/lib/python3.11/site-packages/airflow/example_dags/tutorial_objectstorage.py took 0.050 seconds
[2025-05-01T10:11:03.794+0000] {processor.py:186} INFO - Started process (PID=1290) to work on /home/airflow/.local/lib/python3.11/site-packages/airflow/example_dags/tutorial_objectstorage.py
[2025-05-01T10:11:03.796+0000] {processor.py:914} INFO - Processing file /home/airflow/.local/lib/python3.11/site-packages/airflow/example_dags/tutorial_objectstorage.py for tasks to queue
[2025-05-01T10:11:03.798+0000] {logging_mixin.py:190} INFO - [2025-05-01T10:11:03.797+0000] {dagbag.py:588} INFO - Filling up the DagBag from /home/airflow/.local/lib/python3.11/site-packages/airflow/example_dags/tutorial_objectstorage.py
[2025-05-01T10:11:03.803+0000] {processor.py:925} INFO - DAG(s) 'tutorial_objectstorage' retrieved from /home/airflow/.local/lib/python3.11/site-packages/airflow/example_dags/tutorial_objectstorage.py
[2025-05-01T10:11:03.817+0000] {logging_mixin.py:190} INFO - [2025-05-01T10:11:03.817+0000] {dag.py:3239} INFO - Sync 1 DAGs
[2025-05-01T10:11:03.824+0000] {logging_mixin.py:190} INFO - [2025-05-01T10:11:03.824+0000] {dag.py:4180} INFO - Setting next_dagrun for tutorial_objectstorage to None, run_after=None
[2025-05-01T10:11:03.831+0000] {processor.py:208} INFO - Processing /home/airflow/.local/lib/python3.11/site-packages/airflow/example_dags/tutorial_objectstorage.py took 0.041 seconds
[2025-05-01T10:21:41.206+0000] {processor.py:186} INFO - Started process (PID=1364) to work on /home/airflow/.local/lib/python3.11/site-packages/airflow/example_dags/tutorial_objectstorage.py
[2025-05-01T10:21:41.207+0000] {processor.py:914} INFO - Processing file /home/airflow/.local/lib/python3.11/site-packages/airflow/example_dags/tutorial_objectstorage.py for tasks to queue
[2025-05-01T10:21:41.208+0000] {logging_mixin.py:190} INFO - [2025-05-01T10:21:41.208+0000] {dagbag.py:588} INFO - Filling up the DagBag from /home/airflow/.local/lib/python3.11/site-packages/airflow/example_dags/tutorial_objectstorage.py
[2025-05-01T10:21:41.213+0000] {processor.py:925} INFO - DAG(s) 'tutorial_objectstorage' retrieved from /home/airflow/.local/lib/python3.11/site-packages/airflow/example_dags/tutorial_objectstorage.py
[2025-05-01T10:21:41.231+0000] {logging_mixin.py:190} INFO - [2025-05-01T10:21:41.231+0000] {dag.py:3239} INFO - Sync 1 DAGs
[2025-05-01T10:21:41.239+0000] {logging_mixin.py:190} INFO - [2025-05-01T10:21:41.239+0000] {dag.py:4180} INFO - Setting next_dagrun for tutorial_objectstorage to None, run_after=None
[2025-05-01T10:21:41.246+0000] {processor.py:208} INFO - Processing /home/airflow/.local/lib/python3.11/site-packages/airflow/example_dags/tutorial_objectstorage.py took 0.044 seconds
