[2025-04-29T15:05:46.309+0000] {local_task_job_runner.py:123} INFO - ::group::Pre task execution logs
[2025-04-29T15:05:46.319+0000] {taskinstance.py:2613} INFO - Dependencies all met for dep_context=non-requeueable deps ti=<TaskInstance: retrain_on_drift.branch_drift manual__2025-04-29T15:05:19.821243+00:00 [queued]>
[2025-04-29T15:05:46.323+0000] {taskinstance.py:2613} INFO - Dependencies all met for dep_context=requeueable deps ti=<TaskInstance: retrain_on_drift.branch_drift manual__2025-04-29T15:05:19.821243+00:00 [queued]>
[2025-04-29T15:05:46.323+0000] {taskinstance.py:2866} INFO - Starting attempt 1 of 1
[2025-04-29T15:05:46.329+0000] {taskinstance.py:2889} INFO - Executing <Task(_BranchPythonDecoratedOperator): branch_drift> on 2025-04-29 15:05:19.821243+00:00
[2025-04-29T15:05:46.343+0000] {standard_task_runner.py:72} INFO - Started process 176 to run task
[2025-04-29T15:05:46.347+0000] {standard_task_runner.py:104} INFO - Running: ['***', 'tasks', 'run', 'retrain_on_drift', 'branch_drift', 'manual__2025-04-29T15:05:19.821243+00:00', '--job-id', '213', '--raw', '--subdir', 'DAGS_FOLDER/drift_retrain_dag.py', '--cfg-path', '/tmp/tmp79348_92']
[2025-04-29T15:05:46.349+0000] {standard_task_runner.py:105} INFO - Job 213: Subtask branch_drift
[2025-04-29T15:05:46.393+0000] {task_command.py:467} INFO - Running <TaskInstance: retrain_on_drift.branch_drift manual__2025-04-29T15:05:19.821243+00:00 [running]> on host c3379456a121
[2025-04-29T15:05:46.446+0000] {taskinstance.py:3132} INFO - Exporting env vars: AIRFLOW_CTX_DAG_OWNER='***' AIRFLOW_CTX_DAG_ID='retrain_on_drift' AIRFLOW_CTX_TASK_ID='branch_drift' AIRFLOW_CTX_EXECUTION_DATE='2025-04-29T15:05:19.821243+00:00' AIRFLOW_CTX_TRY_NUMBER='1' AIRFLOW_CTX_DAG_RUN_ID='manual__2025-04-29T15:05:19.821243+00:00'
[2025-04-29T15:05:46.448+0000] {logging_mixin.py:190} INFO - Task instance is in running state
[2025-04-29T15:05:46.448+0000] {logging_mixin.py:190} INFO -  Previous state of the Task instance: queued
[2025-04-29T15:05:46.448+0000] {logging_mixin.py:190} INFO - Current task name:branch_drift state:running start_date:2025-04-29 15:05:46.319959+00:00
[2025-04-29T15:05:46.449+0000] {logging_mixin.py:190} INFO - Dag name:retrain_on_drift and current dag run status:running
[2025-04-29T15:05:46.449+0000] {taskinstance.py:731} INFO - ::endgroup::
[2025-04-29T15:05:46.450+0000] {drift_retrain_dag.py:64} INFO - Starting drift check for version: v1
[2025-04-29T15:05:46.450+0000] {drift_retrain_dag.py:68} INFO - No new version detected; skipping drift check
[2025-04-29T15:05:46.450+0000] {python.py:240} INFO - Done. Returned value was: no_drift
[2025-04-29T15:05:46.451+0000] {branch.py:38} INFO - Branch into no_drift
[2025-04-29T15:05:46.451+0000] {skipmixin.py:230} INFO - Following branch ('no_drift',)
[2025-04-29T15:05:46.461+0000] {skipmixin.py:278} INFO - Skipping tasks [('merge_datasets', -1)]
[2025-04-29T15:05:46.474+0000] {taskinstance.py:340} INFO - ::group::Post task execution logs
[2025-04-29T15:05:46.474+0000] {taskinstance.py:352} INFO - Marking task as SUCCESS. dag_id=retrain_on_drift, task_id=branch_drift, run_id=manual__2025-04-29T15:05:19.821243+00:00, execution_date=20250429T150519, start_date=20250429T150546, end_date=20250429T150546
[2025-04-29T15:05:46.477+0000] {logging_mixin.py:190} INFO - Task instance in success state
[2025-04-29T15:05:46.478+0000] {logging_mixin.py:190} INFO -  Previous state of the Task instance: running
[2025-04-29T15:05:46.478+0000] {logging_mixin.py:190} INFO - Dag name:retrain_on_drift queued_at:2025-04-29 15:05:38.309335+00:00
[2025-04-29T15:05:46.478+0000] {logging_mixin.py:190} INFO - Task hostname:c3379456a121 operator:_BranchPythonDecoratedOperator
[2025-04-29T15:05:46.489+0000] {local_task_job_runner.py:266} INFO - Task exited with return code 0
[2025-04-29T15:05:46.504+0000] {taskinstance.py:3895} INFO - 0 downstream tasks scheduled from follow-on schedule check
[2025-04-29T15:05:46.506+0000] {local_task_job_runner.py:245} INFO - ::endgroup::
