[2025-05-01T10:05:30.535+0000] {local_task_job_runner.py:123} INFO - ::group::Pre task execution logs
[2025-05-01T10:05:30.552+0000] {taskinstance.py:2613} INFO - Dependencies all met for dep_context=non-requeueable deps ti=<TaskInstance: retrain_on_drift.branch_drift manual__2025-05-01T10:05:18.497543+00:00 [queued]>
[2025-05-01T10:05:30.556+0000] {taskinstance.py:2613} INFO - Dependencies all met for dep_context=requeueable deps ti=<TaskInstance: retrain_on_drift.branch_drift manual__2025-05-01T10:05:18.497543+00:00 [queued]>
[2025-05-01T10:05:30.556+0000] {taskinstance.py:2866} INFO - Starting attempt 1 of 1
[2025-05-01T10:05:30.562+0000] {taskinstance.py:2889} INFO - Executing <Task(_BranchPythonDecoratedOperator): branch_drift> on 2025-05-01 10:05:18.497543+00:00
[2025-05-01T10:05:30.593+0000] {standard_task_runner.py:72} INFO - Started process 162 to run task
[2025-05-01T10:05:30.597+0000] {standard_task_runner.py:104} INFO - Running: ['***', 'tasks', 'run', 'retrain_on_drift', 'branch_drift', 'manual__2025-05-01T10:05:18.497543+00:00', '--job-id', '263', '--raw', '--subdir', 'DAGS_FOLDER/drift_retrain_dag.py', '--cfg-path', '/tmp/tmprjexhhre']
[2025-05-01T10:05:30.601+0000] {standard_task_runner.py:105} INFO - Job 263: Subtask branch_drift
[2025-05-01T10:05:30.637+0000] {task_command.py:467} INFO - Running <TaskInstance: retrain_on_drift.branch_drift manual__2025-05-01T10:05:18.497543+00:00 [running]> on host 289469d7a9c7
[2025-05-01T10:05:30.700+0000] {taskinstance.py:3132} INFO - Exporting env vars: AIRFLOW_CTX_DAG_OWNER='***' AIRFLOW_CTX_DAG_ID='retrain_on_drift' AIRFLOW_CTX_TASK_ID='branch_drift' AIRFLOW_CTX_EXECUTION_DATE='2025-05-01T10:05:18.497543+00:00' AIRFLOW_CTX_TRY_NUMBER='1' AIRFLOW_CTX_DAG_RUN_ID='manual__2025-05-01T10:05:18.497543+00:00'
[2025-05-01T10:05:30.702+0000] {logging_mixin.py:190} INFO - Task instance is in running state
[2025-05-01T10:05:30.702+0000] {logging_mixin.py:190} INFO -  Previous state of the Task instance: queued
[2025-05-01T10:05:30.702+0000] {logging_mixin.py:190} INFO - Current task name:branch_drift state:running start_date:2025-05-01 10:05:30.552649+00:00
[2025-05-01T10:05:30.702+0000] {logging_mixin.py:190} INFO - Dag name:retrain_on_drift and current dag run status:running
[2025-05-01T10:05:30.703+0000] {taskinstance.py:731} INFO - ::endgroup::
[2025-05-01T10:05:30.703+0000] {drift_retrain_dag.py:69} INFO - Starting drift check for version: v2
[2025-05-01T10:05:30.704+0000] {drift_retrain_dag.py:76} INFO - Baseline file: /opt/***/data/raw/v1/baseline.csv
[2025-05-01T10:05:30.704+0000] {drift_retrain_dag.py:77} INFO - New file:      /opt/***/data/raw/v2/latest.csv
[2025-05-01T10:05:33.247+0000] {drift_retrain_dag.py:82} INFO - Loaded baseline.csv: (259335, 23) in 2.54s
[2025-05-01T10:05:35.367+0000] {drift_retrain_dag.py:85} INFO - Loaded latest.csv:   (259335, 23) in 2.11s
[2025-05-01T10:05:35.515+0000] {drift_retrain_dag.py:91} INFO - Running DataDriftTable report…
[2025-05-01T10:05:35.764+0000] {warnings.py:110} WARNING - /home/***/.local/lib/python3.11/site-packages/scipy/stats/_stats_py.py:7335: RuntimeWarning: divide by zero encountered in divide
  terms = (f_obs - f_exp)**2 / f_exp

[2025-05-01T10:05:35.910+0000] {warnings.py:110} WARNING - /home/***/.local/lib/python3.11/site-packages/scipy/stats/_stats_py.py:7335: RuntimeWarning: divide by zero encountered in divide
  terms = (f_obs - f_exp)**2 / f_exp

[2025-05-01T10:05:35.986+0000] {warnings.py:110} WARNING - /home/***/.local/lib/python3.11/site-packages/scipy/stats/_stats_py.py:7335: RuntimeWarning: divide by zero encountered in divide
  terms = (f_obs - f_exp)**2 / f_exp

[2025-05-01T10:05:36.013+0000] {warnings.py:110} WARNING - /home/***/.local/lib/python3.11/site-packages/scipy/stats/_stats_py.py:7335: RuntimeWarning: divide by zero encountered in divide
  terms = (f_obs - f_exp)**2 / f_exp

[2025-05-01T10:05:36.049+0000] {warnings.py:110} WARNING - /home/***/.local/lib/python3.11/site-packages/scipy/stats/_stats_py.py:7335: RuntimeWarning: divide by zero encountered in divide
  terms = (f_obs - f_exp)**2 / f_exp

[2025-05-01T10:05:36.101+0000] {warnings.py:110} WARNING - /home/***/.local/lib/python3.11/site-packages/scipy/stats/_stats_py.py:7335: RuntimeWarning: divide by zero encountered in divide
  terms = (f_obs - f_exp)**2 / f_exp

[2025-05-01T10:05:36.180+0000] {warnings.py:110} WARNING - /home/***/.local/lib/python3.11/site-packages/scipy/stats/_stats_py.py:7335: RuntimeWarning: divide by zero encountered in divide
  terms = (f_obs - f_exp)**2 / f_exp

[2025-05-01T10:05:36.274+0000] {warnings.py:110} WARNING - /home/***/.local/lib/python3.11/site-packages/scipy/stats/_stats_py.py:7335: RuntimeWarning: divide by zero encountered in divide
  terms = (f_obs - f_exp)**2 / f_exp

[2025-05-01T10:05:36.759+0000] {warnings.py:110} WARNING - /home/***/.local/lib/python3.11/site-packages/scipy/stats/_stats_py.py:7335: RuntimeWarning: divide by zero encountered in divide
  terms = (f_obs - f_exp)**2 / f_exp

[2025-05-01T10:05:37.200+0000] {drift_retrain_dag.py:95} INFO - DataDriftTable computation took 1.68s
[2025-05-01T10:05:37.208+0000] {drift_retrain_dag.py:100} INFO - Drift detected; branching to merge_datasets
[2025-05-01T10:05:37.221+0000] {python.py:240} INFO - Done. Returned value was: merge_datasets
[2025-05-01T10:05:37.221+0000] {branch.py:38} INFO - Branch into merge_datasets
[2025-05-01T10:05:37.223+0000] {skipmixin.py:230} INFO - Following branch ('merge_datasets',)
[2025-05-01T10:05:37.241+0000] {skipmixin.py:278} INFO - Skipping tasks [('no_drift', -1)]
[2025-05-01T10:05:37.264+0000] {taskinstance.py:340} INFO - ::group::Post task execution logs
[2025-05-01T10:05:37.265+0000] {taskinstance.py:352} INFO - Marking task as SUCCESS. dag_id=retrain_on_drift, task_id=branch_drift, run_id=manual__2025-05-01T10:05:18.497543+00:00, execution_date=20250501T100518, start_date=20250501T100530, end_date=20250501T100537
[2025-05-01T10:05:37.270+0000] {logging_mixin.py:190} INFO - Task instance in success state
[2025-05-01T10:05:37.271+0000] {logging_mixin.py:190} INFO -  Previous state of the Task instance: running
[2025-05-01T10:05:37.271+0000] {logging_mixin.py:190} INFO - Dag name:retrain_on_drift queued_at:2025-05-01 10:05:18.535533+00:00
[2025-05-01T10:05:37.271+0000] {logging_mixin.py:190} INFO - Task hostname:289469d7a9c7 operator:_BranchPythonDecoratedOperator
[2025-05-01T10:05:37.337+0000] {local_task_job_runner.py:266} INFO - Task exited with return code 0
[2025-05-01T10:05:37.370+0000] {taskinstance.py:3895} INFO - 1 downstream tasks scheduled from follow-on schedule check
[2025-05-01T10:05:37.371+0000] {local_task_job_runner.py:245} INFO - ::endgroup::
