[2025-04-30T18:54:40.276+0000] {local_task_job_runner.py:123} INFO - ::group::Pre task execution logs
[2025-04-30T18:54:40.292+0000] {taskinstance.py:2613} INFO - Dependencies all met for dep_context=non-requeueable deps ti=<TaskInstance: retrain_on_drift.featurize manual__2025-04-30T18:54:00.411331+00:00 [queued]>
[2025-04-30T18:54:40.297+0000] {taskinstance.py:2613} INFO - Dependencies all met for dep_context=requeueable deps ti=<TaskInstance: retrain_on_drift.featurize manual__2025-04-30T18:54:00.411331+00:00 [queued]>
[2025-04-30T18:54:40.299+0000] {taskinstance.py:2866} INFO - Starting attempt 1 of 1
[2025-04-30T18:54:40.310+0000] {taskinstance.py:2889} INFO - Executing <Task(BashOperator): featurize> on 2025-04-30 18:54:00.411331+00:00
[2025-04-30T18:54:40.327+0000] {standard_task_runner.py:72} INFO - Started process 158 to run task
[2025-04-30T18:54:40.336+0000] {standard_task_runner.py:104} INFO - Running: ['***', 'tasks', 'run', 'retrain_on_drift', 'featurize', 'manual__2025-04-30T18:54:00.411331+00:00', '--job-id', '239', '--raw', '--subdir', 'DAGS_FOLDER/drift_retrain_dag.py', '--cfg-path', '/tmp/tmptt8ydv8u']
[2025-04-30T18:54:40.338+0000] {standard_task_runner.py:105} INFO - Job 239: Subtask featurize
[2025-04-30T18:54:40.389+0000] {task_command.py:467} INFO - Running <TaskInstance: retrain_on_drift.featurize manual__2025-04-30T18:54:00.411331+00:00 [running]> on host 3ca66a66642a
[2025-04-30T18:54:40.499+0000] {taskinstance.py:3132} INFO - Exporting env vars: AIRFLOW_CTX_DAG_OWNER='***' AIRFLOW_CTX_DAG_ID='retrain_on_drift' AIRFLOW_CTX_TASK_ID='featurize' AIRFLOW_CTX_EXECUTION_DATE='2025-04-30T18:54:00.411331+00:00' AIRFLOW_CTX_TRY_NUMBER='1' AIRFLOW_CTX_DAG_RUN_ID='manual__2025-04-30T18:54:00.411331+00:00'
[2025-04-30T18:54:40.503+0000] {logging_mixin.py:190} INFO - Task instance is in running state
[2025-04-30T18:54:40.503+0000] {logging_mixin.py:190} INFO -  Previous state of the Task instance: queued
[2025-04-30T18:54:40.503+0000] {logging_mixin.py:190} INFO - Current task name:featurize state:running start_date:2025-04-30 18:54:40.293024+00:00
[2025-04-30T18:54:40.504+0000] {logging_mixin.py:190} INFO - Dag name:retrain_on_drift and current dag run status:running
[2025-04-30T18:54:40.505+0000] {taskinstance.py:731} INFO - ::endgroup::
[2025-04-30T18:54:40.506+0000] {subprocess.py:78} INFO - Tmp dir root location: /tmp
[2025-04-30T18:54:40.507+0000] {subprocess.py:88} INFO - Running command: ['/usr/bin/bash', '-c', 'python /opt/***/scripts/featurize.py /opt/***/data/merged/current.csv /opt/***/data/processed/train.parquet']
[2025-04-30T18:54:40.522+0000] {subprocess.py:99} INFO - Output:
[2025-04-30T18:54:45.150+0000] {subprocess.py:106} INFO - Featurization complete: 518,670 rows, 45 columns – saved → /opt/***/data/processed/train.parquet
[2025-04-30T18:54:45.232+0000] {subprocess.py:110} INFO - Command exited with return code 0
[2025-04-30T18:54:45.277+0000] {taskinstance.py:340} INFO - ::group::Post task execution logs
[2025-04-30T18:54:45.278+0000] {taskinstance.py:352} INFO - Marking task as SUCCESS. dag_id=retrain_on_drift, task_id=featurize, run_id=manual__2025-04-30T18:54:00.411331+00:00, execution_date=20250430T185400, start_date=20250430T185440, end_date=20250430T185445
[2025-04-30T18:54:45.287+0000] {logging_mixin.py:190} INFO - Task instance in success state
[2025-04-30T18:54:45.287+0000] {logging_mixin.py:190} INFO -  Previous state of the Task instance: running
[2025-04-30T18:54:45.287+0000] {logging_mixin.py:190} INFO - Dag name:retrain_on_drift queued_at:2025-04-30 18:54:00.506942+00:00
[2025-04-30T18:54:45.287+0000] {logging_mixin.py:190} INFO - Task hostname:3ca66a66642a operator:BashOperator
[2025-04-30T18:54:45.338+0000] {standard_task_runner.py:217} INFO - Process not found (most likely exited), stop collecting metrics
[2025-04-30T18:54:45.340+0000] {local_task_job_runner.py:266} INFO - Task exited with return code 0
[2025-04-30T18:54:45.379+0000] {taskinstance.py:3895} INFO - 1 downstream tasks scheduled from follow-on schedule check
[2025-04-30T18:54:45.380+0000] {local_task_job_runner.py:245} INFO - ::endgroup::
