[2025-04-29T17:09:43.957+0000] {local_task_job_runner.py:123} INFO - ::group::Pre task execution logs
[2025-04-29T17:09:43.965+0000] {taskinstance.py:2613} INFO - Dependencies all met for dep_context=non-requeueable deps ti=<TaskInstance: retrain_on_drift.detect_new_version manual__2025-04-29T17:09:37.899896+00:00 [queued]>
[2025-04-29T17:09:43.968+0000] {taskinstance.py:2613} INFO - Dependencies all met for dep_context=requeueable deps ti=<TaskInstance: retrain_on_drift.detect_new_version manual__2025-04-29T17:09:37.899896+00:00 [queued]>
[2025-04-29T17:09:43.968+0000] {taskinstance.py:2866} INFO - Starting attempt 1 of 1
[2025-04-29T17:09:43.973+0000] {taskinstance.py:2889} INFO - Executing <Task(_PythonDecoratedOperator): detect_new_version> on 2025-04-29 17:09:37.899896+00:00
[2025-04-29T17:09:43.993+0000] {standard_task_runner.py:72} INFO - Started process 91 to run task
[2025-04-29T17:09:43.996+0000] {standard_task_runner.py:104} INFO - Running: ['***', 'tasks', 'run', 'retrain_on_drift', 'detect_new_version', 'manual__2025-04-29T17:09:37.899896+00:00', '--job-id', '220', '--raw', '--subdir', 'DAGS_FOLDER/drift_retrain_dag.py', '--cfg-path', '/tmp/tmpcoxn84qo']
[2025-04-29T17:09:43.997+0000] {standard_task_runner.py:105} INFO - Job 220: Subtask detect_new_version
[2025-04-29T17:09:44.069+0000] {task_command.py:467} INFO - Running <TaskInstance: retrain_on_drift.detect_new_version manual__2025-04-29T17:09:37.899896+00:00 [running]> on host fca622891bf8
[2025-04-29T17:09:44.136+0000] {taskinstance.py:3132} INFO - Exporting env vars: AIRFLOW_CTX_DAG_OWNER='***' AIRFLOW_CTX_DAG_ID='retrain_on_drift' AIRFLOW_CTX_TASK_ID='detect_new_version' AIRFLOW_CTX_EXECUTION_DATE='2025-04-29T17:09:37.899896+00:00' AIRFLOW_CTX_TRY_NUMBER='1' AIRFLOW_CTX_DAG_RUN_ID='manual__2025-04-29T17:09:37.899896+00:00'
[2025-04-29T17:09:44.137+0000] {logging_mixin.py:190} INFO - Task instance is in running state
[2025-04-29T17:09:44.137+0000] {logging_mixin.py:190} INFO -  Previous state of the Task instance: queued
[2025-04-29T17:09:44.137+0000] {logging_mixin.py:190} INFO - Current task name:detect_new_version state:running start_date:2025-04-29 17:09:43.965285+00:00
[2025-04-29T17:09:44.137+0000] {logging_mixin.py:190} INFO - Dag name:retrain_on_drift and current dag run status:running
[2025-04-29T17:09:44.138+0000] {taskinstance.py:731} INFO - ::endgroup::
[2025-04-29T17:09:44.144+0000] {crypto.py:82} WARNING - empty cryptography key - values will not be stored encrypted.
[2025-04-29T17:09:44.146+0000] {python.py:240} INFO - Done. Returned value was: v2
[2025-04-29T17:09:44.157+0000] {taskinstance.py:340} INFO - ::group::Post task execution logs
[2025-04-29T17:09:44.157+0000] {taskinstance.py:352} INFO - Marking task as SUCCESS. dag_id=retrain_on_drift, task_id=detect_new_version, run_id=manual__2025-04-29T17:09:37.899896+00:00, execution_date=20250429T170937, start_date=20250429T170943, end_date=20250429T170944
[2025-04-29T17:09:44.161+0000] {logging_mixin.py:190} INFO - Task instance in success state
[2025-04-29T17:09:44.162+0000] {logging_mixin.py:190} INFO -  Previous state of the Task instance: running
[2025-04-29T17:09:44.162+0000] {logging_mixin.py:190} INFO - Dag name:retrain_on_drift queued_at:2025-04-29 17:09:37.921130+00:00
[2025-04-29T17:09:44.162+0000] {logging_mixin.py:190} INFO - Task hostname:fca622891bf8 operator:_PythonDecoratedOperator
[2025-04-29T17:09:44.175+0000] {local_task_job_runner.py:266} INFO - Task exited with return code 0
[2025-04-29T17:09:44.192+0000] {taskinstance.py:3895} INFO - 1 downstream tasks scheduled from follow-on schedule check
[2025-04-29T17:09:44.192+0000] {local_task_job_runner.py:245} INFO - ::endgroup::
