[2025-05-01T10:06:00.259+0000] {local_task_job_runner.py:123} INFO - ::group::Pre task execution logs
[2025-05-01T10:06:00.274+0000] {taskinstance.py:2613} INFO - Dependencies all met for dep_context=non-requeueable deps ti=<TaskInstance: retrain_on_drift.featurize manual__2025-05-01T10:05:18.497543+00:00 [queued]>
[2025-05-01T10:06:00.279+0000] {taskinstance.py:2613} INFO - Dependencies all met for dep_context=requeueable deps ti=<TaskInstance: retrain_on_drift.featurize manual__2025-05-01T10:05:18.497543+00:00 [queued]>
[2025-05-01T10:06:00.279+0000] {taskinstance.py:2866} INFO - Starting attempt 1 of 1
[2025-05-01T10:06:00.286+0000] {taskinstance.py:2889} INFO - Executing <Task(BashOperator): featurize> on 2025-05-01 10:05:18.497543+00:00
[2025-05-01T10:06:00.322+0000] {standard_task_runner.py:72} INFO - Started process 200 to run task
[2025-05-01T10:06:00.341+0000] {standard_task_runner.py:104} INFO - Running: ['***', 'tasks', 'run', 'retrain_on_drift', 'featurize', 'manual__2025-05-01T10:05:18.497543+00:00', '--job-id', '265', '--raw', '--subdir', 'DAGS_FOLDER/drift_retrain_dag.py', '--cfg-path', '/tmp/tmpsfqgbhx6']
[2025-05-01T10:06:00.343+0000] {standard_task_runner.py:105} INFO - Job 265: Subtask featurize
[2025-05-01T10:06:00.428+0000] {task_command.py:467} INFO - Running <TaskInstance: retrain_on_drift.featurize manual__2025-05-01T10:05:18.497543+00:00 [running]> on host 289469d7a9c7
[2025-05-01T10:06:00.527+0000] {taskinstance.py:3132} INFO - Exporting env vars: AIRFLOW_CTX_DAG_OWNER='***' AIRFLOW_CTX_DAG_ID='retrain_on_drift' AIRFLOW_CTX_TASK_ID='featurize' AIRFLOW_CTX_EXECUTION_DATE='2025-05-01T10:05:18.497543+00:00' AIRFLOW_CTX_TRY_NUMBER='1' AIRFLOW_CTX_DAG_RUN_ID='manual__2025-05-01T10:05:18.497543+00:00'
[2025-05-01T10:06:00.529+0000] {logging_mixin.py:190} INFO - Task instance is in running state
[2025-05-01T10:06:00.529+0000] {logging_mixin.py:190} INFO -  Previous state of the Task instance: queued
[2025-05-01T10:06:00.529+0000] {logging_mixin.py:190} INFO - Current task name:featurize state:running start_date:2025-05-01 10:06:00.274663+00:00
[2025-05-01T10:06:00.529+0000] {logging_mixin.py:190} INFO - Dag name:retrain_on_drift and current dag run status:running
[2025-05-01T10:06:00.530+0000] {taskinstance.py:731} INFO - ::endgroup::
[2025-05-01T10:06:00.531+0000] {subprocess.py:78} INFO - Tmp dir root location: /tmp
[2025-05-01T10:06:00.532+0000] {subprocess.py:88} INFO - Running command: ['/usr/bin/bash', '-c', 'python /opt/***/scripts/featurize.py /opt/***/data/merged/current.csv /opt/***/data/processed/train.parquet']
[2025-05-01T10:06:00.562+0000] {subprocess.py:99} INFO - Output:
[2025-05-01T10:06:06.172+0000] {subprocess.py:106} INFO - Featurization complete: 518,670 rows, 45 columns – saved → /opt/***/data/processed/train.parquet
[2025-05-01T10:06:06.357+0000] {subprocess.py:110} INFO - Command exited with return code 0
[2025-05-01T10:06:06.461+0000] {taskinstance.py:340} INFO - ::group::Post task execution logs
[2025-05-01T10:06:06.463+0000] {taskinstance.py:352} INFO - Marking task as SUCCESS. dag_id=retrain_on_drift, task_id=featurize, run_id=manual__2025-05-01T10:05:18.497543+00:00, execution_date=20250501T100518, start_date=20250501T100600, end_date=20250501T100606
[2025-05-01T10:06:06.482+0000] {logging_mixin.py:190} INFO - Task instance in success state
[2025-05-01T10:06:06.483+0000] {logging_mixin.py:190} INFO -  Previous state of the Task instance: running
[2025-05-01T10:06:06.483+0000] {logging_mixin.py:190} INFO - Dag name:retrain_on_drift queued_at:2025-05-01 10:05:18.535533+00:00
[2025-05-01T10:06:06.483+0000] {logging_mixin.py:190} INFO - Task hostname:289469d7a9c7 operator:BashOperator
[2025-05-01T10:06:06.570+0000] {local_task_job_runner.py:266} INFO - Task exited with return code 0
[2025-05-01T10:06:06.720+0000] {taskinstance.py:3895} INFO - 0 downstream tasks scheduled from follow-on schedule check
[2025-05-01T10:06:06.723+0000] {local_task_job_runner.py:245} INFO - ::endgroup::
