[2025-04-29T15:02:52.688+0000] {processor.py:186} INFO - Started process (PID=50) to work on /opt/airflow/dags/ingestion_dag.py
[2025-04-29T15:02:52.690+0000] {processor.py:914} INFO - Processing file /opt/airflow/dags/ingestion_dag.py for tasks to queue
[2025-04-29T15:02:52.701+0000] {logging_mixin.py:190} INFO - [2025-04-29T15:02:52.700+0000] {dagbag.py:588} INFO - Filling up the DagBag from /opt/airflow/dags/ingestion_dag.py
[2025-04-29T15:02:52.747+0000] {processor.py:925} INFO - DAG(s) 'ingestion' retrieved from /opt/airflow/dags/ingestion_dag.py
[2025-04-29T15:02:52.803+0000] {logging_mixin.py:190} INFO - [2025-04-29T15:02:52.803+0000] {dag.py:3239} INFO - Sync 1 DAGs
[2025-04-29T15:02:52.840+0000] {logging_mixin.py:190} INFO - [2025-04-29T15:02:52.840+0000] {dag.py:4180} INFO - Setting next_dagrun for ingestion to 2025-04-29 06:00:00+00:00, run_after=2025-04-29 12:00:00+00:00
[2025-04-29T15:02:52.860+0000] {processor.py:208} INFO - Processing /opt/airflow/dags/ingestion_dag.py took 0.180 seconds
[2025-04-29T15:03:23.599+0000] {processor.py:186} INFO - Started process (PID=122) to work on /opt/airflow/dags/ingestion_dag.py
[2025-04-29T15:03:23.600+0000] {processor.py:914} INFO - Processing file /opt/airflow/dags/ingestion_dag.py for tasks to queue
[2025-04-29T15:03:23.605+0000] {logging_mixin.py:190} INFO - [2025-04-29T15:03:23.605+0000] {dagbag.py:588} INFO - Filling up the DagBag from /opt/airflow/dags/ingestion_dag.py
[2025-04-29T15:03:23.622+0000] {processor.py:925} INFO - DAG(s) 'ingestion' retrieved from /opt/airflow/dags/ingestion_dag.py
[2025-04-29T15:03:23.643+0000] {logging_mixin.py:190} INFO - [2025-04-29T15:03:23.643+0000] {dag.py:3239} INFO - Sync 1 DAGs
[2025-04-29T15:03:23.659+0000] {logging_mixin.py:190} INFO - [2025-04-29T15:03:23.659+0000] {dag.py:4180} INFO - Setting next_dagrun for ingestion to 2025-04-29 06:00:00+00:00, run_after=2025-04-29 12:00:00+00:00
[2025-04-29T15:03:23.670+0000] {processor.py:208} INFO - Processing /opt/airflow/dags/ingestion_dag.py took 0.078 seconds
[2025-04-29T15:03:54.250+0000] {processor.py:186} INFO - Started process (PID=195) to work on /opt/airflow/dags/ingestion_dag.py
[2025-04-29T15:03:54.251+0000] {processor.py:914} INFO - Processing file /opt/airflow/dags/ingestion_dag.py for tasks to queue
[2025-04-29T15:03:54.256+0000] {logging_mixin.py:190} INFO - [2025-04-29T15:03:54.256+0000] {dagbag.py:588} INFO - Filling up the DagBag from /opt/airflow/dags/ingestion_dag.py
[2025-04-29T15:03:54.278+0000] {processor.py:925} INFO - DAG(s) 'ingestion' retrieved from /opt/airflow/dags/ingestion_dag.py
[2025-04-29T15:03:54.300+0000] {logging_mixin.py:190} INFO - [2025-04-29T15:03:54.299+0000] {dag.py:3239} INFO - Sync 1 DAGs
[2025-04-29T15:03:54.327+0000] {logging_mixin.py:190} INFO - [2025-04-29T15:03:54.327+0000] {dag.py:4180} INFO - Setting next_dagrun for ingestion to 2025-04-29 06:00:00+00:00, run_after=2025-04-29 12:00:00+00:00
[2025-04-29T15:03:54.339+0000] {processor.py:208} INFO - Processing /opt/airflow/dags/ingestion_dag.py took 0.102 seconds
[2025-04-29T15:04:24.929+0000] {processor.py:186} INFO - Started process (PID=274) to work on /opt/airflow/dags/ingestion_dag.py
[2025-04-29T15:04:24.931+0000] {processor.py:914} INFO - Processing file /opt/airflow/dags/ingestion_dag.py for tasks to queue
[2025-04-29T15:04:24.934+0000] {logging_mixin.py:190} INFO - [2025-04-29T15:04:24.934+0000] {dagbag.py:588} INFO - Filling up the DagBag from /opt/airflow/dags/ingestion_dag.py
[2025-04-29T15:04:24.950+0000] {processor.py:925} INFO - DAG(s) 'ingestion' retrieved from /opt/airflow/dags/ingestion_dag.py
[2025-04-29T15:04:24.972+0000] {logging_mixin.py:190} INFO - [2025-04-29T15:04:24.972+0000] {dag.py:3239} INFO - Sync 1 DAGs
[2025-04-29T15:04:24.987+0000] {logging_mixin.py:190} INFO - [2025-04-29T15:04:24.987+0000] {dag.py:4180} INFO - Setting next_dagrun for ingestion to 2025-04-29 06:00:00+00:00, run_after=2025-04-29 12:00:00+00:00
[2025-04-29T15:04:24.998+0000] {processor.py:208} INFO - Processing /opt/airflow/dags/ingestion_dag.py took 0.074 seconds
[2025-04-29T15:04:55.304+0000] {processor.py:186} INFO - Started process (PID=347) to work on /opt/airflow/dags/ingestion_dag.py
[2025-04-29T15:04:55.308+0000] {processor.py:914} INFO - Processing file /opt/airflow/dags/ingestion_dag.py for tasks to queue
[2025-04-29T15:04:55.310+0000] {logging_mixin.py:190} INFO - [2025-04-29T15:04:55.310+0000] {dagbag.py:588} INFO - Filling up the DagBag from /opt/airflow/dags/ingestion_dag.py
[2025-04-29T15:04:55.325+0000] {processor.py:925} INFO - DAG(s) 'ingestion' retrieved from /opt/airflow/dags/ingestion_dag.py
[2025-04-29T15:04:55.344+0000] {logging_mixin.py:190} INFO - [2025-04-29T15:04:55.344+0000] {dag.py:3239} INFO - Sync 1 DAGs
[2025-04-29T15:04:55.358+0000] {logging_mixin.py:190} INFO - [2025-04-29T15:04:55.358+0000] {dag.py:4180} INFO - Setting next_dagrun for ingestion to 2025-04-29 06:00:00+00:00, run_after=2025-04-29 12:00:00+00:00
[2025-04-29T15:04:55.369+0000] {processor.py:208} INFO - Processing /opt/airflow/dags/ingestion_dag.py took 0.072 seconds
[2025-04-29T15:05:25.928+0000] {processor.py:186} INFO - Started process (PID=424) to work on /opt/airflow/dags/ingestion_dag.py
[2025-04-29T15:05:25.931+0000] {processor.py:914} INFO - Processing file /opt/airflow/dags/ingestion_dag.py for tasks to queue
[2025-04-29T15:05:25.934+0000] {logging_mixin.py:190} INFO - [2025-04-29T15:05:25.933+0000] {dagbag.py:588} INFO - Filling up the DagBag from /opt/airflow/dags/ingestion_dag.py
[2025-04-29T15:05:25.957+0000] {processor.py:925} INFO - DAG(s) 'ingestion' retrieved from /opt/airflow/dags/ingestion_dag.py
[2025-04-29T15:05:25.999+0000] {logging_mixin.py:190} INFO - [2025-04-29T15:05:25.999+0000] {dag.py:3239} INFO - Sync 1 DAGs
[2025-04-29T15:05:26.040+0000] {logging_mixin.py:190} INFO - [2025-04-29T15:05:26.040+0000] {dag.py:4180} INFO - Setting next_dagrun for ingestion to 2025-04-29 06:00:00+00:00, run_after=2025-04-29 12:00:00+00:00
[2025-04-29T15:05:26.059+0000] {processor.py:208} INFO - Processing /opt/airflow/dags/ingestion_dag.py took 0.140 seconds
[2025-04-29T15:05:56.412+0000] {processor.py:186} INFO - Started process (PID=497) to work on /opt/airflow/dags/ingestion_dag.py
[2025-04-29T15:05:56.415+0000] {processor.py:914} INFO - Processing file /opt/airflow/dags/ingestion_dag.py for tasks to queue
[2025-04-29T15:05:56.421+0000] {logging_mixin.py:190} INFO - [2025-04-29T15:05:56.420+0000] {dagbag.py:588} INFO - Filling up the DagBag from /opt/airflow/dags/ingestion_dag.py
[2025-04-29T15:05:56.455+0000] {processor.py:925} INFO - DAG(s) 'ingestion' retrieved from /opt/airflow/dags/ingestion_dag.py
[2025-04-29T15:05:56.484+0000] {logging_mixin.py:190} INFO - [2025-04-29T15:05:56.483+0000] {dag.py:3239} INFO - Sync 1 DAGs
[2025-04-29T15:05:56.523+0000] {logging_mixin.py:190} INFO - [2025-04-29T15:05:56.523+0000] {dag.py:4180} INFO - Setting next_dagrun for ingestion to 2025-04-29 06:00:00+00:00, run_after=2025-04-29 12:00:00+00:00
[2025-04-29T15:05:56.540+0000] {processor.py:208} INFO - Processing /opt/airflow/dags/ingestion_dag.py took 0.138 seconds
[2025-04-29T15:06:26.802+0000] {processor.py:186} INFO - Started process (PID=570) to work on /opt/airflow/dags/ingestion_dag.py
[2025-04-29T15:06:26.808+0000] {processor.py:914} INFO - Processing file /opt/airflow/dags/ingestion_dag.py for tasks to queue
[2025-04-29T15:06:26.834+0000] {logging_mixin.py:190} INFO - [2025-04-29T15:06:26.829+0000] {dagbag.py:588} INFO - Filling up the DagBag from /opt/airflow/dags/ingestion_dag.py
[2025-04-29T15:06:26.909+0000] {processor.py:925} INFO - DAG(s) 'ingestion' retrieved from /opt/airflow/dags/ingestion_dag.py
[2025-04-29T15:06:26.961+0000] {logging_mixin.py:190} INFO - [2025-04-29T15:06:26.961+0000] {dag.py:3239} INFO - Sync 1 DAGs
[2025-04-29T15:06:27.001+0000] {logging_mixin.py:190} INFO - [2025-04-29T15:06:27.000+0000] {dag.py:4180} INFO - Setting next_dagrun for ingestion to 2025-04-29 06:00:00+00:00, run_after=2025-04-29 12:00:00+00:00
[2025-04-29T15:06:27.022+0000] {processor.py:208} INFO - Processing /opt/airflow/dags/ingestion_dag.py took 0.270 seconds
[2025-04-29T15:06:57.202+0000] {processor.py:186} INFO - Started process (PID=643) to work on /opt/airflow/dags/ingestion_dag.py
[2025-04-29T15:06:57.207+0000] {processor.py:914} INFO - Processing file /opt/airflow/dags/ingestion_dag.py for tasks to queue
[2025-04-29T15:06:57.212+0000] {logging_mixin.py:190} INFO - [2025-04-29T15:06:57.211+0000] {dagbag.py:588} INFO - Filling up the DagBag from /opt/airflow/dags/ingestion_dag.py
[2025-04-29T15:06:57.233+0000] {processor.py:925} INFO - DAG(s) 'ingestion' retrieved from /opt/airflow/dags/ingestion_dag.py
[2025-04-29T15:06:57.261+0000] {logging_mixin.py:190} INFO - [2025-04-29T15:06:57.261+0000] {dag.py:3239} INFO - Sync 1 DAGs
[2025-04-29T15:06:57.291+0000] {logging_mixin.py:190} INFO - [2025-04-29T15:06:57.291+0000] {dag.py:4180} INFO - Setting next_dagrun for ingestion to 2025-04-29 06:00:00+00:00, run_after=2025-04-29 12:00:00+00:00
[2025-04-29T15:06:57.308+0000] {processor.py:208} INFO - Processing /opt/airflow/dags/ingestion_dag.py took 0.124 seconds
[2025-04-29T15:07:27.764+0000] {processor.py:186} INFO - Started process (PID=716) to work on /opt/airflow/dags/ingestion_dag.py
[2025-04-29T15:07:27.768+0000] {processor.py:914} INFO - Processing file /opt/airflow/dags/ingestion_dag.py for tasks to queue
[2025-04-29T15:07:27.773+0000] {logging_mixin.py:190} INFO - [2025-04-29T15:07:27.772+0000] {dagbag.py:588} INFO - Filling up the DagBag from /opt/airflow/dags/ingestion_dag.py
[2025-04-29T15:07:27.800+0000] {processor.py:925} INFO - DAG(s) 'ingestion' retrieved from /opt/airflow/dags/ingestion_dag.py
[2025-04-29T15:07:27.838+0000] {logging_mixin.py:190} INFO - [2025-04-29T15:07:27.837+0000] {dag.py:3239} INFO - Sync 1 DAGs
[2025-04-29T15:07:27.872+0000] {logging_mixin.py:190} INFO - [2025-04-29T15:07:27.872+0000] {dag.py:4180} INFO - Setting next_dagrun for ingestion to 2025-04-29 06:00:00+00:00, run_after=2025-04-29 12:00:00+00:00
[2025-04-29T15:07:27.888+0000] {processor.py:208} INFO - Processing /opt/airflow/dags/ingestion_dag.py took 0.143 seconds
[2025-04-29T15:07:58.166+0000] {processor.py:186} INFO - Started process (PID=789) to work on /opt/airflow/dags/ingestion_dag.py
[2025-04-29T15:07:58.167+0000] {processor.py:914} INFO - Processing file /opt/airflow/dags/ingestion_dag.py for tasks to queue
[2025-04-29T15:07:58.170+0000] {logging_mixin.py:190} INFO - [2025-04-29T15:07:58.170+0000] {dagbag.py:588} INFO - Filling up the DagBag from /opt/airflow/dags/ingestion_dag.py
[2025-04-29T15:07:58.196+0000] {processor.py:925} INFO - DAG(s) 'ingestion' retrieved from /opt/airflow/dags/ingestion_dag.py
[2025-04-29T15:07:58.224+0000] {logging_mixin.py:190} INFO - [2025-04-29T15:07:58.224+0000] {dag.py:3239} INFO - Sync 1 DAGs
[2025-04-29T15:07:58.250+0000] {logging_mixin.py:190} INFO - [2025-04-29T15:07:58.249+0000] {dag.py:4180} INFO - Setting next_dagrun for ingestion to 2025-04-29 06:00:00+00:00, run_after=2025-04-29 12:00:00+00:00
[2025-04-29T15:07:58.265+0000] {processor.py:208} INFO - Processing /opt/airflow/dags/ingestion_dag.py took 0.114 seconds
[2025-04-29T16:55:14.574+0000] {processor.py:186} INFO - Started process (PID=56) to work on /opt/airflow/dags/ingestion_dag.py
[2025-04-29T16:55:14.575+0000] {processor.py:914} INFO - Processing file /opt/airflow/dags/ingestion_dag.py for tasks to queue
[2025-04-29T16:55:14.595+0000] {logging_mixin.py:190} INFO - [2025-04-29T16:55:14.595+0000] {dagbag.py:588} INFO - Filling up the DagBag from /opt/airflow/dags/ingestion_dag.py
[2025-04-29T16:55:14.627+0000] {processor.py:925} INFO - DAG(s) 'ingestion' retrieved from /opt/airflow/dags/ingestion_dag.py
[2025-04-29T16:55:14.722+0000] {logging_mixin.py:190} INFO - [2025-04-29T16:55:14.721+0000] {dag.py:3239} INFO - Sync 1 DAGs
[2025-04-29T16:55:14.774+0000] {logging_mixin.py:190} INFO - [2025-04-29T16:55:14.774+0000] {dag.py:4180} INFO - Setting next_dagrun for ingestion to 2025-04-29 06:00:00+00:00, run_after=2025-04-29 12:00:00+00:00
[2025-04-29T16:55:14.802+0000] {processor.py:208} INFO - Processing /opt/airflow/dags/ingestion_dag.py took 0.234 seconds
[2025-04-29T16:55:45.639+0000] {processor.py:186} INFO - Started process (PID=128) to work on /opt/airflow/dags/ingestion_dag.py
[2025-04-29T16:55:45.640+0000] {processor.py:914} INFO - Processing file /opt/airflow/dags/ingestion_dag.py for tasks to queue
[2025-04-29T16:55:45.642+0000] {logging_mixin.py:190} INFO - [2025-04-29T16:55:45.642+0000] {dagbag.py:588} INFO - Filling up the DagBag from /opt/airflow/dags/ingestion_dag.py
[2025-04-29T16:55:45.652+0000] {processor.py:925} INFO - DAG(s) 'ingestion' retrieved from /opt/airflow/dags/ingestion_dag.py
[2025-04-29T16:55:45.664+0000] {logging_mixin.py:190} INFO - [2025-04-29T16:55:45.663+0000] {dag.py:3239} INFO - Sync 1 DAGs
[2025-04-29T16:55:45.692+0000] {logging_mixin.py:190} INFO - [2025-04-29T16:55:45.692+0000] {dag.py:4180} INFO - Setting next_dagrun for ingestion to 2025-04-29 06:00:00+00:00, run_after=2025-04-29 12:00:00+00:00
[2025-04-29T16:55:45.718+0000] {processor.py:208} INFO - Processing /opt/airflow/dags/ingestion_dag.py took 0.086 seconds
[2025-04-29T17:08:17.757+0000] {processor.py:186} INFO - Started process (PID=50) to work on /opt/airflow/dags/ingestion_dag.py
[2025-04-29T17:08:17.759+0000] {processor.py:914} INFO - Processing file /opt/airflow/dags/ingestion_dag.py for tasks to queue
[2025-04-29T17:08:17.769+0000] {logging_mixin.py:190} INFO - [2025-04-29T17:08:17.768+0000] {dagbag.py:588} INFO - Filling up the DagBag from /opt/airflow/dags/ingestion_dag.py
[2025-04-29T17:08:17.787+0000] {processor.py:925} INFO - DAG(s) 'ingestion' retrieved from /opt/airflow/dags/ingestion_dag.py
[2025-04-29T17:08:17.838+0000] {logging_mixin.py:190} INFO - [2025-04-29T17:08:17.838+0000] {dag.py:3239} INFO - Sync 1 DAGs
[2025-04-29T17:08:17.942+0000] {logging_mixin.py:190} INFO - [2025-04-29T17:08:17.942+0000] {dag.py:4180} INFO - Setting next_dagrun for ingestion to 2025-04-29 06:00:00+00:00, run_after=2025-04-29 12:00:00+00:00
[2025-04-29T17:08:18.000+0000] {processor.py:208} INFO - Processing /opt/airflow/dags/ingestion_dag.py took 0.250 seconds
[2025-04-29T17:08:48.660+0000] {processor.py:186} INFO - Started process (PID=128) to work on /opt/airflow/dags/ingestion_dag.py
[2025-04-29T17:08:48.661+0000] {processor.py:914} INFO - Processing file /opt/airflow/dags/ingestion_dag.py for tasks to queue
[2025-04-29T17:08:48.666+0000] {logging_mixin.py:190} INFO - [2025-04-29T17:08:48.665+0000] {dagbag.py:588} INFO - Filling up the DagBag from /opt/airflow/dags/ingestion_dag.py
[2025-04-29T17:08:48.693+0000] {processor.py:925} INFO - DAG(s) 'ingestion' retrieved from /opt/airflow/dags/ingestion_dag.py
[2025-04-29T17:08:48.719+0000] {logging_mixin.py:190} INFO - [2025-04-29T17:08:48.719+0000] {dag.py:3239} INFO - Sync 1 DAGs
[2025-04-29T17:08:48.739+0000] {logging_mixin.py:190} INFO - [2025-04-29T17:08:48.739+0000] {dag.py:4180} INFO - Setting next_dagrun for ingestion to 2025-04-29 06:00:00+00:00, run_after=2025-04-29 12:00:00+00:00
[2025-04-29T17:08:48.758+0000] {processor.py:208} INFO - Processing /opt/airflow/dags/ingestion_dag.py took 0.106 seconds
[2025-04-29T17:09:19.463+0000] {processor.py:186} INFO - Started process (PID=201) to work on /opt/airflow/dags/ingestion_dag.py
[2025-04-29T17:09:19.466+0000] {processor.py:914} INFO - Processing file /opt/airflow/dags/ingestion_dag.py for tasks to queue
[2025-04-29T17:09:19.470+0000] {logging_mixin.py:190} INFO - [2025-04-29T17:09:19.470+0000] {dagbag.py:588} INFO - Filling up the DagBag from /opt/airflow/dags/ingestion_dag.py
[2025-04-29T17:09:19.486+0000] {processor.py:925} INFO - DAG(s) 'ingestion' retrieved from /opt/airflow/dags/ingestion_dag.py
[2025-04-29T17:09:19.507+0000] {logging_mixin.py:190} INFO - [2025-04-29T17:09:19.507+0000] {dag.py:3239} INFO - Sync 1 DAGs
[2025-04-29T17:09:19.526+0000] {logging_mixin.py:190} INFO - [2025-04-29T17:09:19.526+0000] {dag.py:4180} INFO - Setting next_dagrun for ingestion to 2025-04-29 06:00:00+00:00, run_after=2025-04-29 12:00:00+00:00
[2025-04-29T17:09:19.538+0000] {processor.py:208} INFO - Processing /opt/airflow/dags/ingestion_dag.py took 0.085 seconds
[2025-04-29T17:09:49.972+0000] {processor.py:186} INFO - Started process (PID=274) to work on /opt/airflow/dags/ingestion_dag.py
[2025-04-29T17:09:49.975+0000] {processor.py:914} INFO - Processing file /opt/airflow/dags/ingestion_dag.py for tasks to queue
[2025-04-29T17:09:49.982+0000] {logging_mixin.py:190} INFO - [2025-04-29T17:09:49.981+0000] {dagbag.py:588} INFO - Filling up the DagBag from /opt/airflow/dags/ingestion_dag.py
[2025-04-29T17:09:50.017+0000] {processor.py:925} INFO - DAG(s) 'ingestion' retrieved from /opt/airflow/dags/ingestion_dag.py
[2025-04-29T17:09:50.065+0000] {logging_mixin.py:190} INFO - [2025-04-29T17:09:50.064+0000] {dag.py:3239} INFO - Sync 1 DAGs
[2025-04-29T17:09:50.102+0000] {logging_mixin.py:190} INFO - [2025-04-29T17:09:50.102+0000] {dag.py:4180} INFO - Setting next_dagrun for ingestion to 2025-04-29 06:00:00+00:00, run_after=2025-04-29 12:00:00+00:00
[2025-04-29T17:09:50.125+0000] {processor.py:208} INFO - Processing /opt/airflow/dags/ingestion_dag.py took 0.181 seconds
[2025-04-29T17:10:20.865+0000] {processor.py:186} INFO - Started process (PID=347) to work on /opt/airflow/dags/ingestion_dag.py
[2025-04-29T17:10:20.866+0000] {processor.py:914} INFO - Processing file /opt/airflow/dags/ingestion_dag.py for tasks to queue
[2025-04-29T17:10:20.870+0000] {logging_mixin.py:190} INFO - [2025-04-29T17:10:20.870+0000] {dagbag.py:588} INFO - Filling up the DagBag from /opt/airflow/dags/ingestion_dag.py
[2025-04-29T17:10:20.884+0000] {processor.py:925} INFO - DAG(s) 'ingestion' retrieved from /opt/airflow/dags/ingestion_dag.py
[2025-04-29T17:10:20.908+0000] {logging_mixin.py:190} INFO - [2025-04-29T17:10:20.908+0000] {dag.py:3239} INFO - Sync 1 DAGs
[2025-04-29T17:10:20.931+0000] {logging_mixin.py:190} INFO - [2025-04-29T17:10:20.931+0000] {dag.py:4180} INFO - Setting next_dagrun for ingestion to 2025-04-29 06:00:00+00:00, run_after=2025-04-29 12:00:00+00:00
[2025-04-29T17:10:20.942+0000] {processor.py:208} INFO - Processing /opt/airflow/dags/ingestion_dag.py took 0.081 seconds
[2025-04-29T17:10:51.419+0000] {processor.py:186} INFO - Started process (PID=420) to work on /opt/airflow/dags/ingestion_dag.py
[2025-04-29T17:10:51.422+0000] {processor.py:914} INFO - Processing file /opt/airflow/dags/ingestion_dag.py for tasks to queue
[2025-04-29T17:10:51.428+0000] {logging_mixin.py:190} INFO - [2025-04-29T17:10:51.427+0000] {dagbag.py:588} INFO - Filling up the DagBag from /opt/airflow/dags/ingestion_dag.py
[2025-04-29T17:10:51.454+0000] {processor.py:925} INFO - DAG(s) 'ingestion' retrieved from /opt/airflow/dags/ingestion_dag.py
[2025-04-29T17:10:51.484+0000] {logging_mixin.py:190} INFO - [2025-04-29T17:10:51.483+0000] {dag.py:3239} INFO - Sync 1 DAGs
[2025-04-29T17:10:51.512+0000] {logging_mixin.py:190} INFO - [2025-04-29T17:10:51.512+0000] {dag.py:4180} INFO - Setting next_dagrun for ingestion to 2025-04-29 06:00:00+00:00, run_after=2025-04-29 12:00:00+00:00
[2025-04-29T17:10:51.528+0000] {processor.py:208} INFO - Processing /opt/airflow/dags/ingestion_dag.py took 0.124 seconds
[2025-04-29T17:11:22.175+0000] {processor.py:186} INFO - Started process (PID=493) to work on /opt/airflow/dags/ingestion_dag.py
[2025-04-29T17:11:22.178+0000] {processor.py:914} INFO - Processing file /opt/airflow/dags/ingestion_dag.py for tasks to queue
[2025-04-29T17:11:22.183+0000] {logging_mixin.py:190} INFO - [2025-04-29T17:11:22.183+0000] {dagbag.py:588} INFO - Filling up the DagBag from /opt/airflow/dags/ingestion_dag.py
[2025-04-29T17:11:22.203+0000] {processor.py:925} INFO - DAG(s) 'ingestion' retrieved from /opt/airflow/dags/ingestion_dag.py
[2025-04-29T17:11:22.234+0000] {logging_mixin.py:190} INFO - [2025-04-29T17:11:22.234+0000] {dag.py:3239} INFO - Sync 1 DAGs
[2025-04-29T17:11:22.260+0000] {logging_mixin.py:190} INFO - [2025-04-29T17:11:22.260+0000] {dag.py:4180} INFO - Setting next_dagrun for ingestion to 2025-04-29 06:00:00+00:00, run_after=2025-04-29 12:00:00+00:00
[2025-04-29T17:11:22.273+0000] {processor.py:208} INFO - Processing /opt/airflow/dags/ingestion_dag.py took 0.107 seconds
[2025-04-29T17:11:52.933+0000] {processor.py:186} INFO - Started process (PID=566) to work on /opt/airflow/dags/ingestion_dag.py
[2025-04-29T17:11:52.936+0000] {processor.py:914} INFO - Processing file /opt/airflow/dags/ingestion_dag.py for tasks to queue
[2025-04-29T17:11:52.944+0000] {logging_mixin.py:190} INFO - [2025-04-29T17:11:52.944+0000] {dagbag.py:588} INFO - Filling up the DagBag from /opt/airflow/dags/ingestion_dag.py
[2025-04-29T17:11:52.965+0000] {processor.py:925} INFO - DAG(s) 'ingestion' retrieved from /opt/airflow/dags/ingestion_dag.py
[2025-04-29T17:11:52.993+0000] {logging_mixin.py:190} INFO - [2025-04-29T17:11:52.993+0000] {dag.py:3239} INFO - Sync 1 DAGs
[2025-04-29T17:11:53.018+0000] {logging_mixin.py:190} INFO - [2025-04-29T17:11:53.018+0000] {dag.py:4180} INFO - Setting next_dagrun for ingestion to 2025-04-29 06:00:00+00:00, run_after=2025-04-29 12:00:00+00:00
[2025-04-29T17:11:53.031+0000] {processor.py:208} INFO - Processing /opt/airflow/dags/ingestion_dag.py took 0.108 seconds
[2025-04-29T17:12:23.448+0000] {processor.py:186} INFO - Started process (PID=639) to work on /opt/airflow/dags/ingestion_dag.py
[2025-04-29T17:12:23.449+0000] {processor.py:914} INFO - Processing file /opt/airflow/dags/ingestion_dag.py for tasks to queue
[2025-04-29T17:12:23.452+0000] {logging_mixin.py:190} INFO - [2025-04-29T17:12:23.451+0000] {dagbag.py:588} INFO - Filling up the DagBag from /opt/airflow/dags/ingestion_dag.py
[2025-04-29T17:12:23.472+0000] {processor.py:925} INFO - DAG(s) 'ingestion' retrieved from /opt/airflow/dags/ingestion_dag.py
[2025-04-29T17:12:23.494+0000] {logging_mixin.py:190} INFO - [2025-04-29T17:12:23.494+0000] {dag.py:3239} INFO - Sync 1 DAGs
[2025-04-29T17:12:23.510+0000] {logging_mixin.py:190} INFO - [2025-04-29T17:12:23.510+0000] {dag.py:4180} INFO - Setting next_dagrun for ingestion to 2025-04-29 06:00:00+00:00, run_after=2025-04-29 12:00:00+00:00
[2025-04-29T17:12:23.521+0000] {processor.py:208} INFO - Processing /opt/airflow/dags/ingestion_dag.py took 0.077 seconds
[2025-04-29T17:12:54.013+0000] {processor.py:186} INFO - Started process (PID=712) to work on /opt/airflow/dags/ingestion_dag.py
[2025-04-29T17:12:54.016+0000] {processor.py:914} INFO - Processing file /opt/airflow/dags/ingestion_dag.py for tasks to queue
[2025-04-29T17:12:54.019+0000] {logging_mixin.py:190} INFO - [2025-04-29T17:12:54.019+0000] {dagbag.py:588} INFO - Filling up the DagBag from /opt/airflow/dags/ingestion_dag.py
[2025-04-29T17:12:54.036+0000] {processor.py:925} INFO - DAG(s) 'ingestion' retrieved from /opt/airflow/dags/ingestion_dag.py
[2025-04-29T17:12:54.061+0000] {logging_mixin.py:190} INFO - [2025-04-29T17:12:54.061+0000] {dag.py:3239} INFO - Sync 1 DAGs
[2025-04-29T17:12:54.080+0000] {logging_mixin.py:190} INFO - [2025-04-29T17:12:54.080+0000] {dag.py:4180} INFO - Setting next_dagrun for ingestion to 2025-04-29 06:00:00+00:00, run_after=2025-04-29 12:00:00+00:00
[2025-04-29T17:12:54.092+0000] {processor.py:208} INFO - Processing /opt/airflow/dags/ingestion_dag.py took 0.092 seconds
[2025-04-29T17:13:24.783+0000] {processor.py:186} INFO - Started process (PID=785) to work on /opt/airflow/dags/ingestion_dag.py
[2025-04-29T17:13:24.788+0000] {processor.py:914} INFO - Processing file /opt/airflow/dags/ingestion_dag.py for tasks to queue
[2025-04-29T17:13:24.791+0000] {logging_mixin.py:190} INFO - [2025-04-29T17:13:24.791+0000] {dagbag.py:588} INFO - Filling up the DagBag from /opt/airflow/dags/ingestion_dag.py
[2025-04-29T17:13:24.808+0000] {processor.py:925} INFO - DAG(s) 'ingestion' retrieved from /opt/airflow/dags/ingestion_dag.py
[2025-04-29T17:13:24.832+0000] {logging_mixin.py:190} INFO - [2025-04-29T17:13:24.831+0000] {dag.py:3239} INFO - Sync 1 DAGs
[2025-04-29T17:13:24.850+0000] {logging_mixin.py:190} INFO - [2025-04-29T17:13:24.850+0000] {dag.py:4180} INFO - Setting next_dagrun for ingestion to 2025-04-29 06:00:00+00:00, run_after=2025-04-29 12:00:00+00:00
[2025-04-29T17:13:24.864+0000] {processor.py:208} INFO - Processing /opt/airflow/dags/ingestion_dag.py took 0.087 seconds
[2025-04-29T17:13:55.334+0000] {processor.py:186} INFO - Started process (PID=858) to work on /opt/airflow/dags/ingestion_dag.py
[2025-04-29T17:13:55.337+0000] {processor.py:914} INFO - Processing file /opt/airflow/dags/ingestion_dag.py for tasks to queue
[2025-04-29T17:13:55.340+0000] {logging_mixin.py:190} INFO - [2025-04-29T17:13:55.340+0000] {dagbag.py:588} INFO - Filling up the DagBag from /opt/airflow/dags/ingestion_dag.py
[2025-04-29T17:13:55.357+0000] {processor.py:925} INFO - DAG(s) 'ingestion' retrieved from /opt/airflow/dags/ingestion_dag.py
[2025-04-29T17:13:55.392+0000] {logging_mixin.py:190} INFO - [2025-04-29T17:13:55.392+0000] {dag.py:3239} INFO - Sync 1 DAGs
[2025-04-29T17:13:55.422+0000] {logging_mixin.py:190} INFO - [2025-04-29T17:13:55.422+0000] {dag.py:4180} INFO - Setting next_dagrun for ingestion to 2025-04-29 06:00:00+00:00, run_after=2025-04-29 12:00:00+00:00
[2025-04-29T17:13:55.442+0000] {processor.py:208} INFO - Processing /opt/airflow/dags/ingestion_dag.py took 0.113 seconds
[2025-04-29T17:14:25.796+0000] {processor.py:186} INFO - Started process (PID=931) to work on /opt/airflow/dags/ingestion_dag.py
[2025-04-29T17:14:25.798+0000] {processor.py:914} INFO - Processing file /opt/airflow/dags/ingestion_dag.py for tasks to queue
[2025-04-29T17:14:25.803+0000] {logging_mixin.py:190} INFO - [2025-04-29T17:14:25.803+0000] {dagbag.py:588} INFO - Filling up the DagBag from /opt/airflow/dags/ingestion_dag.py
[2025-04-29T17:14:25.819+0000] {processor.py:925} INFO - DAG(s) 'ingestion' retrieved from /opt/airflow/dags/ingestion_dag.py
[2025-04-29T17:14:25.844+0000] {logging_mixin.py:190} INFO - [2025-04-29T17:14:25.844+0000] {dag.py:3239} INFO - Sync 1 DAGs
[2025-04-29T17:14:25.874+0000] {logging_mixin.py:190} INFO - [2025-04-29T17:14:25.874+0000] {dag.py:4180} INFO - Setting next_dagrun for ingestion to 2025-04-29 06:00:00+00:00, run_after=2025-04-29 12:00:00+00:00
[2025-04-29T17:14:25.890+0000] {processor.py:208} INFO - Processing /opt/airflow/dags/ingestion_dag.py took 0.103 seconds
[2025-04-29T17:14:56.144+0000] {processor.py:186} INFO - Started process (PID=1004) to work on /opt/airflow/dags/ingestion_dag.py
[2025-04-29T17:14:56.148+0000] {processor.py:914} INFO - Processing file /opt/airflow/dags/ingestion_dag.py for tasks to queue
[2025-04-29T17:14:56.151+0000] {logging_mixin.py:190} INFO - [2025-04-29T17:14:56.151+0000] {dagbag.py:588} INFO - Filling up the DagBag from /opt/airflow/dags/ingestion_dag.py
[2025-04-29T17:14:56.174+0000] {processor.py:925} INFO - DAG(s) 'ingestion' retrieved from /opt/airflow/dags/ingestion_dag.py
[2025-04-29T17:14:56.207+0000] {logging_mixin.py:190} INFO - [2025-04-29T17:14:56.207+0000] {dag.py:3239} INFO - Sync 1 DAGs
[2025-04-29T17:14:56.230+0000] {logging_mixin.py:190} INFO - [2025-04-29T17:14:56.229+0000] {dag.py:4180} INFO - Setting next_dagrun for ingestion to 2025-04-29 06:00:00+00:00, run_after=2025-04-29 12:00:00+00:00
[2025-04-29T17:14:56.247+0000] {processor.py:208} INFO - Processing /opt/airflow/dags/ingestion_dag.py took 0.111 seconds
[2025-04-29T17:15:26.595+0000] {processor.py:186} INFO - Started process (PID=1077) to work on /opt/airflow/dags/ingestion_dag.py
[2025-04-29T17:15:26.604+0000] {processor.py:914} INFO - Processing file /opt/airflow/dags/ingestion_dag.py for tasks to queue
[2025-04-29T17:15:26.618+0000] {logging_mixin.py:190} INFO - [2025-04-29T17:15:26.617+0000] {dagbag.py:588} INFO - Filling up the DagBag from /opt/airflow/dags/ingestion_dag.py
[2025-04-29T17:15:26.684+0000] {processor.py:925} INFO - DAG(s) 'ingestion' retrieved from /opt/airflow/dags/ingestion_dag.py
[2025-04-29T17:15:26.795+0000] {logging_mixin.py:190} INFO - [2025-04-29T17:15:26.794+0000] {dag.py:3239} INFO - Sync 1 DAGs
[2025-04-29T17:15:26.877+0000] {logging_mixin.py:190} INFO - [2025-04-29T17:15:26.877+0000] {dag.py:4180} INFO - Setting next_dagrun for ingestion to 2025-04-29 06:00:00+00:00, run_after=2025-04-29 12:00:00+00:00
[2025-04-29T17:15:26.909+0000] {processor.py:208} INFO - Processing /opt/airflow/dags/ingestion_dag.py took 0.391 seconds
[2025-04-29T17:15:57.351+0000] {processor.py:186} INFO - Started process (PID=1150) to work on /opt/airflow/dags/ingestion_dag.py
[2025-04-29T17:15:57.353+0000] {processor.py:914} INFO - Processing file /opt/airflow/dags/ingestion_dag.py for tasks to queue
[2025-04-29T17:15:57.363+0000] {logging_mixin.py:190} INFO - [2025-04-29T17:15:57.362+0000] {dagbag.py:588} INFO - Filling up the DagBag from /opt/airflow/dags/ingestion_dag.py
[2025-04-29T17:15:57.394+0000] {processor.py:925} INFO - DAG(s) 'ingestion' retrieved from /opt/airflow/dags/ingestion_dag.py
[2025-04-29T17:15:57.429+0000] {logging_mixin.py:190} INFO - [2025-04-29T17:15:57.429+0000] {dag.py:3239} INFO - Sync 1 DAGs
[2025-04-29T17:15:57.448+0000] {logging_mixin.py:190} INFO - [2025-04-29T17:15:57.448+0000] {dag.py:4180} INFO - Setting next_dagrun for ingestion to 2025-04-29 06:00:00+00:00, run_after=2025-04-29 12:00:00+00:00
[2025-04-29T17:15:57.469+0000] {processor.py:208} INFO - Processing /opt/airflow/dags/ingestion_dag.py took 0.131 seconds
[2025-04-29T17:17:21.665+0000] {processor.py:186} INFO - Started process (PID=1155) to work on /opt/airflow/dags/ingestion_dag.py
[2025-04-29T17:17:21.666+0000] {processor.py:914} INFO - Processing file /opt/airflow/dags/ingestion_dag.py for tasks to queue
[2025-04-29T17:17:21.668+0000] {logging_mixin.py:190} INFO - [2025-04-29T17:17:21.667+0000] {dagbag.py:588} INFO - Filling up the DagBag from /opt/airflow/dags/ingestion_dag.py
[2025-04-29T17:17:21.673+0000] {processor.py:925} INFO - DAG(s) 'ingestion' retrieved from /opt/airflow/dags/ingestion_dag.py
[2025-04-29T17:17:21.688+0000] {logging_mixin.py:190} INFO - [2025-04-29T17:17:21.688+0000] {dag.py:3239} INFO - Sync 1 DAGs
[2025-04-29T17:17:21.701+0000] {logging_mixin.py:190} INFO - [2025-04-29T17:17:21.700+0000] {dag.py:4180} INFO - Setting next_dagrun for ingestion to 2025-04-29 06:00:00+00:00, run_after=2025-04-29 12:00:00+00:00
[2025-04-29T17:17:21.710+0000] {processor.py:208} INFO - Processing /opt/airflow/dags/ingestion_dag.py took 0.055 seconds
[2025-04-29T17:17:52.464+0000] {processor.py:186} INFO - Started process (PID=1227) to work on /opt/airflow/dags/ingestion_dag.py
[2025-04-29T17:17:52.465+0000] {processor.py:914} INFO - Processing file /opt/airflow/dags/ingestion_dag.py for tasks to queue
[2025-04-29T17:17:52.469+0000] {logging_mixin.py:190} INFO - [2025-04-29T17:17:52.469+0000] {dagbag.py:588} INFO - Filling up the DagBag from /opt/airflow/dags/ingestion_dag.py
[2025-04-29T17:17:52.490+0000] {processor.py:925} INFO - DAG(s) 'ingestion' retrieved from /opt/airflow/dags/ingestion_dag.py
[2025-04-29T17:17:52.509+0000] {logging_mixin.py:190} INFO - [2025-04-29T17:17:52.508+0000] {dag.py:3239} INFO - Sync 1 DAGs
[2025-04-29T17:17:52.531+0000] {logging_mixin.py:190} INFO - [2025-04-29T17:17:52.531+0000] {dag.py:4180} INFO - Setting next_dagrun for ingestion to 2025-04-29 06:00:00+00:00, run_after=2025-04-29 12:00:00+00:00
[2025-04-29T17:17:52.543+0000] {processor.py:208} INFO - Processing /opt/airflow/dags/ingestion_dag.py took 0.085 seconds
[2025-04-29T17:18:23.245+0000] {processor.py:186} INFO - Started process (PID=1300) to work on /opt/airflow/dags/ingestion_dag.py
[2025-04-29T17:18:23.246+0000] {processor.py:914} INFO - Processing file /opt/airflow/dags/ingestion_dag.py for tasks to queue
[2025-04-29T17:18:23.248+0000] {logging_mixin.py:190} INFO - [2025-04-29T17:18:23.248+0000] {dagbag.py:588} INFO - Filling up the DagBag from /opt/airflow/dags/ingestion_dag.py
[2025-04-29T17:18:23.267+0000] {processor.py:925} INFO - DAG(s) 'ingestion' retrieved from /opt/airflow/dags/ingestion_dag.py
[2025-04-29T17:18:23.291+0000] {logging_mixin.py:190} INFO - [2025-04-29T17:18:23.291+0000] {dag.py:3239} INFO - Sync 1 DAGs
[2025-04-29T17:18:23.310+0000] {logging_mixin.py:190} INFO - [2025-04-29T17:18:23.310+0000] {dag.py:4180} INFO - Setting next_dagrun for ingestion to 2025-04-29 06:00:00+00:00, run_after=2025-04-29 12:00:00+00:00
[2025-04-29T17:18:23.324+0000] {processor.py:208} INFO - Processing /opt/airflow/dags/ingestion_dag.py took 0.087 seconds
[2025-04-29T17:18:53.904+0000] {processor.py:186} INFO - Started process (PID=1373) to work on /opt/airflow/dags/ingestion_dag.py
[2025-04-29T17:18:53.905+0000] {processor.py:914} INFO - Processing file /opt/airflow/dags/ingestion_dag.py for tasks to queue
[2025-04-29T17:18:53.909+0000] {logging_mixin.py:190} INFO - [2025-04-29T17:18:53.908+0000] {dagbag.py:588} INFO - Filling up the DagBag from /opt/airflow/dags/ingestion_dag.py
[2025-04-29T17:18:53.930+0000] {processor.py:925} INFO - DAG(s) 'ingestion' retrieved from /opt/airflow/dags/ingestion_dag.py
[2025-04-29T17:18:53.947+0000] {logging_mixin.py:190} INFO - [2025-04-29T17:18:53.947+0000] {dag.py:3239} INFO - Sync 1 DAGs
[2025-04-29T17:18:53.962+0000] {logging_mixin.py:190} INFO - [2025-04-29T17:18:53.962+0000] {dag.py:4180} INFO - Setting next_dagrun for ingestion to 2025-04-29 06:00:00+00:00, run_after=2025-04-29 12:00:00+00:00
[2025-04-29T17:18:53.974+0000] {processor.py:208} INFO - Processing /opt/airflow/dags/ingestion_dag.py took 0.076 seconds
[2025-04-29T17:19:24.098+0000] {processor.py:186} INFO - Started process (PID=1446) to work on /opt/airflow/dags/ingestion_dag.py
[2025-04-29T17:19:24.100+0000] {processor.py:914} INFO - Processing file /opt/airflow/dags/ingestion_dag.py for tasks to queue
[2025-04-29T17:19:24.103+0000] {logging_mixin.py:190} INFO - [2025-04-29T17:19:24.103+0000] {dagbag.py:588} INFO - Filling up the DagBag from /opt/airflow/dags/ingestion_dag.py
[2025-04-29T17:19:24.126+0000] {processor.py:925} INFO - DAG(s) 'ingestion' retrieved from /opt/airflow/dags/ingestion_dag.py
[2025-04-29T17:19:24.147+0000] {logging_mixin.py:190} INFO - [2025-04-29T17:19:24.147+0000] {dag.py:3239} INFO - Sync 1 DAGs
[2025-04-29T17:19:24.168+0000] {logging_mixin.py:190} INFO - [2025-04-29T17:19:24.168+0000] {dag.py:4180} INFO - Setting next_dagrun for ingestion to 2025-04-29 06:00:00+00:00, run_after=2025-04-29 12:00:00+00:00
[2025-04-29T17:19:24.180+0000] {processor.py:208} INFO - Processing /opt/airflow/dags/ingestion_dag.py took 0.092 seconds
[2025-04-29T17:21:34.865+0000] {processor.py:186} INFO - Started process (PID=1520) to work on /opt/airflow/dags/ingestion_dag.py
[2025-04-29T17:21:34.866+0000] {processor.py:914} INFO - Processing file /opt/airflow/dags/ingestion_dag.py for tasks to queue
[2025-04-29T17:21:34.868+0000] {logging_mixin.py:190} INFO - [2025-04-29T17:21:34.868+0000] {dagbag.py:588} INFO - Filling up the DagBag from /opt/airflow/dags/ingestion_dag.py
[2025-04-29T17:21:34.875+0000] {processor.py:925} INFO - DAG(s) 'ingestion' retrieved from /opt/airflow/dags/ingestion_dag.py
[2025-04-29T17:21:34.887+0000] {logging_mixin.py:190} INFO - [2025-04-29T17:21:34.887+0000] {dag.py:3239} INFO - Sync 1 DAGs
[2025-04-29T17:21:34.901+0000] {logging_mixin.py:190} INFO - [2025-04-29T17:21:34.901+0000] {dag.py:4180} INFO - Setting next_dagrun for ingestion to 2025-04-29 06:00:00+00:00, run_after=2025-04-29 12:00:00+00:00
[2025-04-29T17:21:34.911+0000] {processor.py:208} INFO - Processing /opt/airflow/dags/ingestion_dag.py took 0.051 seconds
[2025-04-29T17:22:04.949+0000] {processor.py:186} INFO - Started process (PID=1592) to work on /opt/airflow/dags/ingestion_dag.py
[2025-04-29T17:22:04.950+0000] {processor.py:914} INFO - Processing file /opt/airflow/dags/ingestion_dag.py for tasks to queue
[2025-04-29T17:22:04.953+0000] {logging_mixin.py:190} INFO - [2025-04-29T17:22:04.952+0000] {dagbag.py:588} INFO - Filling up the DagBag from /opt/airflow/dags/ingestion_dag.py
[2025-04-29T17:22:04.968+0000] {processor.py:925} INFO - DAG(s) 'ingestion' retrieved from /opt/airflow/dags/ingestion_dag.py
[2025-04-29T17:22:04.987+0000] {logging_mixin.py:190} INFO - [2025-04-29T17:22:04.987+0000] {dag.py:3239} INFO - Sync 1 DAGs
[2025-04-29T17:22:05.004+0000] {logging_mixin.py:190} INFO - [2025-04-29T17:22:05.003+0000] {dag.py:4180} INFO - Setting next_dagrun for ingestion to 2025-04-29 06:00:00+00:00, run_after=2025-04-29 12:00:00+00:00
[2025-04-29T17:22:05.015+0000] {processor.py:208} INFO - Processing /opt/airflow/dags/ingestion_dag.py took 0.069 seconds
[2025-04-29T17:22:35.407+0000] {processor.py:186} INFO - Started process (PID=1665) to work on /opt/airflow/dags/ingestion_dag.py
[2025-04-29T17:22:35.409+0000] {processor.py:914} INFO - Processing file /opt/airflow/dags/ingestion_dag.py for tasks to queue
[2025-04-29T17:22:35.413+0000] {logging_mixin.py:190} INFO - [2025-04-29T17:22:35.413+0000] {dagbag.py:588} INFO - Filling up the DagBag from /opt/airflow/dags/ingestion_dag.py
[2025-04-29T17:22:35.435+0000] {processor.py:925} INFO - DAG(s) 'ingestion' retrieved from /opt/airflow/dags/ingestion_dag.py
[2025-04-29T17:22:35.459+0000] {logging_mixin.py:190} INFO - [2025-04-29T17:22:35.459+0000] {dag.py:3239} INFO - Sync 1 DAGs
[2025-04-29T17:22:35.482+0000] {logging_mixin.py:190} INFO - [2025-04-29T17:22:35.482+0000] {dag.py:4180} INFO - Setting next_dagrun for ingestion to 2025-04-29 06:00:00+00:00, run_after=2025-04-29 12:00:00+00:00
[2025-04-29T17:22:35.501+0000] {processor.py:208} INFO - Processing /opt/airflow/dags/ingestion_dag.py took 0.101 seconds
[2025-04-29T17:23:06.133+0000] {processor.py:186} INFO - Started process (PID=1738) to work on /opt/airflow/dags/ingestion_dag.py
[2025-04-29T17:23:06.135+0000] {processor.py:914} INFO - Processing file /opt/airflow/dags/ingestion_dag.py for tasks to queue
[2025-04-29T17:23:06.143+0000] {logging_mixin.py:190} INFO - [2025-04-29T17:23:06.143+0000] {dagbag.py:588} INFO - Filling up the DagBag from /opt/airflow/dags/ingestion_dag.py
[2025-04-29T17:23:06.172+0000] {processor.py:925} INFO - DAG(s) 'ingestion' retrieved from /opt/airflow/dags/ingestion_dag.py
[2025-04-29T17:23:06.218+0000] {logging_mixin.py:190} INFO - [2025-04-29T17:23:06.218+0000] {dag.py:3239} INFO - Sync 1 DAGs
[2025-04-29T17:23:06.247+0000] {logging_mixin.py:190} INFO - [2025-04-29T17:23:06.247+0000] {dag.py:4180} INFO - Setting next_dagrun for ingestion to 2025-04-29 06:00:00+00:00, run_after=2025-04-29 12:00:00+00:00
[2025-04-29T17:23:06.264+0000] {processor.py:208} INFO - Processing /opt/airflow/dags/ingestion_dag.py took 0.140 seconds
[2025-04-29T17:23:36.738+0000] {processor.py:186} INFO - Started process (PID=1811) to work on /opt/airflow/dags/ingestion_dag.py
[2025-04-29T17:23:36.740+0000] {processor.py:914} INFO - Processing file /opt/airflow/dags/ingestion_dag.py for tasks to queue
[2025-04-29T17:23:36.748+0000] {logging_mixin.py:190} INFO - [2025-04-29T17:23:36.747+0000] {dagbag.py:588} INFO - Filling up the DagBag from /opt/airflow/dags/ingestion_dag.py
[2025-04-29T17:23:36.769+0000] {processor.py:925} INFO - DAG(s) 'ingestion' retrieved from /opt/airflow/dags/ingestion_dag.py
[2025-04-29T17:23:36.793+0000] {logging_mixin.py:190} INFO - [2025-04-29T17:23:36.792+0000] {dag.py:3239} INFO - Sync 1 DAGs
[2025-04-29T17:23:36.816+0000] {logging_mixin.py:190} INFO - [2025-04-29T17:23:36.816+0000] {dag.py:4180} INFO - Setting next_dagrun for ingestion to 2025-04-29 06:00:00+00:00, run_after=2025-04-29 12:00:00+00:00
[2025-04-29T17:23:36.835+0000] {processor.py:208} INFO - Processing /opt/airflow/dags/ingestion_dag.py took 0.110 seconds
[2025-04-29T17:27:12.288+0000] {processor.py:186} INFO - Started process (PID=1885) to work on /opt/airflow/dags/ingestion_dag.py
[2025-04-29T17:27:12.289+0000] {processor.py:914} INFO - Processing file /opt/airflow/dags/ingestion_dag.py for tasks to queue
[2025-04-29T17:27:12.291+0000] {logging_mixin.py:190} INFO - [2025-04-29T17:27:12.291+0000] {dagbag.py:588} INFO - Filling up the DagBag from /opt/airflow/dags/ingestion_dag.py
[2025-04-29T17:27:12.301+0000] {processor.py:925} INFO - DAG(s) 'ingestion' retrieved from /opt/airflow/dags/ingestion_dag.py
[2025-04-29T17:27:12.321+0000] {logging_mixin.py:190} INFO - [2025-04-29T17:27:12.321+0000] {dag.py:3239} INFO - Sync 1 DAGs
[2025-04-29T17:27:12.338+0000] {logging_mixin.py:190} INFO - [2025-04-29T17:27:12.338+0000] {dag.py:4180} INFO - Setting next_dagrun for ingestion to 2025-04-29 06:00:00+00:00, run_after=2025-04-29 12:00:00+00:00
[2025-04-29T17:27:12.348+0000] {processor.py:208} INFO - Processing /opt/airflow/dags/ingestion_dag.py took 0.070 seconds
[2025-04-29T17:27:42.499+0000] {processor.py:186} INFO - Started process (PID=1957) to work on /opt/airflow/dags/ingestion_dag.py
[2025-04-29T17:27:42.500+0000] {processor.py:914} INFO - Processing file /opt/airflow/dags/ingestion_dag.py for tasks to queue
[2025-04-29T17:27:42.505+0000] {logging_mixin.py:190} INFO - [2025-04-29T17:27:42.504+0000] {dagbag.py:588} INFO - Filling up the DagBag from /opt/airflow/dags/ingestion_dag.py
[2025-04-29T17:27:42.521+0000] {processor.py:925} INFO - DAG(s) 'ingestion' retrieved from /opt/airflow/dags/ingestion_dag.py
[2025-04-29T17:27:42.551+0000] {logging_mixin.py:190} INFO - [2025-04-29T17:27:42.550+0000] {dag.py:3239} INFO - Sync 1 DAGs
[2025-04-29T17:27:42.575+0000] {logging_mixin.py:190} INFO - [2025-04-29T17:27:42.575+0000] {dag.py:4180} INFO - Setting next_dagrun for ingestion to 2025-04-29 06:00:00+00:00, run_after=2025-04-29 12:00:00+00:00
[2025-04-29T17:27:42.595+0000] {processor.py:208} INFO - Processing /opt/airflow/dags/ingestion_dag.py took 0.106 seconds
[2025-04-29T17:28:13.464+0000] {processor.py:186} INFO - Started process (PID=2030) to work on /opt/airflow/dags/ingestion_dag.py
[2025-04-29T17:28:13.465+0000] {processor.py:914} INFO - Processing file /opt/airflow/dags/ingestion_dag.py for tasks to queue
[2025-04-29T17:28:13.468+0000] {logging_mixin.py:190} INFO - [2025-04-29T17:28:13.468+0000] {dagbag.py:588} INFO - Filling up the DagBag from /opt/airflow/dags/ingestion_dag.py
[2025-04-29T17:28:13.487+0000] {processor.py:925} INFO - DAG(s) 'ingestion' retrieved from /opt/airflow/dags/ingestion_dag.py
[2025-04-29T17:28:13.518+0000] {logging_mixin.py:190} INFO - [2025-04-29T17:28:13.518+0000] {dag.py:3239} INFO - Sync 1 DAGs
[2025-04-29T17:28:13.541+0000] {logging_mixin.py:190} INFO - [2025-04-29T17:28:13.541+0000] {dag.py:4180} INFO - Setting next_dagrun for ingestion to 2025-04-29 06:00:00+00:00, run_after=2025-04-29 12:00:00+00:00
[2025-04-29T17:28:13.554+0000] {processor.py:208} INFO - Processing /opt/airflow/dags/ingestion_dag.py took 0.102 seconds
[2025-04-29T17:28:43.899+0000] {processor.py:186} INFO - Started process (PID=2103) to work on /opt/airflow/dags/ingestion_dag.py
[2025-04-29T17:28:43.902+0000] {processor.py:914} INFO - Processing file /opt/airflow/dags/ingestion_dag.py for tasks to queue
[2025-04-29T17:28:43.906+0000] {logging_mixin.py:190} INFO - [2025-04-29T17:28:43.906+0000] {dagbag.py:588} INFO - Filling up the DagBag from /opt/airflow/dags/ingestion_dag.py
[2025-04-29T17:28:43.930+0000] {processor.py:925} INFO - DAG(s) 'ingestion' retrieved from /opt/airflow/dags/ingestion_dag.py
[2025-04-29T17:28:43.973+0000] {logging_mixin.py:190} INFO - [2025-04-29T17:28:43.972+0000] {dag.py:3239} INFO - Sync 1 DAGs
[2025-04-29T17:28:43.988+0000] {logging_mixin.py:190} INFO - [2025-04-29T17:28:43.988+0000] {dag.py:4180} INFO - Setting next_dagrun for ingestion to 2025-04-29 06:00:00+00:00, run_after=2025-04-29 12:00:00+00:00
[2025-04-29T17:28:43.999+0000] {processor.py:208} INFO - Processing /opt/airflow/dags/ingestion_dag.py took 0.114 seconds
[2025-04-29T17:29:14.406+0000] {processor.py:186} INFO - Started process (PID=2176) to work on /opt/airflow/dags/ingestion_dag.py
[2025-04-29T17:29:14.408+0000] {processor.py:914} INFO - Processing file /opt/airflow/dags/ingestion_dag.py for tasks to queue
[2025-04-29T17:29:14.414+0000] {logging_mixin.py:190} INFO - [2025-04-29T17:29:14.413+0000] {dagbag.py:588} INFO - Filling up the DagBag from /opt/airflow/dags/ingestion_dag.py
[2025-04-29T17:29:14.430+0000] {processor.py:925} INFO - DAG(s) 'ingestion' retrieved from /opt/airflow/dags/ingestion_dag.py
[2025-04-29T17:29:14.454+0000] {logging_mixin.py:190} INFO - [2025-04-29T17:29:14.454+0000] {dag.py:3239} INFO - Sync 1 DAGs
[2025-04-29T17:29:14.477+0000] {logging_mixin.py:190} INFO - [2025-04-29T17:29:14.477+0000] {dag.py:4180} INFO - Setting next_dagrun for ingestion to 2025-04-29 06:00:00+00:00, run_after=2025-04-29 12:00:00+00:00
[2025-04-29T17:29:14.490+0000] {processor.py:208} INFO - Processing /opt/airflow/dags/ingestion_dag.py took 0.091 seconds
[2025-04-29T17:29:45.219+0000] {processor.py:186} INFO - Started process (PID=2249) to work on /opt/airflow/dags/ingestion_dag.py
[2025-04-29T17:29:45.220+0000] {processor.py:914} INFO - Processing file /opt/airflow/dags/ingestion_dag.py for tasks to queue
[2025-04-29T17:29:45.230+0000] {logging_mixin.py:190} INFO - [2025-04-29T17:29:45.230+0000] {dagbag.py:588} INFO - Filling up the DagBag from /opt/airflow/dags/ingestion_dag.py
[2025-04-29T17:29:45.252+0000] {processor.py:925} INFO - DAG(s) 'ingestion' retrieved from /opt/airflow/dags/ingestion_dag.py
[2025-04-29T17:29:45.278+0000] {logging_mixin.py:190} INFO - [2025-04-29T17:29:45.278+0000] {dag.py:3239} INFO - Sync 1 DAGs
[2025-04-29T17:29:45.295+0000] {logging_mixin.py:190} INFO - [2025-04-29T17:29:45.295+0000] {dag.py:4180} INFO - Setting next_dagrun for ingestion to 2025-04-29 06:00:00+00:00, run_after=2025-04-29 12:00:00+00:00
[2025-04-29T17:29:45.307+0000] {processor.py:208} INFO - Processing /opt/airflow/dags/ingestion_dag.py took 0.102 seconds
[2025-04-29T17:30:16.066+0000] {processor.py:186} INFO - Started process (PID=2322) to work on /opt/airflow/dags/ingestion_dag.py
[2025-04-29T17:30:16.067+0000] {processor.py:914} INFO - Processing file /opt/airflow/dags/ingestion_dag.py for tasks to queue
[2025-04-29T17:30:16.072+0000] {logging_mixin.py:190} INFO - [2025-04-29T17:30:16.071+0000] {dagbag.py:588} INFO - Filling up the DagBag from /opt/airflow/dags/ingestion_dag.py
[2025-04-29T17:30:16.133+0000] {processor.py:925} INFO - DAG(s) 'ingestion' retrieved from /opt/airflow/dags/ingestion_dag.py
[2025-04-29T17:30:16.160+0000] {logging_mixin.py:190} INFO - [2025-04-29T17:30:16.159+0000] {dag.py:3239} INFO - Sync 1 DAGs
[2025-04-29T17:30:16.183+0000] {logging_mixin.py:190} INFO - [2025-04-29T17:30:16.182+0000] {dag.py:4180} INFO - Setting next_dagrun for ingestion to 2025-04-29 06:00:00+00:00, run_after=2025-04-29 12:00:00+00:00
[2025-04-29T17:30:16.195+0000] {processor.py:208} INFO - Processing /opt/airflow/dags/ingestion_dag.py took 0.143 seconds
[2025-04-29T17:30:46.576+0000] {processor.py:186} INFO - Started process (PID=2394) to work on /opt/airflow/dags/ingestion_dag.py
[2025-04-29T17:30:46.578+0000] {processor.py:914} INFO - Processing file /opt/airflow/dags/ingestion_dag.py for tasks to queue
[2025-04-29T17:30:46.582+0000] {logging_mixin.py:190} INFO - [2025-04-29T17:30:46.582+0000] {dagbag.py:588} INFO - Filling up the DagBag from /opt/airflow/dags/ingestion_dag.py
[2025-04-29T17:30:46.602+0000] {processor.py:925} INFO - DAG(s) 'ingestion' retrieved from /opt/airflow/dags/ingestion_dag.py
[2025-04-29T17:30:46.628+0000] {logging_mixin.py:190} INFO - [2025-04-29T17:30:46.628+0000] {dag.py:3239} INFO - Sync 1 DAGs
[2025-04-29T17:30:46.650+0000] {logging_mixin.py:190} INFO - [2025-04-29T17:30:46.650+0000] {dag.py:4180} INFO - Setting next_dagrun for ingestion to 2025-04-29 06:00:00+00:00, run_after=2025-04-29 12:00:00+00:00
[2025-04-29T17:30:46.662+0000] {processor.py:208} INFO - Processing /opt/airflow/dags/ingestion_dag.py took 0.092 seconds
[2025-04-29T17:31:17.325+0000] {processor.py:186} INFO - Started process (PID=2467) to work on /opt/airflow/dags/ingestion_dag.py
[2025-04-29T17:31:17.338+0000] {processor.py:914} INFO - Processing file /opt/airflow/dags/ingestion_dag.py for tasks to queue
[2025-04-29T17:31:17.344+0000] {logging_mixin.py:190} INFO - [2025-04-29T17:31:17.341+0000] {dagbag.py:588} INFO - Filling up the DagBag from /opt/airflow/dags/ingestion_dag.py
[2025-04-29T17:31:17.391+0000] {processor.py:925} INFO - DAG(s) 'ingestion' retrieved from /opt/airflow/dags/ingestion_dag.py
[2025-04-29T17:31:17.427+0000] {logging_mixin.py:190} INFO - [2025-04-29T17:31:17.427+0000] {dag.py:3239} INFO - Sync 1 DAGs
[2025-04-29T17:31:17.683+0000] {logging_mixin.py:190} INFO - [2025-04-29T17:31:17.683+0000] {dag.py:4180} INFO - Setting next_dagrun for ingestion to 2025-04-29 06:00:00+00:00, run_after=2025-04-29 12:00:00+00:00
[2025-04-29T17:31:17.739+0000] {processor.py:208} INFO - Processing /opt/airflow/dags/ingestion_dag.py took 0.436 seconds
[2025-04-29T17:32:38.610+0000] {processor.py:186} INFO - Started process (PID=2540) to work on /opt/airflow/dags/ingestion_dag.py
[2025-04-29T17:32:38.613+0000] {processor.py:914} INFO - Processing file /opt/airflow/dags/ingestion_dag.py for tasks to queue
[2025-04-29T17:32:38.624+0000] {logging_mixin.py:190} INFO - [2025-04-29T17:32:38.623+0000] {dagbag.py:588} INFO - Filling up the DagBag from /opt/airflow/dags/ingestion_dag.py
[2025-04-29T17:32:38.648+0000] {processor.py:925} INFO - DAG(s) 'ingestion' retrieved from /opt/airflow/dags/ingestion_dag.py
[2025-04-29T17:32:38.695+0000] {logging_mixin.py:190} INFO - [2025-04-29T17:32:38.695+0000] {dag.py:3239} INFO - Sync 1 DAGs
[2025-04-29T17:32:38.748+0000] {logging_mixin.py:190} INFO - [2025-04-29T17:32:38.748+0000] {dag.py:4180} INFO - Setting next_dagrun for ingestion to 2025-04-29 06:00:00+00:00, run_after=2025-04-29 12:00:00+00:00
[2025-04-29T17:32:38.792+0000] {processor.py:208} INFO - Processing /opt/airflow/dags/ingestion_dag.py took 0.190 seconds
[2025-04-29T17:33:09.579+0000] {processor.py:186} INFO - Started process (PID=2611) to work on /opt/airflow/dags/ingestion_dag.py
[2025-04-29T17:33:09.581+0000] {processor.py:914} INFO - Processing file /opt/airflow/dags/ingestion_dag.py for tasks to queue
[2025-04-29T17:33:09.598+0000] {logging_mixin.py:190} INFO - [2025-04-29T17:33:09.597+0000] {dagbag.py:588} INFO - Filling up the DagBag from /opt/airflow/dags/ingestion_dag.py
[2025-04-29T17:33:09.627+0000] {processor.py:925} INFO - DAG(s) 'ingestion' retrieved from /opt/airflow/dags/ingestion_dag.py
[2025-04-29T17:33:09.663+0000] {logging_mixin.py:190} INFO - [2025-04-29T17:33:09.663+0000] {dag.py:3239} INFO - Sync 1 DAGs
[2025-04-29T17:33:09.716+0000] {logging_mixin.py:190} INFO - [2025-04-29T17:33:09.716+0000] {dag.py:4180} INFO - Setting next_dagrun for ingestion to 2025-04-29 06:00:00+00:00, run_after=2025-04-29 12:00:00+00:00
[2025-04-29T17:33:09.746+0000] {processor.py:208} INFO - Processing /opt/airflow/dags/ingestion_dag.py took 0.181 seconds
[2025-04-29T17:33:39.974+0000] {processor.py:186} INFO - Started process (PID=2684) to work on /opt/airflow/dags/ingestion_dag.py
[2025-04-29T17:33:39.978+0000] {processor.py:914} INFO - Processing file /opt/airflow/dags/ingestion_dag.py for tasks to queue
[2025-04-29T17:33:39.980+0000] {logging_mixin.py:190} INFO - [2025-04-29T17:33:39.980+0000] {dagbag.py:588} INFO - Filling up the DagBag from /opt/airflow/dags/ingestion_dag.py
[2025-04-29T17:33:40.004+0000] {processor.py:925} INFO - DAG(s) 'ingestion' retrieved from /opt/airflow/dags/ingestion_dag.py
[2025-04-29T17:33:40.021+0000] {logging_mixin.py:190} INFO - [2025-04-29T17:33:40.021+0000] {dag.py:3239} INFO - Sync 1 DAGs
[2025-04-29T17:33:40.039+0000] {logging_mixin.py:190} INFO - [2025-04-29T17:33:40.039+0000] {dag.py:4180} INFO - Setting next_dagrun for ingestion to 2025-04-29 06:00:00+00:00, run_after=2025-04-29 12:00:00+00:00
[2025-04-29T17:33:40.050+0000] {processor.py:208} INFO - Processing /opt/airflow/dags/ingestion_dag.py took 0.088 seconds
[2025-04-29T17:34:10.493+0000] {processor.py:186} INFO - Started process (PID=2757) to work on /opt/airflow/dags/ingestion_dag.py
[2025-04-29T17:34:10.496+0000] {processor.py:914} INFO - Processing file /opt/airflow/dags/ingestion_dag.py for tasks to queue
[2025-04-29T17:34:10.502+0000] {logging_mixin.py:190} INFO - [2025-04-29T17:34:10.501+0000] {dagbag.py:588} INFO - Filling up the DagBag from /opt/airflow/dags/ingestion_dag.py
[2025-04-29T17:34:10.523+0000] {processor.py:925} INFO - DAG(s) 'ingestion' retrieved from /opt/airflow/dags/ingestion_dag.py
[2025-04-29T17:34:10.545+0000] {logging_mixin.py:190} INFO - [2025-04-29T17:34:10.544+0000] {dag.py:3239} INFO - Sync 1 DAGs
[2025-04-29T17:34:10.562+0000] {logging_mixin.py:190} INFO - [2025-04-29T17:34:10.561+0000] {dag.py:4180} INFO - Setting next_dagrun for ingestion to 2025-04-29 06:00:00+00:00, run_after=2025-04-29 12:00:00+00:00
[2025-04-29T17:34:10.575+0000] {processor.py:208} INFO - Processing /opt/airflow/dags/ingestion_dag.py took 0.089 seconds
[2025-04-29T17:34:41.127+0000] {processor.py:186} INFO - Started process (PID=2830) to work on /opt/airflow/dags/ingestion_dag.py
[2025-04-29T17:34:41.129+0000] {processor.py:914} INFO - Processing file /opt/airflow/dags/ingestion_dag.py for tasks to queue
[2025-04-29T17:34:41.133+0000] {logging_mixin.py:190} INFO - [2025-04-29T17:34:41.132+0000] {dagbag.py:588} INFO - Filling up the DagBag from /opt/airflow/dags/ingestion_dag.py
[2025-04-29T17:34:41.165+0000] {processor.py:925} INFO - DAG(s) 'ingestion' retrieved from /opt/airflow/dags/ingestion_dag.py
[2025-04-29T17:34:41.215+0000] {logging_mixin.py:190} INFO - [2025-04-29T17:34:41.215+0000] {dag.py:3239} INFO - Sync 1 DAGs
[2025-04-29T17:34:41.250+0000] {logging_mixin.py:190} INFO - [2025-04-29T17:34:41.249+0000] {dag.py:4180} INFO - Setting next_dagrun for ingestion to 2025-04-29 06:00:00+00:00, run_after=2025-04-29 12:00:00+00:00
[2025-04-29T17:34:41.263+0000] {processor.py:208} INFO - Processing /opt/airflow/dags/ingestion_dag.py took 0.155 seconds
[2025-04-29T17:35:12.247+0000] {processor.py:186} INFO - Started process (PID=2903) to work on /opt/airflow/dags/ingestion_dag.py
[2025-04-29T17:35:12.251+0000] {processor.py:914} INFO - Processing file /opt/airflow/dags/ingestion_dag.py for tasks to queue
[2025-04-29T17:35:12.253+0000] {logging_mixin.py:190} INFO - [2025-04-29T17:35:12.253+0000] {dagbag.py:588} INFO - Filling up the DagBag from /opt/airflow/dags/ingestion_dag.py
[2025-04-29T17:35:12.271+0000] {processor.py:925} INFO - DAG(s) 'ingestion' retrieved from /opt/airflow/dags/ingestion_dag.py
[2025-04-29T17:35:12.294+0000] {logging_mixin.py:190} INFO - [2025-04-29T17:35:12.294+0000] {dag.py:3239} INFO - Sync 1 DAGs
[2025-04-29T17:35:12.311+0000] {logging_mixin.py:190} INFO - [2025-04-29T17:35:12.310+0000] {dag.py:4180} INFO - Setting next_dagrun for ingestion to 2025-04-29 06:00:00+00:00, run_after=2025-04-29 12:00:00+00:00
[2025-04-29T17:35:12.324+0000] {processor.py:208} INFO - Processing /opt/airflow/dags/ingestion_dag.py took 0.080 seconds
[2025-04-29T17:35:43.034+0000] {processor.py:186} INFO - Started process (PID=2976) to work on /opt/airflow/dags/ingestion_dag.py
[2025-04-29T17:35:43.040+0000] {processor.py:914} INFO - Processing file /opt/airflow/dags/ingestion_dag.py for tasks to queue
[2025-04-29T17:35:43.042+0000] {logging_mixin.py:190} INFO - [2025-04-29T17:35:43.042+0000] {dagbag.py:588} INFO - Filling up the DagBag from /opt/airflow/dags/ingestion_dag.py
[2025-04-29T17:35:43.065+0000] {processor.py:925} INFO - DAG(s) 'ingestion' retrieved from /opt/airflow/dags/ingestion_dag.py
[2025-04-29T17:35:43.093+0000] {logging_mixin.py:190} INFO - [2025-04-29T17:35:43.093+0000] {dag.py:3239} INFO - Sync 1 DAGs
[2025-04-29T17:35:43.111+0000] {logging_mixin.py:190} INFO - [2025-04-29T17:35:43.111+0000] {dag.py:4180} INFO - Setting next_dagrun for ingestion to 2025-04-29 06:00:00+00:00, run_after=2025-04-29 12:00:00+00:00
[2025-04-29T17:35:43.127+0000] {processor.py:208} INFO - Processing /opt/airflow/dags/ingestion_dag.py took 0.112 seconds
[2025-04-29T17:36:13.609+0000] {processor.py:186} INFO - Started process (PID=3049) to work on /opt/airflow/dags/ingestion_dag.py
[2025-04-29T17:36:13.612+0000] {processor.py:914} INFO - Processing file /opt/airflow/dags/ingestion_dag.py for tasks to queue
[2025-04-29T17:36:13.616+0000] {logging_mixin.py:190} INFO - [2025-04-29T17:36:13.616+0000] {dagbag.py:588} INFO - Filling up the DagBag from /opt/airflow/dags/ingestion_dag.py
[2025-04-29T17:36:13.637+0000] {processor.py:925} INFO - DAG(s) 'ingestion' retrieved from /opt/airflow/dags/ingestion_dag.py
[2025-04-29T17:36:13.673+0000] {logging_mixin.py:190} INFO - [2025-04-29T17:36:13.673+0000] {dag.py:3239} INFO - Sync 1 DAGs
[2025-04-29T17:36:13.701+0000] {logging_mixin.py:190} INFO - [2025-04-29T17:36:13.700+0000] {dag.py:4180} INFO - Setting next_dagrun for ingestion to 2025-04-29 06:00:00+00:00, run_after=2025-04-29 12:00:00+00:00
[2025-04-29T17:36:13.721+0000] {processor.py:208} INFO - Processing /opt/airflow/dags/ingestion_dag.py took 0.121 seconds
[2025-04-29T17:36:44.171+0000] {processor.py:186} INFO - Started process (PID=3122) to work on /opt/airflow/dags/ingestion_dag.py
[2025-04-29T17:36:44.175+0000] {processor.py:914} INFO - Processing file /opt/airflow/dags/ingestion_dag.py for tasks to queue
[2025-04-29T17:36:44.183+0000] {logging_mixin.py:190} INFO - [2025-04-29T17:36:44.182+0000] {dagbag.py:588} INFO - Filling up the DagBag from /opt/airflow/dags/ingestion_dag.py
[2025-04-29T17:36:44.239+0000] {processor.py:925} INFO - DAG(s) 'ingestion' retrieved from /opt/airflow/dags/ingestion_dag.py
[2025-04-29T17:36:44.297+0000] {logging_mixin.py:190} INFO - [2025-04-29T17:36:44.296+0000] {dag.py:3239} INFO - Sync 1 DAGs
[2025-04-29T17:36:44.445+0000] {logging_mixin.py:190} INFO - [2025-04-29T17:36:44.444+0000] {dag.py:4180} INFO - Setting next_dagrun for ingestion to 2025-04-29 06:00:00+00:00, run_after=2025-04-29 12:00:00+00:00
[2025-04-29T17:36:44.481+0000] {processor.py:208} INFO - Processing /opt/airflow/dags/ingestion_dag.py took 0.328 seconds
[2025-04-29T17:37:14.698+0000] {processor.py:186} INFO - Started process (PID=3194) to work on /opt/airflow/dags/ingestion_dag.py
[2025-04-29T17:37:14.707+0000] {processor.py:914} INFO - Processing file /opt/airflow/dags/ingestion_dag.py for tasks to queue
[2025-04-29T17:37:14.722+0000] {logging_mixin.py:190} INFO - [2025-04-29T17:37:14.721+0000] {dagbag.py:588} INFO - Filling up the DagBag from /opt/airflow/dags/ingestion_dag.py
[2025-04-29T17:37:14.794+0000] {processor.py:925} INFO - DAG(s) 'ingestion' retrieved from /opt/airflow/dags/ingestion_dag.py
[2025-04-29T17:37:14.872+0000] {logging_mixin.py:190} INFO - [2025-04-29T17:37:14.872+0000] {dag.py:3239} INFO - Sync 1 DAGs
[2025-04-29T17:37:14.964+0000] {logging_mixin.py:190} INFO - [2025-04-29T17:37:14.964+0000] {dag.py:4180} INFO - Setting next_dagrun for ingestion to 2025-04-29 06:00:00+00:00, run_after=2025-04-29 12:00:00+00:00
[2025-04-29T17:37:15.006+0000] {processor.py:208} INFO - Processing /opt/airflow/dags/ingestion_dag.py took 0.384 seconds
[2025-04-29T17:37:45.239+0000] {processor.py:186} INFO - Started process (PID=3267) to work on /opt/airflow/dags/ingestion_dag.py
[2025-04-29T17:37:45.313+0000] {processor.py:914} INFO - Processing file /opt/airflow/dags/ingestion_dag.py for tasks to queue
[2025-04-29T17:37:45.324+0000] {logging_mixin.py:190} INFO - [2025-04-29T17:37:45.323+0000] {dagbag.py:588} INFO - Filling up the DagBag from /opt/airflow/dags/ingestion_dag.py
[2025-04-29T17:37:45.352+0000] {processor.py:925} INFO - DAG(s) 'ingestion' retrieved from /opt/airflow/dags/ingestion_dag.py
[2025-04-29T17:37:45.400+0000] {logging_mixin.py:190} INFO - [2025-04-29T17:37:45.399+0000] {dag.py:3239} INFO - Sync 1 DAGs
[2025-04-29T17:37:45.432+0000] {logging_mixin.py:190} INFO - [2025-04-29T17:37:45.432+0000] {dag.py:4180} INFO - Setting next_dagrun for ingestion to 2025-04-29 06:00:00+00:00, run_after=2025-04-29 12:00:00+00:00
[2025-04-29T17:37:45.461+0000] {processor.py:208} INFO - Processing /opt/airflow/dags/ingestion_dag.py took 0.232 seconds
[2025-04-29T17:38:15.836+0000] {processor.py:186} INFO - Started process (PID=3340) to work on /opt/airflow/dags/ingestion_dag.py
[2025-04-29T17:38:15.837+0000] {processor.py:914} INFO - Processing file /opt/airflow/dags/ingestion_dag.py for tasks to queue
[2025-04-29T17:38:15.840+0000] {logging_mixin.py:190} INFO - [2025-04-29T17:38:15.839+0000] {dagbag.py:588} INFO - Filling up the DagBag from /opt/airflow/dags/ingestion_dag.py
[2025-04-29T17:38:15.851+0000] {processor.py:925} INFO - DAG(s) 'ingestion' retrieved from /opt/airflow/dags/ingestion_dag.py
[2025-04-29T17:38:15.867+0000] {logging_mixin.py:190} INFO - [2025-04-29T17:38:15.867+0000] {dag.py:3239} INFO - Sync 1 DAGs
[2025-04-29T17:38:15.883+0000] {logging_mixin.py:190} INFO - [2025-04-29T17:38:15.883+0000] {dag.py:4180} INFO - Setting next_dagrun for ingestion to 2025-04-29 06:00:00+00:00, run_after=2025-04-29 12:00:00+00:00
[2025-04-29T17:38:15.895+0000] {processor.py:208} INFO - Processing /opt/airflow/dags/ingestion_dag.py took 0.066 seconds
[2025-04-29T17:38:46.117+0000] {processor.py:186} INFO - Started process (PID=3413) to work on /opt/airflow/dags/ingestion_dag.py
[2025-04-29T17:38:46.118+0000] {processor.py:914} INFO - Processing file /opt/airflow/dags/ingestion_dag.py for tasks to queue
[2025-04-29T17:38:46.121+0000] {logging_mixin.py:190} INFO - [2025-04-29T17:38:46.121+0000] {dagbag.py:588} INFO - Filling up the DagBag from /opt/airflow/dags/ingestion_dag.py
[2025-04-29T17:38:46.147+0000] {processor.py:925} INFO - DAG(s) 'ingestion' retrieved from /opt/airflow/dags/ingestion_dag.py
[2025-04-29T17:38:46.173+0000] {logging_mixin.py:190} INFO - [2025-04-29T17:38:46.173+0000] {dag.py:3239} INFO - Sync 1 DAGs
[2025-04-29T17:38:46.194+0000] {logging_mixin.py:190} INFO - [2025-04-29T17:38:46.194+0000] {dag.py:4180} INFO - Setting next_dagrun for ingestion to 2025-04-29 06:00:00+00:00, run_after=2025-04-29 12:00:00+00:00
[2025-04-29T17:38:46.210+0000] {processor.py:208} INFO - Processing /opt/airflow/dags/ingestion_dag.py took 0.102 seconds
[2025-04-29T17:39:16.464+0000] {processor.py:186} INFO - Started process (PID=3486) to work on /opt/airflow/dags/ingestion_dag.py
[2025-04-29T17:39:16.465+0000] {processor.py:914} INFO - Processing file /opt/airflow/dags/ingestion_dag.py for tasks to queue
[2025-04-29T17:39:16.467+0000] {logging_mixin.py:190} INFO - [2025-04-29T17:39:16.467+0000] {dagbag.py:588} INFO - Filling up the DagBag from /opt/airflow/dags/ingestion_dag.py
[2025-04-29T17:39:16.478+0000] {processor.py:925} INFO - DAG(s) 'ingestion' retrieved from /opt/airflow/dags/ingestion_dag.py
[2025-04-29T17:39:16.492+0000] {logging_mixin.py:190} INFO - [2025-04-29T17:39:16.492+0000] {dag.py:3239} INFO - Sync 1 DAGs
[2025-04-29T17:39:16.512+0000] {logging_mixin.py:190} INFO - [2025-04-29T17:39:16.511+0000] {dag.py:4180} INFO - Setting next_dagrun for ingestion to 2025-04-29 06:00:00+00:00, run_after=2025-04-29 12:00:00+00:00
[2025-04-29T17:39:16.524+0000] {processor.py:208} INFO - Processing /opt/airflow/dags/ingestion_dag.py took 0.066 seconds
[2025-04-29T17:42:16.917+0000] {processor.py:186} INFO - Started process (PID=3550) to work on /opt/airflow/dags/ingestion_dag.py
[2025-04-29T17:42:16.931+0000] {processor.py:914} INFO - Processing file /opt/airflow/dags/ingestion_dag.py for tasks to queue
[2025-04-29T17:42:16.942+0000] {logging_mixin.py:190} INFO - [2025-04-29T17:42:16.942+0000] {dagbag.py:588} INFO - Filling up the DagBag from /opt/airflow/dags/ingestion_dag.py
[2025-04-29T17:42:16.985+0000] {processor.py:925} INFO - DAG(s) 'ingestion' retrieved from /opt/airflow/dags/ingestion_dag.py
[2025-04-29T17:42:17.024+0000] {logging_mixin.py:190} INFO - [2025-04-29T17:42:17.023+0000] {dag.py:3239} INFO - Sync 1 DAGs
[2025-04-29T17:42:17.069+0000] {logging_mixin.py:190} INFO - [2025-04-29T17:42:17.069+0000] {dag.py:4180} INFO - Setting next_dagrun for ingestion to 2025-04-29 06:00:00+00:00, run_after=2025-04-29 12:00:00+00:00
[2025-04-29T17:42:17.105+0000] {processor.py:208} INFO - Processing /opt/airflow/dags/ingestion_dag.py took 0.219 seconds
[2025-04-29T17:42:47.328+0000] {processor.py:186} INFO - Started process (PID=3622) to work on /opt/airflow/dags/ingestion_dag.py
[2025-04-29T17:42:47.332+0000] {processor.py:914} INFO - Processing file /opt/airflow/dags/ingestion_dag.py for tasks to queue
[2025-04-29T17:42:47.337+0000] {logging_mixin.py:190} INFO - [2025-04-29T17:42:47.337+0000] {dagbag.py:588} INFO - Filling up the DagBag from /opt/airflow/dags/ingestion_dag.py
[2025-04-29T17:42:47.359+0000] {processor.py:925} INFO - DAG(s) 'ingestion' retrieved from /opt/airflow/dags/ingestion_dag.py
[2025-04-29T17:42:47.390+0000] {logging_mixin.py:190} INFO - [2025-04-29T17:42:47.390+0000] {dag.py:3239} INFO - Sync 1 DAGs
[2025-04-29T17:42:47.418+0000] {logging_mixin.py:190} INFO - [2025-04-29T17:42:47.418+0000] {dag.py:4180} INFO - Setting next_dagrun for ingestion to 2025-04-29 06:00:00+00:00, run_after=2025-04-29 12:00:00+00:00
[2025-04-29T17:42:47.440+0000] {processor.py:208} INFO - Processing /opt/airflow/dags/ingestion_dag.py took 0.125 seconds
[2025-04-29T17:43:18.491+0000] {processor.py:186} INFO - Started process (PID=3695) to work on /opt/airflow/dags/ingestion_dag.py
[2025-04-29T17:43:18.493+0000] {processor.py:914} INFO - Processing file /opt/airflow/dags/ingestion_dag.py for tasks to queue
[2025-04-29T17:43:18.498+0000] {logging_mixin.py:190} INFO - [2025-04-29T17:43:18.498+0000] {dagbag.py:588} INFO - Filling up the DagBag from /opt/airflow/dags/ingestion_dag.py
[2025-04-29T17:43:18.521+0000] {processor.py:925} INFO - DAG(s) 'ingestion' retrieved from /opt/airflow/dags/ingestion_dag.py
[2025-04-29T17:43:18.545+0000] {logging_mixin.py:190} INFO - [2025-04-29T17:43:18.545+0000] {dag.py:3239} INFO - Sync 1 DAGs
[2025-04-29T17:43:18.578+0000] {logging_mixin.py:190} INFO - [2025-04-29T17:43:18.577+0000] {dag.py:4180} INFO - Setting next_dagrun for ingestion to 2025-04-29 06:00:00+00:00, run_after=2025-04-29 12:00:00+00:00
[2025-04-29T17:43:18.594+0000] {processor.py:208} INFO - Processing /opt/airflow/dags/ingestion_dag.py took 0.119 seconds
[2025-04-29T17:43:49.590+0000] {processor.py:186} INFO - Started process (PID=3768) to work on /opt/airflow/dags/ingestion_dag.py
[2025-04-29T17:43:49.593+0000] {processor.py:914} INFO - Processing file /opt/airflow/dags/ingestion_dag.py for tasks to queue
[2025-04-29T17:43:49.598+0000] {logging_mixin.py:190} INFO - [2025-04-29T17:43:49.597+0000] {dagbag.py:588} INFO - Filling up the DagBag from /opt/airflow/dags/ingestion_dag.py
[2025-04-29T17:43:49.625+0000] {processor.py:925} INFO - DAG(s) 'ingestion' retrieved from /opt/airflow/dags/ingestion_dag.py
[2025-04-29T17:43:49.667+0000] {logging_mixin.py:190} INFO - [2025-04-29T17:43:49.667+0000] {dag.py:3239} INFO - Sync 1 DAGs
[2025-04-29T17:43:49.692+0000] {logging_mixin.py:190} INFO - [2025-04-29T17:43:49.692+0000] {dag.py:4180} INFO - Setting next_dagrun for ingestion to 2025-04-29 06:00:00+00:00, run_after=2025-04-29 12:00:00+00:00
[2025-04-29T17:43:49.710+0000] {processor.py:208} INFO - Processing /opt/airflow/dags/ingestion_dag.py took 0.132 seconds
[2025-04-29T17:44:20.220+0000] {processor.py:186} INFO - Started process (PID=3841) to work on /opt/airflow/dags/ingestion_dag.py
[2025-04-29T17:44:20.222+0000] {processor.py:914} INFO - Processing file /opt/airflow/dags/ingestion_dag.py for tasks to queue
[2025-04-29T17:44:20.227+0000] {logging_mixin.py:190} INFO - [2025-04-29T17:44:20.226+0000] {dagbag.py:588} INFO - Filling up the DagBag from /opt/airflow/dags/ingestion_dag.py
[2025-04-29T17:44:20.251+0000] {processor.py:925} INFO - DAG(s) 'ingestion' retrieved from /opt/airflow/dags/ingestion_dag.py
[2025-04-29T17:44:20.280+0000] {logging_mixin.py:190} INFO - [2025-04-29T17:44:20.280+0000] {dag.py:3239} INFO - Sync 1 DAGs
[2025-04-29T17:44:20.304+0000] {logging_mixin.py:190} INFO - [2025-04-29T17:44:20.304+0000] {dag.py:4180} INFO - Setting next_dagrun for ingestion to 2025-04-29 06:00:00+00:00, run_after=2025-04-29 12:00:00+00:00
[2025-04-29T17:44:20.317+0000] {processor.py:208} INFO - Processing /opt/airflow/dags/ingestion_dag.py took 0.104 seconds
[2025-04-29T17:44:50.856+0000] {processor.py:186} INFO - Started process (PID=3914) to work on /opt/airflow/dags/ingestion_dag.py
[2025-04-29T17:44:50.857+0000] {processor.py:914} INFO - Processing file /opt/airflow/dags/ingestion_dag.py for tasks to queue
[2025-04-29T17:44:50.864+0000] {logging_mixin.py:190} INFO - [2025-04-29T17:44:50.864+0000] {dagbag.py:588} INFO - Filling up the DagBag from /opt/airflow/dags/ingestion_dag.py
[2025-04-29T17:44:50.888+0000] {processor.py:925} INFO - DAG(s) 'ingestion' retrieved from /opt/airflow/dags/ingestion_dag.py
[2025-04-29T17:44:50.918+0000] {logging_mixin.py:190} INFO - [2025-04-29T17:44:50.918+0000] {dag.py:3239} INFO - Sync 1 DAGs
[2025-04-29T17:44:50.946+0000] {logging_mixin.py:190} INFO - [2025-04-29T17:44:50.945+0000] {dag.py:4180} INFO - Setting next_dagrun for ingestion to 2025-04-29 06:00:00+00:00, run_after=2025-04-29 12:00:00+00:00
[2025-04-29T17:44:50.961+0000] {processor.py:208} INFO - Processing /opt/airflow/dags/ingestion_dag.py took 0.117 seconds
[2025-04-29T17:45:21.113+0000] {processor.py:186} INFO - Started process (PID=3987) to work on /opt/airflow/dags/ingestion_dag.py
[2025-04-29T17:45:21.120+0000] {processor.py:914} INFO - Processing file /opt/airflow/dags/ingestion_dag.py for tasks to queue
[2025-04-29T17:45:21.129+0000] {logging_mixin.py:190} INFO - [2025-04-29T17:45:21.129+0000] {dagbag.py:588} INFO - Filling up the DagBag from /opt/airflow/dags/ingestion_dag.py
[2025-04-29T17:45:21.161+0000] {processor.py:925} INFO - DAG(s) 'ingestion' retrieved from /opt/airflow/dags/ingestion_dag.py
[2025-04-29T17:45:21.195+0000] {logging_mixin.py:190} INFO - [2025-04-29T17:45:21.195+0000] {dag.py:3239} INFO - Sync 1 DAGs
[2025-04-29T17:45:21.221+0000] {logging_mixin.py:190} INFO - [2025-04-29T17:45:21.220+0000] {dag.py:4180} INFO - Setting next_dagrun for ingestion to 2025-04-29 06:00:00+00:00, run_after=2025-04-29 12:00:00+00:00
[2025-04-29T17:45:21.239+0000] {processor.py:208} INFO - Processing /opt/airflow/dags/ingestion_dag.py took 0.137 seconds
[2025-04-29T17:45:51.780+0000] {processor.py:186} INFO - Started process (PID=4059) to work on /opt/airflow/dags/ingestion_dag.py
[2025-04-29T17:45:51.782+0000] {processor.py:914} INFO - Processing file /opt/airflow/dags/ingestion_dag.py for tasks to queue
[2025-04-29T17:45:51.787+0000] {logging_mixin.py:190} INFO - [2025-04-29T17:45:51.787+0000] {dagbag.py:588} INFO - Filling up the DagBag from /opt/airflow/dags/ingestion_dag.py
[2025-04-29T17:45:51.805+0000] {processor.py:925} INFO - DAG(s) 'ingestion' retrieved from /opt/airflow/dags/ingestion_dag.py
[2025-04-29T17:45:51.842+0000] {logging_mixin.py:190} INFO - [2025-04-29T17:45:51.842+0000] {dag.py:3239} INFO - Sync 1 DAGs
[2025-04-29T17:45:51.867+0000] {logging_mixin.py:190} INFO - [2025-04-29T17:45:51.867+0000] {dag.py:4180} INFO - Setting next_dagrun for ingestion to 2025-04-29 06:00:00+00:00, run_after=2025-04-29 12:00:00+00:00
[2025-04-29T17:45:51.882+0000] {processor.py:208} INFO - Processing /opt/airflow/dags/ingestion_dag.py took 0.115 seconds
[2025-04-29T17:46:22.408+0000] {processor.py:186} INFO - Started process (PID=4132) to work on /opt/airflow/dags/ingestion_dag.py
[2025-04-29T17:46:22.412+0000] {processor.py:914} INFO - Processing file /opt/airflow/dags/ingestion_dag.py for tasks to queue
[2025-04-29T17:46:22.418+0000] {logging_mixin.py:190} INFO - [2025-04-29T17:46:22.418+0000] {dagbag.py:588} INFO - Filling up the DagBag from /opt/airflow/dags/ingestion_dag.py
[2025-04-29T17:46:22.445+0000] {processor.py:925} INFO - DAG(s) 'ingestion' retrieved from /opt/airflow/dags/ingestion_dag.py
[2025-04-29T17:46:22.483+0000] {logging_mixin.py:190} INFO - [2025-04-29T17:46:22.483+0000] {dag.py:3239} INFO - Sync 1 DAGs
[2025-04-29T17:46:22.510+0000] {logging_mixin.py:190} INFO - [2025-04-29T17:46:22.510+0000] {dag.py:4180} INFO - Setting next_dagrun for ingestion to 2025-04-29 06:00:00+00:00, run_after=2025-04-29 12:00:00+00:00
[2025-04-29T17:46:22.524+0000] {processor.py:208} INFO - Processing /opt/airflow/dags/ingestion_dag.py took 0.130 seconds
[2025-04-29T17:46:52.614+0000] {processor.py:186} INFO - Started process (PID=4205) to work on /opt/airflow/dags/ingestion_dag.py
[2025-04-29T17:46:52.615+0000] {processor.py:914} INFO - Processing file /opt/airflow/dags/ingestion_dag.py for tasks to queue
[2025-04-29T17:46:52.618+0000] {logging_mixin.py:190} INFO - [2025-04-29T17:46:52.618+0000] {dagbag.py:588} INFO - Filling up the DagBag from /opt/airflow/dags/ingestion_dag.py
[2025-04-29T17:46:52.637+0000] {processor.py:925} INFO - DAG(s) 'ingestion' retrieved from /opt/airflow/dags/ingestion_dag.py
[2025-04-29T17:46:52.662+0000] {logging_mixin.py:190} INFO - [2025-04-29T17:46:52.661+0000] {dag.py:3239} INFO - Sync 1 DAGs
[2025-04-29T17:46:52.688+0000] {logging_mixin.py:190} INFO - [2025-04-29T17:46:52.688+0000] {dag.py:4180} INFO - Setting next_dagrun for ingestion to 2025-04-29 06:00:00+00:00, run_after=2025-04-29 12:00:00+00:00
[2025-04-29T17:46:52.705+0000] {processor.py:208} INFO - Processing /opt/airflow/dags/ingestion_dag.py took 0.097 seconds
[2025-04-29T17:47:22.813+0000] {processor.py:186} INFO - Started process (PID=4278) to work on /opt/airflow/dags/ingestion_dag.py
[2025-04-29T17:47:22.815+0000] {processor.py:914} INFO - Processing file /opt/airflow/dags/ingestion_dag.py for tasks to queue
[2025-04-29T17:47:22.820+0000] {logging_mixin.py:190} INFO - [2025-04-29T17:47:22.820+0000] {dagbag.py:588} INFO - Filling up the DagBag from /opt/airflow/dags/ingestion_dag.py
[2025-04-29T17:47:22.845+0000] {processor.py:925} INFO - DAG(s) 'ingestion' retrieved from /opt/airflow/dags/ingestion_dag.py
[2025-04-29T17:47:22.884+0000] {logging_mixin.py:190} INFO - [2025-04-29T17:47:22.884+0000] {dag.py:3239} INFO - Sync 1 DAGs
[2025-04-29T17:47:22.908+0000] {logging_mixin.py:190} INFO - [2025-04-29T17:47:22.908+0000] {dag.py:4180} INFO - Setting next_dagrun for ingestion to 2025-04-29 06:00:00+00:00, run_after=2025-04-29 12:00:00+00:00
[2025-04-29T17:47:22.923+0000] {processor.py:208} INFO - Processing /opt/airflow/dags/ingestion_dag.py took 0.117 seconds
[2025-04-29T17:47:53.684+0000] {processor.py:186} INFO - Started process (PID=4351) to work on /opt/airflow/dags/ingestion_dag.py
[2025-04-29T17:47:53.688+0000] {processor.py:914} INFO - Processing file /opt/airflow/dags/ingestion_dag.py for tasks to queue
[2025-04-29T17:47:53.692+0000] {logging_mixin.py:190} INFO - [2025-04-29T17:47:53.691+0000] {dagbag.py:588} INFO - Filling up the DagBag from /opt/airflow/dags/ingestion_dag.py
[2025-04-29T17:47:53.712+0000] {processor.py:925} INFO - DAG(s) 'ingestion' retrieved from /opt/airflow/dags/ingestion_dag.py
[2025-04-29T17:47:53.748+0000] {logging_mixin.py:190} INFO - [2025-04-29T17:47:53.748+0000] {dag.py:3239} INFO - Sync 1 DAGs
[2025-04-29T17:47:53.776+0000] {logging_mixin.py:190} INFO - [2025-04-29T17:47:53.776+0000] {dag.py:4180} INFO - Setting next_dagrun for ingestion to 2025-04-29 06:00:00+00:00, run_after=2025-04-29 12:00:00+00:00
[2025-04-29T17:47:53.789+0000] {processor.py:208} INFO - Processing /opt/airflow/dags/ingestion_dag.py took 0.113 seconds
[2025-04-29T17:48:23.875+0000] {processor.py:186} INFO - Started process (PID=4424) to work on /opt/airflow/dags/ingestion_dag.py
[2025-04-29T17:48:23.880+0000] {processor.py:914} INFO - Processing file /opt/airflow/dags/ingestion_dag.py for tasks to queue
[2025-04-29T17:48:23.882+0000] {logging_mixin.py:190} INFO - [2025-04-29T17:48:23.882+0000] {dagbag.py:588} INFO - Filling up the DagBag from /opt/airflow/dags/ingestion_dag.py
[2025-04-29T17:48:23.912+0000] {processor.py:925} INFO - DAG(s) 'ingestion' retrieved from /opt/airflow/dags/ingestion_dag.py
[2025-04-29T17:48:23.940+0000] {logging_mixin.py:190} INFO - [2025-04-29T17:48:23.940+0000] {dag.py:3239} INFO - Sync 1 DAGs
[2025-04-29T17:48:23.966+0000] {logging_mixin.py:190} INFO - [2025-04-29T17:48:23.966+0000] {dag.py:4180} INFO - Setting next_dagrun for ingestion to 2025-04-29 06:00:00+00:00, run_after=2025-04-29 12:00:00+00:00
[2025-04-29T17:48:23.980+0000] {processor.py:208} INFO - Processing /opt/airflow/dags/ingestion_dag.py took 0.112 seconds
[2025-04-29T17:48:54.059+0000] {processor.py:186} INFO - Started process (PID=4497) to work on /opt/airflow/dags/ingestion_dag.py
[2025-04-29T17:48:54.064+0000] {processor.py:914} INFO - Processing file /opt/airflow/dags/ingestion_dag.py for tasks to queue
[2025-04-29T17:48:54.066+0000] {logging_mixin.py:190} INFO - [2025-04-29T17:48:54.066+0000] {dagbag.py:588} INFO - Filling up the DagBag from /opt/airflow/dags/ingestion_dag.py
[2025-04-29T17:48:54.079+0000] {processor.py:925} INFO - DAG(s) 'ingestion' retrieved from /opt/airflow/dags/ingestion_dag.py
[2025-04-29T17:48:54.103+0000] {logging_mixin.py:190} INFO - [2025-04-29T17:48:54.103+0000] {dag.py:3239} INFO - Sync 1 DAGs
[2025-04-29T17:48:54.118+0000] {logging_mixin.py:190} INFO - [2025-04-29T17:48:54.118+0000] {dag.py:4180} INFO - Setting next_dagrun for ingestion to 2025-04-29 06:00:00+00:00, run_after=2025-04-29 12:00:00+00:00
[2025-04-29T17:48:54.129+0000] {processor.py:208} INFO - Processing /opt/airflow/dags/ingestion_dag.py took 0.084 seconds
[2025-04-29T17:49:24.839+0000] {processor.py:186} INFO - Started process (PID=4570) to work on /opt/airflow/dags/ingestion_dag.py
[2025-04-29T17:49:24.841+0000] {processor.py:914} INFO - Processing file /opt/airflow/dags/ingestion_dag.py for tasks to queue
[2025-04-29T17:49:24.843+0000] {logging_mixin.py:190} INFO - [2025-04-29T17:49:24.843+0000] {dagbag.py:588} INFO - Filling up the DagBag from /opt/airflow/dags/ingestion_dag.py
[2025-04-29T17:49:24.860+0000] {processor.py:925} INFO - DAG(s) 'ingestion' retrieved from /opt/airflow/dags/ingestion_dag.py
[2025-04-29T17:49:24.880+0000] {logging_mixin.py:190} INFO - [2025-04-29T17:49:24.880+0000] {dag.py:3239} INFO - Sync 1 DAGs
[2025-04-29T17:49:24.924+0000] {logging_mixin.py:190} INFO - [2025-04-29T17:49:24.924+0000] {dag.py:4180} INFO - Setting next_dagrun for ingestion to 2025-04-29 06:00:00+00:00, run_after=2025-04-29 12:00:00+00:00
[2025-04-29T17:49:24.947+0000] {processor.py:208} INFO - Processing /opt/airflow/dags/ingestion_dag.py took 0.118 seconds
[2025-04-29T17:49:55.379+0000] {processor.py:186} INFO - Started process (PID=4644) to work on /opt/airflow/dags/ingestion_dag.py
[2025-04-29T17:49:55.381+0000] {processor.py:914} INFO - Processing file /opt/airflow/dags/ingestion_dag.py for tasks to queue
[2025-04-29T17:49:55.384+0000] {logging_mixin.py:190} INFO - [2025-04-29T17:49:55.383+0000] {dagbag.py:588} INFO - Filling up the DagBag from /opt/airflow/dags/ingestion_dag.py
[2025-04-29T17:49:55.396+0000] {processor.py:925} INFO - DAG(s) 'ingestion' retrieved from /opt/airflow/dags/ingestion_dag.py
[2025-04-29T17:49:55.437+0000] {logging_mixin.py:190} INFO - [2025-04-29T17:49:55.437+0000] {dag.py:3239} INFO - Sync 1 DAGs
[2025-04-29T17:49:55.485+0000] {logging_mixin.py:190} INFO - [2025-04-29T17:49:55.484+0000] {dag.py:4180} INFO - Setting next_dagrun for ingestion to 2025-04-29 06:00:00+00:00, run_after=2025-04-29 12:00:00+00:00
[2025-04-29T17:49:55.520+0000] {processor.py:208} INFO - Processing /opt/airflow/dags/ingestion_dag.py took 0.152 seconds
[2025-04-29T17:50:26.593+0000] {processor.py:186} INFO - Started process (PID=4710) to work on /opt/airflow/dags/ingestion_dag.py
[2025-04-29T17:50:26.594+0000] {processor.py:914} INFO - Processing file /opt/airflow/dags/ingestion_dag.py for tasks to queue
[2025-04-29T17:50:26.596+0000] {logging_mixin.py:190} INFO - [2025-04-29T17:50:26.596+0000] {dagbag.py:588} INFO - Filling up the DagBag from /opt/airflow/dags/ingestion_dag.py
[2025-04-29T17:50:26.608+0000] {processor.py:925} INFO - DAG(s) 'ingestion' retrieved from /opt/airflow/dags/ingestion_dag.py
[2025-04-29T17:50:26.626+0000] {logging_mixin.py:190} INFO - [2025-04-29T17:50:26.625+0000] {dag.py:3239} INFO - Sync 1 DAGs
[2025-04-29T17:50:26.676+0000] {logging_mixin.py:190} INFO - [2025-04-29T17:50:26.676+0000] {dag.py:4180} INFO - Setting next_dagrun for ingestion to 2025-04-29 06:00:00+00:00, run_after=2025-04-29 12:00:00+00:00
[2025-04-29T17:50:26.726+0000] {processor.py:208} INFO - Processing /opt/airflow/dags/ingestion_dag.py took 0.137 seconds
[2025-04-29T17:50:57.559+0000] {processor.py:186} INFO - Started process (PID=4782) to work on /opt/airflow/dags/ingestion_dag.py
[2025-04-29T17:50:57.560+0000] {processor.py:914} INFO - Processing file /opt/airflow/dags/ingestion_dag.py for tasks to queue
[2025-04-29T17:50:57.562+0000] {logging_mixin.py:190} INFO - [2025-04-29T17:50:57.561+0000] {dagbag.py:588} INFO - Filling up the DagBag from /opt/airflow/dags/ingestion_dag.py
[2025-04-29T17:50:57.587+0000] {processor.py:925} INFO - DAG(s) 'ingestion' retrieved from /opt/airflow/dags/ingestion_dag.py
[2025-04-29T17:50:57.614+0000] {logging_mixin.py:190} INFO - [2025-04-29T17:50:57.614+0000] {dag.py:3239} INFO - Sync 1 DAGs
[2025-04-29T17:50:57.640+0000] {logging_mixin.py:190} INFO - [2025-04-29T17:50:57.640+0000] {dag.py:4180} INFO - Setting next_dagrun for ingestion to 2025-04-29 06:00:00+00:00, run_after=2025-04-29 12:00:00+00:00
[2025-04-29T17:50:57.657+0000] {processor.py:208} INFO - Processing /opt/airflow/dags/ingestion_dag.py took 0.113 seconds
[2025-04-29T17:51:28.031+0000] {processor.py:186} INFO - Started process (PID=4855) to work on /opt/airflow/dags/ingestion_dag.py
[2025-04-29T17:51:28.034+0000] {processor.py:914} INFO - Processing file /opt/airflow/dags/ingestion_dag.py for tasks to queue
[2025-04-29T17:51:28.041+0000] {logging_mixin.py:190} INFO - [2025-04-29T17:51:28.040+0000] {dagbag.py:588} INFO - Filling up the DagBag from /opt/airflow/dags/ingestion_dag.py
[2025-04-29T17:51:28.065+0000] {processor.py:925} INFO - DAG(s) 'ingestion' retrieved from /opt/airflow/dags/ingestion_dag.py
[2025-04-29T17:51:28.095+0000] {logging_mixin.py:190} INFO - [2025-04-29T17:51:28.095+0000] {dag.py:3239} INFO - Sync 1 DAGs
[2025-04-29T17:51:28.120+0000] {logging_mixin.py:190} INFO - [2025-04-29T17:51:28.120+0000] {dag.py:4180} INFO - Setting next_dagrun for ingestion to 2025-04-29 06:00:00+00:00, run_after=2025-04-29 12:00:00+00:00
[2025-04-29T17:51:28.133+0000] {processor.py:208} INFO - Processing /opt/airflow/dags/ingestion_dag.py took 0.116 seconds
[2025-04-29T17:51:58.762+0000] {processor.py:186} INFO - Started process (PID=4928) to work on /opt/airflow/dags/ingestion_dag.py
[2025-04-29T17:51:58.767+0000] {processor.py:914} INFO - Processing file /opt/airflow/dags/ingestion_dag.py for tasks to queue
[2025-04-29T17:51:58.770+0000] {logging_mixin.py:190} INFO - [2025-04-29T17:51:58.769+0000] {dagbag.py:588} INFO - Filling up the DagBag from /opt/airflow/dags/ingestion_dag.py
[2025-04-29T17:51:58.796+0000] {processor.py:925} INFO - DAG(s) 'ingestion' retrieved from /opt/airflow/dags/ingestion_dag.py
[2025-04-29T17:51:58.822+0000] {logging_mixin.py:190} INFO - [2025-04-29T17:51:58.822+0000] {dag.py:3239} INFO - Sync 1 DAGs
[2025-04-29T17:51:58.846+0000] {logging_mixin.py:190} INFO - [2025-04-29T17:51:58.846+0000] {dag.py:4180} INFO - Setting next_dagrun for ingestion to 2025-04-29 06:00:00+00:00, run_after=2025-04-29 12:00:00+00:00
[2025-04-29T17:51:58.861+0000] {processor.py:208} INFO - Processing /opt/airflow/dags/ingestion_dag.py took 0.107 seconds
[2025-04-29T17:52:29.435+0000] {processor.py:186} INFO - Started process (PID=5001) to work on /opt/airflow/dags/ingestion_dag.py
[2025-04-29T17:52:29.437+0000] {processor.py:914} INFO - Processing file /opt/airflow/dags/ingestion_dag.py for tasks to queue
[2025-04-29T17:52:29.441+0000] {logging_mixin.py:190} INFO - [2025-04-29T17:52:29.441+0000] {dagbag.py:588} INFO - Filling up the DagBag from /opt/airflow/dags/ingestion_dag.py
[2025-04-29T17:52:29.467+0000] {processor.py:925} INFO - DAG(s) 'ingestion' retrieved from /opt/airflow/dags/ingestion_dag.py
[2025-04-29T17:52:29.500+0000] {logging_mixin.py:190} INFO - [2025-04-29T17:52:29.500+0000] {dag.py:3239} INFO - Sync 1 DAGs
[2025-04-29T17:52:29.530+0000] {logging_mixin.py:190} INFO - [2025-04-29T17:52:29.530+0000] {dag.py:4180} INFO - Setting next_dagrun for ingestion to 2025-04-29 06:00:00+00:00, run_after=2025-04-29 12:00:00+00:00
[2025-04-29T17:52:29.542+0000] {processor.py:208} INFO - Processing /opt/airflow/dags/ingestion_dag.py took 0.122 seconds
[2025-04-29T17:53:00.289+0000] {processor.py:186} INFO - Started process (PID=5074) to work on /opt/airflow/dags/ingestion_dag.py
[2025-04-29T17:53:00.294+0000] {processor.py:914} INFO - Processing file /opt/airflow/dags/ingestion_dag.py for tasks to queue
[2025-04-29T17:53:00.298+0000] {logging_mixin.py:190} INFO - [2025-04-29T17:53:00.298+0000] {dagbag.py:588} INFO - Filling up the DagBag from /opt/airflow/dags/ingestion_dag.py
[2025-04-29T17:53:00.328+0000] {processor.py:925} INFO - DAG(s) 'ingestion' retrieved from /opt/airflow/dags/ingestion_dag.py
[2025-04-29T17:53:00.364+0000] {logging_mixin.py:190} INFO - [2025-04-29T17:53:00.364+0000] {dag.py:3239} INFO - Sync 1 DAGs
[2025-04-29T17:53:00.393+0000] {logging_mixin.py:190} INFO - [2025-04-29T17:53:00.393+0000] {dag.py:4180} INFO - Setting next_dagrun for ingestion to 2025-04-29 06:00:00+00:00, run_after=2025-04-29 12:00:00+00:00
[2025-04-29T17:53:00.411+0000] {processor.py:208} INFO - Processing /opt/airflow/dags/ingestion_dag.py took 0.131 seconds
[2025-04-29T17:53:30.923+0000] {processor.py:186} INFO - Started process (PID=5147) to work on /opt/airflow/dags/ingestion_dag.py
[2025-04-29T17:53:30.926+0000] {processor.py:914} INFO - Processing file /opt/airflow/dags/ingestion_dag.py for tasks to queue
[2025-04-29T17:53:30.931+0000] {logging_mixin.py:190} INFO - [2025-04-29T17:53:30.931+0000] {dagbag.py:588} INFO - Filling up the DagBag from /opt/airflow/dags/ingestion_dag.py
[2025-04-29T17:53:30.952+0000] {processor.py:925} INFO - DAG(s) 'ingestion' retrieved from /opt/airflow/dags/ingestion_dag.py
[2025-04-29T17:53:30.983+0000] {logging_mixin.py:190} INFO - [2025-04-29T17:53:30.982+0000] {dag.py:3239} INFO - Sync 1 DAGs
[2025-04-29T17:53:31.012+0000] {logging_mixin.py:190} INFO - [2025-04-29T17:53:31.011+0000] {dag.py:4180} INFO - Setting next_dagrun for ingestion to 2025-04-29 06:00:00+00:00, run_after=2025-04-29 12:00:00+00:00
[2025-04-29T17:53:31.030+0000] {processor.py:208} INFO - Processing /opt/airflow/dags/ingestion_dag.py took 0.123 seconds
[2025-04-29T17:54:01.466+0000] {processor.py:186} INFO - Started process (PID=5220) to work on /opt/airflow/dags/ingestion_dag.py
[2025-04-29T17:54:01.468+0000] {processor.py:914} INFO - Processing file /opt/airflow/dags/ingestion_dag.py for tasks to queue
[2025-04-29T17:54:01.476+0000] {logging_mixin.py:190} INFO - [2025-04-29T17:54:01.475+0000] {dagbag.py:588} INFO - Filling up the DagBag from /opt/airflow/dags/ingestion_dag.py
[2025-04-29T17:54:01.503+0000] {processor.py:925} INFO - DAG(s) 'ingestion' retrieved from /opt/airflow/dags/ingestion_dag.py
[2025-04-29T17:54:01.533+0000] {logging_mixin.py:190} INFO - [2025-04-29T17:54:01.532+0000] {dag.py:3239} INFO - Sync 1 DAGs
[2025-04-29T17:54:01.557+0000] {logging_mixin.py:190} INFO - [2025-04-29T17:54:01.556+0000] {dag.py:4180} INFO - Setting next_dagrun for ingestion to 2025-04-29 06:00:00+00:00, run_after=2025-04-29 12:00:00+00:00
[2025-04-29T17:54:01.570+0000] {processor.py:208} INFO - Processing /opt/airflow/dags/ingestion_dag.py took 0.115 seconds
[2025-04-29T17:54:32.088+0000] {processor.py:186} INFO - Started process (PID=5293) to work on /opt/airflow/dags/ingestion_dag.py
[2025-04-29T17:54:32.092+0000] {processor.py:914} INFO - Processing file /opt/airflow/dags/ingestion_dag.py for tasks to queue
[2025-04-29T17:54:32.095+0000] {logging_mixin.py:190} INFO - [2025-04-29T17:54:32.095+0000] {dagbag.py:588} INFO - Filling up the DagBag from /opt/airflow/dags/ingestion_dag.py
[2025-04-29T17:54:32.121+0000] {processor.py:925} INFO - DAG(s) 'ingestion' retrieved from /opt/airflow/dags/ingestion_dag.py
[2025-04-29T17:54:32.145+0000] {logging_mixin.py:190} INFO - [2025-04-29T17:54:32.144+0000] {dag.py:3239} INFO - Sync 1 DAGs
[2025-04-29T17:54:32.171+0000] {logging_mixin.py:190} INFO - [2025-04-29T17:54:32.171+0000] {dag.py:4180} INFO - Setting next_dagrun for ingestion to 2025-04-29 06:00:00+00:00, run_after=2025-04-29 12:00:00+00:00
[2025-04-29T17:54:32.183+0000] {processor.py:208} INFO - Processing /opt/airflow/dags/ingestion_dag.py took 0.108 seconds
[2025-04-29T17:55:02.269+0000] {processor.py:186} INFO - Started process (PID=5365) to work on /opt/airflow/dags/ingestion_dag.py
[2025-04-29T17:55:02.272+0000] {processor.py:914} INFO - Processing file /opt/airflow/dags/ingestion_dag.py for tasks to queue
[2025-04-29T17:55:02.281+0000] {logging_mixin.py:190} INFO - [2025-04-29T17:55:02.280+0000] {dagbag.py:588} INFO - Filling up the DagBag from /opt/airflow/dags/ingestion_dag.py
[2025-04-29T17:55:02.300+0000] {processor.py:925} INFO - DAG(s) 'ingestion' retrieved from /opt/airflow/dags/ingestion_dag.py
[2025-04-29T17:55:02.337+0000] {logging_mixin.py:190} INFO - [2025-04-29T17:55:02.337+0000] {dag.py:3239} INFO - Sync 1 DAGs
[2025-04-29T17:55:02.357+0000] {logging_mixin.py:190} INFO - [2025-04-29T17:55:02.357+0000] {dag.py:4180} INFO - Setting next_dagrun for ingestion to 2025-04-29 06:00:00+00:00, run_after=2025-04-29 12:00:00+00:00
[2025-04-29T17:55:02.370+0000] {processor.py:208} INFO - Processing /opt/airflow/dags/ingestion_dag.py took 0.110 seconds
[2025-04-29T17:55:33.319+0000] {processor.py:186} INFO - Started process (PID=5439) to work on /opt/airflow/dags/ingestion_dag.py
[2025-04-29T17:55:33.323+0000] {processor.py:914} INFO - Processing file /opt/airflow/dags/ingestion_dag.py for tasks to queue
[2025-04-29T17:55:33.328+0000] {logging_mixin.py:190} INFO - [2025-04-29T17:55:33.328+0000] {dagbag.py:588} INFO - Filling up the DagBag from /opt/airflow/dags/ingestion_dag.py
[2025-04-29T17:55:33.361+0000] {processor.py:925} INFO - DAG(s) 'ingestion' retrieved from /opt/airflow/dags/ingestion_dag.py
[2025-04-29T17:55:33.401+0000] {logging_mixin.py:190} INFO - [2025-04-29T17:55:33.401+0000] {dag.py:3239} INFO - Sync 1 DAGs
[2025-04-29T17:55:33.424+0000] {logging_mixin.py:190} INFO - [2025-04-29T17:55:33.424+0000] {dag.py:4180} INFO - Setting next_dagrun for ingestion to 2025-04-29 06:00:00+00:00, run_after=2025-04-29 12:00:00+00:00
[2025-04-29T17:55:33.438+0000] {processor.py:208} INFO - Processing /opt/airflow/dags/ingestion_dag.py took 0.128 seconds
[2025-04-29T17:56:04.519+0000] {processor.py:186} INFO - Started process (PID=5512) to work on /opt/airflow/dags/ingestion_dag.py
[2025-04-29T17:56:04.522+0000] {processor.py:914} INFO - Processing file /opt/airflow/dags/ingestion_dag.py for tasks to queue
[2025-04-29T17:56:04.529+0000] {logging_mixin.py:190} INFO - [2025-04-29T17:56:04.528+0000] {dagbag.py:588} INFO - Filling up the DagBag from /opt/airflow/dags/ingestion_dag.py
[2025-04-29T17:56:04.555+0000] {processor.py:925} INFO - DAG(s) 'ingestion' retrieved from /opt/airflow/dags/ingestion_dag.py
[2025-04-29T17:56:04.592+0000] {logging_mixin.py:190} INFO - [2025-04-29T17:56:04.592+0000] {dag.py:3239} INFO - Sync 1 DAGs
[2025-04-29T17:56:04.616+0000] {logging_mixin.py:190} INFO - [2025-04-29T17:56:04.615+0000] {dag.py:4180} INFO - Setting next_dagrun for ingestion to 2025-04-29 06:00:00+00:00, run_after=2025-04-29 12:00:00+00:00
[2025-04-29T17:56:04.633+0000] {processor.py:208} INFO - Processing /opt/airflow/dags/ingestion_dag.py took 0.131 seconds
[2025-04-29T17:56:35.400+0000] {processor.py:186} INFO - Started process (PID=5585) to work on /opt/airflow/dags/ingestion_dag.py
[2025-04-29T17:56:35.401+0000] {processor.py:914} INFO - Processing file /opt/airflow/dags/ingestion_dag.py for tasks to queue
[2025-04-29T17:56:35.404+0000] {logging_mixin.py:190} INFO - [2025-04-29T17:56:35.404+0000] {dagbag.py:588} INFO - Filling up the DagBag from /opt/airflow/dags/ingestion_dag.py
[2025-04-29T17:56:35.423+0000] {processor.py:925} INFO - DAG(s) 'ingestion' retrieved from /opt/airflow/dags/ingestion_dag.py
[2025-04-29T17:56:35.443+0000] {logging_mixin.py:190} INFO - [2025-04-29T17:56:35.443+0000] {dag.py:3239} INFO - Sync 1 DAGs
[2025-04-29T17:56:35.465+0000] {logging_mixin.py:190} INFO - [2025-04-29T17:56:35.465+0000] {dag.py:4180} INFO - Setting next_dagrun for ingestion to 2025-04-29 06:00:00+00:00, run_after=2025-04-29 12:00:00+00:00
[2025-04-29T17:56:35.482+0000] {processor.py:208} INFO - Processing /opt/airflow/dags/ingestion_dag.py took 0.091 seconds
[2025-04-29T17:57:06.105+0000] {processor.py:186} INFO - Started process (PID=5658) to work on /opt/airflow/dags/ingestion_dag.py
[2025-04-29T17:57:06.118+0000] {processor.py:914} INFO - Processing file /opt/airflow/dags/ingestion_dag.py for tasks to queue
[2025-04-29T17:57:06.145+0000] {logging_mixin.py:190} INFO - [2025-04-29T17:57:06.145+0000] {dagbag.py:588} INFO - Filling up the DagBag from /opt/airflow/dags/ingestion_dag.py
[2025-04-29T17:57:06.205+0000] {processor.py:925} INFO - DAG(s) 'ingestion' retrieved from /opt/airflow/dags/ingestion_dag.py
[2025-04-29T17:57:06.274+0000] {logging_mixin.py:190} INFO - [2025-04-29T17:57:06.274+0000] {dag.py:3239} INFO - Sync 1 DAGs
[2025-04-29T17:57:06.314+0000] {logging_mixin.py:190} INFO - [2025-04-29T17:57:06.313+0000] {dag.py:4180} INFO - Setting next_dagrun for ingestion to 2025-04-29 06:00:00+00:00, run_after=2025-04-29 12:00:00+00:00
[2025-04-29T17:57:06.343+0000] {processor.py:208} INFO - Processing /opt/airflow/dags/ingestion_dag.py took 0.260 seconds
[2025-04-29T17:57:37.767+0000] {processor.py:186} INFO - Started process (PID=5731) to work on /opt/airflow/dags/ingestion_dag.py
[2025-04-29T17:57:37.771+0000] {processor.py:914} INFO - Processing file /opt/airflow/dags/ingestion_dag.py for tasks to queue
[2025-04-29T17:57:37.776+0000] {logging_mixin.py:190} INFO - [2025-04-29T17:57:37.775+0000] {dagbag.py:588} INFO - Filling up the DagBag from /opt/airflow/dags/ingestion_dag.py
[2025-04-29T17:57:37.795+0000] {processor.py:925} INFO - DAG(s) 'ingestion' retrieved from /opt/airflow/dags/ingestion_dag.py
[2025-04-29T17:57:37.819+0000] {logging_mixin.py:190} INFO - [2025-04-29T17:57:37.819+0000] {dag.py:3239} INFO - Sync 1 DAGs
[2025-04-29T17:57:37.852+0000] {logging_mixin.py:190} INFO - [2025-04-29T17:57:37.852+0000] {dag.py:4180} INFO - Setting next_dagrun for ingestion to 2025-04-29 06:00:00+00:00, run_after=2025-04-29 12:00:00+00:00
[2025-04-29T17:57:37.866+0000] {processor.py:208} INFO - Processing /opt/airflow/dags/ingestion_dag.py took 0.105 seconds
[2025-04-29T17:58:08.829+0000] {processor.py:186} INFO - Started process (PID=5797) to work on /opt/airflow/dags/ingestion_dag.py
[2025-04-29T17:58:08.830+0000] {processor.py:914} INFO - Processing file /opt/airflow/dags/ingestion_dag.py for tasks to queue
[2025-04-29T17:58:08.833+0000] {logging_mixin.py:190} INFO - [2025-04-29T17:58:08.833+0000] {dagbag.py:588} INFO - Filling up the DagBag from /opt/airflow/dags/ingestion_dag.py
[2025-04-29T17:58:08.844+0000] {processor.py:925} INFO - DAG(s) 'ingestion' retrieved from /opt/airflow/dags/ingestion_dag.py
[2025-04-29T17:58:08.863+0000] {logging_mixin.py:190} INFO - [2025-04-29T17:58:08.862+0000] {dag.py:3239} INFO - Sync 1 DAGs
[2025-04-29T17:58:08.882+0000] {logging_mixin.py:190} INFO - [2025-04-29T17:58:08.881+0000] {dag.py:4180} INFO - Setting next_dagrun for ingestion to 2025-04-29 06:00:00+00:00, run_after=2025-04-29 12:00:00+00:00
[2025-04-29T17:58:08.892+0000] {processor.py:208} INFO - Processing /opt/airflow/dags/ingestion_dag.py took 0.081 seconds
