[2025-04-29T15:02:52.346+0000] {processor.py:186} INFO - Started process (PID=49) to work on /opt/airflow/dags/train_dag.py
[2025-04-29T15:02:52.353+0000] {processor.py:914} INFO - Processing file /opt/airflow/dags/train_dag.py for tasks to queue
[2025-04-29T15:02:52.357+0000] {logging_mixin.py:190} INFO - [2025-04-29T15:02:52.356+0000] {dagbag.py:588} INFO - Filling up the DagBag from /opt/airflow/dags/train_dag.py
[2025-04-29T15:02:52.403+0000] {processor.py:925} INFO - DAG(s) 'training' retrieved from /opt/airflow/dags/train_dag.py
[2025-04-29T15:02:52.526+0000] {logging_mixin.py:190} INFO - [2025-04-29T15:02:52.526+0000] {dag.py:3239} INFO - Sync 1 DAGs
[2025-04-29T15:02:52.584+0000] {logging_mixin.py:190} INFO - [2025-04-29T15:02:52.583+0000] {dag.py:4180} INFO - Setting next_dagrun for training to 2025-04-29 00:00:00+00:00, run_after=2025-04-30 00:00:00+00:00
[2025-04-29T15:02:52.636+0000] {processor.py:208} INFO - Processing /opt/airflow/dags/train_dag.py took 0.301 seconds
[2025-04-29T15:03:23.599+0000] {processor.py:186} INFO - Started process (PID=121) to work on /opt/airflow/dags/train_dag.py
[2025-04-29T15:03:23.600+0000] {processor.py:914} INFO - Processing file /opt/airflow/dags/train_dag.py for tasks to queue
[2025-04-29T15:03:23.605+0000] {logging_mixin.py:190} INFO - [2025-04-29T15:03:23.604+0000] {dagbag.py:588} INFO - Filling up the DagBag from /opt/airflow/dags/train_dag.py
[2025-04-29T15:03:23.621+0000] {processor.py:925} INFO - DAG(s) 'training' retrieved from /opt/airflow/dags/train_dag.py
[2025-04-29T15:03:23.643+0000] {logging_mixin.py:190} INFO - [2025-04-29T15:03:23.643+0000] {dag.py:3239} INFO - Sync 1 DAGs
[2025-04-29T15:03:23.659+0000] {logging_mixin.py:190} INFO - [2025-04-29T15:03:23.659+0000] {dag.py:4180} INFO - Setting next_dagrun for training to 2025-04-29 00:00:00+00:00, run_after=2025-04-30 00:00:00+00:00
[2025-04-29T15:03:23.671+0000] {processor.py:208} INFO - Processing /opt/airflow/dags/train_dag.py took 0.083 seconds
[2025-04-29T15:03:54.250+0000] {processor.py:186} INFO - Started process (PID=194) to work on /opt/airflow/dags/train_dag.py
[2025-04-29T15:03:54.252+0000] {processor.py:914} INFO - Processing file /opt/airflow/dags/train_dag.py for tasks to queue
[2025-04-29T15:03:54.257+0000] {logging_mixin.py:190} INFO - [2025-04-29T15:03:54.257+0000] {dagbag.py:588} INFO - Filling up the DagBag from /opt/airflow/dags/train_dag.py
[2025-04-29T15:03:54.277+0000] {processor.py:925} INFO - DAG(s) 'training' retrieved from /opt/airflow/dags/train_dag.py
[2025-04-29T15:03:54.387+0000] {logging_mixin.py:190} INFO - [2025-04-29T15:03:54.387+0000] {dag.py:3239} INFO - Sync 1 DAGs
[2025-04-29T15:03:54.399+0000] {logging_mixin.py:190} INFO - [2025-04-29T15:03:54.399+0000] {dag.py:3262} INFO - Creating ORM DAG for training
[2025-04-29T15:03:54.411+0000] {logging_mixin.py:190} INFO - [2025-04-29T15:03:54.411+0000] {dag.py:4180} INFO - Setting next_dagrun for training to 2025-04-28 00:00:00+00:00, run_after=2025-04-29 00:00:00+00:00
[2025-04-29T15:03:54.433+0000] {processor.py:208} INFO - Processing /opt/airflow/dags/train_dag.py took 0.198 seconds
[2025-04-29T15:04:24.928+0000] {processor.py:186} INFO - Started process (PID=273) to work on /opt/airflow/dags/train_dag.py
[2025-04-29T15:04:24.929+0000] {processor.py:914} INFO - Processing file /opt/airflow/dags/train_dag.py for tasks to queue
[2025-04-29T15:04:24.933+0000] {logging_mixin.py:190} INFO - [2025-04-29T15:04:24.933+0000] {dagbag.py:588} INFO - Filling up the DagBag from /opt/airflow/dags/train_dag.py
[2025-04-29T15:04:24.949+0000] {processor.py:925} INFO - DAG(s) 'training' retrieved from /opt/airflow/dags/train_dag.py
[2025-04-29T15:04:24.972+0000] {logging_mixin.py:190} INFO - [2025-04-29T15:04:24.972+0000] {dag.py:3239} INFO - Sync 1 DAGs
[2025-04-29T15:04:24.987+0000] {logging_mixin.py:190} INFO - [2025-04-29T15:04:24.986+0000] {dag.py:4180} INFO - Setting next_dagrun for training to 2025-04-28 00:00:00+00:00, run_after=2025-04-29 00:00:00+00:00
[2025-04-29T15:04:24.997+0000] {processor.py:208} INFO - Processing /opt/airflow/dags/train_dag.py took 0.084 seconds
[2025-04-29T15:04:55.304+0000] {processor.py:186} INFO - Started process (PID=346) to work on /opt/airflow/dags/train_dag.py
[2025-04-29T15:04:55.307+0000] {processor.py:914} INFO - Processing file /opt/airflow/dags/train_dag.py for tasks to queue
[2025-04-29T15:04:55.311+0000] {logging_mixin.py:190} INFO - [2025-04-29T15:04:55.310+0000] {dagbag.py:588} INFO - Filling up the DagBag from /opt/airflow/dags/train_dag.py
[2025-04-29T15:04:55.325+0000] {processor.py:925} INFO - DAG(s) 'training' retrieved from /opt/airflow/dags/train_dag.py
[2025-04-29T15:04:55.343+0000] {logging_mixin.py:190} INFO - [2025-04-29T15:04:55.343+0000] {dag.py:3239} INFO - Sync 1 DAGs
[2025-04-29T15:04:55.357+0000] {logging_mixin.py:190} INFO - [2025-04-29T15:04:55.357+0000] {dag.py:4180} INFO - Setting next_dagrun for training to 2025-04-28 00:00:00+00:00, run_after=2025-04-29 00:00:00+00:00
[2025-04-29T15:04:55.370+0000] {processor.py:208} INFO - Processing /opt/airflow/dags/train_dag.py took 0.074 seconds
[2025-04-29T15:05:25.922+0000] {processor.py:186} INFO - Started process (PID=423) to work on /opt/airflow/dags/train_dag.py
[2025-04-29T15:05:25.925+0000] {processor.py:914} INFO - Processing file /opt/airflow/dags/train_dag.py for tasks to queue
[2025-04-29T15:05:25.933+0000] {logging_mixin.py:190} INFO - [2025-04-29T15:05:25.933+0000] {dagbag.py:588} INFO - Filling up the DagBag from /opt/airflow/dags/train_dag.py
[2025-04-29T15:05:25.956+0000] {processor.py:925} INFO - DAG(s) 'training' retrieved from /opt/airflow/dags/train_dag.py
[2025-04-29T15:05:25.999+0000] {logging_mixin.py:190} INFO - [2025-04-29T15:05:25.999+0000] {dag.py:3239} INFO - Sync 1 DAGs
[2025-04-29T15:05:26.040+0000] {logging_mixin.py:190} INFO - [2025-04-29T15:05:26.040+0000] {dag.py:4180} INFO - Setting next_dagrun for training to 2025-04-28 00:00:00+00:00, run_after=2025-04-29 00:00:00+00:00
[2025-04-29T15:05:26.058+0000] {processor.py:208} INFO - Processing /opt/airflow/dags/train_dag.py took 0.151 seconds
[2025-04-29T15:05:56.412+0000] {processor.py:186} INFO - Started process (PID=496) to work on /opt/airflow/dags/train_dag.py
[2025-04-29T15:05:56.415+0000] {processor.py:914} INFO - Processing file /opt/airflow/dags/train_dag.py for tasks to queue
[2025-04-29T15:05:56.421+0000] {logging_mixin.py:190} INFO - [2025-04-29T15:05:56.420+0000] {dagbag.py:588} INFO - Filling up the DagBag from /opt/airflow/dags/train_dag.py
[2025-04-29T15:05:56.455+0000] {processor.py:925} INFO - DAG(s) 'training' retrieved from /opt/airflow/dags/train_dag.py
[2025-04-29T15:05:56.484+0000] {logging_mixin.py:190} INFO - [2025-04-29T15:05:56.484+0000] {dag.py:3239} INFO - Sync 1 DAGs
[2025-04-29T15:05:56.523+0000] {logging_mixin.py:190} INFO - [2025-04-29T15:05:56.522+0000] {dag.py:4180} INFO - Setting next_dagrun for training to 2025-04-28 00:00:00+00:00, run_after=2025-04-29 00:00:00+00:00
[2025-04-29T15:05:56.540+0000] {processor.py:208} INFO - Processing /opt/airflow/dags/train_dag.py took 0.137 seconds
[2025-04-29T15:06:26.801+0000] {processor.py:186} INFO - Started process (PID=569) to work on /opt/airflow/dags/train_dag.py
[2025-04-29T15:06:26.807+0000] {processor.py:914} INFO - Processing file /opt/airflow/dags/train_dag.py for tasks to queue
[2025-04-29T15:06:26.834+0000] {logging_mixin.py:190} INFO - [2025-04-29T15:06:26.830+0000] {dagbag.py:588} INFO - Filling up the DagBag from /opt/airflow/dags/train_dag.py
[2025-04-29T15:06:26.909+0000] {processor.py:925} INFO - DAG(s) 'training' retrieved from /opt/airflow/dags/train_dag.py
[2025-04-29T15:06:26.961+0000] {logging_mixin.py:190} INFO - [2025-04-29T15:06:26.961+0000] {dag.py:3239} INFO - Sync 1 DAGs
[2025-04-29T15:06:27.001+0000] {logging_mixin.py:190} INFO - [2025-04-29T15:06:27.000+0000] {dag.py:4180} INFO - Setting next_dagrun for training to 2025-04-28 00:00:00+00:00, run_after=2025-04-29 00:00:00+00:00
[2025-04-29T15:06:27.022+0000] {processor.py:208} INFO - Processing /opt/airflow/dags/train_dag.py took 0.280 seconds
[2025-04-29T15:06:57.200+0000] {processor.py:186} INFO - Started process (PID=642) to work on /opt/airflow/dags/train_dag.py
[2025-04-29T15:06:57.202+0000] {processor.py:914} INFO - Processing file /opt/airflow/dags/train_dag.py for tasks to queue
[2025-04-29T15:06:57.207+0000] {logging_mixin.py:190} INFO - [2025-04-29T15:06:57.206+0000] {dagbag.py:588} INFO - Filling up the DagBag from /opt/airflow/dags/train_dag.py
[2025-04-29T15:06:57.232+0000] {processor.py:925} INFO - DAG(s) 'training' retrieved from /opt/airflow/dags/train_dag.py
[2025-04-29T15:06:57.260+0000] {logging_mixin.py:190} INFO - [2025-04-29T15:06:57.260+0000] {dag.py:3239} INFO - Sync 1 DAGs
[2025-04-29T15:06:57.291+0000] {logging_mixin.py:190} INFO - [2025-04-29T15:06:57.291+0000] {dag.py:4180} INFO - Setting next_dagrun for training to 2025-04-28 00:00:00+00:00, run_after=2025-04-29 00:00:00+00:00
[2025-04-29T15:06:57.308+0000] {processor.py:208} INFO - Processing /opt/airflow/dags/train_dag.py took 0.129 seconds
[2025-04-29T15:07:27.759+0000] {processor.py:186} INFO - Started process (PID=715) to work on /opt/airflow/dags/train_dag.py
[2025-04-29T15:07:27.763+0000] {processor.py:914} INFO - Processing file /opt/airflow/dags/train_dag.py for tasks to queue
[2025-04-29T15:07:27.772+0000] {logging_mixin.py:190} INFO - [2025-04-29T15:07:27.771+0000] {dagbag.py:588} INFO - Filling up the DagBag from /opt/airflow/dags/train_dag.py
[2025-04-29T15:07:27.799+0000] {processor.py:925} INFO - DAG(s) 'training' retrieved from /opt/airflow/dags/train_dag.py
[2025-04-29T15:07:27.837+0000] {logging_mixin.py:190} INFO - [2025-04-29T15:07:27.837+0000] {dag.py:3239} INFO - Sync 1 DAGs
[2025-04-29T15:07:27.870+0000] {logging_mixin.py:190} INFO - [2025-04-29T15:07:27.870+0000] {dag.py:4180} INFO - Setting next_dagrun for training to 2025-04-28 00:00:00+00:00, run_after=2025-04-29 00:00:00+00:00
[2025-04-29T15:07:27.886+0000] {processor.py:208} INFO - Processing /opt/airflow/dags/train_dag.py took 0.151 seconds
[2025-04-29T15:07:58.151+0000] {processor.py:186} INFO - Started process (PID=788) to work on /opt/airflow/dags/train_dag.py
[2025-04-29T15:07:58.153+0000] {processor.py:914} INFO - Processing file /opt/airflow/dags/train_dag.py for tasks to queue
[2025-04-29T15:07:58.164+0000] {logging_mixin.py:190} INFO - [2025-04-29T15:07:58.164+0000] {dagbag.py:588} INFO - Filling up the DagBag from /opt/airflow/dags/train_dag.py
[2025-04-29T15:07:58.196+0000] {processor.py:925} INFO - DAG(s) 'training' retrieved from /opt/airflow/dags/train_dag.py
[2025-04-29T15:07:58.225+0000] {logging_mixin.py:190} INFO - [2025-04-29T15:07:58.225+0000] {dag.py:3239} INFO - Sync 1 DAGs
[2025-04-29T15:07:58.252+0000] {logging_mixin.py:190} INFO - [2025-04-29T15:07:58.252+0000] {dag.py:4180} INFO - Setting next_dagrun for training to 2025-04-28 00:00:00+00:00, run_after=2025-04-29 00:00:00+00:00
[2025-04-29T15:07:58.267+0000] {processor.py:208} INFO - Processing /opt/airflow/dags/train_dag.py took 0.132 seconds
[2025-04-29T16:55:14.140+0000] {processor.py:186} INFO - Started process (PID=55) to work on /opt/airflow/dags/train_dag.py
[2025-04-29T16:55:14.149+0000] {processor.py:914} INFO - Processing file /opt/airflow/dags/train_dag.py for tasks to queue
[2025-04-29T16:55:14.159+0000] {logging_mixin.py:190} INFO - [2025-04-29T16:55:14.158+0000] {dagbag.py:588} INFO - Filling up the DagBag from /opt/airflow/dags/train_dag.py
[2025-04-29T16:55:14.272+0000] {processor.py:925} INFO - DAG(s) 'training' retrieved from /opt/airflow/dags/train_dag.py
[2025-04-29T16:55:14.443+0000] {logging_mixin.py:190} INFO - [2025-04-29T16:55:14.442+0000] {dag.py:3239} INFO - Sync 1 DAGs
[2025-04-29T16:55:14.512+0000] {logging_mixin.py:190} INFO - [2025-04-29T16:55:14.511+0000] {dag.py:4180} INFO - Setting next_dagrun for training to 2025-04-28 00:00:00+00:00, run_after=2025-04-29 00:00:00+00:00
[2025-04-29T16:55:14.542+0000] {processor.py:208} INFO - Processing /opt/airflow/dags/train_dag.py took 0.433 seconds
[2025-04-29T16:55:44.612+0000] {processor.py:186} INFO - Started process (PID=127) to work on /opt/airflow/dags/train_dag.py
[2025-04-29T16:55:44.613+0000] {processor.py:914} INFO - Processing file /opt/airflow/dags/train_dag.py for tasks to queue
[2025-04-29T16:55:44.617+0000] {logging_mixin.py:190} INFO - [2025-04-29T16:55:44.617+0000] {dagbag.py:588} INFO - Filling up the DagBag from /opt/airflow/dags/train_dag.py
[2025-04-29T16:55:44.638+0000] {processor.py:925} INFO - DAG(s) 'training' retrieved from /opt/airflow/dags/train_dag.py
[2025-04-29T16:55:44.660+0000] {logging_mixin.py:190} INFO - [2025-04-29T16:55:44.659+0000] {dag.py:3239} INFO - Sync 1 DAGs
[2025-04-29T16:55:44.678+0000] {logging_mixin.py:190} INFO - [2025-04-29T16:55:44.678+0000] {dag.py:4180} INFO - Setting next_dagrun for training to 2025-04-28 00:00:00+00:00, run_after=2025-04-29 00:00:00+00:00
[2025-04-29T16:55:44.686+0000] {processor.py:208} INFO - Processing /opt/airflow/dags/train_dag.py took 0.086 seconds
[2025-04-29T17:08:17.357+0000] {processor.py:186} INFO - Started process (PID=49) to work on /opt/airflow/dags/train_dag.py
[2025-04-29T17:08:17.361+0000] {processor.py:914} INFO - Processing file /opt/airflow/dags/train_dag.py for tasks to queue
[2025-04-29T17:08:17.370+0000] {logging_mixin.py:190} INFO - [2025-04-29T17:08:17.370+0000] {dagbag.py:588} INFO - Filling up the DagBag from /opt/airflow/dags/train_dag.py
[2025-04-29T17:08:17.532+0000] {processor.py:925} INFO - DAG(s) 'training' retrieved from /opt/airflow/dags/train_dag.py
[2025-04-29T17:08:17.609+0000] {logging_mixin.py:190} INFO - [2025-04-29T17:08:17.608+0000] {dag.py:3239} INFO - Sync 1 DAGs
[2025-04-29T17:08:17.655+0000] {logging_mixin.py:190} INFO - [2025-04-29T17:08:17.652+0000] {dag.py:4180} INFO - Setting next_dagrun for training to 2025-04-28 00:00:00+00:00, run_after=2025-04-29 00:00:00+00:00
[2025-04-29T17:08:17.693+0000] {processor.py:208} INFO - Processing /opt/airflow/dags/train_dag.py took 0.345 seconds
[2025-04-29T17:08:48.660+0000] {processor.py:186} INFO - Started process (PID=127) to work on /opt/airflow/dags/train_dag.py
[2025-04-29T17:08:48.661+0000] {processor.py:914} INFO - Processing file /opt/airflow/dags/train_dag.py for tasks to queue
[2025-04-29T17:08:48.665+0000] {logging_mixin.py:190} INFO - [2025-04-29T17:08:48.664+0000] {dagbag.py:588} INFO - Filling up the DagBag from /opt/airflow/dags/train_dag.py
[2025-04-29T17:08:48.693+0000] {processor.py:925} INFO - DAG(s) 'training' retrieved from /opt/airflow/dags/train_dag.py
[2025-04-29T17:08:48.718+0000] {logging_mixin.py:190} INFO - [2025-04-29T17:08:48.718+0000] {dag.py:3239} INFO - Sync 1 DAGs
[2025-04-29T17:08:48.739+0000] {logging_mixin.py:190} INFO - [2025-04-29T17:08:48.739+0000] {dag.py:4180} INFO - Setting next_dagrun for training to 2025-04-28 00:00:00+00:00, run_after=2025-04-29 00:00:00+00:00
[2025-04-29T17:08:48.756+0000] {processor.py:208} INFO - Processing /opt/airflow/dags/train_dag.py took 0.107 seconds
[2025-04-29T17:09:19.461+0000] {processor.py:186} INFO - Started process (PID=200) to work on /opt/airflow/dags/train_dag.py
[2025-04-29T17:09:19.463+0000] {processor.py:914} INFO - Processing file /opt/airflow/dags/train_dag.py for tasks to queue
[2025-04-29T17:09:19.470+0000] {logging_mixin.py:190} INFO - [2025-04-29T17:09:19.469+0000] {dagbag.py:588} INFO - Filling up the DagBag from /opt/airflow/dags/train_dag.py
[2025-04-29T17:09:19.486+0000] {processor.py:925} INFO - DAG(s) 'training' retrieved from /opt/airflow/dags/train_dag.py
[2025-04-29T17:09:19.507+0000] {logging_mixin.py:190} INFO - [2025-04-29T17:09:19.507+0000] {dag.py:3239} INFO - Sync 1 DAGs
[2025-04-29T17:09:19.527+0000] {logging_mixin.py:190} INFO - [2025-04-29T17:09:19.527+0000] {dag.py:4180} INFO - Setting next_dagrun for training to 2025-04-28 00:00:00+00:00, run_after=2025-04-29 00:00:00+00:00
[2025-04-29T17:09:19.541+0000] {processor.py:208} INFO - Processing /opt/airflow/dags/train_dag.py took 0.095 seconds
[2025-04-29T17:09:49.973+0000] {processor.py:186} INFO - Started process (PID=273) to work on /opt/airflow/dags/train_dag.py
[2025-04-29T17:09:49.977+0000] {processor.py:914} INFO - Processing file /opt/airflow/dags/train_dag.py for tasks to queue
[2025-04-29T17:09:49.982+0000] {logging_mixin.py:190} INFO - [2025-04-29T17:09:49.981+0000] {dagbag.py:588} INFO - Filling up the DagBag from /opt/airflow/dags/train_dag.py
[2025-04-29T17:09:50.017+0000] {processor.py:925} INFO - DAG(s) 'training' retrieved from /opt/airflow/dags/train_dag.py
[2025-04-29T17:09:50.062+0000] {logging_mixin.py:190} INFO - [2025-04-29T17:09:50.062+0000] {dag.py:3239} INFO - Sync 1 DAGs
[2025-04-29T17:09:50.104+0000] {logging_mixin.py:190} INFO - [2025-04-29T17:09:50.103+0000] {dag.py:4180} INFO - Setting next_dagrun for training to 2025-04-28 00:00:00+00:00, run_after=2025-04-29 00:00:00+00:00
[2025-04-29T17:09:50.125+0000] {processor.py:208} INFO - Processing /opt/airflow/dags/train_dag.py took 0.192 seconds
[2025-04-29T17:10:20.865+0000] {processor.py:186} INFO - Started process (PID=346) to work on /opt/airflow/dags/train_dag.py
[2025-04-29T17:10:20.866+0000] {processor.py:914} INFO - Processing file /opt/airflow/dags/train_dag.py for tasks to queue
[2025-04-29T17:10:20.870+0000] {logging_mixin.py:190} INFO - [2025-04-29T17:10:20.870+0000] {dagbag.py:588} INFO - Filling up the DagBag from /opt/airflow/dags/train_dag.py
[2025-04-29T17:10:20.884+0000] {processor.py:925} INFO - DAG(s) 'training' retrieved from /opt/airflow/dags/train_dag.py
[2025-04-29T17:10:20.908+0000] {logging_mixin.py:190} INFO - [2025-04-29T17:10:20.908+0000] {dag.py:3239} INFO - Sync 1 DAGs
[2025-04-29T17:10:20.931+0000] {logging_mixin.py:190} INFO - [2025-04-29T17:10:20.931+0000] {dag.py:4180} INFO - Setting next_dagrun for training to 2025-04-28 00:00:00+00:00, run_after=2025-04-29 00:00:00+00:00
[2025-04-29T17:10:20.942+0000] {processor.py:208} INFO - Processing /opt/airflow/dags/train_dag.py took 0.084 seconds
[2025-04-29T17:10:51.419+0000] {processor.py:186} INFO - Started process (PID=419) to work on /opt/airflow/dags/train_dag.py
[2025-04-29T17:10:51.421+0000] {processor.py:914} INFO - Processing file /opt/airflow/dags/train_dag.py for tasks to queue
[2025-04-29T17:10:51.426+0000] {logging_mixin.py:190} INFO - [2025-04-29T17:10:51.426+0000] {dagbag.py:588} INFO - Filling up the DagBag from /opt/airflow/dags/train_dag.py
[2025-04-29T17:10:51.453+0000] {processor.py:925} INFO - DAG(s) 'training' retrieved from /opt/airflow/dags/train_dag.py
[2025-04-29T17:10:51.484+0000] {logging_mixin.py:190} INFO - [2025-04-29T17:10:51.484+0000] {dag.py:3239} INFO - Sync 1 DAGs
[2025-04-29T17:10:51.513+0000] {logging_mixin.py:190} INFO - [2025-04-29T17:10:51.512+0000] {dag.py:4180} INFO - Setting next_dagrun for training to 2025-04-28 00:00:00+00:00, run_after=2025-04-29 00:00:00+00:00
[2025-04-29T17:10:51.530+0000] {processor.py:208} INFO - Processing /opt/airflow/dags/train_dag.py took 0.126 seconds
[2025-04-29T17:11:22.173+0000] {processor.py:186} INFO - Started process (PID=492) to work on /opt/airflow/dags/train_dag.py
[2025-04-29T17:11:22.174+0000] {processor.py:914} INFO - Processing file /opt/airflow/dags/train_dag.py for tasks to queue
[2025-04-29T17:11:22.180+0000] {logging_mixin.py:190} INFO - [2025-04-29T17:11:22.180+0000] {dagbag.py:588} INFO - Filling up the DagBag from /opt/airflow/dags/train_dag.py
[2025-04-29T17:11:22.204+0000] {processor.py:925} INFO - DAG(s) 'training' retrieved from /opt/airflow/dags/train_dag.py
[2025-04-29T17:11:22.234+0000] {logging_mixin.py:190} INFO - [2025-04-29T17:11:22.234+0000] {dag.py:3239} INFO - Sync 1 DAGs
[2025-04-29T17:11:22.260+0000] {logging_mixin.py:190} INFO - [2025-04-29T17:11:22.260+0000] {dag.py:4180} INFO - Setting next_dagrun for training to 2025-04-28 00:00:00+00:00, run_after=2025-04-29 00:00:00+00:00
[2025-04-29T17:11:22.272+0000] {processor.py:208} INFO - Processing /opt/airflow/dags/train_dag.py took 0.112 seconds
[2025-04-29T17:11:52.933+0000] {processor.py:186} INFO - Started process (PID=565) to work on /opt/airflow/dags/train_dag.py
[2025-04-29T17:11:52.935+0000] {processor.py:914} INFO - Processing file /opt/airflow/dags/train_dag.py for tasks to queue
[2025-04-29T17:11:52.944+0000] {logging_mixin.py:190} INFO - [2025-04-29T17:11:52.942+0000] {dagbag.py:588} INFO - Filling up the DagBag from /opt/airflow/dags/train_dag.py
[2025-04-29T17:11:52.965+0000] {processor.py:925} INFO - DAG(s) 'training' retrieved from /opt/airflow/dags/train_dag.py
[2025-04-29T17:11:52.993+0000] {logging_mixin.py:190} INFO - [2025-04-29T17:11:52.992+0000] {dag.py:3239} INFO - Sync 1 DAGs
[2025-04-29T17:11:53.011+0000] {logging_mixin.py:190} INFO - [2025-04-29T17:11:53.011+0000] {dag.py:4180} INFO - Setting next_dagrun for training to 2025-04-28 00:00:00+00:00, run_after=2025-04-29 00:00:00+00:00
[2025-04-29T17:11:53.026+0000] {processor.py:208} INFO - Processing /opt/airflow/dags/train_dag.py took 0.106 seconds
[2025-04-29T17:12:23.448+0000] {processor.py:186} INFO - Started process (PID=638) to work on /opt/airflow/dags/train_dag.py
[2025-04-29T17:12:23.451+0000] {processor.py:914} INFO - Processing file /opt/airflow/dags/train_dag.py for tasks to queue
[2025-04-29T17:12:23.452+0000] {logging_mixin.py:190} INFO - [2025-04-29T17:12:23.452+0000] {dagbag.py:588} INFO - Filling up the DagBag from /opt/airflow/dags/train_dag.py
[2025-04-29T17:12:23.472+0000] {processor.py:925} INFO - DAG(s) 'training' retrieved from /opt/airflow/dags/train_dag.py
[2025-04-29T17:12:23.494+0000] {logging_mixin.py:190} INFO - [2025-04-29T17:12:23.494+0000] {dag.py:3239} INFO - Sync 1 DAGs
[2025-04-29T17:12:23.510+0000] {logging_mixin.py:190} INFO - [2025-04-29T17:12:23.510+0000] {dag.py:4180} INFO - Setting next_dagrun for training to 2025-04-28 00:00:00+00:00, run_after=2025-04-29 00:00:00+00:00
[2025-04-29T17:12:23.525+0000] {processor.py:208} INFO - Processing /opt/airflow/dags/train_dag.py took 0.084 seconds
[2025-04-29T17:12:54.003+0000] {processor.py:186} INFO - Started process (PID=711) to work on /opt/airflow/dags/train_dag.py
[2025-04-29T17:12:54.005+0000] {processor.py:914} INFO - Processing file /opt/airflow/dags/train_dag.py for tasks to queue
[2025-04-29T17:12:54.014+0000] {logging_mixin.py:190} INFO - [2025-04-29T17:12:54.012+0000] {dagbag.py:588} INFO - Filling up the DagBag from /opt/airflow/dags/train_dag.py
[2025-04-29T17:12:54.036+0000] {processor.py:925} INFO - DAG(s) 'training' retrieved from /opt/airflow/dags/train_dag.py
[2025-04-29T17:12:54.061+0000] {logging_mixin.py:190} INFO - [2025-04-29T17:12:54.061+0000] {dag.py:3239} INFO - Sync 1 DAGs
[2025-04-29T17:12:54.081+0000] {logging_mixin.py:190} INFO - [2025-04-29T17:12:54.081+0000] {dag.py:4180} INFO - Setting next_dagrun for training to 2025-04-28 00:00:00+00:00, run_after=2025-04-29 00:00:00+00:00
[2025-04-29T17:12:54.092+0000] {processor.py:208} INFO - Processing /opt/airflow/dags/train_dag.py took 0.103 seconds
[2025-04-29T17:13:24.782+0000] {processor.py:186} INFO - Started process (PID=784) to work on /opt/airflow/dags/train_dag.py
[2025-04-29T17:13:24.784+0000] {processor.py:914} INFO - Processing file /opt/airflow/dags/train_dag.py for tasks to queue
[2025-04-29T17:13:24.790+0000] {logging_mixin.py:190} INFO - [2025-04-29T17:13:24.789+0000] {dagbag.py:588} INFO - Filling up the DagBag from /opt/airflow/dags/train_dag.py
[2025-04-29T17:13:24.808+0000] {processor.py:925} INFO - DAG(s) 'training' retrieved from /opt/airflow/dags/train_dag.py
[2025-04-29T17:13:24.832+0000] {logging_mixin.py:190} INFO - [2025-04-29T17:13:24.832+0000] {dag.py:3239} INFO - Sync 1 DAGs
[2025-04-29T17:13:24.854+0000] {logging_mixin.py:190} INFO - [2025-04-29T17:13:24.854+0000] {dag.py:4180} INFO - Setting next_dagrun for training to 2025-04-28 00:00:00+00:00, run_after=2025-04-29 00:00:00+00:00
[2025-04-29T17:13:24.868+0000] {processor.py:208} INFO - Processing /opt/airflow/dags/train_dag.py took 0.098 seconds
[2025-04-29T17:13:55.334+0000] {processor.py:186} INFO - Started process (PID=857) to work on /opt/airflow/dags/train_dag.py
[2025-04-29T17:13:55.337+0000] {processor.py:914} INFO - Processing file /opt/airflow/dags/train_dag.py for tasks to queue
[2025-04-29T17:13:55.340+0000] {logging_mixin.py:190} INFO - [2025-04-29T17:13:55.339+0000] {dagbag.py:588} INFO - Filling up the DagBag from /opt/airflow/dags/train_dag.py
[2025-04-29T17:13:55.357+0000] {processor.py:925} INFO - DAG(s) 'training' retrieved from /opt/airflow/dags/train_dag.py
[2025-04-29T17:13:55.392+0000] {logging_mixin.py:190} INFO - [2025-04-29T17:13:55.392+0000] {dag.py:3239} INFO - Sync 1 DAGs
[2025-04-29T17:13:55.422+0000] {logging_mixin.py:190} INFO - [2025-04-29T17:13:55.422+0000] {dag.py:4180} INFO - Setting next_dagrun for training to 2025-04-28 00:00:00+00:00, run_after=2025-04-29 00:00:00+00:00
[2025-04-29T17:13:55.441+0000] {processor.py:208} INFO - Processing /opt/airflow/dags/train_dag.py took 0.113 seconds
[2025-04-29T17:14:25.796+0000] {processor.py:186} INFO - Started process (PID=930) to work on /opt/airflow/dags/train_dag.py
[2025-04-29T17:14:25.798+0000] {processor.py:914} INFO - Processing file /opt/airflow/dags/train_dag.py for tasks to queue
[2025-04-29T17:14:25.802+0000] {logging_mixin.py:190} INFO - [2025-04-29T17:14:25.801+0000] {dagbag.py:588} INFO - Filling up the DagBag from /opt/airflow/dags/train_dag.py
[2025-04-29T17:14:25.819+0000] {processor.py:925} INFO - DAG(s) 'training' retrieved from /opt/airflow/dags/train_dag.py
[2025-04-29T17:14:25.844+0000] {logging_mixin.py:190} INFO - [2025-04-29T17:14:25.844+0000] {dag.py:3239} INFO - Sync 1 DAGs
[2025-04-29T17:14:25.875+0000] {logging_mixin.py:190} INFO - [2025-04-29T17:14:25.875+0000] {dag.py:4180} INFO - Setting next_dagrun for training to 2025-04-28 00:00:00+00:00, run_after=2025-04-29 00:00:00+00:00
[2025-04-29T17:14:25.893+0000] {processor.py:208} INFO - Processing /opt/airflow/dags/train_dag.py took 0.107 seconds
[2025-04-29T17:14:56.144+0000] {processor.py:186} INFO - Started process (PID=1003) to work on /opt/airflow/dags/train_dag.py
[2025-04-29T17:14:56.146+0000] {processor.py:914} INFO - Processing file /opt/airflow/dags/train_dag.py for tasks to queue
[2025-04-29T17:14:56.150+0000] {logging_mixin.py:190} INFO - [2025-04-29T17:14:56.150+0000] {dagbag.py:588} INFO - Filling up the DagBag from /opt/airflow/dags/train_dag.py
[2025-04-29T17:14:56.174+0000] {processor.py:925} INFO - DAG(s) 'training' retrieved from /opt/airflow/dags/train_dag.py
[2025-04-29T17:14:56.207+0000] {logging_mixin.py:190} INFO - [2025-04-29T17:14:56.206+0000] {dag.py:3239} INFO - Sync 1 DAGs
[2025-04-29T17:14:56.230+0000] {logging_mixin.py:190} INFO - [2025-04-29T17:14:56.229+0000] {dag.py:4180} INFO - Setting next_dagrun for training to 2025-04-28 00:00:00+00:00, run_after=2025-04-29 00:00:00+00:00
[2025-04-29T17:14:56.249+0000] {processor.py:208} INFO - Processing /opt/airflow/dags/train_dag.py took 0.125 seconds
[2025-04-29T17:15:26.591+0000] {processor.py:186} INFO - Started process (PID=1076) to work on /opt/airflow/dags/train_dag.py
[2025-04-29T17:15:26.596+0000] {processor.py:914} INFO - Processing file /opt/airflow/dags/train_dag.py for tasks to queue
[2025-04-29T17:15:26.616+0000] {logging_mixin.py:190} INFO - [2025-04-29T17:15:26.615+0000] {dagbag.py:588} INFO - Filling up the DagBag from /opt/airflow/dags/train_dag.py
[2025-04-29T17:15:26.685+0000] {processor.py:925} INFO - DAG(s) 'training' retrieved from /opt/airflow/dags/train_dag.py
[2025-04-29T17:15:26.794+0000] {logging_mixin.py:190} INFO - [2025-04-29T17:15:26.793+0000] {dag.py:3239} INFO - Sync 1 DAGs
[2025-04-29T17:15:26.878+0000] {logging_mixin.py:190} INFO - [2025-04-29T17:15:26.877+0000] {dag.py:4180} INFO - Setting next_dagrun for training to 2025-04-28 00:00:00+00:00, run_after=2025-04-29 00:00:00+00:00
[2025-04-29T17:15:26.909+0000] {processor.py:208} INFO - Processing /opt/airflow/dags/train_dag.py took 0.439 seconds
[2025-04-29T17:15:57.351+0000] {processor.py:186} INFO - Started process (PID=1149) to work on /opt/airflow/dags/train_dag.py
[2025-04-29T17:15:57.353+0000] {processor.py:914} INFO - Processing file /opt/airflow/dags/train_dag.py for tasks to queue
[2025-04-29T17:15:57.363+0000] {logging_mixin.py:190} INFO - [2025-04-29T17:15:57.363+0000] {dagbag.py:588} INFO - Filling up the DagBag from /opt/airflow/dags/train_dag.py
[2025-04-29T17:15:57.394+0000] {processor.py:925} INFO - DAG(s) 'training' retrieved from /opt/airflow/dags/train_dag.py
[2025-04-29T17:15:57.429+0000] {logging_mixin.py:190} INFO - [2025-04-29T17:15:57.429+0000] {dag.py:3239} INFO - Sync 1 DAGs
[2025-04-29T17:15:57.449+0000] {logging_mixin.py:190} INFO - [2025-04-29T17:15:57.449+0000] {dag.py:4180} INFO - Setting next_dagrun for training to 2025-04-28 00:00:00+00:00, run_after=2025-04-29 00:00:00+00:00
[2025-04-29T17:15:57.468+0000] {processor.py:208} INFO - Processing /opt/airflow/dags/train_dag.py took 0.131 seconds
[2025-04-29T17:17:21.554+0000] {processor.py:186} INFO - Started process (PID=1154) to work on /opt/airflow/dags/train_dag.py
[2025-04-29T17:17:21.556+0000] {processor.py:914} INFO - Processing file /opt/airflow/dags/train_dag.py for tasks to queue
[2025-04-29T17:17:21.561+0000] {logging_mixin.py:190} INFO - [2025-04-29T17:17:21.561+0000] {dagbag.py:588} INFO - Filling up the DagBag from /opt/airflow/dags/train_dag.py
[2025-04-29T17:17:21.585+0000] {processor.py:925} INFO - DAG(s) 'training' retrieved from /opt/airflow/dags/train_dag.py
[2025-04-29T17:17:21.608+0000] {logging_mixin.py:190} INFO - [2025-04-29T17:17:21.608+0000] {dag.py:3239} INFO - Sync 1 DAGs
[2025-04-29T17:17:21.629+0000] {logging_mixin.py:190} INFO - [2025-04-29T17:17:21.629+0000] {dag.py:4180} INFO - Setting next_dagrun for training to 2025-04-28 00:00:00+00:00, run_after=2025-04-29 00:00:00+00:00
[2025-04-29T17:17:21.642+0000] {processor.py:208} INFO - Processing /opt/airflow/dags/train_dag.py took 0.093 seconds
[2025-04-29T17:17:52.464+0000] {processor.py:186} INFO - Started process (PID=1226) to work on /opt/airflow/dags/train_dag.py
[2025-04-29T17:17:52.466+0000] {processor.py:914} INFO - Processing file /opt/airflow/dags/train_dag.py for tasks to queue
[2025-04-29T17:17:52.470+0000] {logging_mixin.py:190} INFO - [2025-04-29T17:17:52.469+0000] {dagbag.py:588} INFO - Filling up the DagBag from /opt/airflow/dags/train_dag.py
[2025-04-29T17:17:52.487+0000] {processor.py:925} INFO - DAG(s) 'training' retrieved from /opt/airflow/dags/train_dag.py
[2025-04-29T17:17:52.509+0000] {logging_mixin.py:190} INFO - [2025-04-29T17:17:52.509+0000] {dag.py:3239} INFO - Sync 1 DAGs
[2025-04-29T17:17:52.530+0000] {logging_mixin.py:190} INFO - [2025-04-29T17:17:52.530+0000] {dag.py:4180} INFO - Setting next_dagrun for training to 2025-04-28 00:00:00+00:00, run_after=2025-04-29 00:00:00+00:00
[2025-04-29T17:17:52.543+0000] {processor.py:208} INFO - Processing /opt/airflow/dags/train_dag.py took 0.087 seconds
[2025-04-29T17:18:23.241+0000] {processor.py:186} INFO - Started process (PID=1299) to work on /opt/airflow/dags/train_dag.py
[2025-04-29T17:18:23.244+0000] {processor.py:914} INFO - Processing file /opt/airflow/dags/train_dag.py for tasks to queue
[2025-04-29T17:18:23.248+0000] {logging_mixin.py:190} INFO - [2025-04-29T17:18:23.247+0000] {dagbag.py:588} INFO - Filling up the DagBag from /opt/airflow/dags/train_dag.py
[2025-04-29T17:18:23.268+0000] {processor.py:925} INFO - DAG(s) 'training' retrieved from /opt/airflow/dags/train_dag.py
[2025-04-29T17:18:23.290+0000] {logging_mixin.py:190} INFO - [2025-04-29T17:18:23.290+0000] {dag.py:3239} INFO - Sync 1 DAGs
[2025-04-29T17:18:23.309+0000] {logging_mixin.py:190} INFO - [2025-04-29T17:18:23.309+0000] {dag.py:4180} INFO - Setting next_dagrun for training to 2025-04-28 00:00:00+00:00, run_after=2025-04-29 00:00:00+00:00
[2025-04-29T17:18:23.326+0000] {processor.py:208} INFO - Processing /opt/airflow/dags/train_dag.py took 0.095 seconds
[2025-04-29T17:18:53.903+0000] {processor.py:186} INFO - Started process (PID=1372) to work on /opt/airflow/dags/train_dag.py
[2025-04-29T17:18:53.905+0000] {processor.py:914} INFO - Processing file /opt/airflow/dags/train_dag.py for tasks to queue
[2025-04-29T17:18:53.908+0000] {logging_mixin.py:190} INFO - [2025-04-29T17:18:53.908+0000] {dagbag.py:588} INFO - Filling up the DagBag from /opt/airflow/dags/train_dag.py
[2025-04-29T17:18:53.929+0000] {processor.py:925} INFO - DAG(s) 'training' retrieved from /opt/airflow/dags/train_dag.py
[2025-04-29T17:18:53.947+0000] {logging_mixin.py:190} INFO - [2025-04-29T17:18:53.947+0000] {dag.py:3239} INFO - Sync 1 DAGs
[2025-04-29T17:18:53.963+0000] {logging_mixin.py:190} INFO - [2025-04-29T17:18:53.963+0000] {dag.py:4180} INFO - Setting next_dagrun for training to 2025-04-28 00:00:00+00:00, run_after=2025-04-29 00:00:00+00:00
[2025-04-29T17:18:53.974+0000] {processor.py:208} INFO - Processing /opt/airflow/dags/train_dag.py took 0.080 seconds
[2025-04-29T17:19:24.097+0000] {processor.py:186} INFO - Started process (PID=1445) to work on /opt/airflow/dags/train_dag.py
[2025-04-29T17:19:24.100+0000] {processor.py:914} INFO - Processing file /opt/airflow/dags/train_dag.py for tasks to queue
[2025-04-29T17:19:24.104+0000] {logging_mixin.py:190} INFO - [2025-04-29T17:19:24.104+0000] {dagbag.py:588} INFO - Filling up the DagBag from /opt/airflow/dags/train_dag.py
[2025-04-29T17:19:24.125+0000] {processor.py:925} INFO - DAG(s) 'training' retrieved from /opt/airflow/dags/train_dag.py
[2025-04-29T17:19:24.146+0000] {logging_mixin.py:190} INFO - [2025-04-29T17:19:24.146+0000] {dag.py:3239} INFO - Sync 1 DAGs
[2025-04-29T17:19:24.167+0000] {logging_mixin.py:190} INFO - [2025-04-29T17:19:24.167+0000] {dag.py:4180} INFO - Setting next_dagrun for training to 2025-04-28 00:00:00+00:00, run_after=2025-04-29 00:00:00+00:00
[2025-04-29T17:19:24.181+0000] {processor.py:208} INFO - Processing /opt/airflow/dags/train_dag.py took 0.096 seconds
[2025-04-29T17:21:34.769+0000] {processor.py:186} INFO - Started process (PID=1519) to work on /opt/airflow/dags/train_dag.py
[2025-04-29T17:21:34.773+0000] {processor.py:914} INFO - Processing file /opt/airflow/dags/train_dag.py for tasks to queue
[2025-04-29T17:21:34.775+0000] {logging_mixin.py:190} INFO - [2025-04-29T17:21:34.775+0000] {dagbag.py:588} INFO - Filling up the DagBag from /opt/airflow/dags/train_dag.py
[2025-04-29T17:21:34.799+0000] {processor.py:925} INFO - DAG(s) 'training' retrieved from /opt/airflow/dags/train_dag.py
[2025-04-29T17:21:34.821+0000] {logging_mixin.py:190} INFO - [2025-04-29T17:21:34.821+0000] {dag.py:3239} INFO - Sync 1 DAGs
[2025-04-29T17:21:34.837+0000] {logging_mixin.py:190} INFO - [2025-04-29T17:21:34.837+0000] {dag.py:4180} INFO - Setting next_dagrun for training to 2025-04-28 00:00:00+00:00, run_after=2025-04-29 00:00:00+00:00
[2025-04-29T17:21:34.846+0000] {processor.py:208} INFO - Processing /opt/airflow/dags/train_dag.py took 0.083 seconds
[2025-04-29T17:22:04.946+0000] {processor.py:186} INFO - Started process (PID=1591) to work on /opt/airflow/dags/train_dag.py
[2025-04-29T17:22:04.948+0000] {processor.py:914} INFO - Processing file /opt/airflow/dags/train_dag.py for tasks to queue
[2025-04-29T17:22:04.950+0000] {logging_mixin.py:190} INFO - [2025-04-29T17:22:04.950+0000] {dagbag.py:588} INFO - Filling up the DagBag from /opt/airflow/dags/train_dag.py
[2025-04-29T17:22:04.967+0000] {processor.py:925} INFO - DAG(s) 'training' retrieved from /opt/airflow/dags/train_dag.py
[2025-04-29T17:22:04.986+0000] {logging_mixin.py:190} INFO - [2025-04-29T17:22:04.986+0000] {dag.py:3239} INFO - Sync 1 DAGs
[2025-04-29T17:22:05.002+0000] {logging_mixin.py:190} INFO - [2025-04-29T17:22:05.002+0000] {dag.py:4180} INFO - Setting next_dagrun for training to 2025-04-28 00:00:00+00:00, run_after=2025-04-29 00:00:00+00:00
[2025-04-29T17:22:05.014+0000] {processor.py:208} INFO - Processing /opt/airflow/dags/train_dag.py took 0.080 seconds
[2025-04-29T17:22:35.407+0000] {processor.py:186} INFO - Started process (PID=1664) to work on /opt/airflow/dags/train_dag.py
[2025-04-29T17:22:35.411+0000] {processor.py:914} INFO - Processing file /opt/airflow/dags/train_dag.py for tasks to queue
[2025-04-29T17:22:35.414+0000] {logging_mixin.py:190} INFO - [2025-04-29T17:22:35.413+0000] {dagbag.py:588} INFO - Filling up the DagBag from /opt/airflow/dags/train_dag.py
[2025-04-29T17:22:35.435+0000] {processor.py:925} INFO - DAG(s) 'training' retrieved from /opt/airflow/dags/train_dag.py
[2025-04-29T17:22:35.459+0000] {logging_mixin.py:190} INFO - [2025-04-29T17:22:35.459+0000] {dag.py:3239} INFO - Sync 1 DAGs
[2025-04-29T17:22:35.479+0000] {logging_mixin.py:190} INFO - [2025-04-29T17:22:35.479+0000] {dag.py:4180} INFO - Setting next_dagrun for training to 2025-04-28 00:00:00+00:00, run_after=2025-04-29 00:00:00+00:00
[2025-04-29T17:22:35.505+0000] {processor.py:208} INFO - Processing /opt/airflow/dags/train_dag.py took 0.105 seconds
[2025-04-29T17:23:06.133+0000] {processor.py:186} INFO - Started process (PID=1737) to work on /opt/airflow/dags/train_dag.py
[2025-04-29T17:23:06.135+0000] {processor.py:914} INFO - Processing file /opt/airflow/dags/train_dag.py for tasks to queue
[2025-04-29T17:23:06.143+0000] {logging_mixin.py:190} INFO - [2025-04-29T17:23:06.142+0000] {dagbag.py:588} INFO - Filling up the DagBag from /opt/airflow/dags/train_dag.py
[2025-04-29T17:23:06.172+0000] {processor.py:925} INFO - DAG(s) 'training' retrieved from /opt/airflow/dags/train_dag.py
[2025-04-29T17:23:06.218+0000] {logging_mixin.py:190} INFO - [2025-04-29T17:23:06.217+0000] {dag.py:3239} INFO - Sync 1 DAGs
[2025-04-29T17:23:06.248+0000] {logging_mixin.py:190} INFO - [2025-04-29T17:23:06.248+0000] {dag.py:4180} INFO - Setting next_dagrun for training to 2025-04-28 00:00:00+00:00, run_after=2025-04-29 00:00:00+00:00
[2025-04-29T17:23:06.264+0000] {processor.py:208} INFO - Processing /opt/airflow/dags/train_dag.py took 0.142 seconds
[2025-04-29T17:23:36.738+0000] {processor.py:186} INFO - Started process (PID=1810) to work on /opt/airflow/dags/train_dag.py
[2025-04-29T17:23:36.740+0000] {processor.py:914} INFO - Processing file /opt/airflow/dags/train_dag.py for tasks to queue
[2025-04-29T17:23:36.748+0000] {logging_mixin.py:190} INFO - [2025-04-29T17:23:36.748+0000] {dagbag.py:588} INFO - Filling up the DagBag from /opt/airflow/dags/train_dag.py
[2025-04-29T17:23:36.769+0000] {processor.py:925} INFO - DAG(s) 'training' retrieved from /opt/airflow/dags/train_dag.py
[2025-04-29T17:23:36.792+0000] {logging_mixin.py:190} INFO - [2025-04-29T17:23:36.792+0000] {dag.py:3239} INFO - Sync 1 DAGs
[2025-04-29T17:23:36.815+0000] {logging_mixin.py:190} INFO - [2025-04-29T17:23:36.814+0000] {dag.py:4180} INFO - Setting next_dagrun for training to 2025-04-28 00:00:00+00:00, run_after=2025-04-29 00:00:00+00:00
[2025-04-29T17:23:36.829+0000] {processor.py:208} INFO - Processing /opt/airflow/dags/train_dag.py took 0.106 seconds
[2025-04-29T17:27:12.161+0000] {processor.py:186} INFO - Started process (PID=1884) to work on /opt/airflow/dags/train_dag.py
[2025-04-29T17:27:12.167+0000] {processor.py:914} INFO - Processing file /opt/airflow/dags/train_dag.py for tasks to queue
[2025-04-29T17:27:12.172+0000] {logging_mixin.py:190} INFO - [2025-04-29T17:27:12.171+0000] {dagbag.py:588} INFO - Filling up the DagBag from /opt/airflow/dags/train_dag.py
[2025-04-29T17:27:12.201+0000] {processor.py:925} INFO - DAG(s) 'training' retrieved from /opt/airflow/dags/train_dag.py
[2025-04-29T17:27:12.229+0000] {logging_mixin.py:190} INFO - [2025-04-29T17:27:12.229+0000] {dag.py:3239} INFO - Sync 1 DAGs
[2025-04-29T17:27:12.250+0000] {logging_mixin.py:190} INFO - [2025-04-29T17:27:12.250+0000] {dag.py:4180} INFO - Setting next_dagrun for training to 2025-04-28 00:00:00+00:00, run_after=2025-04-29 00:00:00+00:00
[2025-04-29T17:27:12.260+0000] {processor.py:208} INFO - Processing /opt/airflow/dags/train_dag.py took 0.109 seconds
[2025-04-29T17:27:42.498+0000] {processor.py:186} INFO - Started process (PID=1956) to work on /opt/airflow/dags/train_dag.py
[2025-04-29T17:27:42.500+0000] {processor.py:914} INFO - Processing file /opt/airflow/dags/train_dag.py for tasks to queue
[2025-04-29T17:27:42.504+0000] {logging_mixin.py:190} INFO - [2025-04-29T17:27:42.503+0000] {dagbag.py:588} INFO - Filling up the DagBag from /opt/airflow/dags/train_dag.py
[2025-04-29T17:27:42.521+0000] {processor.py:925} INFO - DAG(s) 'training' retrieved from /opt/airflow/dags/train_dag.py
[2025-04-29T17:27:42.550+0000] {logging_mixin.py:190} INFO - [2025-04-29T17:27:42.550+0000] {dag.py:3239} INFO - Sync 1 DAGs
[2025-04-29T17:27:42.575+0000] {logging_mixin.py:190} INFO - [2025-04-29T17:27:42.575+0000] {dag.py:4180} INFO - Setting next_dagrun for training to 2025-04-28 00:00:00+00:00, run_after=2025-04-29 00:00:00+00:00
[2025-04-29T17:27:42.591+0000] {processor.py:208} INFO - Processing /opt/airflow/dags/train_dag.py took 0.102 seconds
[2025-04-29T17:28:13.462+0000] {processor.py:186} INFO - Started process (PID=2029) to work on /opt/airflow/dags/train_dag.py
[2025-04-29T17:28:13.464+0000] {processor.py:914} INFO - Processing file /opt/airflow/dags/train_dag.py for tasks to queue
[2025-04-29T17:28:13.467+0000] {logging_mixin.py:190} INFO - [2025-04-29T17:28:13.467+0000] {dagbag.py:588} INFO - Filling up the DagBag from /opt/airflow/dags/train_dag.py
[2025-04-29T17:28:13.486+0000] {processor.py:925} INFO - DAG(s) 'training' retrieved from /opt/airflow/dags/train_dag.py
[2025-04-29T17:28:13.517+0000] {logging_mixin.py:190} INFO - [2025-04-29T17:28:13.517+0000] {dag.py:3239} INFO - Sync 1 DAGs
[2025-04-29T17:28:13.541+0000] {logging_mixin.py:190} INFO - [2025-04-29T17:28:13.540+0000] {dag.py:4180} INFO - Setting next_dagrun for training to 2025-04-28 00:00:00+00:00, run_after=2025-04-29 00:00:00+00:00
[2025-04-29T17:28:13.558+0000] {processor.py:208} INFO - Processing /opt/airflow/dags/train_dag.py took 0.109 seconds
[2025-04-29T17:28:43.892+0000] {processor.py:186} INFO - Started process (PID=2102) to work on /opt/airflow/dags/train_dag.py
[2025-04-29T17:28:43.899+0000] {processor.py:914} INFO - Processing file /opt/airflow/dags/train_dag.py for tasks to queue
[2025-04-29T17:28:43.905+0000] {logging_mixin.py:190} INFO - [2025-04-29T17:28:43.905+0000] {dagbag.py:588} INFO - Filling up the DagBag from /opt/airflow/dags/train_dag.py
[2025-04-29T17:28:43.930+0000] {processor.py:925} INFO - DAG(s) 'training' retrieved from /opt/airflow/dags/train_dag.py
[2025-04-29T17:28:43.966+0000] {logging_mixin.py:190} INFO - [2025-04-29T17:28:43.965+0000] {dag.py:3239} INFO - Sync 1 DAGs
[2025-04-29T17:28:43.987+0000] {logging_mixin.py:190} INFO - [2025-04-29T17:28:43.987+0000] {dag.py:4180} INFO - Setting next_dagrun for training to 2025-04-28 00:00:00+00:00, run_after=2025-04-29 00:00:00+00:00
[2025-04-29T17:28:43.999+0000] {processor.py:208} INFO - Processing /opt/airflow/dags/train_dag.py took 0.120 seconds
[2025-04-29T17:29:14.406+0000] {processor.py:186} INFO - Started process (PID=2175) to work on /opt/airflow/dags/train_dag.py
[2025-04-29T17:29:14.408+0000] {processor.py:914} INFO - Processing file /opt/airflow/dags/train_dag.py for tasks to queue
[2025-04-29T17:29:14.414+0000] {logging_mixin.py:190} INFO - [2025-04-29T17:29:14.413+0000] {dagbag.py:588} INFO - Filling up the DagBag from /opt/airflow/dags/train_dag.py
[2025-04-29T17:29:14.431+0000] {processor.py:925} INFO - DAG(s) 'training' retrieved from /opt/airflow/dags/train_dag.py
[2025-04-29T17:29:14.454+0000] {logging_mixin.py:190} INFO - [2025-04-29T17:29:14.454+0000] {dag.py:3239} INFO - Sync 1 DAGs
[2025-04-29T17:29:14.475+0000] {logging_mixin.py:190} INFO - [2025-04-29T17:29:14.475+0000] {dag.py:4180} INFO - Setting next_dagrun for training to 2025-04-28 00:00:00+00:00, run_after=2025-04-29 00:00:00+00:00
[2025-04-29T17:29:14.491+0000] {processor.py:208} INFO - Processing /opt/airflow/dags/train_dag.py took 0.092 seconds
[2025-04-29T17:29:45.219+0000] {processor.py:186} INFO - Started process (PID=2248) to work on /opt/airflow/dags/train_dag.py
[2025-04-29T17:29:45.220+0000] {processor.py:914} INFO - Processing file /opt/airflow/dags/train_dag.py for tasks to queue
[2025-04-29T17:29:45.228+0000] {logging_mixin.py:190} INFO - [2025-04-29T17:29:45.228+0000] {dagbag.py:588} INFO - Filling up the DagBag from /opt/airflow/dags/train_dag.py
[2025-04-29T17:29:45.251+0000] {processor.py:925} INFO - DAG(s) 'training' retrieved from /opt/airflow/dags/train_dag.py
[2025-04-29T17:29:45.278+0000] {logging_mixin.py:190} INFO - [2025-04-29T17:29:45.278+0000] {dag.py:3239} INFO - Sync 1 DAGs
[2025-04-29T17:29:45.295+0000] {logging_mixin.py:190} INFO - [2025-04-29T17:29:45.295+0000] {dag.py:4180} INFO - Setting next_dagrun for training to 2025-04-28 00:00:00+00:00, run_after=2025-04-29 00:00:00+00:00
[2025-04-29T17:29:45.307+0000] {processor.py:208} INFO - Processing /opt/airflow/dags/train_dag.py took 0.103 seconds
[2025-04-29T17:30:16.065+0000] {processor.py:186} INFO - Started process (PID=2321) to work on /opt/airflow/dags/train_dag.py
[2025-04-29T17:30:16.067+0000] {processor.py:914} INFO - Processing file /opt/airflow/dags/train_dag.py for tasks to queue
[2025-04-29T17:30:16.071+0000] {logging_mixin.py:190} INFO - [2025-04-29T17:30:16.070+0000] {dagbag.py:588} INFO - Filling up the DagBag from /opt/airflow/dags/train_dag.py
[2025-04-29T17:30:16.135+0000] {processor.py:925} INFO - DAG(s) 'training' retrieved from /opt/airflow/dags/train_dag.py
[2025-04-29T17:30:16.160+0000] {logging_mixin.py:190} INFO - [2025-04-29T17:30:16.159+0000] {dag.py:3239} INFO - Sync 1 DAGs
[2025-04-29T17:30:16.183+0000] {logging_mixin.py:190} INFO - [2025-04-29T17:30:16.182+0000] {dag.py:4180} INFO - Setting next_dagrun for training to 2025-04-28 00:00:00+00:00, run_after=2025-04-29 00:00:00+00:00
[2025-04-29T17:30:16.195+0000] {processor.py:208} INFO - Processing /opt/airflow/dags/train_dag.py took 0.143 seconds
[2025-04-29T17:30:46.576+0000] {processor.py:186} INFO - Started process (PID=2393) to work on /opt/airflow/dags/train_dag.py
[2025-04-29T17:30:46.578+0000] {processor.py:914} INFO - Processing file /opt/airflow/dags/train_dag.py for tasks to queue
[2025-04-29T17:30:46.581+0000] {logging_mixin.py:190} INFO - [2025-04-29T17:30:46.581+0000] {dagbag.py:588} INFO - Filling up the DagBag from /opt/airflow/dags/train_dag.py
[2025-04-29T17:30:46.602+0000] {processor.py:925} INFO - DAG(s) 'training' retrieved from /opt/airflow/dags/train_dag.py
[2025-04-29T17:30:46.628+0000] {logging_mixin.py:190} INFO - [2025-04-29T17:30:46.628+0000] {dag.py:3239} INFO - Sync 1 DAGs
[2025-04-29T17:30:46.648+0000] {logging_mixin.py:190} INFO - [2025-04-29T17:30:46.648+0000] {dag.py:4180} INFO - Setting next_dagrun for training to 2025-04-28 00:00:00+00:00, run_after=2025-04-29 00:00:00+00:00
[2025-04-29T17:30:46.660+0000] {processor.py:208} INFO - Processing /opt/airflow/dags/train_dag.py took 0.091 seconds
[2025-04-29T17:31:17.324+0000] {processor.py:186} INFO - Started process (PID=2466) to work on /opt/airflow/dags/train_dag.py
[2025-04-29T17:31:17.335+0000] {processor.py:914} INFO - Processing file /opt/airflow/dags/train_dag.py for tasks to queue
[2025-04-29T17:31:17.344+0000] {logging_mixin.py:190} INFO - [2025-04-29T17:31:17.344+0000] {dagbag.py:588} INFO - Filling up the DagBag from /opt/airflow/dags/train_dag.py
[2025-04-29T17:31:17.393+0000] {processor.py:925} INFO - DAG(s) 'training' retrieved from /opt/airflow/dags/train_dag.py
[2025-04-29T17:31:17.426+0000] {logging_mixin.py:190} INFO - [2025-04-29T17:31:17.426+0000] {dag.py:3239} INFO - Sync 1 DAGs
[2025-04-29T17:31:17.667+0000] {logging_mixin.py:190} INFO - [2025-04-29T17:31:17.666+0000] {dag.py:4180} INFO - Setting next_dagrun for training to 2025-04-28 00:00:00+00:00, run_after=2025-04-29 00:00:00+00:00
[2025-04-29T17:31:17.707+0000] {processor.py:208} INFO - Processing /opt/airflow/dags/train_dag.py took 0.405 seconds
[2025-04-29T17:32:38.263+0000] {processor.py:186} INFO - Started process (PID=2539) to work on /opt/airflow/dags/train_dag.py
[2025-04-29T17:32:38.266+0000] {processor.py:914} INFO - Processing file /opt/airflow/dags/train_dag.py for tasks to queue
[2025-04-29T17:32:38.272+0000] {logging_mixin.py:190} INFO - [2025-04-29T17:32:38.270+0000] {dagbag.py:588} INFO - Filling up the DagBag from /opt/airflow/dags/train_dag.py
[2025-04-29T17:32:38.335+0000] {processor.py:925} INFO - DAG(s) 'training' retrieved from /opt/airflow/dags/train_dag.py
[2025-04-29T17:32:38.394+0000] {logging_mixin.py:190} INFO - [2025-04-29T17:32:38.394+0000] {dag.py:3239} INFO - Sync 1 DAGs
[2025-04-29T17:32:38.509+0000] {logging_mixin.py:190} INFO - [2025-04-29T17:32:38.509+0000] {dag.py:4180} INFO - Setting next_dagrun for training to 2025-04-28 00:00:00+00:00, run_after=2025-04-29 00:00:00+00:00
[2025-04-29T17:32:38.570+0000] {processor.py:208} INFO - Processing /opt/airflow/dags/train_dag.py took 0.315 seconds
[2025-04-29T17:33:09.594+0000] {processor.py:186} INFO - Started process (PID=2610) to work on /opt/airflow/dags/train_dag.py
[2025-04-29T17:33:09.596+0000] {processor.py:914} INFO - Processing file /opt/airflow/dags/train_dag.py for tasks to queue
[2025-04-29T17:33:09.602+0000] {logging_mixin.py:190} INFO - [2025-04-29T17:33:09.601+0000] {dagbag.py:588} INFO - Filling up the DagBag from /opt/airflow/dags/train_dag.py
[2025-04-29T17:33:09.631+0000] {processor.py:925} INFO - DAG(s) 'training' retrieved from /opt/airflow/dags/train_dag.py
[2025-04-29T17:33:09.679+0000] {logging_mixin.py:190} INFO - [2025-04-29T17:33:09.679+0000] {dag.py:3239} INFO - Sync 1 DAGs
[2025-04-29T17:33:09.711+0000] {logging_mixin.py:190} INFO - [2025-04-29T17:33:09.710+0000] {dag.py:4180} INFO - Setting next_dagrun for training to 2025-04-28 00:00:00+00:00, run_after=2025-04-29 00:00:00+00:00
[2025-04-29T17:33:09.743+0000] {processor.py:208} INFO - Processing /opt/airflow/dags/train_dag.py took 0.178 seconds
[2025-04-29T17:33:39.974+0000] {processor.py:186} INFO - Started process (PID=2683) to work on /opt/airflow/dags/train_dag.py
[2025-04-29T17:33:39.977+0000] {processor.py:914} INFO - Processing file /opt/airflow/dags/train_dag.py for tasks to queue
[2025-04-29T17:33:39.980+0000] {logging_mixin.py:190} INFO - [2025-04-29T17:33:39.980+0000] {dagbag.py:588} INFO - Filling up the DagBag from /opt/airflow/dags/train_dag.py
[2025-04-29T17:33:40.004+0000] {processor.py:925} INFO - DAG(s) 'training' retrieved from /opt/airflow/dags/train_dag.py
[2025-04-29T17:33:40.021+0000] {logging_mixin.py:190} INFO - [2025-04-29T17:33:40.021+0000] {dag.py:3239} INFO - Sync 1 DAGs
[2025-04-29T17:33:40.039+0000] {logging_mixin.py:190} INFO - [2025-04-29T17:33:40.039+0000] {dag.py:4180} INFO - Setting next_dagrun for training to 2025-04-28 00:00:00+00:00, run_after=2025-04-29 00:00:00+00:00
[2025-04-29T17:33:40.050+0000] {processor.py:208} INFO - Processing /opt/airflow/dags/train_dag.py took 0.091 seconds
[2025-04-29T17:34:10.493+0000] {processor.py:186} INFO - Started process (PID=2756) to work on /opt/airflow/dags/train_dag.py
[2025-04-29T17:34:10.496+0000] {processor.py:914} INFO - Processing file /opt/airflow/dags/train_dag.py for tasks to queue
[2025-04-29T17:34:10.502+0000] {logging_mixin.py:190} INFO - [2025-04-29T17:34:10.501+0000] {dagbag.py:588} INFO - Filling up the DagBag from /opt/airflow/dags/train_dag.py
[2025-04-29T17:34:10.523+0000] {processor.py:925} INFO - DAG(s) 'training' retrieved from /opt/airflow/dags/train_dag.py
[2025-04-29T17:34:10.545+0000] {logging_mixin.py:190} INFO - [2025-04-29T17:34:10.544+0000] {dag.py:3239} INFO - Sync 1 DAGs
[2025-04-29T17:34:10.562+0000] {logging_mixin.py:190} INFO - [2025-04-29T17:34:10.561+0000] {dag.py:4180} INFO - Setting next_dagrun for training to 2025-04-28 00:00:00+00:00, run_after=2025-04-29 00:00:00+00:00
[2025-04-29T17:34:10.577+0000] {processor.py:208} INFO - Processing /opt/airflow/dags/train_dag.py took 0.090 seconds
[2025-04-29T17:34:41.116+0000] {processor.py:186} INFO - Started process (PID=2829) to work on /opt/airflow/dags/train_dag.py
[2025-04-29T17:34:41.121+0000] {processor.py:914} INFO - Processing file /opt/airflow/dags/train_dag.py for tasks to queue
[2025-04-29T17:34:41.134+0000] {logging_mixin.py:190} INFO - [2025-04-29T17:34:41.134+0000] {dagbag.py:588} INFO - Filling up the DagBag from /opt/airflow/dags/train_dag.py
[2025-04-29T17:34:41.166+0000] {processor.py:925} INFO - DAG(s) 'training' retrieved from /opt/airflow/dags/train_dag.py
[2025-04-29T17:34:41.215+0000] {logging_mixin.py:190} INFO - [2025-04-29T17:34:41.215+0000] {dag.py:3239} INFO - Sync 1 DAGs
[2025-04-29T17:34:41.249+0000] {logging_mixin.py:190} INFO - [2025-04-29T17:34:41.249+0000] {dag.py:4180} INFO - Setting next_dagrun for training to 2025-04-28 00:00:00+00:00, run_after=2025-04-29 00:00:00+00:00
[2025-04-29T17:34:41.264+0000] {processor.py:208} INFO - Processing /opt/airflow/dags/train_dag.py took 0.165 seconds
[2025-04-29T17:35:12.246+0000] {processor.py:186} INFO - Started process (PID=2902) to work on /opt/airflow/dags/train_dag.py
[2025-04-29T17:35:12.248+0000] {processor.py:914} INFO - Processing file /opt/airflow/dags/train_dag.py for tasks to queue
[2025-04-29T17:35:12.253+0000] {logging_mixin.py:190} INFO - [2025-04-29T17:35:12.252+0000] {dagbag.py:588} INFO - Filling up the DagBag from /opt/airflow/dags/train_dag.py
[2025-04-29T17:35:12.271+0000] {processor.py:925} INFO - DAG(s) 'training' retrieved from /opt/airflow/dags/train_dag.py
[2025-04-29T17:35:12.293+0000] {logging_mixin.py:190} INFO - [2025-04-29T17:35:12.293+0000] {dag.py:3239} INFO - Sync 1 DAGs
[2025-04-29T17:35:12.309+0000] {logging_mixin.py:190} INFO - [2025-04-29T17:35:12.308+0000] {dag.py:4180} INFO - Setting next_dagrun for training to 2025-04-28 00:00:00+00:00, run_after=2025-04-29 00:00:00+00:00
[2025-04-29T17:35:12.327+0000] {processor.py:208} INFO - Processing /opt/airflow/dags/train_dag.py took 0.088 seconds
[2025-04-29T17:35:43.032+0000] {processor.py:186} INFO - Started process (PID=2975) to work on /opt/airflow/dags/train_dag.py
[2025-04-29T17:35:43.035+0000] {processor.py:914} INFO - Processing file /opt/airflow/dags/train_dag.py for tasks to queue
[2025-04-29T17:35:43.042+0000] {logging_mixin.py:190} INFO - [2025-04-29T17:35:43.041+0000] {dagbag.py:588} INFO - Filling up the DagBag from /opt/airflow/dags/train_dag.py
[2025-04-29T17:35:43.062+0000] {processor.py:925} INFO - DAG(s) 'training' retrieved from /opt/airflow/dags/train_dag.py
[2025-04-29T17:35:43.092+0000] {logging_mixin.py:190} INFO - [2025-04-29T17:35:43.091+0000] {dag.py:3239} INFO - Sync 1 DAGs
[2025-04-29T17:35:43.113+0000] {logging_mixin.py:190} INFO - [2025-04-29T17:35:43.113+0000] {dag.py:4180} INFO - Setting next_dagrun for training to 2025-04-28 00:00:00+00:00, run_after=2025-04-29 00:00:00+00:00
[2025-04-29T17:35:43.127+0000] {processor.py:208} INFO - Processing /opt/airflow/dags/train_dag.py took 0.112 seconds
[2025-04-29T17:36:13.604+0000] {processor.py:186} INFO - Started process (PID=3048) to work on /opt/airflow/dags/train_dag.py
[2025-04-29T17:36:13.609+0000] {processor.py:914} INFO - Processing file /opt/airflow/dags/train_dag.py for tasks to queue
[2025-04-29T17:36:13.614+0000] {logging_mixin.py:190} INFO - [2025-04-29T17:36:13.613+0000] {dagbag.py:588} INFO - Filling up the DagBag from /opt/airflow/dags/train_dag.py
[2025-04-29T17:36:13.637+0000] {processor.py:925} INFO - DAG(s) 'training' retrieved from /opt/airflow/dags/train_dag.py
[2025-04-29T17:36:13.673+0000] {logging_mixin.py:190} INFO - [2025-04-29T17:36:13.673+0000] {dag.py:3239} INFO - Sync 1 DAGs
[2025-04-29T17:36:13.706+0000] {logging_mixin.py:190} INFO - [2025-04-29T17:36:13.706+0000] {dag.py:4180} INFO - Setting next_dagrun for training to 2025-04-28 00:00:00+00:00, run_after=2025-04-29 00:00:00+00:00
[2025-04-29T17:36:13.721+0000] {processor.py:208} INFO - Processing /opt/airflow/dags/train_dag.py took 0.132 seconds
[2025-04-29T17:36:44.171+0000] {processor.py:186} INFO - Started process (PID=3121) to work on /opt/airflow/dags/train_dag.py
[2025-04-29T17:36:44.175+0000] {processor.py:914} INFO - Processing file /opt/airflow/dags/train_dag.py for tasks to queue
[2025-04-29T17:36:44.181+0000] {logging_mixin.py:190} INFO - [2025-04-29T17:36:44.180+0000] {dagbag.py:588} INFO - Filling up the DagBag from /opt/airflow/dags/train_dag.py
[2025-04-29T17:36:44.239+0000] {processor.py:925} INFO - DAG(s) 'training' retrieved from /opt/airflow/dags/train_dag.py
[2025-04-29T17:36:44.297+0000] {logging_mixin.py:190} INFO - [2025-04-29T17:36:44.297+0000] {dag.py:3239} INFO - Sync 1 DAGs
[2025-04-29T17:36:44.445+0000] {logging_mixin.py:190} INFO - [2025-04-29T17:36:44.445+0000] {dag.py:4180} INFO - Setting next_dagrun for training to 2025-04-28 00:00:00+00:00, run_after=2025-04-29 00:00:00+00:00
[2025-04-29T17:36:44.481+0000] {processor.py:208} INFO - Processing /opt/airflow/dags/train_dag.py took 0.339 seconds
[2025-04-29T17:37:14.661+0000] {processor.py:186} INFO - Started process (PID=3193) to work on /opt/airflow/dags/train_dag.py
[2025-04-29T17:37:14.674+0000] {processor.py:914} INFO - Processing file /opt/airflow/dags/train_dag.py for tasks to queue
[2025-04-29T17:37:14.712+0000] {logging_mixin.py:190} INFO - [2025-04-29T17:37:14.710+0000] {dagbag.py:588} INFO - Filling up the DagBag from /opt/airflow/dags/train_dag.py
[2025-04-29T17:37:14.794+0000] {processor.py:925} INFO - DAG(s) 'training' retrieved from /opt/airflow/dags/train_dag.py
[2025-04-29T17:37:14.879+0000] {logging_mixin.py:190} INFO - [2025-04-29T17:37:14.879+0000] {dag.py:3239} INFO - Sync 1 DAGs
[2025-04-29T17:37:14.948+0000] {logging_mixin.py:190} INFO - [2025-04-29T17:37:14.948+0000] {dag.py:4180} INFO - Setting next_dagrun for training to 2025-04-28 00:00:00+00:00, run_after=2025-04-29 00:00:00+00:00
[2025-04-29T17:37:14.994+0000] {processor.py:208} INFO - Processing /opt/airflow/dags/train_dag.py took 0.410 seconds
[2025-04-29T17:37:45.239+0000] {processor.py:186} INFO - Started process (PID=3266) to work on /opt/airflow/dags/train_dag.py
[2025-04-29T17:37:45.312+0000] {processor.py:914} INFO - Processing file /opt/airflow/dags/train_dag.py for tasks to queue
[2025-04-29T17:37:45.317+0000] {logging_mixin.py:190} INFO - [2025-04-29T17:37:45.316+0000] {dagbag.py:588} INFO - Filling up the DagBag from /opt/airflow/dags/train_dag.py
[2025-04-29T17:37:45.347+0000] {processor.py:925} INFO - DAG(s) 'training' retrieved from /opt/airflow/dags/train_dag.py
[2025-04-29T17:37:45.399+0000] {logging_mixin.py:190} INFO - [2025-04-29T17:37:45.399+0000] {dag.py:3239} INFO - Sync 1 DAGs
[2025-04-29T17:37:45.436+0000] {logging_mixin.py:190} INFO - [2025-04-29T17:37:45.436+0000] {dag.py:4180} INFO - Setting next_dagrun for training to 2025-04-28 00:00:00+00:00, run_after=2025-04-29 00:00:00+00:00
[2025-04-29T17:37:45.470+0000] {processor.py:208} INFO - Processing /opt/airflow/dags/train_dag.py took 0.245 seconds
[2025-04-29T17:38:15.831+0000] {processor.py:186} INFO - Started process (PID=3339) to work on /opt/airflow/dags/train_dag.py
[2025-04-29T17:38:15.832+0000] {processor.py:914} INFO - Processing file /opt/airflow/dags/train_dag.py for tasks to queue
[2025-04-29T17:38:15.835+0000] {logging_mixin.py:190} INFO - [2025-04-29T17:38:15.834+0000] {dagbag.py:588} INFO - Filling up the DagBag from /opt/airflow/dags/train_dag.py
[2025-04-29T17:38:15.848+0000] {processor.py:925} INFO - DAG(s) 'training' retrieved from /opt/airflow/dags/train_dag.py
[2025-04-29T17:38:15.866+0000] {logging_mixin.py:190} INFO - [2025-04-29T17:38:15.866+0000] {dag.py:3239} INFO - Sync 1 DAGs
[2025-04-29T17:38:15.880+0000] {logging_mixin.py:190} INFO - [2025-04-29T17:38:15.880+0000] {dag.py:4180} INFO - Setting next_dagrun for training to 2025-04-28 00:00:00+00:00, run_after=2025-04-29 00:00:00+00:00
[2025-04-29T17:38:15.890+0000] {processor.py:208} INFO - Processing /opt/airflow/dags/train_dag.py took 0.070 seconds
[2025-04-29T17:38:46.108+0000] {processor.py:186} INFO - Started process (PID=3412) to work on /opt/airflow/dags/train_dag.py
[2025-04-29T17:38:46.110+0000] {processor.py:914} INFO - Processing file /opt/airflow/dags/train_dag.py for tasks to queue
[2025-04-29T17:38:46.115+0000] {logging_mixin.py:190} INFO - [2025-04-29T17:38:46.115+0000] {dagbag.py:588} INFO - Filling up the DagBag from /opt/airflow/dags/train_dag.py
[2025-04-29T17:38:46.144+0000] {processor.py:925} INFO - DAG(s) 'training' retrieved from /opt/airflow/dags/train_dag.py
[2025-04-29T17:38:46.178+0000] {logging_mixin.py:190} INFO - [2025-04-29T17:38:46.178+0000] {dag.py:3239} INFO - Sync 1 DAGs
[2025-04-29T17:38:46.198+0000] {logging_mixin.py:190} INFO - [2025-04-29T17:38:46.198+0000] {dag.py:4180} INFO - Setting next_dagrun for training to 2025-04-28 00:00:00+00:00, run_after=2025-04-29 00:00:00+00:00
[2025-04-29T17:38:46.219+0000] {processor.py:208} INFO - Processing /opt/airflow/dags/train_dag.py took 0.119 seconds
[2025-04-29T17:39:16.352+0000] {processor.py:186} INFO - Started process (PID=3485) to work on /opt/airflow/dags/train_dag.py
[2025-04-29T17:39:16.354+0000] {processor.py:914} INFO - Processing file /opt/airflow/dags/train_dag.py for tasks to queue
[2025-04-29T17:39:16.357+0000] {logging_mixin.py:190} INFO - [2025-04-29T17:39:16.356+0000] {dagbag.py:588} INFO - Filling up the DagBag from /opt/airflow/dags/train_dag.py
[2025-04-29T17:39:16.372+0000] {processor.py:925} INFO - DAG(s) 'training' retrieved from /opt/airflow/dags/train_dag.py
[2025-04-29T17:39:16.397+0000] {logging_mixin.py:190} INFO - [2025-04-29T17:39:16.397+0000] {dag.py:3239} INFO - Sync 1 DAGs
[2025-04-29T17:39:16.414+0000] {logging_mixin.py:190} INFO - [2025-04-29T17:39:16.414+0000] {dag.py:4180} INFO - Setting next_dagrun for training to 2025-04-28 00:00:00+00:00, run_after=2025-04-29 00:00:00+00:00
[2025-04-29T17:39:16.428+0000] {processor.py:208} INFO - Processing /opt/airflow/dags/train_dag.py took 0.084 seconds
[2025-04-29T17:42:16.487+0000] {processor.py:186} INFO - Started process (PID=3549) to work on /opt/airflow/dags/train_dag.py
[2025-04-29T17:42:16.490+0000] {processor.py:914} INFO - Processing file /opt/airflow/dags/train_dag.py for tasks to queue
[2025-04-29T17:42:16.508+0000] {logging_mixin.py:190} INFO - [2025-04-29T17:42:16.506+0000] {dagbag.py:588} INFO - Filling up the DagBag from /opt/airflow/dags/train_dag.py
[2025-04-29T17:42:16.564+0000] {processor.py:925} INFO - DAG(s) 'training' retrieved from /opt/airflow/dags/train_dag.py
[2025-04-29T17:42:16.656+0000] {logging_mixin.py:190} INFO - [2025-04-29T17:42:16.655+0000] {dag.py:3239} INFO - Sync 1 DAGs
[2025-04-29T17:42:16.759+0000] {logging_mixin.py:190} INFO - [2025-04-29T17:42:16.755+0000] {dag.py:4180} INFO - Setting next_dagrun for training to 2025-04-28 00:00:00+00:00, run_after=2025-04-29 00:00:00+00:00
[2025-04-29T17:42:16.784+0000] {processor.py:208} INFO - Processing /opt/airflow/dags/train_dag.py took 0.310 seconds
[2025-04-29T17:42:47.322+0000] {processor.py:186} INFO - Started process (PID=3621) to work on /opt/airflow/dags/train_dag.py
[2025-04-29T17:42:47.329+0000] {processor.py:914} INFO - Processing file /opt/airflow/dags/train_dag.py for tasks to queue
[2025-04-29T17:42:47.335+0000] {logging_mixin.py:190} INFO - [2025-04-29T17:42:47.334+0000] {dagbag.py:588} INFO - Filling up the DagBag from /opt/airflow/dags/train_dag.py
[2025-04-29T17:42:47.360+0000] {processor.py:925} INFO - DAG(s) 'training' retrieved from /opt/airflow/dags/train_dag.py
[2025-04-29T17:42:47.391+0000] {logging_mixin.py:190} INFO - [2025-04-29T17:42:47.391+0000] {dag.py:3239} INFO - Sync 1 DAGs
[2025-04-29T17:42:47.418+0000] {logging_mixin.py:190} INFO - [2025-04-29T17:42:47.418+0000] {dag.py:4180} INFO - Setting next_dagrun for training to 2025-04-28 00:00:00+00:00, run_after=2025-04-29 00:00:00+00:00
[2025-04-29T17:42:47.440+0000] {processor.py:208} INFO - Processing /opt/airflow/dags/train_dag.py took 0.135 seconds
[2025-04-29T17:43:18.479+0000] {processor.py:186} INFO - Started process (PID=3694) to work on /opt/airflow/dags/train_dag.py
[2025-04-29T17:43:18.481+0000] {processor.py:914} INFO - Processing file /opt/airflow/dags/train_dag.py for tasks to queue
[2025-04-29T17:43:18.491+0000] {logging_mixin.py:190} INFO - [2025-04-29T17:43:18.491+0000] {dagbag.py:588} INFO - Filling up the DagBag from /opt/airflow/dags/train_dag.py
[2025-04-29T17:43:18.517+0000] {processor.py:925} INFO - DAG(s) 'training' retrieved from /opt/airflow/dags/train_dag.py
[2025-04-29T17:43:18.546+0000] {logging_mixin.py:190} INFO - [2025-04-29T17:43:18.545+0000] {dag.py:3239} INFO - Sync 1 DAGs
[2025-04-29T17:43:18.577+0000] {logging_mixin.py:190} INFO - [2025-04-29T17:43:18.577+0000] {dag.py:4180} INFO - Setting next_dagrun for training to 2025-04-28 00:00:00+00:00, run_after=2025-04-29 00:00:00+00:00
[2025-04-29T17:43:18.590+0000] {processor.py:208} INFO - Processing /opt/airflow/dags/train_dag.py took 0.133 seconds
[2025-04-29T17:43:49.589+0000] {processor.py:186} INFO - Started process (PID=3767) to work on /opt/airflow/dags/train_dag.py
[2025-04-29T17:43:49.592+0000] {processor.py:914} INFO - Processing file /opt/airflow/dags/train_dag.py for tasks to queue
[2025-04-29T17:43:49.598+0000] {logging_mixin.py:190} INFO - [2025-04-29T17:43:49.598+0000] {dagbag.py:588} INFO - Filling up the DagBag from /opt/airflow/dags/train_dag.py
[2025-04-29T17:43:49.626+0000] {processor.py:925} INFO - DAG(s) 'training' retrieved from /opt/airflow/dags/train_dag.py
[2025-04-29T17:43:49.666+0000] {logging_mixin.py:190} INFO - [2025-04-29T17:43:49.666+0000] {dag.py:3239} INFO - Sync 1 DAGs
[2025-04-29T17:43:49.692+0000] {logging_mixin.py:190} INFO - [2025-04-29T17:43:49.692+0000] {dag.py:4180} INFO - Setting next_dagrun for training to 2025-04-28 00:00:00+00:00, run_after=2025-04-29 00:00:00+00:00
[2025-04-29T17:43:49.708+0000] {processor.py:208} INFO - Processing /opt/airflow/dags/train_dag.py took 0.138 seconds
[2025-04-29T17:44:20.217+0000] {processor.py:186} INFO - Started process (PID=3840) to work on /opt/airflow/dags/train_dag.py
[2025-04-29T17:44:20.219+0000] {processor.py:914} INFO - Processing file /opt/airflow/dags/train_dag.py for tasks to queue
[2025-04-29T17:44:20.228+0000] {logging_mixin.py:190} INFO - [2025-04-29T17:44:20.227+0000] {dagbag.py:588} INFO - Filling up the DagBag from /opt/airflow/dags/train_dag.py
[2025-04-29T17:44:20.252+0000] {processor.py:925} INFO - DAG(s) 'training' retrieved from /opt/airflow/dags/train_dag.py
[2025-04-29T17:44:20.277+0000] {logging_mixin.py:190} INFO - [2025-04-29T17:44:20.277+0000] {dag.py:3239} INFO - Sync 1 DAGs
[2025-04-29T17:44:20.304+0000] {logging_mixin.py:190} INFO - [2025-04-29T17:44:20.304+0000] {dag.py:4180} INFO - Setting next_dagrun for training to 2025-04-28 00:00:00+00:00, run_after=2025-04-29 00:00:00+00:00
[2025-04-29T17:44:20.317+0000] {processor.py:208} INFO - Processing /opt/airflow/dags/train_dag.py took 0.116 seconds
[2025-04-29T17:44:50.853+0000] {processor.py:186} INFO - Started process (PID=3913) to work on /opt/airflow/dags/train_dag.py
[2025-04-29T17:44:50.856+0000] {processor.py:914} INFO - Processing file /opt/airflow/dags/train_dag.py for tasks to queue
[2025-04-29T17:44:50.865+0000] {logging_mixin.py:190} INFO - [2025-04-29T17:44:50.865+0000] {dagbag.py:588} INFO - Filling up the DagBag from /opt/airflow/dags/train_dag.py
[2025-04-29T17:44:50.887+0000] {processor.py:925} INFO - DAG(s) 'training' retrieved from /opt/airflow/dags/train_dag.py
[2025-04-29T17:44:50.918+0000] {logging_mixin.py:190} INFO - [2025-04-29T17:44:50.918+0000] {dag.py:3239} INFO - Sync 1 DAGs
[2025-04-29T17:44:50.947+0000] {logging_mixin.py:190} INFO - [2025-04-29T17:44:50.947+0000] {dag.py:4180} INFO - Setting next_dagrun for training to 2025-04-28 00:00:00+00:00, run_after=2025-04-29 00:00:00+00:00
[2025-04-29T17:44:50.961+0000] {processor.py:208} INFO - Processing /opt/airflow/dags/train_dag.py took 0.123 seconds
[2025-04-29T17:45:21.113+0000] {processor.py:186} INFO - Started process (PID=3986) to work on /opt/airflow/dags/train_dag.py
[2025-04-29T17:45:21.120+0000] {processor.py:914} INFO - Processing file /opt/airflow/dags/train_dag.py for tasks to queue
[2025-04-29T17:45:21.129+0000] {logging_mixin.py:190} INFO - [2025-04-29T17:45:21.128+0000] {dagbag.py:588} INFO - Filling up the DagBag from /opt/airflow/dags/train_dag.py
[2025-04-29T17:45:21.162+0000] {processor.py:925} INFO - DAG(s) 'training' retrieved from /opt/airflow/dags/train_dag.py
[2025-04-29T17:45:21.194+0000] {logging_mixin.py:190} INFO - [2025-04-29T17:45:21.194+0000] {dag.py:3239} INFO - Sync 1 DAGs
[2025-04-29T17:45:21.221+0000] {logging_mixin.py:190} INFO - [2025-04-29T17:45:21.220+0000] {dag.py:4180} INFO - Setting next_dagrun for training to 2025-04-28 00:00:00+00:00, run_after=2025-04-29 00:00:00+00:00
[2025-04-29T17:45:21.239+0000] {processor.py:208} INFO - Processing /opt/airflow/dags/train_dag.py took 0.141 seconds
[2025-04-29T17:45:51.767+0000] {processor.py:186} INFO - Started process (PID=4058) to work on /opt/airflow/dags/train_dag.py
[2025-04-29T17:45:51.769+0000] {processor.py:914} INFO - Processing file /opt/airflow/dags/train_dag.py for tasks to queue
[2025-04-29T17:45:51.777+0000] {logging_mixin.py:190} INFO - [2025-04-29T17:45:51.776+0000] {dagbag.py:588} INFO - Filling up the DagBag from /opt/airflow/dags/train_dag.py
[2025-04-29T17:45:51.805+0000] {processor.py:925} INFO - DAG(s) 'training' retrieved from /opt/airflow/dags/train_dag.py
[2025-04-29T17:45:51.840+0000] {logging_mixin.py:190} INFO - [2025-04-29T17:45:51.840+0000] {dag.py:3239} INFO - Sync 1 DAGs
[2025-04-29T17:45:51.865+0000] {logging_mixin.py:190} INFO - [2025-04-29T17:45:51.865+0000] {dag.py:4180} INFO - Setting next_dagrun for training to 2025-04-28 00:00:00+00:00, run_after=2025-04-29 00:00:00+00:00
[2025-04-29T17:45:51.878+0000] {processor.py:208} INFO - Processing /opt/airflow/dags/train_dag.py took 0.123 seconds
[2025-04-29T17:46:22.408+0000] {processor.py:186} INFO - Started process (PID=4131) to work on /opt/airflow/dags/train_dag.py
[2025-04-29T17:46:22.410+0000] {processor.py:914} INFO - Processing file /opt/airflow/dags/train_dag.py for tasks to queue
[2025-04-29T17:46:22.417+0000] {logging_mixin.py:190} INFO - [2025-04-29T17:46:22.416+0000] {dagbag.py:588} INFO - Filling up the DagBag from /opt/airflow/dags/train_dag.py
[2025-04-29T17:46:22.444+0000] {processor.py:925} INFO - DAG(s) 'training' retrieved from /opt/airflow/dags/train_dag.py
[2025-04-29T17:46:22.482+0000] {logging_mixin.py:190} INFO - [2025-04-29T17:46:22.482+0000] {dag.py:3239} INFO - Sync 1 DAGs
[2025-04-29T17:46:22.509+0000] {logging_mixin.py:190} INFO - [2025-04-29T17:46:22.508+0000] {dag.py:4180} INFO - Setting next_dagrun for training to 2025-04-28 00:00:00+00:00, run_after=2025-04-29 00:00:00+00:00
[2025-04-29T17:46:22.525+0000] {processor.py:208} INFO - Processing /opt/airflow/dags/train_dag.py took 0.138 seconds
[2025-04-29T17:46:52.614+0000] {processor.py:186} INFO - Started process (PID=4204) to work on /opt/airflow/dags/train_dag.py
[2025-04-29T17:46:52.615+0000] {processor.py:914} INFO - Processing file /opt/airflow/dags/train_dag.py for tasks to queue
[2025-04-29T17:46:52.619+0000] {logging_mixin.py:190} INFO - [2025-04-29T17:46:52.619+0000] {dagbag.py:588} INFO - Filling up the DagBag from /opt/airflow/dags/train_dag.py
[2025-04-29T17:46:52.637+0000] {processor.py:925} INFO - DAG(s) 'training' retrieved from /opt/airflow/dags/train_dag.py
[2025-04-29T17:46:52.662+0000] {logging_mixin.py:190} INFO - [2025-04-29T17:46:52.662+0000] {dag.py:3239} INFO - Sync 1 DAGs
[2025-04-29T17:46:52.687+0000] {logging_mixin.py:190} INFO - [2025-04-29T17:46:52.687+0000] {dag.py:4180} INFO - Setting next_dagrun for training to 2025-04-28 00:00:00+00:00, run_after=2025-04-29 00:00:00+00:00
[2025-04-29T17:46:52.702+0000] {processor.py:208} INFO - Processing /opt/airflow/dags/train_dag.py took 0.096 seconds
[2025-04-29T17:47:22.813+0000] {processor.py:186} INFO - Started process (PID=4277) to work on /opt/airflow/dags/train_dag.py
[2025-04-29T17:47:22.815+0000] {processor.py:914} INFO - Processing file /opt/airflow/dags/train_dag.py for tasks to queue
[2025-04-29T17:47:22.819+0000] {logging_mixin.py:190} INFO - [2025-04-29T17:47:22.818+0000] {dagbag.py:588} INFO - Filling up the DagBag from /opt/airflow/dags/train_dag.py
[2025-04-29T17:47:22.853+0000] {processor.py:925} INFO - DAG(s) 'training' retrieved from /opt/airflow/dags/train_dag.py
[2025-04-29T17:47:22.883+0000] {logging_mixin.py:190} INFO - [2025-04-29T17:47:22.883+0000] {dag.py:3239} INFO - Sync 1 DAGs
[2025-04-29T17:47:22.908+0000] {logging_mixin.py:190} INFO - [2025-04-29T17:47:22.908+0000] {dag.py:4180} INFO - Setting next_dagrun for training to 2025-04-28 00:00:00+00:00, run_after=2025-04-29 00:00:00+00:00
[2025-04-29T17:47:22.924+0000] {processor.py:208} INFO - Processing /opt/airflow/dags/train_dag.py took 0.122 seconds
[2025-04-29T17:47:53.684+0000] {processor.py:186} INFO - Started process (PID=4350) to work on /opt/airflow/dags/train_dag.py
[2025-04-29T17:47:53.686+0000] {processor.py:914} INFO - Processing file /opt/airflow/dags/train_dag.py for tasks to queue
[2025-04-29T17:47:53.690+0000] {logging_mixin.py:190} INFO - [2025-04-29T17:47:53.690+0000] {dagbag.py:588} INFO - Filling up the DagBag from /opt/airflow/dags/train_dag.py
[2025-04-29T17:47:53.715+0000] {processor.py:925} INFO - DAG(s) 'training' retrieved from /opt/airflow/dags/train_dag.py
[2025-04-29T17:47:53.748+0000] {logging_mixin.py:190} INFO - [2025-04-29T17:47:53.748+0000] {dag.py:3239} INFO - Sync 1 DAGs
[2025-04-29T17:47:53.776+0000] {logging_mixin.py:190} INFO - [2025-04-29T17:47:53.776+0000] {dag.py:4180} INFO - Setting next_dagrun for training to 2025-04-28 00:00:00+00:00, run_after=2025-04-29 00:00:00+00:00
[2025-04-29T17:47:53.792+0000] {processor.py:208} INFO - Processing /opt/airflow/dags/train_dag.py took 0.119 seconds
[2025-04-29T17:48:23.874+0000] {processor.py:186} INFO - Started process (PID=4423) to work on /opt/airflow/dags/train_dag.py
[2025-04-29T17:48:23.877+0000] {processor.py:914} INFO - Processing file /opt/airflow/dags/train_dag.py for tasks to queue
[2025-04-29T17:48:23.881+0000] {logging_mixin.py:190} INFO - [2025-04-29T17:48:23.881+0000] {dagbag.py:588} INFO - Filling up the DagBag from /opt/airflow/dags/train_dag.py
[2025-04-29T17:48:23.906+0000] {processor.py:925} INFO - DAG(s) 'training' retrieved from /opt/airflow/dags/train_dag.py
[2025-04-29T17:48:23.940+0000] {logging_mixin.py:190} INFO - [2025-04-29T17:48:23.940+0000] {dag.py:3239} INFO - Sync 1 DAGs
[2025-04-29T17:48:23.966+0000] {logging_mixin.py:190} INFO - [2025-04-29T17:48:23.966+0000] {dag.py:4180} INFO - Setting next_dagrun for training to 2025-04-28 00:00:00+00:00, run_after=2025-04-29 00:00:00+00:00
[2025-04-29T17:48:23.979+0000] {processor.py:208} INFO - Processing /opt/airflow/dags/train_dag.py took 0.118 seconds
[2025-04-29T17:48:54.058+0000] {processor.py:186} INFO - Started process (PID=4496) to work on /opt/airflow/dags/train_dag.py
[2025-04-29T17:48:54.062+0000] {processor.py:914} INFO - Processing file /opt/airflow/dags/train_dag.py for tasks to queue
[2025-04-29T17:48:54.066+0000] {logging_mixin.py:190} INFO - [2025-04-29T17:48:54.065+0000] {dagbag.py:588} INFO - Filling up the DagBag from /opt/airflow/dags/train_dag.py
[2025-04-29T17:48:54.079+0000] {processor.py:925} INFO - DAG(s) 'training' retrieved from /opt/airflow/dags/train_dag.py
[2025-04-29T17:48:54.103+0000] {logging_mixin.py:190} INFO - [2025-04-29T17:48:54.103+0000] {dag.py:3239} INFO - Sync 1 DAGs
[2025-04-29T17:48:54.118+0000] {logging_mixin.py:190} INFO - [2025-04-29T17:48:54.118+0000] {dag.py:4180} INFO - Setting next_dagrun for training to 2025-04-28 00:00:00+00:00, run_after=2025-04-29 00:00:00+00:00
[2025-04-29T17:48:54.128+0000] {processor.py:208} INFO - Processing /opt/airflow/dags/train_dag.py took 0.086 seconds
[2025-04-29T17:49:24.839+0000] {processor.py:186} INFO - Started process (PID=4569) to work on /opt/airflow/dags/train_dag.py
[2025-04-29T17:49:24.841+0000] {processor.py:914} INFO - Processing file /opt/airflow/dags/train_dag.py for tasks to queue
[2025-04-29T17:49:24.844+0000] {logging_mixin.py:190} INFO - [2025-04-29T17:49:24.844+0000] {dagbag.py:588} INFO - Filling up the DagBag from /opt/airflow/dags/train_dag.py
[2025-04-29T17:49:24.860+0000] {processor.py:925} INFO - DAG(s) 'training' retrieved from /opt/airflow/dags/train_dag.py
[2025-04-29T17:49:24.884+0000] {logging_mixin.py:190} INFO - [2025-04-29T17:49:24.884+0000] {dag.py:3239} INFO - Sync 1 DAGs
[2025-04-29T17:49:24.928+0000] {logging_mixin.py:190} INFO - [2025-04-29T17:49:24.928+0000] {dag.py:4180} INFO - Setting next_dagrun for training to 2025-04-28 00:00:00+00:00, run_after=2025-04-29 00:00:00+00:00
[2025-04-29T17:49:24.950+0000] {processor.py:208} INFO - Processing /opt/airflow/dags/train_dag.py took 0.124 seconds
[2025-04-29T17:49:55.036+0000] {processor.py:186} INFO - Started process (PID=4643) to work on /opt/airflow/dags/train_dag.py
[2025-04-29T17:49:55.044+0000] {processor.py:914} INFO - Processing file /opt/airflow/dags/train_dag.py for tasks to queue
[2025-04-29T17:49:55.060+0000] {logging_mixin.py:190} INFO - [2025-04-29T17:49:55.059+0000] {dagbag.py:588} INFO - Filling up the DagBag from /opt/airflow/dags/train_dag.py
[2025-04-29T17:49:55.116+0000] {processor.py:925} INFO - DAG(s) 'training' retrieved from /opt/airflow/dags/train_dag.py
[2025-04-29T17:49:55.191+0000] {logging_mixin.py:190} INFO - [2025-04-29T17:49:55.191+0000] {dag.py:3239} INFO - Sync 1 DAGs
[2025-04-29T17:49:55.295+0000] {logging_mixin.py:190} INFO - [2025-04-29T17:49:55.295+0000] {dag.py:4180} INFO - Setting next_dagrun for training to 2025-04-28 00:00:00+00:00, run_after=2025-04-29 00:00:00+00:00
[2025-04-29T17:49:55.329+0000] {processor.py:208} INFO - Processing /opt/airflow/dags/train_dag.py took 0.311 seconds
[2025-04-29T17:50:26.407+0000] {processor.py:186} INFO - Started process (PID=4709) to work on /opt/airflow/dags/train_dag.py
[2025-04-29T17:50:26.410+0000] {processor.py:914} INFO - Processing file /opt/airflow/dags/train_dag.py for tasks to queue
[2025-04-29T17:50:26.414+0000] {logging_mixin.py:190} INFO - [2025-04-29T17:50:26.414+0000] {dagbag.py:588} INFO - Filling up the DagBag from /opt/airflow/dags/train_dag.py
[2025-04-29T17:50:26.452+0000] {processor.py:925} INFO - DAG(s) 'training' retrieved from /opt/airflow/dags/train_dag.py
[2025-04-29T17:50:26.492+0000] {logging_mixin.py:190} INFO - [2025-04-29T17:50:26.491+0000] {dag.py:3239} INFO - Sync 1 DAGs
[2025-04-29T17:50:26.516+0000] {logging_mixin.py:190} INFO - [2025-04-29T17:50:26.516+0000] {dag.py:4180} INFO - Setting next_dagrun for training to 2025-04-28 00:00:00+00:00, run_after=2025-04-29 00:00:00+00:00
[2025-04-29T17:50:26.560+0000] {processor.py:208} INFO - Processing /opt/airflow/dags/train_dag.py took 0.167 seconds
[2025-04-29T17:50:57.551+0000] {processor.py:186} INFO - Started process (PID=4781) to work on /opt/airflow/dags/train_dag.py
[2025-04-29T17:50:57.555+0000] {processor.py:914} INFO - Processing file /opt/airflow/dags/train_dag.py for tasks to queue
[2025-04-29T17:50:57.562+0000] {logging_mixin.py:190} INFO - [2025-04-29T17:50:57.561+0000] {dagbag.py:588} INFO - Filling up the DagBag from /opt/airflow/dags/train_dag.py
[2025-04-29T17:50:57.586+0000] {processor.py:925} INFO - DAG(s) 'training' retrieved from /opt/airflow/dags/train_dag.py
[2025-04-29T17:50:57.615+0000] {logging_mixin.py:190} INFO - [2025-04-29T17:50:57.614+0000] {dag.py:3239} INFO - Sync 1 DAGs
[2025-04-29T17:50:57.640+0000] {logging_mixin.py:190} INFO - [2025-04-29T17:50:57.640+0000] {dag.py:4180} INFO - Setting next_dagrun for training to 2025-04-28 00:00:00+00:00, run_after=2025-04-29 00:00:00+00:00
[2025-04-29T17:50:57.657+0000] {processor.py:208} INFO - Processing /opt/airflow/dags/train_dag.py took 0.126 seconds
[2025-04-29T17:51:28.031+0000] {processor.py:186} INFO - Started process (PID=4854) to work on /opt/airflow/dags/train_dag.py
[2025-04-29T17:51:28.034+0000] {processor.py:914} INFO - Processing file /opt/airflow/dags/train_dag.py for tasks to queue
[2025-04-29T17:51:28.041+0000] {logging_mixin.py:190} INFO - [2025-04-29T17:51:28.040+0000] {dagbag.py:588} INFO - Filling up the DagBag from /opt/airflow/dags/train_dag.py
[2025-04-29T17:51:28.064+0000] {processor.py:925} INFO - DAG(s) 'training' retrieved from /opt/airflow/dags/train_dag.py
[2025-04-29T17:51:28.095+0000] {logging_mixin.py:190} INFO - [2025-04-29T17:51:28.095+0000] {dag.py:3239} INFO - Sync 1 DAGs
[2025-04-29T17:51:28.120+0000] {logging_mixin.py:190} INFO - [2025-04-29T17:51:28.120+0000] {dag.py:4180} INFO - Setting next_dagrun for training to 2025-04-28 00:00:00+00:00, run_after=2025-04-29 00:00:00+00:00
[2025-04-29T17:51:28.133+0000] {processor.py:208} INFO - Processing /opt/airflow/dags/train_dag.py took 0.120 seconds
[2025-04-29T17:51:58.757+0000] {processor.py:186} INFO - Started process (PID=4927) to work on /opt/airflow/dags/train_dag.py
[2025-04-29T17:51:58.759+0000] {processor.py:914} INFO - Processing file /opt/airflow/dags/train_dag.py for tasks to queue
[2025-04-29T17:51:58.766+0000] {logging_mixin.py:190} INFO - [2025-04-29T17:51:58.766+0000] {dagbag.py:588} INFO - Filling up the DagBag from /opt/airflow/dags/train_dag.py
[2025-04-29T17:51:58.796+0000] {processor.py:925} INFO - DAG(s) 'training' retrieved from /opt/airflow/dags/train_dag.py
[2025-04-29T17:51:58.821+0000] {logging_mixin.py:190} INFO - [2025-04-29T17:51:58.821+0000] {dag.py:3239} INFO - Sync 1 DAGs
[2025-04-29T17:51:58.846+0000] {logging_mixin.py:190} INFO - [2025-04-29T17:51:58.846+0000] {dag.py:4180} INFO - Setting next_dagrun for training to 2025-04-28 00:00:00+00:00, run_after=2025-04-29 00:00:00+00:00
[2025-04-29T17:51:58.860+0000] {processor.py:208} INFO - Processing /opt/airflow/dags/train_dag.py took 0.121 seconds
[2025-04-29T17:52:29.434+0000] {processor.py:186} INFO - Started process (PID=5000) to work on /opt/airflow/dags/train_dag.py
[2025-04-29T17:52:29.437+0000] {processor.py:914} INFO - Processing file /opt/airflow/dags/train_dag.py for tasks to queue
[2025-04-29T17:52:29.442+0000] {logging_mixin.py:190} INFO - [2025-04-29T17:52:29.442+0000] {dagbag.py:588} INFO - Filling up the DagBag from /opt/airflow/dags/train_dag.py
[2025-04-29T17:52:29.468+0000] {processor.py:925} INFO - DAG(s) 'training' retrieved from /opt/airflow/dags/train_dag.py
[2025-04-29T17:52:29.500+0000] {logging_mixin.py:190} INFO - [2025-04-29T17:52:29.500+0000] {dag.py:3239} INFO - Sync 1 DAGs
[2025-04-29T17:52:29.529+0000] {logging_mixin.py:190} INFO - [2025-04-29T17:52:29.528+0000] {dag.py:4180} INFO - Setting next_dagrun for training to 2025-04-28 00:00:00+00:00, run_after=2025-04-29 00:00:00+00:00
[2025-04-29T17:52:29.543+0000] {processor.py:208} INFO - Processing /opt/airflow/dags/train_dag.py took 0.146 seconds
[2025-04-29T17:53:00.287+0000] {processor.py:186} INFO - Started process (PID=5073) to work on /opt/airflow/dags/train_dag.py
[2025-04-29T17:53:00.290+0000] {processor.py:914} INFO - Processing file /opt/airflow/dags/train_dag.py for tasks to queue
[2025-04-29T17:53:00.297+0000] {logging_mixin.py:190} INFO - [2025-04-29T17:53:00.297+0000] {dagbag.py:588} INFO - Filling up the DagBag from /opt/airflow/dags/train_dag.py
[2025-04-29T17:53:00.328+0000] {processor.py:925} INFO - DAG(s) 'training' retrieved from /opt/airflow/dags/train_dag.py
[2025-04-29T17:53:00.363+0000] {logging_mixin.py:190} INFO - [2025-04-29T17:53:00.363+0000] {dag.py:3239} INFO - Sync 1 DAGs
[2025-04-29T17:53:00.395+0000] {logging_mixin.py:190} INFO - [2025-04-29T17:53:00.395+0000] {dag.py:4180} INFO - Setting next_dagrun for training to 2025-04-28 00:00:00+00:00, run_after=2025-04-29 00:00:00+00:00
[2025-04-29T17:53:00.411+0000] {processor.py:208} INFO - Processing /opt/airflow/dags/train_dag.py took 0.143 seconds
[2025-04-29T17:53:30.923+0000] {processor.py:186} INFO - Started process (PID=5146) to work on /opt/airflow/dags/train_dag.py
[2025-04-29T17:53:30.926+0000] {processor.py:914} INFO - Processing file /opt/airflow/dags/train_dag.py for tasks to queue
[2025-04-29T17:53:30.930+0000] {logging_mixin.py:190} INFO - [2025-04-29T17:53:30.929+0000] {dagbag.py:588} INFO - Filling up the DagBag from /opt/airflow/dags/train_dag.py
[2025-04-29T17:53:30.952+0000] {processor.py:925} INFO - DAG(s) 'training' retrieved from /opt/airflow/dags/train_dag.py
[2025-04-29T17:53:30.983+0000] {logging_mixin.py:190} INFO - [2025-04-29T17:53:30.983+0000] {dag.py:3239} INFO - Sync 1 DAGs
[2025-04-29T17:53:31.012+0000] {logging_mixin.py:190} INFO - [2025-04-29T17:53:31.012+0000] {dag.py:4180} INFO - Setting next_dagrun for training to 2025-04-28 00:00:00+00:00, run_after=2025-04-29 00:00:00+00:00
[2025-04-29T17:53:31.029+0000] {processor.py:208} INFO - Processing /opt/airflow/dags/train_dag.py took 0.127 seconds
[2025-04-29T17:54:01.466+0000] {processor.py:186} INFO - Started process (PID=5219) to work on /opt/airflow/dags/train_dag.py
[2025-04-29T17:54:01.470+0000] {processor.py:914} INFO - Processing file /opt/airflow/dags/train_dag.py for tasks to queue
[2025-04-29T17:54:01.475+0000] {logging_mixin.py:190} INFO - [2025-04-29T17:54:01.474+0000] {dagbag.py:588} INFO - Filling up the DagBag from /opt/airflow/dags/train_dag.py
[2025-04-29T17:54:01.504+0000] {processor.py:925} INFO - DAG(s) 'training' retrieved from /opt/airflow/dags/train_dag.py
[2025-04-29T17:54:01.533+0000] {logging_mixin.py:190} INFO - [2025-04-29T17:54:01.532+0000] {dag.py:3239} INFO - Sync 1 DAGs
[2025-04-29T17:54:01.556+0000] {logging_mixin.py:190} INFO - [2025-04-29T17:54:01.556+0000] {dag.py:4180} INFO - Setting next_dagrun for training to 2025-04-28 00:00:00+00:00, run_after=2025-04-29 00:00:00+00:00
[2025-04-29T17:54:01.570+0000] {processor.py:208} INFO - Processing /opt/airflow/dags/train_dag.py took 0.122 seconds
[2025-04-29T17:54:32.086+0000] {processor.py:186} INFO - Started process (PID=5292) to work on /opt/airflow/dags/train_dag.py
[2025-04-29T17:54:32.089+0000] {processor.py:914} INFO - Processing file /opt/airflow/dags/train_dag.py for tasks to queue
[2025-04-29T17:54:32.096+0000] {logging_mixin.py:190} INFO - [2025-04-29T17:54:32.096+0000] {dagbag.py:588} INFO - Filling up the DagBag from /opt/airflow/dags/train_dag.py
[2025-04-29T17:54:32.122+0000] {processor.py:925} INFO - DAG(s) 'training' retrieved from /opt/airflow/dags/train_dag.py
[2025-04-29T17:54:32.145+0000] {logging_mixin.py:190} INFO - [2025-04-29T17:54:32.145+0000] {dag.py:3239} INFO - Sync 1 DAGs
[2025-04-29T17:54:32.170+0000] {logging_mixin.py:190} INFO - [2025-04-29T17:54:32.170+0000] {dag.py:4180} INFO - Setting next_dagrun for training to 2025-04-28 00:00:00+00:00, run_after=2025-04-29 00:00:00+00:00
[2025-04-29T17:54:32.184+0000] {processor.py:208} INFO - Processing /opt/airflow/dags/train_dag.py took 0.118 seconds
[2025-04-29T17:55:02.286+0000] {processor.py:186} INFO - Started process (PID=5366) to work on /opt/airflow/dags/train_dag.py
[2025-04-29T17:55:02.294+0000] {processor.py:914} INFO - Processing file /opt/airflow/dags/train_dag.py for tasks to queue
[2025-04-29T17:55:02.298+0000] {logging_mixin.py:190} INFO - [2025-04-29T17:55:02.298+0000] {dagbag.py:588} INFO - Filling up the DagBag from /opt/airflow/dags/train_dag.py
[2025-04-29T17:55:02.320+0000] {processor.py:925} INFO - DAG(s) 'training' retrieved from /opt/airflow/dags/train_dag.py
[2025-04-29T17:55:02.341+0000] {logging_mixin.py:190} INFO - [2025-04-29T17:55:02.341+0000] {dag.py:3239} INFO - Sync 1 DAGs
[2025-04-29T17:55:02.357+0000] {logging_mixin.py:190} INFO - [2025-04-29T17:55:02.357+0000] {dag.py:4180} INFO - Setting next_dagrun for training to 2025-04-28 00:00:00+00:00, run_after=2025-04-29 00:00:00+00:00
[2025-04-29T17:55:02.373+0000] {processor.py:208} INFO - Processing /opt/airflow/dags/train_dag.py took 0.101 seconds
[2025-04-29T17:55:33.319+0000] {processor.py:186} INFO - Started process (PID=5438) to work on /opt/airflow/dags/train_dag.py
[2025-04-29T17:55:33.322+0000] {processor.py:914} INFO - Processing file /opt/airflow/dags/train_dag.py for tasks to queue
[2025-04-29T17:55:33.329+0000] {logging_mixin.py:190} INFO - [2025-04-29T17:55:33.329+0000] {dagbag.py:588} INFO - Filling up the DagBag from /opt/airflow/dags/train_dag.py
[2025-04-29T17:55:33.355+0000] {processor.py:925} INFO - DAG(s) 'training' retrieved from /opt/airflow/dags/train_dag.py
[2025-04-29T17:55:33.398+0000] {logging_mixin.py:190} INFO - [2025-04-29T17:55:33.398+0000] {dag.py:3239} INFO - Sync 1 DAGs
[2025-04-29T17:55:33.424+0000] {logging_mixin.py:190} INFO - [2025-04-29T17:55:33.424+0000] {dag.py:4180} INFO - Setting next_dagrun for training to 2025-04-28 00:00:00+00:00, run_after=2025-04-29 00:00:00+00:00
[2025-04-29T17:55:33.446+0000] {processor.py:208} INFO - Processing /opt/airflow/dags/train_dag.py took 0.142 seconds
[2025-04-29T17:56:04.519+0000] {processor.py:186} INFO - Started process (PID=5511) to work on /opt/airflow/dags/train_dag.py
[2025-04-29T17:56:04.524+0000] {processor.py:914} INFO - Processing file /opt/airflow/dags/train_dag.py for tasks to queue
[2025-04-29T17:56:04.528+0000] {logging_mixin.py:190} INFO - [2025-04-29T17:56:04.527+0000] {dagbag.py:588} INFO - Filling up the DagBag from /opt/airflow/dags/train_dag.py
[2025-04-29T17:56:04.555+0000] {processor.py:925} INFO - DAG(s) 'training' retrieved from /opt/airflow/dags/train_dag.py
[2025-04-29T17:56:04.592+0000] {logging_mixin.py:190} INFO - [2025-04-29T17:56:04.591+0000] {dag.py:3239} INFO - Sync 1 DAGs
[2025-04-29T17:56:04.616+0000] {logging_mixin.py:190} INFO - [2025-04-29T17:56:04.615+0000] {dag.py:4180} INFO - Setting next_dagrun for training to 2025-04-28 00:00:00+00:00, run_after=2025-04-29 00:00:00+00:00
[2025-04-29T17:56:04.633+0000] {processor.py:208} INFO - Processing /opt/airflow/dags/train_dag.py took 0.137 seconds
[2025-04-29T17:56:35.396+0000] {processor.py:186} INFO - Started process (PID=5584) to work on /opt/airflow/dags/train_dag.py
[2025-04-29T17:56:35.398+0000] {processor.py:914} INFO - Processing file /opt/airflow/dags/train_dag.py for tasks to queue
[2025-04-29T17:56:35.403+0000] {logging_mixin.py:190} INFO - [2025-04-29T17:56:35.403+0000] {dagbag.py:588} INFO - Filling up the DagBag from /opt/airflow/dags/train_dag.py
[2025-04-29T17:56:35.422+0000] {processor.py:925} INFO - DAG(s) 'training' retrieved from /opt/airflow/dags/train_dag.py
[2025-04-29T17:56:35.443+0000] {logging_mixin.py:190} INFO - [2025-04-29T17:56:35.443+0000] {dag.py:3239} INFO - Sync 1 DAGs
[2025-04-29T17:56:35.465+0000] {logging_mixin.py:190} INFO - [2025-04-29T17:56:35.465+0000] {dag.py:4180} INFO - Setting next_dagrun for training to 2025-04-28 00:00:00+00:00, run_after=2025-04-29 00:00:00+00:00
[2025-04-29T17:56:35.479+0000] {processor.py:208} INFO - Processing /opt/airflow/dags/train_dag.py took 0.097 seconds
[2025-04-29T17:57:06.105+0000] {processor.py:186} INFO - Started process (PID=5657) to work on /opt/airflow/dags/train_dag.py
[2025-04-29T17:57:06.118+0000] {processor.py:914} INFO - Processing file /opt/airflow/dags/train_dag.py for tasks to queue
[2025-04-29T17:57:06.147+0000] {logging_mixin.py:190} INFO - [2025-04-29T17:57:06.146+0000] {dagbag.py:588} INFO - Filling up the DagBag from /opt/airflow/dags/train_dag.py
[2025-04-29T17:57:06.205+0000] {processor.py:925} INFO - DAG(s) 'training' retrieved from /opt/airflow/dags/train_dag.py
[2025-04-29T17:57:06.276+0000] {logging_mixin.py:190} INFO - [2025-04-29T17:57:06.276+0000] {dag.py:3239} INFO - Sync 1 DAGs
[2025-04-29T17:57:06.314+0000] {logging_mixin.py:190} INFO - [2025-04-29T17:57:06.313+0000] {dag.py:4180} INFO - Setting next_dagrun for training to 2025-04-28 00:00:00+00:00, run_after=2025-04-29 00:00:00+00:00
[2025-04-29T17:57:06.343+0000] {processor.py:208} INFO - Processing /opt/airflow/dags/train_dag.py took 0.276 seconds
[2025-04-29T17:57:37.628+0000] {processor.py:186} INFO - Started process (PID=5730) to work on /opt/airflow/dags/train_dag.py
[2025-04-29T17:57:37.635+0000] {processor.py:914} INFO - Processing file /opt/airflow/dags/train_dag.py for tasks to queue
[2025-04-29T17:57:37.641+0000] {logging_mixin.py:190} INFO - [2025-04-29T17:57:37.640+0000] {dagbag.py:588} INFO - Filling up the DagBag from /opt/airflow/dags/train_dag.py
[2025-04-29T17:57:37.691+0000] {processor.py:925} INFO - DAG(s) 'training' retrieved from /opt/airflow/dags/train_dag.py
[2025-04-29T17:57:37.719+0000] {logging_mixin.py:190} INFO - [2025-04-29T17:57:37.718+0000] {dag.py:3239} INFO - Sync 1 DAGs
[2025-04-29T17:57:37.744+0000] {logging_mixin.py:190} INFO - [2025-04-29T17:57:37.744+0000] {dag.py:4180} INFO - Setting next_dagrun for training to 2025-04-28 00:00:00+00:00, run_after=2025-04-29 00:00:00+00:00
[2025-04-29T17:57:37.766+0000] {processor.py:208} INFO - Processing /opt/airflow/dags/train_dag.py took 0.150 seconds
[2025-04-29T17:58:08.707+0000] {processor.py:186} INFO - Started process (PID=5796) to work on /opt/airflow/dags/train_dag.py
[2025-04-29T17:58:08.708+0000] {processor.py:914} INFO - Processing file /opt/airflow/dags/train_dag.py for tasks to queue
[2025-04-29T17:58:08.711+0000] {logging_mixin.py:190} INFO - [2025-04-29T17:58:08.711+0000] {dagbag.py:588} INFO - Filling up the DagBag from /opt/airflow/dags/train_dag.py
[2025-04-29T17:58:08.735+0000] {processor.py:925} INFO - DAG(s) 'training' retrieved from /opt/airflow/dags/train_dag.py
[2025-04-29T17:58:08.768+0000] {logging_mixin.py:190} INFO - [2025-04-29T17:58:08.768+0000] {dag.py:3239} INFO - Sync 1 DAGs
[2025-04-29T17:58:08.788+0000] {logging_mixin.py:190} INFO - [2025-04-29T17:58:08.788+0000] {dag.py:4180} INFO - Setting next_dagrun for training to 2025-04-28 00:00:00+00:00, run_after=2025-04-29 00:00:00+00:00
[2025-04-29T17:58:08.798+0000] {processor.py:208} INFO - Processing /opt/airflow/dags/train_dag.py took 0.098 seconds
