[2025-04-30T18:54:12.740+0000] {local_task_job_runner.py:123} INFO - ::group::Pre task execution logs
[2025-04-30T18:54:12.755+0000] {taskinstance.py:2613} INFO - Dependencies all met for dep_context=non-requeueable deps ti=<TaskInstance: retrain_on_drift.detect_new_version manual__2025-04-30T18:54:00.411331+00:00 [queued]>
[2025-04-30T18:54:12.759+0000] {taskinstance.py:2613} INFO - Dependencies all met for dep_context=requeueable deps ti=<TaskInstance: retrain_on_drift.detect_new_version manual__2025-04-30T18:54:00.411331+00:00 [queued]>
[2025-04-30T18:54:12.759+0000] {taskinstance.py:2866} INFO - Starting attempt 1 of 1
[2025-04-30T18:54:12.764+0000] {taskinstance.py:2889} INFO - Executing <Task(_PythonDecoratedOperator): detect_new_version> on 2025-04-30 18:54:00.411331+00:00
[2025-04-30T18:54:12.784+0000] {standard_task_runner.py:72} INFO - Started process 109 to run task
[2025-04-30T18:54:12.792+0000] {standard_task_runner.py:104} INFO - Running: ['***', 'tasks', 'run', 'retrain_on_drift', 'detect_new_version', 'manual__2025-04-30T18:54:00.411331+00:00', '--job-id', '236', '--raw', '--subdir', 'DAGS_FOLDER/drift_retrain_dag.py', '--cfg-path', '/tmp/tmpnk8ecubq']
[2025-04-30T18:54:12.793+0000] {standard_task_runner.py:105} INFO - Job 236: Subtask detect_new_version
[2025-04-30T18:54:12.824+0000] {task_command.py:467} INFO - Running <TaskInstance: retrain_on_drift.detect_new_version manual__2025-04-30T18:54:00.411331+00:00 [running]> on host 3ca66a66642a
[2025-04-30T18:54:12.883+0000] {taskinstance.py:3132} INFO - Exporting env vars: AIRFLOW_CTX_DAG_OWNER='***' AIRFLOW_CTX_DAG_ID='retrain_on_drift' AIRFLOW_CTX_TASK_ID='detect_new_version' AIRFLOW_CTX_EXECUTION_DATE='2025-04-30T18:54:00.411331+00:00' AIRFLOW_CTX_TRY_NUMBER='1' AIRFLOW_CTX_DAG_RUN_ID='manual__2025-04-30T18:54:00.411331+00:00'
[2025-04-30T18:54:12.884+0000] {logging_mixin.py:190} INFO - Task instance is in running state
[2025-04-30T18:54:12.884+0000] {logging_mixin.py:190} INFO -  Previous state of the Task instance: queued
[2025-04-30T18:54:12.884+0000] {logging_mixin.py:190} INFO - Current task name:detect_new_version state:running start_date:2025-04-30 18:54:12.755384+00:00
[2025-04-30T18:54:12.884+0000] {logging_mixin.py:190} INFO - Dag name:retrain_on_drift and current dag run status:running
[2025-04-30T18:54:12.885+0000] {taskinstance.py:731} INFO - ::endgroup::
[2025-04-30T18:54:12.894+0000] {crypto.py:82} WARNING - empty cryptography key - values will not be stored encrypted.
[2025-04-30T18:54:12.897+0000] {python.py:240} INFO - Done. Returned value was: v2
[2025-04-30T18:54:12.914+0000] {taskinstance.py:340} INFO - ::group::Post task execution logs
[2025-04-30T18:54:12.914+0000] {taskinstance.py:352} INFO - Marking task as SUCCESS. dag_id=retrain_on_drift, task_id=detect_new_version, run_id=manual__2025-04-30T18:54:00.411331+00:00, execution_date=20250430T185400, start_date=20250430T185412, end_date=20250430T185412
[2025-04-30T18:54:12.922+0000] {logging_mixin.py:190} INFO - Task instance in success state
[2025-04-30T18:54:12.922+0000] {logging_mixin.py:190} INFO -  Previous state of the Task instance: running
[2025-04-30T18:54:12.922+0000] {logging_mixin.py:190} INFO - Dag name:retrain_on_drift queued_at:2025-04-30 18:54:00.506942+00:00
[2025-04-30T18:54:12.922+0000] {logging_mixin.py:190} INFO - Task hostname:3ca66a66642a operator:_PythonDecoratedOperator
[2025-04-30T18:54:12.976+0000] {local_task_job_runner.py:266} INFO - Task exited with return code 0
[2025-04-30T18:54:12.994+0000] {taskinstance.py:3895} INFO - 1 downstream tasks scheduled from follow-on schedule check
[2025-04-30T18:54:12.995+0000] {local_task_job_runner.py:245} INFO - ::endgroup::
