[2025-04-29T15:02:58.147+0000] {processor.py:186} INFO - Started process (PID=119) to work on /home/airflow/.local/lib/python3.11/site-packages/airflow/example_dags/plugins/listener_plugin.py
[2025-04-29T15:02:58.149+0000] {processor.py:914} INFO - Processing file /home/airflow/.local/lib/python3.11/site-packages/airflow/example_dags/plugins/listener_plugin.py for tasks to queue
[2025-04-29T15:02:58.152+0000] {logging_mixin.py:190} INFO - [2025-04-29T15:02:58.152+0000] {dagbag.py:588} INFO - Filling up the DagBag from /home/airflow/.local/lib/python3.11/site-packages/airflow/example_dags/plugins/listener_plugin.py
[2025-04-29T15:02:58.154+0000] {processor.py:927} WARNING - No viable dags retrieved from /home/airflow/.local/lib/python3.11/site-packages/airflow/example_dags/plugins/listener_plugin.py
[2025-04-29T15:02:58.160+0000] {processor.py:208} INFO - Processing /home/airflow/.local/lib/python3.11/site-packages/airflow/example_dags/plugins/listener_plugin.py took 0.018 seconds
[2025-04-29T15:03:28.681+0000] {processor.py:186} INFO - Started process (PID=192) to work on /home/airflow/.local/lib/python3.11/site-packages/airflow/example_dags/plugins/listener_plugin.py
[2025-04-29T15:03:28.682+0000] {processor.py:914} INFO - Processing file /home/airflow/.local/lib/python3.11/site-packages/airflow/example_dags/plugins/listener_plugin.py for tasks to queue
[2025-04-29T15:03:28.684+0000] {logging_mixin.py:190} INFO - [2025-04-29T15:03:28.683+0000] {dagbag.py:588} INFO - Filling up the DagBag from /home/airflow/.local/lib/python3.11/site-packages/airflow/example_dags/plugins/listener_plugin.py
[2025-04-29T15:03:28.685+0000] {processor.py:927} WARNING - No viable dags retrieved from /home/airflow/.local/lib/python3.11/site-packages/airflow/example_dags/plugins/listener_plugin.py
[2025-04-29T15:03:28.703+0000] {processor.py:208} INFO - Processing /home/airflow/.local/lib/python3.11/site-packages/airflow/example_dags/plugins/listener_plugin.py took 0.027 seconds
[2025-04-29T15:03:59.465+0000] {processor.py:186} INFO - Started process (PID=265) to work on /home/airflow/.local/lib/python3.11/site-packages/airflow/example_dags/plugins/listener_plugin.py
[2025-04-29T15:03:59.466+0000] {processor.py:914} INFO - Processing file /home/airflow/.local/lib/python3.11/site-packages/airflow/example_dags/plugins/listener_plugin.py for tasks to queue
[2025-04-29T15:03:59.469+0000] {logging_mixin.py:190} INFO - [2025-04-29T15:03:59.469+0000] {dagbag.py:588} INFO - Filling up the DagBag from /home/airflow/.local/lib/python3.11/site-packages/airflow/example_dags/plugins/listener_plugin.py
[2025-04-29T15:03:59.471+0000] {processor.py:927} WARNING - No viable dags retrieved from /home/airflow/.local/lib/python3.11/site-packages/airflow/example_dags/plugins/listener_plugin.py
[2025-04-29T15:03:59.490+0000] {processor.py:208} INFO - Processing /home/airflow/.local/lib/python3.11/site-packages/airflow/example_dags/plugins/listener_plugin.py took 0.028 seconds
[2025-04-29T15:04:30.862+0000] {processor.py:186} INFO - Started process (PID=338) to work on /home/airflow/.local/lib/python3.11/site-packages/airflow/example_dags/plugins/listener_plugin.py
[2025-04-29T15:04:30.863+0000] {processor.py:914} INFO - Processing file /home/airflow/.local/lib/python3.11/site-packages/airflow/example_dags/plugins/listener_plugin.py for tasks to queue
[2025-04-29T15:04:30.864+0000] {logging_mixin.py:190} INFO - [2025-04-29T15:04:30.864+0000] {dagbag.py:588} INFO - Filling up the DagBag from /home/airflow/.local/lib/python3.11/site-packages/airflow/example_dags/plugins/listener_plugin.py
[2025-04-29T15:04:30.865+0000] {processor.py:927} WARNING - No viable dags retrieved from /home/airflow/.local/lib/python3.11/site-packages/airflow/example_dags/plugins/listener_plugin.py
[2025-04-29T15:04:30.874+0000] {processor.py:208} INFO - Processing /home/airflow/.local/lib/python3.11/site-packages/airflow/example_dags/plugins/listener_plugin.py took 0.015 seconds
[2025-04-29T15:05:01.581+0000] {processor.py:186} INFO - Started process (PID=403) to work on /home/airflow/.local/lib/python3.11/site-packages/airflow/example_dags/plugins/listener_plugin.py
[2025-04-29T15:05:01.581+0000] {processor.py:914} INFO - Processing file /home/airflow/.local/lib/python3.11/site-packages/airflow/example_dags/plugins/listener_plugin.py for tasks to queue
[2025-04-29T15:05:01.582+0000] {logging_mixin.py:190} INFO - [2025-04-29T15:05:01.582+0000] {dagbag.py:588} INFO - Filling up the DagBag from /home/airflow/.local/lib/python3.11/site-packages/airflow/example_dags/plugins/listener_plugin.py
[2025-04-29T15:05:01.583+0000] {processor.py:927} WARNING - No viable dags retrieved from /home/airflow/.local/lib/python3.11/site-packages/airflow/example_dags/plugins/listener_plugin.py
[2025-04-29T15:05:01.591+0000] {processor.py:208} INFO - Processing /home/airflow/.local/lib/python3.11/site-packages/airflow/example_dags/plugins/listener_plugin.py took 0.014 seconds
[2025-04-29T15:05:32.963+0000] {processor.py:186} INFO - Started process (PID=480) to work on /home/airflow/.local/lib/python3.11/site-packages/airflow/example_dags/plugins/listener_plugin.py
[2025-04-29T15:05:32.964+0000] {processor.py:914} INFO - Processing file /home/airflow/.local/lib/python3.11/site-packages/airflow/example_dags/plugins/listener_plugin.py for tasks to queue
[2025-04-29T15:05:32.966+0000] {logging_mixin.py:190} INFO - [2025-04-29T15:05:32.965+0000] {dagbag.py:588} INFO - Filling up the DagBag from /home/airflow/.local/lib/python3.11/site-packages/airflow/example_dags/plugins/listener_plugin.py
[2025-04-29T15:05:32.967+0000] {processor.py:927} WARNING - No viable dags retrieved from /home/airflow/.local/lib/python3.11/site-packages/airflow/example_dags/plugins/listener_plugin.py
[2025-04-29T15:05:32.975+0000] {processor.py:208} INFO - Processing /home/airflow/.local/lib/python3.11/site-packages/airflow/example_dags/plugins/listener_plugin.py took 0.016 seconds
[2025-04-29T15:06:04.044+0000] {processor.py:186} INFO - Started process (PID=553) to work on /home/airflow/.local/lib/python3.11/site-packages/airflow/example_dags/plugins/listener_plugin.py
[2025-04-29T15:06:04.045+0000] {processor.py:914} INFO - Processing file /home/airflow/.local/lib/python3.11/site-packages/airflow/example_dags/plugins/listener_plugin.py for tasks to queue
[2025-04-29T15:06:04.046+0000] {logging_mixin.py:190} INFO - [2025-04-29T15:06:04.046+0000] {dagbag.py:588} INFO - Filling up the DagBag from /home/airflow/.local/lib/python3.11/site-packages/airflow/example_dags/plugins/listener_plugin.py
[2025-04-29T15:06:04.048+0000] {processor.py:927} WARNING - No viable dags retrieved from /home/airflow/.local/lib/python3.11/site-packages/airflow/example_dags/plugins/listener_plugin.py
[2025-04-29T15:06:04.062+0000] {processor.py:208} INFO - Processing /home/airflow/.local/lib/python3.11/site-packages/airflow/example_dags/plugins/listener_plugin.py took 0.022 seconds
[2025-04-29T15:06:34.882+0000] {processor.py:186} INFO - Started process (PID=626) to work on /home/airflow/.local/lib/python3.11/site-packages/airflow/example_dags/plugins/listener_plugin.py
[2025-04-29T15:06:34.882+0000] {processor.py:914} INFO - Processing file /home/airflow/.local/lib/python3.11/site-packages/airflow/example_dags/plugins/listener_plugin.py for tasks to queue
[2025-04-29T15:06:34.883+0000] {logging_mixin.py:190} INFO - [2025-04-29T15:06:34.883+0000] {dagbag.py:588} INFO - Filling up the DagBag from /home/airflow/.local/lib/python3.11/site-packages/airflow/example_dags/plugins/listener_plugin.py
[2025-04-29T15:06:34.885+0000] {processor.py:927} WARNING - No viable dags retrieved from /home/airflow/.local/lib/python3.11/site-packages/airflow/example_dags/plugins/listener_plugin.py
[2025-04-29T15:06:34.892+0000] {processor.py:208} INFO - Processing /home/airflow/.local/lib/python3.11/site-packages/airflow/example_dags/plugins/listener_plugin.py took 0.013 seconds
[2025-04-29T15:07:05.407+0000] {processor.py:186} INFO - Started process (PID=699) to work on /home/airflow/.local/lib/python3.11/site-packages/airflow/example_dags/plugins/listener_plugin.py
[2025-04-29T15:07:05.407+0000] {processor.py:914} INFO - Processing file /home/airflow/.local/lib/python3.11/site-packages/airflow/example_dags/plugins/listener_plugin.py for tasks to queue
[2025-04-29T15:07:05.408+0000] {logging_mixin.py:190} INFO - [2025-04-29T15:07:05.408+0000] {dagbag.py:588} INFO - Filling up the DagBag from /home/airflow/.local/lib/python3.11/site-packages/airflow/example_dags/plugins/listener_plugin.py
[2025-04-29T15:07:05.409+0000] {processor.py:927} WARNING - No viable dags retrieved from /home/airflow/.local/lib/python3.11/site-packages/airflow/example_dags/plugins/listener_plugin.py
[2025-04-29T15:07:05.415+0000] {processor.py:208} INFO - Processing /home/airflow/.local/lib/python3.11/site-packages/airflow/example_dags/plugins/listener_plugin.py took 0.010 seconds
[2025-04-29T15:07:36.839+0000] {processor.py:186} INFO - Started process (PID=772) to work on /home/airflow/.local/lib/python3.11/site-packages/airflow/example_dags/plugins/listener_plugin.py
[2025-04-29T15:07:36.840+0000] {processor.py:914} INFO - Processing file /home/airflow/.local/lib/python3.11/site-packages/airflow/example_dags/plugins/listener_plugin.py for tasks to queue
[2025-04-29T15:07:36.842+0000] {logging_mixin.py:190} INFO - [2025-04-29T15:07:36.842+0000] {dagbag.py:588} INFO - Filling up the DagBag from /home/airflow/.local/lib/python3.11/site-packages/airflow/example_dags/plugins/listener_plugin.py
[2025-04-29T15:07:36.843+0000] {processor.py:927} WARNING - No viable dags retrieved from /home/airflow/.local/lib/python3.11/site-packages/airflow/example_dags/plugins/listener_plugin.py
[2025-04-29T15:07:36.854+0000] {processor.py:208} INFO - Processing /home/airflow/.local/lib/python3.11/site-packages/airflow/example_dags/plugins/listener_plugin.py took 0.025 seconds
[2025-04-29T15:08:07.689+0000] {processor.py:186} INFO - Started process (PID=845) to work on /home/airflow/.local/lib/python3.11/site-packages/airflow/example_dags/plugins/listener_plugin.py
[2025-04-29T15:08:07.689+0000] {processor.py:914} INFO - Processing file /home/airflow/.local/lib/python3.11/site-packages/airflow/example_dags/plugins/listener_plugin.py for tasks to queue
[2025-04-29T15:08:07.691+0000] {logging_mixin.py:190} INFO - [2025-04-29T15:08:07.690+0000] {dagbag.py:588} INFO - Filling up the DagBag from /home/airflow/.local/lib/python3.11/site-packages/airflow/example_dags/plugins/listener_plugin.py
[2025-04-29T15:08:07.692+0000] {processor.py:927} WARNING - No viable dags retrieved from /home/airflow/.local/lib/python3.11/site-packages/airflow/example_dags/plugins/listener_plugin.py
[2025-04-29T15:08:07.698+0000] {processor.py:208} INFO - Processing /home/airflow/.local/lib/python3.11/site-packages/airflow/example_dags/plugins/listener_plugin.py took 0.012 seconds
[2025-04-29T16:55:21.224+0000] {processor.py:186} INFO - Started process (PID=119) to work on /home/airflow/.local/lib/python3.11/site-packages/airflow/example_dags/plugins/listener_plugin.py
[2025-04-29T16:55:21.226+0000] {processor.py:914} INFO - Processing file /home/airflow/.local/lib/python3.11/site-packages/airflow/example_dags/plugins/listener_plugin.py for tasks to queue
[2025-04-29T16:55:21.228+0000] {logging_mixin.py:190} INFO - [2025-04-29T16:55:21.228+0000] {dagbag.py:588} INFO - Filling up the DagBag from /home/airflow/.local/lib/python3.11/site-packages/airflow/example_dags/plugins/listener_plugin.py
[2025-04-29T16:55:21.229+0000] {processor.py:927} WARNING - No viable dags retrieved from /home/airflow/.local/lib/python3.11/site-packages/airflow/example_dags/plugins/listener_plugin.py
[2025-04-29T16:55:21.240+0000] {processor.py:208} INFO - Processing /home/airflow/.local/lib/python3.11/site-packages/airflow/example_dags/plugins/listener_plugin.py took 0.019 seconds
[2025-04-29T16:55:51.878+0000] {processor.py:186} INFO - Started process (PID=192) to work on /home/airflow/.local/lib/python3.11/site-packages/airflow/example_dags/plugins/listener_plugin.py
[2025-04-29T16:55:51.882+0000] {processor.py:914} INFO - Processing file /home/airflow/.local/lib/python3.11/site-packages/airflow/example_dags/plugins/listener_plugin.py for tasks to queue
[2025-04-29T16:55:51.884+0000] {logging_mixin.py:190} INFO - [2025-04-29T16:55:51.884+0000] {dagbag.py:588} INFO - Filling up the DagBag from /home/airflow/.local/lib/python3.11/site-packages/airflow/example_dags/plugins/listener_plugin.py
[2025-04-29T16:55:51.886+0000] {processor.py:927} WARNING - No viable dags retrieved from /home/airflow/.local/lib/python3.11/site-packages/airflow/example_dags/plugins/listener_plugin.py
[2025-04-29T16:55:51.899+0000] {processor.py:208} INFO - Processing /home/airflow/.local/lib/python3.11/site-packages/airflow/example_dags/plugins/listener_plugin.py took 0.031 seconds
[2025-04-29T17:08:23.258+0000] {processor.py:186} INFO - Started process (PID=119) to work on /home/airflow/.local/lib/python3.11/site-packages/airflow/example_dags/plugins/listener_plugin.py
[2025-04-29T17:08:23.259+0000] {processor.py:914} INFO - Processing file /home/airflow/.local/lib/python3.11/site-packages/airflow/example_dags/plugins/listener_plugin.py for tasks to queue
[2025-04-29T17:08:23.260+0000] {logging_mixin.py:190} INFO - [2025-04-29T17:08:23.260+0000] {dagbag.py:588} INFO - Filling up the DagBag from /home/airflow/.local/lib/python3.11/site-packages/airflow/example_dags/plugins/listener_plugin.py
[2025-04-29T17:08:23.261+0000] {processor.py:927} WARNING - No viable dags retrieved from /home/airflow/.local/lib/python3.11/site-packages/airflow/example_dags/plugins/listener_plugin.py
[2025-04-29T17:08:23.278+0000] {processor.py:208} INFO - Processing /home/airflow/.local/lib/python3.11/site-packages/airflow/example_dags/plugins/listener_plugin.py took 0.023 seconds
[2025-04-29T17:08:53.949+0000] {processor.py:186} INFO - Started process (PID=192) to work on /home/airflow/.local/lib/python3.11/site-packages/airflow/example_dags/plugins/listener_plugin.py
[2025-04-29T17:08:53.950+0000] {processor.py:914} INFO - Processing file /home/airflow/.local/lib/python3.11/site-packages/airflow/example_dags/plugins/listener_plugin.py for tasks to queue
[2025-04-29T17:08:53.953+0000] {logging_mixin.py:190} INFO - [2025-04-29T17:08:53.953+0000] {dagbag.py:588} INFO - Filling up the DagBag from /home/airflow/.local/lib/python3.11/site-packages/airflow/example_dags/plugins/listener_plugin.py
[2025-04-29T17:08:53.954+0000] {processor.py:927} WARNING - No viable dags retrieved from /home/airflow/.local/lib/python3.11/site-packages/airflow/example_dags/plugins/listener_plugin.py
[2025-04-29T17:08:53.964+0000] {processor.py:208} INFO - Processing /home/airflow/.local/lib/python3.11/site-packages/airflow/example_dags/plugins/listener_plugin.py took 0.018 seconds
[2025-04-29T17:09:26.532+0000] {processor.py:186} INFO - Started process (PID=265) to work on /home/airflow/.local/lib/python3.11/site-packages/airflow/example_dags/plugins/listener_plugin.py
[2025-04-29T17:09:26.535+0000] {processor.py:914} INFO - Processing file /home/airflow/.local/lib/python3.11/site-packages/airflow/example_dags/plugins/listener_plugin.py for tasks to queue
[2025-04-29T17:09:26.539+0000] {logging_mixin.py:190} INFO - [2025-04-29T17:09:26.539+0000] {dagbag.py:588} INFO - Filling up the DagBag from /home/airflow/.local/lib/python3.11/site-packages/airflow/example_dags/plugins/listener_plugin.py
[2025-04-29T17:09:26.545+0000] {processor.py:927} WARNING - No viable dags retrieved from /home/airflow/.local/lib/python3.11/site-packages/airflow/example_dags/plugins/listener_plugin.py
[2025-04-29T17:09:26.563+0000] {processor.py:208} INFO - Processing /home/airflow/.local/lib/python3.11/site-packages/airflow/example_dags/plugins/listener_plugin.py took 0.036 seconds
[2025-04-29T17:09:59.510+0000] {processor.py:186} INFO - Started process (PID=338) to work on /home/airflow/.local/lib/python3.11/site-packages/airflow/example_dags/plugins/listener_plugin.py
[2025-04-29T17:09:59.511+0000] {processor.py:914} INFO - Processing file /home/airflow/.local/lib/python3.11/site-packages/airflow/example_dags/plugins/listener_plugin.py for tasks to queue
[2025-04-29T17:09:59.512+0000] {logging_mixin.py:190} INFO - [2025-04-29T17:09:59.512+0000] {dagbag.py:588} INFO - Filling up the DagBag from /home/airflow/.local/lib/python3.11/site-packages/airflow/example_dags/plugins/listener_plugin.py
[2025-04-29T17:09:59.514+0000] {processor.py:927} WARNING - No viable dags retrieved from /home/airflow/.local/lib/python3.11/site-packages/airflow/example_dags/plugins/listener_plugin.py
[2025-04-29T17:09:59.522+0000] {processor.py:208} INFO - Processing /home/airflow/.local/lib/python3.11/site-packages/airflow/example_dags/plugins/listener_plugin.py took 0.016 seconds
[2025-04-29T17:10:33.033+0000] {processor.py:186} INFO - Started process (PID=411) to work on /home/airflow/.local/lib/python3.11/site-packages/airflow/example_dags/plugins/listener_plugin.py
[2025-04-29T17:10:33.033+0000] {processor.py:914} INFO - Processing file /home/airflow/.local/lib/python3.11/site-packages/airflow/example_dags/plugins/listener_plugin.py for tasks to queue
[2025-04-29T17:10:33.035+0000] {logging_mixin.py:190} INFO - [2025-04-29T17:10:33.034+0000] {dagbag.py:588} INFO - Filling up the DagBag from /home/airflow/.local/lib/python3.11/site-packages/airflow/example_dags/plugins/listener_plugin.py
[2025-04-29T17:10:33.036+0000] {processor.py:927} WARNING - No viable dags retrieved from /home/airflow/.local/lib/python3.11/site-packages/airflow/example_dags/plugins/listener_plugin.py
[2025-04-29T17:10:33.046+0000] {processor.py:208} INFO - Processing /home/airflow/.local/lib/python3.11/site-packages/airflow/example_dags/plugins/listener_plugin.py took 0.017 seconds
[2025-04-29T17:11:03.920+0000] {processor.py:186} INFO - Started process (PID=484) to work on /home/airflow/.local/lib/python3.11/site-packages/airflow/example_dags/plugins/listener_plugin.py
[2025-04-29T17:11:03.922+0000] {processor.py:914} INFO - Processing file /home/airflow/.local/lib/python3.11/site-packages/airflow/example_dags/plugins/listener_plugin.py for tasks to queue
[2025-04-29T17:11:03.924+0000] {logging_mixin.py:190} INFO - [2025-04-29T17:11:03.923+0000] {dagbag.py:588} INFO - Filling up the DagBag from /home/airflow/.local/lib/python3.11/site-packages/airflow/example_dags/plugins/listener_plugin.py
[2025-04-29T17:11:03.926+0000] {processor.py:927} WARNING - No viable dags retrieved from /home/airflow/.local/lib/python3.11/site-packages/airflow/example_dags/plugins/listener_plugin.py
[2025-04-29T17:11:03.936+0000] {processor.py:208} INFO - Processing /home/airflow/.local/lib/python3.11/site-packages/airflow/example_dags/plugins/listener_plugin.py took 0.022 seconds
[2025-04-29T17:11:34.584+0000] {processor.py:186} INFO - Started process (PID=549) to work on /home/airflow/.local/lib/python3.11/site-packages/airflow/example_dags/plugins/listener_plugin.py
[2025-04-29T17:11:34.585+0000] {processor.py:914} INFO - Processing file /home/airflow/.local/lib/python3.11/site-packages/airflow/example_dags/plugins/listener_plugin.py for tasks to queue
[2025-04-29T17:11:34.587+0000] {logging_mixin.py:190} INFO - [2025-04-29T17:11:34.587+0000] {dagbag.py:588} INFO - Filling up the DagBag from /home/airflow/.local/lib/python3.11/site-packages/airflow/example_dags/plugins/listener_plugin.py
[2025-04-29T17:11:34.589+0000] {processor.py:927} WARNING - No viable dags retrieved from /home/airflow/.local/lib/python3.11/site-packages/airflow/example_dags/plugins/listener_plugin.py
[2025-04-29T17:11:34.598+0000] {processor.py:208} INFO - Processing /home/airflow/.local/lib/python3.11/site-packages/airflow/example_dags/plugins/listener_plugin.py took 0.018 seconds
[2025-04-29T17:12:05.169+0000] {processor.py:186} INFO - Started process (PID=622) to work on /home/airflow/.local/lib/python3.11/site-packages/airflow/example_dags/plugins/listener_plugin.py
[2025-04-29T17:12:05.170+0000] {processor.py:914} INFO - Processing file /home/airflow/.local/lib/python3.11/site-packages/airflow/example_dags/plugins/listener_plugin.py for tasks to queue
[2025-04-29T17:12:05.171+0000] {logging_mixin.py:190} INFO - [2025-04-29T17:12:05.171+0000] {dagbag.py:588} INFO - Filling up the DagBag from /home/airflow/.local/lib/python3.11/site-packages/airflow/example_dags/plugins/listener_plugin.py
[2025-04-29T17:12:05.172+0000] {processor.py:927} WARNING - No viable dags retrieved from /home/airflow/.local/lib/python3.11/site-packages/airflow/example_dags/plugins/listener_plugin.py
[2025-04-29T17:12:05.189+0000] {processor.py:208} INFO - Processing /home/airflow/.local/lib/python3.11/site-packages/airflow/example_dags/plugins/listener_plugin.py took 0.023 seconds
[2025-04-29T17:12:35.787+0000] {processor.py:186} INFO - Started process (PID=695) to work on /home/airflow/.local/lib/python3.11/site-packages/airflow/example_dags/plugins/listener_plugin.py
[2025-04-29T17:12:35.788+0000] {processor.py:914} INFO - Processing file /home/airflow/.local/lib/python3.11/site-packages/airflow/example_dags/plugins/listener_plugin.py for tasks to queue
[2025-04-29T17:12:35.789+0000] {logging_mixin.py:190} INFO - [2025-04-29T17:12:35.788+0000] {dagbag.py:588} INFO - Filling up the DagBag from /home/airflow/.local/lib/python3.11/site-packages/airflow/example_dags/plugins/listener_plugin.py
[2025-04-29T17:12:35.790+0000] {processor.py:927} WARNING - No viable dags retrieved from /home/airflow/.local/lib/python3.11/site-packages/airflow/example_dags/plugins/listener_plugin.py
[2025-04-29T17:12:35.796+0000] {processor.py:208} INFO - Processing /home/airflow/.local/lib/python3.11/site-packages/airflow/example_dags/plugins/listener_plugin.py took 0.012 seconds
[2025-04-29T17:13:06.425+0000] {processor.py:186} INFO - Started process (PID=768) to work on /home/airflow/.local/lib/python3.11/site-packages/airflow/example_dags/plugins/listener_plugin.py
[2025-04-29T17:13:06.425+0000] {processor.py:914} INFO - Processing file /home/airflow/.local/lib/python3.11/site-packages/airflow/example_dags/plugins/listener_plugin.py for tasks to queue
[2025-04-29T17:13:06.427+0000] {logging_mixin.py:190} INFO - [2025-04-29T17:13:06.427+0000] {dagbag.py:588} INFO - Filling up the DagBag from /home/airflow/.local/lib/python3.11/site-packages/airflow/example_dags/plugins/listener_plugin.py
[2025-04-29T17:13:06.428+0000] {processor.py:927} WARNING - No viable dags retrieved from /home/airflow/.local/lib/python3.11/site-packages/airflow/example_dags/plugins/listener_plugin.py
[2025-04-29T17:13:06.435+0000] {processor.py:208} INFO - Processing /home/airflow/.local/lib/python3.11/site-packages/airflow/example_dags/plugins/listener_plugin.py took 0.013 seconds
[2025-04-29T17:13:37.491+0000] {processor.py:186} INFO - Started process (PID=841) to work on /home/airflow/.local/lib/python3.11/site-packages/airflow/example_dags/plugins/listener_plugin.py
[2025-04-29T17:13:37.492+0000] {processor.py:914} INFO - Processing file /home/airflow/.local/lib/python3.11/site-packages/airflow/example_dags/plugins/listener_plugin.py for tasks to queue
[2025-04-29T17:13:37.496+0000] {logging_mixin.py:190} INFO - [2025-04-29T17:13:37.495+0000] {dagbag.py:588} INFO - Filling up the DagBag from /home/airflow/.local/lib/python3.11/site-packages/airflow/example_dags/plugins/listener_plugin.py
[2025-04-29T17:13:37.501+0000] {processor.py:927} WARNING - No viable dags retrieved from /home/airflow/.local/lib/python3.11/site-packages/airflow/example_dags/plugins/listener_plugin.py
[2025-04-29T17:13:37.521+0000] {processor.py:208} INFO - Processing /home/airflow/.local/lib/python3.11/site-packages/airflow/example_dags/plugins/listener_plugin.py took 0.037 seconds
[2025-04-29T17:14:08.095+0000] {processor.py:186} INFO - Started process (PID=914) to work on /home/airflow/.local/lib/python3.11/site-packages/airflow/example_dags/plugins/listener_plugin.py
[2025-04-29T17:14:08.096+0000] {processor.py:914} INFO - Processing file /home/airflow/.local/lib/python3.11/site-packages/airflow/example_dags/plugins/listener_plugin.py for tasks to queue
[2025-04-29T17:14:08.097+0000] {logging_mixin.py:190} INFO - [2025-04-29T17:14:08.097+0000] {dagbag.py:588} INFO - Filling up the DagBag from /home/airflow/.local/lib/python3.11/site-packages/airflow/example_dags/plugins/listener_plugin.py
[2025-04-29T17:14:08.098+0000] {processor.py:927} WARNING - No viable dags retrieved from /home/airflow/.local/lib/python3.11/site-packages/airflow/example_dags/plugins/listener_plugin.py
[2025-04-29T17:14:08.107+0000] {processor.py:208} INFO - Processing /home/airflow/.local/lib/python3.11/site-packages/airflow/example_dags/plugins/listener_plugin.py took 0.019 seconds
[2025-04-29T17:14:38.354+0000] {processor.py:186} INFO - Started process (PID=987) to work on /home/airflow/.local/lib/python3.11/site-packages/airflow/example_dags/plugins/listener_plugin.py
[2025-04-29T17:14:38.355+0000] {processor.py:914} INFO - Processing file /home/airflow/.local/lib/python3.11/site-packages/airflow/example_dags/plugins/listener_plugin.py for tasks to queue
[2025-04-29T17:14:38.356+0000] {logging_mixin.py:190} INFO - [2025-04-29T17:14:38.356+0000] {dagbag.py:588} INFO - Filling up the DagBag from /home/airflow/.local/lib/python3.11/site-packages/airflow/example_dags/plugins/listener_plugin.py
[2025-04-29T17:14:38.357+0000] {processor.py:927} WARNING - No viable dags retrieved from /home/airflow/.local/lib/python3.11/site-packages/airflow/example_dags/plugins/listener_plugin.py
[2025-04-29T17:14:38.363+0000] {processor.py:208} INFO - Processing /home/airflow/.local/lib/python3.11/site-packages/airflow/example_dags/plugins/listener_plugin.py took 0.012 seconds
[2025-04-29T17:15:09.095+0000] {processor.py:186} INFO - Started process (PID=1060) to work on /home/airflow/.local/lib/python3.11/site-packages/airflow/example_dags/plugins/listener_plugin.py
[2025-04-29T17:15:09.097+0000] {processor.py:914} INFO - Processing file /home/airflow/.local/lib/python3.11/site-packages/airflow/example_dags/plugins/listener_plugin.py for tasks to queue
[2025-04-29T17:15:09.106+0000] {logging_mixin.py:190} INFO - [2025-04-29T17:15:09.106+0000] {dagbag.py:588} INFO - Filling up the DagBag from /home/airflow/.local/lib/python3.11/site-packages/airflow/example_dags/plugins/listener_plugin.py
[2025-04-29T17:15:09.110+0000] {processor.py:927} WARNING - No viable dags retrieved from /home/airflow/.local/lib/python3.11/site-packages/airflow/example_dags/plugins/listener_plugin.py
[2025-04-29T17:15:09.131+0000] {processor.py:208} INFO - Processing /home/airflow/.local/lib/python3.11/site-packages/airflow/example_dags/plugins/listener_plugin.py took 0.048 seconds
[2025-04-29T17:15:40.176+0000] {processor.py:186} INFO - Started process (PID=1133) to work on /home/airflow/.local/lib/python3.11/site-packages/airflow/example_dags/plugins/listener_plugin.py
[2025-04-29T17:15:40.178+0000] {processor.py:914} INFO - Processing file /home/airflow/.local/lib/python3.11/site-packages/airflow/example_dags/plugins/listener_plugin.py for tasks to queue
[2025-04-29T17:15:40.179+0000] {logging_mixin.py:190} INFO - [2025-04-29T17:15:40.179+0000] {dagbag.py:588} INFO - Filling up the DagBag from /home/airflow/.local/lib/python3.11/site-packages/airflow/example_dags/plugins/listener_plugin.py
[2025-04-29T17:15:40.181+0000] {processor.py:927} WARNING - No viable dags retrieved from /home/airflow/.local/lib/python3.11/site-packages/airflow/example_dags/plugins/listener_plugin.py
[2025-04-29T17:15:40.189+0000] {processor.py:208} INFO - Processing /home/airflow/.local/lib/python3.11/site-packages/airflow/example_dags/plugins/listener_plugin.py took 0.021 seconds
[2025-04-29T17:17:25.077+0000] {processor.py:186} INFO - Started process (PID=1218) to work on /home/airflow/.local/lib/python3.11/site-packages/airflow/example_dags/plugins/listener_plugin.py
[2025-04-29T17:17:25.078+0000] {processor.py:914} INFO - Processing file /home/airflow/.local/lib/python3.11/site-packages/airflow/example_dags/plugins/listener_plugin.py for tasks to queue
[2025-04-29T17:17:25.079+0000] {logging_mixin.py:190} INFO - [2025-04-29T17:17:25.079+0000] {dagbag.py:588} INFO - Filling up the DagBag from /home/airflow/.local/lib/python3.11/site-packages/airflow/example_dags/plugins/listener_plugin.py
[2025-04-29T17:17:25.080+0000] {processor.py:927} WARNING - No viable dags retrieved from /home/airflow/.local/lib/python3.11/site-packages/airflow/example_dags/plugins/listener_plugin.py
[2025-04-29T17:17:25.086+0000] {processor.py:208} INFO - Processing /home/airflow/.local/lib/python3.11/site-packages/airflow/example_dags/plugins/listener_plugin.py took 0.012 seconds
[2025-04-29T17:17:57.899+0000] {processor.py:186} INFO - Started process (PID=1291) to work on /home/airflow/.local/lib/python3.11/site-packages/airflow/example_dags/plugins/listener_plugin.py
[2025-04-29T17:17:57.899+0000] {processor.py:914} INFO - Processing file /home/airflow/.local/lib/python3.11/site-packages/airflow/example_dags/plugins/listener_plugin.py for tasks to queue
[2025-04-29T17:17:57.904+0000] {logging_mixin.py:190} INFO - [2025-04-29T17:17:57.904+0000] {dagbag.py:588} INFO - Filling up the DagBag from /home/airflow/.local/lib/python3.11/site-packages/airflow/example_dags/plugins/listener_plugin.py
[2025-04-29T17:17:57.906+0000] {processor.py:927} WARNING - No viable dags retrieved from /home/airflow/.local/lib/python3.11/site-packages/airflow/example_dags/plugins/listener_plugin.py
[2025-04-29T17:17:57.913+0000] {processor.py:208} INFO - Processing /home/airflow/.local/lib/python3.11/site-packages/airflow/example_dags/plugins/listener_plugin.py took 0.019 seconds
[2025-04-29T17:18:28.593+0000] {processor.py:186} INFO - Started process (PID=1364) to work on /home/airflow/.local/lib/python3.11/site-packages/airflow/example_dags/plugins/listener_plugin.py
[2025-04-29T17:18:28.594+0000] {processor.py:914} INFO - Processing file /home/airflow/.local/lib/python3.11/site-packages/airflow/example_dags/plugins/listener_plugin.py for tasks to queue
[2025-04-29T17:18:28.595+0000] {logging_mixin.py:190} INFO - [2025-04-29T17:18:28.595+0000] {dagbag.py:588} INFO - Filling up the DagBag from /home/airflow/.local/lib/python3.11/site-packages/airflow/example_dags/plugins/listener_plugin.py
[2025-04-29T17:18:28.597+0000] {processor.py:927} WARNING - No viable dags retrieved from /home/airflow/.local/lib/python3.11/site-packages/airflow/example_dags/plugins/listener_plugin.py
[2025-04-29T17:18:28.605+0000] {processor.py:208} INFO - Processing /home/airflow/.local/lib/python3.11/site-packages/airflow/example_dags/plugins/listener_plugin.py took 0.018 seconds
[2025-04-29T17:18:59.676+0000] {processor.py:186} INFO - Started process (PID=1437) to work on /home/airflow/.local/lib/python3.11/site-packages/airflow/example_dags/plugins/listener_plugin.py
[2025-04-29T17:18:59.677+0000] {processor.py:914} INFO - Processing file /home/airflow/.local/lib/python3.11/site-packages/airflow/example_dags/plugins/listener_plugin.py for tasks to queue
[2025-04-29T17:18:59.678+0000] {logging_mixin.py:190} INFO - [2025-04-29T17:18:59.678+0000] {dagbag.py:588} INFO - Filling up the DagBag from /home/airflow/.local/lib/python3.11/site-packages/airflow/example_dags/plugins/listener_plugin.py
[2025-04-29T17:18:59.679+0000] {processor.py:927} WARNING - No viable dags retrieved from /home/airflow/.local/lib/python3.11/site-packages/airflow/example_dags/plugins/listener_plugin.py
[2025-04-29T17:18:59.687+0000] {processor.py:208} INFO - Processing /home/airflow/.local/lib/python3.11/site-packages/airflow/example_dags/plugins/listener_plugin.py took 0.013 seconds
[2025-04-29T17:19:31.395+0000] {processor.py:186} INFO - Started process (PID=1510) to work on /home/airflow/.local/lib/python3.11/site-packages/airflow/example_dags/plugins/listener_plugin.py
[2025-04-29T17:19:31.396+0000] {processor.py:914} INFO - Processing file /home/airflow/.local/lib/python3.11/site-packages/airflow/example_dags/plugins/listener_plugin.py for tasks to queue
[2025-04-29T17:19:31.398+0000] {logging_mixin.py:190} INFO - [2025-04-29T17:19:31.398+0000] {dagbag.py:588} INFO - Filling up the DagBag from /home/airflow/.local/lib/python3.11/site-packages/airflow/example_dags/plugins/listener_plugin.py
[2025-04-29T17:19:31.400+0000] {processor.py:927} WARNING - No viable dags retrieved from /home/airflow/.local/lib/python3.11/site-packages/airflow/example_dags/plugins/listener_plugin.py
[2025-04-29T17:19:31.411+0000] {processor.py:208} INFO - Processing /home/airflow/.local/lib/python3.11/site-packages/airflow/example_dags/plugins/listener_plugin.py took 0.021 seconds
[2025-04-29T17:21:38.572+0000] {processor.py:186} INFO - Started process (PID=1583) to work on /home/airflow/.local/lib/python3.11/site-packages/airflow/example_dags/plugins/listener_plugin.py
[2025-04-29T17:21:38.572+0000] {processor.py:914} INFO - Processing file /home/airflow/.local/lib/python3.11/site-packages/airflow/example_dags/plugins/listener_plugin.py for tasks to queue
[2025-04-29T17:21:38.574+0000] {logging_mixin.py:190} INFO - [2025-04-29T17:21:38.574+0000] {dagbag.py:588} INFO - Filling up the DagBag from /home/airflow/.local/lib/python3.11/site-packages/airflow/example_dags/plugins/listener_plugin.py
[2025-04-29T17:21:38.575+0000] {processor.py:927} WARNING - No viable dags retrieved from /home/airflow/.local/lib/python3.11/site-packages/airflow/example_dags/plugins/listener_plugin.py
[2025-04-29T17:21:38.583+0000] {processor.py:208} INFO - Processing /home/airflow/.local/lib/python3.11/site-packages/airflow/example_dags/plugins/listener_plugin.py took 0.015 seconds
[2025-04-29T17:22:09.976+0000] {processor.py:186} INFO - Started process (PID=1656) to work on /home/airflow/.local/lib/python3.11/site-packages/airflow/example_dags/plugins/listener_plugin.py
[2025-04-29T17:22:09.976+0000] {processor.py:914} INFO - Processing file /home/airflow/.local/lib/python3.11/site-packages/airflow/example_dags/plugins/listener_plugin.py for tasks to queue
[2025-04-29T17:22:09.978+0000] {logging_mixin.py:190} INFO - [2025-04-29T17:22:09.978+0000] {dagbag.py:588} INFO - Filling up the DagBag from /home/airflow/.local/lib/python3.11/site-packages/airflow/example_dags/plugins/listener_plugin.py
[2025-04-29T17:22:09.979+0000] {processor.py:927} WARNING - No viable dags retrieved from /home/airflow/.local/lib/python3.11/site-packages/airflow/example_dags/plugins/listener_plugin.py
[2025-04-29T17:22:09.986+0000] {processor.py:208} INFO - Processing /home/airflow/.local/lib/python3.11/site-packages/airflow/example_dags/plugins/listener_plugin.py took 0.015 seconds
[2025-04-29T17:22:41.726+0000] {processor.py:186} INFO - Started process (PID=1729) to work on /home/airflow/.local/lib/python3.11/site-packages/airflow/example_dags/plugins/listener_plugin.py
[2025-04-29T17:22:41.727+0000] {processor.py:914} INFO - Processing file /home/airflow/.local/lib/python3.11/site-packages/airflow/example_dags/plugins/listener_plugin.py for tasks to queue
[2025-04-29T17:22:41.728+0000] {logging_mixin.py:190} INFO - [2025-04-29T17:22:41.728+0000] {dagbag.py:588} INFO - Filling up the DagBag from /home/airflow/.local/lib/python3.11/site-packages/airflow/example_dags/plugins/listener_plugin.py
[2025-04-29T17:22:41.730+0000] {processor.py:927} WARNING - No viable dags retrieved from /home/airflow/.local/lib/python3.11/site-packages/airflow/example_dags/plugins/listener_plugin.py
[2025-04-29T17:22:41.737+0000] {processor.py:208} INFO - Processing /home/airflow/.local/lib/python3.11/site-packages/airflow/example_dags/plugins/listener_plugin.py took 0.014 seconds
[2025-04-29T17:23:13.310+0000] {processor.py:186} INFO - Started process (PID=1802) to work on /home/airflow/.local/lib/python3.11/site-packages/airflow/example_dags/plugins/listener_plugin.py
[2025-04-29T17:23:13.311+0000] {processor.py:914} INFO - Processing file /home/airflow/.local/lib/python3.11/site-packages/airflow/example_dags/plugins/listener_plugin.py for tasks to queue
[2025-04-29T17:23:13.314+0000] {logging_mixin.py:190} INFO - [2025-04-29T17:23:13.314+0000] {dagbag.py:588} INFO - Filling up the DagBag from /home/airflow/.local/lib/python3.11/site-packages/airflow/example_dags/plugins/listener_plugin.py
[2025-04-29T17:23:13.315+0000] {processor.py:927} WARNING - No viable dags retrieved from /home/airflow/.local/lib/python3.11/site-packages/airflow/example_dags/plugins/listener_plugin.py
[2025-04-29T17:23:13.324+0000] {processor.py:208} INFO - Processing /home/airflow/.local/lib/python3.11/site-packages/airflow/example_dags/plugins/listener_plugin.py took 0.017 seconds
[2025-04-29T17:23:44.519+0000] {processor.py:186} INFO - Started process (PID=1875) to work on /home/airflow/.local/lib/python3.11/site-packages/airflow/example_dags/plugins/listener_plugin.py
[2025-04-29T17:23:44.519+0000] {processor.py:914} INFO - Processing file /home/airflow/.local/lib/python3.11/site-packages/airflow/example_dags/plugins/listener_plugin.py for tasks to queue
[2025-04-29T17:23:44.520+0000] {logging_mixin.py:190} INFO - [2025-04-29T17:23:44.520+0000] {dagbag.py:588} INFO - Filling up the DagBag from /home/airflow/.local/lib/python3.11/site-packages/airflow/example_dags/plugins/listener_plugin.py
[2025-04-29T17:23:44.522+0000] {processor.py:927} WARNING - No viable dags retrieved from /home/airflow/.local/lib/python3.11/site-packages/airflow/example_dags/plugins/listener_plugin.py
[2025-04-29T17:23:44.528+0000] {processor.py:208} INFO - Processing /home/airflow/.local/lib/python3.11/site-packages/airflow/example_dags/plugins/listener_plugin.py took 0.013 seconds
[2025-04-29T17:27:17.122+0000] {processor.py:186} INFO - Started process (PID=1948) to work on /home/airflow/.local/lib/python3.11/site-packages/airflow/example_dags/plugins/listener_plugin.py
[2025-04-29T17:27:17.124+0000] {processor.py:914} INFO - Processing file /home/airflow/.local/lib/python3.11/site-packages/airflow/example_dags/plugins/listener_plugin.py for tasks to queue
[2025-04-29T17:27:17.127+0000] {logging_mixin.py:190} INFO - [2025-04-29T17:27:17.127+0000] {dagbag.py:588} INFO - Filling up the DagBag from /home/airflow/.local/lib/python3.11/site-packages/airflow/example_dags/plugins/listener_plugin.py
[2025-04-29T17:27:17.129+0000] {processor.py:927} WARNING - No viable dags retrieved from /home/airflow/.local/lib/python3.11/site-packages/airflow/example_dags/plugins/listener_plugin.py
[2025-04-29T17:27:17.154+0000] {processor.py:208} INFO - Processing /home/airflow/.local/lib/python3.11/site-packages/airflow/example_dags/plugins/listener_plugin.py took 0.046 seconds
[2025-04-29T17:27:49.164+0000] {processor.py:186} INFO - Started process (PID=2021) to work on /home/airflow/.local/lib/python3.11/site-packages/airflow/example_dags/plugins/listener_plugin.py
[2025-04-29T17:27:49.168+0000] {processor.py:914} INFO - Processing file /home/airflow/.local/lib/python3.11/site-packages/airflow/example_dags/plugins/listener_plugin.py for tasks to queue
[2025-04-29T17:27:49.172+0000] {logging_mixin.py:190} INFO - [2025-04-29T17:27:49.171+0000] {dagbag.py:588} INFO - Filling up the DagBag from /home/airflow/.local/lib/python3.11/site-packages/airflow/example_dags/plugins/listener_plugin.py
[2025-04-29T17:27:49.174+0000] {processor.py:927} WARNING - No viable dags retrieved from /home/airflow/.local/lib/python3.11/site-packages/airflow/example_dags/plugins/listener_plugin.py
[2025-04-29T17:27:49.189+0000] {processor.py:208} INFO - Processing /home/airflow/.local/lib/python3.11/site-packages/airflow/example_dags/plugins/listener_plugin.py took 0.029 seconds
[2025-04-29T17:28:20.673+0000] {processor.py:186} INFO - Started process (PID=2094) to work on /home/airflow/.local/lib/python3.11/site-packages/airflow/example_dags/plugins/listener_plugin.py
[2025-04-29T17:28:20.675+0000] {processor.py:914} INFO - Processing file /home/airflow/.local/lib/python3.11/site-packages/airflow/example_dags/plugins/listener_plugin.py for tasks to queue
[2025-04-29T17:28:20.676+0000] {logging_mixin.py:190} INFO - [2025-04-29T17:28:20.676+0000] {dagbag.py:588} INFO - Filling up the DagBag from /home/airflow/.local/lib/python3.11/site-packages/airflow/example_dags/plugins/listener_plugin.py
[2025-04-29T17:28:20.678+0000] {processor.py:927} WARNING - No viable dags retrieved from /home/airflow/.local/lib/python3.11/site-packages/airflow/example_dags/plugins/listener_plugin.py
[2025-04-29T17:28:20.687+0000] {processor.py:208} INFO - Processing /home/airflow/.local/lib/python3.11/site-packages/airflow/example_dags/plugins/listener_plugin.py took 0.018 seconds
[2025-04-29T17:28:52.202+0000] {processor.py:186} INFO - Started process (PID=2167) to work on /home/airflow/.local/lib/python3.11/site-packages/airflow/example_dags/plugins/listener_plugin.py
[2025-04-29T17:28:52.205+0000] {processor.py:914} INFO - Processing file /home/airflow/.local/lib/python3.11/site-packages/airflow/example_dags/plugins/listener_plugin.py for tasks to queue
[2025-04-29T17:28:52.207+0000] {logging_mixin.py:190} INFO - [2025-04-29T17:28:52.207+0000] {dagbag.py:588} INFO - Filling up the DagBag from /home/airflow/.local/lib/python3.11/site-packages/airflow/example_dags/plugins/listener_plugin.py
[2025-04-29T17:28:52.209+0000] {processor.py:927} WARNING - No viable dags retrieved from /home/airflow/.local/lib/python3.11/site-packages/airflow/example_dags/plugins/listener_plugin.py
[2025-04-29T17:28:52.222+0000] {processor.py:208} INFO - Processing /home/airflow/.local/lib/python3.11/site-packages/airflow/example_dags/plugins/listener_plugin.py took 0.024 seconds
[2025-04-29T17:29:23.008+0000] {processor.py:186} INFO - Started process (PID=2240) to work on /home/airflow/.local/lib/python3.11/site-packages/airflow/example_dags/plugins/listener_plugin.py
[2025-04-29T17:29:23.009+0000] {processor.py:914} INFO - Processing file /home/airflow/.local/lib/python3.11/site-packages/airflow/example_dags/plugins/listener_plugin.py for tasks to queue
[2025-04-29T17:29:23.010+0000] {logging_mixin.py:190} INFO - [2025-04-29T17:29:23.010+0000] {dagbag.py:588} INFO - Filling up the DagBag from /home/airflow/.local/lib/python3.11/site-packages/airflow/example_dags/plugins/listener_plugin.py
[2025-04-29T17:29:23.012+0000] {processor.py:927} WARNING - No viable dags retrieved from /home/airflow/.local/lib/python3.11/site-packages/airflow/example_dags/plugins/listener_plugin.py
[2025-04-29T17:29:23.023+0000] {processor.py:208} INFO - Processing /home/airflow/.local/lib/python3.11/site-packages/airflow/example_dags/plugins/listener_plugin.py took 0.019 seconds
[2025-04-29T17:29:54.807+0000] {processor.py:186} INFO - Started process (PID=2313) to work on /home/airflow/.local/lib/python3.11/site-packages/airflow/example_dags/plugins/listener_plugin.py
[2025-04-29T17:29:54.808+0000] {processor.py:914} INFO - Processing file /home/airflow/.local/lib/python3.11/site-packages/airflow/example_dags/plugins/listener_plugin.py for tasks to queue
[2025-04-29T17:29:54.809+0000] {logging_mixin.py:190} INFO - [2025-04-29T17:29:54.809+0000] {dagbag.py:588} INFO - Filling up the DagBag from /home/airflow/.local/lib/python3.11/site-packages/airflow/example_dags/plugins/listener_plugin.py
[2025-04-29T17:29:54.811+0000] {processor.py:927} WARNING - No viable dags retrieved from /home/airflow/.local/lib/python3.11/site-packages/airflow/example_dags/plugins/listener_plugin.py
[2025-04-29T17:29:54.825+0000] {processor.py:208} INFO - Processing /home/airflow/.local/lib/python3.11/site-packages/airflow/example_dags/plugins/listener_plugin.py took 0.022 seconds
[2025-04-29T17:30:25.344+0000] {processor.py:186} INFO - Started process (PID=2386) to work on /home/airflow/.local/lib/python3.11/site-packages/airflow/example_dags/plugins/listener_plugin.py
[2025-04-29T17:30:25.344+0000] {processor.py:914} INFO - Processing file /home/airflow/.local/lib/python3.11/site-packages/airflow/example_dags/plugins/listener_plugin.py for tasks to queue
[2025-04-29T17:30:25.350+0000] {logging_mixin.py:190} INFO - [2025-04-29T17:30:25.349+0000] {dagbag.py:588} INFO - Filling up the DagBag from /home/airflow/.local/lib/python3.11/site-packages/airflow/example_dags/plugins/listener_plugin.py
[2025-04-29T17:30:25.351+0000] {processor.py:927} WARNING - No viable dags retrieved from /home/airflow/.local/lib/python3.11/site-packages/airflow/example_dags/plugins/listener_plugin.py
[2025-04-29T17:30:25.364+0000] {processor.py:208} INFO - Processing /home/airflow/.local/lib/python3.11/site-packages/airflow/example_dags/plugins/listener_plugin.py took 0.024 seconds
[2025-04-29T17:30:56.298+0000] {processor.py:186} INFO - Started process (PID=2450) to work on /home/airflow/.local/lib/python3.11/site-packages/airflow/example_dags/plugins/listener_plugin.py
[2025-04-29T17:30:56.301+0000] {processor.py:914} INFO - Processing file /home/airflow/.local/lib/python3.11/site-packages/airflow/example_dags/plugins/listener_plugin.py for tasks to queue
[2025-04-29T17:30:56.302+0000] {logging_mixin.py:190} INFO - [2025-04-29T17:30:56.302+0000] {dagbag.py:588} INFO - Filling up the DagBag from /home/airflow/.local/lib/python3.11/site-packages/airflow/example_dags/plugins/listener_plugin.py
[2025-04-29T17:30:56.303+0000] {processor.py:927} WARNING - No viable dags retrieved from /home/airflow/.local/lib/python3.11/site-packages/airflow/example_dags/plugins/listener_plugin.py
[2025-04-29T17:30:56.309+0000] {processor.py:208} INFO - Processing /home/airflow/.local/lib/python3.11/site-packages/airflow/example_dags/plugins/listener_plugin.py took 0.014 seconds
[2025-04-29T17:31:36.752+0000] {processor.py:186} INFO - Started process (PID=2536) to work on /home/airflow/.local/lib/python3.11/site-packages/airflow/example_dags/plugins/listener_plugin.py
[2025-04-29T17:31:36.759+0000] {processor.py:914} INFO - Processing file /home/airflow/.local/lib/python3.11/site-packages/airflow/example_dags/plugins/listener_plugin.py for tasks to queue
[2025-04-29T17:31:36.771+0000] {logging_mixin.py:190} INFO - [2025-04-29T17:31:36.770+0000] {dagbag.py:588} INFO - Filling up the DagBag from /home/airflow/.local/lib/python3.11/site-packages/airflow/example_dags/plugins/listener_plugin.py
[2025-04-29T17:31:36.774+0000] {processor.py:927} WARNING - No viable dags retrieved from /home/airflow/.local/lib/python3.11/site-packages/airflow/example_dags/plugins/listener_plugin.py
[2025-04-29T17:31:36.792+0000] {processor.py:208} INFO - Processing /home/airflow/.local/lib/python3.11/site-packages/airflow/example_dags/plugins/listener_plugin.py took 0.053 seconds
[2025-04-29T17:32:47.284+0000] {processor.py:186} INFO - Started process (PID=2603) to work on /home/airflow/.local/lib/python3.11/site-packages/airflow/example_dags/plugins/listener_plugin.py
[2025-04-29T17:32:47.290+0000] {processor.py:914} INFO - Processing file /home/airflow/.local/lib/python3.11/site-packages/airflow/example_dags/plugins/listener_plugin.py for tasks to queue
[2025-04-29T17:32:47.291+0000] {logging_mixin.py:190} INFO - [2025-04-29T17:32:47.291+0000] {dagbag.py:588} INFO - Filling up the DagBag from /home/airflow/.local/lib/python3.11/site-packages/airflow/example_dags/plugins/listener_plugin.py
[2025-04-29T17:32:47.293+0000] {processor.py:927} WARNING - No viable dags retrieved from /home/airflow/.local/lib/python3.11/site-packages/airflow/example_dags/plugins/listener_plugin.py
[2025-04-29T17:32:47.309+0000] {processor.py:208} INFO - Processing /home/airflow/.local/lib/python3.11/site-packages/airflow/example_dags/plugins/listener_plugin.py took 0.036 seconds
[2025-04-29T17:33:19.598+0000] {processor.py:186} INFO - Started process (PID=2675) to work on /home/airflow/.local/lib/python3.11/site-packages/airflow/example_dags/plugins/listener_plugin.py
[2025-04-29T17:33:19.604+0000] {processor.py:914} INFO - Processing file /home/airflow/.local/lib/python3.11/site-packages/airflow/example_dags/plugins/listener_plugin.py for tasks to queue
[2025-04-29T17:33:19.609+0000] {logging_mixin.py:190} INFO - [2025-04-29T17:33:19.608+0000] {dagbag.py:588} INFO - Filling up the DagBag from /home/airflow/.local/lib/python3.11/site-packages/airflow/example_dags/plugins/listener_plugin.py
[2025-04-29T17:33:19.614+0000] {processor.py:927} WARNING - No viable dags retrieved from /home/airflow/.local/lib/python3.11/site-packages/airflow/example_dags/plugins/listener_plugin.py
[2025-04-29T17:33:19.645+0000] {processor.py:208} INFO - Processing /home/airflow/.local/lib/python3.11/site-packages/airflow/example_dags/plugins/listener_plugin.py took 0.058 seconds
[2025-04-29T17:33:50.266+0000] {processor.py:186} INFO - Started process (PID=2748) to work on /home/airflow/.local/lib/python3.11/site-packages/airflow/example_dags/plugins/listener_plugin.py
[2025-04-29T17:33:50.266+0000] {processor.py:914} INFO - Processing file /home/airflow/.local/lib/python3.11/site-packages/airflow/example_dags/plugins/listener_plugin.py for tasks to queue
[2025-04-29T17:33:50.268+0000] {logging_mixin.py:190} INFO - [2025-04-29T17:33:50.268+0000] {dagbag.py:588} INFO - Filling up the DagBag from /home/airflow/.local/lib/python3.11/site-packages/airflow/example_dags/plugins/listener_plugin.py
[2025-04-29T17:33:50.269+0000] {processor.py:927} WARNING - No viable dags retrieved from /home/airflow/.local/lib/python3.11/site-packages/airflow/example_dags/plugins/listener_plugin.py
[2025-04-29T17:33:50.279+0000] {processor.py:208} INFO - Processing /home/airflow/.local/lib/python3.11/site-packages/airflow/example_dags/plugins/listener_plugin.py took 0.017 seconds
[2025-04-29T17:34:21.848+0000] {processor.py:186} INFO - Started process (PID=2821) to work on /home/airflow/.local/lib/python3.11/site-packages/airflow/example_dags/plugins/listener_plugin.py
[2025-04-29T17:34:21.849+0000] {processor.py:914} INFO - Processing file /home/airflow/.local/lib/python3.11/site-packages/airflow/example_dags/plugins/listener_plugin.py for tasks to queue
[2025-04-29T17:34:21.850+0000] {logging_mixin.py:190} INFO - [2025-04-29T17:34:21.850+0000] {dagbag.py:588} INFO - Filling up the DagBag from /home/airflow/.local/lib/python3.11/site-packages/airflow/example_dags/plugins/listener_plugin.py
[2025-04-29T17:34:21.852+0000] {processor.py:927} WARNING - No viable dags retrieved from /home/airflow/.local/lib/python3.11/site-packages/airflow/example_dags/plugins/listener_plugin.py
[2025-04-29T17:34:21.862+0000] {processor.py:208} INFO - Processing /home/airflow/.local/lib/python3.11/site-packages/airflow/example_dags/plugins/listener_plugin.py took 0.019 seconds
[2025-04-29T17:34:54.005+0000] {processor.py:186} INFO - Started process (PID=2894) to work on /home/airflow/.local/lib/python3.11/site-packages/airflow/example_dags/plugins/listener_plugin.py
[2025-04-29T17:34:54.008+0000] {processor.py:914} INFO - Processing file /home/airflow/.local/lib/python3.11/site-packages/airflow/example_dags/plugins/listener_plugin.py for tasks to queue
[2025-04-29T17:34:54.012+0000] {logging_mixin.py:190} INFO - [2025-04-29T17:34:54.011+0000] {dagbag.py:588} INFO - Filling up the DagBag from /home/airflow/.local/lib/python3.11/site-packages/airflow/example_dags/plugins/listener_plugin.py
[2025-04-29T17:34:54.015+0000] {processor.py:927} WARNING - No viable dags retrieved from /home/airflow/.local/lib/python3.11/site-packages/airflow/example_dags/plugins/listener_plugin.py
[2025-04-29T17:34:54.032+0000] {processor.py:208} INFO - Processing /home/airflow/.local/lib/python3.11/site-packages/airflow/example_dags/plugins/listener_plugin.py took 0.034 seconds
[2025-04-29T17:35:25.057+0000] {processor.py:186} INFO - Started process (PID=2960) to work on /home/airflow/.local/lib/python3.11/site-packages/airflow/example_dags/plugins/listener_plugin.py
[2025-04-29T17:35:25.058+0000] {processor.py:914} INFO - Processing file /home/airflow/.local/lib/python3.11/site-packages/airflow/example_dags/plugins/listener_plugin.py for tasks to queue
[2025-04-29T17:35:25.059+0000] {logging_mixin.py:190} INFO - [2025-04-29T17:35:25.059+0000] {dagbag.py:588} INFO - Filling up the DagBag from /home/airflow/.local/lib/python3.11/site-packages/airflow/example_dags/plugins/listener_plugin.py
[2025-04-29T17:35:25.061+0000] {processor.py:927} WARNING - No viable dags retrieved from /home/airflow/.local/lib/python3.11/site-packages/airflow/example_dags/plugins/listener_plugin.py
[2025-04-29T17:35:25.074+0000] {processor.py:208} INFO - Processing /home/airflow/.local/lib/python3.11/site-packages/airflow/example_dags/plugins/listener_plugin.py took 0.027 seconds
[2025-04-29T17:35:56.348+0000] {processor.py:186} INFO - Started process (PID=3032) to work on /home/airflow/.local/lib/python3.11/site-packages/airflow/example_dags/plugins/listener_plugin.py
[2025-04-29T17:35:56.349+0000] {processor.py:914} INFO - Processing file /home/airflow/.local/lib/python3.11/site-packages/airflow/example_dags/plugins/listener_plugin.py for tasks to queue
[2025-04-29T17:35:56.353+0000] {logging_mixin.py:190} INFO - [2025-04-29T17:35:56.352+0000] {dagbag.py:588} INFO - Filling up the DagBag from /home/airflow/.local/lib/python3.11/site-packages/airflow/example_dags/plugins/listener_plugin.py
[2025-04-29T17:35:56.356+0000] {processor.py:927} WARNING - No viable dags retrieved from /home/airflow/.local/lib/python3.11/site-packages/airflow/example_dags/plugins/listener_plugin.py
[2025-04-29T17:35:56.366+0000] {processor.py:208} INFO - Processing /home/airflow/.local/lib/python3.11/site-packages/airflow/example_dags/plugins/listener_plugin.py took 0.022 seconds
[2025-04-29T17:36:28.693+0000] {processor.py:186} INFO - Started process (PID=3105) to work on /home/airflow/.local/lib/python3.11/site-packages/airflow/example_dags/plugins/listener_plugin.py
[2025-04-29T17:36:28.695+0000] {processor.py:914} INFO - Processing file /home/airflow/.local/lib/python3.11/site-packages/airflow/example_dags/plugins/listener_plugin.py for tasks to queue
[2025-04-29T17:36:28.706+0000] {logging_mixin.py:190} INFO - [2025-04-29T17:36:28.699+0000] {dagbag.py:588} INFO - Filling up the DagBag from /home/airflow/.local/lib/python3.11/site-packages/airflow/example_dags/plugins/listener_plugin.py
[2025-04-29T17:36:28.708+0000] {processor.py:927} WARNING - No viable dags retrieved from /home/airflow/.local/lib/python3.11/site-packages/airflow/example_dags/plugins/listener_plugin.py
[2025-04-29T17:36:28.742+0000] {processor.py:208} INFO - Processing /home/airflow/.local/lib/python3.11/site-packages/airflow/example_dags/plugins/listener_plugin.py took 0.056 seconds
[2025-04-29T17:37:03.824+0000] {processor.py:186} INFO - Started process (PID=3183) to work on /home/airflow/.local/lib/python3.11/site-packages/airflow/example_dags/plugins/listener_plugin.py
[2025-04-29T17:37:03.825+0000] {processor.py:914} INFO - Processing file /home/airflow/.local/lib/python3.11/site-packages/airflow/example_dags/plugins/listener_plugin.py for tasks to queue
[2025-04-29T17:37:03.828+0000] {logging_mixin.py:190} INFO - [2025-04-29T17:37:03.828+0000] {dagbag.py:588} INFO - Filling up the DagBag from /home/airflow/.local/lib/python3.11/site-packages/airflow/example_dags/plugins/listener_plugin.py
[2025-04-29T17:37:03.831+0000] {processor.py:927} WARNING - No viable dags retrieved from /home/airflow/.local/lib/python3.11/site-packages/airflow/example_dags/plugins/listener_plugin.py
[2025-04-29T17:37:03.860+0000] {processor.py:208} INFO - Processing /home/airflow/.local/lib/python3.11/site-packages/airflow/example_dags/plugins/listener_plugin.py took 0.046 seconds
[2025-04-29T17:37:34.638+0000] {processor.py:186} INFO - Started process (PID=3255) to work on /home/airflow/.local/lib/python3.11/site-packages/airflow/example_dags/plugins/listener_plugin.py
[2025-04-29T17:37:34.641+0000] {processor.py:914} INFO - Processing file /home/airflow/.local/lib/python3.11/site-packages/airflow/example_dags/plugins/listener_plugin.py for tasks to queue
[2025-04-29T17:37:34.642+0000] {logging_mixin.py:190} INFO - [2025-04-29T17:37:34.642+0000] {dagbag.py:588} INFO - Filling up the DagBag from /home/airflow/.local/lib/python3.11/site-packages/airflow/example_dags/plugins/listener_plugin.py
[2025-04-29T17:37:34.644+0000] {processor.py:927} WARNING - No viable dags retrieved from /home/airflow/.local/lib/python3.11/site-packages/airflow/example_dags/plugins/listener_plugin.py
[2025-04-29T17:37:34.651+0000] {processor.py:208} INFO - Processing /home/airflow/.local/lib/python3.11/site-packages/airflow/example_dags/plugins/listener_plugin.py took 0.019 seconds
[2025-04-29T17:38:04.806+0000] {processor.py:186} INFO - Started process (PID=3327) to work on /home/airflow/.local/lib/python3.11/site-packages/airflow/example_dags/plugins/listener_plugin.py
[2025-04-29T17:38:04.807+0000] {processor.py:914} INFO - Processing file /home/airflow/.local/lib/python3.11/site-packages/airflow/example_dags/plugins/listener_plugin.py for tasks to queue
[2025-04-29T17:38:04.808+0000] {logging_mixin.py:190} INFO - [2025-04-29T17:38:04.808+0000] {dagbag.py:588} INFO - Filling up the DagBag from /home/airflow/.local/lib/python3.11/site-packages/airflow/example_dags/plugins/listener_plugin.py
[2025-04-29T17:38:04.809+0000] {processor.py:927} WARNING - No viable dags retrieved from /home/airflow/.local/lib/python3.11/site-packages/airflow/example_dags/plugins/listener_plugin.py
[2025-04-29T17:38:04.815+0000] {processor.py:208} INFO - Processing /home/airflow/.local/lib/python3.11/site-packages/airflow/example_dags/plugins/listener_plugin.py took 0.011 seconds
[2025-04-29T17:38:35.726+0000] {processor.py:186} INFO - Started process (PID=3400) to work on /home/airflow/.local/lib/python3.11/site-packages/airflow/example_dags/plugins/listener_plugin.py
[2025-04-29T17:38:35.727+0000] {processor.py:914} INFO - Processing file /home/airflow/.local/lib/python3.11/site-packages/airflow/example_dags/plugins/listener_plugin.py for tasks to queue
[2025-04-29T17:38:35.728+0000] {logging_mixin.py:190} INFO - [2025-04-29T17:38:35.728+0000] {dagbag.py:588} INFO - Filling up the DagBag from /home/airflow/.local/lib/python3.11/site-packages/airflow/example_dags/plugins/listener_plugin.py
[2025-04-29T17:38:35.730+0000] {processor.py:927} WARNING - No viable dags retrieved from /home/airflow/.local/lib/python3.11/site-packages/airflow/example_dags/plugins/listener_plugin.py
[2025-04-29T17:38:35.739+0000] {processor.py:208} INFO - Processing /home/airflow/.local/lib/python3.11/site-packages/airflow/example_dags/plugins/listener_plugin.py took 0.017 seconds
[2025-04-29T17:39:06.140+0000] {processor.py:186} INFO - Started process (PID=3473) to work on /home/airflow/.local/lib/python3.11/site-packages/airflow/example_dags/plugins/listener_plugin.py
[2025-04-29T17:39:06.141+0000] {processor.py:914} INFO - Processing file /home/airflow/.local/lib/python3.11/site-packages/airflow/example_dags/plugins/listener_plugin.py for tasks to queue
[2025-04-29T17:39:06.143+0000] {logging_mixin.py:190} INFO - [2025-04-29T17:39:06.142+0000] {dagbag.py:588} INFO - Filling up the DagBag from /home/airflow/.local/lib/python3.11/site-packages/airflow/example_dags/plugins/listener_plugin.py
[2025-04-29T17:39:06.144+0000] {processor.py:927} WARNING - No viable dags retrieved from /home/airflow/.local/lib/python3.11/site-packages/airflow/example_dags/plugins/listener_plugin.py
[2025-04-29T17:39:06.154+0000] {processor.py:208} INFO - Processing /home/airflow/.local/lib/python3.11/site-packages/airflow/example_dags/plugins/listener_plugin.py took 0.023 seconds
[2025-04-29T17:39:36.568+0000] {processor.py:186} INFO - Started process (PID=3546) to work on /home/airflow/.local/lib/python3.11/site-packages/airflow/example_dags/plugins/listener_plugin.py
[2025-04-29T17:39:36.569+0000] {processor.py:914} INFO - Processing file /home/airflow/.local/lib/python3.11/site-packages/airflow/example_dags/plugins/listener_plugin.py for tasks to queue
[2025-04-29T17:39:36.570+0000] {logging_mixin.py:190} INFO - [2025-04-29T17:39:36.570+0000] {dagbag.py:588} INFO - Filling up the DagBag from /home/airflow/.local/lib/python3.11/site-packages/airflow/example_dags/plugins/listener_plugin.py
[2025-04-29T17:39:36.571+0000] {processor.py:927} WARNING - No viable dags retrieved from /home/airflow/.local/lib/python3.11/site-packages/airflow/example_dags/plugins/listener_plugin.py
[2025-04-29T17:39:36.579+0000] {processor.py:208} INFO - Processing /home/airflow/.local/lib/python3.11/site-packages/airflow/example_dags/plugins/listener_plugin.py took 0.013 seconds
[2025-04-29T17:42:23.895+0000] {processor.py:186} INFO - Started process (PID=3613) to work on /home/airflow/.local/lib/python3.11/site-packages/airflow/example_dags/plugins/listener_plugin.py
[2025-04-29T17:42:23.895+0000] {processor.py:914} INFO - Processing file /home/airflow/.local/lib/python3.11/site-packages/airflow/example_dags/plugins/listener_plugin.py for tasks to queue
[2025-04-29T17:42:23.896+0000] {logging_mixin.py:190} INFO - [2025-04-29T17:42:23.896+0000] {dagbag.py:588} INFO - Filling up the DagBag from /home/airflow/.local/lib/python3.11/site-packages/airflow/example_dags/plugins/listener_plugin.py
[2025-04-29T17:42:23.898+0000] {processor.py:927} WARNING - No viable dags retrieved from /home/airflow/.local/lib/python3.11/site-packages/airflow/example_dags/plugins/listener_plugin.py
[2025-04-29T17:42:23.904+0000] {processor.py:208} INFO - Processing /home/airflow/.local/lib/python3.11/site-packages/airflow/example_dags/plugins/listener_plugin.py took 0.012 seconds
[2025-04-29T17:42:55.080+0000] {processor.py:186} INFO - Started process (PID=3686) to work on /home/airflow/.local/lib/python3.11/site-packages/airflow/example_dags/plugins/listener_plugin.py
[2025-04-29T17:42:55.080+0000] {processor.py:914} INFO - Processing file /home/airflow/.local/lib/python3.11/site-packages/airflow/example_dags/plugins/listener_plugin.py for tasks to queue
[2025-04-29T17:42:55.082+0000] {logging_mixin.py:190} INFO - [2025-04-29T17:42:55.081+0000] {dagbag.py:588} INFO - Filling up the DagBag from /home/airflow/.local/lib/python3.11/site-packages/airflow/example_dags/plugins/listener_plugin.py
[2025-04-29T17:42:55.083+0000] {processor.py:927} WARNING - No viable dags retrieved from /home/airflow/.local/lib/python3.11/site-packages/airflow/example_dags/plugins/listener_plugin.py
[2025-04-29T17:42:55.093+0000] {processor.py:208} INFO - Processing /home/airflow/.local/lib/python3.11/site-packages/airflow/example_dags/plugins/listener_plugin.py took 0.017 seconds
[2025-04-29T17:43:27.267+0000] {processor.py:186} INFO - Started process (PID=3759) to work on /home/airflow/.local/lib/python3.11/site-packages/airflow/example_dags/plugins/listener_plugin.py
[2025-04-29T17:43:27.268+0000] {processor.py:914} INFO - Processing file /home/airflow/.local/lib/python3.11/site-packages/airflow/example_dags/plugins/listener_plugin.py for tasks to queue
[2025-04-29T17:43:27.270+0000] {logging_mixin.py:190} INFO - [2025-04-29T17:43:27.270+0000] {dagbag.py:588} INFO - Filling up the DagBag from /home/airflow/.local/lib/python3.11/site-packages/airflow/example_dags/plugins/listener_plugin.py
[2025-04-29T17:43:27.272+0000] {processor.py:927} WARNING - No viable dags retrieved from /home/airflow/.local/lib/python3.11/site-packages/airflow/example_dags/plugins/listener_plugin.py
[2025-04-29T17:43:27.282+0000] {processor.py:208} INFO - Processing /home/airflow/.local/lib/python3.11/site-packages/airflow/example_dags/plugins/listener_plugin.py took 0.020 seconds
[2025-04-29T17:43:58.834+0000] {processor.py:186} INFO - Started process (PID=3832) to work on /home/airflow/.local/lib/python3.11/site-packages/airflow/example_dags/plugins/listener_plugin.py
[2025-04-29T17:43:58.834+0000] {processor.py:914} INFO - Processing file /home/airflow/.local/lib/python3.11/site-packages/airflow/example_dags/plugins/listener_plugin.py for tasks to queue
[2025-04-29T17:43:58.836+0000] {logging_mixin.py:190} INFO - [2025-04-29T17:43:58.836+0000] {dagbag.py:588} INFO - Filling up the DagBag from /home/airflow/.local/lib/python3.11/site-packages/airflow/example_dags/plugins/listener_plugin.py
[2025-04-29T17:43:58.837+0000] {processor.py:927} WARNING - No viable dags retrieved from /home/airflow/.local/lib/python3.11/site-packages/airflow/example_dags/plugins/listener_plugin.py
[2025-04-29T17:43:58.847+0000] {processor.py:208} INFO - Processing /home/airflow/.local/lib/python3.11/site-packages/airflow/example_dags/plugins/listener_plugin.py took 0.017 seconds
[2025-04-29T17:44:30.452+0000] {processor.py:186} INFO - Started process (PID=3905) to work on /home/airflow/.local/lib/python3.11/site-packages/airflow/example_dags/plugins/listener_plugin.py
[2025-04-29T17:44:30.453+0000] {processor.py:914} INFO - Processing file /home/airflow/.local/lib/python3.11/site-packages/airflow/example_dags/plugins/listener_plugin.py for tasks to queue
[2025-04-29T17:44:30.456+0000] {logging_mixin.py:190} INFO - [2025-04-29T17:44:30.456+0000] {dagbag.py:588} INFO - Filling up the DagBag from /home/airflow/.local/lib/python3.11/site-packages/airflow/example_dags/plugins/listener_plugin.py
[2025-04-29T17:44:30.459+0000] {processor.py:927} WARNING - No viable dags retrieved from /home/airflow/.local/lib/python3.11/site-packages/airflow/example_dags/plugins/listener_plugin.py
[2025-04-29T17:44:30.470+0000] {processor.py:208} INFO - Processing /home/airflow/.local/lib/python3.11/site-packages/airflow/example_dags/plugins/listener_plugin.py took 0.023 seconds
[2025-04-29T17:45:01.683+0000] {processor.py:186} INFO - Started process (PID=3978) to work on /home/airflow/.local/lib/python3.11/site-packages/airflow/example_dags/plugins/listener_plugin.py
[2025-04-29T17:45:01.684+0000] {processor.py:914} INFO - Processing file /home/airflow/.local/lib/python3.11/site-packages/airflow/example_dags/plugins/listener_plugin.py for tasks to queue
[2025-04-29T17:45:01.685+0000] {logging_mixin.py:190} INFO - [2025-04-29T17:45:01.685+0000] {dagbag.py:588} INFO - Filling up the DagBag from /home/airflow/.local/lib/python3.11/site-packages/airflow/example_dags/plugins/listener_plugin.py
[2025-04-29T17:45:01.687+0000] {processor.py:927} WARNING - No viable dags retrieved from /home/airflow/.local/lib/python3.11/site-packages/airflow/example_dags/plugins/listener_plugin.py
[2025-04-29T17:45:01.697+0000] {processor.py:208} INFO - Processing /home/airflow/.local/lib/python3.11/site-packages/airflow/example_dags/plugins/listener_plugin.py took 0.018 seconds
[2025-04-29T17:45:33.397+0000] {processor.py:186} INFO - Started process (PID=4051) to work on /home/airflow/.local/lib/python3.11/site-packages/airflow/example_dags/plugins/listener_plugin.py
[2025-04-29T17:45:33.398+0000] {processor.py:914} INFO - Processing file /home/airflow/.local/lib/python3.11/site-packages/airflow/example_dags/plugins/listener_plugin.py for tasks to queue
[2025-04-29T17:45:33.401+0000] {logging_mixin.py:190} INFO - [2025-04-29T17:45:33.400+0000] {dagbag.py:588} INFO - Filling up the DagBag from /home/airflow/.local/lib/python3.11/site-packages/airflow/example_dags/plugins/listener_plugin.py
[2025-04-29T17:45:33.405+0000] {processor.py:927} WARNING - No viable dags retrieved from /home/airflow/.local/lib/python3.11/site-packages/airflow/example_dags/plugins/listener_plugin.py
[2025-04-29T17:45:33.421+0000] {processor.py:208} INFO - Processing /home/airflow/.local/lib/python3.11/site-packages/airflow/example_dags/plugins/listener_plugin.py took 0.029 seconds
[2025-04-29T17:46:03.593+0000] {processor.py:186} INFO - Started process (PID=4115) to work on /home/airflow/.local/lib/python3.11/site-packages/airflow/example_dags/plugins/listener_plugin.py
[2025-04-29T17:46:03.595+0000] {processor.py:914} INFO - Processing file /home/airflow/.local/lib/python3.11/site-packages/airflow/example_dags/plugins/listener_plugin.py for tasks to queue
[2025-04-29T17:46:03.598+0000] {logging_mixin.py:190} INFO - [2025-04-29T17:46:03.597+0000] {dagbag.py:588} INFO - Filling up the DagBag from /home/airflow/.local/lib/python3.11/site-packages/airflow/example_dags/plugins/listener_plugin.py
[2025-04-29T17:46:03.602+0000] {processor.py:927} WARNING - No viable dags retrieved from /home/airflow/.local/lib/python3.11/site-packages/airflow/example_dags/plugins/listener_plugin.py
[2025-04-29T17:46:03.614+0000] {processor.py:208} INFO - Processing /home/airflow/.local/lib/python3.11/site-packages/airflow/example_dags/plugins/listener_plugin.py took 0.028 seconds
[2025-04-29T17:46:34.363+0000] {processor.py:186} INFO - Started process (PID=4188) to work on /home/airflow/.local/lib/python3.11/site-packages/airflow/example_dags/plugins/listener_plugin.py
[2025-04-29T17:46:34.364+0000] {processor.py:914} INFO - Processing file /home/airflow/.local/lib/python3.11/site-packages/airflow/example_dags/plugins/listener_plugin.py for tasks to queue
[2025-04-29T17:46:34.365+0000] {logging_mixin.py:190} INFO - [2025-04-29T17:46:34.365+0000] {dagbag.py:588} INFO - Filling up the DagBag from /home/airflow/.local/lib/python3.11/site-packages/airflow/example_dags/plugins/listener_plugin.py
[2025-04-29T17:46:34.367+0000] {processor.py:927} WARNING - No viable dags retrieved from /home/airflow/.local/lib/python3.11/site-packages/airflow/example_dags/plugins/listener_plugin.py
[2025-04-29T17:46:34.376+0000] {processor.py:208} INFO - Processing /home/airflow/.local/lib/python3.11/site-packages/airflow/example_dags/plugins/listener_plugin.py took 0.016 seconds
[2025-04-29T17:47:05.710+0000] {processor.py:186} INFO - Started process (PID=4261) to work on /home/airflow/.local/lib/python3.11/site-packages/airflow/example_dags/plugins/listener_plugin.py
[2025-04-29T17:47:05.711+0000] {processor.py:914} INFO - Processing file /home/airflow/.local/lib/python3.11/site-packages/airflow/example_dags/plugins/listener_plugin.py for tasks to queue
[2025-04-29T17:47:05.713+0000] {logging_mixin.py:190} INFO - [2025-04-29T17:47:05.713+0000] {dagbag.py:588} INFO - Filling up the DagBag from /home/airflow/.local/lib/python3.11/site-packages/airflow/example_dags/plugins/listener_plugin.py
[2025-04-29T17:47:05.715+0000] {processor.py:927} WARNING - No viable dags retrieved from /home/airflow/.local/lib/python3.11/site-packages/airflow/example_dags/plugins/listener_plugin.py
[2025-04-29T17:47:05.725+0000] {processor.py:208} INFO - Processing /home/airflow/.local/lib/python3.11/site-packages/airflow/example_dags/plugins/listener_plugin.py took 0.019 seconds
[2025-04-29T17:47:36.682+0000] {processor.py:186} INFO - Started process (PID=4334) to work on /home/airflow/.local/lib/python3.11/site-packages/airflow/example_dags/plugins/listener_plugin.py
[2025-04-29T17:47:36.683+0000] {processor.py:914} INFO - Processing file /home/airflow/.local/lib/python3.11/site-packages/airflow/example_dags/plugins/listener_plugin.py for tasks to queue
[2025-04-29T17:47:36.685+0000] {logging_mixin.py:190} INFO - [2025-04-29T17:47:36.685+0000] {dagbag.py:588} INFO - Filling up the DagBag from /home/airflow/.local/lib/python3.11/site-packages/airflow/example_dags/plugins/listener_plugin.py
[2025-04-29T17:47:36.686+0000] {processor.py:927} WARNING - No viable dags retrieved from /home/airflow/.local/lib/python3.11/site-packages/airflow/example_dags/plugins/listener_plugin.py
[2025-04-29T17:47:36.696+0000] {processor.py:208} INFO - Processing /home/airflow/.local/lib/python3.11/site-packages/airflow/example_dags/plugins/listener_plugin.py took 0.019 seconds
[2025-04-29T17:48:07.557+0000] {processor.py:186} INFO - Started process (PID=4407) to work on /home/airflow/.local/lib/python3.11/site-packages/airflow/example_dags/plugins/listener_plugin.py
[2025-04-29T17:48:07.558+0000] {processor.py:914} INFO - Processing file /home/airflow/.local/lib/python3.11/site-packages/airflow/example_dags/plugins/listener_plugin.py for tasks to queue
[2025-04-29T17:48:07.560+0000] {logging_mixin.py:190} INFO - [2025-04-29T17:48:07.559+0000] {dagbag.py:588} INFO - Filling up the DagBag from /home/airflow/.local/lib/python3.11/site-packages/airflow/example_dags/plugins/listener_plugin.py
[2025-04-29T17:48:07.562+0000] {processor.py:927} WARNING - No viable dags retrieved from /home/airflow/.local/lib/python3.11/site-packages/airflow/example_dags/plugins/listener_plugin.py
[2025-04-29T17:48:07.569+0000] {processor.py:208} INFO - Processing /home/airflow/.local/lib/python3.11/site-packages/airflow/example_dags/plugins/listener_plugin.py took 0.015 seconds
[2025-04-29T17:48:38.784+0000] {processor.py:186} INFO - Started process (PID=4480) to work on /home/airflow/.local/lib/python3.11/site-packages/airflow/example_dags/plugins/listener_plugin.py
[2025-04-29T17:48:38.785+0000] {processor.py:914} INFO - Processing file /home/airflow/.local/lib/python3.11/site-packages/airflow/example_dags/plugins/listener_plugin.py for tasks to queue
[2025-04-29T17:48:38.786+0000] {logging_mixin.py:190} INFO - [2025-04-29T17:48:38.786+0000] {dagbag.py:588} INFO - Filling up the DagBag from /home/airflow/.local/lib/python3.11/site-packages/airflow/example_dags/plugins/listener_plugin.py
[2025-04-29T17:48:38.787+0000] {processor.py:927} WARNING - No viable dags retrieved from /home/airflow/.local/lib/python3.11/site-packages/airflow/example_dags/plugins/listener_plugin.py
[2025-04-29T17:48:38.795+0000] {processor.py:208} INFO - Processing /home/airflow/.local/lib/python3.11/site-packages/airflow/example_dags/plugins/listener_plugin.py took 0.014 seconds
[2025-04-29T17:49:09.706+0000] {processor.py:186} INFO - Started process (PID=4553) to work on /home/airflow/.local/lib/python3.11/site-packages/airflow/example_dags/plugins/listener_plugin.py
[2025-04-29T17:49:09.707+0000] {processor.py:914} INFO - Processing file /home/airflow/.local/lib/python3.11/site-packages/airflow/example_dags/plugins/listener_plugin.py for tasks to queue
[2025-04-29T17:49:09.708+0000] {logging_mixin.py:190} INFO - [2025-04-29T17:49:09.708+0000] {dagbag.py:588} INFO - Filling up the DagBag from /home/airflow/.local/lib/python3.11/site-packages/airflow/example_dags/plugins/listener_plugin.py
[2025-04-29T17:49:09.711+0000] {processor.py:927} WARNING - No viable dags retrieved from /home/airflow/.local/lib/python3.11/site-packages/airflow/example_dags/plugins/listener_plugin.py
[2025-04-29T17:49:09.719+0000] {processor.py:208} INFO - Processing /home/airflow/.local/lib/python3.11/site-packages/airflow/example_dags/plugins/listener_plugin.py took 0.016 seconds
[2025-04-29T17:49:40.776+0000] {processor.py:186} INFO - Started process (PID=4626) to work on /home/airflow/.local/lib/python3.11/site-packages/airflow/example_dags/plugins/listener_plugin.py
[2025-04-29T17:49:40.777+0000] {processor.py:914} INFO - Processing file /home/airflow/.local/lib/python3.11/site-packages/airflow/example_dags/plugins/listener_plugin.py for tasks to queue
[2025-04-29T17:49:40.778+0000] {logging_mixin.py:190} INFO - [2025-04-29T17:49:40.778+0000] {dagbag.py:588} INFO - Filling up the DagBag from /home/airflow/.local/lib/python3.11/site-packages/airflow/example_dags/plugins/listener_plugin.py
[2025-04-29T17:49:40.779+0000] {processor.py:927} WARNING - No viable dags retrieved from /home/airflow/.local/lib/python3.11/site-packages/airflow/example_dags/plugins/listener_plugin.py
[2025-04-29T17:49:40.787+0000] {processor.py:208} INFO - Processing /home/airflow/.local/lib/python3.11/site-packages/airflow/example_dags/plugins/listener_plugin.py took 0.013 seconds
[2025-04-29T17:50:12.147+0000] {processor.py:186} INFO - Started process (PID=4700) to work on /home/airflow/.local/lib/python3.11/site-packages/airflow/example_dags/plugins/listener_plugin.py
[2025-04-29T17:50:12.149+0000] {processor.py:914} INFO - Processing file /home/airflow/.local/lib/python3.11/site-packages/airflow/example_dags/plugins/listener_plugin.py for tasks to queue
[2025-04-29T17:50:12.150+0000] {logging_mixin.py:190} INFO - [2025-04-29T17:50:12.150+0000] {dagbag.py:588} INFO - Filling up the DagBag from /home/airflow/.local/lib/python3.11/site-packages/airflow/example_dags/plugins/listener_plugin.py
[2025-04-29T17:50:12.153+0000] {processor.py:927} WARNING - No viable dags retrieved from /home/airflow/.local/lib/python3.11/site-packages/airflow/example_dags/plugins/listener_plugin.py
[2025-04-29T17:50:12.164+0000] {processor.py:208} INFO - Processing /home/airflow/.local/lib/python3.11/site-packages/airflow/example_dags/plugins/listener_plugin.py took 0.021 seconds
[2025-04-29T17:50:43.269+0000] {processor.py:186} INFO - Started process (PID=4779) to work on /home/airflow/.local/lib/python3.11/site-packages/airflow/example_dags/plugins/listener_plugin.py
[2025-04-29T17:50:43.270+0000] {processor.py:914} INFO - Processing file /home/airflow/.local/lib/python3.11/site-packages/airflow/example_dags/plugins/listener_plugin.py for tasks to queue
[2025-04-29T17:50:43.271+0000] {logging_mixin.py:190} INFO - [2025-04-29T17:50:43.271+0000] {dagbag.py:588} INFO - Filling up the DagBag from /home/airflow/.local/lib/python3.11/site-packages/airflow/example_dags/plugins/listener_plugin.py
[2025-04-29T17:50:43.272+0000] {processor.py:927} WARNING - No viable dags retrieved from /home/airflow/.local/lib/python3.11/site-packages/airflow/example_dags/plugins/listener_plugin.py
[2025-04-29T17:50:43.280+0000] {processor.py:208} INFO - Processing /home/airflow/.local/lib/python3.11/site-packages/airflow/example_dags/plugins/listener_plugin.py took 0.014 seconds
[2025-04-29T17:51:14.778+0000] {processor.py:186} INFO - Started process (PID=4852) to work on /home/airflow/.local/lib/python3.11/site-packages/airflow/example_dags/plugins/listener_plugin.py
[2025-04-29T17:51:14.779+0000] {processor.py:914} INFO - Processing file /home/airflow/.local/lib/python3.11/site-packages/airflow/example_dags/plugins/listener_plugin.py for tasks to queue
[2025-04-29T17:51:14.782+0000] {logging_mixin.py:190} INFO - [2025-04-29T17:51:14.781+0000] {dagbag.py:588} INFO - Filling up the DagBag from /home/airflow/.local/lib/python3.11/site-packages/airflow/example_dags/plugins/listener_plugin.py
[2025-04-29T17:51:14.784+0000] {processor.py:927} WARNING - No viable dags retrieved from /home/airflow/.local/lib/python3.11/site-packages/airflow/example_dags/plugins/listener_plugin.py
[2025-04-29T17:51:14.794+0000] {processor.py:208} INFO - Processing /home/airflow/.local/lib/python3.11/site-packages/airflow/example_dags/plugins/listener_plugin.py took 0.019 seconds
[2025-04-29T17:51:45.528+0000] {processor.py:186} INFO - Started process (PID=4925) to work on /home/airflow/.local/lib/python3.11/site-packages/airflow/example_dags/plugins/listener_plugin.py
[2025-04-29T17:51:45.531+0000] {processor.py:914} INFO - Processing file /home/airflow/.local/lib/python3.11/site-packages/airflow/example_dags/plugins/listener_plugin.py for tasks to queue
[2025-04-29T17:51:45.532+0000] {logging_mixin.py:190} INFO - [2025-04-29T17:51:45.532+0000] {dagbag.py:588} INFO - Filling up the DagBag from /home/airflow/.local/lib/python3.11/site-packages/airflow/example_dags/plugins/listener_plugin.py
[2025-04-29T17:51:45.534+0000] {processor.py:927} WARNING - No viable dags retrieved from /home/airflow/.local/lib/python3.11/site-packages/airflow/example_dags/plugins/listener_plugin.py
[2025-04-29T17:51:45.543+0000] {processor.py:208} INFO - Processing /home/airflow/.local/lib/python3.11/site-packages/airflow/example_dags/plugins/listener_plugin.py took 0.018 seconds
[2025-04-29T17:52:17.137+0000] {processor.py:186} INFO - Started process (PID=4998) to work on /home/airflow/.local/lib/python3.11/site-packages/airflow/example_dags/plugins/listener_plugin.py
[2025-04-29T17:52:17.138+0000] {processor.py:914} INFO - Processing file /home/airflow/.local/lib/python3.11/site-packages/airflow/example_dags/plugins/listener_plugin.py for tasks to queue
[2025-04-29T17:52:17.140+0000] {logging_mixin.py:190} INFO - [2025-04-29T17:52:17.139+0000] {dagbag.py:588} INFO - Filling up the DagBag from /home/airflow/.local/lib/python3.11/site-packages/airflow/example_dags/plugins/listener_plugin.py
[2025-04-29T17:52:17.141+0000] {processor.py:927} WARNING - No viable dags retrieved from /home/airflow/.local/lib/python3.11/site-packages/airflow/example_dags/plugins/listener_plugin.py
[2025-04-29T17:52:17.156+0000] {processor.py:208} INFO - Processing /home/airflow/.local/lib/python3.11/site-packages/airflow/example_dags/plugins/listener_plugin.py took 0.023 seconds
[2025-04-29T17:52:49.024+0000] {processor.py:186} INFO - Started process (PID=5071) to work on /home/airflow/.local/lib/python3.11/site-packages/airflow/example_dags/plugins/listener_plugin.py
[2025-04-29T17:52:49.025+0000] {processor.py:914} INFO - Processing file /home/airflow/.local/lib/python3.11/site-packages/airflow/example_dags/plugins/listener_plugin.py for tasks to queue
[2025-04-29T17:52:49.026+0000] {logging_mixin.py:190} INFO - [2025-04-29T17:52:49.026+0000] {dagbag.py:588} INFO - Filling up the DagBag from /home/airflow/.local/lib/python3.11/site-packages/airflow/example_dags/plugins/listener_plugin.py
[2025-04-29T17:52:49.028+0000] {processor.py:927} WARNING - No viable dags retrieved from /home/airflow/.local/lib/python3.11/site-packages/airflow/example_dags/plugins/listener_plugin.py
[2025-04-29T17:52:49.040+0000] {processor.py:208} INFO - Processing /home/airflow/.local/lib/python3.11/site-packages/airflow/example_dags/plugins/listener_plugin.py took 0.019 seconds
[2025-04-29T17:53:20.677+0000] {processor.py:186} INFO - Started process (PID=5144) to work on /home/airflow/.local/lib/python3.11/site-packages/airflow/example_dags/plugins/listener_plugin.py
[2025-04-29T17:53:20.678+0000] {processor.py:914} INFO - Processing file /home/airflow/.local/lib/python3.11/site-packages/airflow/example_dags/plugins/listener_plugin.py for tasks to queue
[2025-04-29T17:53:20.679+0000] {logging_mixin.py:190} INFO - [2025-04-29T17:53:20.679+0000] {dagbag.py:588} INFO - Filling up the DagBag from /home/airflow/.local/lib/python3.11/site-packages/airflow/example_dags/plugins/listener_plugin.py
[2025-04-29T17:53:20.681+0000] {processor.py:927} WARNING - No viable dags retrieved from /home/airflow/.local/lib/python3.11/site-packages/airflow/example_dags/plugins/listener_plugin.py
[2025-04-29T17:53:20.700+0000] {processor.py:208} INFO - Processing /home/airflow/.local/lib/python3.11/site-packages/airflow/example_dags/plugins/listener_plugin.py took 0.026 seconds
[2025-04-29T17:53:51.286+0000] {processor.py:186} INFO - Started process (PID=5217) to work on /home/airflow/.local/lib/python3.11/site-packages/airflow/example_dags/plugins/listener_plugin.py
[2025-04-29T17:53:51.287+0000] {processor.py:914} INFO - Processing file /home/airflow/.local/lib/python3.11/site-packages/airflow/example_dags/plugins/listener_plugin.py for tasks to queue
[2025-04-29T17:53:51.288+0000] {logging_mixin.py:190} INFO - [2025-04-29T17:53:51.288+0000] {dagbag.py:588} INFO - Filling up the DagBag from /home/airflow/.local/lib/python3.11/site-packages/airflow/example_dags/plugins/listener_plugin.py
[2025-04-29T17:53:51.289+0000] {processor.py:927} WARNING - No viable dags retrieved from /home/airflow/.local/lib/python3.11/site-packages/airflow/example_dags/plugins/listener_plugin.py
[2025-04-29T17:53:51.296+0000] {processor.py:208} INFO - Processing /home/airflow/.local/lib/python3.11/site-packages/airflow/example_dags/plugins/listener_plugin.py took 0.013 seconds
[2025-04-29T17:54:22.867+0000] {processor.py:186} INFO - Started process (PID=5290) to work on /home/airflow/.local/lib/python3.11/site-packages/airflow/example_dags/plugins/listener_plugin.py
[2025-04-29T17:54:22.868+0000] {processor.py:914} INFO - Processing file /home/airflow/.local/lib/python3.11/site-packages/airflow/example_dags/plugins/listener_plugin.py for tasks to queue
[2025-04-29T17:54:22.869+0000] {logging_mixin.py:190} INFO - [2025-04-29T17:54:22.869+0000] {dagbag.py:588} INFO - Filling up the DagBag from /home/airflow/.local/lib/python3.11/site-packages/airflow/example_dags/plugins/listener_plugin.py
[2025-04-29T17:54:22.871+0000] {processor.py:927} WARNING - No viable dags retrieved from /home/airflow/.local/lib/python3.11/site-packages/airflow/example_dags/plugins/listener_plugin.py
[2025-04-29T17:54:22.880+0000] {processor.py:208} INFO - Processing /home/airflow/.local/lib/python3.11/site-packages/airflow/example_dags/plugins/listener_plugin.py took 0.016 seconds
[2025-04-29T17:54:54.052+0000] {processor.py:186} INFO - Started process (PID=5363) to work on /home/airflow/.local/lib/python3.11/site-packages/airflow/example_dags/plugins/listener_plugin.py
[2025-04-29T17:54:54.055+0000] {processor.py:914} INFO - Processing file /home/airflow/.local/lib/python3.11/site-packages/airflow/example_dags/plugins/listener_plugin.py for tasks to queue
[2025-04-29T17:54:54.056+0000] {logging_mixin.py:190} INFO - [2025-04-29T17:54:54.056+0000] {dagbag.py:588} INFO - Filling up the DagBag from /home/airflow/.local/lib/python3.11/site-packages/airflow/example_dags/plugins/listener_plugin.py
[2025-04-29T17:54:54.057+0000] {processor.py:927} WARNING - No viable dags retrieved from /home/airflow/.local/lib/python3.11/site-packages/airflow/example_dags/plugins/listener_plugin.py
[2025-04-29T17:54:54.063+0000] {processor.py:208} INFO - Processing /home/airflow/.local/lib/python3.11/site-packages/airflow/example_dags/plugins/listener_plugin.py took 0.015 seconds
[2025-04-29T17:55:25.086+0000] {processor.py:186} INFO - Started process (PID=5436) to work on /home/airflow/.local/lib/python3.11/site-packages/airflow/example_dags/plugins/listener_plugin.py
[2025-04-29T17:55:25.088+0000] {processor.py:914} INFO - Processing file /home/airflow/.local/lib/python3.11/site-packages/airflow/example_dags/plugins/listener_plugin.py for tasks to queue
[2025-04-29T17:55:25.090+0000] {logging_mixin.py:190} INFO - [2025-04-29T17:55:25.090+0000] {dagbag.py:588} INFO - Filling up the DagBag from /home/airflow/.local/lib/python3.11/site-packages/airflow/example_dags/plugins/listener_plugin.py
[2025-04-29T17:55:25.091+0000] {processor.py:927} WARNING - No viable dags retrieved from /home/airflow/.local/lib/python3.11/site-packages/airflow/example_dags/plugins/listener_plugin.py
[2025-04-29T17:55:25.098+0000] {processor.py:208} INFO - Processing /home/airflow/.local/lib/python3.11/site-packages/airflow/example_dags/plugins/listener_plugin.py took 0.017 seconds
[2025-04-29T17:55:56.258+0000] {processor.py:186} INFO - Started process (PID=5509) to work on /home/airflow/.local/lib/python3.11/site-packages/airflow/example_dags/plugins/listener_plugin.py
[2025-04-29T17:55:56.259+0000] {processor.py:914} INFO - Processing file /home/airflow/.local/lib/python3.11/site-packages/airflow/example_dags/plugins/listener_plugin.py for tasks to queue
[2025-04-29T17:55:56.260+0000] {logging_mixin.py:190} INFO - [2025-04-29T17:55:56.260+0000] {dagbag.py:588} INFO - Filling up the DagBag from /home/airflow/.local/lib/python3.11/site-packages/airflow/example_dags/plugins/listener_plugin.py
[2025-04-29T17:55:56.261+0000] {processor.py:927} WARNING - No viable dags retrieved from /home/airflow/.local/lib/python3.11/site-packages/airflow/example_dags/plugins/listener_plugin.py
[2025-04-29T17:55:56.270+0000] {processor.py:208} INFO - Processing /home/airflow/.local/lib/python3.11/site-packages/airflow/example_dags/plugins/listener_plugin.py took 0.015 seconds
[2025-04-29T17:56:27.222+0000] {processor.py:186} INFO - Started process (PID=5582) to work on /home/airflow/.local/lib/python3.11/site-packages/airflow/example_dags/plugins/listener_plugin.py
[2025-04-29T17:56:27.222+0000] {processor.py:914} INFO - Processing file /home/airflow/.local/lib/python3.11/site-packages/airflow/example_dags/plugins/listener_plugin.py for tasks to queue
[2025-04-29T17:56:27.224+0000] {logging_mixin.py:190} INFO - [2025-04-29T17:56:27.224+0000] {dagbag.py:588} INFO - Filling up the DagBag from /home/airflow/.local/lib/python3.11/site-packages/airflow/example_dags/plugins/listener_plugin.py
[2025-04-29T17:56:27.226+0000] {processor.py:927} WARNING - No viable dags retrieved from /home/airflow/.local/lib/python3.11/site-packages/airflow/example_dags/plugins/listener_plugin.py
[2025-04-29T17:56:27.232+0000] {processor.py:208} INFO - Processing /home/airflow/.local/lib/python3.11/site-packages/airflow/example_dags/plugins/listener_plugin.py took 0.016 seconds
[2025-04-29T17:57:03.938+0000] {processor.py:186} INFO - Started process (PID=5655) to work on /home/airflow/.local/lib/python3.11/site-packages/airflow/example_dags/plugins/listener_plugin.py
[2025-04-29T17:57:03.940+0000] {processor.py:914} INFO - Processing file /home/airflow/.local/lib/python3.11/site-packages/airflow/example_dags/plugins/listener_plugin.py for tasks to queue
[2025-04-29T17:57:03.943+0000] {logging_mixin.py:190} INFO - [2025-04-29T17:57:03.942+0000] {dagbag.py:588} INFO - Filling up the DagBag from /home/airflow/.local/lib/python3.11/site-packages/airflow/example_dags/plugins/listener_plugin.py
[2025-04-29T17:57:03.944+0000] {processor.py:927} WARNING - No viable dags retrieved from /home/airflow/.local/lib/python3.11/site-packages/airflow/example_dags/plugins/listener_plugin.py
[2025-04-29T17:57:03.960+0000] {processor.py:208} INFO - Processing /home/airflow/.local/lib/python3.11/site-packages/airflow/example_dags/plugins/listener_plugin.py took 0.029 seconds
[2025-04-29T17:57:37.430+0000] {processor.py:186} INFO - Started process (PID=5728) to work on /home/airflow/.local/lib/python3.11/site-packages/airflow/example_dags/plugins/listener_plugin.py
[2025-04-29T17:57:37.434+0000] {processor.py:914} INFO - Processing file /home/airflow/.local/lib/python3.11/site-packages/airflow/example_dags/plugins/listener_plugin.py for tasks to queue
[2025-04-29T17:57:37.439+0000] {logging_mixin.py:190} INFO - [2025-04-29T17:57:37.438+0000] {dagbag.py:588} INFO - Filling up the DagBag from /home/airflow/.local/lib/python3.11/site-packages/airflow/example_dags/plugins/listener_plugin.py
[2025-04-29T17:57:37.449+0000] {processor.py:927} WARNING - No viable dags retrieved from /home/airflow/.local/lib/python3.11/site-packages/airflow/example_dags/plugins/listener_plugin.py
[2025-04-29T17:57:37.475+0000] {processor.py:208} INFO - Processing /home/airflow/.local/lib/python3.11/site-packages/airflow/example_dags/plugins/listener_plugin.py took 0.066 seconds
[2025-04-29T17:58:07.607+0000] {processor.py:186} INFO - Started process (PID=5793) to work on /home/airflow/.local/lib/python3.11/site-packages/airflow/example_dags/plugins/listener_plugin.py
[2025-04-29T17:58:07.608+0000] {processor.py:914} INFO - Processing file /home/airflow/.local/lib/python3.11/site-packages/airflow/example_dags/plugins/listener_plugin.py for tasks to queue
[2025-04-29T17:58:07.610+0000] {logging_mixin.py:190} INFO - [2025-04-29T17:58:07.609+0000] {dagbag.py:588} INFO - Filling up the DagBag from /home/airflow/.local/lib/python3.11/site-packages/airflow/example_dags/plugins/listener_plugin.py
[2025-04-29T17:58:07.611+0000] {processor.py:927} WARNING - No viable dags retrieved from /home/airflow/.local/lib/python3.11/site-packages/airflow/example_dags/plugins/listener_plugin.py
[2025-04-29T17:58:07.619+0000] {processor.py:208} INFO - Processing /home/airflow/.local/lib/python3.11/site-packages/airflow/example_dags/plugins/listener_plugin.py took 0.016 seconds
