[2025-05-01T10:05:41.152+0000] {local_task_job_runner.py:123} INFO - ::group::Pre task execution logs
[2025-05-01T10:05:41.164+0000] {taskinstance.py:2613} INFO - Dependencies all met for dep_context=non-requeueable deps ti=<TaskInstance: retrain_on_drift.merge_datasets manual__2025-05-01T10:05:18.497543+00:00 [queued]>
[2025-05-01T10:05:41.168+0000] {taskinstance.py:2613} INFO - Dependencies all met for dep_context=requeueable deps ti=<TaskInstance: retrain_on_drift.merge_datasets manual__2025-05-01T10:05:18.497543+00:00 [queued]>
[2025-05-01T10:05:41.168+0000] {taskinstance.py:2866} INFO - Starting attempt 1 of 1
[2025-05-01T10:05:41.175+0000] {taskinstance.py:2889} INFO - Executing <Task(BashOperator): merge_datasets> on 2025-05-01 10:05:18.497543+00:00
[2025-05-01T10:05:41.199+0000] {standard_task_runner.py:72} INFO - Started process 180 to run task
[2025-05-01T10:05:41.202+0000] {standard_task_runner.py:104} INFO - Running: ['***', 'tasks', 'run', 'retrain_on_drift', 'merge_datasets', 'manual__2025-05-01T10:05:18.497543+00:00', '--job-id', '264', '--raw', '--subdir', 'DAGS_FOLDER/drift_retrain_dag.py', '--cfg-path', '/tmp/tmpes7juvy_']
[2025-05-01T10:05:41.203+0000] {standard_task_runner.py:105} INFO - Job 264: Subtask merge_datasets
[2025-05-01T10:05:41.230+0000] {task_command.py:467} INFO - Running <TaskInstance: retrain_on_drift.merge_datasets manual__2025-05-01T10:05:18.497543+00:00 [running]> on host 289469d7a9c7
[2025-05-01T10:05:41.275+0000] {taskinstance.py:3132} INFO - Exporting env vars: AIRFLOW_CTX_DAG_OWNER='***' AIRFLOW_CTX_DAG_ID='retrain_on_drift' AIRFLOW_CTX_TASK_ID='merge_datasets' AIRFLOW_CTX_EXECUTION_DATE='2025-05-01T10:05:18.497543+00:00' AIRFLOW_CTX_TRY_NUMBER='1' AIRFLOW_CTX_DAG_RUN_ID='manual__2025-05-01T10:05:18.497543+00:00'
[2025-05-01T10:05:41.277+0000] {logging_mixin.py:190} INFO - Task instance is in running state
[2025-05-01T10:05:41.277+0000] {logging_mixin.py:190} INFO -  Previous state of the Task instance: queued
[2025-05-01T10:05:41.278+0000] {logging_mixin.py:190} INFO - Current task name:merge_datasets state:running start_date:2025-05-01 10:05:41.164523+00:00
[2025-05-01T10:05:41.278+0000] {logging_mixin.py:190} INFO - Dag name:retrain_on_drift and current dag run status:running
[2025-05-01T10:05:41.278+0000] {taskinstance.py:731} INFO - ::endgroup::
[2025-05-01T10:05:41.279+0000] {subprocess.py:78} INFO - Tmp dir root location: /tmp
[2025-05-01T10:05:41.282+0000] {subprocess.py:88} INFO - Running command: ['/usr/bin/bash', '-c', 'python /opt/***/scripts/merge_versions.py v2']
[2025-05-01T10:05:41.298+0000] {subprocess.py:99} INFO - Output:
[2025-05-01T10:05:53.199+0000] {subprocess.py:110} INFO - Command exited with return code 0
[2025-05-01T10:05:53.307+0000] {taskinstance.py:340} INFO - ::group::Post task execution logs
[2025-05-01T10:05:53.307+0000] {taskinstance.py:352} INFO - Marking task as SUCCESS. dag_id=retrain_on_drift, task_id=merge_datasets, run_id=manual__2025-05-01T10:05:18.497543+00:00, execution_date=20250501T100518, start_date=20250501T100541, end_date=20250501T100553
[2025-05-01T10:05:53.321+0000] {logging_mixin.py:190} INFO - Task instance in success state
[2025-05-01T10:05:53.321+0000] {logging_mixin.py:190} INFO -  Previous state of the Task instance: running
[2025-05-01T10:05:53.321+0000] {logging_mixin.py:190} INFO - Dag name:retrain_on_drift queued_at:2025-05-01 10:05:18.535533+00:00
[2025-05-01T10:05:53.322+0000] {logging_mixin.py:190} INFO - Task hostname:289469d7a9c7 operator:BashOperator
[2025-05-01T10:05:53.355+0000] {local_task_job_runner.py:266} INFO - Task exited with return code 0
[2025-05-01T10:05:53.408+0000] {taskinstance.py:3895} INFO - 1 downstream tasks scheduled from follow-on schedule check
[2025-05-01T10:05:53.408+0000] {local_task_job_runner.py:245} INFO - ::endgroup::
