[2025-04-30T20:07:18.735+0000] {local_task_job_runner.py:123} INFO - ::group::Pre task execution logs
[2025-04-30T20:07:18.760+0000] {taskinstance.py:2613} INFO - Dependencies all met for dep_context=non-requeueable deps ti=<TaskInstance: retrain_on_drift.featurize manual__2025-04-30T20:06:43.956178+00:00 [queued]>
[2025-04-30T20:07:18.770+0000] {taskinstance.py:2613} INFO - Dependencies all met for dep_context=requeueable deps ti=<TaskInstance: retrain_on_drift.featurize manual__2025-04-30T20:06:43.956178+00:00 [queued]>
[2025-04-30T20:07:18.771+0000] {taskinstance.py:2866} INFO - Starting attempt 1 of 1
[2025-04-30T20:07:18.787+0000] {taskinstance.py:2889} INFO - Executing <Task(BashOperator): featurize> on 2025-04-30 20:06:43.956178+00:00
[2025-04-30T20:07:18.823+0000] {standard_task_runner.py:72} INFO - Started process 1055 to run task
[2025-04-30T20:07:18.831+0000] {standard_task_runner.py:104} INFO - Running: ['***', 'tasks', 'run', 'retrain_on_drift', 'featurize', 'manual__2025-04-30T20:06:43.956178+00:00', '--job-id', '255', '--raw', '--subdir', 'DAGS_FOLDER/drift_retrain_dag.py', '--cfg-path', '/tmp/tmp48jk9wqi']
[2025-04-30T20:07:18.833+0000] {standard_task_runner.py:105} INFO - Job 255: Subtask featurize
[2025-04-30T20:07:18.879+0000] {task_command.py:467} INFO - Running <TaskInstance: retrain_on_drift.featurize manual__2025-04-30T20:06:43.956178+00:00 [running]> on host 3ca66a66642a
[2025-04-30T20:07:18.951+0000] {taskinstance.py:3132} INFO - Exporting env vars: AIRFLOW_CTX_DAG_OWNER='***' AIRFLOW_CTX_DAG_ID='retrain_on_drift' AIRFLOW_CTX_TASK_ID='featurize' AIRFLOW_CTX_EXECUTION_DATE='2025-04-30T20:06:43.956178+00:00' AIRFLOW_CTX_TRY_NUMBER='1' AIRFLOW_CTX_DAG_RUN_ID='manual__2025-04-30T20:06:43.956178+00:00'
[2025-04-30T20:07:18.955+0000] {logging_mixin.py:190} INFO - Task instance is in running state
[2025-04-30T20:07:18.956+0000] {logging_mixin.py:190} INFO -  Previous state of the Task instance: queued
[2025-04-30T20:07:18.956+0000] {logging_mixin.py:190} INFO - Current task name:featurize state:running start_date:2025-04-30 20:07:18.761246+00:00
[2025-04-30T20:07:18.957+0000] {logging_mixin.py:190} INFO - Dag name:retrain_on_drift and current dag run status:running
[2025-04-30T20:07:18.957+0000] {taskinstance.py:731} INFO - ::endgroup::
[2025-04-30T20:07:18.959+0000] {subprocess.py:78} INFO - Tmp dir root location: /tmp
[2025-04-30T20:07:18.961+0000] {subprocess.py:88} INFO - Running command: ['/usr/bin/bash', '-c', 'python /opt/***/scripts/featurize.py /opt/***/data/merged/current.csv /opt/***/data/processed/train.parquet']
[2025-04-30T20:07:18.979+0000] {subprocess.py:99} INFO - Output:
[2025-04-30T20:07:23.274+0000] {subprocess.py:106} INFO - Featurization complete: 518,670 rows, 45 columns – saved → /opt/***/data/processed/train.parquet
[2025-04-30T20:07:23.445+0000] {subprocess.py:110} INFO - Command exited with return code 0
[2025-04-30T20:07:23.525+0000] {taskinstance.py:340} INFO - ::group::Post task execution logs
[2025-04-30T20:07:23.526+0000] {taskinstance.py:352} INFO - Marking task as SUCCESS. dag_id=retrain_on_drift, task_id=featurize, run_id=manual__2025-04-30T20:06:43.956178+00:00, execution_date=20250430T200643, start_date=20250430T200718, end_date=20250430T200723
[2025-04-30T20:07:23.542+0000] {logging_mixin.py:190} INFO - Task instance in success state
[2025-04-30T20:07:23.542+0000] {logging_mixin.py:190} INFO -  Previous state of the Task instance: running
[2025-04-30T20:07:23.543+0000] {logging_mixin.py:190} INFO - Dag name:retrain_on_drift queued_at:2025-04-30 20:06:43.990395+00:00
[2025-04-30T20:07:23.543+0000] {logging_mixin.py:190} INFO - Task hostname:3ca66a66642a operator:BashOperator
[2025-04-30T20:07:23.592+0000] {local_task_job_runner.py:266} INFO - Task exited with return code 0
[2025-04-30T20:07:23.640+0000] {taskinstance.py:3895} INFO - 1 downstream tasks scheduled from follow-on schedule check
[2025-04-30T20:07:23.641+0000] {local_task_job_runner.py:245} INFO - ::endgroup::
