[2025-04-30T20:07:58.273+0000] {local_task_job_runner.py:123} INFO - ::group::Pre task execution logs
[2025-04-30T20:07:58.286+0000] {taskinstance.py:2613} INFO - Dependencies all met for dep_context=non-requeueable deps ti=<TaskInstance: retrain_on_drift.push_pipeline_metrics manual__2025-04-30T20:06:43.956178+00:00 [queued]>
[2025-04-30T20:07:58.291+0000] {taskinstance.py:2613} INFO - Dependencies all met for dep_context=requeueable deps ti=<TaskInstance: retrain_on_drift.push_pipeline_metrics manual__2025-04-30T20:06:43.956178+00:00 [queued]>
[2025-04-30T20:07:58.292+0000] {taskinstance.py:2866} INFO - Starting attempt 1 of 1
[2025-04-30T20:07:58.301+0000] {taskinstance.py:2889} INFO - Executing <Task(PythonOperator): push_pipeline_metrics> on 2025-04-30 20:06:43.956178+00:00
[2025-04-30T20:07:58.325+0000] {standard_task_runner.py:72} INFO - Started process 1142 to run task
[2025-04-30T20:07:58.331+0000] {standard_task_runner.py:104} INFO - Running: ['***', 'tasks', 'run', 'retrain_on_drift', 'push_pipeline_metrics', 'manual__2025-04-30T20:06:43.956178+00:00', '--job-id', '257', '--raw', '--subdir', 'DAGS_FOLDER/drift_retrain_dag.py', '--cfg-path', '/tmp/tmplaexrrja']
[2025-04-30T20:07:58.333+0000] {standard_task_runner.py:105} INFO - Job 257: Subtask push_pipeline_metrics
[2025-04-30T20:07:58.382+0000] {task_command.py:467} INFO - Running <TaskInstance: retrain_on_drift.push_pipeline_metrics manual__2025-04-30T20:06:43.956178+00:00 [running]> on host 3ca66a66642a
[2025-04-30T20:07:58.437+0000] {taskinstance.py:3132} INFO - Exporting env vars: AIRFLOW_CTX_DAG_OWNER='***' AIRFLOW_CTX_DAG_ID='retrain_on_drift' AIRFLOW_CTX_TASK_ID='push_pipeline_metrics' AIRFLOW_CTX_EXECUTION_DATE='2025-04-30T20:06:43.956178+00:00' AIRFLOW_CTX_TRY_NUMBER='1' AIRFLOW_CTX_DAG_RUN_ID='manual__2025-04-30T20:06:43.956178+00:00'
[2025-04-30T20:07:58.438+0000] {logging_mixin.py:190} INFO - Task instance is in running state
[2025-04-30T20:07:58.439+0000] {logging_mixin.py:190} INFO -  Previous state of the Task instance: queued
[2025-04-30T20:07:58.439+0000] {logging_mixin.py:190} INFO - Current task name:push_pipeline_metrics state:running start_date:2025-04-30 20:07:58.287225+00:00
[2025-04-30T20:07:58.439+0000] {logging_mixin.py:190} INFO - Dag name:retrain_on_drift and current dag run status:running
[2025-04-30T20:07:58.439+0000] {taskinstance.py:731} INFO - ::endgroup::
[2025-04-30T20:07:58.711+0000] {python.py:240} INFO - Done. Returned value was: None
[2025-04-30T20:07:58.729+0000] {taskinstance.py:340} INFO - ::group::Post task execution logs
[2025-04-30T20:07:58.729+0000] {taskinstance.py:352} INFO - Marking task as SUCCESS. dag_id=retrain_on_drift, task_id=push_pipeline_metrics, run_id=manual__2025-04-30T20:06:43.956178+00:00, execution_date=20250430T200643, start_date=20250430T200758, end_date=20250430T200758
[2025-04-30T20:07:58.737+0000] {logging_mixin.py:190} INFO - Task instance in success state
[2025-04-30T20:07:58.738+0000] {logging_mixin.py:190} INFO -  Previous state of the Task instance: running
[2025-04-30T20:07:58.738+0000] {logging_mixin.py:190} INFO - Dag name:retrain_on_drift queued_at:2025-04-30 20:06:43.990395+00:00
[2025-04-30T20:07:58.738+0000] {logging_mixin.py:190} INFO - Task hostname:3ca66a66642a operator:PythonOperator
[2025-04-30T20:07:58.769+0000] {local_task_job_runner.py:266} INFO - Task exited with return code 0
[2025-04-30T20:07:58.801+0000] {taskinstance.py:3895} INFO - 0 downstream tasks scheduled from follow-on schedule check
[2025-04-30T20:07:58.802+0000] {local_task_job_runner.py:245} INFO - ::endgroup::
