[2025-04-29T17:10:08.424+0000] {local_task_job_runner.py:123} INFO - ::group::Pre task execution logs
[2025-04-29T17:10:08.431+0000] {taskinstance.py:2613} INFO - Dependencies all met for dep_context=non-requeueable deps ti=<TaskInstance: retrain_on_drift.featurize manual__2025-04-29T17:09:37.899896+00:00 [queued]>
[2025-04-29T17:10:08.433+0000] {taskinstance.py:2613} INFO - Dependencies all met for dep_context=requeueable deps ti=<TaskInstance: retrain_on_drift.featurize manual__2025-04-29T17:09:37.899896+00:00 [queued]>
[2025-04-29T17:10:08.434+0000] {taskinstance.py:2866} INFO - Starting attempt 1 of 1
[2025-04-29T17:10:08.438+0000] {taskinstance.py:2889} INFO - Executing <Task(BashOperator): featurize> on 2025-04-29 17:09:37.899896+00:00
[2025-04-29T17:10:08.453+0000] {standard_task_runner.py:72} INFO - Started process 140 to run task
[2025-04-29T17:10:08.455+0000] {standard_task_runner.py:104} INFO - Running: ['***', 'tasks', 'run', 'retrain_on_drift', 'featurize', 'manual__2025-04-29T17:09:37.899896+00:00', '--job-id', '223', '--raw', '--subdir', 'DAGS_FOLDER/drift_retrain_dag.py', '--cfg-path', '/tmp/tmpx8bfhgh9']
[2025-04-29T17:10:08.456+0000] {standard_task_runner.py:105} INFO - Job 223: Subtask featurize
[2025-04-29T17:10:08.483+0000] {task_command.py:467} INFO - Running <TaskInstance: retrain_on_drift.featurize manual__2025-04-29T17:09:37.899896+00:00 [running]> on host fca622891bf8
[2025-04-29T17:10:08.525+0000] {taskinstance.py:3132} INFO - Exporting env vars: AIRFLOW_CTX_DAG_OWNER='***' AIRFLOW_CTX_DAG_ID='retrain_on_drift' AIRFLOW_CTX_TASK_ID='featurize' AIRFLOW_CTX_EXECUTION_DATE='2025-04-29T17:09:37.899896+00:00' AIRFLOW_CTX_TRY_NUMBER='1' AIRFLOW_CTX_DAG_RUN_ID='manual__2025-04-29T17:09:37.899896+00:00'
[2025-04-29T17:10:08.526+0000] {logging_mixin.py:190} INFO - Task instance is in running state
[2025-04-29T17:10:08.527+0000] {logging_mixin.py:190} INFO -  Previous state of the Task instance: queued
[2025-04-29T17:10:08.527+0000] {logging_mixin.py:190} INFO - Current task name:featurize state:running start_date:2025-04-29 17:10:08.431390+00:00
[2025-04-29T17:10:08.527+0000] {logging_mixin.py:190} INFO - Dag name:retrain_on_drift and current dag run status:running
[2025-04-29T17:10:08.527+0000] {taskinstance.py:731} INFO - ::endgroup::
[2025-04-29T17:10:08.528+0000] {subprocess.py:78} INFO - Tmp dir root location: /tmp
[2025-04-29T17:10:08.529+0000] {subprocess.py:88} INFO - Running command: ['/usr/bin/bash', '-c', 'python /opt/***/scripts/featurize.py /opt/***/data/merged/current.csv /opt/***/data/processed/train.parquet']
[2025-04-29T17:10:08.537+0000] {subprocess.py:99} INFO - Output:
[2025-04-29T17:10:12.019+0000] {subprocess.py:106} INFO - Featurization complete: 518,670 rows, 45 columns – saved → /opt/***/data/processed/train.parquet
[2025-04-29T17:10:12.107+0000] {subprocess.py:110} INFO - Command exited with return code 0
[2025-04-29T17:10:12.147+0000] {taskinstance.py:340} INFO - ::group::Post task execution logs
[2025-04-29T17:10:12.148+0000] {taskinstance.py:352} INFO - Marking task as SUCCESS. dag_id=retrain_on_drift, task_id=featurize, run_id=manual__2025-04-29T17:09:37.899896+00:00, execution_date=20250429T170937, start_date=20250429T171008, end_date=20250429T171012
[2025-04-29T17:10:12.155+0000] {logging_mixin.py:190} INFO - Task instance in success state
[2025-04-29T17:10:12.155+0000] {logging_mixin.py:190} INFO -  Previous state of the Task instance: running
[2025-04-29T17:10:12.155+0000] {logging_mixin.py:190} INFO - Dag name:retrain_on_drift queued_at:2025-04-29 17:09:37.921130+00:00
[2025-04-29T17:10:12.156+0000] {logging_mixin.py:190} INFO - Task hostname:fca622891bf8 operator:BashOperator
[2025-04-29T17:10:12.178+0000] {local_task_job_runner.py:266} INFO - Task exited with return code 0
[2025-04-29T17:10:12.210+0000] {taskinstance.py:3895} INFO - 1 downstream tasks scheduled from follow-on schedule check
[2025-04-29T17:10:12.211+0000] {local_task_job_runner.py:245} INFO - ::endgroup::
