[2025-04-30T18:19:59.135+0000] {local_task_job_runner.py:123} INFO - ::group::Pre task execution logs
[2025-04-30T18:19:59.149+0000] {taskinstance.py:2613} INFO - Dependencies all met for dep_context=non-requeueable deps ti=<TaskInstance: retrain_on_drift.train_log_mlflow manual__2025-04-30T18:19:23.725091+00:00 [queued]>
[2025-04-30T18:19:59.152+0000] {taskinstance.py:2613} INFO - Dependencies all met for dep_context=requeueable deps ti=<TaskInstance: retrain_on_drift.train_log_mlflow manual__2025-04-30T18:19:23.725091+00:00 [queued]>
[2025-04-30T18:19:59.152+0000] {taskinstance.py:2866} INFO - Starting attempt 1 of 1
[2025-04-30T18:19:59.157+0000] {taskinstance.py:2889} INFO - Executing <Task(BashOperator): train_log_mlflow> on 2025-04-30 18:19:23.725091+00:00
[2025-04-30T18:19:59.176+0000] {standard_task_runner.py:72} INFO - Started process 213 to run task
[2025-04-30T18:19:59.179+0000] {standard_task_runner.py:104} INFO - Running: ['***', 'tasks', 'run', 'retrain_on_drift', 'train_log_mlflow', 'manual__2025-04-30T18:19:23.725091+00:00', '--job-id', '233', '--raw', '--subdir', 'DAGS_FOLDER/drift_retrain_dag.py', '--cfg-path', '/tmp/tmpffseh24_']
[2025-04-30T18:19:59.180+0000] {standard_task_runner.py:105} INFO - Job 233: Subtask train_log_mlflow
[2025-04-30T18:19:59.206+0000] {task_command.py:467} INFO - Running <TaskInstance: retrain_on_drift.train_log_mlflow manual__2025-04-30T18:19:23.725091+00:00 [running]> on host 9ba56f2b6828
[2025-04-30T18:19:59.246+0000] {taskinstance.py:3132} INFO - Exporting env vars: AIRFLOW_CTX_DAG_OWNER='***' AIRFLOW_CTX_DAG_ID='retrain_on_drift' AIRFLOW_CTX_TASK_ID='train_log_mlflow' AIRFLOW_CTX_EXECUTION_DATE='2025-04-30T18:19:23.725091+00:00' AIRFLOW_CTX_TRY_NUMBER='1' AIRFLOW_CTX_DAG_RUN_ID='manual__2025-04-30T18:19:23.725091+00:00'
[2025-04-30T18:19:59.247+0000] {logging_mixin.py:190} INFO - Task instance is in running state
[2025-04-30T18:19:59.247+0000] {logging_mixin.py:190} INFO -  Previous state of the Task instance: queued
[2025-04-30T18:19:59.247+0000] {logging_mixin.py:190} INFO - Current task name:train_log_mlflow state:running start_date:2025-04-30 18:19:59.149684+00:00
[2025-04-30T18:19:59.247+0000] {logging_mixin.py:190} INFO - Dag name:retrain_on_drift and current dag run status:running
[2025-04-30T18:19:59.247+0000] {taskinstance.py:731} INFO - ::endgroup::
[2025-04-30T18:19:59.248+0000] {subprocess.py:78} INFO - Tmp dir root location: /tmp
[2025-04-30T18:19:59.249+0000] {subprocess.py:88} INFO - Running command: ['/usr/bin/bash', '-c', 'python /opt/mlflow/train.py /opt/***/data/processed/train.parquet v2']
[2025-04-30T18:19:59.257+0000] {subprocess.py:99} INFO - Output:
[2025-04-30T18:20:02.197+0000] {subprocess.py:106} INFO - 2025/04/30 18:20:02 INFO mlflow.tracking.fluent: Experiment with name 'Fraud detection model training' does not exist. Creating a new experiment.
[2025-04-30T18:20:02.225+0000] {subprocess.py:106} INFO - 2025/04/30 18:20:02 WARNING mlflow.utils.autologging_utils: You are using an unsupported version of lightgbm. If you encounter errors during autologging, try upgrading / downgrading lightgbm to a supported version, or try upgrading MLflow.
[2025-04-30T18:20:03.957+0000] {subprocess.py:106} INFO - 2025/04/30 18:20:03 WARNING mlflow.utils.autologging_utils: MLflow autologging encountered a warning: "/home/***/.local/lib/python3.11/site-packages/mlflow/data/digest_utils.py:29: FutureWarning: DataFrame.applymap has been deprecated. Use DataFrame.map instead."
[2025-04-30T18:20:07.822+0000] {subprocess.py:106} INFO - 2025/04/30 18:20:07 WARNING mlflow.utils.autologging_utils: MLflow autologging encountered a warning: "/home/***/.local/lib/python3.11/site-packages/mlflow/types/utils.py:393: UserWarning: Hint: Inferred schema contains integer column(s). Integer columns in Python cannot represent missing values. If your input data contains missing values at inference time, it will be encoded as floats and will cause a schema enforcement error. The best way to avoid this problem is to infer the model schema based on a realistic data sample (training dataset) that includes missing values. Alternatively, you can declare integer columns as doubles (float64) whenever these columns may have missing values. See `Handling Integers With Missing Values <https://www.mlflow.org/docs/latest/models.html#handling-integers-with-missing-values>`_ for more details."
[2025-04-30T18:20:07.831+0000] {subprocess.py:106} INFO - 2025/04/30 18:20:07 WARNING mlflow.utils.autologging_utils: MLflow autologging encountered a warning: "/home/***/.local/lib/python3.11/site-packages/mlflow/data/digest_utils.py:29: FutureWarning: DataFrame.applymap has been deprecated. Use DataFrame.map instead."
[2025-04-30T18:20:08.499+0000] {subprocess.py:106} INFO - 2025/04/30 18:20:08 WARNING mlflow.utils.autologging_utils: MLflow autologging encountered a warning: "/home/***/.local/lib/python3.11/site-packages/mlflow/types/utils.py:393: UserWarning: Hint: Inferred schema contains integer column(s). Integer columns in Python cannot represent missing values. If your input data contains missing values at inference time, it will be encoded as floats and will cause a schema enforcement error. The best way to avoid this problem is to infer the model schema based on a realistic data sample (training dataset) that includes missing values. Alternatively, you can declare integer columns as doubles (float64) whenever these columns may have missing values. See `Handling Integers With Missing Values <https://www.mlflow.org/docs/latest/models.html#handling-integers-with-missing-values>`_ for more details."
[2025-04-30T18:20:12.386+0000] {subprocess.py:106} INFO - 2025/04/30 18:20:12 WARNING mlflow.utils.autologging_utils: MLflow autologging encountered a warning: "/home/***/.local/lib/python3.11/site-packages/mlflow/data/digest_utils.py:29: FutureWarning: DataFrame.applymap has been deprecated. Use DataFrame.map instead."
[2025-04-30T18:20:13.036+0000] {subprocess.py:106} INFO - 2025/04/30 18:20:13 WARNING mlflow.utils.autologging_utils: MLflow autologging encountered a warning: "/home/***/.local/lib/python3.11/site-packages/mlflow/types/utils.py:393: UserWarning: Hint: Inferred schema contains integer column(s). Integer columns in Python cannot represent missing values. If your input data contains missing values at inference time, it will be encoded as floats and will cause a schema enforcement error. The best way to avoid this problem is to infer the model schema based on a realistic data sample (training dataset) that includes missing values. Alternatively, you can declare integer columns as doubles (float64) whenever these columns may have missing values. See `Handling Integers With Missing Values <https://www.mlflow.org/docs/latest/models.html#handling-integers-with-missing-values>`_ for more details."
[2025-04-30T18:20:13.687+0000] {subprocess.py:106} INFO - 2025/04/30 18:20:13 WARNING mlflow.utils.autologging_utils: MLflow autologging encountered a warning: "/home/***/.local/lib/python3.11/site-packages/mlflow/data/digest_utils.py:29: FutureWarning: DataFrame.applymap has been deprecated. Use DataFrame.map instead."
[2025-04-30T18:20:14.579+0000] {subprocess.py:106} INFO - 2025/04/30 18:20:14 WARNING mlflow.utils.autologging_utils: MLflow autologging encountered a warning: "/home/***/.local/lib/python3.11/site-packages/mlflow/types/utils.py:393: UserWarning: Hint: Inferred schema contains integer column(s). Integer columns in Python cannot represent missing values. If your input data contains missing values at inference time, it will be encoded as floats and will cause a schema enforcement error. The best way to avoid this problem is to infer the model schema based on a realistic data sample (training dataset) that includes missing values. Alternatively, you can declare integer columns as doubles (float64) whenever these columns may have missing values. See `Handling Integers With Missing Values <https://www.mlflow.org/docs/latest/models.html#handling-integers-with-missing-values>`_ for more details."
[2025-04-30T18:20:17.217+0000] {subprocess.py:106} INFO - /home/***/.local/lib/python3.11/site-packages/scipy/stats/_stats_py.py:7335: RuntimeWarning: divide by zero encountered in divide
[2025-04-30T18:20:17.226+0000] {subprocess.py:106} INFO -   terms = (f_obs - f_exp)**2 / f_exp
[2025-04-30T18:20:17.274+0000] {subprocess.py:106} INFO - /home/***/.local/lib/python3.11/site-packages/scipy/stats/_stats_py.py:7335: RuntimeWarning: divide by zero encountered in divide
[2025-04-30T18:20:17.275+0000] {subprocess.py:106} INFO -   terms = (f_obs - f_exp)**2 / f_exp
[2025-04-30T18:20:17.313+0000] {subprocess.py:106} INFO - /home/***/.local/lib/python3.11/site-packages/scipy/stats/_stats_py.py:7335: RuntimeWarning: divide by zero encountered in divide
[2025-04-30T18:20:17.313+0000] {subprocess.py:106} INFO -   terms = (f_obs - f_exp)**2 / f_exp
[2025-04-30T18:20:17.323+0000] {subprocess.py:106} INFO - /home/***/.local/lib/python3.11/site-packages/scipy/stats/_stats_py.py:7335: RuntimeWarning: divide by zero encountered in divide
[2025-04-30T18:20:17.323+0000] {subprocess.py:106} INFO -   terms = (f_obs - f_exp)**2 / f_exp
[2025-04-30T18:20:17.338+0000] {subprocess.py:106} INFO - /home/***/.local/lib/python3.11/site-packages/scipy/stats/_stats_py.py:7335: RuntimeWarning: divide by zero encountered in divide
[2025-04-30T18:20:17.339+0000] {subprocess.py:106} INFO -   terms = (f_obs - f_exp)**2 / f_exp
[2025-04-30T18:20:17.359+0000] {subprocess.py:106} INFO - /home/***/.local/lib/python3.11/site-packages/scipy/stats/_stats_py.py:7335: RuntimeWarning: divide by zero encountered in divide
[2025-04-30T18:20:17.359+0000] {subprocess.py:106} INFO -   terms = (f_obs - f_exp)**2 / f_exp
[2025-04-30T18:20:17.386+0000] {subprocess.py:106} INFO - /home/***/.local/lib/python3.11/site-packages/scipy/stats/_stats_py.py:7335: RuntimeWarning: divide by zero encountered in divide
[2025-04-30T18:20:17.386+0000] {subprocess.py:106} INFO -   terms = (f_obs - f_exp)**2 / f_exp
[2025-04-30T18:20:17.421+0000] {subprocess.py:106} INFO - /home/***/.local/lib/python3.11/site-packages/scipy/stats/_stats_py.py:7335: RuntimeWarning: divide by zero encountered in divide
[2025-04-30T18:20:17.422+0000] {subprocess.py:106} INFO -   terms = (f_obs - f_exp)**2 / f_exp
[2025-04-30T18:20:17.728+0000] {subprocess.py:106} INFO - /home/***/.local/lib/python3.11/site-packages/scipy/stats/_stats_py.py:7335: RuntimeWarning: divide by zero encountered in divide
[2025-04-30T18:20:17.729+0000] {subprocess.py:106} INFO -   terms = (f_obs - f_exp)**2 / f_exp
[2025-04-30T18:20:18.170+0000] {subprocess.py:106} INFO - 2025/04/30 18:20:18 WARNING mlflow.utils.autologging_utils: MLflow autologging encountered a warning: "/home/***/.local/lib/python3.11/site-packages/mlflow/data/digest_utils.py:29: FutureWarning: DataFrame.applymap has been deprecated. Use DataFrame.map instead."
[2025-04-30T18:20:18.840+0000] {subprocess.py:106} INFO - 2025/04/30 18:20:18 WARNING mlflow.utils.autologging_utils: MLflow autologging encountered a warning: "/home/***/.local/lib/python3.11/site-packages/mlflow/types/utils.py:393: UserWarning: Hint: Inferred schema contains integer column(s). Integer columns in Python cannot represent missing values. If your input data contains missing values at inference time, it will be encoded as floats and will cause a schema enforcement error. The best way to avoid this problem is to infer the model schema based on a realistic data sample (training dataset) that includes missing values. Alternatively, you can declare integer columns as doubles (float64) whenever these columns may have missing values. See `Handling Integers With Missing Values <https://www.mlflow.org/docs/latest/models.html#handling-integers-with-missing-values>`_ for more details."
[2025-04-30T18:20:20.656+0000] {subprocess.py:106} INFO - 2025/04/30 18:20:20 WARNING mlflow.utils.requirements_utils: Detected one or more mismatches between the model's dependencies and the current Python environment:
[2025-04-30T18:20:20.661+0000] {subprocess.py:106} INFO -  - scikit-learn (current: 1.6.1, required: scikit-learn==1.4.1.post1)
[2025-04-30T18:20:20.662+0000] {subprocess.py:106} INFO -  - lightgbm (current: 4.6.0, required: lightgbm==4.3.0)
[2025-04-30T18:20:20.662+0000] {subprocess.py:106} INFO - To fix the mismatches, call `mlflow.pyfunc.get_model_dependencies(model_uri)` to fetch the model's environment and install dependencies using the resulting environment file.
[2025-04-30T18:20:20.851+0000] {subprocess.py:106} INFO - Successfully registered model 'fraud_model'.
[2025-04-30T18:20:20.877+0000] {subprocess.py:106} INFO - 2025/04/30 18:20:20 INFO mlflow.store.model_registry.abstract_store: Waiting up to 300 seconds for model version to finish creation. Model name: fraud_model, version 1
[2025-04-30T18:20:20.877+0000] {subprocess.py:106} INFO - Created version '1' of model 'fraud_model'.
[2025-04-30T18:20:20.878+0000] {subprocess.py:106} INFO - /opt/mlflow/train.py:136: FutureWarning: ``mlflow.tracking.client.MlflowClient.get_latest_versions`` is deprecated since 2.9.0. Model registry stages will be removed in a future major release. To learn more about the deprecation of model registry stages, see our migration guide here: https://mlflow.org/docs/2.10.2/model-registry.html#migrating-from-stages
[2025-04-30T18:20:20.878+0000] {subprocess.py:106} INFO -   latest = client.get_latest_versions("fraud_model", stages=["None"])[0]
[2025-04-30T18:20:20.884+0000] {subprocess.py:106} INFO - /opt/mlflow/train.py:137: FutureWarning: ``mlflow.tracking.client.MlflowClient.transition_model_version_stage`` is deprecated since 2.9.0. Model registry stages will be removed in a future major release. To learn more about the deprecation of model registry stages, see our migration guide here: https://mlflow.org/docs/2.10.2/model-registry.html#migrating-from-stages
[2025-04-30T18:20:20.884+0000] {subprocess.py:106} INFO -   client.transition_model_version_stage(
[2025-04-30T18:20:20.964+0000] {subprocess.py:106} INFO - [LightGBM] [Warning] bagging_freq is set=5, subsample_freq=0 will be ignored. Current value: bagging_freq=5
[2025-04-30T18:20:20.964+0000] {subprocess.py:106} INFO - [LightGBM] [Warning] feature_fraction is set=0.8, colsample_bytree=1.0 will be ignored. Current value: feature_fraction=0.8
[2025-04-30T18:20:20.964+0000] {subprocess.py:106} INFO - [LightGBM] [Warning] bagging_fraction is set=0.8, subsample=1.0 will be ignored. Current value: bagging_fraction=0.8
[2025-04-30T18:20:20.965+0000] {subprocess.py:106} INFO - [LightGBM] [Warning] bagging_freq is set=5, subsample_freq=0 will be ignored. Current value: bagging_freq=5
[2025-04-30T18:20:20.965+0000] {subprocess.py:106} INFO - [LightGBM] [Warning] feature_fraction is set=0.8, colsample_bytree=1.0 will be ignored. Current value: feature_fraction=0.8
[2025-04-30T18:20:20.965+0000] {subprocess.py:106} INFO - [LightGBM] [Warning] bagging_fraction is set=0.8, subsample=1.0 will be ignored. Current value: bagging_fraction=0.8
[2025-04-30T18:20:20.965+0000] {subprocess.py:106} INFO - [LightGBM] [Warning] bagging_freq is set=5, subsample_freq=0 will be ignored. Current value: bagging_freq=5
[2025-04-30T18:20:20.966+0000] {subprocess.py:106} INFO - [LightGBM] [Warning] feature_fraction is set=0.8, colsample_bytree=1.0 will be ignored. Current value: feature_fraction=0.8
[2025-04-30T18:20:20.966+0000] {subprocess.py:106} INFO - [LightGBM] [Warning] bagging_fraction is set=0.8, subsample=1.0 will be ignored. Current value: bagging_fraction=0.8
[2025-04-30T18:20:20.966+0000] {subprocess.py:106} INFO - [50]	valid_0's auc: 0.994214	valid_0's binary_logloss: 0.0525906
[2025-04-30T18:20:20.966+0000] {subprocess.py:106} INFO - [100]	valid_0's auc: 0.99451	valid_0's binary_logloss: 0.0359186
[2025-04-30T18:20:20.966+0000] {subprocess.py:106} INFO - [LightGBM] [Warning] bagging_freq is set=5, subsample_freq=0 will be ignored. Current value: bagging_freq=5
[2025-04-30T18:20:20.966+0000] {subprocess.py:106} INFO - [LightGBM] [Warning] feature_fraction is set=0.8, colsample_bytree=1.0 will be ignored. Current value: feature_fraction=0.8
[2025-04-30T18:20:20.967+0000] {subprocess.py:106} INFO - [LightGBM] [Warning] bagging_fraction is set=0.8, subsample=1.0 will be ignored. Current value: bagging_fraction=0.8
[2025-04-30T18:20:20.967+0000] {subprocess.py:106} INFO - [LightGBM] [Warning] bagging_freq is set=5, subsample_freq=0 will be ignored. Current value: bagging_freq=5
[2025-04-30T18:20:20.967+0000] {subprocess.py:106} INFO - [LightGBM] [Warning] feature_fraction is set=0.8, colsample_bytree=1.0 will be ignored. Current value: feature_fraction=0.8
[2025-04-30T18:20:20.967+0000] {subprocess.py:106} INFO - [LightGBM] [Warning] bagging_fraction is set=0.8, subsample=1.0 will be ignored. Current value: bagging_fraction=0.8
[2025-04-30T18:20:20.967+0000] {subprocess.py:106} INFO - [LightGBM] [Warning] bagging_freq is set=5, subsample_freq=0 will be ignored. Current value: bagging_freq=5
[2025-04-30T18:20:20.968+0000] {subprocess.py:106} INFO - [LightGBM] [Warning] feature_fraction is set=0.8, colsample_bytree=1.0 will be ignored. Current value: feature_fraction=0.8
[2025-04-30T18:20:20.968+0000] {subprocess.py:106} INFO - [LightGBM] [Warning] bagging_fraction is set=0.8, subsample=1.0 will be ignored. Current value: bagging_fraction=0.8
[2025-04-30T18:20:20.968+0000] {subprocess.py:106} INFO - 🚀 Promoted fraud_model v1 to Production
[2025-04-30T18:20:21.640+0000] {subprocess.py:110} INFO - Command exited with return code 0
[2025-04-30T18:20:21.689+0000] {taskinstance.py:340} INFO - ::group::Post task execution logs
[2025-04-30T18:20:21.690+0000] {taskinstance.py:352} INFO - Marking task as SUCCESS. dag_id=retrain_on_drift, task_id=train_log_mlflow, run_id=manual__2025-04-30T18:19:23.725091+00:00, execution_date=20250430T181923, start_date=20250430T181959, end_date=20250430T182021
[2025-04-30T18:20:21.701+0000] {logging_mixin.py:190} INFO - Task instance in success state
[2025-04-30T18:20:21.702+0000] {logging_mixin.py:190} INFO -  Previous state of the Task instance: running
[2025-04-30T18:20:21.702+0000] {logging_mixin.py:190} INFO - Dag name:retrain_on_drift queued_at:2025-04-30 18:19:23.749978+00:00
[2025-04-30T18:20:21.702+0000] {logging_mixin.py:190} INFO - Task hostname:9ba56f2b6828 operator:BashOperator
[2025-04-30T18:20:21.740+0000] {local_task_job_runner.py:266} INFO - Task exited with return code 0
[2025-04-30T18:20:21.777+0000] {taskinstance.py:3895} INFO - 0 downstream tasks scheduled from follow-on schedule check
[2025-04-30T18:20:21.778+0000] {local_task_job_runner.py:245} INFO - ::endgroup::
