[2025-05-01T10:06:55.094+0000] {local_task_job_runner.py:123} INFO - ::group::Pre task execution logs
[2025-05-01T10:06:55.138+0000] {taskinstance.py:2613} INFO - Dependencies all met for dep_context=non-requeueable deps ti=<TaskInstance: retrain_on_drift.push_pipeline_metrics manual__2025-05-01T10:05:18.497543+00:00 [queued]>
[2025-05-01T10:06:55.149+0000] {taskinstance.py:2613} INFO - Dependencies all met for dep_context=requeueable deps ti=<TaskInstance: retrain_on_drift.push_pipeline_metrics manual__2025-05-01T10:05:18.497543+00:00 [queued]>
[2025-05-01T10:06:55.150+0000] {taskinstance.py:2866} INFO - Starting attempt 1 of 1
[2025-05-01T10:06:55.171+0000] {taskinstance.py:2889} INFO - Executing <Task(PythonOperator): push_pipeline_metrics> on 2025-05-01 10:05:18.497543+00:00
[2025-05-01T10:06:55.320+0000] {standard_task_runner.py:72} INFO - Started process 297 to run task
[2025-05-01T10:06:55.356+0000] {standard_task_runner.py:104} INFO - Running: ['***', 'tasks', 'run', 'retrain_on_drift', 'push_pipeline_metrics', 'manual__2025-05-01T10:05:18.497543+00:00', '--job-id', '267', '--raw', '--subdir', 'DAGS_FOLDER/drift_retrain_dag.py', '--cfg-path', '/tmp/tmpb4kqizkp']
[2025-05-01T10:06:55.368+0000] {standard_task_runner.py:105} INFO - Job 267: Subtask push_pipeline_metrics
[2025-05-01T10:06:55.505+0000] {task_command.py:467} INFO - Running <TaskInstance: retrain_on_drift.push_pipeline_metrics manual__2025-05-01T10:05:18.497543+00:00 [running]> on host 289469d7a9c7
[2025-05-01T10:06:55.700+0000] {taskinstance.py:3132} INFO - Exporting env vars: AIRFLOW_CTX_DAG_OWNER='***' AIRFLOW_CTX_DAG_ID='retrain_on_drift' AIRFLOW_CTX_TASK_ID='push_pipeline_metrics' AIRFLOW_CTX_EXECUTION_DATE='2025-05-01T10:05:18.497543+00:00' AIRFLOW_CTX_TRY_NUMBER='1' AIRFLOW_CTX_DAG_RUN_ID='manual__2025-05-01T10:05:18.497543+00:00'
[2025-05-01T10:06:55.706+0000] {logging_mixin.py:190} INFO - Task instance is in running state
[2025-05-01T10:06:55.706+0000] {logging_mixin.py:190} INFO -  Previous state of the Task instance: queued
[2025-05-01T10:06:55.708+0000] {logging_mixin.py:190} INFO - Current task name:push_pipeline_metrics state:running start_date:2025-05-01 10:06:55.139123+00:00
[2025-05-01T10:06:55.708+0000] {logging_mixin.py:190} INFO - Dag name:retrain_on_drift and current dag run status:running
[2025-05-01T10:06:55.708+0000] {taskinstance.py:731} INFO - ::endgroup::
[2025-05-01T10:06:57.927+0000] {python.py:240} INFO - Done. Returned value was: None
[2025-05-01T10:06:58.067+0000] {taskinstance.py:340} INFO - ::group::Post task execution logs
[2025-05-01T10:06:58.080+0000] {taskinstance.py:352} INFO - Marking task as SUCCESS. dag_id=retrain_on_drift, task_id=push_pipeline_metrics, run_id=manual__2025-05-01T10:05:18.497543+00:00, execution_date=20250501T100518, start_date=20250501T100655, end_date=20250501T100658
[2025-05-01T10:06:58.161+0000] {logging_mixin.py:190} INFO - Task instance in success state
[2025-05-01T10:06:58.164+0000] {logging_mixin.py:190} INFO -  Previous state of the Task instance: running
[2025-05-01T10:06:58.165+0000] {logging_mixin.py:190} INFO - Dag name:retrain_on_drift queued_at:2025-05-01 10:05:18.535533+00:00
[2025-05-01T10:06:58.165+0000] {logging_mixin.py:190} INFO - Task hostname:289469d7a9c7 operator:PythonOperator
[2025-05-01T10:06:58.455+0000] {local_task_job_runner.py:266} INFO - Task exited with return code 0
[2025-05-01T10:06:58.606+0000] {taskinstance.py:3895} INFO - 0 downstream tasks scheduled from follow-on schedule check
[2025-05-01T10:06:58.613+0000] {local_task_job_runner.py:245} INFO - ::endgroup::
