[2025-04-30T18:19:50.773+0000] {local_task_job_runner.py:123} INFO - ::group::Pre task execution logs
[2025-04-30T18:19:50.780+0000] {taskinstance.py:2613} INFO - Dependencies all met for dep_context=non-requeueable deps ti=<TaskInstance: retrain_on_drift.featurize manual__2025-04-30T18:19:23.725091+00:00 [queued]>
[2025-04-30T18:19:50.783+0000] {taskinstance.py:2613} INFO - Dependencies all met for dep_context=requeueable deps ti=<TaskInstance: retrain_on_drift.featurize manual__2025-04-30T18:19:23.725091+00:00 [queued]>
[2025-04-30T18:19:50.783+0000] {taskinstance.py:2866} INFO - Starting attempt 1 of 1
[2025-04-30T18:19:50.788+0000] {taskinstance.py:2889} INFO - Executing <Task(BashOperator): featurize> on 2025-04-30 18:19:23.725091+00:00
[2025-04-30T18:19:50.801+0000] {standard_task_runner.py:72} INFO - Started process 176 to run task
[2025-04-30T18:19:50.804+0000] {standard_task_runner.py:104} INFO - Running: ['***', 'tasks', 'run', 'retrain_on_drift', 'featurize', 'manual__2025-04-30T18:19:23.725091+00:00', '--job-id', '232', '--raw', '--subdir', 'DAGS_FOLDER/drift_retrain_dag.py', '--cfg-path', '/tmp/tmpcsi63uwm']
[2025-04-30T18:19:50.805+0000] {standard_task_runner.py:105} INFO - Job 232: Subtask featurize
[2025-04-30T18:19:50.827+0000] {task_command.py:467} INFO - Running <TaskInstance: retrain_on_drift.featurize manual__2025-04-30T18:19:23.725091+00:00 [running]> on host 9ba56f2b6828
[2025-04-30T18:19:50.865+0000] {taskinstance.py:3132} INFO - Exporting env vars: AIRFLOW_CTX_DAG_OWNER='***' AIRFLOW_CTX_DAG_ID='retrain_on_drift' AIRFLOW_CTX_TASK_ID='featurize' AIRFLOW_CTX_EXECUTION_DATE='2025-04-30T18:19:23.725091+00:00' AIRFLOW_CTX_TRY_NUMBER='1' AIRFLOW_CTX_DAG_RUN_ID='manual__2025-04-30T18:19:23.725091+00:00'
[2025-04-30T18:19:50.866+0000] {logging_mixin.py:190} INFO - Task instance is in running state
[2025-04-30T18:19:50.866+0000] {logging_mixin.py:190} INFO -  Previous state of the Task instance: queued
[2025-04-30T18:19:50.866+0000] {logging_mixin.py:190} INFO - Current task name:featurize state:running start_date:2025-04-30 18:19:50.780565+00:00
[2025-04-30T18:19:50.866+0000] {logging_mixin.py:190} INFO - Dag name:retrain_on_drift and current dag run status:running
[2025-04-30T18:19:50.866+0000] {taskinstance.py:731} INFO - ::endgroup::
[2025-04-30T18:19:50.867+0000] {subprocess.py:78} INFO - Tmp dir root location: /tmp
[2025-04-30T18:19:50.868+0000] {subprocess.py:88} INFO - Running command: ['/usr/bin/bash', '-c', 'python /opt/***/scripts/featurize.py /opt/***/data/merged/current.csv /opt/***/data/processed/train.parquet']
[2025-04-30T18:19:50.876+0000] {subprocess.py:99} INFO - Output:
[2025-04-30T18:19:55.610+0000] {subprocess.py:106} INFO - Featurization complete: 518,670 rows, 45 columns – saved → /opt/***/data/processed/train.parquet
[2025-04-30T18:19:55.687+0000] {subprocess.py:110} INFO - Command exited with return code 0
[2025-04-30T18:19:55.746+0000] {taskinstance.py:340} INFO - ::group::Post task execution logs
[2025-04-30T18:19:55.750+0000] {taskinstance.py:352} INFO - Marking task as SUCCESS. dag_id=retrain_on_drift, task_id=featurize, run_id=manual__2025-04-30T18:19:23.725091+00:00, execution_date=20250430T181923, start_date=20250430T181950, end_date=20250430T181955
[2025-04-30T18:19:55.760+0000] {logging_mixin.py:190} INFO - Task instance in success state
[2025-04-30T18:19:55.761+0000] {logging_mixin.py:190} INFO -  Previous state of the Task instance: running
[2025-04-30T18:19:55.761+0000] {logging_mixin.py:190} INFO - Dag name:retrain_on_drift queued_at:2025-04-30 18:19:23.749978+00:00
[2025-04-30T18:19:55.761+0000] {logging_mixin.py:190} INFO - Task hostname:9ba56f2b6828 operator:BashOperator
[2025-04-30T18:19:55.799+0000] {local_task_job_runner.py:266} INFO - Task exited with return code 0
[2025-04-30T18:19:55.808+0000] {standard_task_runner.py:217} INFO - Process not found (most likely exited), stop collecting metrics
[2025-04-30T18:19:55.841+0000] {taskinstance.py:3895} INFO - 1 downstream tasks scheduled from follow-on schedule check
[2025-04-30T18:19:55.843+0000] {local_task_job_runner.py:245} INFO - ::endgroup::
