[2025-04-29T15:05:28.787+0000] {local_task_job_runner.py:123} INFO - ::group::Pre task execution logs
[2025-04-29T15:05:28.806+0000] {taskinstance.py:2613} INFO - Dependencies all met for dep_context=non-requeueable deps ti=<TaskInstance: retrain_on_drift.branch_drift scheduled__2025-04-28T00:00:00+00:00 [queued]>
[2025-04-29T15:05:28.815+0000] {taskinstance.py:2613} INFO - Dependencies all met for dep_context=requeueable deps ti=<TaskInstance: retrain_on_drift.branch_drift scheduled__2025-04-28T00:00:00+00:00 [queued]>
[2025-04-29T15:05:28.815+0000] {taskinstance.py:2866} INFO - Starting attempt 1 of 1
[2025-04-29T15:05:28.825+0000] {taskinstance.py:2889} INFO - Executing <Task(_BranchPythonDecoratedOperator): branch_drift> on 2025-04-28 00:00:00+00:00
[2025-04-29T15:05:28.845+0000] {standard_task_runner.py:72} INFO - Started process 127 to run task
[2025-04-29T15:05:28.849+0000] {standard_task_runner.py:104} INFO - Running: ['***', 'tasks', 'run', 'retrain_on_drift', 'branch_drift', 'scheduled__2025-04-28T00:00:00+00:00', '--job-id', '210', '--raw', '--subdir', 'DAGS_FOLDER/drift_retrain_dag.py', '--cfg-path', '/tmp/tmpxv1ej6hh']
[2025-04-29T15:05:28.850+0000] {standard_task_runner.py:105} INFO - Job 210: Subtask branch_drift
[2025-04-29T15:05:28.896+0000] {task_command.py:467} INFO - Running <TaskInstance: retrain_on_drift.branch_drift scheduled__2025-04-28T00:00:00+00:00 [running]> on host c3379456a121
[2025-04-29T15:05:28.944+0000] {taskinstance.py:3132} INFO - Exporting env vars: AIRFLOW_CTX_DAG_OWNER='***' AIRFLOW_CTX_DAG_ID='retrain_on_drift' AIRFLOW_CTX_TASK_ID='branch_drift' AIRFLOW_CTX_EXECUTION_DATE='2025-04-28T00:00:00+00:00' AIRFLOW_CTX_TRY_NUMBER='1' AIRFLOW_CTX_DAG_RUN_ID='scheduled__2025-04-28T00:00:00+00:00'
[2025-04-29T15:05:28.945+0000] {logging_mixin.py:190} INFO - Task instance is in running state
[2025-04-29T15:05:28.946+0000] {logging_mixin.py:190} INFO -  Previous state of the Task instance: queued
[2025-04-29T15:05:28.946+0000] {logging_mixin.py:190} INFO - Current task name:branch_drift state:running start_date:2025-04-29 15:05:28.807531+00:00
[2025-04-29T15:05:28.946+0000] {logging_mixin.py:190} INFO - Dag name:retrain_on_drift and current dag run status:running
[2025-04-29T15:05:28.946+0000] {taskinstance.py:731} INFO - ::endgroup::
[2025-04-29T15:05:28.947+0000] {drift_retrain_dag.py:64} INFO - Starting drift check for version: v2
[2025-04-29T15:05:28.949+0000] {drift_retrain_dag.py:71} INFO - Baseline file: /opt/***/data/raw/v1/baseline.csv
[2025-04-29T15:05:28.949+0000] {drift_retrain_dag.py:72} INFO - New file:      /opt/***/data/raw/v2/latest.csv
[2025-04-29T15:05:30.345+0000] {drift_retrain_dag.py:77} INFO - Loaded baseline.csv: (259335, 23) in 1.39s
[2025-04-29T15:05:31.346+0000] {drift_retrain_dag.py:80} INFO - Loaded latest.csv:   (259335, 23) in 1.00s
[2025-04-29T15:05:31.429+0000] {drift_retrain_dag.py:86} INFO - Running DataDriftTable report…
[2025-04-29T15:05:31.537+0000] {warnings.py:110} WARNING - /home/***/.local/lib/python3.11/site-packages/scipy/stats/_stats_py.py:7335: RuntimeWarning: divide by zero encountered in divide
  terms = (f_obs - f_exp)**2 / f_exp

[2025-04-29T15:05:31.600+0000] {warnings.py:110} WARNING - /home/***/.local/lib/python3.11/site-packages/scipy/stats/_stats_py.py:7335: RuntimeWarning: divide by zero encountered in divide
  terms = (f_obs - f_exp)**2 / f_exp

[2025-04-29T15:05:31.666+0000] {warnings.py:110} WARNING - /home/***/.local/lib/python3.11/site-packages/scipy/stats/_stats_py.py:7335: RuntimeWarning: divide by zero encountered in divide
  terms = (f_obs - f_exp)**2 / f_exp

[2025-04-29T15:05:31.690+0000] {warnings.py:110} WARNING - /home/***/.local/lib/python3.11/site-packages/scipy/stats/_stats_py.py:7335: RuntimeWarning: divide by zero encountered in divide
  terms = (f_obs - f_exp)**2 / f_exp

[2025-04-29T15:05:31.731+0000] {warnings.py:110} WARNING - /home/***/.local/lib/python3.11/site-packages/scipy/stats/_stats_py.py:7335: RuntimeWarning: divide by zero encountered in divide
  terms = (f_obs - f_exp)**2 / f_exp

[2025-04-29T15:05:31.762+0000] {warnings.py:110} WARNING - /home/***/.local/lib/python3.11/site-packages/scipy/stats/_stats_py.py:7335: RuntimeWarning: divide by zero encountered in divide
  terms = (f_obs - f_exp)**2 / f_exp

[2025-04-29T15:05:31.814+0000] {warnings.py:110} WARNING - /home/***/.local/lib/python3.11/site-packages/scipy/stats/_stats_py.py:7335: RuntimeWarning: divide by zero encountered in divide
  terms = (f_obs - f_exp)**2 / f_exp

[2025-04-29T15:05:31.904+0000] {warnings.py:110} WARNING - /home/***/.local/lib/python3.11/site-packages/scipy/stats/_stats_py.py:7335: RuntimeWarning: divide by zero encountered in divide
  terms = (f_obs - f_exp)**2 / f_exp

[2025-04-29T15:05:32.877+0000] {warnings.py:110} WARNING - /home/***/.local/lib/python3.11/site-packages/scipy/stats/_stats_py.py:7335: RuntimeWarning: divide by zero encountered in divide
  terms = (f_obs - f_exp)**2 / f_exp

[2025-04-29T15:05:33.410+0000] {drift_retrain_dag.py:90} INFO - DataDriftTable computation took 1.98s
[2025-04-29T15:05:33.421+0000] {drift_retrain_dag.py:95} INFO - Drift detected; branching to merge_datasets
[2025-04-29T15:05:33.435+0000] {python.py:240} INFO - Done. Returned value was: merge_datasets
[2025-04-29T15:05:33.435+0000] {branch.py:38} INFO - Branch into merge_datasets
[2025-04-29T15:05:33.437+0000] {skipmixin.py:230} INFO - Following branch ('merge_datasets',)
[2025-04-29T15:05:33.459+0000] {skipmixin.py:278} INFO - Skipping tasks [('no_drift', -1)]
[2025-04-29T15:05:33.485+0000] {taskinstance.py:340} INFO - ::group::Post task execution logs
[2025-04-29T15:05:33.485+0000] {taskinstance.py:352} INFO - Marking task as SUCCESS. dag_id=retrain_on_drift, task_id=branch_drift, run_id=scheduled__2025-04-28T00:00:00+00:00, execution_date=20250428T000000, start_date=20250429T150528, end_date=20250429T150533
[2025-04-29T15:05:33.493+0000] {logging_mixin.py:190} INFO - Task instance in success state
[2025-04-29T15:05:33.493+0000] {logging_mixin.py:190} INFO -  Previous state of the Task instance: running
[2025-04-29T15:05:33.493+0000] {logging_mixin.py:190} INFO - Dag name:retrain_on_drift queued_at:2025-04-29 15:05:20.322295+00:00
[2025-04-29T15:05:33.493+0000] {logging_mixin.py:190} INFO - Task hostname:c3379456a121 operator:_BranchPythonDecoratedOperator
[2025-04-29T15:05:33.539+0000] {local_task_job_runner.py:266} INFO - Task exited with return code 0
[2025-04-29T15:05:33.601+0000] {taskinstance.py:3895} INFO - 1 downstream tasks scheduled from follow-on schedule check
[2025-04-29T15:05:33.602+0000] {local_task_job_runner.py:245} INFO - ::endgroup::
